0.6025 	WARNING 	We strongly recommend you activate the PTB sound engine in PsychoPy prefs as the preferred audio engine. Its timing is vastly superior. Your prefs are currently set to use ['sounddevice', 'PTB', 'pyo', 'pygame'] (in that order).
19.1187 	EXP 	Created fixation_2 = TextStim(__class__=<class 'psychopy.visual.text.TextStim'>, alignHoriz=method-wrapper(...), alignText='center', alignVert=method-wrapper(...), anchorHoriz='center', anchorVert='center', antialias=True, autoLog=True, bold=False, color=array([1, 1, 1]), colorSpace='rgb', contrast=1.0, depth=-2.0, flipHoriz=False, flipVert=False, font='Arial', fontFiles=[], height=0.05, italic=False, languageStyle='LTR', name='fixation_2', opacity=1, ori=0, pos=array([0., 0.]), rgb=UNKNOWN, text='+', units='height', win=Window(...), wrapWidth=1)
19.1926 	EXP 	Created Nbackinstructions = TextStim(__class__=<class 'psychopy.visual.text.TextStim'>, alignHoriz=method-wrapper(...), alignText='center', alignVert=method-wrapper(...), anchorHoriz='center', anchorVert='center', antialias=True, autoLog=True, bold=False, color=array([1, 1, 1]), colorSpace='rgb', contrast=1.0, depth=0, flipHoriz=False, flipVert=False, font='Arial', fontFiles=[], height=0.05, italic=False, languageStyle='LTR', name='Nbackinstructions', opacity=1, ori=0.0, pos=array([0., 0.]), rgb=UNKNOWN, text=str(...), units='height', win=Window(...), wrapWidth=1)
19.1962 	EXP 	Created fixation_2 = TextStim(__class__=<class 'psychopy.visual.text.TextStim'>, alignHoriz=method-wrapper(...), alignText='center', alignVert=method-wrapper(...), anchorHoriz='center', anchorVert='center', antialias=True, autoLog=True, bold=False, color=array([1, 1, 1]), colorSpace='rgb', contrast=1.0, depth=-2.0, flipHoriz=False, flipVert=False, font='Arial', fontFiles=[], height=0.05, italic=False, languageStyle='LTR', name='fixation_2', opacity=1, ori=0, pos=array([0., 0.]), rgb=UNKNOWN, text='+', units='height', win=Window(...), wrapWidth=1)
19.6248 	EXP 	Created grid_lines_2 = ImageStim(__class__=<class 'psychopy.visual.image.ImageStim'>, autoLog=True, color=array([1, 1, 1]), colorSpace='rgb', contrast=1.0, depth=0.0, flipHoriz=False, flipVert=False, image='grid.png', interpolate=True, mask=None, maskParams=None, name='grid_lines_2', opacity=1, ori=0.0, pos=array([0., 0.]), size=array([0.6, 0.6]), texRes=128, units='height', win=Window(...))
19.6285 	EXP 	Created target_square_2 = Rect(__class__=<class 'psychopy.visual.rect.Rect'>, autoDraw=False, autoLog=True, closeShape=True, color=method-wrapper(...), colorSpace='rgb', contrast=None, depth=-1.0, fillColor=array([1., 1., 1.]), fillColorSpace='rgb', fillRGB=UNKNOWN, interpolate=True, lineColor=array([0, 0, 0]), lineColorSpace='rgb', lineRGB=UNKNOWN, lineWidth=1, name='target_square_2', opacity=0.5, ori=0.0, pos=array([0., 0.]), size=array([0.15, 0.15]), units='height', vertices=ndarray(...), win=Window(...))
19.6322 	EXP 	Created fixation_3 = TextStim(__class__=<class 'psychopy.visual.text.TextStim'>, alignHoriz=method-wrapper(...), alignText='center', alignVert=method-wrapper(...), anchorHoriz='center', anchorVert='center', antialias=True, autoLog=True, bold=False, color=array([1, 1, 1]), colorSpace='rgb', contrast=1.0, depth=-2.0, flipHoriz=False, flipVert=False, font='Arial', fontFiles=[], height=0.05, italic=False, languageStyle='LTR', name='fixation_3', opacity=1, ori=0, pos=array([0., 0.]), rgb=UNKNOWN, text='+', units='height', win=Window(...), wrapWidth=1)
19.6330 	EXP 	window1: mouseVisible = True
19.6375 	EXP 	window1: mouseVisible = False
19.6380 	EXP 	Created sequence: sequential, trialTypes=2, nReps=1, seed=None
19.6385 	EXP 	New trial (rep=0, index=0): OrderedDict([('RestT1', 1), ('TaskT1', 0)])
19.6390 	EXP 	Created sequence: random, trialTypes=1, nReps=1, seed=None
19.6393 	EXP 	New trial (rep=0, index=0): None
19.6676 	EXP 	Created unnamed TextStim = TextStim(__class__=<class 'psychopy.visual.text.TextStim'>, alignHoriz=method-wrapper(...), alignText='center', alignVert=method-wrapper(...), anchorHoriz='center', anchorVert='center', antialias=True, autoLog=True, bold=False, color=array([-0.5, -0.5, -0.5]), colorSpace='rgb', contrast=1.0, depth=0, flipHoriz=False, flipVert=False, font='', fontFiles=[], height=0.05, italic=False, languageStyle='LTR', name='unnamed TextStim', opacity=1.0, ori=0.0, pos=array([0., 0.]), rgb=UNKNOWN, text=str(...), units='height', win=Window(...), wrapWidth=1)
101.4960 	DATA 	Keypress: s
101.5259 	EXP 	fixation_2: autoDraw = True
369.5292 	EXP 	Created unnamed TextStim = TextStim(__class__=<class 'psychopy.visual.text.TextStim'>, alignHoriz=method-wrapper(...), alignText='center', alignVert=method-wrapper(...), anchorHoriz='center', anchorVert='center', antialias=True, autoLog=True, bold=False, color=array([1., 1., 1.]), colorSpace='rgb', contrast=1.0, depth=0, flipHoriz=False, flipVert=False, font='', fontFiles=[], height=0.05, italic=False, languageStyle='LTR', name='unnamed TextStim', opacity=1.0, ori=0.0, pos=array([0., 0.]), rgb=UNKNOWN, text=str(...), units='height', win=Window(...), wrapWidth=1)
369.5449 	EXP 	fixation_2: autoDraw = False
371.7040 	DATA 	Keypress: e
371.7047 	EXP 	Created sequence: random, trialTypes=1, nReps=0, seed=None
371.7050 	EXP 	New trial (rep=0, index=1): OrderedDict([('RestT1', 0), ('TaskT1', 1)])
371.7053 	EXP 	Created sequence: random, trialTypes=1, nReps=0, seed=None
371.7056 	EXP 	Created sequence: random, trialTypes=1, nReps=1, seed=None
371.7060 	EXP 	New trial (rep=0, index=0): None
371.7283 	EXP 	Nbackinstructions: autoDraw = True
424.3698 	EXP 	Created unnamed TextStim = TextStim(__class__=<class 'psychopy.visual.text.TextStim'>, alignHoriz=method-wrapper(...), alignText='center', alignVert=method-wrapper(...), anchorHoriz='center', anchorVert='center', antialias=True, autoLog=True, bold=False, color=array([-0.5, -0.5, -0.5]), colorSpace='rgb', contrast=1.0, depth=0, flipHoriz=False, flipVert=False, font='', fontFiles=[], height=0.05, italic=False, languageStyle='LTR', name='unnamed TextStim', opacity=1.0, ori=0.0, pos=array([0., 0.]), rgb=UNKNOWN, text=str(...), units='height', win=Window(...), wrapWidth=1)
424.3714 	DATA 	Keypress: space
424.3787 	EXP 	Nbackinstructions: autoDraw = False
427.5359 	DATA 	Keypress: s
427.5930 	EXP 	Imported c:\Users\Dartmouth\Documents\GitHub\canlab\WASABI_public\fMRI Tasks\WASABI Task-T1\N-back-2.xlsx as conditions, 120 conditions, 3 params
427.5937 	EXP 	Created sequence: sequential, trialTypes=120, nReps=1, seed=None
427.5941 	EXP 	New trial (rep=0, index=0): {'square': 5, 'location': [0, 0], 'corrAns': None}
427.5945 	EXP 	window1: mouseVisible = False
427.5998 	EXP 	New trial (rep=0, index=1): {'square': 2, 'location': [0, 0.2], 'corrAns': None}
427.6002 	EXP 	window1: mouseVisible = False
427.6120 	EXP 	fixation_2: autoDraw = False
427.6120 	EXP 	target_square_2: pos = array([0., 0.])
427.6120 	EXP 	grid_lines_2: autoDraw = False
427.6120 	EXP 	target_square_2: autoDraw = False
427.6120 	EXP 	fixation_3: autoDraw = False
427.6120 	EXP 	target_square_2: pos = array([0. , 0.2])
427.6120 	EXP 	grid_lines_2: autoDraw = True
427.6120 	EXP 	target_square_2: autoDraw = True
428.5954 	EXP 	fixation_3: autoDraw = True
428.6120 	EXP 	target_square_2: autoDraw = False
429.3658 	EXP 	New trial (rep=0, index=2): {'square': 6, 'location': [0.2, 0], 'corrAns': None}
429.3662 	EXP 	window1: mouseVisible = False
429.3787 	EXP 	grid_lines_2: autoDraw = False
429.3787 	EXP 	target_square_2: autoDraw = False
429.3787 	EXP 	fixation_3: autoDraw = False
429.3787 	EXP 	target_square_2: pos = array([0.2, 0. ])
429.3787 	EXP 	grid_lines_2: autoDraw = True
429.3787 	EXP 	target_square_2: autoDraw = True
430.3621 	EXP 	fixation_3: autoDraw = True
430.3787 	EXP 	target_square_2: autoDraw = False
431.3621 	EXP 	fixation_3: autoDraw = False
431.3660 	EXP 	New trial (rep=0, index=3): {'square': 9, 'location': [0.2, -0.2], 'corrAns': None}
431.3665 	EXP 	window1: mouseVisible = False
431.3787 	EXP 	grid_lines_2: autoDraw = False
431.3787 	EXP 	target_square_2: autoDraw = False
431.3787 	EXP 	fixation_3: autoDraw = False
431.3787 	EXP 	target_square_2: pos = array([ 0.2, -0.2])
431.3787 	EXP 	grid_lines_2: autoDraw = True
431.3787 	EXP 	target_square_2: autoDraw = True
432.3621 	EXP 	fixation_3: autoDraw = True
432.3787 	EXP 	target_square_2: autoDraw = False
433.3621 	EXP 	fixation_3: autoDraw = False
433.3658 	EXP 	New trial (rep=0, index=4): {'square': 3, 'location': [0.2, 0.2], 'corrAns': None}
433.3662 	EXP 	window1: mouseVisible = False
433.3788 	EXP 	grid_lines_2: autoDraw = False
433.3788 	EXP 	target_square_2: autoDraw = False
433.3788 	EXP 	fixation_3: autoDraw = False
433.3788 	EXP 	target_square_2: pos = array([0.2, 0.2])
433.3788 	EXP 	grid_lines_2: autoDraw = True
433.3788 	EXP 	target_square_2: autoDraw = True
434.3621 	EXP 	fixation_3: autoDraw = True
434.3787 	EXP 	target_square_2: autoDraw = False
435.3621 	EXP 	fixation_3: autoDraw = False
435.3662 	EXP 	New trial (rep=0, index=5): {'square': 9, 'location': [0.2, -0.2], 'corrAns': 1}
435.3667 	EXP 	window1: mouseVisible = False
435.3788 	EXP 	grid_lines_2: autoDraw = False
435.3788 	EXP 	target_square_2: autoDraw = False
435.3788 	EXP 	fixation_3: autoDraw = False
435.3788 	EXP 	target_square_2: pos = array([ 0.2, -0.2])
435.3788 	EXP 	grid_lines_2: autoDraw = True
435.3788 	EXP 	target_square_2: autoDraw = True
436.1792 	DATA 	Mouse: Left button down, pos=(771,548)
436.3621 	EXP 	fixation_3: autoDraw = True
436.3788 	EXP 	target_square_2: autoDraw = False
436.6791 	DATA 	Mouse:  Left button up, pos=(761,551)
437.3621 	EXP 	fixation_3: autoDraw = False
437.3659 	EXP 	New trial (rep=0, index=6): {'square': 7, 'location': [-0.2, -0.2], 'corrAns': None}
437.3663 	EXP 	window1: mouseVisible = False
437.3788 	EXP 	grid_lines_2: autoDraw = False
437.3788 	EXP 	target_square_2: autoDraw = False
437.3788 	EXP 	fixation_3: autoDraw = False
437.3788 	EXP 	target_square_2: pos = array([-0.2, -0.2])
437.3788 	EXP 	grid_lines_2: autoDraw = True
437.3788 	EXP 	target_square_2: autoDraw = True
438.3621 	EXP 	fixation_3: autoDraw = True
438.3788 	EXP 	target_square_2: autoDraw = False
439.3621 	EXP 	fixation_3: autoDraw = False
439.3660 	EXP 	New trial (rep=0, index=7): {'square': 1, 'location': [-0.2, 0.2], 'corrAns': None}
439.3664 	EXP 	window1: mouseVisible = False
439.3788 	EXP 	grid_lines_2: autoDraw = False
439.3788 	EXP 	target_square_2: autoDraw = False
439.3788 	EXP 	fixation_3: autoDraw = False
439.3788 	EXP 	target_square_2: pos = array([-0.2,  0.2])
439.3788 	EXP 	grid_lines_2: autoDraw = True
439.3788 	EXP 	target_square_2: autoDraw = True
440.3621 	EXP 	fixation_3: autoDraw = True
440.3788 	EXP 	target_square_2: autoDraw = False
441.3621 	EXP 	fixation_3: autoDraw = False
441.3659 	EXP 	New trial (rep=0, index=8): {'square': 5, 'location': [0, 0], 'corrAns': None}
441.3662 	EXP 	window1: mouseVisible = False
441.3788 	EXP 	grid_lines_2: autoDraw = False
441.3788 	EXP 	target_square_2: autoDraw = False
441.3788 	EXP 	fixation_3: autoDraw = False
441.3788 	EXP 	target_square_2: pos = array([0., 0.])
441.3788 	EXP 	grid_lines_2: autoDraw = True
441.3788 	EXP 	target_square_2: autoDraw = True
442.3621 	EXP 	fixation_3: autoDraw = True
442.3788 	EXP 	target_square_2: autoDraw = False
443.3621 	EXP 	fixation_3: autoDraw = False
443.3662 	EXP 	New trial (rep=0, index=9): {'square': 7, 'location': [-0.2, -0.2], 'corrAns': None}
443.3667 	EXP 	window1: mouseVisible = False
443.3788 	EXP 	grid_lines_2: autoDraw = False
443.3788 	EXP 	target_square_2: autoDraw = False
443.3788 	EXP 	fixation_3: autoDraw = False
443.3788 	EXP 	target_square_2: pos = array([-0.2, -0.2])
443.3788 	EXP 	grid_lines_2: autoDraw = True
443.3788 	EXP 	target_square_2: autoDraw = True
444.3622 	EXP 	fixation_3: autoDraw = True
444.3788 	EXP 	target_square_2: autoDraw = False
445.3622 	EXP 	fixation_3: autoDraw = False
445.3659 	EXP 	New trial (rep=0, index=10): {'square': 5, 'location': [0, 0], 'corrAns': 1}
445.3663 	EXP 	window1: mouseVisible = False
445.3788 	EXP 	grid_lines_2: autoDraw = False
445.3788 	EXP 	target_square_2: autoDraw = False
445.3788 	EXP 	fixation_3: autoDraw = False
445.3788 	EXP 	target_square_2: pos = array([0., 0.])
445.3788 	EXP 	grid_lines_2: autoDraw = True
445.3788 	EXP 	target_square_2: autoDraw = True
446.0958 	DATA 	Mouse: Left button down, pos=(761,551)
446.3622 	EXP 	fixation_3: autoDraw = True
446.3788 	EXP 	target_square_2: autoDraw = False
446.5624 	DATA 	Mouse:  Left button up, pos=(761,554)
447.3622 	EXP 	fixation_3: autoDraw = False
447.3661 	EXP 	New trial (rep=0, index=11): {'square': 6, 'location': [0.2, 0], 'corrAns': None}
447.3666 	EXP 	window1: mouseVisible = False
447.3788 	EXP 	grid_lines_2: autoDraw = False
447.3788 	EXP 	target_square_2: autoDraw = False
447.3788 	EXP 	fixation_3: autoDraw = False
447.3788 	EXP 	target_square_2: pos = array([0.2, 0. ])
447.3788 	EXP 	grid_lines_2: autoDraw = True
447.3788 	EXP 	target_square_2: autoDraw = True
448.3622 	EXP 	fixation_3: autoDraw = True
448.3789 	EXP 	target_square_2: autoDraw = False
449.3622 	EXP 	fixation_3: autoDraw = False
449.3660 	EXP 	New trial (rep=0, index=12): {'square': 3, 'location': [0.2, 0.2], 'corrAns': None}
449.3665 	EXP 	window1: mouseVisible = False
449.3788 	EXP 	grid_lines_2: autoDraw = False
449.3788 	EXP 	target_square_2: autoDraw = False
449.3788 	EXP 	fixation_3: autoDraw = False
449.3788 	EXP 	target_square_2: pos = array([0.2, 0.2])
449.3788 	EXP 	grid_lines_2: autoDraw = True
449.3788 	EXP 	target_square_2: autoDraw = True
450.3621 	EXP 	fixation_3: autoDraw = True
450.3789 	EXP 	target_square_2: autoDraw = False
451.3622 	EXP 	fixation_3: autoDraw = False
451.3659 	EXP 	New trial (rep=0, index=13): {'square': 6, 'location': [0.2, 0], 'corrAns': 1}
451.3663 	EXP 	window1: mouseVisible = False
451.3789 	EXP 	grid_lines_2: autoDraw = False
451.3789 	EXP 	target_square_2: autoDraw = False
451.3789 	EXP 	fixation_3: autoDraw = False
451.3789 	EXP 	target_square_2: pos = array([0.2, 0. ])
451.3789 	EXP 	grid_lines_2: autoDraw = True
451.3789 	EXP 	target_square_2: autoDraw = True
452.0459 	DATA 	Mouse: Left button down, pos=(758,553)
452.3622 	EXP 	fixation_3: autoDraw = True
452.3789 	EXP 	target_square_2: autoDraw = False
452.5458 	DATA 	Mouse:  Left button up, pos=(758,553)
453.3622 	EXP 	fixation_3: autoDraw = False
453.3659 	EXP 	New trial (rep=0, index=14): {'square': 8, 'location': [0, -0.2], 'corrAns': None}
453.3664 	EXP 	window1: mouseVisible = False
453.3789 	EXP 	grid_lines_2: autoDraw = False
453.3789 	EXP 	target_square_2: autoDraw = False
453.3789 	EXP 	fixation_3: autoDraw = False
453.3789 	EXP 	target_square_2: pos = array([ 0. , -0.2])
453.3789 	EXP 	grid_lines_2: autoDraw = True
453.3789 	EXP 	target_square_2: autoDraw = True
454.3622 	EXP 	fixation_3: autoDraw = True
454.3789 	EXP 	target_square_2: autoDraw = False
455.3622 	EXP 	fixation_3: autoDraw = False
455.3659 	EXP 	New trial (rep=0, index=15): {'square': 9, 'location': [0.2, -0.2], 'corrAns': None}
455.3664 	EXP 	window1: mouseVisible = False
455.3789 	EXP 	grid_lines_2: autoDraw = False
455.3789 	EXP 	target_square_2: autoDraw = False
455.3789 	EXP 	fixation_3: autoDraw = False
455.3789 	EXP 	target_square_2: pos = array([ 0.2, -0.2])
455.3789 	EXP 	grid_lines_2: autoDraw = True
455.3789 	EXP 	target_square_2: autoDraw = True
456.3622 	EXP 	fixation_3: autoDraw = True
456.3789 	EXP 	target_square_2: autoDraw = False
457.3623 	EXP 	fixation_3: autoDraw = False
457.3660 	EXP 	New trial (rep=0, index=16): {'square': 9, 'location': [0.2, -0.2], 'corrAns': None}
457.3665 	EXP 	window1: mouseVisible = False
457.3789 	EXP 	grid_lines_2: autoDraw = False
457.3789 	EXP 	target_square_2: autoDraw = False
457.3789 	EXP 	fixation_3: autoDraw = False
457.3789 	EXP 	target_square_2: pos = array([ 0.2, -0.2])
457.3789 	EXP 	grid_lines_2: autoDraw = True
457.3789 	EXP 	target_square_2: autoDraw = True
458.3623 	EXP 	fixation_3: autoDraw = True
458.3789 	EXP 	target_square_2: autoDraw = False
459.3623 	EXP 	fixation_3: autoDraw = False
459.3661 	EXP 	New trial (rep=0, index=17): {'square': 1, 'location': [-0.2, 0.2], 'corrAns': None}
459.3666 	EXP 	window1: mouseVisible = False
459.3789 	EXP 	grid_lines_2: autoDraw = False
459.3789 	EXP 	target_square_2: autoDraw = False
459.3789 	EXP 	fixation_3: autoDraw = False
459.3789 	EXP 	target_square_2: pos = array([-0.2,  0.2])
459.3789 	EXP 	grid_lines_2: autoDraw = True
459.3789 	EXP 	target_square_2: autoDraw = True
460.3623 	EXP 	fixation_3: autoDraw = True
460.3789 	EXP 	target_square_2: autoDraw = False
461.3623 	EXP 	fixation_3: autoDraw = False
461.3660 	EXP 	New trial (rep=0, index=18): {'square': 3, 'location': [0.2, 0.2], 'corrAns': None}
461.3664 	EXP 	window1: mouseVisible = False
461.3789 	EXP 	grid_lines_2: autoDraw = False
461.3789 	EXP 	target_square_2: autoDraw = False
461.3789 	EXP 	fixation_3: autoDraw = False
461.3789 	EXP 	target_square_2: pos = array([0.2, 0.2])
461.3789 	EXP 	grid_lines_2: autoDraw = True
461.3789 	EXP 	target_square_2: autoDraw = True
462.3623 	EXP 	fixation_3: autoDraw = True
462.3789 	EXP 	target_square_2: autoDraw = False
463.3623 	EXP 	fixation_3: autoDraw = False
463.3660 	EXP 	New trial (rep=0, index=19): {'square': 5, 'location': [0, 0], 'corrAns': None}
463.3664 	EXP 	window1: mouseVisible = False
463.3790 	EXP 	grid_lines_2: autoDraw = False
463.3790 	EXP 	target_square_2: autoDraw = False
463.3790 	EXP 	fixation_3: autoDraw = False
463.3790 	EXP 	target_square_2: pos = array([0., 0.])
463.3790 	EXP 	grid_lines_2: autoDraw = True
463.3790 	EXP 	target_square_2: autoDraw = True
464.3623 	EXP 	fixation_3: autoDraw = True
464.3790 	EXP 	target_square_2: autoDraw = False
465.3623 	EXP 	fixation_3: autoDraw = False
465.3661 	EXP 	New trial (rep=0, index=20): {'square': 3, 'location': [0.2, 0.2], 'corrAns': 1}
465.3666 	EXP 	window1: mouseVisible = False
465.3790 	EXP 	grid_lines_2: autoDraw = False
465.3790 	EXP 	target_square_2: autoDraw = False
465.3790 	EXP 	fixation_3: autoDraw = False
465.3790 	EXP 	target_square_2: pos = array([0.2, 0.2])
465.3790 	EXP 	grid_lines_2: autoDraw = True
465.3790 	EXP 	target_square_2: autoDraw = True
465.8127 	DATA 	Mouse: Left button down, pos=(763,546)
466.3293 	DATA 	Mouse:  Left button up, pos=(763,547)
466.3623 	EXP 	fixation_3: autoDraw = True
466.3790 	EXP 	target_square_2: autoDraw = False
467.3623 	EXP 	fixation_3: autoDraw = False
467.3666 	EXP 	New trial (rep=0, index=21): {'square': 4, 'location': [-0.2, 0], 'corrAns': None}
467.3670 	EXP 	window1: mouseVisible = False
467.3790 	EXP 	grid_lines_2: autoDraw = False
467.3790 	EXP 	target_square_2: autoDraw = False
467.3790 	EXP 	fixation_3: autoDraw = False
467.3790 	EXP 	target_square_2: pos = array([-0.2,  0. ])
467.3790 	EXP 	grid_lines_2: autoDraw = True
467.3790 	EXP 	target_square_2: autoDraw = True
468.3623 	EXP 	fixation_3: autoDraw = True
468.3790 	EXP 	target_square_2: autoDraw = False
469.3624 	EXP 	fixation_3: autoDraw = False
469.3661 	EXP 	New trial (rep=0, index=22): {'square': 7, 'location': [-0.2, -0.2], 'corrAns': None}
469.3666 	EXP 	window1: mouseVisible = False
469.3790 	EXP 	grid_lines_2: autoDraw = False
469.3790 	EXP 	target_square_2: autoDraw = False
469.3790 	EXP 	fixation_3: autoDraw = False
469.3790 	EXP 	target_square_2: pos = array([-0.2, -0.2])
469.3790 	EXP 	grid_lines_2: autoDraw = True
469.3790 	EXP 	target_square_2: autoDraw = True
470.3623 	EXP 	fixation_3: autoDraw = True
470.3790 	EXP 	target_square_2: autoDraw = False
471.3624 	EXP 	fixation_3: autoDraw = False
471.3660 	EXP 	New trial (rep=0, index=23): {'square': 4, 'location': [-0.2, 0], 'corrAns': 1}
471.3665 	EXP 	window1: mouseVisible = False
471.3790 	EXP 	grid_lines_2: autoDraw = False
471.3790 	EXP 	target_square_2: autoDraw = False
471.3790 	EXP 	fixation_3: autoDraw = False
471.3790 	EXP 	target_square_2: pos = array([-0.2,  0. ])
471.3790 	EXP 	grid_lines_2: autoDraw = True
471.3790 	EXP 	target_square_2: autoDraw = True
471.7626 	DATA 	Mouse: Left button down, pos=(763,546)
472.3624 	EXP 	fixation_3: autoDraw = True
472.3627 	DATA 	Mouse:  Left button up, pos=(763,546)
472.3790 	EXP 	target_square_2: autoDraw = False
473.3624 	EXP 	fixation_3: autoDraw = False
473.3661 	EXP 	New trial (rep=0, index=24): {'square': 4, 'location': [-0.2, 0], 'corrAns': None}
473.3666 	EXP 	window1: mouseVisible = False
473.3790 	EXP 	grid_lines_2: autoDraw = False
473.3790 	EXP 	target_square_2: autoDraw = False
473.3790 	EXP 	fixation_3: autoDraw = False
473.3790 	EXP 	target_square_2: pos = array([-0.2,  0. ])
473.3790 	EXP 	grid_lines_2: autoDraw = True
473.3790 	EXP 	target_square_2: autoDraw = True
474.3624 	EXP 	fixation_3: autoDraw = True
474.3791 	EXP 	target_square_2: autoDraw = False
475.3624 	EXP 	fixation_3: autoDraw = False
475.3664 	EXP 	New trial (rep=0, index=25): {'square': 5, 'location': [0, 0], 'corrAns': None}
475.3668 	EXP 	window1: mouseVisible = False
475.3790 	EXP 	grid_lines_2: autoDraw = False
475.3790 	EXP 	target_square_2: autoDraw = False
475.3790 	EXP 	fixation_3: autoDraw = False
475.3790 	EXP 	target_square_2: pos = array([0., 0.])
475.3790 	EXP 	grid_lines_2: autoDraw = True
475.3790 	EXP 	target_square_2: autoDraw = True
476.3624 	EXP 	fixation_3: autoDraw = True
476.3790 	EXP 	target_square_2: autoDraw = False
477.3624 	EXP 	fixation_3: autoDraw = False
477.3662 	EXP 	New trial (rep=0, index=26): {'square': 2, 'location': [0, 0.2], 'corrAns': None}
477.3667 	EXP 	window1: mouseVisible = False
477.3791 	EXP 	grid_lines_2: autoDraw = False
477.3791 	EXP 	target_square_2: autoDraw = False
477.3791 	EXP 	fixation_3: autoDraw = False
477.3791 	EXP 	target_square_2: pos = array([0. , 0.2])
477.3791 	EXP 	grid_lines_2: autoDraw = True
477.3791 	EXP 	target_square_2: autoDraw = True
478.3624 	EXP 	fixation_3: autoDraw = True
478.3791 	EXP 	target_square_2: autoDraw = False
479.3624 	EXP 	fixation_3: autoDraw = False
479.3661 	EXP 	New trial (rep=0, index=27): {'square': 6, 'location': [0.2, 0], 'corrAns': None}
479.3666 	EXP 	window1: mouseVisible = False
479.3791 	EXP 	grid_lines_2: autoDraw = False
479.3791 	EXP 	target_square_2: autoDraw = False
479.3791 	EXP 	fixation_3: autoDraw = False
479.3791 	EXP 	target_square_2: pos = array([0.2, 0. ])
479.3791 	EXP 	grid_lines_2: autoDraw = True
479.3791 	EXP 	target_square_2: autoDraw = True
480.3624 	EXP 	fixation_3: autoDraw = True
480.3791 	EXP 	target_square_2: autoDraw = False
481.3624 	EXP 	fixation_3: autoDraw = False
481.3661 	EXP 	New trial (rep=0, index=28): {'square': 7, 'location': [-0.2, -0.2], 'corrAns': None}
481.3666 	EXP 	window1: mouseVisible = False
481.3791 	EXP 	grid_lines_2: autoDraw = False
481.3791 	EXP 	target_square_2: autoDraw = False
481.3791 	EXP 	fixation_3: autoDraw = False
481.3791 	EXP 	target_square_2: pos = array([-0.2, -0.2])
481.3791 	EXP 	grid_lines_2: autoDraw = True
481.3791 	EXP 	target_square_2: autoDraw = True
482.3624 	EXP 	fixation_3: autoDraw = True
482.3791 	EXP 	target_square_2: autoDraw = False
483.3625 	EXP 	fixation_3: autoDraw = False
483.3662 	EXP 	New trial (rep=0, index=29): {'square': 6, 'location': [0.2, 0], 'corrAns': 1}
483.3667 	EXP 	window1: mouseVisible = False
483.3790 	EXP 	grid_lines_2: autoDraw = False
483.3790 	EXP 	target_square_2: autoDraw = False
483.3790 	EXP 	fixation_3: autoDraw = False
483.3790 	EXP 	target_square_2: pos = array([0.2, 0. ])
483.3790 	EXP 	grid_lines_2: autoDraw = True
483.3790 	EXP 	target_square_2: autoDraw = True
483.8294 	DATA 	Mouse: Left button down, pos=(759,545)
484.3625 	EXP 	fixation_3: autoDraw = True
484.3791 	EXP 	target_square_2: autoDraw = False
484.3794 	DATA 	Mouse:  Left button up, pos=(750,539)
485.3625 	EXP 	fixation_3: autoDraw = False
485.3662 	EXP 	New trial (rep=0, index=30): {'square': 6, 'location': [0.2, 0], 'corrAns': None}
485.3667 	EXP 	window1: mouseVisible = False
485.3791 	EXP 	grid_lines_2: autoDraw = False
485.3791 	EXP 	target_square_2: autoDraw = False
485.3791 	EXP 	fixation_3: autoDraw = False
485.3791 	EXP 	target_square_2: pos = array([0.2, 0. ])
485.3791 	EXP 	grid_lines_2: autoDraw = True
485.3791 	EXP 	target_square_2: autoDraw = True
486.3625 	EXP 	fixation_3: autoDraw = True
486.3791 	EXP 	target_square_2: autoDraw = False
487.3625 	EXP 	fixation_3: autoDraw = False
487.3664 	EXP 	New trial (rep=0, index=31): {'square': 7, 'location': [-0.2, -0.2], 'corrAns': None}
487.3668 	EXP 	window1: mouseVisible = False
487.3791 	EXP 	grid_lines_2: autoDraw = False
487.3791 	EXP 	target_square_2: autoDraw = False
487.3791 	EXP 	fixation_3: autoDraw = False
487.3791 	EXP 	target_square_2: pos = array([-0.2, -0.2])
487.3791 	EXP 	grid_lines_2: autoDraw = True
487.3791 	EXP 	target_square_2: autoDraw = True
488.3625 	EXP 	fixation_3: autoDraw = True
488.3791 	EXP 	target_square_2: autoDraw = False
489.3625 	EXP 	fixation_3: autoDraw = False
489.3666 	EXP 	New trial (rep=0, index=32): {'square': 6, 'location': [0.2, 0], 'corrAns': 1}
489.3670 	EXP 	window1: mouseVisible = False
489.3792 	EXP 	grid_lines_2: autoDraw = False
489.3792 	EXP 	target_square_2: autoDraw = False
489.3792 	EXP 	fixation_3: autoDraw = False
489.3792 	EXP 	target_square_2: pos = array([0.2, 0. ])
489.3792 	EXP 	grid_lines_2: autoDraw = True
489.3792 	EXP 	target_square_2: autoDraw = True
489.9795 	DATA 	Mouse: Left button down, pos=(750,539)
490.3625 	EXP 	fixation_3: autoDraw = True
490.3792 	EXP 	target_square_2: autoDraw = False
490.5628 	DATA 	Mouse:  Left button up, pos=(750,539)
491.3625 	EXP 	fixation_3: autoDraw = False
491.3663 	EXP 	New trial (rep=0, index=33): {'square': 2, 'location': [0, 0.2], 'corrAns': None}
491.3668 	EXP 	window1: mouseVisible = False
491.3792 	EXP 	grid_lines_2: autoDraw = False
491.3792 	EXP 	target_square_2: autoDraw = False
491.3792 	EXP 	fixation_3: autoDraw = False
491.3792 	EXP 	target_square_2: pos = array([0. , 0.2])
491.3792 	EXP 	grid_lines_2: autoDraw = True
491.3792 	EXP 	target_square_2: autoDraw = True
492.3625 	EXP 	fixation_3: autoDraw = True
492.3792 	EXP 	target_square_2: autoDraw = False
493.3625 	EXP 	fixation_3: autoDraw = False
493.3664 	EXP 	New trial (rep=0, index=34): {'square': 5, 'location': [0, 0], 'corrAns': None}
493.3668 	EXP 	window1: mouseVisible = False
493.3792 	EXP 	grid_lines_2: autoDraw = False
493.3792 	EXP 	target_square_2: autoDraw = False
493.3792 	EXP 	fixation_3: autoDraw = False
493.3792 	EXP 	target_square_2: pos = array([0., 0.])
493.3792 	EXP 	grid_lines_2: autoDraw = True
493.3792 	EXP 	target_square_2: autoDraw = True
494.3625 	EXP 	fixation_3: autoDraw = True
494.3792 	EXP 	target_square_2: autoDraw = False
495.3625 	EXP 	fixation_3: autoDraw = False
495.3662 	EXP 	New trial (rep=0, index=35): {'square': 4, 'location': [-0.2, 0], 'corrAns': None}
495.3667 	EXP 	window1: mouseVisible = False
495.3792 	EXP 	grid_lines_2: autoDraw = False
495.3792 	EXP 	target_square_2: autoDraw = False
495.3792 	EXP 	fixation_3: autoDraw = False
495.3792 	EXP 	target_square_2: pos = array([-0.2,  0. ])
495.3792 	EXP 	grid_lines_2: autoDraw = True
495.3792 	EXP 	target_square_2: autoDraw = True
496.3625 	EXP 	fixation_3: autoDraw = True
496.3792 	EXP 	target_square_2: autoDraw = False
497.3625 	EXP 	fixation_3: autoDraw = False
497.3662 	EXP 	New trial (rep=0, index=36): {'square': 4, 'location': [-0.2, 0], 'corrAns': None}
497.3667 	EXP 	window1: mouseVisible = False
497.3792 	EXP 	grid_lines_2: autoDraw = False
497.3792 	EXP 	target_square_2: autoDraw = False
497.3792 	EXP 	fixation_3: autoDraw = False
497.3792 	EXP 	target_square_2: pos = array([-0.2,  0. ])
497.3792 	EXP 	grid_lines_2: autoDraw = True
497.3792 	EXP 	target_square_2: autoDraw = True
498.3626 	EXP 	fixation_3: autoDraw = True
498.3792 	EXP 	target_square_2: autoDraw = False
499.3626 	EXP 	fixation_3: autoDraw = False
499.3663 	EXP 	New trial (rep=0, index=37): {'square': 7, 'location': [-0.2, -0.2], 'corrAns': None}
499.3668 	EXP 	window1: mouseVisible = False
499.3792 	EXP 	grid_lines_2: autoDraw = False
499.3792 	EXP 	target_square_2: autoDraw = False
499.3792 	EXP 	fixation_3: autoDraw = False
499.3792 	EXP 	target_square_2: pos = array([-0.2, -0.2])
499.3792 	EXP 	grid_lines_2: autoDraw = True
499.3792 	EXP 	target_square_2: autoDraw = True
500.3626 	EXP 	fixation_3: autoDraw = True
500.3792 	EXP 	target_square_2: autoDraw = False
501.3626 	EXP 	fixation_3: autoDraw = False
501.3663 	EXP 	New trial (rep=0, index=38): {'square': 4, 'location': [-0.2, 0], 'corrAns': 1}
501.3668 	EXP 	window1: mouseVisible = False
501.3792 	EXP 	grid_lines_2: autoDraw = False
501.3792 	EXP 	target_square_2: autoDraw = False
501.3792 	EXP 	fixation_3: autoDraw = False
501.3792 	EXP 	target_square_2: pos = array([-0.2,  0. ])
501.3792 	EXP 	grid_lines_2: autoDraw = True
501.3792 	EXP 	target_square_2: autoDraw = True
502.3626 	EXP 	fixation_3: autoDraw = True
502.3792 	EXP 	target_square_2: autoDraw = False
502.6129 	DATA 	Mouse: Left button down, pos=(750,539)
503.0462 	DATA 	Mouse:  Left button up, pos=(750,539)
503.3626 	EXP 	fixation_3: autoDraw = False
503.3663 	EXP 	New trial (rep=0, index=39): {'square': 3, 'location': [0.2, 0.2], 'corrAns': None}
503.3667 	EXP 	window1: mouseVisible = False
503.3793 	EXP 	grid_lines_2: autoDraw = False
503.3793 	EXP 	target_square_2: autoDraw = False
503.3793 	EXP 	fixation_3: autoDraw = False
503.3793 	EXP 	target_square_2: pos = array([0.2, 0.2])
503.3793 	EXP 	grid_lines_2: autoDraw = True
503.3793 	EXP 	target_square_2: autoDraw = True
504.3626 	EXP 	fixation_3: autoDraw = True
504.3793 	EXP 	target_square_2: autoDraw = False
505.3626 	EXP 	fixation_3: autoDraw = False
505.3664 	EXP 	New trial (rep=0, index=40): {'square': 5, 'location': [0, 0], 'corrAns': None}
505.3668 	EXP 	window1: mouseVisible = False
505.3793 	EXP 	grid_lines_2: autoDraw = False
505.3793 	EXP 	target_square_2: autoDraw = False
505.3793 	EXP 	fixation_3: autoDraw = False
505.3793 	EXP 	target_square_2: pos = array([0., 0.])
505.3793 	EXP 	grid_lines_2: autoDraw = True
505.3793 	EXP 	target_square_2: autoDraw = True
506.3626 	EXP 	fixation_3: autoDraw = True
506.3793 	EXP 	target_square_2: autoDraw = False
507.3626 	EXP 	fixation_3: autoDraw = False
507.3664 	EXP 	New trial (rep=0, index=41): {'square': 3, 'location': [0.2, 0.2], 'corrAns': 1}
507.3668 	EXP 	window1: mouseVisible = False
507.3793 	EXP 	grid_lines_2: autoDraw = False
507.3793 	EXP 	target_square_2: autoDraw = False
507.3793 	EXP 	fixation_3: autoDraw = False
507.3793 	EXP 	target_square_2: pos = array([0.2, 0.2])
507.3793 	EXP 	grid_lines_2: autoDraw = True
507.3793 	EXP 	target_square_2: autoDraw = True
507.9129 	DATA 	Mouse: Left button down, pos=(750,539)
508.3625 	EXP 	fixation_3: autoDraw = True
508.3793 	EXP 	target_square_2: autoDraw = False
508.4629 	DATA 	Mouse:  Left button up, pos=(750,539)
509.3626 	EXP 	fixation_3: autoDraw = False
509.3665 	EXP 	New trial (rep=0, index=42): {'square': 1, 'location': [-0.2, 0.2], 'corrAns': None}
509.3670 	EXP 	window1: mouseVisible = False
509.3793 	EXP 	grid_lines_2: autoDraw = False
509.3793 	EXP 	target_square_2: autoDraw = False
509.3793 	EXP 	fixation_3: autoDraw = False
509.3793 	EXP 	target_square_2: pos = array([-0.2,  0.2])
509.3793 	EXP 	grid_lines_2: autoDraw = True
509.3793 	EXP 	target_square_2: autoDraw = True
510.3627 	EXP 	fixation_3: autoDraw = True
510.3793 	EXP 	target_square_2: autoDraw = False
511.3627 	EXP 	fixation_3: autoDraw = False
511.3665 	EXP 	New trial (rep=0, index=43): {'square': 9, 'location': [0.2, -0.2], 'corrAns': None}
511.3669 	EXP 	window1: mouseVisible = False
511.3793 	EXP 	grid_lines_2: autoDraw = False
511.3793 	EXP 	target_square_2: autoDraw = False
511.3793 	EXP 	fixation_3: autoDraw = False
511.3793 	EXP 	target_square_2: pos = array([ 0.2, -0.2])
511.3793 	EXP 	grid_lines_2: autoDraw = True
511.3793 	EXP 	target_square_2: autoDraw = True
512.3627 	EXP 	fixation_3: autoDraw = True
512.3793 	EXP 	target_square_2: autoDraw = False
513.3627 	EXP 	fixation_3: autoDraw = False
513.3665 	EXP 	New trial (rep=0, index=44): {'square': 9, 'location': [0.2, -0.2], 'corrAns': None}
513.3670 	EXP 	window1: mouseVisible = False
513.3793 	EXP 	grid_lines_2: autoDraw = False
513.3793 	EXP 	target_square_2: autoDraw = False
513.3793 	EXP 	fixation_3: autoDraw = False
513.3793 	EXP 	target_square_2: pos = array([ 0.2, -0.2])
513.3793 	EXP 	grid_lines_2: autoDraw = True
513.3793 	EXP 	target_square_2: autoDraw = True
514.3627 	EXP 	fixation_3: autoDraw = True
514.3794 	EXP 	target_square_2: autoDraw = False
515.3627 	EXP 	fixation_3: autoDraw = False
515.3664 	EXP 	New trial (rep=0, index=45): {'square': 8, 'location': [0, -0.2], 'corrAns': None}
515.3668 	EXP 	window1: mouseVisible = False
515.3794 	EXP 	grid_lines_2: autoDraw = False
515.3794 	EXP 	target_square_2: autoDraw = False
515.3794 	EXP 	fixation_3: autoDraw = False
515.3794 	EXP 	target_square_2: pos = array([ 0. , -0.2])
515.3794 	EXP 	grid_lines_2: autoDraw = True
515.3794 	EXP 	target_square_2: autoDraw = True
516.3627 	EXP 	fixation_3: autoDraw = True
516.3794 	EXP 	target_square_2: autoDraw = False
517.3627 	EXP 	fixation_3: autoDraw = False
517.3666 	EXP 	New trial (rep=0, index=46): {'square': 6, 'location': [0.2, 0], 'corrAns': None}
517.3671 	EXP 	window1: mouseVisible = False
517.3794 	EXP 	grid_lines_2: autoDraw = False
517.3794 	EXP 	target_square_2: autoDraw = False
517.3794 	EXP 	fixation_3: autoDraw = False
517.3794 	EXP 	target_square_2: pos = array([0.2, 0. ])
517.3794 	EXP 	grid_lines_2: autoDraw = True
517.3794 	EXP 	target_square_2: autoDraw = True
518.3627 	EXP 	fixation_3: autoDraw = True
518.3794 	EXP 	target_square_2: autoDraw = False
519.3627 	EXP 	fixation_3: autoDraw = False
519.3665 	EXP 	New trial (rep=0, index=47): {'square': 3, 'location': [0.2, 0.2], 'corrAns': None}
519.3669 	EXP 	window1: mouseVisible = False
519.3794 	EXP 	grid_lines_2: autoDraw = False
519.3794 	EXP 	target_square_2: autoDraw = False
519.3794 	EXP 	fixation_3: autoDraw = False
519.3794 	EXP 	target_square_2: pos = array([0.2, 0.2])
519.3794 	EXP 	grid_lines_2: autoDraw = True
519.3794 	EXP 	target_square_2: autoDraw = True
520.3627 	EXP 	fixation_3: autoDraw = True
520.3794 	EXP 	target_square_2: autoDraw = False
521.3627 	EXP 	fixation_3: autoDraw = False
521.3666 	EXP 	New trial (rep=0, index=48): {'square': 6, 'location': [0.2, 0], 'corrAns': 1}
521.3671 	EXP 	window1: mouseVisible = False
521.3794 	EXP 	grid_lines_2: autoDraw = False
521.3794 	EXP 	target_square_2: autoDraw = False
521.3794 	EXP 	fixation_3: autoDraw = False
521.3794 	EXP 	target_square_2: pos = array([0.2, 0. ])
521.3794 	EXP 	grid_lines_2: autoDraw = True
521.3794 	EXP 	target_square_2: autoDraw = True
521.9964 	DATA 	Mouse: Left button down, pos=(750,538)
522.3627 	EXP 	fixation_3: autoDraw = True
522.3794 	EXP 	target_square_2: autoDraw = False
522.6963 	DATA 	Mouse:  Left button up, pos=(742,539)
523.3627 	EXP 	fixation_3: autoDraw = False
523.3665 	EXP 	New trial (rep=0, index=49): {'square': 5, 'location': [0, 0], 'corrAns': None}
523.3668 	EXP 	window1: mouseVisible = False
523.3794 	EXP 	grid_lines_2: autoDraw = False
523.3794 	EXP 	target_square_2: autoDraw = False
523.3794 	EXP 	fixation_3: autoDraw = False
523.3794 	EXP 	target_square_2: pos = array([0., 0.])
523.3794 	EXP 	grid_lines_2: autoDraw = True
523.3794 	EXP 	target_square_2: autoDraw = True
524.3628 	EXP 	fixation_3: autoDraw = True
524.3795 	EXP 	target_square_2: autoDraw = False
525.3628 	EXP 	fixation_3: autoDraw = False
525.3665 	EXP 	New trial (rep=0, index=50): {'square': 7, 'location': [-0.2, -0.2], 'corrAns': None}
525.3670 	EXP 	window1: mouseVisible = False
525.3794 	EXP 	grid_lines_2: autoDraw = False
525.3794 	EXP 	target_square_2: autoDraw = False
525.3794 	EXP 	fixation_3: autoDraw = False
525.3794 	EXP 	target_square_2: pos = array([-0.2, -0.2])
525.3794 	EXP 	grid_lines_2: autoDraw = True
525.3794 	EXP 	target_square_2: autoDraw = True
526.3627 	EXP 	fixation_3: autoDraw = True
526.3794 	EXP 	target_square_2: autoDraw = False
527.3629 	EXP 	fixation_3: autoDraw = False
527.3667 	EXP 	New trial (rep=0, index=51): {'square': 5, 'location': [0, 0], 'corrAns': 1}
527.3671 	EXP 	window1: mouseVisible = False
527.3795 	EXP 	grid_lines_2: autoDraw = False
527.3795 	EXP 	target_square_2: autoDraw = False
527.3795 	EXP 	fixation_3: autoDraw = False
527.3795 	EXP 	target_square_2: pos = array([0., 0.])
527.3795 	EXP 	grid_lines_2: autoDraw = True
527.3795 	EXP 	target_square_2: autoDraw = True
527.9798 	DATA 	Mouse: Left button down, pos=(742,539)
528.3628 	EXP 	fixation_3: autoDraw = True
528.3795 	EXP 	target_square_2: autoDraw = False
528.5297 	DATA 	Mouse:  Left button up, pos=(742,539)
529.3628 	EXP 	fixation_3: autoDraw = False
529.3666 	EXP 	New trial (rep=0, index=52): {'square': 1, 'location': [-0.2, 0.2], 'corrAns': None}
529.3670 	EXP 	window1: mouseVisible = False
529.3795 	EXP 	grid_lines_2: autoDraw = False
529.3795 	EXP 	target_square_2: autoDraw = False
529.3795 	EXP 	fixation_3: autoDraw = False
529.3795 	EXP 	target_square_2: pos = array([-0.2,  0.2])
529.3795 	EXP 	grid_lines_2: autoDraw = True
529.3795 	EXP 	target_square_2: autoDraw = True
530.3628 	EXP 	fixation_3: autoDraw = True
530.3794 	EXP 	target_square_2: autoDraw = False
531.3628 	EXP 	fixation_3: autoDraw = False
531.3665 	EXP 	New trial (rep=0, index=53): {'square': 7, 'location': [-0.2, -0.2], 'corrAns': None}
531.3670 	EXP 	window1: mouseVisible = False
531.3795 	EXP 	grid_lines_2: autoDraw = False
531.3795 	EXP 	target_square_2: autoDraw = False
531.3795 	EXP 	fixation_3: autoDraw = False
531.3795 	EXP 	target_square_2: pos = array([-0.2, -0.2])
531.3795 	EXP 	grid_lines_2: autoDraw = True
531.3795 	EXP 	target_square_2: autoDraw = True
532.3628 	EXP 	fixation_3: autoDraw = True
532.3795 	EXP 	target_square_2: autoDraw = False
533.3628 	EXP 	fixation_3: autoDraw = False
533.3667 	EXP 	New trial (rep=0, index=54): {'square': 9, 'location': [0.2, -0.2], 'corrAns': None}
533.3672 	EXP 	window1: mouseVisible = False
533.3795 	EXP 	grid_lines_2: autoDraw = False
533.3795 	EXP 	target_square_2: autoDraw = False
533.3795 	EXP 	fixation_3: autoDraw = False
533.3795 	EXP 	target_square_2: pos = array([ 0.2, -0.2])
533.3795 	EXP 	grid_lines_2: autoDraw = True
533.3795 	EXP 	target_square_2: autoDraw = True
534.3629 	EXP 	fixation_3: autoDraw = True
534.3795 	EXP 	target_square_2: autoDraw = False
535.3628 	EXP 	fixation_3: autoDraw = False
535.3665 	EXP 	New trial (rep=0, index=55): {'square': 3, 'location': [0.2, 0.2], 'corrAns': None}
535.3670 	EXP 	window1: mouseVisible = False
535.3795 	EXP 	grid_lines_2: autoDraw = False
535.3795 	EXP 	target_square_2: autoDraw = False
535.3795 	EXP 	fixation_3: autoDraw = False
535.3795 	EXP 	target_square_2: pos = array([0.2, 0.2])
535.3795 	EXP 	grid_lines_2: autoDraw = True
535.3795 	EXP 	target_square_2: autoDraw = True
536.3628 	EXP 	fixation_3: autoDraw = True
536.3795 	EXP 	target_square_2: autoDraw = False
537.3629 	EXP 	fixation_3: autoDraw = False
537.3668 	EXP 	New trial (rep=0, index=56): {'square': 9, 'location': [0.2, -0.2], 'corrAns': 1}
537.3673 	EXP 	window1: mouseVisible = False
537.3795 	EXP 	grid_lines_2: autoDraw = False
537.3795 	EXP 	target_square_2: autoDraw = False
537.3795 	EXP 	fixation_3: autoDraw = False
537.3795 	EXP 	target_square_2: pos = array([ 0.2, -0.2])
537.3795 	EXP 	grid_lines_2: autoDraw = True
537.3795 	EXP 	target_square_2: autoDraw = True
538.1132 	DATA 	Mouse: Left button down, pos=(742,539)
538.3629 	EXP 	fixation_3: autoDraw = True
538.3795 	EXP 	target_square_2: autoDraw = False
538.6298 	DATA 	Mouse:  Left button up, pos=(742,539)
539.3629 	EXP 	fixation_3: autoDraw = False
539.3667 	EXP 	New trial (rep=0, index=57): {'square': 6, 'location': [0.2, 0], 'corrAns': None}
539.3672 	EXP 	window1: mouseVisible = False
539.3795 	EXP 	grid_lines_2: autoDraw = False
539.3795 	EXP 	target_square_2: autoDraw = False
539.3795 	EXP 	fixation_3: autoDraw = False
539.3795 	EXP 	target_square_2: pos = array([0.2, 0. ])
539.3795 	EXP 	grid_lines_2: autoDraw = True
539.3795 	EXP 	target_square_2: autoDraw = True
540.3629 	EXP 	fixation_3: autoDraw = True
540.3795 	EXP 	target_square_2: autoDraw = False
541.3629 	EXP 	fixation_3: autoDraw = False
541.3667 	EXP 	New trial (rep=0, index=58): {'square': 2, 'location': [0, 0.2], 'corrAns': None}
541.3672 	EXP 	window1: mouseVisible = False
541.3795 	EXP 	grid_lines_2: autoDraw = False
541.3795 	EXP 	target_square_2: autoDraw = False
541.3795 	EXP 	fixation_3: autoDraw = False
541.3795 	EXP 	target_square_2: pos = array([0. , 0.2])
541.3795 	EXP 	grid_lines_2: autoDraw = True
541.3795 	EXP 	target_square_2: autoDraw = True
542.3629 	EXP 	fixation_3: autoDraw = True
542.3796 	EXP 	target_square_2: autoDraw = False
543.3629 	EXP 	fixation_3: autoDraw = False
543.3666 	EXP 	New trial (rep=0, index=59): {'square': 5, 'location': [0, 0], 'corrAns': None}
543.3670 	EXP 	window1: mouseVisible = False
543.3796 	EXP 	grid_lines_2: autoDraw = False
543.3796 	EXP 	target_square_2: autoDraw = False
543.3796 	EXP 	fixation_3: autoDraw = False
543.3796 	EXP 	target_square_2: pos = array([0., 0.])
543.3796 	EXP 	grid_lines_2: autoDraw = True
543.3796 	EXP 	target_square_2: autoDraw = True
544.3628 	EXP 	fixation_3: autoDraw = True
544.3796 	EXP 	target_square_2: autoDraw = False
545.3629 	EXP 	fixation_3: autoDraw = False
545.3667 	EXP 	New trial (rep=0, index=60): {'square': 5, 'location': [0, 0], 'corrAns': None}
545.3671 	EXP 	window1: mouseVisible = False
545.3796 	EXP 	grid_lines_2: autoDraw = False
545.3796 	EXP 	target_square_2: autoDraw = False
545.3796 	EXP 	fixation_3: autoDraw = False
545.3796 	EXP 	target_square_2: pos = array([0., 0.])
545.3796 	EXP 	grid_lines_2: autoDraw = True
545.3796 	EXP 	target_square_2: autoDraw = True
546.3629 	EXP 	fixation_3: autoDraw = True
546.3796 	EXP 	target_square_2: autoDraw = False
547.3629 	EXP 	fixation_3: autoDraw = False
547.3668 	EXP 	New trial (rep=0, index=61): {'square': 2, 'location': [0, 0.2], 'corrAns': None}
547.3672 	EXP 	window1: mouseVisible = False
547.3796 	EXP 	grid_lines_2: autoDraw = False
547.3796 	EXP 	target_square_2: autoDraw = False
547.3796 	EXP 	fixation_3: autoDraw = False
547.3796 	EXP 	target_square_2: pos = array([0. , 0.2])
547.3796 	EXP 	grid_lines_2: autoDraw = True
547.3796 	EXP 	target_square_2: autoDraw = True
548.3629 	EXP 	fixation_3: autoDraw = True
548.3796 	EXP 	target_square_2: autoDraw = False
549.3629 	EXP 	fixation_3: autoDraw = False
549.3667 	EXP 	New trial (rep=0, index=62): {'square': 6, 'location': [0.2, 0], 'corrAns': None}
549.3672 	EXP 	window1: mouseVisible = False
549.3796 	EXP 	grid_lines_2: autoDraw = False
549.3796 	EXP 	target_square_2: autoDraw = False
549.3796 	EXP 	fixation_3: autoDraw = False
549.3796 	EXP 	target_square_2: pos = array([0.2, 0. ])
549.3796 	EXP 	grid_lines_2: autoDraw = True
549.3796 	EXP 	target_square_2: autoDraw = True
550.3630 	EXP 	fixation_3: autoDraw = True
550.3796 	EXP 	target_square_2: autoDraw = False
551.3629 	EXP 	fixation_3: autoDraw = False
551.3668 	EXP 	New trial (rep=0, index=63): {'square': 9, 'location': [0.2, -0.2], 'corrAns': None}
551.3672 	EXP 	window1: mouseVisible = False
551.3796 	EXP 	grid_lines_2: autoDraw = False
551.3796 	EXP 	target_square_2: autoDraw = False
551.3796 	EXP 	fixation_3: autoDraw = False
551.3796 	EXP 	target_square_2: pos = array([ 0.2, -0.2])
551.3796 	EXP 	grid_lines_2: autoDraw = True
551.3796 	EXP 	target_square_2: autoDraw = True
552.3630 	EXP 	fixation_3: autoDraw = True
552.3796 	EXP 	target_square_2: autoDraw = False
553.3630 	EXP 	fixation_3: autoDraw = False
553.3667 	EXP 	New trial (rep=0, index=64): {'square': 3, 'location': [0.2, 0.2], 'corrAns': None}
553.3672 	EXP 	window1: mouseVisible = False
553.3797 	EXP 	grid_lines_2: autoDraw = False
553.3797 	EXP 	target_square_2: autoDraw = False
553.3797 	EXP 	fixation_3: autoDraw = False
553.3797 	EXP 	target_square_2: pos = array([0.2, 0.2])
553.3797 	EXP 	grid_lines_2: autoDraw = True
553.3797 	EXP 	target_square_2: autoDraw = True
554.3630 	EXP 	fixation_3: autoDraw = True
554.3796 	EXP 	target_square_2: autoDraw = False
555.3630 	EXP 	fixation_3: autoDraw = False
555.3667 	EXP 	New trial (rep=0, index=65): {'square': 9, 'location': [0.2, -0.2], 'corrAns': 1}
555.3671 	EXP 	window1: mouseVisible = False
555.3797 	EXP 	grid_lines_2: autoDraw = False
555.3797 	EXP 	target_square_2: autoDraw = False
555.3797 	EXP 	fixation_3: autoDraw = False
555.3797 	EXP 	target_square_2: pos = array([ 0.2, -0.2])
555.3797 	EXP 	grid_lines_2: autoDraw = True
555.3797 	EXP 	target_square_2: autoDraw = True
555.8467 	DATA 	Mouse: Left button down, pos=(742,539)
556.3630 	EXP 	fixation_3: autoDraw = True
556.3797 	EXP 	target_square_2: autoDraw = False
556.5966 	DATA 	Mouse:  Left button up, pos=(742,539)
557.3630 	EXP 	fixation_3: autoDraw = False
557.3669 	EXP 	New trial (rep=0, index=66): {'square': 7, 'location': [-0.2, -0.2], 'corrAns': None}
557.3673 	EXP 	window1: mouseVisible = False
557.3797 	EXP 	grid_lines_2: autoDraw = False
557.3797 	EXP 	target_square_2: autoDraw = False
557.3797 	EXP 	fixation_3: autoDraw = False
557.3797 	EXP 	target_square_2: pos = array([-0.2, -0.2])
557.3797 	EXP 	grid_lines_2: autoDraw = True
557.3797 	EXP 	target_square_2: autoDraw = True
558.3630 	EXP 	fixation_3: autoDraw = True
558.3797 	EXP 	target_square_2: autoDraw = False
559.3630 	EXP 	fixation_3: autoDraw = False
559.3668 	EXP 	New trial (rep=0, index=67): {'square': 1, 'location': [-0.2, 0.2], 'corrAns': None}
559.3672 	EXP 	window1: mouseVisible = False
559.3797 	EXP 	grid_lines_2: autoDraw = False
559.3797 	EXP 	target_square_2: autoDraw = False
559.3797 	EXP 	fixation_3: autoDraw = False
559.3797 	EXP 	target_square_2: pos = array([-0.2,  0.2])
559.3797 	EXP 	grid_lines_2: autoDraw = True
559.3797 	EXP 	target_square_2: autoDraw = True
560.3629 	EXP 	fixation_3: autoDraw = True
560.3797 	EXP 	target_square_2: autoDraw = False
561.3630 	EXP 	fixation_3: autoDraw = False
561.3667 	EXP 	New trial (rep=0, index=68): {'square': 5, 'location': [0, 0], 'corrAns': None}
561.3671 	EXP 	window1: mouseVisible = False
561.3797 	EXP 	grid_lines_2: autoDraw = False
561.3797 	EXP 	target_square_2: autoDraw = False
561.3797 	EXP 	fixation_3: autoDraw = False
561.3797 	EXP 	target_square_2: pos = array([0., 0.])
561.3797 	EXP 	grid_lines_2: autoDraw = True
561.3797 	EXP 	target_square_2: autoDraw = True
562.3630 	EXP 	fixation_3: autoDraw = True
562.3797 	EXP 	target_square_2: autoDraw = False
563.3630 	EXP 	fixation_3: autoDraw = False
563.3667 	EXP 	New trial (rep=0, index=69): {'square': 7, 'location': [-0.2, -0.2], 'corrAns': None}
563.3672 	EXP 	window1: mouseVisible = False
563.3797 	EXP 	grid_lines_2: autoDraw = False
563.3797 	EXP 	target_square_2: autoDraw = False
563.3797 	EXP 	fixation_3: autoDraw = False
563.3797 	EXP 	target_square_2: pos = array([-0.2, -0.2])
563.3797 	EXP 	grid_lines_2: autoDraw = True
563.3797 	EXP 	target_square_2: autoDraw = True
564.3631 	EXP 	fixation_3: autoDraw = True
564.3797 	EXP 	target_square_2: autoDraw = False
565.3631 	EXP 	fixation_3: autoDraw = False
565.3668 	EXP 	New trial (rep=0, index=70): {'square': 5, 'location': [0, 0], 'corrAns': 1}
565.3671 	EXP 	window1: mouseVisible = False
565.3797 	EXP 	grid_lines_2: autoDraw = False
565.3797 	EXP 	target_square_2: autoDraw = False
565.3797 	EXP 	fixation_3: autoDraw = False
565.3797 	EXP 	target_square_2: pos = array([0., 0.])
565.3797 	EXP 	grid_lines_2: autoDraw = True
565.3797 	EXP 	target_square_2: autoDraw = True
566.1996 	DATA 	Mouse: Left button down, pos=(742,539)
566.3631 	EXP 	fixation_3: autoDraw = True
566.3797 	EXP 	target_square_2: autoDraw = False
566.7300 	DATA 	Mouse:  Left button up, pos=(742,539)
567.3631 	EXP 	fixation_3: autoDraw = False
567.3669 	EXP 	New trial (rep=0, index=71): {'square': 6, 'location': [0.2, 0], 'corrAns': None}
567.3674 	EXP 	window1: mouseVisible = False
567.3798 	EXP 	grid_lines_2: autoDraw = False
567.3798 	EXP 	target_square_2: autoDraw = False
567.3798 	EXP 	fixation_3: autoDraw = False
567.3798 	EXP 	target_square_2: pos = array([0.2, 0. ])
567.3798 	EXP 	grid_lines_2: autoDraw = True
567.3798 	EXP 	target_square_2: autoDraw = True
568.3631 	EXP 	fixation_3: autoDraw = True
568.3798 	EXP 	target_square_2: autoDraw = False
569.3631 	EXP 	fixation_3: autoDraw = False
569.3668 	EXP 	New trial (rep=0, index=72): {'square': 3, 'location': [0.2, 0.2], 'corrAns': None}
569.3673 	EXP 	window1: mouseVisible = False
569.3798 	EXP 	grid_lines_2: autoDraw = False
569.3798 	EXP 	target_square_2: autoDraw = False
569.3798 	EXP 	fixation_3: autoDraw = False
569.3798 	EXP 	target_square_2: pos = array([0.2, 0.2])
569.3798 	EXP 	grid_lines_2: autoDraw = True
569.3798 	EXP 	target_square_2: autoDraw = True
570.3631 	EXP 	fixation_3: autoDraw = True
570.3798 	EXP 	target_square_2: autoDraw = False
571.3631 	EXP 	fixation_3: autoDraw = False
571.3668 	EXP 	New trial (rep=0, index=73): {'square': 6, 'location': [0.2, 0], 'corrAns': 1}
571.3672 	EXP 	window1: mouseVisible = False
571.3798 	EXP 	grid_lines_2: autoDraw = False
571.3798 	EXP 	target_square_2: autoDraw = False
571.3798 	EXP 	fixation_3: autoDraw = False
571.3798 	EXP 	target_square_2: pos = array([0.2, 0. ])
571.3798 	EXP 	grid_lines_2: autoDraw = True
571.3798 	EXP 	target_square_2: autoDraw = True
571.9135 	DATA 	Mouse: Left button down, pos=(742,539)
572.3631 	EXP 	fixation_3: autoDraw = True
572.3798 	EXP 	target_square_2: autoDraw = False
572.4134 	DATA 	Mouse:  Left button up, pos=(742,539)
573.3631 	EXP 	fixation_3: autoDraw = False
573.3668 	EXP 	New trial (rep=0, index=74): {'square': 8, 'location': [0, -0.2], 'corrAns': None}
573.3672 	EXP 	window1: mouseVisible = False
573.3798 	EXP 	grid_lines_2: autoDraw = False
573.3798 	EXP 	target_square_2: autoDraw = False
573.3798 	EXP 	fixation_3: autoDraw = False
573.3798 	EXP 	target_square_2: pos = array([ 0. , -0.2])
573.3798 	EXP 	grid_lines_2: autoDraw = True
573.3798 	EXP 	target_square_2: autoDraw = True
574.3631 	EXP 	fixation_3: autoDraw = True
574.3798 	EXP 	target_square_2: autoDraw = False
575.3631 	EXP 	fixation_3: autoDraw = False
575.3669 	EXP 	New trial (rep=0, index=75): {'square': 9, 'location': [0.2, -0.2], 'corrAns': None}
575.3673 	EXP 	window1: mouseVisible = False
575.3799 	EXP 	grid_lines_2: autoDraw = False
575.3799 	EXP 	target_square_2: autoDraw = False
575.3799 	EXP 	fixation_3: autoDraw = False
575.3799 	EXP 	target_square_2: pos = array([ 0.2, -0.2])
575.3799 	EXP 	grid_lines_2: autoDraw = True
575.3799 	EXP 	target_square_2: autoDraw = True
576.3631 	EXP 	fixation_3: autoDraw = True
576.3798 	EXP 	target_square_2: autoDraw = False
577.3631 	EXP 	fixation_3: autoDraw = False
577.3673 	EXP 	New trial (rep=0, index=76): {'square': 9, 'location': [0.2, -0.2], 'corrAns': None}
577.3678 	EXP 	window1: mouseVisible = False
577.3797 	EXP 	grid_lines_2: autoDraw = False
577.3797 	EXP 	target_square_2: autoDraw = False
577.3797 	EXP 	fixation_3: autoDraw = False
577.3797 	EXP 	target_square_2: pos = array([ 0.2, -0.2])
577.3797 	EXP 	grid_lines_2: autoDraw = True
577.3797 	EXP 	target_square_2: autoDraw = True
578.3631 	EXP 	fixation_3: autoDraw = True
578.3798 	EXP 	target_square_2: autoDraw = False
579.3632 	EXP 	fixation_3: autoDraw = False
579.3670 	EXP 	New trial (rep=0, index=77): {'square': 1, 'location': [-0.2, 0.2], 'corrAns': None}
579.3675 	EXP 	window1: mouseVisible = False
579.3798 	EXP 	grid_lines_2: autoDraw = False
579.3798 	EXP 	target_square_2: autoDraw = False
579.3798 	EXP 	fixation_3: autoDraw = False
579.3798 	EXP 	target_square_2: pos = array([-0.2,  0.2])
579.3798 	EXP 	grid_lines_2: autoDraw = True
579.3798 	EXP 	target_square_2: autoDraw = True
580.3632 	EXP 	fixation_3: autoDraw = True
580.3798 	EXP 	target_square_2: autoDraw = False
581.3632 	EXP 	fixation_3: autoDraw = False
581.3669 	EXP 	New trial (rep=0, index=78): {'square': 3, 'location': [0.2, 0.2], 'corrAns': None}
581.3673 	EXP 	window1: mouseVisible = False
581.3799 	EXP 	grid_lines_2: autoDraw = False
581.3799 	EXP 	target_square_2: autoDraw = False
581.3799 	EXP 	fixation_3: autoDraw = False
581.3799 	EXP 	target_square_2: pos = array([0.2, 0.2])
581.3799 	EXP 	grid_lines_2: autoDraw = True
581.3799 	EXP 	target_square_2: autoDraw = True
582.3632 	EXP 	fixation_3: autoDraw = True
582.3799 	EXP 	target_square_2: autoDraw = False
583.3632 	EXP 	fixation_3: autoDraw = False
583.3669 	EXP 	New trial (rep=0, index=79): {'square': 5, 'location': [0, 0], 'corrAns': None}
583.3673 	EXP 	window1: mouseVisible = False
583.3799 	EXP 	grid_lines_2: autoDraw = False
583.3799 	EXP 	target_square_2: autoDraw = False
583.3799 	EXP 	fixation_3: autoDraw = False
583.3799 	EXP 	target_square_2: pos = array([0., 0.])
583.3799 	EXP 	grid_lines_2: autoDraw = True
583.3799 	EXP 	target_square_2: autoDraw = True
584.3632 	EXP 	fixation_3: autoDraw = True
584.3799 	EXP 	target_square_2: autoDraw = False
585.3632 	EXP 	fixation_3: autoDraw = False
585.3670 	EXP 	New trial (rep=0, index=80): {'square': 3, 'location': [0.2, 0.2], 'corrAns': 1}
585.3675 	EXP 	window1: mouseVisible = False
585.3799 	EXP 	grid_lines_2: autoDraw = False
585.3799 	EXP 	target_square_2: autoDraw = False
585.3799 	EXP 	fixation_3: autoDraw = False
585.3799 	EXP 	target_square_2: pos = array([0.2, 0.2])
585.3799 	EXP 	grid_lines_2: autoDraw = True
585.3799 	EXP 	target_square_2: autoDraw = True
586.0305 	DATA 	Mouse: Left button down, pos=(742,536)
586.3632 	EXP 	fixation_3: autoDraw = True
586.3799 	EXP 	target_square_2: autoDraw = False
586.5135 	DATA 	Mouse:  Left button up, pos=(742,536)
587.3631 	EXP 	fixation_3: autoDraw = False
587.3671 	EXP 	New trial (rep=0, index=81): {'square': 4, 'location': [-0.2, 0], 'corrAns': None}
587.3676 	EXP 	window1: mouseVisible = False
587.3799 	EXP 	grid_lines_2: autoDraw = False
587.3799 	EXP 	target_square_2: autoDraw = False
587.3799 	EXP 	fixation_3: autoDraw = False
587.3799 	EXP 	target_square_2: pos = array([-0.2,  0. ])
587.3799 	EXP 	grid_lines_2: autoDraw = True
587.3799 	EXP 	target_square_2: autoDraw = True
588.3632 	EXP 	fixation_3: autoDraw = True
588.3799 	EXP 	target_square_2: autoDraw = False
589.3632 	EXP 	fixation_3: autoDraw = False
589.3671 	EXP 	New trial (rep=0, index=82): {'square': 7, 'location': [-0.2, -0.2], 'corrAns': None}
589.3676 	EXP 	window1: mouseVisible = False
589.3799 	EXP 	grid_lines_2: autoDraw = False
589.3799 	EXP 	target_square_2: autoDraw = False
589.3799 	EXP 	fixation_3: autoDraw = False
589.3799 	EXP 	target_square_2: pos = array([-0.2, -0.2])
589.3799 	EXP 	grid_lines_2: autoDraw = True
589.3799 	EXP 	target_square_2: autoDraw = True
590.3632 	EXP 	fixation_3: autoDraw = True
590.3799 	EXP 	target_square_2: autoDraw = False
591.3633 	EXP 	fixation_3: autoDraw = False
591.3670 	EXP 	New trial (rep=0, index=83): {'square': 4, 'location': [-0.2, 0], 'corrAns': 1}
591.3674 	EXP 	window1: mouseVisible = False
591.3799 	EXP 	grid_lines_2: autoDraw = False
591.3799 	EXP 	target_square_2: autoDraw = False
591.3799 	EXP 	fixation_3: autoDraw = False
591.3799 	EXP 	target_square_2: pos = array([-0.2,  0. ])
591.3799 	EXP 	grid_lines_2: autoDraw = True
591.3799 	EXP 	target_square_2: autoDraw = True
591.9969 	DATA 	Mouse: Left button down, pos=(742,536)
592.3633 	EXP 	fixation_3: autoDraw = True
592.3799 	EXP 	target_square_2: autoDraw = False
592.5635 	DATA 	Mouse:  Left button up, pos=(742,536)
593.3633 	EXP 	fixation_3: autoDraw = False
593.3670 	EXP 	New trial (rep=0, index=84): {'square': 4, 'location': [-0.2, 0], 'corrAns': None}
593.3675 	EXP 	window1: mouseVisible = False
593.3799 	EXP 	grid_lines_2: autoDraw = False
593.3799 	EXP 	target_square_2: autoDraw = False
593.3799 	EXP 	fixation_3: autoDraw = False
593.3799 	EXP 	target_square_2: pos = array([-0.2,  0. ])
593.3799 	EXP 	grid_lines_2: autoDraw = True
593.3799 	EXP 	target_square_2: autoDraw = True
594.3633 	EXP 	fixation_3: autoDraw = True
594.3799 	EXP 	target_square_2: autoDraw = False
595.3633 	EXP 	fixation_3: autoDraw = False
595.3671 	EXP 	New trial (rep=0, index=85): {'square': 5, 'location': [0, 0], 'corrAns': None}
595.3675 	EXP 	window1: mouseVisible = False
595.3799 	EXP 	grid_lines_2: autoDraw = False
595.3799 	EXP 	target_square_2: autoDraw = False
595.3799 	EXP 	fixation_3: autoDraw = False
595.3799 	EXP 	target_square_2: pos = array([0., 0.])
595.3799 	EXP 	grid_lines_2: autoDraw = True
595.3799 	EXP 	target_square_2: autoDraw = True
596.3633 	EXP 	fixation_3: autoDraw = True
596.3800 	EXP 	target_square_2: autoDraw = False
597.3633 	EXP 	fixation_3: autoDraw = False
597.3671 	EXP 	New trial (rep=0, index=86): {'square': 2, 'location': [0, 0.2], 'corrAns': None}
597.3676 	EXP 	window1: mouseVisible = False
597.3800 	EXP 	grid_lines_2: autoDraw = False
597.3800 	EXP 	target_square_2: autoDraw = False
597.3800 	EXP 	fixation_3: autoDraw = False
597.3800 	EXP 	target_square_2: pos = array([0. , 0.2])
597.3800 	EXP 	grid_lines_2: autoDraw = True
597.3800 	EXP 	target_square_2: autoDraw = True
598.3633 	EXP 	fixation_3: autoDraw = True
598.3800 	EXP 	target_square_2: autoDraw = False
599.3633 	EXP 	fixation_3: autoDraw = False
599.3674 	EXP 	New trial (rep=0, index=87): {'square': 6, 'location': [0.2, 0], 'corrAns': None}
599.3679 	EXP 	window1: mouseVisible = False
599.3800 	EXP 	grid_lines_2: autoDraw = False
599.3800 	EXP 	target_square_2: autoDraw = False
599.3800 	EXP 	fixation_3: autoDraw = False
599.3800 	EXP 	target_square_2: pos = array([0.2, 0. ])
599.3800 	EXP 	grid_lines_2: autoDraw = True
599.3800 	EXP 	target_square_2: autoDraw = True
600.3633 	EXP 	fixation_3: autoDraw = True
600.3800 	EXP 	target_square_2: autoDraw = False
601.3633 	EXP 	fixation_3: autoDraw = False
601.3670 	EXP 	New trial (rep=0, index=88): {'square': 7, 'location': [-0.2, -0.2], 'corrAns': None}
601.3675 	EXP 	window1: mouseVisible = False
601.3800 	EXP 	grid_lines_2: autoDraw = False
601.3800 	EXP 	target_square_2: autoDraw = False
601.3800 	EXP 	fixation_3: autoDraw = False
601.3800 	EXP 	target_square_2: pos = array([-0.2, -0.2])
601.3800 	EXP 	grid_lines_2: autoDraw = True
601.3800 	EXP 	target_square_2: autoDraw = True
602.3633 	EXP 	fixation_3: autoDraw = True
602.3800 	EXP 	target_square_2: autoDraw = False
603.3633 	EXP 	fixation_3: autoDraw = False
603.3670 	EXP 	New trial (rep=0, index=89): {'square': 6, 'location': [0.2, 0], 'corrAns': 1}
603.3674 	EXP 	window1: mouseVisible = False
603.3800 	EXP 	grid_lines_2: autoDraw = False
603.3800 	EXP 	target_square_2: autoDraw = False
603.3800 	EXP 	fixation_3: autoDraw = False
603.3800 	EXP 	target_square_2: pos = array([0.2, 0. ])
603.3800 	EXP 	grid_lines_2: autoDraw = True
603.3800 	EXP 	target_square_2: autoDraw = True
603.8470 	DATA 	Mouse: Left button down, pos=(742,536)
604.3634 	EXP 	fixation_3: autoDraw = True
604.3800 	EXP 	target_square_2: autoDraw = False
604.5136 	DATA 	Mouse:  Left button up, pos=(742,536)
605.3634 	EXP 	fixation_3: autoDraw = False
605.3671 	EXP 	New trial (rep=0, index=90): {'square': 6, 'location': [0.2, 0], 'corrAns': None}
605.3675 	EXP 	window1: mouseVisible = False
605.3800 	EXP 	grid_lines_2: autoDraw = False
605.3800 	EXP 	target_square_2: autoDraw = False
605.3800 	EXP 	fixation_3: autoDraw = False
605.3800 	EXP 	target_square_2: pos = array([0.2, 0. ])
605.3800 	EXP 	grid_lines_2: autoDraw = True
605.3800 	EXP 	target_square_2: autoDraw = True
606.3634 	EXP 	fixation_3: autoDraw = True
606.3800 	EXP 	target_square_2: autoDraw = False
607.3633 	EXP 	fixation_3: autoDraw = False
607.3671 	EXP 	New trial (rep=0, index=91): {'square': 7, 'location': [-0.2, -0.2], 'corrAns': None}
607.3675 	EXP 	window1: mouseVisible = False
607.3800 	EXP 	grid_lines_2: autoDraw = False
607.3800 	EXP 	target_square_2: autoDraw = False
607.3800 	EXP 	fixation_3: autoDraw = False
607.3800 	EXP 	target_square_2: pos = array([-0.2, -0.2])
607.3800 	EXP 	grid_lines_2: autoDraw = True
607.3800 	EXP 	target_square_2: autoDraw = True
608.3634 	EXP 	fixation_3: autoDraw = True
608.3801 	EXP 	target_square_2: autoDraw = False
609.3634 	EXP 	fixation_3: autoDraw = False
609.3671 	EXP 	New trial (rep=0, index=92): {'square': 6, 'location': [0.2, 0], 'corrAns': 1}
609.3675 	EXP 	window1: mouseVisible = False
609.3801 	EXP 	grid_lines_2: autoDraw = False
609.3801 	EXP 	target_square_2: autoDraw = False
609.3801 	EXP 	fixation_3: autoDraw = False
609.3801 	EXP 	target_square_2: pos = array([0.2, 0. ])
609.3801 	EXP 	grid_lines_2: autoDraw = True
609.3801 	EXP 	target_square_2: autoDraw = True
610.1971 	DATA 	Mouse: Left button down, pos=(742,536)
610.3634 	EXP 	fixation_3: autoDraw = True
610.3801 	EXP 	target_square_2: autoDraw = False
610.9137 	DATA 	Mouse:  Left button up, pos=(742,535)
611.3634 	EXP 	fixation_3: autoDraw = False
611.3671 	EXP 	New trial (rep=0, index=93): {'square': 2, 'location': [0, 0.2], 'corrAns': None}
611.3676 	EXP 	window1: mouseVisible = False
611.3800 	EXP 	grid_lines_2: autoDraw = False
611.3800 	EXP 	target_square_2: autoDraw = False
611.3800 	EXP 	fixation_3: autoDraw = False
611.3800 	EXP 	target_square_2: pos = array([0. , 0.2])
611.3800 	EXP 	grid_lines_2: autoDraw = True
611.3800 	EXP 	target_square_2: autoDraw = True
612.3634 	EXP 	fixation_3: autoDraw = True
612.3801 	EXP 	target_square_2: autoDraw = False
613.3634 	EXP 	fixation_3: autoDraw = False
613.3671 	EXP 	New trial (rep=0, index=94): {'square': 5, 'location': [0, 0], 'corrAns': None}
613.3675 	EXP 	window1: mouseVisible = False
613.3801 	EXP 	grid_lines_2: autoDraw = False
613.3801 	EXP 	target_square_2: autoDraw = False
613.3801 	EXP 	fixation_3: autoDraw = False
613.3801 	EXP 	target_square_2: pos = array([0., 0.])
613.3801 	EXP 	grid_lines_2: autoDraw = True
613.3801 	EXP 	target_square_2: autoDraw = True
614.3635 	EXP 	fixation_3: autoDraw = True
614.3801 	EXP 	target_square_2: autoDraw = False
615.3634 	EXP 	fixation_3: autoDraw = False
615.3671 	EXP 	New trial (rep=0, index=95): {'square': 4, 'location': [-0.2, 0], 'corrAns': None}
615.3676 	EXP 	window1: mouseVisible = False
615.3801 	EXP 	grid_lines_2: autoDraw = False
615.3801 	EXP 	target_square_2: autoDraw = False
615.3801 	EXP 	fixation_3: autoDraw = False
615.3801 	EXP 	target_square_2: pos = array([-0.2,  0. ])
615.3801 	EXP 	grid_lines_2: autoDraw = True
615.3801 	EXP 	target_square_2: autoDraw = True
616.3634 	EXP 	fixation_3: autoDraw = True
616.3801 	EXP 	target_square_2: autoDraw = False
617.3635 	EXP 	fixation_3: autoDraw = False
617.3674 	EXP 	New trial (rep=0, index=96): {'square': 4, 'location': [-0.2, 0], 'corrAns': None}
617.3679 	EXP 	window1: mouseVisible = False
617.3801 	EXP 	grid_lines_2: autoDraw = False
617.3801 	EXP 	target_square_2: autoDraw = False
617.3801 	EXP 	fixation_3: autoDraw = False
617.3801 	EXP 	target_square_2: pos = array([-0.2,  0. ])
617.3801 	EXP 	grid_lines_2: autoDraw = True
617.3801 	EXP 	target_square_2: autoDraw = True
618.3635 	EXP 	fixation_3: autoDraw = True
618.3801 	EXP 	target_square_2: autoDraw = False
619.3635 	EXP 	fixation_3: autoDraw = False
619.3675 	EXP 	New trial (rep=0, index=97): {'square': 7, 'location': [-0.2, -0.2], 'corrAns': None}
619.3680 	EXP 	window1: mouseVisible = False
619.3801 	EXP 	grid_lines_2: autoDraw = False
619.3801 	EXP 	target_square_2: autoDraw = False
619.3801 	EXP 	fixation_3: autoDraw = False
619.3801 	EXP 	target_square_2: pos = array([-0.2, -0.2])
619.3801 	EXP 	grid_lines_2: autoDraw = True
619.3801 	EXP 	target_square_2: autoDraw = True
620.3635 	EXP 	fixation_3: autoDraw = True
620.3802 	EXP 	target_square_2: autoDraw = False
621.3635 	EXP 	fixation_3: autoDraw = False
621.3672 	EXP 	New trial (rep=0, index=98): {'square': 4, 'location': [-0.2, 0], 'corrAns': 1}
621.3676 	EXP 	window1: mouseVisible = False
621.3801 	EXP 	grid_lines_2: autoDraw = False
621.3801 	EXP 	target_square_2: autoDraw = False
621.3801 	EXP 	fixation_3: autoDraw = False
621.3801 	EXP 	target_square_2: pos = array([-0.2,  0. ])
621.3801 	EXP 	grid_lines_2: autoDraw = True
621.3801 	EXP 	target_square_2: autoDraw = True
621.9805 	DATA 	Mouse: Left button down, pos=(742,535)
622.3635 	EXP 	fixation_3: autoDraw = True
622.3801 	EXP 	target_square_2: autoDraw = False
622.5638 	DATA 	Mouse:  Left button up, pos=(742,535)
623.3635 	EXP 	fixation_3: autoDraw = False
623.3675 	EXP 	New trial (rep=0, index=99): {'square': 3, 'location': [0.2, 0.2], 'corrAns': None}
623.3680 	EXP 	window1: mouseVisible = False
623.3802 	EXP 	grid_lines_2: autoDraw = False
623.3802 	EXP 	target_square_2: autoDraw = False
623.3802 	EXP 	fixation_3: autoDraw = False
623.3802 	EXP 	target_square_2: pos = array([0.2, 0.2])
623.3802 	EXP 	grid_lines_2: autoDraw = True
623.3802 	EXP 	target_square_2: autoDraw = True
624.3635 	EXP 	fixation_3: autoDraw = True
624.3802 	EXP 	target_square_2: autoDraw = False
625.3635 	EXP 	fixation_3: autoDraw = False
625.3672 	EXP 	New trial (rep=0, index=100): {'square': 5, 'location': [0, 0], 'corrAns': None}
625.3676 	EXP 	window1: mouseVisible = False
625.3802 	EXP 	grid_lines_2: autoDraw = False
625.3802 	EXP 	target_square_2: autoDraw = False
625.3802 	EXP 	fixation_3: autoDraw = False
625.3802 	EXP 	target_square_2: pos = array([0., 0.])
625.3802 	EXP 	grid_lines_2: autoDraw = True
625.3802 	EXP 	target_square_2: autoDraw = True
626.3635 	EXP 	fixation_3: autoDraw = True
626.3802 	EXP 	target_square_2: autoDraw = False
627.3635 	EXP 	fixation_3: autoDraw = False
627.3674 	EXP 	New trial (rep=0, index=101): {'square': 3, 'location': [0.2, 0.2], 'corrAns': 1}
627.3678 	EXP 	window1: mouseVisible = False
627.3802 	EXP 	grid_lines_2: autoDraw = False
627.3802 	EXP 	target_square_2: autoDraw = False
627.3802 	EXP 	fixation_3: autoDraw = False
627.3802 	EXP 	target_square_2: pos = array([0.2, 0.2])
627.3802 	EXP 	grid_lines_2: autoDraw = True
627.3802 	EXP 	target_square_2: autoDraw = True
627.8828 	DATA 	Mouse: Left button down, pos=(742,535)
628.3635 	EXP 	fixation_3: autoDraw = True
628.3802 	EXP 	target_square_2: autoDraw = False
628.5472 	DATA 	Mouse:  Left button up, pos=(742,535)
629.3635 	EXP 	fixation_3: autoDraw = False
629.3673 	EXP 	New trial (rep=0, index=102): {'square': 1, 'location': [-0.2, 0.2], 'corrAns': None}
629.3678 	EXP 	window1: mouseVisible = False
629.3802 	EXP 	grid_lines_2: autoDraw = False
629.3802 	EXP 	target_square_2: autoDraw = False
629.3802 	EXP 	fixation_3: autoDraw = False
629.3802 	EXP 	target_square_2: pos = array([-0.2,  0.2])
629.3802 	EXP 	grid_lines_2: autoDraw = True
629.3802 	EXP 	target_square_2: autoDraw = True
630.3635 	EXP 	fixation_3: autoDraw = True
630.3802 	EXP 	target_square_2: autoDraw = False
631.3636 	EXP 	fixation_3: autoDraw = False
631.3673 	EXP 	New trial (rep=0, index=103): {'square': 9, 'location': [0.2, -0.2], 'corrAns': None}
631.3678 	EXP 	window1: mouseVisible = False
631.3802 	EXP 	grid_lines_2: autoDraw = False
631.3802 	EXP 	target_square_2: autoDraw = False
631.3802 	EXP 	fixation_3: autoDraw = False
631.3802 	EXP 	target_square_2: pos = array([ 0.2, -0.2])
631.3802 	EXP 	grid_lines_2: autoDraw = True
631.3802 	EXP 	target_square_2: autoDraw = True
632.3636 	EXP 	fixation_3: autoDraw = True
632.3802 	EXP 	target_square_2: autoDraw = False
633.3636 	EXP 	fixation_3: autoDraw = False
633.3673 	EXP 	New trial (rep=0, index=104): {'square': 9, 'location': [0.2, -0.2], 'corrAns': None}
633.3678 	EXP 	window1: mouseVisible = False
633.3802 	EXP 	grid_lines_2: autoDraw = False
633.3802 	EXP 	target_square_2: autoDraw = False
633.3802 	EXP 	fixation_3: autoDraw = False
633.3802 	EXP 	target_square_2: pos = array([ 0.2, -0.2])
633.3802 	EXP 	grid_lines_2: autoDraw = True
633.3802 	EXP 	target_square_2: autoDraw = True
634.3636 	EXP 	fixation_3: autoDraw = True
634.3803 	EXP 	target_square_2: autoDraw = False
635.3636 	EXP 	fixation_3: autoDraw = False
635.3672 	EXP 	New trial (rep=0, index=105): {'square': 8, 'location': [0, -0.2], 'corrAns': None}
635.3677 	EXP 	window1: mouseVisible = False
635.3803 	EXP 	grid_lines_2: autoDraw = False
635.3803 	EXP 	target_square_2: autoDraw = False
635.3803 	EXP 	fixation_3: autoDraw = False
635.3803 	EXP 	target_square_2: pos = array([ 0. , -0.2])
635.3803 	EXP 	grid_lines_2: autoDraw = True
635.3803 	EXP 	target_square_2: autoDraw = True
636.3636 	EXP 	fixation_3: autoDraw = True
636.3803 	EXP 	target_square_2: autoDraw = False
637.3636 	EXP 	fixation_3: autoDraw = False
637.3674 	EXP 	New trial (rep=0, index=106): {'square': 6, 'location': [0.2, 0], 'corrAns': None}
637.3679 	EXP 	window1: mouseVisible = False
637.3803 	EXP 	grid_lines_2: autoDraw = False
637.3803 	EXP 	target_square_2: autoDraw = False
637.3803 	EXP 	fixation_3: autoDraw = False
637.3803 	EXP 	target_square_2: pos = array([0.2, 0. ])
637.3803 	EXP 	grid_lines_2: autoDraw = True
637.3803 	EXP 	target_square_2: autoDraw = True
638.3636 	EXP 	fixation_3: autoDraw = True
638.3803 	EXP 	target_square_2: autoDraw = False
639.3636 	EXP 	fixation_3: autoDraw = False
639.3676 	EXP 	New trial (rep=0, index=107): {'square': 3, 'location': [0.2, 0.2], 'corrAns': None}
639.3681 	EXP 	window1: mouseVisible = False
639.3803 	EXP 	grid_lines_2: autoDraw = False
639.3803 	EXP 	target_square_2: autoDraw = False
639.3803 	EXP 	fixation_3: autoDraw = False
639.3803 	EXP 	target_square_2: pos = array([0.2, 0.2])
639.3803 	EXP 	grid_lines_2: autoDraw = True
639.3803 	EXP 	target_square_2: autoDraw = True
640.3636 	EXP 	fixation_3: autoDraw = True
640.3803 	EXP 	target_square_2: autoDraw = False
641.3636 	EXP 	fixation_3: autoDraw = False
641.3674 	EXP 	New trial (rep=0, index=108): {'square': 6, 'location': [0.2, 0], 'corrAns': 1}
641.3678 	EXP 	window1: mouseVisible = False
641.3803 	EXP 	grid_lines_2: autoDraw = False
641.3803 	EXP 	target_square_2: autoDraw = False
641.3803 	EXP 	fixation_3: autoDraw = False
641.3803 	EXP 	target_square_2: pos = array([0.2, 0. ])
641.3803 	EXP 	grid_lines_2: autoDraw = True
641.3803 	EXP 	target_square_2: autoDraw = True
641.9640 	DATA 	Mouse: Left button down, pos=(742,535)
642.3636 	EXP 	fixation_3: autoDraw = True
642.3803 	EXP 	target_square_2: autoDraw = False
642.5972 	DATA 	Mouse:  Left button up, pos=(742,535)
643.3637 	EXP 	fixation_3: autoDraw = False
643.3674 	EXP 	New trial (rep=0, index=109): {'square': 5, 'location': [0, 0], 'corrAns': None}
643.3678 	EXP 	window1: mouseVisible = False
643.3803 	EXP 	grid_lines_2: autoDraw = False
643.3803 	EXP 	target_square_2: autoDraw = False
643.3803 	EXP 	fixation_3: autoDraw = False
643.3803 	EXP 	target_square_2: pos = array([0., 0.])
643.3803 	EXP 	grid_lines_2: autoDraw = True
643.3803 	EXP 	target_square_2: autoDraw = True
644.3637 	EXP 	fixation_3: autoDraw = True
644.3803 	EXP 	target_square_2: autoDraw = False
645.3637 	EXP 	fixation_3: autoDraw = False
645.3673 	EXP 	New trial (rep=0, index=110): {'square': 7, 'location': [-0.2, -0.2], 'corrAns': None}
645.3678 	EXP 	window1: mouseVisible = False
645.3802 	EXP 	grid_lines_2: autoDraw = False
645.3802 	EXP 	target_square_2: autoDraw = False
645.3802 	EXP 	fixation_3: autoDraw = False
645.3802 	EXP 	target_square_2: pos = array([-0.2, -0.2])
645.3802 	EXP 	grid_lines_2: autoDraw = True
645.3802 	EXP 	target_square_2: autoDraw = True
646.3637 	EXP 	fixation_3: autoDraw = True
646.3803 	EXP 	target_square_2: autoDraw = False
647.3637 	EXP 	fixation_3: autoDraw = False
647.3675 	EXP 	New trial (rep=0, index=111): {'square': 5, 'location': [0, 0], 'corrAns': 1}
647.3679 	EXP 	window1: mouseVisible = False
647.3803 	EXP 	grid_lines_2: autoDraw = False
647.3803 	EXP 	target_square_2: autoDraw = False
647.3803 	EXP 	fixation_3: autoDraw = False
647.3803 	EXP 	target_square_2: pos = array([0., 0.])
647.3803 	EXP 	grid_lines_2: autoDraw = True
647.3803 	EXP 	target_square_2: autoDraw = True
647.8973 	DATA 	Mouse: Left button down, pos=(742,535)
648.3637 	EXP 	fixation_3: autoDraw = True
648.3640 	DATA 	Mouse:  Left button up, pos=(742,535)
648.3803 	EXP 	target_square_2: autoDraw = False
649.3637 	EXP 	fixation_3: autoDraw = False
649.3676 	EXP 	New trial (rep=0, index=112): {'square': 1, 'location': [-0.2, 0.2], 'corrAns': None}
649.3680 	EXP 	window1: mouseVisible = False
649.3804 	EXP 	grid_lines_2: autoDraw = False
649.3804 	EXP 	target_square_2: autoDraw = False
649.3804 	EXP 	fixation_3: autoDraw = False
649.3804 	EXP 	target_square_2: pos = array([-0.2,  0.2])
649.3804 	EXP 	grid_lines_2: autoDraw = True
649.3804 	EXP 	target_square_2: autoDraw = True
650.3637 	EXP 	fixation_3: autoDraw = True
650.3804 	EXP 	target_square_2: autoDraw = False
651.3637 	EXP 	fixation_3: autoDraw = False
651.3675 	EXP 	New trial (rep=0, index=113): {'square': 7, 'location': [-0.2, -0.2], 'corrAns': None}
651.3679 	EXP 	window1: mouseVisible = False
651.3804 	EXP 	grid_lines_2: autoDraw = False
651.3804 	EXP 	target_square_2: autoDraw = False
651.3804 	EXP 	fixation_3: autoDraw = False
651.3804 	EXP 	target_square_2: pos = array([-0.2, -0.2])
651.3804 	EXP 	grid_lines_2: autoDraw = True
651.3804 	EXP 	target_square_2: autoDraw = True
652.3637 	EXP 	fixation_3: autoDraw = True
652.3804 	EXP 	target_square_2: autoDraw = False
653.3637 	EXP 	fixation_3: autoDraw = False
653.3675 	EXP 	New trial (rep=0, index=114): {'square': 9, 'location': [0.2, -0.2], 'corrAns': None}
653.3679 	EXP 	window1: mouseVisible = False
653.3804 	EXP 	grid_lines_2: autoDraw = False
653.3804 	EXP 	target_square_2: autoDraw = False
653.3804 	EXP 	fixation_3: autoDraw = False
653.3804 	EXP 	target_square_2: pos = array([ 0.2, -0.2])
653.3804 	EXP 	grid_lines_2: autoDraw = True
653.3804 	EXP 	target_square_2: autoDraw = True
654.3638 	EXP 	fixation_3: autoDraw = True
654.3804 	EXP 	target_square_2: autoDraw = False
655.3638 	EXP 	fixation_3: autoDraw = False
655.3675 	EXP 	New trial (rep=0, index=115): {'square': 3, 'location': [0.2, 0.2], 'corrAns': None}
655.3679 	EXP 	window1: mouseVisible = False
655.3804 	EXP 	grid_lines_2: autoDraw = False
655.3804 	EXP 	target_square_2: autoDraw = False
655.3804 	EXP 	fixation_3: autoDraw = False
655.3804 	EXP 	target_square_2: pos = array([0.2, 0.2])
655.3804 	EXP 	grid_lines_2: autoDraw = True
655.3804 	EXP 	target_square_2: autoDraw = True
656.3638 	EXP 	fixation_3: autoDraw = True
656.3804 	EXP 	target_square_2: autoDraw = False
657.3638 	EXP 	fixation_3: autoDraw = False
657.3676 	EXP 	New trial (rep=0, index=116): {'square': 9, 'location': [0.2, -0.2], 'corrAns': 1}
657.3680 	EXP 	window1: mouseVisible = False
657.3804 	EXP 	grid_lines_2: autoDraw = False
657.3804 	EXP 	target_square_2: autoDraw = False
657.3804 	EXP 	fixation_3: autoDraw = False
657.3804 	EXP 	target_square_2: pos = array([ 0.2, -0.2])
657.3804 	EXP 	grid_lines_2: autoDraw = True
657.3804 	EXP 	target_square_2: autoDraw = True
657.8808 	DATA 	Mouse: Left button down, pos=(742,535)
658.3638 	EXP 	fixation_3: autoDraw = True
658.3804 	EXP 	target_square_2: autoDraw = False
658.4974 	DATA 	Mouse:  Left button up, pos=(742,535)
659.3638 	EXP 	fixation_3: autoDraw = False
659.3675 	EXP 	New trial (rep=0, index=117): {'square': 6, 'location': [0.2, 0], 'corrAns': None}
659.3680 	EXP 	window1: mouseVisible = False
659.3804 	EXP 	grid_lines_2: autoDraw = False
659.3804 	EXP 	target_square_2: autoDraw = False
659.3804 	EXP 	fixation_3: autoDraw = False
659.3804 	EXP 	target_square_2: pos = array([0.2, 0. ])
659.3804 	EXP 	grid_lines_2: autoDraw = True
659.3804 	EXP 	target_square_2: autoDraw = True
660.3638 	EXP 	fixation_3: autoDraw = True
660.3804 	EXP 	target_square_2: autoDraw = False
661.3638 	EXP 	fixation_3: autoDraw = False
661.3676 	EXP 	New trial (rep=0, index=118): {'square': 2, 'location': [0, 0.2], 'corrAns': None}
661.3681 	EXP 	window1: mouseVisible = False
661.3804 	EXP 	grid_lines_2: autoDraw = False
661.3804 	EXP 	target_square_2: autoDraw = False
661.3804 	EXP 	fixation_3: autoDraw = False
661.3804 	EXP 	target_square_2: pos = array([0. , 0.2])
661.3804 	EXP 	grid_lines_2: autoDraw = True
661.3804 	EXP 	target_square_2: autoDraw = True
662.3638 	EXP 	fixation_3: autoDraw = True
662.3805 	EXP 	target_square_2: autoDraw = False
663.3638 	EXP 	fixation_3: autoDraw = False
663.3675 	EXP 	New trial (rep=0, index=119): {'square': 5, 'location': [0, 0], 'corrAns': None}
663.3679 	EXP 	window1: mouseVisible = False
663.3804 	EXP 	grid_lines_2: autoDraw = False
663.3804 	EXP 	target_square_2: autoDraw = False
663.3804 	EXP 	fixation_3: autoDraw = False
663.3804 	EXP 	target_square_2: pos = array([0., 0.])
663.3804 	EXP 	grid_lines_2: autoDraw = True
663.3804 	EXP 	target_square_2: autoDraw = True
664.3638 	EXP 	fixation_3: autoDraw = True
664.3805 	EXP 	target_square_2: autoDraw = False
665.3638 	EXP 	fixation_3: autoDraw = False
665.3805 	EXP 	Created unnamed TextStim = TextStim(__class__=<class 'psychopy.visual.text.TextStim'>, alignHoriz=method-wrapper(...), alignText='center', alignVert=method-wrapper(...), anchorHoriz='center', anchorVert='center', antialias=True, autoLog=True, bold=False, color=array([1., 1., 1.]), colorSpace='rgb', contrast=1.0, depth=0, flipHoriz=False, flipVert=False, font='', fontFiles=[], height=0.05, italic=False, languageStyle='LTR', name='unnamed TextStim', opacity=1.0, ori=0.0, pos=array([0., 0.]), rgb=UNKNOWN, text=str(...), units='height', win=Window(...), wrapWidth=1)
665.3972 	EXP 	grid_lines_2: autoDraw = False
665.3972 	EXP 	target_square_2: autoDraw = False
665.3972 	EXP 	fixation_3: autoDraw = False
925.6277 	DATA 	Mouse: Left button down, pos=(497,619)
925.7711 	DATA 	Mouse:  Left button up, pos=(364,408)
1341.6245 	DATA 	Mouse: Left button down, pos=(1466,337)
1341.7123 	DATA 	Mouse:  Left button up, pos=(1466,337)
1343.5445 	DATA 	Keypress: escape
1344.9605 	DATA 	Keypress: e
1345.0649 	EXP 	Created unnamed TextStim = TextStim(__class__=<class 'psychopy.visual.text.TextStim'>, alignHoriz=method-wrapper(...), alignText='center', alignVert=method-wrapper(...), anchorHoriz='center', anchorVert='center', antialias=True, autoLog=True, bold=False, color=array([1., 1., 1.]), colorSpace='rgb', contrast=1.0, depth=0, flipHoriz=False, flipVert=False, font='', fontFiles=[], height=0.05, italic=False, languageStyle='LTR', name='unnamed TextStim', opacity=1.0, ori=0.0, pos=array([0., 0.]), rgb=UNKNOWN, text=str(...), units='height', win=Window(...), wrapWidth=1)
1345.1482 	EXP 	window1: mouseVisible = True
