10.6028 	EXP 	Created Nbackinstructions = TextStim(__class__=<class 'psychopy.visual.text.TextStim'>, alignHoriz=method-wrapper(...), alignText='center', alignVert=method-wrapper(...), anchorHoriz='center', anchorVert='center', antialias=True, autoLog=True, bold=False, color='white', colorSpace='named', contrast=1.0, depth=0, flipHoriz=False, flipVert=False, font='Arial', fontFiles=[], height=0.05, italic=False, languageStyle='LTR', name='Nbackinstructions', opacity=1.0, ori=0.0, pos=array([0., 0.]), rgb=array([255., 255., 255.]), text=str(...), units='height', win=Window(...), wrapWidth=1.75)
10.6299 	EXP 	Created NbackInstructionImg = ImageStim(__class__=<class 'psychopy.visual.image.ImageStim'>, autoLog=True, color=array([1., 1., 1.]), colorSpace='rgb', contrast=1.0, depth=0.0, flipHoriz=False, flipVert=False, image='instruction_stim/1.png', interpolate=True, mask=None, maskParams=None, name='NbackInstructionImg', opacity=1.0, ori=0.0, pos=array([0. , 0.1]), size=array([0.3, 0.3]), texRes=128, units='height', win=Window(...))
10.7219 	EXP 	Created NbackInstructionWideImg = ImageStim(__class__=<class 'psychopy.visual.image.ImageStim'>, autoLog=True, color=array([1., 1., 1.]), colorSpace='rgb', contrast=1.0, depth=0.0, flipHoriz=False, flipVert=False, image='instruction_stim/3.png', interpolate=True, mask=None, maskParams=None, name='NbackInstructionWideImg', opacity=1.0, ori=0.0, pos=array([0., 0.]), size=array([1. , 0.3]), texRes=128, units='height', win=Window(...))
10.7234 	EXP 	Created ClickPrompt = TextStim(__class__=<class 'psychopy.visual.text.TextStim'>, alignHoriz=method-wrapper(...), alignText='center', alignVert=method-wrapper(...), anchorHoriz='center', anchorVert='center', antialias=True, autoLog=True, bold=False, color='white', colorSpace='named', contrast=1.0, depth=0, flipHoriz=False, flipVert=False, font='Arial', fontFiles=[], height=0.05, italic=False, languageStyle='LTR', name='ClickPrompt', opacity=1.0, ori=0.0, pos=array([ 0. , -0.4]), rgb=array([255., 255., 255.]), text='', units='height', win=Window(...), wrapWidth=1)
10.7413 	EXP 	Created box1Text = TextStim(__class__=<class 'psychopy.visual.text.TextStim'>, alignHoriz=method-wrapper(...), alignText='center', alignVert=method-wrapper(...), anchorHoriz='center', anchorVert='center', antialias=True, autoLog=True, bold=False, color='white', colorSpace='named', contrast=1.0, depth=0, flipHoriz=False, flipVert=False, font='Arial', fontFiles=[], height=0.05, italic=False, languageStyle='LTR', name='box1Text', opacity=1.0, ori=0.0, pos=array([0. , 0.1]), rgb=array([255., 255., 255.]), text='Button/key 1 \nindicates "Yes", a match.', units='height', win=Window(...), wrapWidth=1)
10.7497 	EXP 	Created box2Text = TextStim(__class__=<class 'psychopy.visual.text.TextStim'>, alignHoriz=method-wrapper(...), alignText='center', alignVert=method-wrapper(...), anchorHoriz='center', anchorVert='center', antialias=True, autoLog=True, bold=False, color='white', colorSpace='named', contrast=1.0, depth=0, flipHoriz=False, flipVert=False, font='Arial', fontFiles=[], height=0.05, italic=False, languageStyle='LTR', name='box2Text', opacity=1.0, ori=0.0, pos=array([ 0. , -0.1]), rgb=array([255., 255., 255.]), text='Button/key 2 \nindicates "No", a mismatch.', units='height', win=Window(...), wrapWidth=1)
10.7535 	EXP 	Created box1Check = TextStim(__class__=<class 'psychopy.visual.text.TextStim'>, alignHoriz=method-wrapper(...), alignText='center', alignVert=method-wrapper(...), anchorHoriz='center', anchorVert='center', antialias=True, autoLog=True, bold=False, color='red', colorSpace='named', contrast=1.0, depth=0, flipHoriz=False, flipVert=False, font='Arial', fontFiles=[], height=0.05, italic=False, languageStyle='LTR', name='box1Check', opacity=1.0, ori=0.0, pos=array([-0.2 ,  0.15]), rgb=array([255.,   0.,   0.]), text='X', units='height', win=Window(...), wrapWidth=1)
10.7569 	EXP 	Created box2Check = TextStim(__class__=<class 'psychopy.visual.text.TextStim'>, alignHoriz=method-wrapper(...), alignText='center', alignVert=method-wrapper(...), anchorHoriz='center', anchorVert='center', antialias=True, autoLog=True, bold=False, color='red', colorSpace='named', contrast=1.0, depth=0, flipHoriz=False, flipVert=False, font='Arial', fontFiles=[], height=0.05, italic=False, languageStyle='LTR', name='box2Check', opacity=1.0, ori=0.0, pos=array([-0.2 , -0.05]), rgb=array([255.,   0.,   0.]), text='X', units='height', win=Window(...), wrapWidth=1)
10.7612 	EXP 	Created box1 = Rect(__class__=<class 'psychopy.visual.rect.Rect'>, autoDraw=False, autoLog=True, closeShape=True, color=method-wrapper(...), colorSpace=None, contrast=1.0, depth=0.0, fillColor=array([1., 1., 1.]), fillColorSpace='rgb', fillRGB=array([1., 1., 1.]), interpolate=True, lineColor=array([1., 1., 1.]), lineColorSpace='rgb', lineRGB=array([1., 1., 1.]), lineWidth=1, name='box1', opacity=1.0, ori=array(0.), pos=array([-0.2 ,  0.15]), size=array([0.05, 0.05]), units='height', vertices=ndarray(...), win=Window(...))
10.7648 	EXP 	Created box2 = Rect(__class__=<class 'psychopy.visual.rect.Rect'>, autoDraw=False, autoLog=True, closeShape=True, color=method-wrapper(...), colorSpace=None, contrast=1.0, depth=0.0, fillColor=array([1., 1., 1.]), fillColorSpace='rgb', fillRGB=array([1., 1., 1.]), interpolate=True, lineColor=array([1., 1., 1.]), lineColorSpace='rgb', lineRGB=array([1., 1., 1.]), lineWidth=1, name='box2', opacity=1.0, ori=array(0.), pos=array([-0.2 , -0.05]), size=array([0.05, 0.05]), units='height', vertices=ndarray(...), win=Window(...))
10.7659 	EXP 	window1: mouseVisible = True
10.7745 	EXP 	Created continueText = TextStim(__class__=<class 'psychopy.visual.text.TextStim'>, alignHoriz=method-wrapper(...), alignText='center', alignVert=method-wrapper(...), anchorHoriz='center', anchorVert='center', antialias=True, autoLog=True, bold=False, color='white', colorSpace='named', contrast=1.0, depth=0, flipHoriz=False, flipVert=False, font='Arial', fontFiles=[], height=0.05, italic=False, languageStyle='LTR', name='continueText', opacity=1.0, ori=0.0, pos=array([ 0.  , -0.35]), rgb=array([255., 255., 255.]), text='Experimenter press [Space] to continue.', units='height', win=Window(...), wrapWidth=1)
10.7801 	EXP 	Created Feedback = TextStim(__class__=<class 'psychopy.visual.text.TextStim'>, alignHoriz=method-wrapper(...), alignText='center', alignVert=method-wrapper(...), anchorHoriz='center', anchorVert='center', antialias=True, autoLog=True, bold=False, color='white', colorSpace='named', contrast=1.0, depth=0, flipHoriz=False, flipVert=False, font='Arial', fontFiles=[], height=0.05, italic=False, languageStyle='LTR', name='Feedback', opacity=1.0, ori=0.0, pos=array([0., 0.]), rgb=array([255., 255., 255.]), text='Incorrect!', units='height', win=Window(...), wrapWidth=1)
10.7841 	EXP 	Created fixation_2 = TextStim(__class__=<class 'psychopy.visual.text.TextStim'>, alignHoriz=method-wrapper(...), alignText='center', alignVert=method-wrapper(...), anchorHoriz='center', anchorVert='center', antialias=True, autoLog=True, bold=False, color='white', colorSpace='named', contrast=1.0, depth=-2.0, flipHoriz=False, flipVert=False, font='Arial', fontFiles=[], height=0.05, italic=False, languageStyle='LTR', name='fixation_2', opacity=1.0, ori=0, pos=array([0., 0.]), rgb=array([255., 255., 255.]), text='+', units='height', win=Window(...), wrapWidth=1)
11.1230 	EXP 	Created grid_lines = ImageStim(__class__=<class 'psychopy.visual.image.ImageStim'>, autoLog=True, color=array([1., 1., 1.]), colorSpace='rgb', contrast=1.0, depth=0.0, flipHoriz=False, flipVert=False, image='grid.png', interpolate=True, mask=None, maskParams=None, name='grid_lines', opacity=1.0, ori=0.0, pos=array([0., 0.]), size=array([0.6, 0.6]), texRes=128, units='height', win=Window(...))
11.1266 	EXP 	Created target_square = Rect(__class__=<class 'psychopy.visual.rect.Rect'>, autoDraw=False, autoLog=True, closeShape=True, color=method-wrapper(...), colorSpace=None, contrast=1.0, depth=-1.0, fillColor=array([1., 1., 1.]), fillColorSpace='rgb', fillRGB=array([1., 1., 1.]), interpolate=True, lineColor=None, lineColorSpace=None, lineRGB=None, lineWidth=1, name='target_square', opacity=1.0, ori=array(0.), pos=array([0., 0.]), size=array([0.15, 0.15]), units='height', vertices=ndarray(...), win=Window(...))
11.1330 	EXP 	Created fixation_1 = TextStim(__class__=<class 'psychopy.visual.text.TextStim'>, alignHoriz=method-wrapper(...), alignText='center', alignVert=method-wrapper(...), anchorHoriz='center', anchorVert='center', antialias=True, autoLog=True, bold=False, color='white', colorSpace='named', contrast=1.0, depth=-2.0, flipHoriz=False, flipVert=False, font='Arial', fontFiles=[], height=0.05, italic=False, languageStyle='LTR', name='fixation_1', opacity=1.0, ori=0, pos=array([0., 0.]), rgb=array([255., 255., 255.]), text='+', units='height', win=Window(...), wrapWidth=1)
11.1333 	EXP 	window1: mouseVisible = True
11.1649 	EXP 	Created ScoreReportText = TextStim(__class__=<class 'psychopy.visual.text.TextStim'>, alignHoriz=method-wrapper(...), alignText='center', alignVert=method-wrapper(...), anchorHoriz='center', anchorVert='center', antialias=True, autoLog=True, bold=False, color='white', colorSpace='named', contrast=1.0, depth=0, flipHoriz=False, flipVert=False, font='Arial', fontFiles=[], height=0.05, italic=False, languageStyle='LTR', name='ScoreReportText', opacity=1.0, ori=0.0, pos=array([0., 0.]), rgb=array([255., 255., 255.]), text=str(...), units='height', win=Window(...), wrapWidth=1.75)
11.5614 	EXP 	Created grid_lines_2 = ImageStim(__class__=<class 'psychopy.visual.image.ImageStim'>, autoLog=True, color=array([1., 1., 1.]), colorSpace='rgb', contrast=1.0, depth=0.0, flipHoriz=False, flipVert=False, image='grid.png', interpolate=True, mask=None, maskParams=None, name='grid_lines_2', opacity=1.0, ori=0.0, pos=array([0., 0.]), size=array([0.6, 0.6]), texRes=128, units='height', win=Window(...))
11.5647 	EXP 	Created target_square_2 = Rect(__class__=<class 'psychopy.visual.rect.Rect'>, autoDraw=False, autoLog=True, closeShape=True, color=method-wrapper(...), colorSpace=None, contrast=1.0, depth=-1.0, fillColor=array([1., 1., 1.]), fillColorSpace='rgb', fillRGB=array([1., 1., 1.]), interpolate=True, lineColor=None, lineColorSpace=None, lineRGB=None, lineWidth=1, name='target_square_2', opacity=1.0, ori=array(0.), pos=array([0., 0.]), size=array([0.15, 0.15]), units='height', vertices=ndarray(...), win=Window(...))
11.5709 	EXP 	Created fixation_3 = TextStim(__class__=<class 'psychopy.visual.text.TextStim'>, alignHoriz=method-wrapper(...), alignText='center', alignVert=method-wrapper(...), anchorHoriz='center', anchorVert='center', antialias=True, autoLog=True, bold=False, color='white', colorSpace='named', contrast=1.0, depth=-2.0, flipHoriz=False, flipVert=False, font='Arial', fontFiles=[], height=0.05, italic=False, languageStyle='LTR', name='fixation_3', opacity=1.0, ori=0, pos=array([0., 0.]), rgb=array([255., 255., 255.]), text='+', units='height', win=Window(...), wrapWidth=1)
11.5715 	EXP 	window1: mouseVisible = True
11.5731 	EXP 	window1: mouseVisible = False
11.8343 	EXP 	Nbackinstructions: text = 'Welcome to the n-back task \n\n\nPlease read the following instructions \nvery carefully.\n\n\n\n\n\n\n\n\nExperimenter press [Space] to continue.'
13.0081 	DATA 	Mouse: Left button down, pos=(999,495)
13.1120 	DATA 	Mouse:  Left button up, pos=(999,495)
13.2915 	DATA 	Keypress: space
13.3396 	EXP 	Nbackinstructions: text = 'During the task you will be presented a white square in one of nine positions on a grid. \n\n\n\n\n\n\nDepending on the instruction, your task is to indicate whether the \ncurrent position is the same as either:\nthe position on the last trial\nor the position two trials ago\n\n\nExperimenter press [Space] to continue.'
13.3396 	EXP 	NbackInstructionImg: image = 'c:\\Users\\Admin\\Documents\\GitHub\\canlab\\WASABI_public\\fMRI Tasks\\WASABI distractmap\\instruction_stim\\1.png'
13.6520 	DATA 	Keypress: space
13.6909 	EXP 	Nbackinstructions: text = 'Between each trial, a fixation cross will appear in the middle of the grid. \n\n\n\n\n\n\n\n\nYou do not need to respond during this time. \nSimply wait for the next trial.\n\n\n\nExperimenter press [Space] to continue.'
13.6909 	EXP 	NbackInstructionImg: image = 'c:\\Users\\Admin\\Documents\\GitHub\\canlab\\WASABI_public\\fMRI Tasks\\WASABI distractmap\\instruction_stim\\2.png'
14.6040 	DATA 	Keypress: space
14.6716 	EXP 	NbackInstructionImg: autoDraw = False
14.6716 	EXP 	Nbackinstructions: text = '\n1-back\n\n\n\n\n\n\n\nDuring 1-back you will have to indicate whether the current position matches the position that was presented in the last trial, by either pressing the "yes" button (left click) or the "no" button (right click).\n\n\nExperimenter press [Space] to show an example.'
15.0962 	DATA 	Keypress: space
15.1276 	EXP 	box1: fillColor = 'white'
15.1276 	EXP 	box1: lineColor = 'white'
15.1276 	EXP 	box1: color = 'white'
15.1276 	EXP 	box2: fillColor = 'white'
15.1276 	EXP 	box2: lineColor = 'white'
15.1276 	EXP 	box2: color = 'white'
15.1276 	EXP 	box1Text: autoDraw = True
15.1276 	EXP 	box1: autoDraw = True
15.1276 	EXP 	box2Text: autoDraw = True
15.1276 	EXP 	box2: autoDraw = True
15.7243 	DATA 	Mouse: Left button down, pos=(1181,393)
15.7394 	EXP 	box1Check: autoDraw = True
15.8404 	DATA 	Mouse:  Left button up, pos=(1186,393)
16.0407 	DATA 	Mouse: Right button down, pos=(1196,395)
16.0562 	EXP 	box2Check: autoDraw = True
16.0562 	EXP 	continueText: autoDraw = True
16.1423 	DATA 	Mouse:  Right button up, pos=(1199,395)
16.3247 	DATA 	Keypress: space
16.3683 	EXP 	window1: mouseVisible = True
16.3706 	EXP 	box1Text: autoDraw = False
16.3706 	EXP 	box2Text: autoDraw = False
16.3706 	EXP 	box1: autoDraw = False
16.3706 	EXP 	box2: autoDraw = False
16.3706 	EXP 	box1Check: autoDraw = False
16.3706 	EXP 	box2Check: autoDraw = False
16.3706 	EXP 	continueText: autoDraw = False
16.3706 	EXP 	Nbackinstructions: text = 'In the below 1-back example you should make a "yes" response (left click) on trial 3, since the position is the same as the position on trial 2, while the other trials require a "no" (right click) response.\n\n\n\n\n\n\n\n\n\n'
16.3706 	EXP 	Nbackinstructions: autoDraw = True
16.3706 	EXP 	ClickPrompt: text = 'Click to continue'
16.3706 	EXP 	NbackInstructionWideImg: autoDraw = True
16.3727 	EXP 	NbackInstructionWideImg: autoDraw = True
16.3898 	EXP 	NbackInstructionWideImg: autoDraw = True
16.4090 	EXP 	NbackInstructionWideImg: autoDraw = True
16.4237 	EXP 	NbackInstructionWideImg: autoDraw = True
16.4401 	EXP 	NbackInstructionWideImg: autoDraw = True
16.4563 	EXP 	NbackInstructionWideImg: autoDraw = True
16.4734 	EXP 	NbackInstructionWideImg: autoDraw = True
16.4897 	EXP 	NbackInstructionWideImg: autoDraw = True
16.5065 	EXP 	NbackInstructionWideImg: autoDraw = True
16.5232 	EXP 	NbackInstructionWideImg: autoDraw = True
16.5398 	EXP 	NbackInstructionWideImg: autoDraw = True
16.5566 	EXP 	NbackInstructionWideImg: autoDraw = True
16.5732 	EXP 	NbackInstructionWideImg: autoDraw = True
16.5904 	EXP 	NbackInstructionWideImg: autoDraw = True
16.6065 	EXP 	NbackInstructionWideImg: autoDraw = True
16.6232 	EXP 	NbackInstructionWideImg: autoDraw = True
16.6401 	EXP 	NbackInstructionWideImg: autoDraw = True
16.6564 	EXP 	NbackInstructionWideImg: autoDraw = True
16.6731 	EXP 	NbackInstructionWideImg: autoDraw = True
16.6899 	EXP 	NbackInstructionWideImg: autoDraw = True
16.7064 	EXP 	NbackInstructionWideImg: autoDraw = True
16.7233 	EXP 	NbackInstructionWideImg: autoDraw = True
16.7398 	EXP 	NbackInstructionWideImg: autoDraw = True
16.7566 	EXP 	NbackInstructionWideImg: autoDraw = True
16.7733 	EXP 	NbackInstructionWideImg: autoDraw = True
16.7899 	EXP 	NbackInstructionWideImg: autoDraw = True
16.8069 	EXP 	NbackInstructionWideImg: autoDraw = True
16.8233 	EXP 	NbackInstructionWideImg: autoDraw = True
16.8399 	EXP 	NbackInstructionWideImg: autoDraw = True
16.8567 	EXP 	NbackInstructionWideImg: autoDraw = True
16.8733 	EXP 	NbackInstructionWideImg: autoDraw = True
16.8901 	EXP 	NbackInstructionWideImg: autoDraw = True
16.9066 	EXP 	NbackInstructionWideImg: autoDraw = True
16.9233 	EXP 	NbackInstructionWideImg: autoDraw = True
16.9400 	EXP 	NbackInstructionWideImg: autoDraw = True
16.9565 	EXP 	NbackInstructionWideImg: autoDraw = True
16.9736 	EXP 	NbackInstructionWideImg: autoDraw = True
16.9899 	EXP 	NbackInstructionWideImg: autoDraw = True
17.0069 	EXP 	NbackInstructionWideImg: autoDraw = True
17.0235 	EXP 	NbackInstructionWideImg: autoDraw = True
17.0400 	EXP 	NbackInstructionWideImg: autoDraw = True
17.0571 	EXP 	NbackInstructionWideImg: autoDraw = True
17.0733 	EXP 	NbackInstructionWideImg: autoDraw = True
17.0901 	EXP 	NbackInstructionWideImg: autoDraw = True
17.1069 	EXP 	NbackInstructionWideImg: autoDraw = True
17.1234 	EXP 	NbackInstructionWideImg: autoDraw = True
17.1402 	EXP 	NbackInstructionWideImg: autoDraw = True
17.1568 	EXP 	NbackInstructionWideImg: autoDraw = True
17.1735 	EXP 	NbackInstructionWideImg: autoDraw = True
17.1902 	EXP 	NbackInstructionWideImg: autoDraw = True
17.2067 	EXP 	NbackInstructionWideImg: autoDraw = True
17.2237 	EXP 	NbackInstructionWideImg: autoDraw = True
17.2400 	EXP 	NbackInstructionWideImg: autoDraw = True
17.2568 	EXP 	NbackInstructionWideImg: autoDraw = True
17.2735 	EXP 	NbackInstructionWideImg: autoDraw = True
17.2902 	EXP 	NbackInstructionWideImg: autoDraw = True
17.3071 	EXP 	NbackInstructionWideImg: autoDraw = True
17.3236 	EXP 	NbackInstructionWideImg: autoDraw = True
17.3404 	EXP 	NbackInstructionWideImg: autoDraw = True
17.3570 	EXP 	NbackInstructionWideImg: autoDraw = True
17.3735 	EXP 	NbackInstructionWideImg: autoDraw = True
17.3904 	EXP 	NbackInstructionWideImg: image = 'c:\\Users\\Admin\\Documents\\GitHub\\canlab\\WASABI_public\\fMRI Tasks\\WASABI distractmap\\instruction_stim\\3.png'
17.3904 	EXP 	NbackInstructionWideImg: autoDraw = True
17.4069 	EXP 	NbackInstructionWideImg: autoDraw = True
17.4234 	EXP 	NbackInstructionWideImg: autoDraw = True
17.4407 	EXP 	NbackInstructionWideImg: autoDraw = True
17.4568 	EXP 	NbackInstructionWideImg: autoDraw = True
17.4737 	EXP 	NbackInstructionWideImg: autoDraw = True
17.4902 	EXP 	NbackInstructionWideImg: autoDraw = True
17.5070 	EXP 	NbackInstructionWideImg: autoDraw = True
17.5240 	EXP 	NbackInstructionWideImg: autoDraw = True
17.5401 	EXP 	NbackInstructionWideImg: autoDraw = True
17.5570 	EXP 	NbackInstructionWideImg: autoDraw = True
17.5735 	EXP 	NbackInstructionWideImg: autoDraw = True
17.5904 	EXP 	NbackInstructionWideImg: autoDraw = True
17.6071 	EXP 	NbackInstructionWideImg: autoDraw = True
17.6237 	EXP 	NbackInstructionWideImg: autoDraw = True
17.6405 	EXP 	NbackInstructionWideImg: autoDraw = True
17.6571 	EXP 	NbackInstructionWideImg: autoDraw = True
17.6743 	EXP 	NbackInstructionWideImg: autoDraw = True
17.6905 	EXP 	NbackInstructionWideImg: autoDraw = True
17.7070 	EXP 	NbackInstructionWideImg: autoDraw = True
17.7239 	EXP 	NbackInstructionWideImg: autoDraw = True
17.7402 	EXP 	NbackInstructionWideImg: autoDraw = True
17.7570 	EXP 	NbackInstructionWideImg: autoDraw = True
17.7739 	EXP 	NbackInstructionWideImg: autoDraw = True
17.7902 	EXP 	NbackInstructionWideImg: autoDraw = True
17.8072 	EXP 	NbackInstructionWideImg: autoDraw = True
17.8236 	EXP 	NbackInstructionWideImg: autoDraw = True
17.8404 	EXP 	NbackInstructionWideImg: autoDraw = True
17.8570 	EXP 	NbackInstructionWideImg: autoDraw = True
17.8738 	EXP 	NbackInstructionWideImg: autoDraw = True
17.8906 	EXP 	NbackInstructionWideImg: autoDraw = True
17.9070 	EXP 	NbackInstructionWideImg: autoDraw = True
17.9238 	EXP 	NbackInstructionWideImg: autoDraw = True
17.9406 	EXP 	NbackInstructionWideImg: autoDraw = True
17.9572 	EXP 	NbackInstructionWideImg: autoDraw = True
17.9739 	EXP 	NbackInstructionWideImg: autoDraw = True
17.9904 	EXP 	NbackInstructionWideImg: autoDraw = True
18.0071 	EXP 	NbackInstructionWideImg: autoDraw = True
18.0239 	EXP 	NbackInstructionWideImg: autoDraw = True
18.0404 	EXP 	NbackInstructionWideImg: autoDraw = True
18.0573 	EXP 	NbackInstructionWideImg: autoDraw = True
18.0738 	EXP 	NbackInstructionWideImg: autoDraw = True
18.0905 	EXP 	NbackInstructionWideImg: autoDraw = True
18.1073 	EXP 	NbackInstructionWideImg: autoDraw = True
18.1238 	EXP 	NbackInstructionWideImg: autoDraw = True
18.1407 	EXP 	NbackInstructionWideImg: autoDraw = True
18.1573 	EXP 	NbackInstructionWideImg: autoDraw = True
18.1744 	EXP 	NbackInstructionWideImg: autoDraw = True
18.1908 	EXP 	NbackInstructionWideImg: autoDraw = True
18.2073 	EXP 	NbackInstructionWideImg: autoDraw = True
18.2244 	EXP 	NbackInstructionWideImg: autoDraw = True
18.2407 	EXP 	NbackInstructionWideImg: autoDraw = True
18.2573 	EXP 	NbackInstructionWideImg: autoDraw = True
18.2740 	EXP 	NbackInstructionWideImg: autoDraw = True
18.2906 	EXP 	NbackInstructionWideImg: autoDraw = True
18.3074 	EXP 	NbackInstructionWideImg: autoDraw = True
18.3239 	EXP 	NbackInstructionWideImg: autoDraw = True
18.3406 	EXP 	NbackInstructionWideImg: autoDraw = True
18.3574 	EXP 	NbackInstructionWideImg: autoDraw = True
18.3739 	EXP 	NbackInstructionWideImg: autoDraw = True
18.4314 	EXP 	NbackInstructionWideImg: image = 'c:\\Users\\Admin\\Documents\\GitHub\\canlab\\WASABI_public\\fMRI Tasks\\WASABI distractmap\\instruction_stim\\4.png'
18.4314 	EXP 	NbackInstructionWideImg: autoDraw = True
18.4409 	EXP 	NbackInstructionWideImg: autoDraw = True
18.4574 	EXP 	NbackInstructionWideImg: autoDraw = True
18.4742 	EXP 	NbackInstructionWideImg: autoDraw = True
18.4908 	EXP 	NbackInstructionWideImg: autoDraw = True
18.5074 	EXP 	NbackInstructionWideImg: autoDraw = True
18.5242 	EXP 	NbackInstructionWideImg: autoDraw = True
18.5407 	EXP 	NbackInstructionWideImg: autoDraw = True
18.5575 	EXP 	NbackInstructionWideImg: autoDraw = True
18.5740 	EXP 	NbackInstructionWideImg: autoDraw = True
18.5908 	EXP 	NbackInstructionWideImg: autoDraw = True
18.6075 	EXP 	NbackInstructionWideImg: autoDraw = True
18.6242 	EXP 	NbackInstructionWideImg: autoDraw = True
18.6419 	EXP 	NbackInstructionWideImg: autoDraw = True
18.6575 	EXP 	NbackInstructionWideImg: autoDraw = True
18.6742 	EXP 	NbackInstructionWideImg: autoDraw = True
18.6909 	EXP 	NbackInstructionWideImg: autoDraw = True
18.7074 	EXP 	NbackInstructionWideImg: autoDraw = True
18.7248 	EXP 	NbackInstructionWideImg: autoDraw = True
18.7409 	EXP 	NbackInstructionWideImg: autoDraw = True
18.7575 	EXP 	NbackInstructionWideImg: autoDraw = True
18.7743 	EXP 	NbackInstructionWideImg: autoDraw = True
18.7910 	EXP 	NbackInstructionWideImg: autoDraw = True
18.8077 	EXP 	NbackInstructionWideImg: autoDraw = True
18.8243 	EXP 	NbackInstructionWideImg: autoDraw = True
18.8414 	EXP 	NbackInstructionWideImg: autoDraw = True
18.8578 	EXP 	NbackInstructionWideImg: autoDraw = True
18.8743 	EXP 	NbackInstructionWideImg: autoDraw = True
18.8910 	EXP 	NbackInstructionWideImg: autoDraw = True
18.9075 	EXP 	NbackInstructionWideImg: autoDraw = True
18.9243 	EXP 	NbackInstructionWideImg: autoDraw = True
18.9413 	EXP 	NbackInstructionWideImg: autoDraw = True
18.9576 	EXP 	NbackInstructionWideImg: autoDraw = True
18.9745 	EXP 	NbackInstructionWideImg: autoDraw = True
18.9927 	EXP 	NbackInstructionWideImg: autoDraw = True
19.0087 	EXP 	NbackInstructionWideImg: autoDraw = True
19.0245 	EXP 	NbackInstructionWideImg: autoDraw = True
19.0411 	EXP 	NbackInstructionWideImg: autoDraw = True
19.0578 	EXP 	NbackInstructionWideImg: autoDraw = True
19.0744 	EXP 	NbackInstructionWideImg: autoDraw = True
19.0917 	EXP 	NbackInstructionWideImg: autoDraw = True
19.1078 	EXP 	NbackInstructionWideImg: autoDraw = True
19.1245 	EXP 	NbackInstructionWideImg: autoDraw = True
19.1412 	EXP 	NbackInstructionWideImg: autoDraw = True
19.1578 	EXP 	NbackInstructionWideImg: autoDraw = True
19.1744 	EXP 	NbackInstructionWideImg: autoDraw = True
19.1915 	EXP 	NbackInstructionWideImg: autoDraw = True
19.2078 	EXP 	NbackInstructionWideImg: autoDraw = True
19.2245 	EXP 	NbackInstructionWideImg: autoDraw = True
19.2410 	EXP 	NbackInstructionWideImg: autoDraw = True
19.2577 	EXP 	NbackInstructionWideImg: autoDraw = True
19.2746 	EXP 	NbackInstructionWideImg: autoDraw = True
19.2911 	EXP 	NbackInstructionWideImg: autoDraw = True
19.3079 	EXP 	NbackInstructionWideImg: autoDraw = True
19.3244 	EXP 	NbackInstructionWideImg: autoDraw = True
19.3411 	EXP 	NbackInstructionWideImg: autoDraw = True
19.3578 	EXP 	NbackInstructionWideImg: autoDraw = True
19.3745 	EXP 	NbackInstructionWideImg: autoDraw = True
19.3913 	EXP 	NbackInstructionWideImg: image = 'c:\\Users\\Admin\\Documents\\GitHub\\canlab\\WASABI_public\\fMRI Tasks\\WASABI distractmap\\instruction_stim\\5.png'
19.3913 	EXP 	NbackInstructionWideImg: autoDraw = True
19.4079 	EXP 	NbackInstructionWideImg: autoDraw = True
19.4247 	EXP 	NbackInstructionWideImg: autoDraw = True
19.4413 	EXP 	NbackInstructionWideImg: autoDraw = True
19.4578 	EXP 	NbackInstructionWideImg: autoDraw = True
19.4748 	EXP 	NbackInstructionWideImg: autoDraw = True
19.4913 	EXP 	NbackInstructionWideImg: autoDraw = True
19.5080 	EXP 	NbackInstructionWideImg: autoDraw = True
19.5247 	EXP 	NbackInstructionWideImg: autoDraw = True
19.5412 	EXP 	NbackInstructionWideImg: autoDraw = True
19.5581 	EXP 	NbackInstructionWideImg: autoDraw = True
19.5746 	EXP 	NbackInstructionWideImg: autoDraw = True
19.5911 	EXP 	NbackInstructionWideImg: autoDraw = True
19.6081 	EXP 	NbackInstructionWideImg: autoDraw = True
19.6247 	EXP 	NbackInstructionWideImg: autoDraw = True
19.6415 	EXP 	NbackInstructionWideImg: autoDraw = True
19.6579 	EXP 	NbackInstructionWideImg: autoDraw = True
19.6746 	EXP 	NbackInstructionWideImg: autoDraw = True
19.6915 	EXP 	NbackInstructionWideImg: autoDraw = True
19.7080 	EXP 	NbackInstructionWideImg: autoDraw = True
19.7248 	EXP 	NbackInstructionWideImg: autoDraw = True
19.7413 	EXP 	NbackInstructionWideImg: autoDraw = True
19.7580 	EXP 	NbackInstructionWideImg: autoDraw = True
19.7749 	EXP 	NbackInstructionWideImg: autoDraw = True
19.7914 	EXP 	NbackInstructionWideImg: autoDraw = True
19.8082 	EXP 	NbackInstructionWideImg: autoDraw = True
19.8248 	EXP 	NbackInstructionWideImg: autoDraw = True
19.8418 	EXP 	NbackInstructionWideImg: autoDraw = True
19.8581 	EXP 	NbackInstructionWideImg: autoDraw = True
19.8747 	EXP 	NbackInstructionWideImg: autoDraw = True
19.8918 	EXP 	NbackInstructionWideImg: autoDraw = True
19.9083 	EXP 	NbackInstructionWideImg: autoDraw = True
19.9247 	EXP 	NbackInstructionWideImg: autoDraw = True
19.9416 	EXP 	NbackInstructionWideImg: autoDraw = True
19.9580 	EXP 	NbackInstructionWideImg: autoDraw = True
19.9750 	EXP 	NbackInstructionWideImg: autoDraw = True
19.9914 	EXP 	NbackInstructionWideImg: autoDraw = True
20.0081 	EXP 	NbackInstructionWideImg: autoDraw = True
20.0249 	EXP 	NbackInstructionWideImg: autoDraw = True
20.0414 	EXP 	NbackInstructionWideImg: autoDraw = True
20.0584 	EXP 	NbackInstructionWideImg: autoDraw = True
20.0749 	EXP 	NbackInstructionWideImg: autoDraw = True
20.0916 	EXP 	NbackInstructionWideImg: autoDraw = True
20.1085 	EXP 	NbackInstructionWideImg: autoDraw = True
20.1249 	EXP 	NbackInstructionWideImg: autoDraw = True
20.1418 	EXP 	NbackInstructionWideImg: autoDraw = True
20.1582 	EXP 	NbackInstructionWideImg: autoDraw = True
20.1755 	EXP 	NbackInstructionWideImg: autoDraw = True
20.1919 	EXP 	NbackInstructionWideImg: autoDraw = True
20.2082 	EXP 	NbackInstructionWideImg: autoDraw = True
20.2252 	EXP 	NbackInstructionWideImg: autoDraw = True
20.2415 	EXP 	NbackInstructionWideImg: autoDraw = True
20.2583 	EXP 	NbackInstructionWideImg: autoDraw = True
20.2750 	EXP 	NbackInstructionWideImg: autoDraw = True
20.2915 	EXP 	NbackInstructionWideImg: autoDraw = True
20.3085 	EXP 	NbackInstructionWideImg: autoDraw = True
20.3250 	EXP 	NbackInstructionWideImg: autoDraw = True
20.3417 	EXP 	NbackInstructionWideImg: autoDraw = True
20.3586 	EXP 	NbackInstructionWideImg: autoDraw = True
20.3750 	EXP 	NbackInstructionWideImg: autoDraw = True
20.4560 	EXP 	NbackInstructionWideImg: image = 'c:\\Users\\Admin\\Documents\\GitHub\\canlab\\WASABI_public\\fMRI Tasks\\WASABI distractmap\\instruction_stim\\6.png'
20.4560 	EXP 	NbackInstructionWideImg: autoDraw = True
20.4582 	EXP 	NbackInstructionWideImg: autoDraw = True
20.4752 	EXP 	NbackInstructionWideImg: autoDraw = True
20.4919 	EXP 	NbackInstructionWideImg: autoDraw = True
20.5084 	EXP 	NbackInstructionWideImg: autoDraw = True
20.5251 	EXP 	NbackInstructionWideImg: autoDraw = True
20.5417 	EXP 	NbackInstructionWideImg: autoDraw = True
20.5585 	EXP 	NbackInstructionWideImg: autoDraw = True
20.5750 	EXP 	NbackInstructionWideImg: autoDraw = True
20.5918 	EXP 	NbackInstructionWideImg: autoDraw = True
20.6086 	EXP 	NbackInstructionWideImg: autoDraw = True
20.6250 	EXP 	NbackInstructionWideImg: autoDraw = True
20.6419 	EXP 	NbackInstructionWideImg: autoDraw = True
20.6585 	EXP 	NbackInstructionWideImg: autoDraw = True
20.6754 	EXP 	NbackInstructionWideImg: autoDraw = True
20.6920 	EXP 	NbackInstructionWideImg: autoDraw = True
20.7086 	EXP 	NbackInstructionWideImg: autoDraw = True
20.7253 	EXP 	NbackInstructionWideImg: autoDraw = True
20.7418 	EXP 	NbackInstructionWideImg: autoDraw = True
20.7586 	EXP 	NbackInstructionWideImg: autoDraw = True
20.7754 	EXP 	NbackInstructionWideImg: autoDraw = True
20.7918 	EXP 	NbackInstructionWideImg: autoDraw = True
20.8087 	EXP 	NbackInstructionWideImg: autoDraw = True
20.8251 	EXP 	NbackInstructionWideImg: autoDraw = True
20.8418 	EXP 	NbackInstructionWideImg: autoDraw = True
20.8587 	EXP 	NbackInstructionWideImg: autoDraw = True
20.8752 	EXP 	NbackInstructionWideImg: autoDraw = True
20.8920 	EXP 	NbackInstructionWideImg: autoDraw = True
20.9085 	EXP 	NbackInstructionWideImg: autoDraw = True
20.9253 	EXP 	NbackInstructionWideImg: autoDraw = True
20.9421 	EXP 	NbackInstructionWideImg: autoDraw = True
20.9587 	EXP 	NbackInstructionWideImg: autoDraw = True
20.9753 	EXP 	NbackInstructionWideImg: autoDraw = True
20.9920 	EXP 	NbackInstructionWideImg: autoDraw = True
21.0090 	EXP 	NbackInstructionWideImg: autoDraw = True
21.0254 	EXP 	NbackInstructionWideImg: autoDraw = True
21.0421 	EXP 	NbackInstructionWideImg: autoDraw = True
21.0588 	EXP 	NbackInstructionWideImg: autoDraw = True
21.0754 	EXP 	NbackInstructionWideImg: autoDraw = True
21.0921 	EXP 	NbackInstructionWideImg: autoDraw = True
21.1088 	EXP 	NbackInstructionWideImg: autoDraw = True
21.1255 	EXP 	NbackInstructionWideImg: autoDraw = True
21.1423 	EXP 	NbackInstructionWideImg: autoDraw = True
21.1586 	EXP 	NbackInstructionWideImg: autoDraw = True
21.1754 	EXP 	NbackInstructionWideImg: autoDraw = True
21.1923 	EXP 	NbackInstructionWideImg: autoDraw = True
21.2086 	EXP 	NbackInstructionWideImg: autoDraw = True
21.2256 	EXP 	NbackInstructionWideImg: autoDraw = True
21.2420 	EXP 	NbackInstructionWideImg: autoDraw = True
21.2587 	EXP 	NbackInstructionWideImg: autoDraw = True
21.2757 	EXP 	NbackInstructionWideImg: autoDraw = True
21.2920 	EXP 	NbackInstructionWideImg: autoDraw = True
21.3090 	EXP 	NbackInstructionWideImg: autoDraw = True
21.3254 	EXP 	NbackInstructionWideImg: autoDraw = True
21.3423 	EXP 	NbackInstructionWideImg: autoDraw = True
21.3589 	EXP 	NbackInstructionWideImg: autoDraw = True
21.3755 	EXP 	NbackInstructionWideImg: autoDraw = True
21.4686 	EXP 	NbackInstructionWideImg: image = 'c:\\Users\\Admin\\Documents\\GitHub\\canlab\\WASABI_public\\fMRI Tasks\\WASABI distractmap\\instruction_stim\\7.png'
21.4686 	EXP 	NbackInstructionWideImg: autoDraw = True
21.4756 	EXP 	NbackInstructionWideImg: autoDraw = True
21.4922 	EXP 	NbackInstructionWideImg: autoDraw = True
21.5090 	EXP 	NbackInstructionWideImg: autoDraw = True
21.5257 	EXP 	NbackInstructionWideImg: autoDraw = True
21.5423 	EXP 	NbackInstructionWideImg: autoDraw = True
21.5590 	EXP 	NbackInstructionWideImg: autoDraw = True
21.5755 	EXP 	NbackInstructionWideImg: autoDraw = True
21.5923 	EXP 	NbackInstructionWideImg: autoDraw = True
21.6090 	EXP 	NbackInstructionWideImg: autoDraw = True
21.6257 	EXP 	NbackInstructionWideImg: autoDraw = True
21.6425 	EXP 	NbackInstructionWideImg: autoDraw = True
21.6589 	EXP 	NbackInstructionWideImg: autoDraw = True
21.6757 	EXP 	NbackInstructionWideImg: autoDraw = True
21.6925 	EXP 	NbackInstructionWideImg: autoDraw = True
21.7088 	EXP 	NbackInstructionWideImg: autoDraw = True
21.7258 	EXP 	NbackInstructionWideImg: autoDraw = True
21.7423 	EXP 	NbackInstructionWideImg: autoDraw = True
21.7590 	EXP 	NbackInstructionWideImg: autoDraw = True
21.7757 	EXP 	NbackInstructionWideImg: autoDraw = True
21.7922 	EXP 	NbackInstructionWideImg: autoDraw = True
21.8092 	EXP 	NbackInstructionWideImg: autoDraw = True
21.8256 	EXP 	NbackInstructionWideImg: autoDraw = True
21.8424 	EXP 	NbackInstructionWideImg: autoDraw = True
21.8590 	EXP 	NbackInstructionWideImg: autoDraw = True
21.8758 	EXP 	NbackInstructionWideImg: autoDraw = True
21.8926 	EXP 	NbackInstructionWideImg: autoDraw = True
21.9089 	EXP 	NbackInstructionWideImg: autoDraw = True
21.9257 	EXP 	NbackInstructionWideImg: autoDraw = True
21.9425 	EXP 	NbackInstructionWideImg: autoDraw = True
21.9590 	EXP 	NbackInstructionWideImg: autoDraw = True
21.9761 	EXP 	NbackInstructionWideImg: autoDraw = True
21.9924 	EXP 	NbackInstructionWideImg: autoDraw = True
22.0091 	EXP 	NbackInstructionWideImg: autoDraw = True
22.0260 	EXP 	NbackInstructionWideImg: autoDraw = True
22.0423 	EXP 	NbackInstructionWideImg: autoDraw = True
22.0593 	EXP 	NbackInstructionWideImg: autoDraw = True
22.0758 	EXP 	NbackInstructionWideImg: autoDraw = True
22.0925 	EXP 	NbackInstructionWideImg: autoDraw = True
22.1093 	EXP 	NbackInstructionWideImg: autoDraw = True
22.1258 	EXP 	NbackInstructionWideImg: autoDraw = True
22.1427 	EXP 	NbackInstructionWideImg: autoDraw = True
22.1591 	EXP 	NbackInstructionWideImg: autoDraw = True
22.1759 	EXP 	NbackInstructionWideImg: autoDraw = True
22.1927 	EXP 	NbackInstructionWideImg: autoDraw = True
22.2091 	EXP 	NbackInstructionWideImg: autoDraw = True
22.2260 	EXP 	NbackInstructionWideImg: autoDraw = True
22.2424 	EXP 	NbackInstructionWideImg: autoDraw = True
22.2592 	EXP 	NbackInstructionWideImg: autoDraw = True
22.2760 	EXP 	NbackInstructionWideImg: autoDraw = True
22.2926 	EXP 	NbackInstructionWideImg: autoDraw = True
22.3094 	EXP 	NbackInstructionWideImg: autoDraw = True
22.3260 	EXP 	NbackInstructionWideImg: autoDraw = True
22.3426 	EXP 	NbackInstructionWideImg: autoDraw = True
22.3595 	EXP 	NbackInstructionWideImg: autoDraw = True
22.3759 	EXP 	NbackInstructionWideImg: autoDraw = True
22.3927 	EXP 	NbackInstructionWideImg: image = 'c:\\Users\\Admin\\Documents\\GitHub\\canlab\\WASABI_public\\fMRI Tasks\\WASABI distractmap\\instruction_stim\\8.png'
22.3927 	EXP 	NbackInstructionWideImg: autoDraw = True
22.4092 	EXP 	NbackInstructionWideImg: autoDraw = True
22.4259 	EXP 	NbackInstructionWideImg: autoDraw = True
22.4426 	EXP 	NbackInstructionWideImg: autoDraw = True
22.4593 	EXP 	NbackInstructionWideImg: autoDraw = True
22.4768 	EXP 	NbackInstructionWideImg: autoDraw = True
22.4926 	EXP 	NbackInstructionWideImg: autoDraw = True
22.5093 	EXP 	NbackInstructionWideImg: autoDraw = True
22.5261 	EXP 	NbackInstructionWideImg: autoDraw = True
22.5427 	EXP 	NbackInstructionWideImg: autoDraw = True
22.5594 	EXP 	NbackInstructionWideImg: autoDraw = True
22.5759 	EXP 	NbackInstructionWideImg: autoDraw = True
22.5928 	EXP 	NbackInstructionWideImg: autoDraw = True
22.6096 	EXP 	NbackInstructionWideImg: autoDraw = True
22.6261 	EXP 	NbackInstructionWideImg: autoDraw = True
22.6429 	EXP 	NbackInstructionWideImg: autoDraw = True
22.6593 	EXP 	NbackInstructionWideImg: autoDraw = True
22.6761 	EXP 	NbackInstructionWideImg: autoDraw = True
22.6933 	EXP 	NbackInstructionWideImg: autoDraw = True
22.7094 	EXP 	NbackInstructionWideImg: autoDraw = True
22.7263 	EXP 	NbackInstructionWideImg: autoDraw = True
22.7427 	EXP 	NbackInstructionWideImg: autoDraw = True
22.7594 	EXP 	NbackInstructionWideImg: autoDraw = True
22.7762 	EXP 	NbackInstructionWideImg: autoDraw = True
22.7927 	EXP 	NbackInstructionWideImg: autoDraw = True
22.8095 	EXP 	NbackInstructionWideImg: autoDraw = True
22.8261 	EXP 	NbackInstructionWideImg: autoDraw = True
22.8429 	EXP 	NbackInstructionWideImg: autoDraw = True
22.8596 	EXP 	NbackInstructionWideImg: autoDraw = True
22.8762 	EXP 	NbackInstructionWideImg: autoDraw = True
22.8930 	EXP 	NbackInstructionWideImg: autoDraw = True
22.9094 	EXP 	NbackInstructionWideImg: autoDraw = True
22.9262 	EXP 	NbackInstructionWideImg: autoDraw = True
22.9431 	EXP 	NbackInstructionWideImg: autoDraw = True
22.9595 	EXP 	NbackInstructionWideImg: autoDraw = True
22.9765 	EXP 	NbackInstructionWideImg: autoDraw = True
22.9929 	EXP 	NbackInstructionWideImg: autoDraw = True
23.0095 	EXP 	NbackInstructionWideImg: autoDraw = True
23.0264 	EXP 	NbackInstructionWideImg: autoDraw = True
23.0430 	EXP 	NbackInstructionWideImg: autoDraw = True
23.0598 	EXP 	NbackInstructionWideImg: autoDraw = True
23.0762 	EXP 	NbackInstructionWideImg: autoDraw = True
23.0928 	EXP 	NbackInstructionWideImg: autoDraw = True
23.1098 	EXP 	NbackInstructionWideImg: autoDraw = True
23.1265 	EXP 	NbackInstructionWideImg: autoDraw = True
23.1434 	EXP 	NbackInstructionWideImg: autoDraw = True
23.1596 	EXP 	NbackInstructionWideImg: autoDraw = True
23.1763 	EXP 	NbackInstructionWideImg: autoDraw = True
23.1930 	EXP 	NbackInstructionWideImg: autoDraw = True
23.2096 	EXP 	NbackInstructionWideImg: autoDraw = True
23.2266 	EXP 	NbackInstructionWideImg: autoDraw = True
23.2429 	EXP 	NbackInstructionWideImg: autoDraw = True
23.2597 	EXP 	NbackInstructionWideImg: autoDraw = True
23.2766 	EXP 	NbackInstructionWideImg: autoDraw = True
23.2930 	EXP 	NbackInstructionWideImg: autoDraw = True
23.3099 	EXP 	NbackInstructionWideImg: autoDraw = True
23.3265 	EXP 	NbackInstructionWideImg: autoDraw = True
23.3431 	EXP 	NbackInstructionWideImg: autoDraw = True
23.3601 	EXP 	NbackInstructionWideImg: autoDraw = True
23.3764 	EXP 	NbackInstructionWideImg: autoDraw = True
23.3932 	EXP 	NbackInstructionWideImg: image = 'c:\\Users\\Admin\\Documents\\GitHub\\canlab\\WASABI_public\\fMRI Tasks\\WASABI distractmap\\instruction_stim\\9.png'
23.3932 	EXP 	NbackInstructionWideImg: autoDraw = True
23.4098 	EXP 	NbackInstructionWideImg: autoDraw = True
23.4264 	EXP 	NbackInstructionWideImg: autoDraw = True
23.4432 	EXP 	NbackInstructionWideImg: autoDraw = True
23.4598 	EXP 	NbackInstructionWideImg: autoDraw = True
23.4772 	EXP 	NbackInstructionWideImg: autoDraw = True
23.4931 	EXP 	NbackInstructionWideImg: autoDraw = True
23.5099 	EXP 	NbackInstructionWideImg: autoDraw = True
23.5267 	EXP 	NbackInstructionWideImg: autoDraw = True
23.5431 	EXP 	NbackInstructionWideImg: autoDraw = True
23.5600 	EXP 	NbackInstructionWideImg: autoDraw = True
23.5766 	EXP 	NbackInstructionWideImg: autoDraw = True
23.5932 	EXP 	NbackInstructionWideImg: autoDraw = True
23.6101 	EXP 	NbackInstructionWideImg: autoDraw = True
23.6266 	EXP 	NbackInstructionWideImg: autoDraw = True
23.6435 	EXP 	NbackInstructionWideImg: autoDraw = True
23.6600 	EXP 	NbackInstructionWideImg: autoDraw = True
23.6767 	EXP 	NbackInstructionWideImg: autoDraw = True
23.6933 	EXP 	NbackInstructionWideImg: autoDraw = True
23.7101 	EXP 	NbackInstructionWideImg: autoDraw = True
23.7269 	EXP 	NbackInstructionWideImg: autoDraw = True
23.7433 	EXP 	NbackInstructionWideImg: autoDraw = True
23.7600 	EXP 	NbackInstructionWideImg: autoDraw = True
23.7769 	EXP 	NbackInstructionWideImg: autoDraw = True
23.7933 	EXP 	NbackInstructionWideImg: autoDraw = True
23.8102 	EXP 	NbackInstructionWideImg: autoDraw = True
23.8266 	EXP 	NbackInstructionWideImg: autoDraw = True
23.8434 	EXP 	NbackInstructionWideImg: autoDraw = True
23.8603 	EXP 	NbackInstructionWideImg: autoDraw = True
23.8767 	EXP 	NbackInstructionWideImg: autoDraw = True
23.8935 	EXP 	NbackInstructionWideImg: autoDraw = True
23.9100 	EXP 	NbackInstructionWideImg: autoDraw = True
23.9268 	EXP 	NbackInstructionWideImg: autoDraw = True
23.9435 	EXP 	NbackInstructionWideImg: autoDraw = True
23.9600 	EXP 	NbackInstructionWideImg: autoDraw = True
23.9771 	EXP 	NbackInstructionWideImg: autoDraw = True
23.9934 	EXP 	NbackInstructionWideImg: autoDraw = True
24.0102 	EXP 	NbackInstructionWideImg: autoDraw = True
24.0269 	EXP 	NbackInstructionWideImg: autoDraw = True
24.0434 	EXP 	NbackInstructionWideImg: autoDraw = True
24.0603 	EXP 	NbackInstructionWideImg: autoDraw = True
24.0768 	EXP 	NbackInstructionWideImg: autoDraw = True
24.0934 	EXP 	NbackInstructionWideImg: autoDraw = True
24.1103 	EXP 	NbackInstructionWideImg: autoDraw = True
24.1268 	EXP 	NbackInstructionWideImg: autoDraw = True
24.1437 	EXP 	NbackInstructionWideImg: autoDraw = True
24.1601 	EXP 	NbackInstructionWideImg: autoDraw = True
24.1769 	EXP 	NbackInstructionWideImg: autoDraw = True
24.1938 	EXP 	NbackInstructionWideImg: autoDraw = True
24.2101 	EXP 	NbackInstructionWideImg: autoDraw = True
24.2271 	EXP 	NbackInstructionWideImg: autoDraw = True
24.2435 	EXP 	NbackInstructionWideImg: autoDraw = True
24.2602 	EXP 	NbackInstructionWideImg: autoDraw = True
24.2771 	EXP 	NbackInstructionWideImg: autoDraw = True
24.2935 	EXP 	NbackInstructionWideImg: autoDraw = True
24.3104 	EXP 	NbackInstructionWideImg: autoDraw = True
24.3268 	EXP 	NbackInstructionWideImg: autoDraw = True
24.3436 	EXP 	NbackInstructionWideImg: autoDraw = True
24.3605 	EXP 	NbackInstructionWideImg: autoDraw = True
24.3771 	EXP 	NbackInstructionWideImg: autoDraw = True
24.3984 	EXP 	NbackInstructionWideImg: image = 'c:\\Users\\Admin\\Documents\\GitHub\\canlab\\WASABI_public\\fMRI Tasks\\WASABI distractmap\\instruction_stim\\10.png'
24.3984 	EXP 	NbackInstructionWideImg: autoDraw = True
24.4102 	EXP 	NbackInstructionWideImg: autoDraw = True
24.4270 	EXP 	NbackInstructionWideImg: autoDraw = True
24.4438 	EXP 	NbackInstructionWideImg: autoDraw = True
24.4603 	EXP 	NbackInstructionWideImg: autoDraw = True
24.4801 	EXP 	NbackInstructionWideImg: autoDraw = True
24.4936 	EXP 	NbackInstructionWideImg: autoDraw = True
24.5103 	EXP 	NbackInstructionWideImg: autoDraw = True
24.5275 	EXP 	NbackInstructionWideImg: autoDraw = True
24.5437 	EXP 	NbackInstructionWideImg: autoDraw = True
24.5606 	EXP 	NbackInstructionWideImg: autoDraw = True
24.5772 	EXP 	NbackInstructionWideImg: autoDraw = True
24.5939 	EXP 	NbackInstructionWideImg: autoDraw = True
24.6106 	EXP 	NbackInstructionWideImg: autoDraw = True
24.6280 	EXP 	NbackInstructionWideImg: autoDraw = True
24.6441 	EXP 	NbackInstructionWideImg: autoDraw = True
24.6604 	EXP 	NbackInstructionWideImg: autoDraw = True
24.6772 	EXP 	NbackInstructionWideImg: autoDraw = True
24.6939 	EXP 	NbackInstructionWideImg: autoDraw = True
24.7103 	EXP 	NbackInstructionWideImg: autoDraw = True
24.7272 	EXP 	NbackInstructionWideImg: autoDraw = True
24.7438 	EXP 	NbackInstructionWideImg: autoDraw = True
24.7605 	EXP 	NbackInstructionWideImg: autoDraw = True
24.7773 	EXP 	NbackInstructionWideImg: autoDraw = True
24.7938 	EXP 	NbackInstructionWideImg: autoDraw = True
24.8107 	EXP 	NbackInstructionWideImg: autoDraw = True
24.8272 	EXP 	NbackInstructionWideImg: autoDraw = True
24.8438 	EXP 	NbackInstructionWideImg: autoDraw = True
24.8607 	EXP 	NbackInstructionWideImg: autoDraw = True
24.8773 	EXP 	NbackInstructionWideImg: autoDraw = True
24.8939 	EXP 	NbackInstructionWideImg: autoDraw = True
24.9105 	EXP 	NbackInstructionWideImg: autoDraw = True
24.9273 	EXP 	NbackInstructionWideImg: autoDraw = True
24.9441 	EXP 	NbackInstructionWideImg: autoDraw = True
24.9605 	EXP 	NbackInstructionWideImg: autoDraw = True
24.9774 	EXP 	NbackInstructionWideImg: autoDraw = True
24.9938 	EXP 	NbackInstructionWideImg: autoDraw = True
25.0106 	EXP 	NbackInstructionWideImg: autoDraw = True
25.0275 	EXP 	NbackInstructionWideImg: autoDraw = True
25.0439 	EXP 	NbackInstructionWideImg: autoDraw = True
25.0607 	EXP 	NbackInstructionWideImg: autoDraw = True
25.0772 	EXP 	NbackInstructionWideImg: autoDraw = True
25.0940 	EXP 	NbackInstructionWideImg: autoDraw = True
25.1107 	EXP 	NbackInstructionWideImg: autoDraw = True
25.1274 	EXP 	NbackInstructionWideImg: autoDraw = True
25.1442 	EXP 	NbackInstructionWideImg: autoDraw = True
25.1607 	EXP 	NbackInstructionWideImg: autoDraw = True
25.1774 	EXP 	NbackInstructionWideImg: autoDraw = True
25.1942 	EXP 	NbackInstructionWideImg: autoDraw = True
25.2107 	EXP 	NbackInstructionWideImg: autoDraw = True
25.2275 	EXP 	NbackInstructionWideImg: autoDraw = True
25.2440 	EXP 	NbackInstructionWideImg: autoDraw = True
25.2608 	EXP 	NbackInstructionWideImg: autoDraw = True
25.2775 	EXP 	NbackInstructionWideImg: autoDraw = True
25.2941 	EXP 	NbackInstructionWideImg: autoDraw = True
25.3112 	EXP 	NbackInstructionWideImg: autoDraw = True
25.3273 	EXP 	NbackInstructionWideImg: autoDraw = True
25.3442 	EXP 	NbackInstructionWideImg: autoDraw = True
25.3609 	EXP 	NbackInstructionWideImg: autoDraw = True
25.3775 	EXP 	NbackInstructionWideImg: autoDraw = True
25.4089 	EXP 	NbackInstructionWideImg: image = 'c:\\Users\\Admin\\Documents\\GitHub\\canlab\\WASABI_public\\fMRI Tasks\\WASABI distractmap\\instruction_stim\\11.png'
25.4089 	EXP 	NbackInstructionWideImg: autoDraw = True
25.4105 	EXP 	NbackInstructionWideImg: autoDraw = True
25.4276 	EXP 	NbackInstructionWideImg: autoDraw = True
25.4443 	EXP 	NbackInstructionWideImg: autoDraw = True
25.4607 	EXP 	NbackInstructionWideImg: autoDraw = True
25.4777 	EXP 	NbackInstructionWideImg: autoDraw = True
25.4942 	EXP 	NbackInstructionWideImg: autoDraw = True
25.5109 	EXP 	NbackInstructionWideImg: autoDraw = True
25.5277 	EXP 	NbackInstructionWideImg: autoDraw = True
25.5443 	EXP 	NbackInstructionWideImg: autoDraw = True
25.5609 	EXP 	NbackInstructionWideImg: autoDraw = True
25.5775 	EXP 	NbackInstructionWideImg: autoDraw = True
25.5942 	EXP 	NbackInstructionWideImg: autoDraw = True
25.6112 	EXP 	NbackInstructionWideImg: autoDraw = True
25.6276 	EXP 	NbackInstructionWideImg: autoDraw = True
25.6445 	EXP 	NbackInstructionWideImg: autoDraw = True
25.6610 	EXP 	NbackInstructionWideImg: autoDraw = True
25.6777 	EXP 	NbackInstructionWideImg: autoDraw = True
25.6944 	EXP 	NbackInstructionWideImg: autoDraw = True
25.7109 	EXP 	NbackInstructionWideImg: autoDraw = True
25.7277 	EXP 	NbackInstructionWideImg: autoDraw = True
25.7443 	EXP 	NbackInstructionWideImg: autoDraw = True
25.7610 	EXP 	NbackInstructionWideImg: autoDraw = True
25.7778 	EXP 	NbackInstructionWideImg: autoDraw = True
25.7942 	EXP 	NbackInstructionWideImg: autoDraw = True
25.8112 	EXP 	NbackInstructionWideImg: autoDraw = True
25.8276 	EXP 	NbackInstructionWideImg: autoDraw = True
25.8443 	EXP 	NbackInstructionWideImg: autoDraw = True
25.8612 	EXP 	NbackInstructionWideImg: autoDraw = True
25.8777 	EXP 	NbackInstructionWideImg: autoDraw = True
25.8945 	EXP 	NbackInstructionWideImg: autoDraw = True
25.9121 	EXP 	NbackInstructionWideImg: autoDraw = True
25.9281 	EXP 	NbackInstructionWideImg: autoDraw = True
25.9448 	EXP 	NbackInstructionWideImg: autoDraw = True
25.9611 	EXP 	NbackInstructionWideImg: autoDraw = True
25.9779 	EXP 	NbackInstructionWideImg: autoDraw = True
25.9944 	EXP 	NbackInstructionWideImg: autoDraw = True
26.0112 	EXP 	NbackInstructionWideImg: autoDraw = True
26.0281 	EXP 	NbackInstructionWideImg: autoDraw = True
26.0446 	EXP 	NbackInstructionWideImg: autoDraw = True
26.0613 	EXP 	NbackInstructionWideImg: autoDraw = True
26.0778 	EXP 	NbackInstructionWideImg: autoDraw = True
26.0946 	EXP 	NbackInstructionWideImg: autoDraw = True
26.1113 	EXP 	NbackInstructionWideImg: autoDraw = True
26.1279 	EXP 	NbackInstructionWideImg: autoDraw = True
26.1448 	EXP 	NbackInstructionWideImg: autoDraw = True
26.1612 	EXP 	NbackInstructionWideImg: autoDraw = True
26.1780 	EXP 	NbackInstructionWideImg: autoDraw = True
26.1950 	EXP 	NbackInstructionWideImg: autoDraw = True
26.2111 	EXP 	NbackInstructionWideImg: autoDraw = True
26.2280 	EXP 	NbackInstructionWideImg: autoDraw = True
26.2445 	EXP 	NbackInstructionWideImg: autoDraw = True
26.2613 	EXP 	NbackInstructionWideImg: autoDraw = True
26.2780 	EXP 	NbackInstructionWideImg: autoDraw = True
26.2945 	EXP 	NbackInstructionWideImg: autoDraw = True
26.3115 	EXP 	NbackInstructionWideImg: autoDraw = True
26.3278 	EXP 	NbackInstructionWideImg: autoDraw = True
26.3446 	EXP 	NbackInstructionWideImg: autoDraw = True
26.3614 	EXP 	NbackInstructionWideImg: autoDraw = True
26.3779 	EXP 	NbackInstructionWideImg: autoDraw = True
26.4095 	EXP 	NbackInstructionWideImg: image = 'c:\\Users\\Admin\\Documents\\GitHub\\canlab\\WASABI_public\\fMRI Tasks\\WASABI distractmap\\instruction_stim\\12.png'
26.4095 	EXP 	NbackInstructionWideImg: autoDraw = True
26.4110 	EXP 	NbackInstructionWideImg: autoDraw = True
26.4280 	EXP 	NbackInstructionWideImg: autoDraw = True
26.4447 	EXP 	NbackInstructionWideImg: autoDraw = True
26.4612 	EXP 	NbackInstructionWideImg: autoDraw = True
26.4784 	EXP 	NbackInstructionWideImg: autoDraw = True
26.4949 	EXP 	NbackInstructionWideImg: autoDraw = True
26.5112 	EXP 	NbackInstructionWideImg: autoDraw = True
26.5283 	EXP 	NbackInstructionWideImg: autoDraw = True
26.5446 	EXP 	NbackInstructionWideImg: autoDraw = True
26.5615 	EXP 	NbackInstructionWideImg: autoDraw = True
26.5780 	EXP 	NbackInstructionWideImg: autoDraw = True
26.5947 	EXP 	NbackInstructionWideImg: autoDraw = True
26.6116 	EXP 	NbackInstructionWideImg: autoDraw = True
26.6281 	EXP 	NbackInstructionWideImg: autoDraw = True
26.6450 	EXP 	NbackInstructionWideImg: autoDraw = True
26.6614 	EXP 	NbackInstructionWideImg: autoDraw = True
26.6781 	EXP 	NbackInstructionWideImg: autoDraw = True
26.6950 	EXP 	NbackInstructionWideImg: autoDraw = True
26.7113 	EXP 	NbackInstructionWideImg: autoDraw = True
26.7282 	EXP 	NbackInstructionWideImg: autoDraw = True
26.7447 	EXP 	NbackInstructionWideImg: autoDraw = True
26.7615 	EXP 	NbackInstructionWideImg: autoDraw = True
26.7783 	EXP 	NbackInstructionWideImg: autoDraw = True
26.7948 	EXP 	NbackInstructionWideImg: autoDraw = True
26.8117 	EXP 	NbackInstructionWideImg: autoDraw = True
26.8281 	EXP 	NbackInstructionWideImg: autoDraw = True
26.8448 	EXP 	NbackInstructionWideImg: autoDraw = True
26.8615 	EXP 	NbackInstructionWideImg: autoDraw = True
26.8782 	EXP 	NbackInstructionWideImg: autoDraw = True
26.8950 	EXP 	NbackInstructionWideImg: autoDraw = True
26.9115 	EXP 	NbackInstructionWideImg: autoDraw = True
26.9282 	EXP 	NbackInstructionWideImg: autoDraw = True
26.9450 	EXP 	NbackInstructionWideImg: autoDraw = True
26.9615 	EXP 	NbackInstructionWideImg: autoDraw = True
26.9784 	EXP 	NbackInstructionWideImg: autoDraw = True
26.9948 	EXP 	NbackInstructionWideImg: autoDraw = True
27.0116 	EXP 	NbackInstructionWideImg: autoDraw = True
27.0284 	EXP 	NbackInstructionWideImg: autoDraw = True
27.0448 	EXP 	NbackInstructionWideImg: autoDraw = True
27.0618 	EXP 	NbackInstructionWideImg: autoDraw = True
27.0782 	EXP 	NbackInstructionWideImg: autoDraw = True
27.0950 	EXP 	NbackInstructionWideImg: autoDraw = True
27.1117 	EXP 	NbackInstructionWideImg: autoDraw = True
27.1285 	EXP 	NbackInstructionWideImg: autoDraw = True
27.1453 	EXP 	NbackInstructionWideImg: autoDraw = True
27.1616 	EXP 	NbackInstructionWideImg: autoDraw = True
27.1784 	EXP 	NbackInstructionWideImg: autoDraw = True
27.1951 	EXP 	NbackInstructionWideImg: autoDraw = True
27.2117 	EXP 	NbackInstructionWideImg: autoDraw = True
27.2284 	EXP 	NbackInstructionWideImg: autoDraw = True
27.2450 	EXP 	NbackInstructionWideImg: autoDraw = True
27.2617 	EXP 	NbackInstructionWideImg: autoDraw = True
27.2785 	EXP 	NbackInstructionWideImg: autoDraw = True
27.2950 	EXP 	NbackInstructionWideImg: autoDraw = True
27.3120 	EXP 	NbackInstructionWideImg: autoDraw = True
27.3284 	EXP 	NbackInstructionWideImg: autoDraw = True
27.3450 	EXP 	NbackInstructionWideImg: autoDraw = True
27.3621 	EXP 	NbackInstructionWideImg: autoDraw = True
27.3784 	EXP 	NbackInstructionWideImg: autoDraw = True
27.4120 	EXP 	NbackInstructionWideImg: image = 'c:\\Users\\Admin\\Documents\\GitHub\\canlab\\WASABI_public\\fMRI Tasks\\WASABI distractmap\\instruction_stim\\13.png'
27.4120 	EXP 	NbackInstructionWideImg: autoDraw = True
27.4284 	EXP 	NbackInstructionWideImg: autoDraw = True
27.4453 	EXP 	NbackInstructionWideImg: autoDraw = True
27.4617 	EXP 	NbackInstructionWideImg: autoDraw = True
27.4787 	EXP 	NbackInstructionWideImg: autoDraw = True
27.4951 	EXP 	NbackInstructionWideImg: autoDraw = True
27.5118 	EXP 	NbackInstructionWideImg: autoDraw = True
27.5286 	EXP 	NbackInstructionWideImg: autoDraw = True
27.5451 	EXP 	NbackInstructionWideImg: autoDraw = True
27.5619 	EXP 	NbackInstructionWideImg: autoDraw = True
27.5784 	EXP 	NbackInstructionWideImg: autoDraw = True
27.5952 	EXP 	NbackInstructionWideImg: autoDraw = True
27.6119 	EXP 	NbackInstructionWideImg: autoDraw = True
27.6287 	EXP 	NbackInstructionWideImg: autoDraw = True
27.6455 	EXP 	NbackInstructionWideImg: autoDraw = True
27.6620 	EXP 	NbackInstructionWideImg: autoDraw = True
27.6785 	EXP 	NbackInstructionWideImg: autoDraw = True
27.6953 	EXP 	NbackInstructionWideImg: autoDraw = True
27.7119 	EXP 	NbackInstructionWideImg: autoDraw = True
27.7288 	EXP 	NbackInstructionWideImg: autoDraw = True
27.7452 	EXP 	NbackInstructionWideImg: autoDraw = True
27.7621 	EXP 	NbackInstructionWideImg: autoDraw = True
27.7788 	EXP 	NbackInstructionWideImg: autoDraw = True
27.7953 	EXP 	NbackInstructionWideImg: autoDraw = True
27.8123 	EXP 	NbackInstructionWideImg: autoDraw = True
27.8286 	EXP 	NbackInstructionWideImg: autoDraw = True
27.8454 	EXP 	NbackInstructionWideImg: autoDraw = True
27.8623 	EXP 	NbackInstructionWideImg: autoDraw = True
27.8788 	EXP 	NbackInstructionWideImg: autoDraw = True
27.8956 	EXP 	NbackInstructionWideImg: autoDraw = True
27.9119 	EXP 	NbackInstructionWideImg: autoDraw = True
27.9287 	EXP 	NbackInstructionWideImg: autoDraw = True
27.9456 	EXP 	NbackInstructionWideImg: autoDraw = True
27.9620 	EXP 	NbackInstructionWideImg: autoDraw = True
27.9788 	EXP 	NbackInstructionWideImg: autoDraw = True
27.9953 	EXP 	NbackInstructionWideImg: autoDraw = True
28.0121 	EXP 	NbackInstructionWideImg: autoDraw = True
28.0290 	EXP 	NbackInstructionWideImg: autoDraw = True
28.0454 	EXP 	NbackInstructionWideImg: autoDraw = True
28.0624 	EXP 	NbackInstructionWideImg: autoDraw = True
28.0787 	EXP 	NbackInstructionWideImg: autoDraw = True
28.0955 	EXP 	NbackInstructionWideImg: autoDraw = True
28.1128 	EXP 	NbackInstructionWideImg: autoDraw = True
28.1288 	EXP 	NbackInstructionWideImg: autoDraw = True
28.1458 	EXP 	NbackInstructionWideImg: autoDraw = True
28.1621 	EXP 	NbackInstructionWideImg: autoDraw = True
28.1788 	EXP 	NbackInstructionWideImg: autoDraw = True
28.1955 	EXP 	NbackInstructionWideImg: autoDraw = True
28.2122 	EXP 	NbackInstructionWideImg: autoDraw = True
28.2291 	EXP 	NbackInstructionWideImg: autoDraw = True
28.2455 	EXP 	NbackInstructionWideImg: autoDraw = True
28.2623 	EXP 	NbackInstructionWideImg: autoDraw = True
28.2790 	EXP 	NbackInstructionWideImg: autoDraw = True
28.2955 	EXP 	NbackInstructionWideImg: autoDraw = True
28.3126 	EXP 	NbackInstructionWideImg: autoDraw = True
28.3289 	EXP 	NbackInstructionWideImg: autoDraw = True
28.3456 	EXP 	NbackInstructionWideImg: autoDraw = True
28.3624 	EXP 	NbackInstructionWideImg: autoDraw = True
28.3790 	EXP 	NbackInstructionWideImg: autoDraw = True
28.4324 	EXP 	NbackInstructionWideImg: image = 'c:\\Users\\Admin\\Documents\\GitHub\\canlab\\WASABI_public\\fMRI Tasks\\WASABI distractmap\\instruction_stim\\14.png'
28.4324 	EXP 	NbackInstructionWideImg: autoDraw = True
28.4457 	EXP 	NbackInstructionWideImg: autoDraw = True
28.4622 	EXP 	NbackInstructionWideImg: autoDraw = True
28.4792 	EXP 	NbackInstructionWideImg: autoDraw = True
28.4956 	EXP 	NbackInstructionWideImg: autoDraw = True
28.5124 	EXP 	NbackInstructionWideImg: autoDraw = True
28.5291 	EXP 	NbackInstructionWideImg: autoDraw = True
28.5457 	EXP 	NbackInstructionWideImg: autoDraw = True
28.5628 	EXP 	NbackInstructionWideImg: autoDraw = True
28.5790 	EXP 	NbackInstructionWideImg: autoDraw = True
28.5957 	EXP 	NbackInstructionWideImg: autoDraw = True
28.6126 	EXP 	NbackInstructionWideImg: autoDraw = True
28.6291 	EXP 	NbackInstructionWideImg: autoDraw = True
28.6460 	EXP 	NbackInstructionWideImg: autoDraw = True
28.6624 	EXP 	NbackInstructionWideImg: autoDraw = True
28.6792 	EXP 	NbackInstructionWideImg: autoDraw = True
28.6959 	EXP 	NbackInstructionWideImg: autoDraw = True
28.7124 	EXP 	NbackInstructionWideImg: autoDraw = True
28.7293 	EXP 	NbackInstructionWideImg: autoDraw = True
28.7457 	EXP 	NbackInstructionWideImg: autoDraw = True
28.7626 	EXP 	NbackInstructionWideImg: autoDraw = True
28.7792 	EXP 	NbackInstructionWideImg: autoDraw = True
28.7958 	EXP 	NbackInstructionWideImg: autoDraw = True
28.8129 	EXP 	NbackInstructionWideImg: autoDraw = True
28.8291 	EXP 	NbackInstructionWideImg: autoDraw = True
28.8459 	EXP 	NbackInstructionWideImg: autoDraw = True
28.8627 	EXP 	NbackInstructionWideImg: autoDraw = True
28.8793 	EXP 	NbackInstructionWideImg: autoDraw = True
28.8960 	EXP 	NbackInstructionWideImg: autoDraw = True
28.9125 	EXP 	NbackInstructionWideImg: autoDraw = True
28.9292 	EXP 	NbackInstructionWideImg: autoDraw = True
28.9464 	EXP 	NbackInstructionWideImg: autoDraw = True
28.9625 	EXP 	NbackInstructionWideImg: autoDraw = True
28.9795 	EXP 	NbackInstructionWideImg: autoDraw = True
28.9958 	EXP 	NbackInstructionWideImg: autoDraw = True
29.0126 	EXP 	NbackInstructionWideImg: autoDraw = True
29.0292 	EXP 	NbackInstructionWideImg: autoDraw = True
29.0458 	EXP 	NbackInstructionWideImg: autoDraw = True
29.0628 	EXP 	NbackInstructionWideImg: autoDraw = True
29.0792 	EXP 	NbackInstructionWideImg: autoDraw = True
29.0960 	EXP 	NbackInstructionWideImg: autoDraw = True
29.1128 	EXP 	NbackInstructionWideImg: autoDraw = True
29.1294 	EXP 	NbackInstructionWideImg: autoDraw = True
29.1461 	EXP 	NbackInstructionWideImg: autoDraw = True
29.1628 	EXP 	NbackInstructionWideImg: autoDraw = True
29.1796 	EXP 	NbackInstructionWideImg: autoDraw = True
29.1962 	EXP 	NbackInstructionWideImg: autoDraw = True
29.2126 	EXP 	NbackInstructionWideImg: autoDraw = True
29.2295 	EXP 	NbackInstructionWideImg: autoDraw = True
29.2460 	EXP 	NbackInstructionWideImg: autoDraw = True
29.2627 	EXP 	NbackInstructionWideImg: autoDraw = True
29.2795 	EXP 	NbackInstructionWideImg: autoDraw = True
29.2962 	EXP 	NbackInstructionWideImg: autoDraw = True
29.3130 	EXP 	NbackInstructionWideImg: autoDraw = True
29.3294 	EXP 	NbackInstructionWideImg: autoDraw = True
29.3460 	EXP 	NbackInstructionWideImg: autoDraw = True
29.3628 	EXP 	NbackInstructionWideImg: autoDraw = True
29.3795 	EXP 	NbackInstructionWideImg: autoDraw = True
29.4340 	EXP 	NbackInstructionWideImg: image = 'c:\\Users\\Admin\\Documents\\GitHub\\canlab\\WASABI_public\\fMRI Tasks\\WASABI distractmap\\instruction_stim\\15.png'
29.4340 	EXP 	NbackInstructionWideImg: autoDraw = True
29.4462 	EXP 	ClickPrompt: autoDraw = True
29.4462 	EXP 	NbackInstructionWideImg: autoDraw = True
29.4627 	EXP 	NbackInstructionWideImg: autoDraw = True
29.4795 	EXP 	NbackInstructionWideImg: autoDraw = True
29.4961 	EXP 	NbackInstructionWideImg: autoDraw = True
29.5127 	EXP 	NbackInstructionWideImg: autoDraw = True
29.5296 	EXP 	NbackInstructionWideImg: autoDraw = True
29.5462 	EXP 	NbackInstructionWideImg: autoDraw = True
29.5631 	EXP 	NbackInstructionWideImg: autoDraw = True
29.5795 	EXP 	NbackInstructionWideImg: autoDraw = True
29.5962 	EXP 	NbackInstructionWideImg: autoDraw = True
29.6131 	EXP 	NbackInstructionWideImg: autoDraw = True
29.6295 	EXP 	NbackInstructionWideImg: autoDraw = True
29.6465 	EXP 	NbackInstructionWideImg: autoDraw = True
29.6629 	EXP 	NbackInstructionWideImg: autoDraw = True
29.6795 	EXP 	NbackInstructionWideImg: autoDraw = True
29.6967 	EXP 	NbackInstructionWideImg: autoDraw = True
29.7131 	EXP 	NbackInstructionWideImg: autoDraw = True
29.7298 	EXP 	NbackInstructionWideImg: autoDraw = True
29.7463 	EXP 	NbackInstructionWideImg: autoDraw = True
29.7630 	EXP 	NbackInstructionWideImg: autoDraw = True
29.7797 	EXP 	NbackInstructionWideImg: autoDraw = True
29.7964 	EXP 	NbackInstructionWideImg: autoDraw = True
29.8131 	EXP 	NbackInstructionWideImg: autoDraw = True
29.8298 	EXP 	NbackInstructionWideImg: autoDraw = True
29.8465 	EXP 	NbackInstructionWideImg: autoDraw = True
29.8632 	EXP 	NbackInstructionWideImg: autoDraw = True
29.8828 	EXP 	NbackInstructionWideImg: autoDraw = True
29.8967 	EXP 	NbackInstructionWideImg: autoDraw = True
29.9130 	EXP 	NbackInstructionWideImg: autoDraw = True
29.9297 	EXP 	NbackInstructionWideImg: autoDraw = True
29.9465 	EXP 	NbackInstructionWideImg: autoDraw = True
29.9630 	EXP 	NbackInstructionWideImg: autoDraw = True
29.9798 	EXP 	NbackInstructionWideImg: autoDraw = True
29.9964 	EXP 	NbackInstructionWideImg: autoDraw = True
30.0131 	EXP 	NbackInstructionWideImg: autoDraw = True
30.0299 	EXP 	NbackInstructionWideImg: autoDraw = True
30.0463 	EXP 	NbackInstructionWideImg: autoDraw = True
30.0633 	EXP 	NbackInstructionWideImg: autoDraw = True
30.0799 	EXP 	NbackInstructionWideImg: autoDraw = True
30.0966 	EXP 	NbackInstructionWideImg: autoDraw = True
30.0978 	DATA 	Mouse: Left button down, pos=(1117,402)
30.2095 	DATA 	Mouse:  Left button up, pos=(1117,401)
30.2105 	EXP 	NbackInstructionWideImg: image = 'c:\\Users\\Admin\\Documents\\GitHub\\canlab\\WASABI_public\\fMRI Tasks\\WASABI distractmap\\instruction_stim\\16.png'
30.2105 	EXP 	Nbackinstructions: text = "First, we will practice some trials so that you can get used to the procedure.\nAfter each response you'll see whether your response was correct, incorrect, or whether you forgot to respond.\n\n\n\n\n\n\n\n\nGood Luck!"
30.2105 	EXP 	Nbackinstructions: autoDraw = True
32.0112 	DATA 	Mouse: Left button down, pos=(1116,398)
32.0116 	DATA 	Mouse:  Left button up, pos=(1116,398)
32.0122 	DATA 	Mouse: Left button down, pos=(1116,398)
32.0131 	DATA 	Mouse:  Left button up, pos=(1115,400)
32.0741 	DATA 	Mouse: Left button down, pos=(1115,400)
32.1758 	DATA 	Mouse:  Left button up, pos=(1117,399)
32.2101 	EXP 	window1: mouseVisible = True
32.2161 	EXP 	ClickPrompt: text = 'Click to start practice'
32.2161 	EXP 	ClickPrompt: autoDraw = True
32.2309 	EXP 	ClickPrompt: text = 'Click to start practice'
32.2309 	EXP 	ClickPrompt: autoDraw = True
32.2475 	EXP 	ClickPrompt: text = 'Click to start practice'
32.2475 	EXP 	ClickPrompt: autoDraw = True
32.2642 	EXP 	ClickPrompt: text = 'Click to start practice'
32.2642 	EXP 	ClickPrompt: autoDraw = True
32.2809 	EXP 	ClickPrompt: text = 'Click to start practice'
32.2809 	EXP 	ClickPrompt: autoDraw = True
32.2976 	EXP 	ClickPrompt: text = 'Click to start practice'
32.2976 	EXP 	ClickPrompt: autoDraw = True
32.3145 	EXP 	ClickPrompt: text = 'Click to start practice'
32.3145 	EXP 	ClickPrompt: autoDraw = True
32.3308 	EXP 	ClickPrompt: text = 'Click to start practice'
32.3308 	EXP 	ClickPrompt: autoDraw = True
32.3476 	EXP 	ClickPrompt: text = 'Click to start practice'
32.3476 	EXP 	ClickPrompt: autoDraw = True
32.3642 	EXP 	ClickPrompt: text = 'Click to start practice'
32.3642 	EXP 	ClickPrompt: autoDraw = True
32.3810 	EXP 	ClickPrompt: text = 'Click to start practice'
32.3810 	EXP 	ClickPrompt: autoDraw = True
32.3978 	EXP 	ClickPrompt: text = 'Click to start practice'
32.3978 	EXP 	ClickPrompt: autoDraw = True
32.4142 	EXP 	ClickPrompt: text = 'Click to start practice'
32.4142 	EXP 	ClickPrompt: autoDraw = True
32.4308 	EXP 	ClickPrompt: text = 'Click to start practice'
32.4308 	EXP 	ClickPrompt: autoDraw = True
32.4477 	EXP 	ClickPrompt: text = 'Click to start practice'
32.4477 	EXP 	ClickPrompt: autoDraw = True
32.4642 	EXP 	ClickPrompt: text = 'Click to start practice'
32.4642 	EXP 	ClickPrompt: autoDraw = True
32.4811 	EXP 	ClickPrompt: text = 'Click to start practice'
32.4811 	EXP 	ClickPrompt: autoDraw = True
32.4977 	EXP 	ClickPrompt: text = 'Click to start practice'
32.4977 	EXP 	ClickPrompt: autoDraw = True
32.5143 	EXP 	ClickPrompt: text = 'Click to start practice'
32.5143 	EXP 	ClickPrompt: autoDraw = True
32.5310 	EXP 	ClickPrompt: text = 'Click to start practice'
32.5310 	EXP 	ClickPrompt: autoDraw = True
32.5476 	EXP 	ClickPrompt: text = 'Click to start practice'
32.5476 	EXP 	ClickPrompt: autoDraw = True
32.5645 	EXP 	ClickPrompt: text = 'Click to start practice'
32.5645 	EXP 	ClickPrompt: autoDraw = True
32.5810 	EXP 	ClickPrompt: text = 'Click to start practice'
32.5810 	EXP 	ClickPrompt: autoDraw = True
32.5979 	EXP 	ClickPrompt: text = 'Click to start practice'
32.5979 	EXP 	ClickPrompt: autoDraw = True
32.6146 	EXP 	ClickPrompt: text = 'Click to start practice'
32.6146 	EXP 	ClickPrompt: autoDraw = True
32.6311 	EXP 	ClickPrompt: text = 'Click to start practice'
32.6311 	EXP 	ClickPrompt: autoDraw = True
32.6480 	EXP 	ClickPrompt: text = 'Click to start practice'
32.6480 	EXP 	ClickPrompt: autoDraw = True
32.6644 	EXP 	ClickPrompt: text = 'Click to start practice'
32.6644 	EXP 	ClickPrompt: autoDraw = True
32.6662 	DATA 	Mouse: Left button down, pos=(1118,398)
32.6810 	EXP 	ClickPrompt: autoDraw = False
32.6810 	EXP 	Nbackinstructions: autoDraw = False
32.6810 	EXP 	NbackInstructionWideImg: autoDraw = False
32.6819 	EXP 	Created sequence: random, trialTypes=1, nReps=1, seed=None
32.6823 	EXP 	New trial (rep=0, index=0): None
32.6980 	EXP 	fixation_1: autoDraw = True
32.7672 	DATA 	Mouse:  Left button up, pos=(1120,398)
33.7341 	EXP 	Imported Practice_N-back-1.xlsx as conditions, 30 conditions, 3 params
33.7346 	EXP 	Created sequence: sequential, trialTypes=30, nReps=1, seed=None
33.7350 	EXP 	New trial (rep=0, index=0): OrderedDict([('square', 6), ('location', [0.2, 0]), ('corrAns', None)])
317.5053 	ERROR 	Feedback._borderPix requested without .border
434.3764 	EXP 	window1: mouseVisible = True
