1.4160 	WARNING 	We strongly recommend you activate the PTB sound engine in PsychoPy prefs as the preferred audio engine. Its timing is vastly superior. Your prefs are currently set to use ['sounddevice', 'PTB', 'pyo', 'pygame'] (in that order).
10.6681 	EXP 	Created fixation_2 = TextStim(__class__=<class 'psychopy.visual.text.TextStim'>, alignHoriz=method-wrapper(...), alignText='center', alignVert=method-wrapper(...), anchorHoriz='center', anchorVert='center', antialias=True, autoLog=True, bold=False, color=array([1, 1, 1]), colorSpace='rgb', contrast=1.0, depth=-2.0, flipHoriz=False, flipVert=False, font='Arial', fontFiles=[], height=0.05, italic=False, languageStyle='LTR', name='fixation_2', opacity=1, ori=0, pos=array([0., 0.]), rgb=UNKNOWN, text='+', units='height', win=Window(...), wrapWidth=1)
10.7579 	EXP 	Created Nbackinstructions = TextStim(__class__=<class 'psychopy.visual.text.TextStim'>, alignHoriz=method-wrapper(...), alignText='center', alignVert=method-wrapper(...), anchorHoriz='center', anchorVert='center', antialias=True, autoLog=True, bold=False, color=array([1, 1, 1]), colorSpace='rgb', contrast=1.0, depth=0, flipHoriz=False, flipVert=False, font='Arial', fontFiles=[], height=0.05, italic=False, languageStyle='LTR', name='Nbackinstructions', opacity=1, ori=0.0, pos=array([0., 0.]), rgb=UNKNOWN, text=str(...), units='height', win=Window(...), wrapWidth=1)
10.7625 	EXP 	Created fixation_2 = TextStim(__class__=<class 'psychopy.visual.text.TextStim'>, alignHoriz=method-wrapper(...), alignText='center', alignVert=method-wrapper(...), anchorHoriz='center', anchorVert='center', antialias=True, autoLog=True, bold=False, color=array([1, 1, 1]), colorSpace='rgb', contrast=1.0, depth=-2.0, flipHoriz=False, flipVert=False, font='Arial', fontFiles=[], height=0.05, italic=False, languageStyle='LTR', name='fixation_2', opacity=1, ori=0, pos=array([0., 0.]), rgb=UNKNOWN, text='+', units='height', win=Window(...), wrapWidth=1)
10.9242 	EXP 	Created grid_lines_2 = ImageStim(__class__=<class 'psychopy.visual.image.ImageStim'>, autoLog=True, color=array([1, 1, 1]), colorSpace='rgb', contrast=1.0, depth=0.0, flipHoriz=False, flipVert=False, image='grid.png', interpolate=True, mask=None, maskParams=None, name='grid_lines_2', opacity=1, ori=0.0, pos=array([0., 0.]), size=array([0.6, 0.6]), texRes=128, units='height', win=Window(...))
10.9284 	EXP 	Created target_square_2 = Rect(__class__=<class 'psychopy.visual.rect.Rect'>, autoDraw=False, autoLog=True, closeShape=True, color=method-wrapper(...), colorSpace='rgb', contrast=None, depth=-1.0, fillColor=array([1., 1., 1.]), fillColorSpace='rgb', fillRGB=UNKNOWN, interpolate=True, lineColor=array([0, 0, 0]), lineColorSpace='rgb', lineRGB=UNKNOWN, lineWidth=1, name='target_square_2', opacity=0.5, ori=0.0, pos=array([0., 0.]), size=array([0.15, 0.15]), units='height', vertices=ndarray(...), win=Window(...))
10.9324 	EXP 	Created fixation_3 = TextStim(__class__=<class 'psychopy.visual.text.TextStim'>, alignHoriz=method-wrapper(...), alignText='center', alignVert=method-wrapper(...), anchorHoriz='center', anchorVert='center', antialias=True, autoLog=True, bold=False, color=array([1, 1, 1]), colorSpace='rgb', contrast=1.0, depth=-2.0, flipHoriz=False, flipVert=False, font='Arial', fontFiles=[], height=0.05, italic=False, languageStyle='LTR', name='fixation_3', opacity=1, ori=0, pos=array([0., 0.]), rgb=UNKNOWN, text='+', units='height', win=Window(...), wrapWidth=1)
10.9325 	EXP 	window1: mouseVisible = True
10.9327 	EXP 	window1: mouseVisible = False
10.9338 	EXP 	Created sequence: random, trialTypes=1, nReps=1, seed=None
10.9348 	EXP 	New trial (rep=0, index=0): None
10.9712 	EXP 	Nbackinstructions: autoDraw = True
13.3609 	DATA 	Mouse: Left button down, pos=(470,356)
13.4772 	DATA 	Mouse:  Left button up, pos=(470,356)
14.0922 	EXP 	Created unnamed TextStim = TextStim(__class__=<class 'psychopy.visual.text.TextStim'>, alignHoriz=method-wrapper(...), alignText='center', alignVert=method-wrapper(...), anchorHoriz='center', anchorVert='center', antialias=True, autoLog=True, bold=False, color=array([-0.5, -0.5, -0.5]), colorSpace='rgb', contrast=1.0, depth=0, flipHoriz=False, flipVert=False, font='', fontFiles=[], height=0.05, italic=False, languageStyle='LTR', name='unnamed TextStim', opacity=1.0, ori=0.0, pos=array([0., 0.]), rgb=UNKNOWN, text=str(...), units='height', win=Window(...), wrapWidth=1)
14.0951 	DATA 	Keypress: space
14.1048 	EXP 	Nbackinstructions: autoDraw = False
18.2923 	DATA 	Keypress: s
18.3685 	EXP 	Imported c:\Users\Michael\Documents\GitHub\canlab\WASABI_public\fMRI Tasks\WASABI Task-T1\N-back-2.xlsx as conditions, 120 conditions, 3 params
18.3694 	EXP 	Created sequence: sequential, trialTypes=120, nReps=1, seed=None
18.3699 	EXP 	New trial (rep=0, index=0): {'square': 5, 'location': [0, 0], 'corrAns': None}
18.3707 	EXP 	window1: mouseVisible = False
18.3755 	EXP 	New trial (rep=0, index=1): {'square': 2, 'location': [0, 0.2], 'corrAns': None}
18.3761 	EXP 	window1: mouseVisible = False
18.3939 	EXP 	fixation_2: autoDraw = False
18.3939 	EXP 	target_square_2: pos = array([0., 0.])
18.3939 	EXP 	grid_lines_2: autoDraw = False
18.3939 	EXP 	target_square_2: autoDraw = False
18.3939 	EXP 	fixation_3: autoDraw = False
18.3939 	EXP 	target_square_2: pos = array([0. , 0.2])
18.3939 	EXP 	grid_lines_2: autoDraw = True
18.3939 	EXP 	target_square_2: autoDraw = True
19.0756 	EXP 	New trial (rep=0, index=2): {'square': 6, 'location': [0.2, 0], 'corrAns': None}
19.0762 	EXP 	window1: mouseVisible = False
19.0899 	EXP 	grid_lines_2: autoDraw = False
19.0899 	EXP 	target_square_2: autoDraw = False
19.0899 	EXP 	fixation_3: autoDraw = False
19.0899 	EXP 	target_square_2: pos = array([0.2, 0. ])
19.0899 	EXP 	grid_lines_2: autoDraw = True
19.0899 	EXP 	target_square_2: autoDraw = True
20.0744 	EXP 	fixation_3: autoDraw = True
20.0920 	EXP 	target_square_2: autoDraw = False
21.0776 	EXP 	fixation_3: autoDraw = False
21.0805 	EXP 	New trial (rep=0, index=3): {'square': 9, 'location': [0.2, -0.2], 'corrAns': None}
21.0811 	EXP 	window1: mouseVisible = False
21.0915 	EXP 	grid_lines_2: autoDraw = False
21.0915 	EXP 	target_square_2: autoDraw = False
21.0915 	EXP 	fixation_3: autoDraw = False
21.0915 	EXP 	target_square_2: pos = array([ 0.2, -0.2])
21.0915 	EXP 	grid_lines_2: autoDraw = True
21.0915 	EXP 	target_square_2: autoDraw = True
22.0745 	EXP 	fixation_3: autoDraw = True
22.0910 	EXP 	target_square_2: autoDraw = False
23.0748 	EXP 	fixation_3: autoDraw = False
23.0774 	EXP 	New trial (rep=0, index=4): {'square': 3, 'location': [0.2, 0.2], 'corrAns': None}
23.0780 	EXP 	window1: mouseVisible = False
23.0913 	EXP 	grid_lines_2: autoDraw = False
23.0913 	EXP 	target_square_2: autoDraw = False
23.0913 	EXP 	fixation_3: autoDraw = False
23.0913 	EXP 	target_square_2: pos = array([0.2, 0.2])
23.0913 	EXP 	grid_lines_2: autoDraw = True
23.0913 	EXP 	target_square_2: autoDraw = True
24.0752 	EXP 	fixation_3: autoDraw = True
24.0917 	EXP 	target_square_2: autoDraw = False
25.0756 	EXP 	fixation_3: autoDraw = False
25.0802 	EXP 	New trial (rep=0, index=5): {'square': 9, 'location': [0.2, -0.2], 'corrAns': 1}
25.0811 	EXP 	window1: mouseVisible = False
25.0929 	EXP 	grid_lines_2: autoDraw = False
25.0929 	EXP 	target_square_2: autoDraw = False
25.0929 	EXP 	fixation_3: autoDraw = False
25.0929 	EXP 	target_square_2: pos = array([ 0.2, -0.2])
25.0929 	EXP 	grid_lines_2: autoDraw = True
25.0929 	EXP 	target_square_2: autoDraw = True
26.0761 	EXP 	fixation_3: autoDraw = True
26.0938 	EXP 	target_square_2: autoDraw = False
27.0657 	EXP 	New trial (rep=0, index=6): {'square': 7, 'location': [-0.2, -0.2], 'corrAns': None}
27.0664 	EXP 	window1: mouseVisible = False
27.0768 	EXP 	grid_lines_2: autoDraw = False
27.0768 	EXP 	target_square_2: autoDraw = False
27.0768 	EXP 	fixation_3: autoDraw = False
27.0768 	EXP 	target_square_2: pos = array([-0.2, -0.2])
27.0768 	EXP 	grid_lines_2: autoDraw = True
27.0768 	EXP 	target_square_2: autoDraw = True
28.0604 	EXP 	fixation_3: autoDraw = True
28.0771 	EXP 	target_square_2: autoDraw = False
29.0608 	EXP 	fixation_3: autoDraw = False
29.0634 	EXP 	New trial (rep=0, index=7): {'square': 1, 'location': [-0.2, 0.2], 'corrAns': None}
29.0640 	EXP 	window1: mouseVisible = False
29.0775 	EXP 	grid_lines_2: autoDraw = False
29.0775 	EXP 	target_square_2: autoDraw = False
29.0775 	EXP 	fixation_3: autoDraw = False
29.0775 	EXP 	target_square_2: pos = array([-0.2,  0.2])
29.0775 	EXP 	grid_lines_2: autoDraw = True
29.0775 	EXP 	target_square_2: autoDraw = True
30.0613 	EXP 	fixation_3: autoDraw = True
30.0780 	EXP 	target_square_2: autoDraw = False
30.7628 	DATA 	Mouse: Left button down, pos=(616,389)
30.8984 	DATA 	Mouse:  Left button up, pos=(616,379)
31.0618 	EXP 	fixation_3: autoDraw = False
31.0645 	EXP 	New trial (rep=0, index=8): {'square': 5, 'location': [0, 0], 'corrAns': None}
31.0650 	EXP 	window1: mouseVisible = False
31.0785 	EXP 	grid_lines_2: autoDraw = False
31.0785 	EXP 	target_square_2: autoDraw = False
31.0785 	EXP 	fixation_3: autoDraw = False
31.0785 	EXP 	target_square_2: pos = array([0., 0.])
31.0785 	EXP 	grid_lines_2: autoDraw = True
31.0785 	EXP 	target_square_2: autoDraw = True
32.0623 	EXP 	fixation_3: autoDraw = True
32.0791 	EXP 	target_square_2: autoDraw = False
32.7134 	DATA 	Mouse: Left button down, pos=(817,497)
32.7975 	DATA 	Mouse:  Left button up, pos=(817,497)
33.0628 	EXP 	fixation_3: autoDraw = False
33.0655 	EXP 	New trial (rep=0, index=9): {'square': 7, 'location': [-0.2, -0.2], 'corrAns': None}
33.0661 	EXP 	window1: mouseVisible = False
33.0795 	EXP 	grid_lines_2: autoDraw = False
33.0795 	EXP 	target_square_2: autoDraw = False
33.0795 	EXP 	fixation_3: autoDraw = False
33.0795 	EXP 	target_square_2: pos = array([-0.2, -0.2])
33.0795 	EXP 	grid_lines_2: autoDraw = True
33.0795 	EXP 	target_square_2: autoDraw = True
34.0635 	EXP 	fixation_3: autoDraw = True
34.0800 	EXP 	target_square_2: autoDraw = False
34.7184 	DATA 	Mouse: Left button down, pos=(817,497)
34.8195 	DATA 	Mouse:  Left button up, pos=(817,497)
34.8321 	DATA 	Mouse: Left button down, pos=(817,497)
34.8325 	DATA 	Mouse:  Left button up, pos=(817,497)
35.0637 	EXP 	fixation_3: autoDraw = False
35.0663 	EXP 	New trial (rep=0, index=10): {'square': 5, 'location': [0, 0], 'corrAns': 1}
35.0668 	EXP 	window1: mouseVisible = False
35.0804 	EXP 	grid_lines_2: autoDraw = False
35.0804 	EXP 	target_square_2: autoDraw = False
35.0804 	EXP 	fixation_3: autoDraw = False
35.0804 	EXP 	target_square_2: pos = array([0., 0.])
35.0804 	EXP 	grid_lines_2: autoDraw = True
35.0804 	EXP 	target_square_2: autoDraw = True
36.0641 	EXP 	fixation_3: autoDraw = True
36.0809 	EXP 	target_square_2: autoDraw = False
37.0159 	DATA 	Mouse: Left button down, pos=(815,497)
37.0655 	EXP 	fixation_3: autoDraw = False
37.0684 	EXP 	New trial (rep=0, index=11): {'square': 6, 'location': [0.2, 0], 'corrAns': None}
37.0690 	EXP 	window1: mouseVisible = False
37.0823 	EXP 	grid_lines_2: autoDraw = False
37.0823 	EXP 	target_square_2: autoDraw = False
37.0823 	EXP 	fixation_3: autoDraw = False
37.0823 	EXP 	target_square_2: pos = array([0.2, 0. ])
37.0823 	EXP 	grid_lines_2: autoDraw = True
37.0823 	EXP 	target_square_2: autoDraw = True
37.1027 	DATA 	Mouse:  Left button up, pos=(815,497)
38.0651 	EXP 	fixation_3: autoDraw = True
38.0818 	EXP 	target_square_2: autoDraw = False
39.0656 	EXP 	fixation_3: autoDraw = False
39.0687 	EXP 	New trial (rep=0, index=12): {'square': 3, 'location': [0.2, 0.2], 'corrAns': None}
39.0694 	EXP 	window1: mouseVisible = False
39.0822 	EXP 	grid_lines_2: autoDraw = False
39.0822 	EXP 	target_square_2: autoDraw = False
39.0822 	EXP 	fixation_3: autoDraw = False
39.0822 	EXP 	target_square_2: pos = array([0.2, 0.2])
39.0822 	EXP 	grid_lines_2: autoDraw = True
39.0822 	EXP 	target_square_2: autoDraw = True
39.2163 	DATA 	Mouse: Left button down, pos=(815,497)
39.3168 	DATA 	Mouse:  Left button up, pos=(815,497)
40.0667 	EXP 	fixation_3: autoDraw = True
40.0833 	EXP 	target_square_2: autoDraw = False
41.0667 	EXP 	fixation_3: autoDraw = False
41.0693 	EXP 	New trial (rep=0, index=13): {'square': 6, 'location': [0.2, 0], 'corrAns': 1}
41.0699 	EXP 	window1: mouseVisible = False
41.0833 	EXP 	grid_lines_2: autoDraw = False
41.0833 	EXP 	target_square_2: autoDraw = False
41.0833 	EXP 	fixation_3: autoDraw = False
41.0833 	EXP 	target_square_2: pos = array([0.2, 0. ])
41.0833 	EXP 	grid_lines_2: autoDraw = True
41.0833 	EXP 	target_square_2: autoDraw = True
41.3008 	DATA 	Mouse: Left button down, pos=(814,497)
41.3720 	DATA 	Mouse:  Left button up, pos=(814,497)
41.3723 	DATA 	Mouse: Left button down, pos=(814,497)
41.3845 	DATA 	Mouse:  Left button up, pos=(814,497)
42.0669 	EXP 	fixation_3: autoDraw = True
42.0835 	EXP 	target_square_2: autoDraw = False
43.0675 	EXP 	fixation_3: autoDraw = False
43.0701 	EXP 	New trial (rep=0, index=14): {'square': 8, 'location': [0, -0.2], 'corrAns': None}
43.0707 	EXP 	window1: mouseVisible = False
43.0841 	EXP 	grid_lines_2: autoDraw = False
43.0841 	EXP 	target_square_2: autoDraw = False
43.0841 	EXP 	fixation_3: autoDraw = False
43.0841 	EXP 	target_square_2: pos = array([ 0. , -0.2])
43.0841 	EXP 	grid_lines_2: autoDraw = True
43.0841 	EXP 	target_square_2: autoDraw = True
43.3188 	DATA 	Mouse: Left button down, pos=(814,497)
43.4354 	DATA 	Mouse:  Left button up, pos=(814,497)
44.0679 	EXP 	fixation_3: autoDraw = True
44.0847 	EXP 	target_square_2: autoDraw = False
45.0684 	EXP 	fixation_3: autoDraw = False
45.0710 	EXP 	New trial (rep=0, index=15): {'square': 9, 'location': [0.2, -0.2], 'corrAns': None}
45.0716 	EXP 	window1: mouseVisible = False
45.0851 	EXP 	grid_lines_2: autoDraw = False
45.0851 	EXP 	target_square_2: autoDraw = False
45.0851 	EXP 	fixation_3: autoDraw = False
45.0851 	EXP 	target_square_2: pos = array([ 0.2, -0.2])
45.0851 	EXP 	grid_lines_2: autoDraw = True
45.0851 	EXP 	target_square_2: autoDraw = True
45.2191 	DATA 	Mouse: Left button down, pos=(814,497)
45.3040 	DATA 	Mouse:  Left button up, pos=(814,497)
45.3046 	DATA 	Mouse: Left button down, pos=(814,497)
45.3049 	DATA 	Mouse:  Left button up, pos=(814,497)
46.0692 	EXP 	fixation_3: autoDraw = True
46.0855 	EXP 	target_square_2: autoDraw = False
47.0693 	EXP 	fixation_3: autoDraw = False
47.0720 	EXP 	New trial (rep=0, index=16): {'square': 9, 'location': [0.2, -0.2], 'corrAns': None}
47.0726 	EXP 	window1: mouseVisible = False
47.0865 	EXP 	grid_lines_2: autoDraw = False
47.0865 	EXP 	target_square_2: autoDraw = False
47.0865 	EXP 	fixation_3: autoDraw = False
47.0865 	EXP 	target_square_2: pos = array([ 0.2, -0.2])
47.0865 	EXP 	grid_lines_2: autoDraw = True
47.0865 	EXP 	target_square_2: autoDraw = True
47.2239 	DATA 	Mouse: Left button down, pos=(814,497)
47.3376 	DATA 	Mouse:  Left button up, pos=(814,497)
48.0698 	EXP 	fixation_3: autoDraw = True
48.0865 	EXP 	target_square_2: autoDraw = False
49.0702 	EXP 	fixation_3: autoDraw = False
49.0728 	EXP 	New trial (rep=0, index=17): {'square': 1, 'location': [-0.2, 0.2], 'corrAns': None}
49.0734 	EXP 	window1: mouseVisible = False
49.0870 	EXP 	grid_lines_2: autoDraw = False
49.0870 	EXP 	target_square_2: autoDraw = False
49.0870 	EXP 	fixation_3: autoDraw = False
49.0870 	EXP 	target_square_2: pos = array([-0.2,  0.2])
49.0870 	EXP 	grid_lines_2: autoDraw = True
49.0870 	EXP 	target_square_2: autoDraw = True
49.1210 	DATA 	Mouse: Left button down, pos=(814,497)
49.2220 	DATA 	Mouse:  Left button up, pos=(814,497)
50.0707 	EXP 	fixation_3: autoDraw = True
50.0874 	EXP 	target_square_2: autoDraw = False
50.8723 	DATA 	Mouse: Left button down, pos=(813,497)
50.9891 	DATA 	Mouse:  Left button up, pos=(813,497)
51.0712 	EXP 	fixation_3: autoDraw = False
51.0739 	EXP 	New trial (rep=0, index=18): {'square': 3, 'location': [0.2, 0.2], 'corrAns': None}
51.0745 	EXP 	window1: mouseVisible = False
51.0885 	EXP 	grid_lines_2: autoDraw = False
51.0885 	EXP 	target_square_2: autoDraw = False
51.0885 	EXP 	fixation_3: autoDraw = False
51.0885 	EXP 	target_square_2: pos = array([0.2, 0.2])
51.0885 	EXP 	grid_lines_2: autoDraw = True
51.0885 	EXP 	target_square_2: autoDraw = True
52.0716 	EXP 	fixation_3: autoDraw = True
52.0883 	EXP 	target_square_2: autoDraw = False
53.0722 	EXP 	fixation_3: autoDraw = False
53.0749 	EXP 	New trial (rep=0, index=19): {'square': 5, 'location': [0, 0], 'corrAns': None}
53.0754 	EXP 	window1: mouseVisible = False
53.0896 	EXP 	grid_lines_2: autoDraw = False
53.0896 	EXP 	target_square_2: autoDraw = False
53.0896 	EXP 	fixation_3: autoDraw = False
53.0896 	EXP 	target_square_2: pos = array([0., 0.])
53.0896 	EXP 	grid_lines_2: autoDraw = True
53.0896 	EXP 	target_square_2: autoDraw = True
53.0906 	DATA 	Mouse: Left button down, pos=(812,497)
53.2067 	DATA 	Mouse:  Left button up, pos=(812,497)
54.0726 	EXP 	fixation_3: autoDraw = True
54.0893 	EXP 	target_square_2: autoDraw = False
55.0733 	EXP 	fixation_3: autoDraw = False
55.0759 	EXP 	New trial (rep=0, index=20): {'square': 3, 'location': [0.2, 0.2], 'corrAns': 1}
55.0765 	EXP 	window1: mouseVisible = False
55.0807 	DATA 	Mouse: Left button down, pos=(812,497)
55.0900 	EXP 	grid_lines_2: autoDraw = False
55.0900 	EXP 	target_square_2: autoDraw = False
55.0900 	EXP 	fixation_3: autoDraw = False
55.0900 	EXP 	target_square_2: pos = array([0.2, 0.2])
55.0900 	EXP 	grid_lines_2: autoDraw = True
55.0900 	EXP 	target_square_2: autoDraw = True
55.2242 	DATA 	Mouse:  Left button up, pos=(812,497)
56.0735 	EXP 	fixation_3: autoDraw = True
56.0902 	EXP 	target_square_2: autoDraw = False
57.0741 	EXP 	fixation_3: autoDraw = False
57.0768 	EXP 	New trial (rep=0, index=21): {'square': 4, 'location': [-0.2, 0], 'corrAns': None}
57.0774 	EXP 	window1: mouseVisible = False
57.0907 	EXP 	grid_lines_2: autoDraw = False
57.0907 	EXP 	target_square_2: autoDraw = False
57.0907 	EXP 	fixation_3: autoDraw = False
57.0907 	EXP 	target_square_2: pos = array([-0.2,  0. ])
57.0907 	EXP 	grid_lines_2: autoDraw = True
57.0907 	EXP 	target_square_2: autoDraw = True
57.1250 	DATA 	Mouse: Left button down, pos=(812,497)
57.2752 	DATA 	Mouse:  Left button up, pos=(812,497)
58.0749 	EXP 	fixation_3: autoDraw = True
58.0912 	EXP 	target_square_2: autoDraw = False
59.0750 	EXP 	fixation_3: autoDraw = False
59.0776 	EXP 	New trial (rep=0, index=22): {'square': 7, 'location': [-0.2, -0.2], 'corrAns': None}
59.0782 	EXP 	window1: mouseVisible = False
59.0916 	EXP 	grid_lines_2: autoDraw = False
59.0916 	EXP 	target_square_2: autoDraw = False
59.0916 	EXP 	fixation_3: autoDraw = False
59.0916 	EXP 	target_square_2: pos = array([-0.2, -0.2])
59.0916 	EXP 	grid_lines_2: autoDraw = True
59.0916 	EXP 	target_square_2: autoDraw = True
59.2263 	DATA 	Mouse: Left button down, pos=(812,497)
59.3767 	DATA 	Mouse:  Left button up, pos=(812,497)
59.3773 	DATA 	Mouse: Left button down, pos=(812,497)
59.3815 	DATA 	Mouse:  Left button up, pos=(812,497)
60.0757 	EXP 	fixation_3: autoDraw = True
60.0925 	EXP 	target_square_2: autoDraw = False
61.0626 	EXP 	New trial (rep=0, index=23): {'square': 4, 'location': [-0.2, 0], 'corrAns': 1}
61.0632 	EXP 	window1: mouseVisible = False
61.0763 	EXP 	grid_lines_2: autoDraw = False
61.0763 	EXP 	target_square_2: autoDraw = False
61.0763 	EXP 	fixation_3: autoDraw = False
61.0763 	EXP 	target_square_2: pos = array([-0.2,  0. ])
61.0763 	EXP 	grid_lines_2: autoDraw = True
61.0763 	EXP 	target_square_2: autoDraw = True
61.3601 	DATA 	Mouse: Left button down, pos=(811,497)
61.4947 	DATA 	Mouse:  Left button up, pos=(811,497)
61.4954 	DATA 	Mouse: Left button down, pos=(811,497)
61.5119 	DATA 	Mouse:  Left button up, pos=(811,497)
62.0601 	EXP 	fixation_3: autoDraw = True
62.0765 	EXP 	target_square_2: autoDraw = False
63.0605 	EXP 	fixation_3: autoDraw = False
63.0631 	EXP 	New trial (rep=0, index=24): {'square': 4, 'location': [-0.2, 0], 'corrAns': None}
63.0637 	EXP 	window1: mouseVisible = False
63.0769 	EXP 	grid_lines_2: autoDraw = False
63.0769 	EXP 	target_square_2: autoDraw = False
63.0769 	EXP 	fixation_3: autoDraw = False
63.0769 	EXP 	target_square_2: pos = array([-0.2,  0. ])
63.0769 	EXP 	grid_lines_2: autoDraw = True
63.0769 	EXP 	target_square_2: autoDraw = True
63.4278 	DATA 	Mouse: Left button down, pos=(810,497)
63.5459 	DATA 	Mouse:  Left button up, pos=(810,497)
63.5632 	DATA 	Mouse: Left button down, pos=(810,497)
63.5635 	DATA 	Mouse:  Left button up, pos=(810,497)
64.0606 	EXP 	fixation_3: autoDraw = True
64.0774 	EXP 	target_square_2: autoDraw = False
64.0949 	DATA 	Mouse: Left button down, pos=(810,497)
64.1960 	DATA 	Mouse:  Left button up, pos=(810,497)
64.1963 	DATA 	Mouse: Left button down, pos=(810,497)
64.2126 	DATA 	Mouse:  Left button up, pos=(810,497)
64.6951 	DATA 	Mouse: Left button down, pos=(810,497)
64.7963 	DATA 	Mouse:  Left button up, pos=(810,497)
64.8022 	DATA 	Mouse: Left button down, pos=(810,497)
64.8134 	DATA 	Mouse:  Left button up, pos=(810,497)
65.0610 	EXP 	fixation_3: autoDraw = False
65.0637 	EXP 	New trial (rep=0, index=25): {'square': 5, 'location': [0, 0], 'corrAns': None}
65.0642 	EXP 	window1: mouseVisible = False
65.0777 	EXP 	grid_lines_2: autoDraw = False
65.0777 	EXP 	target_square_2: autoDraw = False
65.0777 	EXP 	fixation_3: autoDraw = False
65.0777 	EXP 	target_square_2: pos = array([0., 0.])
65.0777 	EXP 	grid_lines_2: autoDraw = True
65.0777 	EXP 	target_square_2: autoDraw = True
65.1479 	DATA 	Mouse: Left button down, pos=(810,497)
65.2296 	DATA 	Mouse:  Left button up, pos=(810,497)
65.2299 	DATA 	Mouse: Left button down, pos=(810,497)
65.2469 	DATA 	Mouse:  Left button up, pos=(810,497)
65.3320 	DATA 	Mouse: Left button down, pos=(810,497)
65.4126 	DATA 	Mouse:  Left button up, pos=(810,497)
65.4310 	DATA 	Mouse: Left button down, pos=(810,497)
65.4360 	DATA 	Mouse:  Left button up, pos=(810,497)
65.5120 	DATA 	Mouse: Left button down, pos=(810,497)
65.6126 	DATA 	Mouse:  Left button up, pos=(810,497)
65.6130 	DATA 	Mouse: Left button down, pos=(810,497)
65.6301 	DATA 	Mouse:  Left button up, pos=(810,497)
65.8622 	DATA 	Mouse: Left button down, pos=(810,497)
65.9807 	DATA 	Mouse:  Left button up, pos=(810,497)
65.9809 	DATA 	Mouse: Left button down, pos=(810,497)
65.9814 	DATA 	Mouse:  Left button up, pos=(810,497)
66.0615 	EXP 	fixation_3: autoDraw = True
66.0782 	EXP 	target_square_2: autoDraw = False
66.5810 	DATA 	Mouse: Left button down, pos=(810,497)
66.6979 	DATA 	Mouse:  Left button up, pos=(810,497)
67.0622 	EXP 	fixation_3: autoDraw = False
67.0649 	EXP 	New trial (rep=0, index=26): {'square': 2, 'location': [0, 0.2], 'corrAns': None}
67.0655 	EXP 	window1: mouseVisible = False
67.0789 	EXP 	grid_lines_2: autoDraw = False
67.0789 	EXP 	target_square_2: autoDraw = False
67.0789 	EXP 	fixation_3: autoDraw = False
67.0789 	EXP 	target_square_2: pos = array([0. , 0.2])
67.0789 	EXP 	grid_lines_2: autoDraw = True
67.0789 	EXP 	target_square_2: autoDraw = True
67.9300 	DATA 	Mouse: Left button down, pos=(810,497)
68.0477 	DATA 	Mouse:  Left button up, pos=(810,497)
68.0631 	EXP 	fixation_3: autoDraw = True
68.0797 	EXP 	target_square_2: autoDraw = False
69.0628 	EXP 	fixation_3: autoDraw = False
69.0654 	EXP 	New trial (rep=0, index=27): {'square': 6, 'location': [0.2, 0], 'corrAns': None}
69.0659 	EXP 	window1: mouseVisible = False
69.0795 	EXP 	grid_lines_2: autoDraw = False
69.0795 	EXP 	target_square_2: autoDraw = False
69.0795 	EXP 	fixation_3: autoDraw = False
69.0795 	EXP 	target_square_2: pos = array([0.2, 0. ])
69.0795 	EXP 	grid_lines_2: autoDraw = True
69.0795 	EXP 	target_square_2: autoDraw = True
69.5142 	DATA 	Mouse: Left button down, pos=(807,497)
69.6306 	DATA 	Mouse:  Left button up, pos=(807,497)
69.6348 	DATA 	Mouse: Left button down, pos=(807,497)
69.6478 	DATA 	Mouse:  Left button up, pos=(807,497)
70.0635 	EXP 	fixation_3: autoDraw = True
70.0803 	EXP 	target_square_2: autoDraw = False
70.9815 	DATA 	Mouse: Left button down, pos=(807,497)
71.0644 	EXP 	fixation_3: autoDraw = False
71.0673 	EXP 	New trial (rep=0, index=28): {'square': 7, 'location': [-0.2, -0.2], 'corrAns': None}
71.0679 	EXP 	window1: mouseVisible = False
71.0812 	EXP 	grid_lines_2: autoDraw = False
71.0812 	EXP 	target_square_2: autoDraw = False
71.0812 	EXP 	fixation_3: autoDraw = False
71.0812 	EXP 	target_square_2: pos = array([-0.2, -0.2])
71.0812 	EXP 	grid_lines_2: autoDraw = True
71.0812 	EXP 	target_square_2: autoDraw = True
71.1146 	DATA 	Mouse:  Left button up, pos=(807,497)
72.0643 	EXP 	fixation_3: autoDraw = True
72.0811 	EXP 	target_square_2: autoDraw = False
72.5198 	DATA 	Mouse: Left button down, pos=(807,497)
72.6209 	DATA 	Mouse:  Left button up, pos=(807,497)
72.6328 	DATA 	Mouse: Left button down, pos=(807,497)
72.6383 	DATA 	Mouse:  Left button up, pos=(807,497)
73.0648 	EXP 	fixation_3: autoDraw = False
73.0674 	EXP 	New trial (rep=0, index=29): {'square': 6, 'location': [0.2, 0], 'corrAns': 1}
73.0680 	EXP 	window1: mouseVisible = False
73.0814 	EXP 	grid_lines_2: autoDraw = False
73.0814 	EXP 	target_square_2: autoDraw = False
73.0814 	EXP 	fixation_3: autoDraw = False
73.0814 	EXP 	target_square_2: pos = array([0.2, 0. ])
73.0814 	EXP 	grid_lines_2: autoDraw = True
73.0814 	EXP 	target_square_2: autoDraw = True
73.6528 	DATA 	Mouse: Left button down, pos=(807,497)
73.7833 	DATA 	Mouse:  Left button up, pos=(807,497)
73.7838 	DATA 	Mouse: Left button down, pos=(807,497)
73.8000 	DATA 	Mouse:  Left button up, pos=(807,497)
74.0656 	EXP 	fixation_3: autoDraw = True
74.0820 	EXP 	target_square_2: autoDraw = False
74.6995 	DATA 	Mouse: Left button down, pos=(807,497)
74.8050 	DATA 	Mouse:  Left button up, pos=(807,497)
74.8171 	DATA 	Mouse: Left button down, pos=(807,497)
74.8175 	DATA 	Mouse:  Left button up, pos=(807,497)
75.0658 	EXP 	fixation_3: autoDraw = False
75.0684 	EXP 	New trial (rep=0, index=30): {'square': 6, 'location': [0.2, 0], 'corrAns': None}
75.0690 	EXP 	window1: mouseVisible = False
75.0824 	EXP 	grid_lines_2: autoDraw = False
75.0824 	EXP 	target_square_2: autoDraw = False
75.0824 	EXP 	fixation_3: autoDraw = False
75.0824 	EXP 	target_square_2: pos = array([0.2, 0. ])
75.0824 	EXP 	grid_lines_2: autoDraw = True
75.0824 	EXP 	target_square_2: autoDraw = True
75.9172 	DATA 	Mouse: Left button down, pos=(807,497)
76.0512 	DATA 	Mouse:  Left button up, pos=(807,497)
76.0516 	DATA 	Mouse: Left button down, pos=(807,497)
76.0574 	DATA 	Mouse:  Left button up, pos=(807,497)
76.0669 	EXP 	fixation_3: autoDraw = True
76.0835 	EXP 	target_square_2: autoDraw = False
76.9171 	DATA 	Mouse: Left button down, pos=(807,497)
77.0395 	DATA 	Mouse:  Left button up, pos=(807,497)
77.0517 	DATA 	Mouse: Left button down, pos=(807,497)
77.0521 	DATA 	Mouse:  Left button up, pos=(807,497)
77.0673 	EXP 	fixation_3: autoDraw = False
77.0700 	EXP 	New trial (rep=0, index=31): {'square': 7, 'location': [-0.2, -0.2], 'corrAns': None}
77.0706 	EXP 	window1: mouseVisible = False
77.0839 	EXP 	grid_lines_2: autoDraw = False
77.0839 	EXP 	target_square_2: autoDraw = False
77.0839 	EXP 	fixation_3: autoDraw = False
77.0839 	EXP 	target_square_2: pos = array([-0.2, -0.2])
77.0839 	EXP 	grid_lines_2: autoDraw = True
77.0839 	EXP 	target_square_2: autoDraw = True
77.7509 	DATA 	Mouse: Left button down, pos=(807,497)
77.8735 	DATA 	Mouse:  Left button up, pos=(807,497)
77.8857 	DATA 	Mouse: Left button down, pos=(807,497)
77.8860 	DATA 	Mouse:  Left button up, pos=(807,497)
78.0671 	EXP 	fixation_3: autoDraw = True
78.0838 	EXP 	target_square_2: autoDraw = False
78.6562 	DATA 	Mouse: Left button down, pos=(807,497)
78.7686 	DATA 	Mouse:  Left button up, pos=(807,497)
78.7862 	DATA 	Mouse: Left button down, pos=(807,497)
78.7866 	DATA 	Mouse:  Left button up, pos=(807,497)
79.0676 	EXP 	fixation_3: autoDraw = False
79.0702 	EXP 	New trial (rep=0, index=32): {'square': 6, 'location': [0.2, 0], 'corrAns': 1}
79.0707 	EXP 	window1: mouseVisible = False
79.0842 	EXP 	grid_lines_2: autoDraw = False
79.0842 	EXP 	target_square_2: autoDraw = False
79.0842 	EXP 	fixation_3: autoDraw = False
79.0842 	EXP 	target_square_2: pos = array([0.2, 0. ])
79.0842 	EXP 	grid_lines_2: autoDraw = True
79.0842 	EXP 	target_square_2: autoDraw = True
79.6354 	DATA 	Mouse: Left button down, pos=(807,497)
79.7363 	DATA 	Mouse:  Left button up, pos=(807,497)
79.7400 	DATA 	Mouse: Left button down, pos=(807,497)
79.7530 	DATA 	Mouse:  Left button up, pos=(807,497)
80.0681 	EXP 	fixation_3: autoDraw = True
80.0853 	EXP 	target_square_2: autoDraw = False
80.3861 	DATA 	Mouse: Left button down, pos=(807,497)
80.4913 	DATA 	Mouse:  Left button up, pos=(807,497)
80.5033 	DATA 	Mouse: Left button down, pos=(807,497)
80.5039 	DATA 	Mouse:  Left button up, pos=(807,497)
80.9198 	DATA 	Mouse: Left button down, pos=(807,497)
81.0084 	DATA 	Mouse:  Left button up, pos=(807,497)
81.0202 	DATA 	Mouse: Left button down, pos=(807,497)
81.0209 	DATA 	Mouse:  Left button up, pos=(807,497)
81.0692 	EXP 	fixation_3: autoDraw = False
81.0719 	EXP 	New trial (rep=0, index=33): {'square': 2, 'location': [0, 0.2], 'corrAns': None}
81.0725 	EXP 	window1: mouseVisible = False
81.0854 	EXP 	grid_lines_2: autoDraw = False
81.0854 	EXP 	target_square_2: autoDraw = False
81.0854 	EXP 	fixation_3: autoDraw = False
81.0854 	EXP 	target_square_2: pos = array([0. , 0.2])
81.0854 	EXP 	grid_lines_2: autoDraw = True
81.0854 	EXP 	target_square_2: autoDraw = True
81.3528 	DATA 	Mouse: Left button down, pos=(807,497)
81.4376 	DATA 	Mouse:  Left button up, pos=(807,497)
81.4536 	DATA 	Mouse: Left button down, pos=(807,497)
81.4540 	DATA 	Mouse:  Left button up, pos=(807,497)
81.9030 	DATA 	Mouse: Left button down, pos=(807,497)
82.0070 	DATA 	Mouse:  Left button up, pos=(807,497)
82.0695 	EXP 	fixation_3: autoDraw = True
82.0858 	EXP 	target_square_2: autoDraw = False
82.4574 	DATA 	Mouse: Left button down, pos=(807,497)
82.5878 	DATA 	Mouse:  Left button up, pos=(807,497)
82.5882 	DATA 	Mouse: Left button down, pos=(807,497)
82.5885 	DATA 	Mouse:  Left button up, pos=(807,497)
83.0202 	DATA 	Mouse: Left button down, pos=(807,497)
83.0705 	EXP 	fixation_3: autoDraw = False
83.0733 	EXP 	New trial (rep=0, index=34): {'square': 5, 'location': [0, 0], 'corrAns': None}
83.0738 	EXP 	window1: mouseVisible = False
83.0867 	EXP 	grid_lines_2: autoDraw = False
83.0867 	EXP 	target_square_2: autoDraw = False
83.0867 	EXP 	fixation_3: autoDraw = False
83.0867 	EXP 	target_square_2: pos = array([0., 0.])
83.0867 	EXP 	grid_lines_2: autoDraw = True
83.0867 	EXP 	target_square_2: autoDraw = True
83.1540 	DATA 	Mouse:  Left button up, pos=(807,497)
83.1543 	DATA 	Mouse: Left button down, pos=(807,497)
83.1709 	DATA 	Mouse:  Left button up, pos=(807,497)
83.5872 	DATA 	Mouse: Left button down, pos=(807,497)
84.0709 	EXP 	fixation_3: autoDraw = True
84.0876 	EXP 	target_square_2: autoDraw = False
84.1713 	DATA 	Mouse:  Left button up, pos=(807,497)
84.1883 	DATA 	Mouse: Left button down, pos=(807,497)
84.1885 	DATA 	Mouse:  Left button up, pos=(807,497)
84.6041 	DATA 	Mouse: Left button down, pos=(807,497)
84.7425 	DATA 	Mouse:  Left button up, pos=(807,497)
84.7552 	DATA 	Mouse: Left button down, pos=(807,497)
84.7718 	DATA 	Mouse:  Left button up, pos=(807,497)
85.0704 	EXP 	fixation_3: autoDraw = False
85.0735 	EXP 	New trial (rep=0, index=35): {'square': 4, 'location': [-0.2, 0], 'corrAns': None}
85.0742 	EXP 	window1: mouseVisible = False
85.0872 	EXP 	grid_lines_2: autoDraw = False
85.0872 	EXP 	target_square_2: autoDraw = False
85.0872 	EXP 	fixation_3: autoDraw = False
85.0872 	EXP 	target_square_2: pos = array([-0.2,  0. ])
85.0872 	EXP 	grid_lines_2: autoDraw = True
85.0872 	EXP 	target_square_2: autoDraw = True
85.2074 	DATA 	Mouse: Left button down, pos=(807,497)
85.3885 	DATA 	Mouse:  Left button up, pos=(807,497)
85.4055 	DATA 	Mouse: Left button down, pos=(807,497)
85.4058 	DATA 	Mouse:  Left button up, pos=(807,497)
85.8047 	DATA 	Mouse: Left button down, pos=(807,497)
85.9390 	DATA 	Mouse:  Left button up, pos=(807,497)
85.9395 	DATA 	Mouse: Left button down, pos=(807,497)
85.9592 	DATA 	Mouse:  Left button up, pos=(807,497)
86.0711 	EXP 	fixation_3: autoDraw = True
86.0876 	EXP 	target_square_2: autoDraw = False
86.4886 	DATA 	Mouse: Left button down, pos=(807,497)
86.6392 	DATA 	Mouse:  Left button up, pos=(807,497)
86.6396 	DATA 	Mouse: Left button down, pos=(807,497)
86.6561 	DATA 	Mouse:  Left button up, pos=(807,497)
87.0719 	EXP 	fixation_3: autoDraw = False
87.0745 	EXP 	New trial (rep=0, index=36): {'square': 4, 'location': [-0.2, 0], 'corrAns': None}
87.0751 	EXP 	window1: mouseVisible = False
87.0885 	EXP 	grid_lines_2: autoDraw = False
87.0885 	EXP 	target_square_2: autoDraw = False
87.0885 	EXP 	fixation_3: autoDraw = False
87.0885 	EXP 	target_square_2: pos = array([-0.2,  0. ])
87.0885 	EXP 	grid_lines_2: autoDraw = True
87.0885 	EXP 	target_square_2: autoDraw = True
87.1387 	DATA 	Mouse: Left button down, pos=(807,497)
87.2727 	DATA 	Mouse:  Left button up, pos=(807,497)
87.2760 	DATA 	Mouse: Left button down, pos=(807,497)
87.2926 	DATA 	Mouse:  Left button up, pos=(807,497)
87.8559 	DATA 	Mouse: Left button down, pos=(807,497)
87.9563 	DATA 	Mouse:  Left button up, pos=(807,497)
88.0722 	EXP 	fixation_3: autoDraw = True
88.0885 	EXP 	target_square_2: autoDraw = False
88.4070 	DATA 	Mouse: Left button down, pos=(807,497)
88.4565 	DATA 	Mouse:  Left button up, pos=(807,497)
88.8437 	DATA 	Mouse: Left button down, pos=(807,497)
88.9401 	DATA 	Mouse:  Left button up, pos=(807,497)
89.0723 	EXP 	fixation_3: autoDraw = False
89.0750 	EXP 	New trial (rep=0, index=37): {'square': 7, 'location': [-0.2, -0.2], 'corrAns': None}
89.0756 	EXP 	window1: mouseVisible = False
89.0890 	EXP 	grid_lines_2: autoDraw = False
89.0890 	EXP 	target_square_2: autoDraw = False
89.0890 	EXP 	fixation_3: autoDraw = False
89.0890 	EXP 	target_square_2: pos = array([-0.2, -0.2])
89.0890 	EXP 	grid_lines_2: autoDraw = True
89.0890 	EXP 	target_square_2: autoDraw = True
89.2909 	DATA 	Mouse: Left button down, pos=(807,497)
89.4075 	DATA 	Mouse:  Left button up, pos=(807,497)
89.4081 	DATA 	Mouse: Left button down, pos=(807,497)
89.4241 	DATA 	Mouse:  Left button up, pos=(807,497)
89.8232 	DATA 	Mouse: Left button down, pos=(807,497)
89.9239 	DATA 	Mouse:  Left button up, pos=(807,497)
90.0727 	EXP 	fixation_3: autoDraw = True
90.0895 	EXP 	target_square_2: autoDraw = False
90.3113 	DATA 	Mouse: Left button down, pos=(807,497)
90.4242 	DATA 	Mouse:  Left button up, pos=(807,497)
90.4246 	DATA 	Mouse: Left button down, pos=(807,497)
90.4302 	DATA 	Mouse:  Left button up, pos=(807,497)
90.9076 	DATA 	Mouse: Left button down, pos=(807,497)
91.0243 	DATA 	Mouse:  Left button up, pos=(807,497)
91.0733 	EXP 	fixation_3: autoDraw = False
91.0761 	EXP 	New trial (rep=0, index=38): {'square': 4, 'location': [-0.2, 0], 'corrAns': 1}
91.0767 	EXP 	window1: mouseVisible = False
91.0899 	EXP 	grid_lines_2: autoDraw = False
91.0899 	EXP 	target_square_2: autoDraw = False
91.0899 	EXP 	fixation_3: autoDraw = False
91.0899 	EXP 	target_square_2: pos = array([-0.2,  0. ])
91.0899 	EXP 	grid_lines_2: autoDraw = True
91.0899 	EXP 	target_square_2: autoDraw = True
91.3742 	DATA 	Mouse: Left button down, pos=(807,497)
91.4584 	DATA 	Mouse:  Left button up, pos=(807,497)
91.9411 	DATA 	Mouse: Left button down, pos=(807,497)
92.0253 	DATA 	Mouse:  Left button up, pos=(807,497)
92.0739 	EXP 	fixation_3: autoDraw = True
92.0905 	EXP 	target_square_2: autoDraw = False
92.4618 	DATA 	Mouse: Left button down, pos=(807,497)
92.5477 	DATA 	Mouse:  Left button up, pos=(807,497)
93.0611 	DATA 	Mouse: Left button down, pos=(807,497)
93.0743 	EXP 	fixation_3: autoDraw = False
93.0769 	EXP 	New trial (rep=0, index=39): {'square': 3, 'location': [0.2, 0.2], 'corrAns': None}
93.0775 	EXP 	window1: mouseVisible = False
93.0909 	EXP 	grid_lines_2: autoDraw = False
93.0909 	EXP 	target_square_2: autoDraw = False
93.0909 	EXP 	fixation_3: autoDraw = False
93.0909 	EXP 	target_square_2: pos = array([0.2, 0.2])
93.0909 	EXP 	grid_lines_2: autoDraw = True
93.0909 	EXP 	target_square_2: autoDraw = True
93.1749 	DATA 	Mouse:  Left button up, pos=(807,497)
93.1752 	DATA 	Mouse: Left button down, pos=(807,497)
93.1801 	DATA 	Mouse:  Left button up, pos=(807,497)
93.5917 	DATA 	Mouse: Left button down, pos=(807,497)
93.7264 	DATA 	Mouse:  Left button up, pos=(807,497)
94.0747 	EXP 	fixation_3: autoDraw = True
94.0913 	EXP 	target_square_2: autoDraw = False
94.1431 	DATA 	Mouse: Left button down, pos=(807,497)
94.2596 	DATA 	Mouse:  Left button up, pos=(807,497)
94.7427 	DATA 	Mouse: Left button down, pos=(807,497)
94.8929 	DATA 	Mouse:  Left button up, pos=(807,497)
95.0752 	EXP 	fixation_3: autoDraw = False
95.0778 	EXP 	New trial (rep=0, index=40): {'square': 5, 'location': [0, 0], 'corrAns': None}
95.0783 	EXP 	window1: mouseVisible = False
95.0918 	EXP 	grid_lines_2: autoDraw = False
95.0918 	EXP 	target_square_2: autoDraw = False
95.0918 	EXP 	fixation_3: autoDraw = False
95.0918 	EXP 	target_square_2: pos = array([0., 0.])
95.0918 	EXP 	grid_lines_2: autoDraw = True
95.0918 	EXP 	target_square_2: autoDraw = True
95.6269 	DATA 	Mouse: Left button down, pos=(807,497)
95.7766 	DATA 	Mouse:  Left button up, pos=(807,497)
96.0756 	EXP 	fixation_3: autoDraw = True
96.0923 	EXP 	target_square_2: autoDraw = False
96.5599 	DATA 	Mouse: Left button down, pos=(807,497)
96.6938 	DATA 	Mouse:  Left button up, pos=(807,497)
96.6943 	DATA 	Mouse: Left button down, pos=(807,497)
96.7103 	DATA 	Mouse:  Left button up, pos=(807,497)
97.0760 	EXP 	fixation_3: autoDraw = False
97.0787 	EXP 	New trial (rep=0, index=41): {'square': 3, 'location': [0.2, 0.2], 'corrAns': 1}
97.0793 	EXP 	window1: mouseVisible = False
97.0928 	EXP 	grid_lines_2: autoDraw = False
97.0928 	EXP 	target_square_2: autoDraw = False
97.0928 	EXP 	fixation_3: autoDraw = False
97.0928 	EXP 	target_square_2: pos = array([0.2, 0.2])
97.0928 	EXP 	grid_lines_2: autoDraw = True
97.0928 	EXP 	target_square_2: autoDraw = True
97.4772 	DATA 	Mouse: Left button down, pos=(807,497)
97.5951 	DATA 	Mouse:  Left button up, pos=(807,497)
97.5955 	DATA 	Mouse: Left button down, pos=(807,497)
97.6108 	DATA 	Mouse:  Left button up, pos=(807,497)
98.0765 	EXP 	fixation_3: autoDraw = True
98.0932 	EXP 	target_square_2: autoDraw = False
98.2819 	DATA 	Mouse: Left button down, pos=(807,497)
98.3994 	DATA 	Mouse:  Left button up, pos=(807,497)
98.4118 	DATA 	Mouse: Left button down, pos=(807,497)
98.4282 	DATA 	Mouse:  Left button up, pos=(807,497)
98.9324 	DATA 	Mouse: Left button down, pos=(807,497)
99.0506 	DATA 	Mouse:  Left button up, pos=(807,497)
99.0509 	DATA 	Mouse: Left button down, pos=(807,497)
99.0638 	EXP 	New trial (rep=0, index=42): {'square': 1, 'location': [-0.2, 0.2], 'corrAns': None}
99.0644 	EXP 	window1: mouseVisible = False
99.0649 	DATA 	Mouse:  Left button up, pos=(807,497)
99.0776 	EXP 	grid_lines_2: autoDraw = False
99.0776 	EXP 	target_square_2: autoDraw = False
99.0776 	EXP 	fixation_3: autoDraw = False
99.0776 	EXP 	target_square_2: pos = array([-0.2,  0.2])
99.0776 	EXP 	grid_lines_2: autoDraw = True
99.0776 	EXP 	target_square_2: autoDraw = True
99.7445 	DATA 	Mouse: Left button down, pos=(807,497)
99.8625 	DATA 	Mouse:  Left button up, pos=(807,497)
100.0608 	EXP 	fixation_3: autoDraw = True
100.0775 	EXP 	target_square_2: autoDraw = False
100.4456 	DATA 	Mouse: Left button down, pos=(807,497)
100.5847 	DATA 	Mouse:  Left button up, pos=(807,497)
101.0614 	EXP 	fixation_3: autoDraw = False
101.0641 	EXP 	New trial (rep=0, index=43): {'square': 9, 'location': [0.2, -0.2], 'corrAns': None}
101.0647 	EXP 	window1: mouseVisible = False
101.0780 	EXP 	grid_lines_2: autoDraw = False
101.0780 	EXP 	target_square_2: autoDraw = False
101.0780 	EXP 	fixation_3: autoDraw = False
101.0780 	EXP 	target_square_2: pos = array([ 0.2, -0.2])
101.0780 	EXP 	grid_lines_2: autoDraw = True
101.0780 	EXP 	target_square_2: autoDraw = True
101.3288 	DATA 	Mouse: Left button down, pos=(807,497)
101.4628 	DATA 	Mouse:  Left button up, pos=(807,497)
102.0125 	DATA 	Mouse: Left button down, pos=(807,497)
102.0622 	EXP 	fixation_3: autoDraw = True
102.0793 	EXP 	target_square_2: autoDraw = False
102.1632 	DATA 	Mouse:  Left button up, pos=(807,497)
102.6962 	DATA 	Mouse: Left button down, pos=(807,497)
102.8352 	DATA 	Mouse:  Left button up, pos=(807,497)
102.8477 	DATA 	Mouse: Left button down, pos=(807,497)
102.8531 	DATA 	Mouse:  Left button up, pos=(807,497)
103.0623 	EXP 	fixation_3: autoDraw = False
103.0680 	EXP 	New trial (rep=0, index=44): {'square': 9, 'location': [0.2, -0.2], 'corrAns': None}
103.0689 	EXP 	window1: mouseVisible = False
103.0792 	EXP 	grid_lines_2: autoDraw = False
103.0792 	EXP 	target_square_2: autoDraw = False
103.0792 	EXP 	fixation_3: autoDraw = False
103.0792 	EXP 	target_square_2: pos = array([ 0.2, -0.2])
103.0792 	EXP 	grid_lines_2: autoDraw = True
103.0792 	EXP 	target_square_2: autoDraw = True
103.3135 	DATA 	Mouse: Left button down, pos=(807,497)
103.4182 	DATA 	Mouse:  Left button up, pos=(807,497)
103.4306 	DATA 	Mouse: Left button down, pos=(807,497)
103.4311 	DATA 	Mouse:  Left button up, pos=(807,497)
103.8800 	DATA 	Mouse: Left button down, pos=(807,497)
104.0635 	EXP 	fixation_3: autoDraw = True
104.0799 	EXP 	target_square_2: autoDraw = False
104.1475 	DATA 	Mouse:  Left button up, pos=(807,497)
104.1479 	DATA 	Mouse: Left button down, pos=(807,497)
104.1644 	DATA 	Mouse:  Left button up, pos=(807,497)
104.5180 	DATA 	Mouse: Left button down, pos=(807,497)
104.6474 	DATA 	Mouse:  Left button up, pos=(807,497)
104.6528 	DATA 	Mouse: Left button down, pos=(807,497)
104.6640 	DATA 	Mouse:  Left button up, pos=(807,497)
105.0631 	EXP 	fixation_3: autoDraw = False
105.0657 	EXP 	New trial (rep=0, index=45): {'square': 8, 'location': [0, -0.2], 'corrAns': None}
105.0663 	EXP 	window1: mouseVisible = False
105.0798 	EXP 	grid_lines_2: autoDraw = False
105.0798 	EXP 	target_square_2: autoDraw = False
105.0798 	EXP 	fixation_3: autoDraw = False
105.0798 	EXP 	target_square_2: pos = array([ 0. , -0.2])
105.0798 	EXP 	grid_lines_2: autoDraw = True
105.0798 	EXP 	target_square_2: autoDraw = True
105.2305 	DATA 	Mouse: Left button down, pos=(807,497)
105.4312 	DATA 	Mouse:  Left button up, pos=(807,497)
105.4318 	DATA 	Mouse: Left button down, pos=(807,497)
105.4480 	DATA 	Mouse:  Left button up, pos=(807,497)
106.0643 	EXP 	fixation_3: autoDraw = True
106.0804 	EXP 	target_square_2: autoDraw = False
106.0849 	DATA 	Mouse: Left button down, pos=(807,497)
106.1985 	DATA 	Mouse:  Left button up, pos=(807,497)
106.1988 	DATA 	Mouse: Left button down, pos=(807,497)
106.2147 	DATA 	Mouse:  Left button up, pos=(807,497)
107.0641 	EXP 	fixation_3: autoDraw = False
107.0667 	EXP 	New trial (rep=0, index=46): {'square': 6, 'location': [0.2, 0], 'corrAns': None}
107.0673 	EXP 	window1: mouseVisible = False
107.0807 	EXP 	grid_lines_2: autoDraw = False
107.0807 	EXP 	target_square_2: autoDraw = False
107.0807 	EXP 	fixation_3: autoDraw = False
107.0807 	EXP 	target_square_2: pos = array([0.2, 0. ])
107.0807 	EXP 	grid_lines_2: autoDraw = True
107.0807 	EXP 	target_square_2: autoDraw = True
107.1984 	DATA 	Mouse: Left button down, pos=(814,495)
107.3158 	DATA 	Mouse:  Left button up, pos=(814,495)
108.0647 	EXP 	fixation_3: autoDraw = True
108.0813 	EXP 	target_square_2: autoDraw = False
108.1858 	DATA 	Mouse: Left button down, pos=(814,495)
108.3498 	DATA 	Mouse:  Left button up, pos=(814,495)
109.0657 	EXP 	fixation_3: autoDraw = False
109.0683 	EXP 	New trial (rep=0, index=47): {'square': 3, 'location': [0.2, 0.2], 'corrAns': None}
109.0689 	EXP 	window1: mouseVisible = False
109.0821 	EXP 	grid_lines_2: autoDraw = False
109.0821 	EXP 	target_square_2: autoDraw = False
109.0821 	EXP 	fixation_3: autoDraw = False
109.0821 	EXP 	target_square_2: pos = array([0.2, 0.2])
109.0821 	EXP 	grid_lines_2: autoDraw = True
109.0821 	EXP 	target_square_2: autoDraw = True
109.2996 	DATA 	Mouse: Left button down, pos=(812,495)
109.4502 	DATA 	Mouse:  Left button up, pos=(812,495)
110.0658 	EXP 	fixation_3: autoDraw = True
110.0825 	EXP 	target_square_2: autoDraw = False
111.0661 	EXP 	fixation_3: autoDraw = False
111.0690 	EXP 	New trial (rep=0, index=48): {'square': 6, 'location': [0.2, 0], 'corrAns': 1}
111.0697 	EXP 	window1: mouseVisible = False
111.0829 	EXP 	grid_lines_2: autoDraw = False
111.0829 	EXP 	target_square_2: autoDraw = False
111.0829 	EXP 	fixation_3: autoDraw = False
111.0829 	EXP 	target_square_2: pos = array([0.2, 0. ])
111.0829 	EXP 	grid_lines_2: autoDraw = True
111.0829 	EXP 	target_square_2: autoDraw = True
112.0683 	EXP 	fixation_3: autoDraw = True
112.0881 	EXP 	target_square_2: autoDraw = False
113.0710 	EXP 	fixation_3: autoDraw = False
113.0736 	EXP 	New trial (rep=0, index=49): {'square': 5, 'location': [0, 0], 'corrAns': None}
113.0742 	EXP 	window1: mouseVisible = False
113.0890 	EXP 	grid_lines_2: autoDraw = False
113.0890 	EXP 	target_square_2: autoDraw = False
113.0890 	EXP 	fixation_3: autoDraw = False
113.0890 	EXP 	target_square_2: pos = array([0., 0.])
113.0890 	EXP 	grid_lines_2: autoDraw = True
113.0890 	EXP 	target_square_2: autoDraw = True
114.0680 	EXP 	fixation_3: autoDraw = True
114.1008 	EXP 	target_square_2: autoDraw = False
115.0684 	EXP 	fixation_3: autoDraw = False
115.0709 	EXP 	New trial (rep=0, index=50): {'square': 7, 'location': [-0.2, -0.2], 'corrAns': None}
115.0716 	EXP 	window1: mouseVisible = False
115.0845 	EXP 	grid_lines_2: autoDraw = False
115.0845 	EXP 	target_square_2: autoDraw = False
115.0845 	EXP 	fixation_3: autoDraw = False
115.0845 	EXP 	target_square_2: pos = array([-0.2, -0.2])
115.0845 	EXP 	grid_lines_2: autoDraw = True
115.0845 	EXP 	target_square_2: autoDraw = True
116.0682 	EXP 	fixation_3: autoDraw = True
116.0849 	EXP 	target_square_2: autoDraw = False
117.0689 	EXP 	fixation_3: autoDraw = False
117.0715 	EXP 	New trial (rep=0, index=51): {'square': 5, 'location': [0, 0], 'corrAns': 1}
117.0721 	EXP 	window1: mouseVisible = False
117.0857 	EXP 	grid_lines_2: autoDraw = False
117.0857 	EXP 	target_square_2: autoDraw = False
117.0857 	EXP 	fixation_3: autoDraw = False
117.0857 	EXP 	target_square_2: pos = array([0., 0.])
117.0857 	EXP 	grid_lines_2: autoDraw = True
117.0857 	EXP 	target_square_2: autoDraw = True
118.0693 	EXP 	fixation_3: autoDraw = True
118.0859 	EXP 	target_square_2: autoDraw = False
119.0697 	EXP 	fixation_3: autoDraw = False
119.0723 	EXP 	New trial (rep=0, index=52): {'square': 1, 'location': [-0.2, 0.2], 'corrAns': None}
119.0730 	EXP 	window1: mouseVisible = False
119.0863 	EXP 	grid_lines_2: autoDraw = False
119.0863 	EXP 	target_square_2: autoDraw = False
119.0863 	EXP 	fixation_3: autoDraw = False
119.0863 	EXP 	target_square_2: pos = array([-0.2,  0.2])
119.0863 	EXP 	grid_lines_2: autoDraw = True
119.0863 	EXP 	target_square_2: autoDraw = True
120.0702 	EXP 	fixation_3: autoDraw = True
120.0869 	EXP 	target_square_2: autoDraw = False
121.0706 	EXP 	fixation_3: autoDraw = False
121.0734 	EXP 	New trial (rep=0, index=53): {'square': 7, 'location': [-0.2, -0.2], 'corrAns': None}
121.0740 	EXP 	window1: mouseVisible = False
121.0873 	EXP 	grid_lines_2: autoDraw = False
121.0873 	EXP 	target_square_2: autoDraw = False
121.0873 	EXP 	fixation_3: autoDraw = False
121.0873 	EXP 	target_square_2: pos = array([-0.2, -0.2])
121.0873 	EXP 	grid_lines_2: autoDraw = True
121.0873 	EXP 	target_square_2: autoDraw = True
122.0711 	EXP 	fixation_3: autoDraw = True
122.0879 	EXP 	target_square_2: autoDraw = False
123.0719 	EXP 	fixation_3: autoDraw = False
123.0745 	EXP 	New trial (rep=0, index=54): {'square': 9, 'location': [0.2, -0.2], 'corrAns': None}
123.0752 	EXP 	window1: mouseVisible = False
123.0885 	EXP 	grid_lines_2: autoDraw = False
123.0885 	EXP 	target_square_2: autoDraw = False
123.0885 	EXP 	fixation_3: autoDraw = False
123.0885 	EXP 	target_square_2: pos = array([ 0.2, -0.2])
123.0885 	EXP 	grid_lines_2: autoDraw = True
123.0885 	EXP 	target_square_2: autoDraw = True
124.0720 	EXP 	fixation_3: autoDraw = True
124.0889 	EXP 	target_square_2: autoDraw = False
125.0726 	EXP 	fixation_3: autoDraw = False
125.0752 	EXP 	New trial (rep=0, index=55): {'square': 3, 'location': [0.2, 0.2], 'corrAns': None}
125.0759 	EXP 	window1: mouseVisible = False
125.0893 	EXP 	grid_lines_2: autoDraw = False
125.0893 	EXP 	target_square_2: autoDraw = False
125.0893 	EXP 	fixation_3: autoDraw = False
125.0893 	EXP 	target_square_2: pos = array([0.2, 0.2])
125.0893 	EXP 	grid_lines_2: autoDraw = True
125.0893 	EXP 	target_square_2: autoDraw = True
126.0732 	EXP 	fixation_3: autoDraw = True
126.0897 	EXP 	target_square_2: autoDraw = False
127.0734 	EXP 	fixation_3: autoDraw = False
127.0760 	EXP 	New trial (rep=0, index=56): {'square': 9, 'location': [0.2, -0.2], 'corrAns': 1}
127.0766 	EXP 	window1: mouseVisible = False
127.0902 	EXP 	grid_lines_2: autoDraw = False
127.0902 	EXP 	target_square_2: autoDraw = False
127.0902 	EXP 	fixation_3: autoDraw = False
127.0902 	EXP 	target_square_2: pos = array([ 0.2, -0.2])
127.0902 	EXP 	grid_lines_2: autoDraw = True
127.0902 	EXP 	target_square_2: autoDraw = True
128.0739 	EXP 	fixation_3: autoDraw = True
128.0908 	EXP 	target_square_2: autoDraw = False
129.0744 	EXP 	fixation_3: autoDraw = False
129.0770 	EXP 	New trial (rep=0, index=57): {'square': 6, 'location': [0.2, 0], 'corrAns': None}
129.0777 	EXP 	window1: mouseVisible = False
129.0911 	EXP 	grid_lines_2: autoDraw = False
129.0911 	EXP 	target_square_2: autoDraw = False
129.0911 	EXP 	fixation_3: autoDraw = False
129.0911 	EXP 	target_square_2: pos = array([0.2, 0. ])
129.0911 	EXP 	grid_lines_2: autoDraw = True
129.0911 	EXP 	target_square_2: autoDraw = True
130.0749 	EXP 	fixation_3: autoDraw = True
130.0916 	EXP 	target_square_2: autoDraw = False
131.0752 	EXP 	fixation_3: autoDraw = False
131.0780 	EXP 	New trial (rep=0, index=58): {'square': 2, 'location': [0, 0.2], 'corrAns': None}
131.0786 	EXP 	window1: mouseVisible = False
131.0923 	EXP 	grid_lines_2: autoDraw = False
131.0923 	EXP 	target_square_2: autoDraw = False
131.0923 	EXP 	fixation_3: autoDraw = False
131.0923 	EXP 	target_square_2: pos = array([0. , 0.2])
131.0923 	EXP 	grid_lines_2: autoDraw = True
131.0923 	EXP 	target_square_2: autoDraw = True
132.0759 	EXP 	fixation_3: autoDraw = True
132.0924 	EXP 	target_square_2: autoDraw = False
133.0623 	EXP 	New trial (rep=0, index=59): {'square': 5, 'location': [0, 0], 'corrAns': None}
133.0629 	EXP 	window1: mouseVisible = False
133.0765 	EXP 	grid_lines_2: autoDraw = False
133.0765 	EXP 	target_square_2: autoDraw = False
133.0765 	EXP 	fixation_3: autoDraw = False
133.0765 	EXP 	target_square_2: pos = array([0., 0.])
133.0765 	EXP 	grid_lines_2: autoDraw = True
133.0765 	EXP 	target_square_2: autoDraw = True
134.0604 	EXP 	fixation_3: autoDraw = True
134.0767 	EXP 	target_square_2: autoDraw = False
135.0607 	EXP 	fixation_3: autoDraw = False
135.0635 	EXP 	New trial (rep=0, index=60): {'square': 5, 'location': [0, 0], 'corrAns': None}
135.0641 	EXP 	window1: mouseVisible = False
135.0771 	EXP 	grid_lines_2: autoDraw = False
135.0771 	EXP 	target_square_2: autoDraw = False
135.0771 	EXP 	fixation_3: autoDraw = False
135.0771 	EXP 	target_square_2: pos = array([0., 0.])
135.0771 	EXP 	grid_lines_2: autoDraw = True
135.0771 	EXP 	target_square_2: autoDraw = True
136.0609 	EXP 	fixation_3: autoDraw = True
136.0776 	EXP 	target_square_2: autoDraw = False
137.0615 	EXP 	fixation_3: autoDraw = False
137.0642 	EXP 	New trial (rep=0, index=61): {'square': 2, 'location': [0, 0.2], 'corrAns': None}
137.0649 	EXP 	window1: mouseVisible = False
137.0781 	EXP 	grid_lines_2: autoDraw = False
137.0781 	EXP 	target_square_2: autoDraw = False
137.0781 	EXP 	fixation_3: autoDraw = False
137.0781 	EXP 	target_square_2: pos = array([0. , 0.2])
137.0781 	EXP 	grid_lines_2: autoDraw = True
137.0781 	EXP 	target_square_2: autoDraw = True
138.0621 	EXP 	fixation_3: autoDraw = True
138.0800 	EXP 	target_square_2: autoDraw = False
139.0623 	EXP 	fixation_3: autoDraw = False
139.0649 	EXP 	New trial (rep=0, index=62): {'square': 6, 'location': [0.2, 0], 'corrAns': None}
139.0655 	EXP 	window1: mouseVisible = False
139.0790 	EXP 	grid_lines_2: autoDraw = False
139.0790 	EXP 	target_square_2: autoDraw = False
139.0790 	EXP 	fixation_3: autoDraw = False
139.0790 	EXP 	target_square_2: pos = array([0.2, 0. ])
139.0790 	EXP 	grid_lines_2: autoDraw = True
139.0790 	EXP 	target_square_2: autoDraw = True
140.0629 	EXP 	fixation_3: autoDraw = True
140.0794 	EXP 	target_square_2: autoDraw = False
141.0634 	EXP 	fixation_3: autoDraw = False
141.0660 	EXP 	New trial (rep=0, index=63): {'square': 9, 'location': [0.2, -0.2], 'corrAns': None}
141.0666 	EXP 	window1: mouseVisible = False
141.0802 	EXP 	grid_lines_2: autoDraw = False
141.0802 	EXP 	target_square_2: autoDraw = False
141.0802 	EXP 	fixation_3: autoDraw = False
141.0802 	EXP 	target_square_2: pos = array([ 0.2, -0.2])
141.0802 	EXP 	grid_lines_2: autoDraw = True
141.0802 	EXP 	target_square_2: autoDraw = True
142.0642 	EXP 	fixation_3: autoDraw = True
142.0805 	EXP 	target_square_2: autoDraw = False
143.0702 	EXP 	fixation_3: autoDraw = False
143.0728 	EXP 	New trial (rep=0, index=64): {'square': 3, 'location': [0.2, 0.2], 'corrAns': None}
143.0734 	EXP 	window1: mouseVisible = False
143.0851 	EXP 	grid_lines_2: autoDraw = False
143.0851 	EXP 	target_square_2: autoDraw = False
143.0851 	EXP 	fixation_3: autoDraw = False
143.0851 	EXP 	target_square_2: pos = array([0.2, 0.2])
143.0851 	EXP 	grid_lines_2: autoDraw = True
143.0851 	EXP 	target_square_2: autoDraw = True
144.0648 	EXP 	fixation_3: autoDraw = True
144.0981 	EXP 	target_square_2: autoDraw = False
145.0652 	EXP 	fixation_3: autoDraw = False
145.0678 	EXP 	New trial (rep=0, index=65): {'square': 9, 'location': [0.2, -0.2], 'corrAns': 1}
145.0685 	EXP 	window1: mouseVisible = False
145.0819 	EXP 	grid_lines_2: autoDraw = False
145.0819 	EXP 	target_square_2: autoDraw = False
145.0819 	EXP 	fixation_3: autoDraw = False
145.0819 	EXP 	target_square_2: pos = array([ 0.2, -0.2])
145.0819 	EXP 	grid_lines_2: autoDraw = True
145.0819 	EXP 	target_square_2: autoDraw = True
146.0657 	EXP 	fixation_3: autoDraw = True
146.0824 	EXP 	target_square_2: autoDraw = False
147.0678 	EXP 	fixation_3: autoDraw = False
147.0706 	EXP 	New trial (rep=0, index=66): {'square': 7, 'location': [-0.2, -0.2], 'corrAns': None}
147.0713 	EXP 	window1: mouseVisible = False
147.0832 	EXP 	grid_lines_2: autoDraw = False
147.0832 	EXP 	target_square_2: autoDraw = False
147.0832 	EXP 	fixation_3: autoDraw = False
147.0832 	EXP 	target_square_2: pos = array([-0.2, -0.2])
147.0832 	EXP 	grid_lines_2: autoDraw = True
147.0832 	EXP 	target_square_2: autoDraw = True
148.0668 	EXP 	fixation_3: autoDraw = True
148.0834 	EXP 	target_square_2: autoDraw = False
149.0673 	EXP 	fixation_3: autoDraw = False
149.0699 	EXP 	New trial (rep=0, index=67): {'square': 1, 'location': [-0.2, 0.2], 'corrAns': None}
149.0705 	EXP 	window1: mouseVisible = False
149.0838 	EXP 	grid_lines_2: autoDraw = False
149.0838 	EXP 	target_square_2: autoDraw = False
149.0838 	EXP 	fixation_3: autoDraw = False
149.0838 	EXP 	target_square_2: pos = array([-0.2,  0.2])
149.0838 	EXP 	grid_lines_2: autoDraw = True
149.0838 	EXP 	target_square_2: autoDraw = True
150.0676 	EXP 	fixation_3: autoDraw = True
150.0842 	EXP 	target_square_2: autoDraw = False
151.0720 	EXP 	fixation_3: autoDraw = False
151.0749 	EXP 	New trial (rep=0, index=68): {'square': 5, 'location': [0, 0], 'corrAns': None}
151.0755 	EXP 	window1: mouseVisible = False
151.0891 	EXP 	grid_lines_2: autoDraw = False
151.0891 	EXP 	target_square_2: autoDraw = False
151.0891 	EXP 	fixation_3: autoDraw = False
151.0891 	EXP 	target_square_2: pos = array([0., 0.])
151.0891 	EXP 	grid_lines_2: autoDraw = True
151.0891 	EXP 	target_square_2: autoDraw = True
152.0685 	EXP 	fixation_3: autoDraw = True
152.1024 	EXP 	target_square_2: autoDraw = False
153.0690 	EXP 	fixation_3: autoDraw = False
153.0716 	EXP 	New trial (rep=0, index=69): {'square': 7, 'location': [-0.2, -0.2], 'corrAns': None}
153.0723 	EXP 	window1: mouseVisible = False
153.0856 	EXP 	grid_lines_2: autoDraw = False
153.0856 	EXP 	target_square_2: autoDraw = False
153.0856 	EXP 	fixation_3: autoDraw = False
153.0856 	EXP 	target_square_2: pos = array([-0.2, -0.2])
153.0856 	EXP 	grid_lines_2: autoDraw = True
153.0856 	EXP 	target_square_2: autoDraw = True
154.0695 	EXP 	fixation_3: autoDraw = True
154.0861 	EXP 	target_square_2: autoDraw = False
155.0700 	EXP 	fixation_3: autoDraw = False
155.0727 	EXP 	New trial (rep=0, index=70): {'square': 5, 'location': [0, 0], 'corrAns': 1}
155.0732 	EXP 	window1: mouseVisible = False
155.0865 	EXP 	grid_lines_2: autoDraw = False
155.0865 	EXP 	target_square_2: autoDraw = False
155.0865 	EXP 	fixation_3: autoDraw = False
155.0865 	EXP 	target_square_2: pos = array([0., 0.])
155.0865 	EXP 	grid_lines_2: autoDraw = True
155.0865 	EXP 	target_square_2: autoDraw = True
156.0586 	EXP 	fixation_3: autoDraw = True
156.0904 	EXP 	target_square_2: autoDraw = False
157.0585 	EXP 	fixation_3: autoDraw = False
157.0785 	EXP 	New trial (rep=0, index=71): {'square': 6, 'location': [0.2, 0], 'corrAns': None}
157.0791 	EXP 	window1: mouseVisible = False
157.0913 	EXP 	grid_lines_2: autoDraw = False
157.0913 	EXP 	target_square_2: autoDraw = False
157.0913 	EXP 	fixation_3: autoDraw = False
157.0913 	EXP 	target_square_2: pos = array([0.2, 0. ])
157.0913 	EXP 	grid_lines_2: autoDraw = True
157.0913 	EXP 	target_square_2: autoDraw = True
158.0717 	EXP 	fixation_3: autoDraw = True
158.1050 	EXP 	target_square_2: autoDraw = False
159.0777 	EXP 	fixation_3: autoDraw = False
159.0808 	EXP 	New trial (rep=0, index=72): {'square': 3, 'location': [0.2, 0.2], 'corrAns': None}
159.0815 	EXP 	window1: mouseVisible = False
159.1061 	EXP 	grid_lines_2: autoDraw = False
159.1061 	EXP 	target_square_2: autoDraw = False
159.1061 	EXP 	fixation_3: autoDraw = False
159.1061 	EXP 	target_square_2: pos = array([0.2, 0.2])
159.1061 	EXP 	grid_lines_2: autoDraw = True
159.1061 	EXP 	target_square_2: autoDraw = True
160.0743 	EXP 	fixation_3: autoDraw = True
160.1076 	EXP 	target_square_2: autoDraw = False
161.0743 	EXP 	fixation_3: autoDraw = False
161.0796 	EXP 	New trial (rep=0, index=73): {'square': 6, 'location': [0.2, 0], 'corrAns': 1}
161.0804 	EXP 	window1: mouseVisible = False
161.0960 	EXP 	grid_lines_2: autoDraw = False
161.0960 	EXP 	target_square_2: autoDraw = False
161.0960 	EXP 	fixation_3: autoDraw = False
161.0960 	EXP 	target_square_2: pos = array([0.2, 0. ])
161.0960 	EXP 	grid_lines_2: autoDraw = True
161.0960 	EXP 	target_square_2: autoDraw = True
162.0738 	EXP 	fixation_3: autoDraw = True
162.1073 	EXP 	target_square_2: autoDraw = False
163.0776 	EXP 	fixation_3: autoDraw = False
163.0805 	EXP 	New trial (rep=0, index=74): {'square': 8, 'location': [0, -0.2], 'corrAns': None}
163.0812 	EXP 	window1: mouseVisible = False
163.0912 	EXP 	grid_lines_2: autoDraw = False
163.0912 	EXP 	target_square_2: autoDraw = False
163.0912 	EXP 	fixation_3: autoDraw = False
163.0912 	EXP 	target_square_2: pos = array([ 0. , -0.2])
163.0912 	EXP 	grid_lines_2: autoDraw = True
163.0912 	EXP 	target_square_2: autoDraw = True
164.0749 	EXP 	fixation_3: autoDraw = True
164.0955 	EXP 	target_square_2: autoDraw = False
165.0773 	EXP 	fixation_3: autoDraw = False
165.0822 	EXP 	New trial (rep=0, index=75): {'square': 9, 'location': [0.2, -0.2], 'corrAns': None}
165.0828 	EXP 	window1: mouseVisible = False
165.0932 	EXP 	grid_lines_2: autoDraw = False
165.0932 	EXP 	target_square_2: autoDraw = False
165.0932 	EXP 	fixation_3: autoDraw = False
165.0932 	EXP 	target_square_2: pos = array([ 0.2, -0.2])
165.0932 	EXP 	grid_lines_2: autoDraw = True
165.0932 	EXP 	target_square_2: autoDraw = True
166.0756 	EXP 	fixation_3: autoDraw = True
166.0926 	EXP 	target_square_2: autoDraw = False
166.9983 	DATA 	Mouse: Left button down, pos=(151,305)
167.0626 	EXP 	New trial (rep=0, index=76): {'square': 9, 'location': [0.2, -0.2], 'corrAns': None}
167.0632 	EXP 	window1: mouseVisible = False
167.0761 	EXP 	grid_lines_2: autoDraw = False
167.0761 	EXP 	target_square_2: autoDraw = False
167.0761 	EXP 	fixation_3: autoDraw = False
167.0761 	EXP 	target_square_2: pos = array([ 0.2, -0.2])
167.0761 	EXP 	grid_lines_2: autoDraw = True
167.0761 	EXP 	target_square_2: autoDraw = True
167.1266 	DATA 	Mouse:  Left button up, pos=(151,305)
167.1429 	DATA 	Mouse: Left button down, pos=(151,305)
167.1433 	DATA 	Mouse:  Left button up, pos=(151,305)
168.0607 	EXP 	fixation_3: autoDraw = True
168.0781 	EXP 	target_square_2: autoDraw = False
169.0654 	EXP 	fixation_3: autoDraw = False
169.0691 	EXP 	New trial (rep=0, index=77): {'square': 1, 'location': [-0.2, 0.2], 'corrAns': None}
169.0697 	EXP 	window1: mouseVisible = False
169.0802 	EXP 	grid_lines_2: autoDraw = False
169.0802 	EXP 	target_square_2: autoDraw = False
169.0802 	EXP 	fixation_3: autoDraw = False
169.0802 	EXP 	target_square_2: pos = array([-0.2,  0.2])
169.0802 	EXP 	grid_lines_2: autoDraw = True
169.0802 	EXP 	target_square_2: autoDraw = True
170.0604 	EXP 	fixation_3: autoDraw = True
170.0937 	EXP 	target_square_2: autoDraw = False
171.0608 	EXP 	fixation_3: autoDraw = False
171.0634 	EXP 	New trial (rep=0, index=78): {'square': 3, 'location': [0.2, 0.2], 'corrAns': None}
171.0640 	EXP 	window1: mouseVisible = False
171.0779 	EXP 	grid_lines_2: autoDraw = False
171.0779 	EXP 	target_square_2: autoDraw = False
171.0779 	EXP 	fixation_3: autoDraw = False
171.0779 	EXP 	target_square_2: pos = array([0.2, 0.2])
171.0779 	EXP 	grid_lines_2: autoDraw = True
171.0779 	EXP 	target_square_2: autoDraw = True
172.0613 	EXP 	fixation_3: autoDraw = True
172.0782 	EXP 	target_square_2: autoDraw = False
173.0617 	EXP 	fixation_3: autoDraw = False
173.0642 	EXP 	New trial (rep=0, index=79): {'square': 5, 'location': [0, 0], 'corrAns': None}
173.0648 	EXP 	window1: mouseVisible = False
173.0787 	EXP 	grid_lines_2: autoDraw = False
173.0787 	EXP 	target_square_2: autoDraw = False
173.0787 	EXP 	fixation_3: autoDraw = False
173.0787 	EXP 	target_square_2: pos = array([0., 0.])
173.0787 	EXP 	grid_lines_2: autoDraw = True
173.0787 	EXP 	target_square_2: autoDraw = True
174.0632 	EXP 	fixation_3: autoDraw = True
174.0789 	EXP 	target_square_2: autoDraw = False
175.0628 	EXP 	fixation_3: autoDraw = False
175.0655 	EXP 	New trial (rep=0, index=80): {'square': 3, 'location': [0.2, 0.2], 'corrAns': 1}
175.0661 	EXP 	window1: mouseVisible = False
175.0794 	EXP 	grid_lines_2: autoDraw = False
175.0794 	EXP 	target_square_2: autoDraw = False
175.0794 	EXP 	fixation_3: autoDraw = False
175.0794 	EXP 	target_square_2: pos = array([0.2, 0.2])
175.0794 	EXP 	grid_lines_2: autoDraw = True
175.0794 	EXP 	target_square_2: autoDraw = True
176.0631 	EXP 	fixation_3: autoDraw = True
176.0798 	EXP 	target_square_2: autoDraw = False
177.0636 	EXP 	fixation_3: autoDraw = False
177.0662 	EXP 	New trial (rep=0, index=81): {'square': 4, 'location': [-0.2, 0], 'corrAns': None}
177.0668 	EXP 	window1: mouseVisible = False
177.0803 	EXP 	grid_lines_2: autoDraw = False
177.0803 	EXP 	target_square_2: autoDraw = False
177.0803 	EXP 	fixation_3: autoDraw = False
177.0803 	EXP 	target_square_2: pos = array([-0.2,  0. ])
177.0803 	EXP 	grid_lines_2: autoDraw = True
177.0803 	EXP 	target_square_2: autoDraw = True
178.0641 	EXP 	fixation_3: autoDraw = True
178.0807 	EXP 	target_square_2: autoDraw = False
179.0647 	EXP 	fixation_3: autoDraw = False
179.0673 	EXP 	New trial (rep=0, index=82): {'square': 7, 'location': [-0.2, -0.2], 'corrAns': None}
179.0679 	EXP 	window1: mouseVisible = False
179.0812 	EXP 	grid_lines_2: autoDraw = False
179.0812 	EXP 	target_square_2: autoDraw = False
179.0812 	EXP 	fixation_3: autoDraw = False
179.0812 	EXP 	target_square_2: pos = array([-0.2, -0.2])
179.0812 	EXP 	grid_lines_2: autoDraw = True
179.0812 	EXP 	target_square_2: autoDraw = True
180.0655 	EXP 	fixation_3: autoDraw = True
180.0821 	EXP 	target_square_2: autoDraw = False
181.0654 	EXP 	fixation_3: autoDraw = False
181.0680 	EXP 	New trial (rep=0, index=83): {'square': 4, 'location': [-0.2, 0], 'corrAns': 1}
181.0686 	EXP 	window1: mouseVisible = False
181.0834 	EXP 	grid_lines_2: autoDraw = False
181.0834 	EXP 	target_square_2: autoDraw = False
181.0834 	EXP 	fixation_3: autoDraw = False
181.0834 	EXP 	target_square_2: pos = array([-0.2,  0. ])
181.0834 	EXP 	grid_lines_2: autoDraw = True
181.0834 	EXP 	target_square_2: autoDraw = True
182.0663 	EXP 	fixation_3: autoDraw = True
182.0825 	EXP 	target_square_2: autoDraw = False
183.0665 	EXP 	fixation_3: autoDraw = False
183.0692 	EXP 	New trial (rep=0, index=84): {'square': 4, 'location': [-0.2, 0], 'corrAns': None}
183.0698 	EXP 	window1: mouseVisible = False
183.0831 	EXP 	grid_lines_2: autoDraw = False
183.0831 	EXP 	target_square_2: autoDraw = False
183.0831 	EXP 	fixation_3: autoDraw = False
183.0831 	EXP 	target_square_2: pos = array([-0.2,  0. ])
183.0831 	EXP 	grid_lines_2: autoDraw = True
183.0831 	EXP 	target_square_2: autoDraw = True
184.0673 	EXP 	fixation_3: autoDraw = True
184.0839 	EXP 	target_square_2: autoDraw = False
185.0673 	EXP 	fixation_3: autoDraw = False
185.0699 	EXP 	New trial (rep=0, index=85): {'square': 5, 'location': [0, 0], 'corrAns': None}
185.0705 	EXP 	window1: mouseVisible = False
185.0843 	EXP 	grid_lines_2: autoDraw = False
185.0843 	EXP 	target_square_2: autoDraw = False
185.0843 	EXP 	fixation_3: autoDraw = False
185.0843 	EXP 	target_square_2: pos = array([0., 0.])
185.0843 	EXP 	grid_lines_2: autoDraw = True
185.0843 	EXP 	target_square_2: autoDraw = True
186.0679 	EXP 	fixation_3: autoDraw = True
186.0845 	EXP 	target_square_2: autoDraw = False
187.0682 	EXP 	fixation_3: autoDraw = False
187.0708 	EXP 	New trial (rep=0, index=86): {'square': 2, 'location': [0, 0.2], 'corrAns': None}
187.0714 	EXP 	window1: mouseVisible = False
187.0849 	EXP 	grid_lines_2: autoDraw = False
187.0849 	EXP 	target_square_2: autoDraw = False
187.0849 	EXP 	fixation_3: autoDraw = False
187.0849 	EXP 	target_square_2: pos = array([0. , 0.2])
187.0849 	EXP 	grid_lines_2: autoDraw = True
187.0849 	EXP 	target_square_2: autoDraw = True
188.0687 	EXP 	fixation_3: autoDraw = True
188.0853 	EXP 	target_square_2: autoDraw = False
189.0692 	EXP 	fixation_3: autoDraw = False
189.0720 	EXP 	New trial (rep=0, index=87): {'square': 6, 'location': [0.2, 0], 'corrAns': None}
189.0726 	EXP 	window1: mouseVisible = False
189.0857 	EXP 	grid_lines_2: autoDraw = False
189.0857 	EXP 	target_square_2: autoDraw = False
189.0857 	EXP 	fixation_3: autoDraw = False
189.0857 	EXP 	target_square_2: pos = array([0.2, 0. ])
189.0857 	EXP 	grid_lines_2: autoDraw = True
189.0857 	EXP 	target_square_2: autoDraw = True
190.0695 	EXP 	fixation_3: autoDraw = True
190.0862 	EXP 	target_square_2: autoDraw = False
191.0701 	EXP 	fixation_3: autoDraw = False
191.0727 	EXP 	New trial (rep=0, index=88): {'square': 7, 'location': [-0.2, -0.2], 'corrAns': None}
191.0734 	EXP 	window1: mouseVisible = False
191.0867 	EXP 	grid_lines_2: autoDraw = False
191.0867 	EXP 	target_square_2: autoDraw = False
191.0867 	EXP 	fixation_3: autoDraw = False
191.0867 	EXP 	target_square_2: pos = array([-0.2, -0.2])
191.0867 	EXP 	grid_lines_2: autoDraw = True
191.0867 	EXP 	target_square_2: autoDraw = True
192.0706 	EXP 	fixation_3: autoDraw = True
192.0872 	EXP 	target_square_2: autoDraw = False
193.0711 	EXP 	fixation_3: autoDraw = False
193.0737 	EXP 	New trial (rep=0, index=89): {'square': 6, 'location': [0.2, 0], 'corrAns': 1}
193.0744 	EXP 	window1: mouseVisible = False
193.0877 	EXP 	grid_lines_2: autoDraw = False
193.0877 	EXP 	target_square_2: autoDraw = False
193.0877 	EXP 	fixation_3: autoDraw = False
193.0877 	EXP 	target_square_2: pos = array([0.2, 0. ])
193.0877 	EXP 	grid_lines_2: autoDraw = True
193.0877 	EXP 	target_square_2: autoDraw = True
194.0715 	EXP 	fixation_3: autoDraw = True
194.0882 	EXP 	target_square_2: autoDraw = False
195.0725 	EXP 	fixation_3: autoDraw = False
195.0770 	EXP 	New trial (rep=0, index=90): {'square': 6, 'location': [0.2, 0], 'corrAns': None}
195.0778 	EXP 	window1: mouseVisible = False
195.0889 	EXP 	grid_lines_2: autoDraw = False
195.0889 	EXP 	target_square_2: autoDraw = False
195.0889 	EXP 	fixation_3: autoDraw = False
195.0889 	EXP 	target_square_2: pos = array([0.2, 0. ])
195.0889 	EXP 	grid_lines_2: autoDraw = True
195.0889 	EXP 	target_square_2: autoDraw = True
196.0726 	EXP 	fixation_3: autoDraw = True
196.0900 	EXP 	target_square_2: autoDraw = False
197.0730 	EXP 	fixation_3: autoDraw = False
197.0756 	EXP 	New trial (rep=0, index=91): {'square': 7, 'location': [-0.2, -0.2], 'corrAns': None}
197.0762 	EXP 	window1: mouseVisible = False
197.0896 	EXP 	grid_lines_2: autoDraw = False
197.0896 	EXP 	target_square_2: autoDraw = False
197.0896 	EXP 	fixation_3: autoDraw = False
197.0896 	EXP 	target_square_2: pos = array([-0.2, -0.2])
197.0896 	EXP 	grid_lines_2: autoDraw = True
197.0896 	EXP 	target_square_2: autoDraw = True
198.0735 	EXP 	fixation_3: autoDraw = True
198.0900 	EXP 	target_square_2: autoDraw = False
199.0739 	EXP 	fixation_3: autoDraw = False
199.0766 	EXP 	New trial (rep=0, index=92): {'square': 6, 'location': [0.2, 0], 'corrAns': 1}
199.0773 	EXP 	window1: mouseVisible = False
199.0905 	EXP 	grid_lines_2: autoDraw = False
199.0905 	EXP 	target_square_2: autoDraw = False
199.0905 	EXP 	fixation_3: autoDraw = False
199.0905 	EXP 	target_square_2: pos = array([0.2, 0. ])
199.0905 	EXP 	grid_lines_2: autoDraw = True
199.0905 	EXP 	target_square_2: autoDraw = True
200.0743 	EXP 	fixation_3: autoDraw = True
200.0911 	EXP 	target_square_2: autoDraw = False
201.0751 	EXP 	fixation_3: autoDraw = False
201.0779 	EXP 	New trial (rep=0, index=93): {'square': 2, 'location': [0, 0.2], 'corrAns': None}
201.0786 	EXP 	window1: mouseVisible = False
201.0915 	EXP 	grid_lines_2: autoDraw = False
201.0915 	EXP 	target_square_2: autoDraw = False
201.0915 	EXP 	fixation_3: autoDraw = False
201.0915 	EXP 	target_square_2: pos = array([0. , 0.2])
201.0915 	EXP 	grid_lines_2: autoDraw = True
201.0915 	EXP 	target_square_2: autoDraw = True
202.0754 	EXP 	fixation_3: autoDraw = True
202.0924 	EXP 	target_square_2: autoDraw = False
203.0756 	EXP 	fixation_3: autoDraw = False
203.0782 	EXP 	New trial (rep=0, index=94): {'square': 5, 'location': [0, 0], 'corrAns': None}
203.0788 	EXP 	window1: mouseVisible = False
203.0925 	EXP 	grid_lines_2: autoDraw = False
203.0925 	EXP 	target_square_2: autoDraw = False
203.0925 	EXP 	fixation_3: autoDraw = False
203.0925 	EXP 	target_square_2: pos = array([0., 0.])
203.0925 	EXP 	grid_lines_2: autoDraw = True
203.0925 	EXP 	target_square_2: autoDraw = True
204.0761 	EXP 	fixation_3: autoDraw = True
204.0928 	EXP 	target_square_2: autoDraw = False
205.0626 	EXP 	New trial (rep=0, index=95): {'square': 4, 'location': [-0.2, 0], 'corrAns': None}
205.0635 	EXP 	window1: mouseVisible = False
205.0767 	EXP 	grid_lines_2: autoDraw = False
205.0767 	EXP 	target_square_2: autoDraw = False
205.0767 	EXP 	fixation_3: autoDraw = False
205.0767 	EXP 	target_square_2: pos = array([-0.2,  0. ])
205.0767 	EXP 	grid_lines_2: autoDraw = True
205.0767 	EXP 	target_square_2: autoDraw = True
206.0608 	EXP 	fixation_3: autoDraw = True
206.0771 	EXP 	target_square_2: autoDraw = False
207.0650 	EXP 	fixation_3: autoDraw = False
207.0676 	EXP 	New trial (rep=0, index=96): {'square': 4, 'location': [-0.2, 0], 'corrAns': None}
207.0683 	EXP 	window1: mouseVisible = False
207.0779 	EXP 	grid_lines_2: autoDraw = False
207.0779 	EXP 	target_square_2: autoDraw = False
207.0779 	EXP 	fixation_3: autoDraw = False
207.0779 	EXP 	target_square_2: pos = array([-0.2,  0. ])
207.0779 	EXP 	grid_lines_2: autoDraw = True
207.0779 	EXP 	target_square_2: autoDraw = True
208.0618 	EXP 	fixation_3: autoDraw = True
208.0781 	EXP 	target_square_2: autoDraw = False
209.0619 	EXP 	fixation_3: autoDraw = False
209.0645 	EXP 	New trial (rep=0, index=97): {'square': 7, 'location': [-0.2, -0.2], 'corrAns': None}
209.0652 	EXP 	window1: mouseVisible = False
209.0790 	EXP 	grid_lines_2: autoDraw = False
209.0790 	EXP 	target_square_2: autoDraw = False
209.0790 	EXP 	fixation_3: autoDraw = False
209.0790 	EXP 	target_square_2: pos = array([-0.2, -0.2])
209.0790 	EXP 	grid_lines_2: autoDraw = True
209.0790 	EXP 	target_square_2: autoDraw = True
210.0623 	EXP 	fixation_3: autoDraw = True
210.0789 	EXP 	target_square_2: autoDraw = False
211.0628 	EXP 	fixation_3: autoDraw = False
211.0654 	EXP 	New trial (rep=0, index=98): {'square': 4, 'location': [-0.2, 0], 'corrAns': 1}
211.0660 	EXP 	window1: mouseVisible = False
211.0796 	EXP 	grid_lines_2: autoDraw = False
211.0796 	EXP 	target_square_2: autoDraw = False
211.0796 	EXP 	fixation_3: autoDraw = False
211.0796 	EXP 	target_square_2: pos = array([-0.2,  0. ])
211.0796 	EXP 	grid_lines_2: autoDraw = True
211.0796 	EXP 	target_square_2: autoDraw = True
212.0634 	EXP 	fixation_3: autoDraw = True
212.0800 	EXP 	target_square_2: autoDraw = False
213.0637 	EXP 	fixation_3: autoDraw = False
213.0663 	EXP 	New trial (rep=0, index=99): {'square': 3, 'location': [0.2, 0.2], 'corrAns': None}
213.0670 	EXP 	window1: mouseVisible = False
213.0806 	EXP 	grid_lines_2: autoDraw = False
213.0806 	EXP 	target_square_2: autoDraw = False
213.0806 	EXP 	fixation_3: autoDraw = False
213.0806 	EXP 	target_square_2: pos = array([0.2, 0.2])
213.0806 	EXP 	grid_lines_2: autoDraw = True
213.0806 	EXP 	target_square_2: autoDraw = True
214.0643 	EXP 	fixation_3: autoDraw = True
214.0809 	EXP 	target_square_2: autoDraw = False
215.0646 	EXP 	fixation_3: autoDraw = False
215.0676 	EXP 	New trial (rep=0, index=100): {'square': 5, 'location': [0, 0], 'corrAns': None}
215.0683 	EXP 	window1: mouseVisible = False
215.0814 	EXP 	grid_lines_2: autoDraw = False
215.0814 	EXP 	target_square_2: autoDraw = False
215.0814 	EXP 	fixation_3: autoDraw = False
215.0814 	EXP 	target_square_2: pos = array([0., 0.])
215.0814 	EXP 	grid_lines_2: autoDraw = True
215.0814 	EXP 	target_square_2: autoDraw = True
216.0529 	EXP 	fixation_3: autoDraw = True
216.0866 	EXP 	target_square_2: autoDraw = False
217.0655 	EXP 	fixation_3: autoDraw = False
217.0683 	EXP 	New trial (rep=0, index=101): {'square': 3, 'location': [0.2, 0.2], 'corrAns': 1}
217.0690 	EXP 	window1: mouseVisible = False
217.0823 	EXP 	grid_lines_2: autoDraw = False
217.0823 	EXP 	target_square_2: autoDraw = False
217.0823 	EXP 	fixation_3: autoDraw = False
217.0823 	EXP 	target_square_2: pos = array([0.2, 0.2])
217.0823 	EXP 	grid_lines_2: autoDraw = True
217.0823 	EXP 	target_square_2: autoDraw = True
218.0663 	EXP 	fixation_3: autoDraw = True
218.0828 	EXP 	target_square_2: autoDraw = False
219.0666 	EXP 	fixation_3: autoDraw = False
219.0691 	EXP 	New trial (rep=0, index=102): {'square': 1, 'location': [-0.2, 0.2], 'corrAns': None}
219.0698 	EXP 	window1: mouseVisible = False
219.0833 	EXP 	grid_lines_2: autoDraw = False
219.0833 	EXP 	target_square_2: autoDraw = False
219.0833 	EXP 	fixation_3: autoDraw = False
219.0833 	EXP 	target_square_2: pos = array([-0.2,  0.2])
219.0833 	EXP 	grid_lines_2: autoDraw = True
219.0833 	EXP 	target_square_2: autoDraw = True
220.0671 	EXP 	fixation_3: autoDraw = True
220.0838 	EXP 	target_square_2: autoDraw = False
221.0676 	EXP 	fixation_3: autoDraw = False
221.0702 	EXP 	New trial (rep=0, index=103): {'square': 9, 'location': [0.2, -0.2], 'corrAns': None}
221.0708 	EXP 	window1: mouseVisible = False
221.0842 	EXP 	grid_lines_2: autoDraw = False
221.0842 	EXP 	target_square_2: autoDraw = False
221.0842 	EXP 	fixation_3: autoDraw = False
221.0842 	EXP 	target_square_2: pos = array([ 0.2, -0.2])
221.0842 	EXP 	grid_lines_2: autoDraw = True
221.0842 	EXP 	target_square_2: autoDraw = True
222.0681 	EXP 	fixation_3: autoDraw = True
222.0846 	EXP 	target_square_2: autoDraw = False
223.0685 	EXP 	fixation_3: autoDraw = False
223.0712 	EXP 	New trial (rep=0, index=104): {'square': 9, 'location': [0.2, -0.2], 'corrAns': None}
223.0719 	EXP 	window1: mouseVisible = False
223.0854 	EXP 	grid_lines_2: autoDraw = False
223.0854 	EXP 	target_square_2: autoDraw = False
223.0854 	EXP 	fixation_3: autoDraw = False
223.0854 	EXP 	target_square_2: pos = array([ 0.2, -0.2])
223.0854 	EXP 	grid_lines_2: autoDraw = True
223.0854 	EXP 	target_square_2: autoDraw = True
224.0690 	EXP 	fixation_3: autoDraw = True
224.0860 	EXP 	target_square_2: autoDraw = False
225.0696 	EXP 	fixation_3: autoDraw = False
225.0722 	EXP 	New trial (rep=0, index=105): {'square': 8, 'location': [0, -0.2], 'corrAns': None}
225.0730 	EXP 	window1: mouseVisible = False
225.0862 	EXP 	grid_lines_2: autoDraw = False
225.0862 	EXP 	target_square_2: autoDraw = False
225.0862 	EXP 	fixation_3: autoDraw = False
225.0862 	EXP 	target_square_2: pos = array([ 0. , -0.2])
225.0862 	EXP 	grid_lines_2: autoDraw = True
225.0862 	EXP 	target_square_2: autoDraw = True
226.0699 	EXP 	fixation_3: autoDraw = True
226.0865 	EXP 	target_square_2: autoDraw = False
227.0703 	EXP 	fixation_3: autoDraw = False
227.0729 	EXP 	New trial (rep=0, index=106): {'square': 6, 'location': [0.2, 0], 'corrAns': None}
227.0735 	EXP 	window1: mouseVisible = False
227.0870 	EXP 	grid_lines_2: autoDraw = False
227.0870 	EXP 	target_square_2: autoDraw = False
227.0870 	EXP 	fixation_3: autoDraw = False
227.0870 	EXP 	target_square_2: pos = array([0.2, 0. ])
227.0870 	EXP 	grid_lines_2: autoDraw = True
227.0870 	EXP 	target_square_2: autoDraw = True
228.0708 	EXP 	fixation_3: autoDraw = True
228.0874 	EXP 	target_square_2: autoDraw = False
229.0720 	EXP 	fixation_3: autoDraw = False
229.0746 	EXP 	New trial (rep=0, index=107): {'square': 3, 'location': [0.2, 0.2], 'corrAns': None}
229.0753 	EXP 	window1: mouseVisible = False
229.0880 	EXP 	grid_lines_2: autoDraw = False
229.0880 	EXP 	target_square_2: autoDraw = False
229.0880 	EXP 	fixation_3: autoDraw = False
229.0880 	EXP 	target_square_2: pos = array([0.2, 0.2])
229.0880 	EXP 	grid_lines_2: autoDraw = True
229.0880 	EXP 	target_square_2: autoDraw = True
230.0718 	EXP 	fixation_3: autoDraw = True
230.0884 	EXP 	target_square_2: autoDraw = False
231.0721 	EXP 	fixation_3: autoDraw = False
231.0759 	EXP 	New trial (rep=0, index=108): {'square': 6, 'location': [0.2, 0], 'corrAns': 1}
231.0767 	EXP 	window1: mouseVisible = False
231.0889 	EXP 	grid_lines_2: autoDraw = False
231.0889 	EXP 	target_square_2: autoDraw = False
231.0889 	EXP 	fixation_3: autoDraw = False
231.0889 	EXP 	target_square_2: pos = array([0.2, 0. ])
231.0889 	EXP 	grid_lines_2: autoDraw = True
231.0889 	EXP 	target_square_2: autoDraw = True
232.0727 	EXP 	fixation_3: autoDraw = True
232.0894 	EXP 	target_square_2: autoDraw = False
233.0735 	EXP 	fixation_3: autoDraw = False
233.0761 	EXP 	New trial (rep=0, index=109): {'square': 5, 'location': [0, 0], 'corrAns': None}
233.0766 	EXP 	window1: mouseVisible = False
233.0898 	EXP 	grid_lines_2: autoDraw = False
233.0898 	EXP 	target_square_2: autoDraw = False
233.0898 	EXP 	fixation_3: autoDraw = False
233.0898 	EXP 	target_square_2: pos = array([0., 0.])
233.0898 	EXP 	grid_lines_2: autoDraw = True
233.0898 	EXP 	target_square_2: autoDraw = True
234.0736 	EXP 	fixation_3: autoDraw = True
234.0903 	EXP 	target_square_2: autoDraw = False
235.0654 	EXP 	New trial (rep=0, index=110): {'square': 7, 'location': [-0.2, -0.2], 'corrAns': None}
235.0662 	EXP 	window1: mouseVisible = False
235.0793 	EXP 	grid_lines_2: autoDraw = False
235.0793 	EXP 	target_square_2: autoDraw = False
235.0793 	EXP 	fixation_3: autoDraw = False
235.0793 	EXP 	target_square_2: pos = array([-0.2, -0.2])
235.0793 	EXP 	grid_lines_2: autoDraw = True
235.0793 	EXP 	target_square_2: autoDraw = True
236.0579 	EXP 	fixation_3: autoDraw = True
236.0912 	EXP 	target_square_2: autoDraw = False
237.0583 	EXP 	fixation_3: autoDraw = False
237.0776 	EXP 	New trial (rep=0, index=111): {'square': 5, 'location': [0, 0], 'corrAns': 1}
237.0782 	EXP 	window1: mouseVisible = False
237.0920 	EXP 	grid_lines_2: autoDraw = False
237.0920 	EXP 	target_square_2: autoDraw = False
237.0920 	EXP 	fixation_3: autoDraw = False
237.0920 	EXP 	target_square_2: pos = array([0., 0.])
237.0920 	EXP 	grid_lines_2: autoDraw = True
237.0920 	EXP 	target_square_2: autoDraw = True
238.0625 	EXP 	fixation_3: autoDraw = True
238.0961 	EXP 	target_square_2: autoDraw = False
239.0760 	EXP 	fixation_3: autoDraw = False
239.0786 	EXP 	New trial (rep=0, index=112): {'square': 1, 'location': [-0.2, 0.2], 'corrAns': None}
239.0792 	EXP 	window1: mouseVisible = False
239.0927 	EXP 	grid_lines_2: autoDraw = False
239.0927 	EXP 	target_square_2: autoDraw = False
239.0927 	EXP 	fixation_3: autoDraw = False
239.0927 	EXP 	target_square_2: pos = array([-0.2,  0.2])
239.0927 	EXP 	grid_lines_2: autoDraw = True
239.0927 	EXP 	target_square_2: autoDraw = True
240.0764 	EXP 	fixation_3: autoDraw = True
240.0931 	EXP 	target_square_2: autoDraw = False
241.0629 	EXP 	New trial (rep=0, index=113): {'square': 7, 'location': [-0.2, -0.2], 'corrAns': None}
241.0636 	EXP 	window1: mouseVisible = False
241.0771 	EXP 	grid_lines_2: autoDraw = False
241.0771 	EXP 	target_square_2: autoDraw = False
241.0771 	EXP 	fixation_3: autoDraw = False
241.0771 	EXP 	target_square_2: pos = array([-0.2, -0.2])
241.0771 	EXP 	grid_lines_2: autoDraw = True
241.0771 	EXP 	target_square_2: autoDraw = True
242.0608 	EXP 	fixation_3: autoDraw = True
242.0774 	EXP 	target_square_2: autoDraw = False
243.0615 	EXP 	fixation_3: autoDraw = False
243.0641 	EXP 	New trial (rep=0, index=114): {'square': 9, 'location': [0.2, -0.2], 'corrAns': None}
243.0648 	EXP 	window1: mouseVisible = False
243.0778 	EXP 	grid_lines_2: autoDraw = False
243.0778 	EXP 	target_square_2: autoDraw = False
243.0778 	EXP 	fixation_3: autoDraw = False
243.0778 	EXP 	target_square_2: pos = array([ 0.2, -0.2])
243.0778 	EXP 	grid_lines_2: autoDraw = True
243.0778 	EXP 	target_square_2: autoDraw = True
244.0500 	EXP 	fixation_3: autoDraw = True
244.0827 	EXP 	target_square_2: autoDraw = False
245.0485 	EXP 	fixation_3: autoDraw = False
245.0666 	EXP 	New trial (rep=0, index=115): {'square': 3, 'location': [0.2, 0.2], 'corrAns': None}
245.0675 	EXP 	window1: mouseVisible = False
245.0801 	EXP 	grid_lines_2: autoDraw = False
245.0801 	EXP 	target_square_2: autoDraw = False
245.0801 	EXP 	fixation_3: autoDraw = False
245.0801 	EXP 	target_square_2: pos = array([0.2, 0.2])
245.0801 	EXP 	grid_lines_2: autoDraw = True
245.0801 	EXP 	target_square_2: autoDraw = True
246.0630 	EXP 	fixation_3: autoDraw = True
246.0968 	EXP 	target_square_2: autoDraw = False
247.0661 	EXP 	fixation_3: autoDraw = False
247.0689 	EXP 	New trial (rep=0, index=116): {'square': 9, 'location': [0.2, -0.2], 'corrAns': 1}
247.0695 	EXP 	window1: mouseVisible = False
247.0800 	EXP 	grid_lines_2: autoDraw = False
247.0800 	EXP 	target_square_2: autoDraw = False
247.0800 	EXP 	fixation_3: autoDraw = False
247.0800 	EXP 	target_square_2: pos = array([ 0.2, -0.2])
247.0800 	EXP 	grid_lines_2: autoDraw = True
247.0800 	EXP 	target_square_2: autoDraw = True
248.0696 	EXP 	fixation_3: autoDraw = True
248.0846 	EXP 	target_square_2: autoDraw = False
249.0666 	EXP 	New trial (rep=0, index=117): {'square': 6, 'location': [0.2, 0], 'corrAns': None}
249.0673 	EXP 	window1: mouseVisible = False
249.0806 	EXP 	grid_lines_2: autoDraw = False
249.0806 	EXP 	target_square_2: autoDraw = False
249.0806 	EXP 	fixation_3: autoDraw = False
249.0806 	EXP 	target_square_2: pos = array([0.2, 0. ])
249.0806 	EXP 	grid_lines_2: autoDraw = True
249.0806 	EXP 	target_square_2: autoDraw = True
250.0645 	EXP 	fixation_3: autoDraw = True
250.0815 	EXP 	target_square_2: autoDraw = False
251.0649 	EXP 	fixation_3: autoDraw = False
251.0675 	EXP 	New trial (rep=0, index=118): {'square': 2, 'location': [0, 0.2], 'corrAns': None}
251.0682 	EXP 	window1: mouseVisible = False
251.0815 	EXP 	grid_lines_2: autoDraw = False
251.0815 	EXP 	target_square_2: autoDraw = False
251.0815 	EXP 	fixation_3: autoDraw = False
251.0815 	EXP 	target_square_2: pos = array([0. , 0.2])
251.0815 	EXP 	grid_lines_2: autoDraw = True
251.0815 	EXP 	target_square_2: autoDraw = True
252.0653 	EXP 	fixation_3: autoDraw = True
252.0820 	EXP 	target_square_2: autoDraw = False
253.0663 	EXP 	fixation_3: autoDraw = False
253.0689 	EXP 	New trial (rep=0, index=119): {'square': 5, 'location': [0, 0], 'corrAns': None}
253.0695 	EXP 	window1: mouseVisible = False
253.0825 	EXP 	grid_lines_2: autoDraw = False
253.0825 	EXP 	target_square_2: autoDraw = False
253.0825 	EXP 	fixation_3: autoDraw = False
253.0825 	EXP 	target_square_2: pos = array([0., 0.])
253.0825 	EXP 	grid_lines_2: autoDraw = True
253.0825 	EXP 	target_square_2: autoDraw = True
254.0663 	EXP 	fixation_3: autoDraw = True
254.0831 	EXP 	target_square_2: autoDraw = False
255.0674 	EXP 	fixation_3: autoDraw = False
255.0886 	EXP 	Created unnamed TextStim = TextStim(__class__=<class 'psychopy.visual.text.TextStim'>, alignHoriz=method-wrapper(...), alignText='center', alignVert=method-wrapper(...), anchorHoriz='center', anchorVert='center', antialias=True, autoLog=True, bold=False, color=array([1., 1., 1.]), colorSpace='rgb', contrast=1.0, depth=0, flipHoriz=False, flipVert=False, font='', fontFiles=[], height=0.05, italic=False, languageStyle='LTR', name='unnamed TextStim', opacity=1.0, ori=0.0, pos=array([0., 0.]), rgb=UNKNOWN, text=str(...), units='height', win=Window(...), wrapWidth=1)
255.1005 	EXP 	grid_lines_2: autoDraw = False
255.1005 	EXP 	target_square_2: autoDraw = False
255.1005 	EXP 	fixation_3: autoDraw = False
259.4625 	DATA 	Mouse: Left button down, pos=(197,201)
259.5827 	DATA 	Mouse:  Left button up, pos=(197,201)
260.2104 	DATA 	Keypress: e
762.5614 	ERROR 	grid_lines_2._borderPix requested without .border
799.8323 	EXP 	window1: mouseVisible = True
