0.6022 	WARNING 	We strongly recommend you activate the PTB sound engine in PsychoPy prefs as the preferred audio engine. Its timing is vastly superior. Your prefs are currently set to use ['sounddevice', 'PTB', 'pyo', 'pygame'] (in that order).
31.9046 	EXP 	Created BodySiteInstructionText = TextStim(__class__=<class 'psychopy.visual.text.TextStim'>, alignHoriz=method-wrapper(...), alignText='center', alignVert=method-wrapper(...), anchorHoriz='center', anchorVert='center', antialias=True, autoLog=True, bold=False, color=array([1, 1, 1]), colorSpace='rgb', contrast=1.0, depth=0.0, flipHoriz=False, flipVert=False, font='Arial', fontFiles=[], height=0.05, italic=False, languageStyle='LTR', name='BodySiteInstructionText', opacity=1, ori=0, pos=array([ 0. , -0.2]), rgb=UNKNOWN, text=str(...), units='height', win=Window(...), wrapWidth=1.6)
31.9093 	EXP 	Created BodySiteImg = ImageStim(__class__=<class 'psychopy.visual.image.ImageStim'>, autoLog=True, color=array([1, 1, 1]), colorSpace='rgb', contrast=1.0, depth=0.0, flipHoriz=False, flipVert=False, image=None, interpolate=True, mask=None, maskParams=None, name='BodySiteImg', opacity=1, ori=0.0, pos=array([0., 0.]), size=array([0.4, 0.4]), texRes=512, units='height', win=Window(...))
31.9403 	EXP 	Created ExperienceInstructions = TextStim(__class__=<class 'psychopy.visual.text.TextStim'>, alignHoriz=method-wrapper(...), alignText='center', alignVert=method-wrapper(...), anchorHoriz='center', anchorVert='center', antialias=True, autoLog=True, bold=False, color=array([1, 1, 1]), colorSpace='rgb', contrast=1.0, depth=0, flipHoriz=False, flipVert=False, font='Arial', fontFiles=[], height=0.05, italic=False, languageStyle='LTR', name='ExperienceInstructions', opacity=1, ori=0.0, pos=array([0., 0.]), rgb=UNKNOWN, text=str(...), units='height', win=Window(...), wrapWidth=1.75)
31.9456 	EXP 	Created fixation = TextStim(__class__=<class 'psychopy.visual.text.TextStim'>, alignHoriz=method-wrapper(...), alignText='center', alignVert=method-wrapper(...), anchorHoriz='center', anchorVert='center', antialias=True, autoLog=True, bold=False, color=array([1, 1, 1]), colorSpace='rgb', contrast=1.0, depth=-2.0, flipHoriz=False, flipVert=False, font='Arial', fontFiles=[], height=0.05, italic=False, languageStyle='LTR', name='fixation', opacity=1, ori=0, pos=array([0., 0.]), rgb=UNKNOWN, text='+', units='height', win=Window(...), wrapWidth=1)
31.9457 	EXP 	window1: mouseVisible = False
31.9493 	EXP 	Created unnamed Rect = Rect(__class__=<class 'psychopy.visual.rect.Rect'>, autoDraw=False, autoLog=True, closeShape=True, color=method-wrapper(...), colorSpace='rgb', contrast=None, depth=0, fillColor=array([ 1, -1, -1]), fillColorSpace='rgb', fillRGB=UNKNOWN, interpolate=True, lineColor=array([-1, -1, -1]), lineColorSpace='rgb', lineRGB=UNKNOWN, lineWidth=1.5, name='unnamed Rect', opacity=1, ori=0.0, pos=array([-0.375, -0.1  ]), size=array([0.75, 0.4 ]), units='height', vertices=ndarray(...), win=Window(...))
31.9519 	EXP 	Created unnamed ShapeStim = ShapeStim(__class__=<class 'psychopy.visual.shape.ShapeStim'>, autoDraw=False, autoLog=True, closeShape=True, color=method-wrapper(...), colorSpace='rgb', contrast=None, depth=0, fillColor=array([-1, -1, -1]), fillColorSpace='rgb', fillRGB=UNKNOWN, interpolate=True, lineColor=array([-1, -1, -1]), lineColorSpace='rgb', lineRGB=UNKNOWN, lineWidth=1.5, name='unnamed ShapeStim', opacity=1.0, ori=0.0, pos=array([0., 0.]), size=array([1., 1.]), units='height', vertices=ndarray(...), win=Window(...), windingRule=None)
31.9757 	EXP 	Created intensityAnchors = ImageStim(__class__=<class 'psychopy.visual.image.ImageStim'>, autoLog=True, color=array([1, 1, 1]), colorSpace='rgb', contrast=1.0, depth=0.0, flipHoriz=False, flipVert=False, image=str(...), interpolate=True, mask=None, maskParams=None, name='intensityAnchors', opacity=1, ori=0.0, pos=array([ 0.  , -0.09]), size=array([1.5, 0.4]), texRes=512, units='height', win=Window(...))
31.9877 	EXP 	Created IntensityPrompt = TextStim(__class__=<class 'psychopy.visual.text.TextStim'>, alignHoriz=method-wrapper(...), alignText='center', alignVert=method-wrapper(...), anchorHoriz='center', anchorVert='center', antialias=True, autoLog=True, bold=False, color=array([1, 1, 1]), colorSpace='rgb', contrast=1.0, depth=0.0, flipHoriz=False, flipVert=False, font='Arial', fontFiles=[], height=0.05, italic=False, languageStyle='LTR', name='IntensityPrompt', opacity=1, ori=0, pos=array([0. , 0.3]), rgb=UNKNOWN, text='How intense was that overall?', units='height', win=Window(...), wrapWidth=1)
31.9878 	EXP 	window1: mouseVisible = False
31.9897 	EXP 	Created unnamed Rect = Rect(__class__=<class 'psychopy.visual.rect.Rect'>, autoDraw=False, autoLog=True, closeShape=True, color=method-wrapper(...), colorSpace='rgb', contrast=None, depth=0, fillColor=array([ 1, -1, -1]), fillColorSpace='rgb', fillRGB=UNKNOWN, interpolate=True, lineColor=array([-1, -1, -1]), lineColorSpace='rgb', lineRGB=UNKNOWN, lineWidth=1.5, name='unnamed Rect', opacity=1, ori=0.0, pos=array([-0.375, -0.1  ]), size=array([0.75, 0.4 ]), units='height', vertices=ndarray(...), win=Window(...))
31.9920 	EXP 	Created unnamed ShapeStim = ShapeStim(__class__=<class 'psychopy.visual.shape.ShapeStim'>, autoDraw=False, autoLog=True, closeShape=True, color=method-wrapper(...), colorSpace='rgb', contrast=None, depth=0, fillColor=array([-1, -1, -1]), fillColorSpace='rgb', fillRGB=UNKNOWN, interpolate=True, lineColor=array([-1, -1, -1]), lineColorSpace='rgb', lineRGB=UNKNOWN, lineWidth=1.5, name='unnamed ShapeStim', opacity=1.0, ori=0.0, pos=array([0., 0.]), size=array([1., 1.]), units='height', vertices=ndarray(...), win=Window(...), windingRule=None)
32.0216 	EXP 	Created ComfortAnchors = ImageStim(__class__=<class 'psychopy.visual.image.ImageStim'>, autoLog=True, color=array([1, 1, 1]), colorSpace='rgb', contrast=1.0, depth=0.0, flipHoriz=False, flipVert=False, image=str(...), interpolate=True, mask=None, maskParams=None, name='ComfortAnchors', opacity=1, ori=0.0, pos=array([ 0.  , -0.09]), size=array([1.5, 0.4]), texRes=512, units='height', win=Window(...))
32.0379 	EXP 	Created ComfortPrompt = TextStim(__class__=<class 'psychopy.visual.text.TextStim'>, alignHoriz=method-wrapper(...), alignText='center', alignVert=method-wrapper(...), anchorHoriz='center', anchorVert='center', antialias=True, autoLog=True, bold=False, color=array([1, 1, 1]), colorSpace='rgb', contrast=1.0, depth=0.0, flipHoriz=False, flipVert=False, font='Arial', fontFiles=[], height=0.05, italic=False, languageStyle='LTR', name='ComfortPrompt', opacity=1, ori=0, pos=array([0. , 0.3]), rgb=UNKNOWN, text='How comfortable do you feel right now?', units='height', win=Window(...), wrapWidth=1)
32.0379 	EXP 	window1: mouseVisible = False
32.0399 	EXP 	Created unnamed Rect = Rect(__class__=<class 'psychopy.visual.rect.Rect'>, autoDraw=False, autoLog=True, closeShape=True, color=method-wrapper(...), colorSpace='rgb', contrast=None, depth=0, fillColor=array([ 1, -1, -1]), fillColorSpace='rgb', fillRGB=UNKNOWN, interpolate=True, lineColor=array([-1, -1, -1]), lineColorSpace='rgb', lineRGB=UNKNOWN, lineWidth=1.5, name='unnamed Rect', opacity=1, ori=0.0, pos=array([-0.375, -0.1  ]), size=array([0.75, 0.4 ]), units='height', vertices=ndarray(...), win=Window(...))
32.0421 	EXP 	Created unnamed ShapeStim = ShapeStim(__class__=<class 'psychopy.visual.shape.ShapeStim'>, autoDraw=False, autoLog=True, closeShape=True, color=method-wrapper(...), colorSpace='rgb', contrast=None, depth=0, fillColor=array([-1, -1, -1]), fillColorSpace='rgb', fillRGB=UNKNOWN, interpolate=True, lineColor=array([-1, -1, -1]), lineColorSpace='rgb', lineRGB=UNKNOWN, lineWidth=1.5, name='unnamed ShapeStim', opacity=1.0, ori=0.0, pos=array([0., 0.]), size=array([1., 1.]), units='height', vertices=ndarray(...), win=Window(...), windingRule=None)
32.0604 	EXP 	Created ValenceAnchors = ImageStim(__class__=<class 'psychopy.visual.image.ImageStim'>, autoLog=True, color=array([1, 1, 1]), colorSpace='rgb', contrast=1.0, depth=0.0, flipHoriz=False, flipVert=False, image=str(...), interpolate=True, mask=None, maskParams=None, name='ValenceAnchors', opacity=1, ori=0.0, pos=array([ 0.  , -0.09]), size=array([1.5, 0.4]), texRes=512, units='height', win=Window(...))
32.0819 	EXP 	Created ValencePrompt = TextStim(__class__=<class 'psychopy.visual.text.TextStim'>, alignHoriz=method-wrapper(...), alignText='center', alignVert=method-wrapper(...), anchorHoriz='center', anchorVert='center', antialias=True, autoLog=True, bold=False, color=array([1, 1, 1]), colorSpace='rgb', contrast=1.0, depth=0.0, flipHoriz=False, flipVert=False, font='Arial', fontFiles=[], height=0.05, italic=False, languageStyle='LTR', name='ValencePrompt', opacity=1, ori=0, pos=array([0. , 0.3]), rgb=UNKNOWN, text=str(...), units='height', win=Window(...), wrapWidth=1)
32.0819 	EXP 	window1: mouseVisible = False
32.0838 	EXP 	Created unnamed Rect = Rect(__class__=<class 'psychopy.visual.rect.Rect'>, autoDraw=False, autoLog=True, closeShape=True, color=method-wrapper(...), colorSpace='rgb', contrast=None, depth=0, fillColor=array([ 1, -1, -1]), fillColorSpace='rgb', fillRGB=UNKNOWN, interpolate=True, lineColor=array([-1, -1, -1]), lineColorSpace='rgb', lineRGB=UNKNOWN, lineWidth=1.5, name='unnamed Rect', opacity=1, ori=0.0, pos=array([-0.375, -0.1  ]), size=array([0.75, 0.4 ]), units='height', vertices=ndarray(...), win=Window(...))
32.0861 	EXP 	Created unnamed ShapeStim = ShapeStim(__class__=<class 'psychopy.visual.shape.ShapeStim'>, autoDraw=False, autoLog=True, closeShape=True, color=method-wrapper(...), colorSpace='rgb', contrast=None, depth=0, fillColor=array([-1, -1, -1]), fillColorSpace='rgb', fillRGB=UNKNOWN, interpolate=True, lineColor=array([-1, -1, -1]), lineColorSpace='rgb', lineRGB=UNKNOWN, lineWidth=1.5, name='unnamed ShapeStim', opacity=1.0, ori=0.0, pos=array([0., 0.]), size=array([1., 1.]), units='height', vertices=ndarray(...), win=Window(...), windingRule=None)
32.1019 	EXP 	Created AvoidAnchors = ImageStim(__class__=<class 'psychopy.visual.image.ImageStim'>, autoLog=True, color=array([1, 1, 1]), colorSpace='rgb', contrast=1.0, depth=0.0, flipHoriz=False, flipVert=False, image=str(...), interpolate=True, mask=None, maskParams=None, name='AvoidAnchors', opacity=1, ori=0.0, pos=array([ 0.  , -0.09]), size=array([1.5, 0.4]), texRes=512, units='height', win=Window(...))
32.1196 	EXP 	Created AvoidPrompt = TextStim(__class__=<class 'psychopy.visual.text.TextStim'>, alignHoriz=method-wrapper(...), alignText='center', alignVert=method-wrapper(...), anchorHoriz='center', anchorVert='center', antialias=True, autoLog=True, bold=False, color=array([1, 1, 1]), colorSpace='rgb', contrast=1.0, depth=0.0, flipHoriz=False, flipVert=False, font='Arial', fontFiles=[], height=0.05, italic=False, languageStyle='LTR', name='AvoidPrompt', opacity=1, ori=0, pos=array([0. , 0.3]), rgb=UNKNOWN, text=str(...), units='height', win=Window(...), wrapWidth=1)
32.1197 	EXP 	window1: mouseVisible = False
32.1218 	EXP 	Created unnamed Rect = Rect(__class__=<class 'psychopy.visual.rect.Rect'>, autoDraw=False, autoLog=True, closeShape=True, color=method-wrapper(...), colorSpace='rgb', contrast=None, depth=0, fillColor=array([ 1, -1, -1]), fillColorSpace='rgb', fillRGB=UNKNOWN, interpolate=True, lineColor=array([-1, -1, -1]), lineColorSpace='rgb', lineRGB=UNKNOWN, lineWidth=1.5, name='unnamed Rect', opacity=1, ori=0.0, pos=array([-0.375, -0.1  ]), size=array([0.75, 0.4 ]), units='height', vertices=ndarray(...), win=Window(...))
32.1243 	EXP 	Created unnamed ShapeStim = ShapeStim(__class__=<class 'psychopy.visual.shape.ShapeStim'>, autoDraw=False, autoLog=True, closeShape=True, color=method-wrapper(...), colorSpace='rgb', contrast=None, depth=0, fillColor=array([-1, -1, -1]), fillColorSpace='rgb', fillRGB=UNKNOWN, interpolate=True, lineColor=array([-1, -1, -1]), lineColorSpace='rgb', lineRGB=UNKNOWN, lineWidth=1.5, name='unnamed ShapeStim', opacity=1.0, ori=0.0, pos=array([0., 0.]), size=array([1., 1.]), units='height', vertices=ndarray(...), win=Window(...), windingRule=None)
32.1534 	EXP 	Created RelaxAnchors = ImageStim(__class__=<class 'psychopy.visual.image.ImageStim'>, autoLog=True, color=array([1, 1, 1]), colorSpace='rgb', contrast=1.0, depth=0.0, flipHoriz=False, flipVert=False, image=str(...), interpolate=True, mask=None, maskParams=None, name='RelaxAnchors', opacity=1, ori=0.0, pos=array([ 0.  , -0.09]), size=array([1.5, 0.4]), texRes=512, units='height', win=Window(...))
32.1633 	EXP 	Created RelaxPrompt = TextStim(__class__=<class 'psychopy.visual.text.TextStim'>, alignHoriz=method-wrapper(...), alignText='center', alignVert=method-wrapper(...), anchorHoriz='center', anchorVert='center', antialias=True, autoLog=True, bold=False, color=array([1, 1, 1]), colorSpace='rgb', contrast=1.0, depth=0.0, flipHoriz=False, flipVert=False, font='Arial', fontFiles=[], height=0.05, italic=False, languageStyle='LTR', name='RelaxPrompt', opacity=1, ori=0, pos=array([0. , 0.3]), rgb=UNKNOWN, text='How relaxed are you feeling right now?', units='height', win=Window(...), wrapWidth=1)
32.1633 	EXP 	window1: mouseVisible = False
32.1652 	EXP 	Created unnamed Rect = Rect(__class__=<class 'psychopy.visual.rect.Rect'>, autoDraw=False, autoLog=True, closeShape=True, color=method-wrapper(...), colorSpace='rgb', contrast=None, depth=0, fillColor=array([ 1, -1, -1]), fillColorSpace='rgb', fillRGB=UNKNOWN, interpolate=True, lineColor=array([-1, -1, -1]), lineColorSpace='rgb', lineRGB=UNKNOWN, lineWidth=1.5, name='unnamed Rect', opacity=1, ori=0.0, pos=array([-0.375, -0.1  ]), size=array([0.75, 0.4 ]), units='height', vertices=ndarray(...), win=Window(...))
32.1675 	EXP 	Created unnamed ShapeStim = ShapeStim(__class__=<class 'psychopy.visual.shape.ShapeStim'>, autoDraw=False, autoLog=True, closeShape=True, color=method-wrapper(...), colorSpace='rgb', contrast=None, depth=0, fillColor=array([-1, -1, -1]), fillColorSpace='rgb', fillRGB=UNKNOWN, interpolate=True, lineColor=array([-1, -1, -1]), lineColorSpace='rgb', lineRGB=UNKNOWN, lineWidth=1.5, name='unnamed ShapeStim', opacity=1.0, ori=0.0, pos=array([0., 0.]), size=array([1., 1.]), units='height', vertices=ndarray(...), win=Window(...), windingRule=None)
32.1852 	EXP 	Created TaskAttentionAnchors = ImageStim(__class__=<class 'psychopy.visual.image.ImageStim'>, autoLog=True, color=array([1, 1, 1]), colorSpace='rgb', contrast=1.0, depth=0.0, flipHoriz=False, flipVert=False, image=str(...), interpolate=True, mask=None, maskParams=None, name='TaskAttentionAnchors', opacity=1, ori=0.0, pos=array([ 0.  , -0.09]), size=array([1.5, 0.4]), texRes=512, units='height', win=Window(...))
32.2035 	EXP 	Created TaskAttentionPrompt = TextStim(__class__=<class 'psychopy.visual.text.TextStim'>, alignHoriz=method-wrapper(...), alignText='center', alignVert=method-wrapper(...), anchorHoriz='center', anchorVert='center', antialias=True, autoLog=True, bold=False, color=array([1, 1, 1]), colorSpace='rgb', contrast=1.0, depth=0.0, flipHoriz=False, flipVert=False, font='Arial', fontFiles=[], height=0.05, italic=False, languageStyle='LTR', name='TaskAttentionPrompt', opacity=1, ori=0, pos=array([0. , 0.3]), rgb=UNKNOWN, text=str(...), units='height', win=Window(...), wrapWidth=1)
32.2036 	EXP 	window1: mouseVisible = False
32.2055 	EXP 	Created unnamed Rect = Rect(__class__=<class 'psychopy.visual.rect.Rect'>, autoDraw=False, autoLog=True, closeShape=True, color=method-wrapper(...), colorSpace='rgb', contrast=None, depth=0, fillColor=array([ 1, -1, -1]), fillColorSpace='rgb', fillRGB=UNKNOWN, interpolate=True, lineColor=array([-1, -1, -1]), lineColorSpace='rgb', lineRGB=UNKNOWN, lineWidth=1.5, name='unnamed Rect', opacity=1, ori=0.0, pos=array([-0.375, -0.1  ]), size=array([0.75, 0.4 ]), units='height', vertices=ndarray(...), win=Window(...))
32.2077 	EXP 	Created unnamed ShapeStim = ShapeStim(__class__=<class 'psychopy.visual.shape.ShapeStim'>, autoDraw=False, autoLog=True, closeShape=True, color=method-wrapper(...), colorSpace='rgb', contrast=None, depth=0, fillColor=array([-1, -1, -1]), fillColorSpace='rgb', fillRGB=UNKNOWN, interpolate=True, lineColor=array([-1, -1, -1]), lineColorSpace='rgb', lineRGB=UNKNOWN, lineWidth=1.5, name='unnamed ShapeStim', opacity=1.0, ori=0.0, pos=array([0., 0.]), size=array([1., 1.]), units='height', vertices=ndarray(...), win=Window(...), windingRule=None)
32.2243 	EXP 	Created BoredomAnchors = ImageStim(__class__=<class 'psychopy.visual.image.ImageStim'>, autoLog=True, color=array([1, 1, 1]), colorSpace='rgb', contrast=1.0, depth=0.0, flipHoriz=False, flipVert=False, image=str(...), interpolate=True, mask=None, maskParams=None, name='BoredomAnchors', opacity=1, ori=0.0, pos=array([ 0.  , -0.09]), size=array([1.5, 0.4]), texRes=512, units='height', win=Window(...))
32.2347 	EXP 	Created BoredomPrompt = TextStim(__class__=<class 'psychopy.visual.text.TextStim'>, alignHoriz=method-wrapper(...), alignText='center', alignVert=method-wrapper(...), anchorHoriz='center', anchorVert='center', antialias=True, autoLog=True, bold=False, color=array([1, 1, 1]), colorSpace='rgb', contrast=1.0, depth=0.0, flipHoriz=False, flipVert=False, font='Arial', fontFiles=[], height=0.05, italic=False, languageStyle='LTR', name='BoredomPrompt', opacity=1, ori=0, pos=array([0. , 0.3]), rgb=UNKNOWN, text='During the last scan, how bored were you?', units='height', win=Window(...), wrapWidth=1)
32.2347 	EXP 	window1: mouseVisible = False
32.2366 	EXP 	Created unnamed Rect = Rect(__class__=<class 'psychopy.visual.rect.Rect'>, autoDraw=False, autoLog=True, closeShape=True, color=method-wrapper(...), colorSpace='rgb', contrast=None, depth=0, fillColor=array([ 1, -1, -1]), fillColorSpace='rgb', fillRGB=UNKNOWN, interpolate=True, lineColor=array([-1, -1, -1]), lineColorSpace='rgb', lineRGB=UNKNOWN, lineWidth=1.5, name='unnamed Rect', opacity=1, ori=0.0, pos=array([-0.375, -0.1  ]), size=array([0.75, 0.4 ]), units='height', vertices=ndarray(...), win=Window(...))
32.2389 	EXP 	Created unnamed ShapeStim = ShapeStim(__class__=<class 'psychopy.visual.shape.ShapeStim'>, autoDraw=False, autoLog=True, closeShape=True, color=method-wrapper(...), colorSpace='rgb', contrast=None, depth=0, fillColor=array([-1, -1, -1]), fillColorSpace='rgb', fillRGB=UNKNOWN, interpolate=True, lineColor=array([-1, -1, -1]), lineColorSpace='rgb', lineRGB=UNKNOWN, lineWidth=1.5, name='unnamed ShapeStim', opacity=1.0, ori=0.0, pos=array([0., 0.]), size=array([1., 1.]), units='height', vertices=ndarray(...), win=Window(...), windingRule=None)
32.2569 	EXP 	Created AlertnessAnchors = ImageStim(__class__=<class 'psychopy.visual.image.ImageStim'>, autoLog=True, color=array([1, 1, 1]), colorSpace='rgb', contrast=1.0, depth=0.0, flipHoriz=False, flipVert=False, image=str(...), interpolate=True, mask=None, maskParams=None, name='AlertnessAnchors', opacity=1, ori=0.0, pos=array([ 0.  , -0.09]), size=array([1.5, 0.4]), texRes=512, units='height', win=Window(...))
32.2679 	EXP 	Created AlertnessPrompt = TextStim(__class__=<class 'psychopy.visual.text.TextStim'>, alignHoriz=method-wrapper(...), alignText='center', alignVert=method-wrapper(...), anchorHoriz='center', anchorVert='center', antialias=True, autoLog=True, bold=False, color=array([1, 1, 1]), colorSpace='rgb', contrast=1.0, depth=0.0, flipHoriz=False, flipVert=False, font='Arial', fontFiles=[], height=0.05, italic=False, languageStyle='LTR', name='AlertnessPrompt', opacity=1, ori=0, pos=array([0. , 0.3]), rgb=UNKNOWN, text=str(...), units='height', win=Window(...), wrapWidth=1)
32.2679 	EXP 	window1: mouseVisible = False
32.2698 	EXP 	Created unnamed Rect = Rect(__class__=<class 'psychopy.visual.rect.Rect'>, autoDraw=False, autoLog=True, closeShape=True, color=method-wrapper(...), colorSpace='rgb', contrast=None, depth=0, fillColor=array([ 1, -1, -1]), fillColorSpace='rgb', fillRGB=UNKNOWN, interpolate=True, lineColor=array([-1, -1, -1]), lineColorSpace='rgb', lineRGB=UNKNOWN, lineWidth=1.5, name='unnamed Rect', opacity=1, ori=0.0, pos=array([-0.375, -0.1  ]), size=array([0.75, 0.4 ]), units='height', vertices=ndarray(...), win=Window(...))
32.2721 	EXP 	Created unnamed ShapeStim = ShapeStim(__class__=<class 'psychopy.visual.shape.ShapeStim'>, autoDraw=False, autoLog=True, closeShape=True, color=method-wrapper(...), colorSpace='rgb', contrast=None, depth=0, fillColor=array([-1, -1, -1]), fillColorSpace='rgb', fillRGB=UNKNOWN, interpolate=True, lineColor=array([-1, -1, -1]), lineColorSpace='rgb', lineRGB=UNKNOWN, lineWidth=1.5, name='unnamed ShapeStim', opacity=1.0, ori=0.0, pos=array([0., 0.]), size=array([1., 1.]), units='height', vertices=ndarray(...), win=Window(...), windingRule=None)
32.2902 	EXP 	Created PosThxAnchors = ImageStim(__class__=<class 'psychopy.visual.image.ImageStim'>, autoLog=True, color=array([1, 1, 1]), colorSpace='rgb', contrast=1.0, depth=0.0, flipHoriz=False, flipVert=False, image=str(...), interpolate=True, mask=None, maskParams=None, name='PosThxAnchors', opacity=1, ori=0.0, pos=array([ 0.  , -0.09]), size=array([1.5, 0.4]), texRes=512, units='height', win=Window(...))
32.3069 	EXP 	Created PosThxPrompt = TextStim(__class__=<class 'psychopy.visual.text.TextStim'>, alignHoriz=method-wrapper(...), alignText='center', alignVert=method-wrapper(...), anchorHoriz='center', anchorVert='center', antialias=True, autoLog=True, bold=False, color=array([1, 1, 1]), colorSpace='rgb', contrast=1.0, depth=0.0, flipHoriz=False, flipVert=False, font='Arial', fontFiles=[], height=0.05, italic=False, languageStyle='LTR', name='PosThxPrompt', opacity=1, ori=0, pos=array([0. , 0.3]), rgb=UNKNOWN, text=str(...), units='height', win=Window(...), wrapWidth=1)
32.3069 	EXP 	window1: mouseVisible = False
32.3088 	EXP 	Created unnamed Rect = Rect(__class__=<class 'psychopy.visual.rect.Rect'>, autoDraw=False, autoLog=True, closeShape=True, color=method-wrapper(...), colorSpace='rgb', contrast=None, depth=0, fillColor=array([ 1, -1, -1]), fillColorSpace='rgb', fillRGB=UNKNOWN, interpolate=True, lineColor=array([-1, -1, -1]), lineColorSpace='rgb', lineRGB=UNKNOWN, lineWidth=1.5, name='unnamed Rect', opacity=1, ori=0.0, pos=array([-0.375, -0.1  ]), size=array([0.75, 0.4 ]), units='height', vertices=ndarray(...), win=Window(...))
32.3111 	EXP 	Created unnamed ShapeStim = ShapeStim(__class__=<class 'psychopy.visual.shape.ShapeStim'>, autoDraw=False, autoLog=True, closeShape=True, color=method-wrapper(...), colorSpace='rgb', contrast=None, depth=0, fillColor=array([-1, -1, -1]), fillColorSpace='rgb', fillRGB=UNKNOWN, interpolate=True, lineColor=array([-1, -1, -1]), lineColorSpace='rgb', lineRGB=UNKNOWN, lineWidth=1.5, name='unnamed ShapeStim', opacity=1.0, ori=0.0, pos=array([0., 0.]), size=array([1., 1.]), units='height', vertices=ndarray(...), win=Window(...), windingRule=None)
32.3271 	EXP 	Created NegThxAnchors = ImageStim(__class__=<class 'psychopy.visual.image.ImageStim'>, autoLog=True, color=array([1, 1, 1]), colorSpace='rgb', contrast=1.0, depth=0.0, flipHoriz=False, flipVert=False, image=str(...), interpolate=True, mask=None, maskParams=None, name='NegThxAnchors', opacity=1, ori=0.0, pos=array([ 0.  , -0.09]), size=array([1.5, 0.4]), texRes=512, units='height', win=Window(...))
32.3425 	EXP 	Created NegThxPrompt = TextStim(__class__=<class 'psychopy.visual.text.TextStim'>, alignHoriz=method-wrapper(...), alignText='center', alignVert=method-wrapper(...), anchorHoriz='center', anchorVert='center', antialias=True, autoLog=True, bold=False, color=array([1, 1, 1]), colorSpace='rgb', contrast=1.0, depth=0.0, flipHoriz=False, flipVert=False, font='Arial', fontFiles=[], height=0.05, italic=False, languageStyle='LTR', name='NegThxPrompt', opacity=1, ori=0, pos=array([0. , 0.3]), rgb=UNKNOWN, text=str(...), units='height', win=Window(...), wrapWidth=1)
32.3426 	EXP 	window1: mouseVisible = False
32.3445 	EXP 	Created unnamed Rect = Rect(__class__=<class 'psychopy.visual.rect.Rect'>, autoDraw=False, autoLog=True, closeShape=True, color=method-wrapper(...), colorSpace='rgb', contrast=None, depth=0, fillColor=array([ 1, -1, -1]), fillColorSpace='rgb', fillRGB=UNKNOWN, interpolate=True, lineColor=array([-1, -1, -1]), lineColorSpace='rgb', lineRGB=UNKNOWN, lineWidth=1.5, name='unnamed Rect', opacity=1, ori=0.0, pos=array([-0.375, -0.1  ]), size=array([0.75, 0.4 ]), units='height', vertices=ndarray(...), win=Window(...))
32.3467 	EXP 	Created unnamed ShapeStim = ShapeStim(__class__=<class 'psychopy.visual.shape.ShapeStim'>, autoDraw=False, autoLog=True, closeShape=True, color=method-wrapper(...), colorSpace='rgb', contrast=None, depth=0, fillColor=array([-1, -1, -1]), fillColorSpace='rgb', fillRGB=UNKNOWN, interpolate=True, lineColor=array([-1, -1, -1]), lineColorSpace='rgb', lineRGB=UNKNOWN, lineWidth=1.5, name='unnamed ShapeStim', opacity=1.0, ori=0.0, pos=array([0., 0.]), size=array([1., 1.]), units='height', vertices=ndarray(...), win=Window(...), windingRule=None)
32.3630 	EXP 	Created SelfAnchors = ImageStim(__class__=<class 'psychopy.visual.image.ImageStim'>, autoLog=True, color=array([1, 1, 1]), colorSpace='rgb', contrast=1.0, depth=0.0, flipHoriz=False, flipVert=False, image=str(...), interpolate=True, mask=None, maskParams=None, name='SelfAnchors', opacity=1, ori=0.0, pos=array([ 0.  , -0.09]), size=array([1.5, 0.4]), texRes=512, units='height', win=Window(...))
32.3769 	EXP 	Created SelfPrompt = TextStim(__class__=<class 'psychopy.visual.text.TextStim'>, alignHoriz=method-wrapper(...), alignText='center', alignVert=method-wrapper(...), anchorHoriz='center', anchorVert='center', antialias=True, autoLog=True, bold=False, color=array([1, 1, 1]), colorSpace='rgb', contrast=1.0, depth=0.0, flipHoriz=False, flipVert=False, font='Arial', fontFiles=[], height=0.05, italic=False, languageStyle='LTR', name='SelfPrompt', opacity=1, ori=0, pos=array([0. , 0.3]), rgb=UNKNOWN, text=str(...), units='height', win=Window(...), wrapWidth=1)
32.3769 	EXP 	window1: mouseVisible = False
32.3788 	EXP 	Created unnamed Rect = Rect(__class__=<class 'psychopy.visual.rect.Rect'>, autoDraw=False, autoLog=True, closeShape=True, color=method-wrapper(...), colorSpace='rgb', contrast=None, depth=0, fillColor=array([ 1, -1, -1]), fillColorSpace='rgb', fillRGB=UNKNOWN, interpolate=True, lineColor=array([-1, -1, -1]), lineColorSpace='rgb', lineRGB=UNKNOWN, lineWidth=1.5, name='unnamed Rect', opacity=1, ori=0.0, pos=array([-0.375, -0.1  ]), size=array([0.75, 0.4 ]), units='height', vertices=ndarray(...), win=Window(...))
32.3811 	EXP 	Created unnamed ShapeStim = ShapeStim(__class__=<class 'psychopy.visual.shape.ShapeStim'>, autoDraw=False, autoLog=True, closeShape=True, color=method-wrapper(...), colorSpace='rgb', contrast=None, depth=0, fillColor=array([-1, -1, -1]), fillColorSpace='rgb', fillRGB=UNKNOWN, interpolate=True, lineColor=array([-1, -1, -1]), lineColorSpace='rgb', lineRGB=UNKNOWN, lineWidth=1.5, name='unnamed ShapeStim', opacity=1.0, ori=0.0, pos=array([0., 0.]), size=array([1., 1.]), units='height', vertices=ndarray(...), win=Window(...), windingRule=None)
32.3990 	EXP 	Created OtherAnchors = ImageStim(__class__=<class 'psychopy.visual.image.ImageStim'>, autoLog=True, color=array([1, 1, 1]), colorSpace='rgb', contrast=1.0, depth=0.0, flipHoriz=False, flipVert=False, image=str(...), interpolate=True, mask=None, maskParams=None, name='OtherAnchors', opacity=1, ori=0.0, pos=array([ 0.  , -0.09]), size=array([1.5, 0.4]), texRes=512, units='height', win=Window(...))
32.4123 	EXP 	Created OtherPrompt = TextStim(__class__=<class 'psychopy.visual.text.TextStim'>, alignHoriz=method-wrapper(...), alignText='center', alignVert=method-wrapper(...), anchorHoriz='center', anchorVert='center', antialias=True, autoLog=True, bold=False, color=array([1, 1, 1]), colorSpace='rgb', contrast=1.0, depth=0.0, flipHoriz=False, flipVert=False, font='Arial', fontFiles=[], height=0.05, italic=False, languageStyle='LTR', name='OtherPrompt', opacity=1, ori=0, pos=array([0. , 0.3]), rgb=UNKNOWN, text=str(...), units='height', win=Window(...), wrapWidth=1)
32.4123 	EXP 	window1: mouseVisible = False
32.4142 	EXP 	Created unnamed Rect = Rect(__class__=<class 'psychopy.visual.rect.Rect'>, autoDraw=False, autoLog=True, closeShape=True, color=method-wrapper(...), colorSpace='rgb', contrast=None, depth=0, fillColor=array([ 1, -1, -1]), fillColorSpace='rgb', fillRGB=UNKNOWN, interpolate=True, lineColor=array([-1, -1, -1]), lineColorSpace='rgb', lineRGB=UNKNOWN, lineWidth=1.5, name='unnamed Rect', opacity=1, ori=0.0, pos=array([-0.375, -0.1  ]), size=array([0.75, 0.4 ]), units='height', vertices=ndarray(...), win=Window(...))
32.4164 	EXP 	Created unnamed ShapeStim = ShapeStim(__class__=<class 'psychopy.visual.shape.ShapeStim'>, autoDraw=False, autoLog=True, closeShape=True, color=method-wrapper(...), colorSpace='rgb', contrast=None, depth=0, fillColor=array([-1, -1, -1]), fillColorSpace='rgb', fillRGB=UNKNOWN, interpolate=True, lineColor=array([-1, -1, -1]), lineColorSpace='rgb', lineRGB=UNKNOWN, lineWidth=1.5, name='unnamed ShapeStim', opacity=1.0, ori=0.0, pos=array([0., 0.]), size=array([1., 1.]), units='height', vertices=ndarray(...), win=Window(...), windingRule=None)
32.4347 	EXP 	Created ImageryAnchors = ImageStim(__class__=<class 'psychopy.visual.image.ImageStim'>, autoLog=True, color=array([1, 1, 1]), colorSpace='rgb', contrast=1.0, depth=0.0, flipHoriz=False, flipVert=False, image=str(...), interpolate=True, mask=None, maskParams=None, name='ImageryAnchors', opacity=1, ori=0.0, pos=array([ 0.  , -0.09]), size=array([1.5, 0.4]), texRes=512, units='height', win=Window(...))
32.4514 	EXP 	Created ImageryPrompt = TextStim(__class__=<class 'psychopy.visual.text.TextStim'>, alignHoriz=method-wrapper(...), alignText='center', alignVert=method-wrapper(...), anchorHoriz='center', anchorVert='center', antialias=True, autoLog=True, bold=False, color=array([1, 1, 1]), colorSpace='rgb', contrast=1.0, depth=0.0, flipHoriz=False, flipVert=False, font='Arial', fontFiles=[], height=0.05, italic=False, languageStyle='LTR', name='ImageryPrompt', opacity=1, ori=0, pos=array([0. , 0.3]), rgb=UNKNOWN, text=str(...), units='height', win=Window(...), wrapWidth=1)
32.4514 	EXP 	window1: mouseVisible = False
32.4533 	EXP 	Created unnamed Rect = Rect(__class__=<class 'psychopy.visual.rect.Rect'>, autoDraw=False, autoLog=True, closeShape=True, color=method-wrapper(...), colorSpace='rgb', contrast=None, depth=0, fillColor=array([ 1, -1, -1]), fillColorSpace='rgb', fillRGB=UNKNOWN, interpolate=True, lineColor=array([-1, -1, -1]), lineColorSpace='rgb', lineRGB=UNKNOWN, lineWidth=1.5, name='unnamed Rect', opacity=1, ori=0.0, pos=array([-0.375, -0.1  ]), size=array([0.75, 0.4 ]), units='height', vertices=ndarray(...), win=Window(...))
32.4557 	EXP 	Created unnamed ShapeStim = ShapeStim(__class__=<class 'psychopy.visual.shape.ShapeStim'>, autoDraw=False, autoLog=True, closeShape=True, color=method-wrapper(...), colorSpace='rgb', contrast=None, depth=0, fillColor=array([-1, -1, -1]), fillColorSpace='rgb', fillRGB=UNKNOWN, interpolate=True, lineColor=array([-1, -1, -1]), lineColorSpace='rgb', lineRGB=UNKNOWN, lineWidth=1.5, name='unnamed ShapeStim', opacity=1.0, ori=0.0, pos=array([0., 0.]), size=array([1., 1.]), units='height', vertices=ndarray(...), win=Window(...), windingRule=None)
32.4735 	EXP 	Created PresentAnchors = ImageStim(__class__=<class 'psychopy.visual.image.ImageStim'>, autoLog=True, color=array([1, 1, 1]), colorSpace='rgb', contrast=1.0, depth=0.0, flipHoriz=False, flipVert=False, image=str(...), interpolate=True, mask=None, maskParams=None, name='PresentAnchors', opacity=1, ori=0.0, pos=array([ 0.  , -0.09]), size=array([1.5, 0.4]), texRes=512, units='height', win=Window(...))
32.4947 	EXP 	Created PresentPrompt = TextStim(__class__=<class 'psychopy.visual.text.TextStim'>, alignHoriz=method-wrapper(...), alignText='center', alignVert=method-wrapper(...), anchorHoriz='center', anchorVert='center', antialias=True, autoLog=True, bold=False, color=array([1, 1, 1]), colorSpace='rgb', contrast=1.0, depth=0.0, flipHoriz=False, flipVert=False, font='Arial', fontFiles=[], height=0.05, italic=False, languageStyle='LTR', name='PresentPrompt', opacity=1, ori=0, pos=array([0. , 0.3]), rgb=UNKNOWN, text=str(...), units='height', win=Window(...), wrapWidth=1)
32.4948 	EXP 	window1: mouseVisible = False
32.6721 	EXP 	BodySiteInstructionText: text = 'Experimenter: \nPlease place the thermode on the: \nleft arm'
32.6721 	EXP 	BodySiteInstructionText: autoDraw = True
32.6721 	EXP 	BodySiteImg: image = 'c:\\Users\\Dartmouth\\Documents\\GitHub\\canlab\\WASABI_public\\fMRI Tasks\\WASABI acceptmap\\stimuli\\cue\\LeftArm.png'
32.6721 	EXP 	BodySiteImg: pos = (0, 0.2)
32.6721 	EXP 	BodySiteImg: autoDraw = True
33.5149 	EXP 	Created unnamed TextStim = TextStim(__class__=<class 'psychopy.visual.text.TextStim'>, alignHoriz=method-wrapper(...), alignText='center', alignVert=method-wrapper(...), anchorHoriz='center', anchorVert='center', antialias=True, autoLog=True, bold=False, color=array([-0.5, -0.5, -0.5]), colorSpace='rgb', contrast=1.0, depth=0, flipHoriz=False, flipVert=False, font='', fontFiles=[], height=0.05, italic=False, languageStyle='LTR', name='unnamed TextStim', opacity=1.0, ori=0.0, pos=array([0., 0.]), rgb=UNKNOWN, text=str(...), units='height', win=Window(...), wrapWidth=1)
33.5167 	DATA 	Keypress: space
33.5221 	EXP 	BodySiteInstructionText: autoDraw = False
33.5221 	EXP 	BodySiteImg: autoDraw = False
34.7370 	DATA 	Keypress: s
35.2409 	DATA 	Keypress: 5
38.0111 	DATA 	Keypress: 5
38.0115 	DATA 	Keypress: 5
38.0119 	DATA 	Keypress: 5
38.0123 	DATA 	Keypress: 5
38.0126 	DATA 	Keypress: 5
38.0130 	DATA 	Keypress: 5
38.0133 	DATA 	Keypress: 5
38.0137 	DATA 	Keypress: 5
38.0140 	DATA 	Keypress: 5
38.0143 	DATA 	Keypress: 5
38.0147 	DATA 	Keypress: 5
38.0150 	DATA 	Keypress: 5
38.0154 	DATA 	Keypress: 5
38.0157 	DATA 	Keypress: 5
38.0160 	DATA 	Keypress: 5
38.0164 	DATA 	Keypress: 5
38.0167 	DATA 	Keypress: 5
38.0171 	DATA 	Keypress: 5
38.0221 	EXP 	ExperienceInstructions: text = 'Experience the following sensations as they come.'
43.0271 	DATA 	Keypress: 5
43.0275 	DATA 	Keypress: 5
43.0389 	EXP 	fixation: autoDraw = True
50.0389 	EXP 	fixation: autoDraw = False
50.0389 	EXP 	fixation: autoDraw = True
63.0390 	EXP 	fixation: autoDraw = False
63.0390 	EXP 	fixation: autoDraw = True
66.0243 	EXP 	window1: mouseVisible = False
66.0390 	EXP 	fixation: autoDraw = False
66.0390 	EXP 	fixation: autoDraw = False
66.0390 	EXP 	unnamed Rect: size = (0.75, 0.4)
66.0390 	EXP 	unnamed Rect: width = 0.75
66.0390 	EXP 	unnamed Rect: pos = [-0.375, -0.1]
66.0390 	EXP 	unnamed Rect: pos = (-0.375, 0)
66.0390 	EXP 	unnamed Rect: size = (0.75, 0.4)
66.0390 	EXP 	unnamed Rect: width = 0.75
66.0390 	EXP 	unnamed Rect: autoDraw = True
66.0390 	EXP 	unnamed ShapeStim: autoDraw = True
66.0390 	EXP 	intensityAnchors: autoDraw = True
66.0390 	EXP 	IntensityPrompt: autoDraw = True
66.0559 	EXP 	unnamed Rect: pos = (-0.375, 0)
66.0559 	EXP 	unnamed Rect: size = (0.75, 0.4)
66.0559 	EXP 	unnamed Rect: width = 0.75
66.0724 	EXP 	unnamed Rect: pos = (-0.375, 0)
66.0724 	EXP 	unnamed Rect: size = (0.75, 0.4)
66.0724 	EXP 	unnamed Rect: width = 0.75
66.0890 	EXP 	unnamed Rect: pos = (-0.375, 0)
66.0890 	EXP 	unnamed Rect: size = (0.75, 0.4)
66.0890 	EXP 	unnamed Rect: width = 0.75
66.1057 	EXP 	unnamed Rect: pos = (-0.375, 0)
66.1057 	EXP 	unnamed Rect: size = (0.75, 0.4)
66.1057 	EXP 	unnamed Rect: width = 0.75
66.1224 	EXP 	unnamed Rect: pos = (-0.375, 0)
66.1224 	EXP 	unnamed Rect: size = (0.75, 0.4)
66.1224 	EXP 	unnamed Rect: width = 0.75
66.1385 	EXP 	unnamed Rect: pos = (-0.375, 0)
66.1385 	EXP 	unnamed Rect: size = (0.75, 0.4)
66.1385 	EXP 	unnamed Rect: width = 0.75
66.1557 	EXP 	unnamed Rect: pos = (-0.375, 0)
66.1557 	EXP 	unnamed Rect: size = (0.75, 0.4)
66.1557 	EXP 	unnamed Rect: width = 0.75
66.1723 	EXP 	unnamed Rect: pos = (-0.375, 0)
66.1723 	EXP 	unnamed Rect: size = (0.75, 0.4)
66.1723 	EXP 	unnamed Rect: width = 0.75
66.1890 	EXP 	unnamed Rect: pos = (-0.375, 0)
66.1890 	EXP 	unnamed Rect: size = (0.75, 0.4)
66.1890 	EXP 	unnamed Rect: width = 0.75
66.2057 	EXP 	unnamed Rect: pos = (-0.375, 0)
66.2057 	EXP 	unnamed Rect: size = (0.75, 0.4)
66.2057 	EXP 	unnamed Rect: width = 0.75
66.2224 	EXP 	unnamed Rect: pos = (-0.375, 0)
66.2224 	EXP 	unnamed Rect: size = (0.75, 0.4)
66.2224 	EXP 	unnamed Rect: width = 0.75
66.2390 	EXP 	unnamed Rect: pos = (-0.375, 0)
66.2390 	EXP 	unnamed Rect: size = (0.75, 0.4)
66.2390 	EXP 	unnamed Rect: width = 0.75
66.2557 	EXP 	unnamed Rect: pos = (-0.375, 0)
66.2557 	EXP 	unnamed Rect: size = (0.75, 0.4)
66.2557 	EXP 	unnamed Rect: width = 0.75
66.2723 	EXP 	unnamed Rect: pos = (-0.375, 0)
66.2723 	EXP 	unnamed Rect: size = (0.75, 0.4)
66.2723 	EXP 	unnamed Rect: width = 0.75
66.2890 	EXP 	unnamed Rect: pos = (-0.375, 0)
66.2890 	EXP 	unnamed Rect: size = (0.75, 0.4)
66.2890 	EXP 	unnamed Rect: width = 0.75
66.3057 	EXP 	unnamed Rect: pos = (-0.375, 0)
66.3057 	EXP 	unnamed Rect: size = (0.75, 0.4)
66.3057 	EXP 	unnamed Rect: width = 0.75
66.3224 	EXP 	unnamed Rect: pos = (-0.375, 0)
66.3224 	EXP 	unnamed Rect: size = (0.75, 0.4)
66.3224 	EXP 	unnamed Rect: width = 0.75
66.3390 	EXP 	unnamed Rect: pos = (-0.375, 0)
66.3390 	EXP 	unnamed Rect: size = (0.75, 0.4)
66.3390 	EXP 	unnamed Rect: width = 0.75
66.3557 	EXP 	unnamed Rect: pos = (-0.375, 0)
66.3557 	EXP 	unnamed Rect: size = (0.75, 0.4)
66.3557 	EXP 	unnamed Rect: width = 0.75
66.3723 	EXP 	unnamed Rect: pos = (-0.375, 0)
66.3723 	EXP 	unnamed Rect: size = (0.75, 0.4)
66.3723 	EXP 	unnamed Rect: width = 0.75
66.3890 	EXP 	unnamed Rect: pos = (-0.375, 0)
66.3890 	EXP 	unnamed Rect: size = (0.75, 0.4)
66.3890 	EXP 	unnamed Rect: width = 0.75
66.4057 	EXP 	unnamed Rect: pos = (-0.375, 0)
66.4057 	EXP 	unnamed Rect: size = (0.75, 0.4)
66.4057 	EXP 	unnamed Rect: width = 0.75
66.4223 	EXP 	unnamed Rect: pos = (-0.375, 0)
66.4223 	EXP 	unnamed Rect: size = (0.75, 0.4)
66.4223 	EXP 	unnamed Rect: width = 0.75
66.4390 	EXP 	unnamed Rect: pos = (-0.375, 0)
66.4390 	EXP 	unnamed Rect: size = (0.75, 0.4)
66.4390 	EXP 	unnamed Rect: width = 0.75
66.4557 	EXP 	unnamed Rect: pos = (-0.375, 0)
66.4557 	EXP 	unnamed Rect: size = (0.75, 0.4)
66.4557 	EXP 	unnamed Rect: width = 0.75
66.4724 	EXP 	unnamed Rect: pos = (-0.375, 0)
66.4724 	EXP 	unnamed Rect: size = (0.75, 0.4)
66.4724 	EXP 	unnamed Rect: width = 0.75
66.4890 	EXP 	unnamed Rect: pos = (-0.375, 0)
66.4890 	EXP 	unnamed Rect: size = (0.75, 0.4)
66.4890 	EXP 	unnamed Rect: width = 0.75
66.5057 	EXP 	unnamed Rect: pos = (-0.375, 0)
66.5057 	EXP 	unnamed Rect: size = (0.75, 0.4)
66.5057 	EXP 	unnamed Rect: width = 0.75
66.5224 	EXP 	unnamed Rect: pos = (-0.375, 0)
66.5224 	EXP 	unnamed Rect: size = (0.75, 0.4)
66.5224 	EXP 	unnamed Rect: width = 0.75
66.5390 	EXP 	unnamed Rect: pos = (-0.375, 0)
66.5390 	EXP 	unnamed Rect: size = (0.75, 0.4)
66.5390 	EXP 	unnamed Rect: width = 0.75
66.5557 	EXP 	unnamed Rect: pos = (-0.375, 0)
66.5557 	EXP 	unnamed Rect: size = (0.75, 0.4)
66.5557 	EXP 	unnamed Rect: width = 0.75
66.5724 	EXP 	unnamed Rect: pos = (-0.375, 0)
66.5724 	EXP 	unnamed Rect: size = (0.75, 0.4)
66.5724 	EXP 	unnamed Rect: width = 0.75
66.5890 	EXP 	unnamed Rect: pos = (-0.375, 0)
66.5890 	EXP 	unnamed Rect: size = (0.75, 0.4)
66.5890 	EXP 	unnamed Rect: width = 0.75
66.6057 	EXP 	unnamed Rect: pos = (-0.375, 0)
66.6057 	EXP 	unnamed Rect: size = (0.75, 0.4)
66.6057 	EXP 	unnamed Rect: width = 0.75
66.6224 	EXP 	unnamed Rect: pos = (-0.375, 0)
66.6224 	EXP 	unnamed Rect: size = (0.75, 0.4)
66.6224 	EXP 	unnamed Rect: width = 0.75
66.6390 	EXP 	unnamed Rect: pos = (-0.375, 0)
66.6390 	EXP 	unnamed Rect: size = (0.75, 0.4)
66.6390 	EXP 	unnamed Rect: width = 0.75
66.6557 	EXP 	unnamed Rect: pos = (-0.375, 0)
66.6557 	EXP 	unnamed Rect: size = (0.75, 0.4)
66.6557 	EXP 	unnamed Rect: width = 0.75
66.6723 	EXP 	unnamed Rect: pos = (-0.375, 0)
66.6723 	EXP 	unnamed Rect: size = (0.75, 0.4)
66.6723 	EXP 	unnamed Rect: width = 0.75
66.6890 	EXP 	unnamed Rect: pos = (-0.375, 0)
66.6890 	EXP 	unnamed Rect: size = (0.75, 0.4)
66.6890 	EXP 	unnamed Rect: width = 0.75
66.7057 	EXP 	unnamed Rect: pos = (-0.375, 0)
66.7057 	EXP 	unnamed Rect: size = (0.75, 0.4)
66.7057 	EXP 	unnamed Rect: width = 0.75
66.7224 	EXP 	unnamed Rect: pos = (-0.375, 0)
66.7224 	EXP 	unnamed Rect: size = (0.75, 0.4)
66.7224 	EXP 	unnamed Rect: width = 0.75
66.7390 	EXP 	unnamed Rect: pos = (-0.375, 0)
66.7390 	EXP 	unnamed Rect: size = (0.75, 0.4)
66.7390 	EXP 	unnamed Rect: width = 0.75
66.7557 	EXP 	unnamed Rect: pos = (-0.375, 0)
66.7557 	EXP 	unnamed Rect: size = (0.75, 0.4)
66.7557 	EXP 	unnamed Rect: width = 0.75
66.7724 	EXP 	unnamed Rect: pos = (-0.375, 0)
66.7724 	EXP 	unnamed Rect: size = (0.75, 0.4)
66.7724 	EXP 	unnamed Rect: width = 0.75
66.7890 	EXP 	unnamed Rect: pos = (-0.375, 0)
66.7890 	EXP 	unnamed Rect: size = (0.75, 0.4)
66.7890 	EXP 	unnamed Rect: width = 0.75
66.8057 	EXP 	unnamed Rect: pos = (-0.375, 0)
66.8057 	EXP 	unnamed Rect: size = (0.75, 0.4)
66.8057 	EXP 	unnamed Rect: width = 0.75
66.8224 	EXP 	unnamed Rect: pos = (-0.375, 0)
66.8224 	EXP 	unnamed Rect: size = (0.75, 0.4)
66.8224 	EXP 	unnamed Rect: width = 0.75
66.8390 	EXP 	unnamed Rect: pos = (-0.375, 0)
66.8390 	EXP 	unnamed Rect: size = (0.75, 0.4)
66.8390 	EXP 	unnamed Rect: width = 0.75
66.8557 	EXP 	unnamed Rect: pos = (-0.375, 0)
66.8557 	EXP 	unnamed Rect: size = (0.75, 0.4)
66.8557 	EXP 	unnamed Rect: width = 0.75
66.8723 	EXP 	unnamed Rect: pos = (-0.375, 0)
66.8723 	EXP 	unnamed Rect: size = (0.75, 0.4)
66.8723 	EXP 	unnamed Rect: width = 0.75
66.8890 	EXP 	unnamed Rect: pos = (-0.375, 0)
66.8890 	EXP 	unnamed Rect: size = (0.75, 0.4)
66.8890 	EXP 	unnamed Rect: width = 0.75
66.9056 	EXP 	unnamed Rect: pos = (-0.375, 0)
66.9056 	EXP 	unnamed Rect: size = (0.75, 0.4)
66.9056 	EXP 	unnamed Rect: width = 0.75
66.9224 	EXP 	unnamed Rect: pos = (-0.375, 0)
66.9224 	EXP 	unnamed Rect: size = (0.75, 0.4)
66.9224 	EXP 	unnamed Rect: width = 0.75
66.9390 	EXP 	unnamed Rect: pos = (-0.375, 0)
66.9390 	EXP 	unnamed Rect: size = (0.75, 0.4)
66.9390 	EXP 	unnamed Rect: width = 0.75
66.9557 	EXP 	unnamed Rect: pos = (-0.375, 0)
66.9557 	EXP 	unnamed Rect: size = (0.75, 0.4)
66.9557 	EXP 	unnamed Rect: width = 0.75
66.9724 	EXP 	unnamed Rect: pos = (-0.375, 0)
66.9724 	EXP 	unnamed Rect: size = (0.75, 0.4)
66.9724 	EXP 	unnamed Rect: width = 0.75
66.9890 	EXP 	unnamed Rect: pos = (-0.375, 0)
66.9890 	EXP 	unnamed Rect: size = (0.75, 0.4)
66.9890 	EXP 	unnamed Rect: width = 0.75
67.0057 	EXP 	unnamed Rect: pos = (-0.375, 0)
67.0057 	EXP 	unnamed Rect: size = (0.75, 0.4)
67.0057 	EXP 	unnamed Rect: width = 0.75
67.0224 	EXP 	unnamed Rect: pos = (-0.375, 0)
67.0224 	EXP 	unnamed Rect: size = (0.75, 0.4)
67.0224 	EXP 	unnamed Rect: width = 0.75
67.0390 	EXP 	unnamed Rect: pos = (-0.375, 0)
67.0390 	EXP 	unnamed Rect: size = (0.75, 0.4)
67.0390 	EXP 	unnamed Rect: width = 0.75
67.0557 	EXP 	unnamed Rect: pos = (-0.375, 0)
67.0557 	EXP 	unnamed Rect: size = (0.75, 0.4)
67.0557 	EXP 	unnamed Rect: width = 0.75
67.0724 	EXP 	unnamed Rect: pos = (-0.375, 0)
67.0724 	EXP 	unnamed Rect: size = (0.75, 0.4)
67.0724 	EXP 	unnamed Rect: width = 0.75
67.0890 	EXP 	unnamed Rect: pos = (-0.375, 0)
67.0890 	EXP 	unnamed Rect: size = (0.75, 0.4)
67.0890 	EXP 	unnamed Rect: width = 0.75
67.1057 	EXP 	unnamed Rect: pos = (-0.375, 0)
67.1057 	EXP 	unnamed Rect: size = (0.75, 0.4)
67.1057 	EXP 	unnamed Rect: width = 0.75
67.1224 	EXP 	unnamed Rect: pos = (-0.375, 0)
67.1224 	EXP 	unnamed Rect: size = (0.75, 0.4)
67.1224 	EXP 	unnamed Rect: width = 0.75
67.1390 	EXP 	unnamed Rect: pos = (-0.375, 0)
67.1390 	EXP 	unnamed Rect: size = (0.75, 0.4)
67.1390 	EXP 	unnamed Rect: width = 0.75
67.1557 	EXP 	unnamed Rect: pos = (-0.375, 0)
67.1557 	EXP 	unnamed Rect: size = (0.75, 0.4)
67.1557 	EXP 	unnamed Rect: width = 0.75
67.1724 	EXP 	unnamed Rect: pos = (-0.375, 0)
67.1724 	EXP 	unnamed Rect: size = (0.75, 0.4)
67.1724 	EXP 	unnamed Rect: width = 0.75
67.1890 	EXP 	unnamed Rect: pos = (-0.375, 0)
67.1890 	EXP 	unnamed Rect: size = (0.75, 0.4)
67.1890 	EXP 	unnamed Rect: width = 0.75
67.2057 	EXP 	unnamed Rect: pos = (-0.375, 0)
67.2057 	EXP 	unnamed Rect: size = (0.75, 0.4)
67.2057 	EXP 	unnamed Rect: width = 0.75
67.2224 	EXP 	unnamed Rect: pos = (-0.375, 0)
67.2224 	EXP 	unnamed Rect: size = (0.75, 0.4)
67.2224 	EXP 	unnamed Rect: width = 0.75
67.2390 	EXP 	unnamed Rect: pos = (-0.375, 0)
67.2390 	EXP 	unnamed Rect: size = (0.75, 0.4)
67.2390 	EXP 	unnamed Rect: width = 0.75
67.2557 	EXP 	unnamed Rect: pos = (-0.375, 0)
67.2557 	EXP 	unnamed Rect: size = (0.75, 0.4)
67.2557 	EXP 	unnamed Rect: width = 0.75
67.2724 	EXP 	unnamed Rect: pos = (-0.375, 0)
67.2724 	EXP 	unnamed Rect: size = (0.75, 0.4)
67.2724 	EXP 	unnamed Rect: width = 0.75
67.2890 	EXP 	unnamed Rect: pos = (-0.375, 0)
67.2890 	EXP 	unnamed Rect: size = (0.75, 0.4)
67.2890 	EXP 	unnamed Rect: width = 0.75
67.3057 	EXP 	unnamed Rect: pos = (-0.375, 0)
67.3057 	EXP 	unnamed Rect: size = (0.75, 0.4)
67.3057 	EXP 	unnamed Rect: width = 0.75
67.3224 	EXP 	unnamed Rect: pos = (-0.375, 0)
67.3224 	EXP 	unnamed Rect: size = (0.75, 0.4)
67.3224 	EXP 	unnamed Rect: width = 0.75
67.3390 	EXP 	unnamed Rect: pos = (-0.375, 0)
67.3390 	EXP 	unnamed Rect: size = (0.75, 0.4)
67.3390 	EXP 	unnamed Rect: width = 0.75
67.3557 	EXP 	unnamed Rect: pos = (-0.375, 0)
67.3557 	EXP 	unnamed Rect: size = (0.75, 0.4)
67.3557 	EXP 	unnamed Rect: width = 0.75
67.3724 	EXP 	unnamed Rect: pos = (-0.375, 0)
67.3724 	EXP 	unnamed Rect: size = (0.75, 0.4)
67.3724 	EXP 	unnamed Rect: width = 0.75
67.3890 	EXP 	unnamed Rect: pos = (-0.375, 0)
67.3890 	EXP 	unnamed Rect: size = (0.75, 0.4)
67.3890 	EXP 	unnamed Rect: width = 0.75
67.4057 	EXP 	unnamed Rect: pos = (-0.375, 0)
67.4057 	EXP 	unnamed Rect: size = (0.75, 0.4)
67.4057 	EXP 	unnamed Rect: width = 0.75
67.4224 	EXP 	unnamed Rect: pos = (-0.375, 0)
67.4224 	EXP 	unnamed Rect: size = (0.75, 0.4)
67.4224 	EXP 	unnamed Rect: width = 0.75
67.4390 	EXP 	unnamed Rect: pos = (-0.375, 0)
67.4390 	EXP 	unnamed Rect: size = (0.75, 0.4)
67.4390 	EXP 	unnamed Rect: width = 0.75
67.4557 	EXP 	unnamed Rect: pos = (-0.375, 0)
67.4557 	EXP 	unnamed Rect: size = (0.75, 0.4)
67.4557 	EXP 	unnamed Rect: width = 0.75
67.4724 	EXP 	unnamed Rect: pos = (-0.375, 0)
67.4724 	EXP 	unnamed Rect: size = (0.75, 0.4)
67.4724 	EXP 	unnamed Rect: width = 0.75
67.4890 	EXP 	unnamed Rect: pos = (-0.375, 0)
67.4890 	EXP 	unnamed Rect: size = (0.75, 0.4)
67.4890 	EXP 	unnamed Rect: width = 0.75
67.5057 	EXP 	unnamed Rect: pos = (-0.375, 0)
67.5057 	EXP 	unnamed Rect: size = (0.75, 0.4)
67.5057 	EXP 	unnamed Rect: width = 0.75
67.5224 	EXP 	unnamed Rect: pos = (-0.375, 0)
67.5224 	EXP 	unnamed Rect: size = (0.75, 0.4)
67.5224 	EXP 	unnamed Rect: width = 0.75
67.5390 	EXP 	unnamed Rect: pos = (-0.375, 0)
67.5390 	EXP 	unnamed Rect: size = (0.75, 0.4)
67.5390 	EXP 	unnamed Rect: width = 0.75
67.5557 	EXP 	unnamed Rect: pos = (-0.375, 0)
67.5557 	EXP 	unnamed Rect: size = (0.75, 0.4)
67.5557 	EXP 	unnamed Rect: width = 0.75
67.5723 	EXP 	unnamed Rect: pos = (-0.375, 0)
67.5723 	EXP 	unnamed Rect: size = (0.75, 0.4)
67.5723 	EXP 	unnamed Rect: width = 0.75
67.5890 	EXP 	unnamed Rect: pos = (-0.375, 0)
67.5890 	EXP 	unnamed Rect: size = (0.75, 0.4)
67.5890 	EXP 	unnamed Rect: width = 0.75
67.6057 	EXP 	unnamed Rect: pos = (-0.375, 0)
67.6057 	EXP 	unnamed Rect: size = (0.75, 0.4)
67.6057 	EXP 	unnamed Rect: width = 0.75
67.6224 	EXP 	unnamed Rect: pos = (-0.375, 0)
67.6224 	EXP 	unnamed Rect: size = (0.75, 0.4)
67.6224 	EXP 	unnamed Rect: width = 0.75
67.6390 	EXP 	unnamed Rect: pos = (-0.375, 0)
67.6390 	EXP 	unnamed Rect: size = (0.75, 0.4)
67.6390 	EXP 	unnamed Rect: width = 0.75
67.6557 	EXP 	unnamed Rect: pos = (-0.375, 0)
67.6557 	EXP 	unnamed Rect: size = (0.75, 0.4)
67.6557 	EXP 	unnamed Rect: width = 0.75
67.6724 	EXP 	unnamed Rect: pos = (-0.375, 0)
67.6724 	EXP 	unnamed Rect: size = (0.75, 0.4)
67.6724 	EXP 	unnamed Rect: width = 0.75
67.6890 	EXP 	unnamed Rect: pos = (-0.375, 0)
67.6890 	EXP 	unnamed Rect: size = (0.75, 0.4)
67.6890 	EXP 	unnamed Rect: width = 0.75
67.7057 	EXP 	unnamed Rect: pos = (-0.375, 0)
67.7057 	EXP 	unnamed Rect: size = (0.75, 0.4)
67.7057 	EXP 	unnamed Rect: width = 0.75
67.7224 	EXP 	unnamed Rect: pos = (-0.375, 0)
67.7224 	EXP 	unnamed Rect: size = (0.75, 0.4)
67.7224 	EXP 	unnamed Rect: width = 0.75
67.7390 	EXP 	unnamed Rect: pos = (-0.375, 0)
67.7390 	EXP 	unnamed Rect: size = (0.75, 0.4)
67.7390 	EXP 	unnamed Rect: width = 0.75
67.7557 	EXP 	unnamed Rect: pos = (-0.375, 0)
67.7557 	EXP 	unnamed Rect: size = (0.75, 0.4)
67.7557 	EXP 	unnamed Rect: width = 0.75
67.7724 	EXP 	unnamed Rect: pos = (-0.375, 0)
67.7724 	EXP 	unnamed Rect: size = (0.75, 0.4)
67.7724 	EXP 	unnamed Rect: width = 0.75
67.7890 	EXP 	unnamed Rect: pos = (-0.375, 0)
67.7890 	EXP 	unnamed Rect: size = (0.75, 0.4)
67.7890 	EXP 	unnamed Rect: width = 0.75
67.8057 	EXP 	unnamed Rect: pos = (-0.375, 0)
67.8057 	EXP 	unnamed Rect: size = (0.75, 0.4)
67.8057 	EXP 	unnamed Rect: width = 0.75
67.8224 	EXP 	unnamed Rect: pos = (-0.375, 0)
67.8224 	EXP 	unnamed Rect: size = (0.75, 0.4)
67.8224 	EXP 	unnamed Rect: width = 0.75
67.8390 	EXP 	unnamed Rect: pos = (-0.375, 0)
67.8390 	EXP 	unnamed Rect: size = (0.75, 0.4)
67.8390 	EXP 	unnamed Rect: width = 0.75
67.8557 	EXP 	unnamed Rect: pos = (-0.375, 0)
67.8557 	EXP 	unnamed Rect: size = (0.75, 0.4)
67.8557 	EXP 	unnamed Rect: width = 0.75
67.8724 	EXP 	unnamed Rect: pos = (-0.375, 0)
67.8724 	EXP 	unnamed Rect: size = (0.75, 0.4)
67.8724 	EXP 	unnamed Rect: width = 0.75
67.8890 	EXP 	unnamed Rect: pos = (-0.375, 0)
67.8890 	EXP 	unnamed Rect: size = (0.75, 0.4)
67.8890 	EXP 	unnamed Rect: width = 0.75
67.9057 	EXP 	unnamed Rect: pos = (-0.375, 0)
67.9057 	EXP 	unnamed Rect: size = (0.75, 0.4)
67.9057 	EXP 	unnamed Rect: width = 0.75
67.9224 	EXP 	unnamed Rect: pos = (-0.375, 0)
67.9224 	EXP 	unnamed Rect: size = (0.75, 0.4)
67.9224 	EXP 	unnamed Rect: width = 0.75
67.9390 	EXP 	unnamed Rect: pos = (-0.375, 0)
67.9390 	EXP 	unnamed Rect: size = (0.75, 0.4)
67.9390 	EXP 	unnamed Rect: width = 0.75
67.9557 	EXP 	unnamed Rect: pos = (-0.375, 0)
67.9557 	EXP 	unnamed Rect: size = (0.75, 0.4)
67.9557 	EXP 	unnamed Rect: width = 0.75
67.9723 	EXP 	unnamed Rect: pos = (-0.375, 0)
67.9723 	EXP 	unnamed Rect: size = (0.75, 0.4)
67.9723 	EXP 	unnamed Rect: width = 0.75
67.9890 	EXP 	unnamed Rect: pos = (-0.375, 0)
67.9890 	EXP 	unnamed Rect: size = (0.75, 0.4)
67.9890 	EXP 	unnamed Rect: width = 0.75
68.0057 	EXP 	unnamed Rect: pos = (-0.375, 0)
68.0057 	EXP 	unnamed Rect: size = (0.75, 0.4)
68.0057 	EXP 	unnamed Rect: width = 0.75
68.0224 	EXP 	unnamed Rect: pos = (-0.375, 0)
68.0224 	EXP 	unnamed Rect: size = (0.75, 0.4)
68.0224 	EXP 	unnamed Rect: width = 0.75
68.0390 	EXP 	unnamed Rect: pos = (-0.375, 0)
68.0390 	EXP 	unnamed Rect: size = (0.75, 0.4)
68.0390 	EXP 	unnamed Rect: width = 0.75
68.0557 	EXP 	unnamed Rect: pos = (-0.375, 0)
68.0557 	EXP 	unnamed Rect: size = (0.75, 0.4)
68.0557 	EXP 	unnamed Rect: width = 0.75
68.0724 	EXP 	unnamed Rect: pos = (-0.375, 0)
68.0724 	EXP 	unnamed Rect: size = (0.75, 0.4)
68.0724 	EXP 	unnamed Rect: width = 0.75
68.0890 	EXP 	unnamed Rect: pos = (-0.375, 0)
68.0890 	EXP 	unnamed Rect: size = (0.75, 0.4)
68.0890 	EXP 	unnamed Rect: width = 0.75
68.1057 	EXP 	unnamed Rect: pos = (-0.375, 0)
68.1057 	EXP 	unnamed Rect: size = (0.75, 0.4)
68.1057 	EXP 	unnamed Rect: width = 0.75
68.1224 	EXP 	unnamed Rect: pos = (-0.375, 0)
68.1224 	EXP 	unnamed Rect: size = (0.75, 0.4)
68.1224 	EXP 	unnamed Rect: width = 0.75
68.1391 	EXP 	unnamed Rect: pos = (-0.375, 0)
68.1391 	EXP 	unnamed Rect: size = (0.75, 0.4)
68.1391 	EXP 	unnamed Rect: width = 0.75
68.1557 	EXP 	unnamed Rect: pos = (-0.375, 0)
68.1557 	EXP 	unnamed Rect: size = (0.75, 0.4)
68.1557 	EXP 	unnamed Rect: width = 0.75
68.1724 	EXP 	unnamed Rect: pos = (-0.375, 0)
68.1724 	EXP 	unnamed Rect: size = (0.75, 0.4)
68.1724 	EXP 	unnamed Rect: width = 0.75
68.1890 	EXP 	unnamed Rect: pos = (-0.375, 0)
68.1890 	EXP 	unnamed Rect: size = (0.75, 0.4)
68.1890 	EXP 	unnamed Rect: width = 0.75
68.2057 	EXP 	unnamed Rect: pos = (-0.375, 0)
68.2057 	EXP 	unnamed Rect: size = (0.75, 0.4)
68.2057 	EXP 	unnamed Rect: width = 0.75
68.2224 	EXP 	unnamed Rect: pos = (-0.375, 0)
68.2224 	EXP 	unnamed Rect: size = (0.75, 0.4)
68.2224 	EXP 	unnamed Rect: width = 0.75
68.2390 	EXP 	unnamed Rect: pos = (-0.375, 0)
68.2390 	EXP 	unnamed Rect: size = (0.75, 0.4)
68.2390 	EXP 	unnamed Rect: width = 0.75
68.2557 	EXP 	unnamed Rect: pos = (-0.375, 0)
68.2557 	EXP 	unnamed Rect: size = (0.75, 0.4)
68.2557 	EXP 	unnamed Rect: width = 0.75
68.2724 	EXP 	unnamed Rect: pos = (-0.375, 0)
68.2724 	EXP 	unnamed Rect: size = (0.75, 0.4)
68.2724 	EXP 	unnamed Rect: width = 0.75
68.2890 	EXP 	unnamed Rect: pos = (-0.375, 0)
68.2890 	EXP 	unnamed Rect: size = (0.75, 0.4)
68.2890 	EXP 	unnamed Rect: width = 0.75
68.3057 	EXP 	unnamed Rect: pos = (-0.375, 0)
68.3057 	EXP 	unnamed Rect: size = (0.75, 0.4)
68.3057 	EXP 	unnamed Rect: width = 0.75
68.3224 	EXP 	unnamed Rect: pos = (-0.375, 0)
68.3224 	EXP 	unnamed Rect: size = (0.75, 0.4)
68.3224 	EXP 	unnamed Rect: width = 0.75
68.3390 	EXP 	unnamed Rect: pos = (-0.375, 0)
68.3390 	EXP 	unnamed Rect: size = (0.75, 0.4)
68.3390 	EXP 	unnamed Rect: width = 0.75
68.3557 	EXP 	unnamed Rect: pos = (-0.375, 0)
68.3557 	EXP 	unnamed Rect: size = (0.75, 0.4)
68.3557 	EXP 	unnamed Rect: width = 0.75
68.3724 	EXP 	unnamed Rect: pos = (-0.375, 0)
68.3724 	EXP 	unnamed Rect: size = (0.75, 0.4)
68.3724 	EXP 	unnamed Rect: width = 0.75
68.3890 	EXP 	unnamed Rect: pos = (-0.375, 0)
68.3890 	EXP 	unnamed Rect: size = (0.75, 0.4)
68.3890 	EXP 	unnamed Rect: width = 0.75
68.4057 	EXP 	unnamed Rect: pos = (-0.375, 0)
68.4057 	EXP 	unnamed Rect: size = (0.75, 0.4)
68.4057 	EXP 	unnamed Rect: width = 0.75
68.4222 	EXP 	unnamed Rect: pos = (-0.375, 0)
68.4222 	EXP 	unnamed Rect: size = (0.75, 0.4)
68.4222 	EXP 	unnamed Rect: width = 0.75
68.4390 	EXP 	unnamed Rect: pos = (-0.375, 0)
68.4390 	EXP 	unnamed Rect: size = (0.75, 0.4)
68.4390 	EXP 	unnamed Rect: width = 0.75
68.4557 	EXP 	unnamed Rect: pos = (-0.375, 0)
68.4557 	EXP 	unnamed Rect: size = (0.75, 0.4)
68.4557 	EXP 	unnamed Rect: width = 0.75
68.4724 	EXP 	unnamed Rect: pos = (-0.375, 0)
68.4724 	EXP 	unnamed Rect: size = (0.75, 0.4)
68.4724 	EXP 	unnamed Rect: width = 0.75
68.4890 	EXP 	unnamed Rect: pos = (-0.375, 0)
68.4890 	EXP 	unnamed Rect: size = (0.75, 0.4)
68.4890 	EXP 	unnamed Rect: width = 0.75
68.5057 	EXP 	unnamed Rect: pos = (-0.375, 0)
68.5057 	EXP 	unnamed Rect: size = (0.75, 0.4)
68.5057 	EXP 	unnamed Rect: width = 0.75
68.5224 	EXP 	unnamed Rect: pos = (-0.375, 0)
68.5224 	EXP 	unnamed Rect: size = (0.75, 0.4)
68.5224 	EXP 	unnamed Rect: width = 0.75
68.5390 	EXP 	unnamed Rect: pos = (-0.375, 0)
68.5390 	EXP 	unnamed Rect: size = (0.75, 0.4)
68.5390 	EXP 	unnamed Rect: width = 0.75
68.5556 	EXP 	unnamed Rect: pos = (-0.375, 0)
68.5556 	EXP 	unnamed Rect: size = (0.75, 0.4)
68.5556 	EXP 	unnamed Rect: width = 0.75
68.5724 	EXP 	unnamed Rect: pos = (-0.375, 0)
68.5724 	EXP 	unnamed Rect: size = (0.75, 0.4)
68.5724 	EXP 	unnamed Rect: width = 0.75
68.5890 	EXP 	unnamed Rect: pos = (-0.375, 0)
68.5890 	EXP 	unnamed Rect: size = (0.75, 0.4)
68.5890 	EXP 	unnamed Rect: width = 0.75
68.6057 	EXP 	unnamed Rect: pos = (-0.375, 0)
68.6057 	EXP 	unnamed Rect: size = (0.75, 0.4)
68.6057 	EXP 	unnamed Rect: width = 0.75
68.6224 	EXP 	unnamed Rect: pos = (-0.375, 0)
68.6224 	EXP 	unnamed Rect: size = (0.75, 0.4)
68.6224 	EXP 	unnamed Rect: width = 0.75
68.6390 	EXP 	unnamed Rect: pos = (-0.375, 0)
68.6390 	EXP 	unnamed Rect: size = (0.75, 0.4)
68.6390 	EXP 	unnamed Rect: width = 0.75
68.6557 	EXP 	unnamed Rect: pos = (-0.375, 0)
68.6557 	EXP 	unnamed Rect: size = (0.75, 0.4)
68.6557 	EXP 	unnamed Rect: width = 0.75
68.6724 	EXP 	unnamed Rect: pos = (-0.375, 0)
68.6724 	EXP 	unnamed Rect: size = (0.75, 0.4)
68.6724 	EXP 	unnamed Rect: width = 0.75
68.6890 	EXP 	unnamed Rect: pos = (-0.375, 0)
68.6890 	EXP 	unnamed Rect: size = (0.75, 0.4)
68.6890 	EXP 	unnamed Rect: width = 0.75
68.7057 	EXP 	unnamed Rect: pos = (-0.375, 0)
68.7057 	EXP 	unnamed Rect: size = (0.75, 0.4)
68.7057 	EXP 	unnamed Rect: width = 0.75
68.7224 	EXP 	unnamed Rect: pos = (-0.375, 0)
68.7224 	EXP 	unnamed Rect: size = (0.75, 0.4)
68.7224 	EXP 	unnamed Rect: width = 0.75
68.7390 	EXP 	unnamed Rect: pos = (-0.375, 0)
68.7390 	EXP 	unnamed Rect: size = (0.75, 0.4)
68.7390 	EXP 	unnamed Rect: width = 0.75
68.7557 	EXP 	unnamed Rect: pos = (-0.375, 0)
68.7557 	EXP 	unnamed Rect: size = (0.75, 0.4)
68.7557 	EXP 	unnamed Rect: width = 0.75
68.7724 	EXP 	unnamed Rect: pos = (-0.375, 0)
68.7724 	EXP 	unnamed Rect: size = (0.75, 0.4)
68.7724 	EXP 	unnamed Rect: width = 0.75
68.7890 	EXP 	unnamed Rect: pos = (-0.375, 0)
68.7890 	EXP 	unnamed Rect: size = (0.75, 0.4)
68.7890 	EXP 	unnamed Rect: width = 0.75
68.8057 	EXP 	unnamed Rect: pos = (-0.375, 0)
68.8057 	EXP 	unnamed Rect: size = (0.75, 0.4)
68.8057 	EXP 	unnamed Rect: width = 0.75
68.8224 	EXP 	unnamed Rect: pos = (-0.375, 0)
68.8224 	EXP 	unnamed Rect: size = (0.75, 0.4)
68.8224 	EXP 	unnamed Rect: width = 0.75
68.8390 	EXP 	unnamed Rect: pos = (-0.375, 0)
68.8390 	EXP 	unnamed Rect: size = (0.75, 0.4)
68.8390 	EXP 	unnamed Rect: width = 0.75
68.8557 	EXP 	unnamed Rect: pos = (-0.375, 0)
68.8557 	EXP 	unnamed Rect: size = (0.75, 0.4)
68.8557 	EXP 	unnamed Rect: width = 0.75
68.8724 	EXP 	unnamed Rect: pos = (-0.375, 0)
68.8724 	EXP 	unnamed Rect: size = (0.75, 0.4)
68.8724 	EXP 	unnamed Rect: width = 0.75
68.8890 	EXP 	unnamed Rect: pos = (-0.375, 0)
68.8890 	EXP 	unnamed Rect: size = (0.75, 0.4)
68.8890 	EXP 	unnamed Rect: width = 0.75
68.9057 	EXP 	unnamed Rect: pos = (-0.375, 0)
68.9057 	EXP 	unnamed Rect: size = (0.75, 0.4)
68.9057 	EXP 	unnamed Rect: width = 0.75
68.9224 	EXP 	unnamed Rect: pos = (-0.375, 0)
68.9224 	EXP 	unnamed Rect: size = (0.75, 0.4)
68.9224 	EXP 	unnamed Rect: width = 0.75
68.9390 	EXP 	unnamed Rect: pos = (-0.375, 0)
68.9390 	EXP 	unnamed Rect: size = (0.75, 0.4)
68.9390 	EXP 	unnamed Rect: width = 0.75
68.9556 	EXP 	unnamed Rect: pos = (-0.375, 0)
68.9556 	EXP 	unnamed Rect: size = (0.75, 0.4)
68.9556 	EXP 	unnamed Rect: width = 0.75
68.9724 	EXP 	unnamed Rect: pos = (-0.375, 0)
68.9724 	EXP 	unnamed Rect: size = (0.75, 0.4)
68.9724 	EXP 	unnamed Rect: width = 0.75
68.9890 	EXP 	unnamed Rect: pos = (-0.375, 0)
68.9890 	EXP 	unnamed Rect: size = (0.75, 0.4)
68.9890 	EXP 	unnamed Rect: width = 0.75
69.0057 	EXP 	unnamed Rect: pos = (-0.375, 0)
69.0057 	EXP 	unnamed Rect: size = (0.75, 0.4)
69.0057 	EXP 	unnamed Rect: width = 0.75
69.0224 	EXP 	unnamed Rect: pos = (-0.375, 0)
69.0224 	EXP 	unnamed Rect: size = (0.75, 0.4)
69.0224 	EXP 	unnamed Rect: width = 0.75
69.0390 	EXP 	unnamed Rect: pos = (-0.375, 0)
69.0390 	EXP 	unnamed Rect: size = (0.75, 0.4)
69.0390 	EXP 	unnamed Rect: width = 0.75
69.0557 	EXP 	unnamed Rect: pos = (-0.375, 0)
69.0557 	EXP 	unnamed Rect: size = (0.75, 0.4)
69.0557 	EXP 	unnamed Rect: width = 0.75
69.0724 	EXP 	unnamed Rect: pos = (-0.375, 0)
69.0724 	EXP 	unnamed Rect: size = (0.75, 0.4)
69.0724 	EXP 	unnamed Rect: width = 0.75
69.0890 	EXP 	unnamed Rect: pos = (-0.375, 0)
69.0890 	EXP 	unnamed Rect: size = (0.75, 0.4)
69.0890 	EXP 	unnamed Rect: width = 0.75
69.1057 	EXP 	unnamed Rect: pos = (-0.375, 0)
69.1057 	EXP 	unnamed Rect: size = (0.75, 0.4)
69.1057 	EXP 	unnamed Rect: width = 0.75
69.1224 	EXP 	unnamed Rect: pos = (-0.375, 0)
69.1224 	EXP 	unnamed Rect: size = (0.75, 0.4)
69.1224 	EXP 	unnamed Rect: width = 0.75
69.1390 	EXP 	unnamed Rect: pos = (-0.375, 0)
69.1390 	EXP 	unnamed Rect: size = (0.75, 0.4)
69.1390 	EXP 	unnamed Rect: width = 0.75
69.1556 	EXP 	unnamed Rect: pos = (-0.375, 0)
69.1556 	EXP 	unnamed Rect: size = (0.75, 0.4)
69.1556 	EXP 	unnamed Rect: width = 0.75
69.1724 	EXP 	unnamed Rect: pos = (-0.375, 0)
69.1724 	EXP 	unnamed Rect: size = (0.75, 0.4)
69.1724 	EXP 	unnamed Rect: width = 0.75
69.1890 	EXP 	unnamed Rect: pos = (-0.375, 0)
69.1890 	EXP 	unnamed Rect: size = (0.75, 0.4)
69.1890 	EXP 	unnamed Rect: width = 0.75
69.2057 	EXP 	unnamed Rect: pos = (-0.375, 0)
69.2057 	EXP 	unnamed Rect: size = (0.75, 0.4)
69.2057 	EXP 	unnamed Rect: width = 0.75
69.2224 	EXP 	unnamed Rect: pos = (-0.375, 0)
69.2224 	EXP 	unnamed Rect: size = (0.75, 0.4)
69.2224 	EXP 	unnamed Rect: width = 0.75
69.2390 	EXP 	unnamed Rect: pos = (-0.375, 0)
69.2390 	EXP 	unnamed Rect: size = (0.75, 0.4)
69.2390 	EXP 	unnamed Rect: width = 0.75
69.2557 	EXP 	unnamed Rect: pos = (-0.375, 0)
69.2557 	EXP 	unnamed Rect: size = (0.75, 0.4)
69.2557 	EXP 	unnamed Rect: width = 0.75
69.2724 	EXP 	unnamed Rect: pos = (-0.375, 0)
69.2724 	EXP 	unnamed Rect: size = (0.75, 0.4)
69.2724 	EXP 	unnamed Rect: width = 0.75
69.2890 	EXP 	unnamed Rect: pos = (-0.375, 0)
69.2890 	EXP 	unnamed Rect: size = (0.75, 0.4)
69.2890 	EXP 	unnamed Rect: width = 0.75
69.3057 	EXP 	unnamed Rect: pos = (-0.375, 0)
69.3057 	EXP 	unnamed Rect: size = (0.75, 0.4)
69.3057 	EXP 	unnamed Rect: width = 0.75
69.3224 	EXP 	unnamed Rect: pos = (-0.375, 0)
69.3224 	EXP 	unnamed Rect: size = (0.75, 0.4)
69.3224 	EXP 	unnamed Rect: width = 0.75
69.3390 	EXP 	unnamed Rect: pos = (-0.375, 0)
69.3390 	EXP 	unnamed Rect: size = (0.75, 0.4)
69.3390 	EXP 	unnamed Rect: width = 0.75
69.3557 	EXP 	unnamed Rect: pos = (-0.375, 0)
69.3557 	EXP 	unnamed Rect: size = (0.75, 0.4)
69.3557 	EXP 	unnamed Rect: width = 0.75
69.3724 	EXP 	unnamed Rect: pos = (-0.375, 0)
69.3724 	EXP 	unnamed Rect: size = (0.75, 0.4)
69.3724 	EXP 	unnamed Rect: width = 0.75
69.3890 	EXP 	unnamed Rect: pos = (-0.375, 0)
69.3890 	EXP 	unnamed Rect: size = (0.75, 0.4)
69.3890 	EXP 	unnamed Rect: width = 0.75
69.4057 	EXP 	unnamed Rect: pos = (-0.375, 0)
69.4057 	EXP 	unnamed Rect: size = (0.75, 0.4)
69.4057 	EXP 	unnamed Rect: width = 0.75
69.4224 	EXP 	unnamed Rect: pos = (-0.375, 0)
69.4224 	EXP 	unnamed Rect: size = (0.75, 0.4)
69.4224 	EXP 	unnamed Rect: width = 0.75
69.4390 	EXP 	unnamed Rect: pos = (-0.375, 0)
69.4390 	EXP 	unnamed Rect: size = (0.75, 0.4)
69.4390 	EXP 	unnamed Rect: width = 0.75
69.4557 	EXP 	unnamed Rect: pos = (-0.375, 0)
69.4557 	EXP 	unnamed Rect: size = (0.75, 0.4)
69.4557 	EXP 	unnamed Rect: width = 0.75
69.4724 	EXP 	unnamed Rect: pos = (-0.375, 0)
69.4724 	EXP 	unnamed Rect: size = (0.75, 0.4)
69.4724 	EXP 	unnamed Rect: width = 0.75
69.4890 	EXP 	unnamed Rect: pos = (-0.375, 0)
69.4890 	EXP 	unnamed Rect: size = (0.75, 0.4)
69.4890 	EXP 	unnamed Rect: width = 0.75
69.5057 	EXP 	unnamed Rect: pos = (-0.375, 0)
69.5057 	EXP 	unnamed Rect: size = (0.75, 0.4)
69.5057 	EXP 	unnamed Rect: width = 0.75
69.5224 	EXP 	unnamed Rect: pos = (-0.375, 0)
69.5224 	EXP 	unnamed Rect: size = (0.75, 0.4)
69.5224 	EXP 	unnamed Rect: width = 0.75
69.5390 	EXP 	unnamed Rect: pos = (-0.375, 0)
69.5390 	EXP 	unnamed Rect: size = (0.75, 0.4)
69.5390 	EXP 	unnamed Rect: width = 0.75
69.5557 	EXP 	unnamed Rect: pos = (-0.375, 0)
69.5557 	EXP 	unnamed Rect: size = (0.75, 0.4)
69.5557 	EXP 	unnamed Rect: width = 0.75
69.5724 	EXP 	unnamed Rect: pos = (-0.375, 0)
69.5724 	EXP 	unnamed Rect: size = (0.75, 0.4)
69.5724 	EXP 	unnamed Rect: width = 0.75
69.5890 	EXP 	unnamed Rect: pos = (-0.375, 0)
69.5890 	EXP 	unnamed Rect: size = (0.75, 0.4)
69.5890 	EXP 	unnamed Rect: width = 0.75
69.6057 	EXP 	unnamed Rect: pos = (-0.375, 0)
69.6057 	EXP 	unnamed Rect: size = (0.75, 0.4)
69.6057 	EXP 	unnamed Rect: width = 0.75
69.6224 	EXP 	unnamed Rect: pos = (-0.375, 0)
69.6224 	EXP 	unnamed Rect: size = (0.75, 0.4)
69.6224 	EXP 	unnamed Rect: width = 0.75
69.6391 	EXP 	unnamed Rect: pos = (-0.375, 0)
69.6391 	EXP 	unnamed Rect: size = (0.75, 0.4)
69.6391 	EXP 	unnamed Rect: width = 0.75
69.6557 	EXP 	unnamed Rect: pos = (-0.375, 0)
69.6557 	EXP 	unnamed Rect: size = (0.75, 0.4)
69.6557 	EXP 	unnamed Rect: width = 0.75
69.6724 	EXP 	unnamed Rect: pos = (-0.375, 0)
69.6724 	EXP 	unnamed Rect: size = (0.75, 0.4)
69.6724 	EXP 	unnamed Rect: width = 0.75
69.6890 	EXP 	unnamed Rect: pos = (-0.375, 0)
69.6890 	EXP 	unnamed Rect: size = (0.75, 0.4)
69.6890 	EXP 	unnamed Rect: width = 0.75
69.7057 	EXP 	unnamed Rect: pos = (-0.375, 0)
69.7057 	EXP 	unnamed Rect: size = (0.75, 0.4)
69.7057 	EXP 	unnamed Rect: width = 0.75
69.7224 	EXP 	unnamed Rect: pos = (-0.375, 0)
69.7224 	EXP 	unnamed Rect: size = (0.75, 0.4)
69.7224 	EXP 	unnamed Rect: width = 0.75
69.7390 	EXP 	unnamed Rect: pos = (-0.375, 0)
69.7390 	EXP 	unnamed Rect: size = (0.75, 0.4)
69.7390 	EXP 	unnamed Rect: width = 0.75
69.7557 	EXP 	unnamed Rect: pos = (-0.375, 0)
69.7557 	EXP 	unnamed Rect: size = (0.75, 0.4)
69.7557 	EXP 	unnamed Rect: width = 0.75
69.7724 	EXP 	unnamed Rect: pos = (-0.375, 0)
69.7724 	EXP 	unnamed Rect: size = (0.75, 0.4)
69.7724 	EXP 	unnamed Rect: width = 0.75
69.7890 	EXP 	unnamed Rect: pos = (-0.375, 0)
69.7890 	EXP 	unnamed Rect: size = (0.75, 0.4)
69.7890 	EXP 	unnamed Rect: width = 0.75
69.8057 	EXP 	unnamed Rect: pos = (-0.375, 0)
69.8057 	EXP 	unnamed Rect: size = (0.75, 0.4)
69.8057 	EXP 	unnamed Rect: width = 0.75
69.8224 	EXP 	unnamed Rect: pos = (-0.375, 0)
69.8224 	EXP 	unnamed Rect: size = (0.75, 0.4)
69.8224 	EXP 	unnamed Rect: width = 0.75
69.8390 	EXP 	unnamed Rect: pos = (-0.375, 0)
69.8390 	EXP 	unnamed Rect: size = (0.75, 0.4)
69.8390 	EXP 	unnamed Rect: width = 0.75
69.8557 	EXP 	unnamed Rect: pos = (-0.375, 0)
69.8557 	EXP 	unnamed Rect: size = (0.75, 0.4)
69.8557 	EXP 	unnamed Rect: width = 0.75
69.8724 	EXP 	unnamed Rect: pos = (-0.375, 0)
69.8724 	EXP 	unnamed Rect: size = (0.75, 0.4)
69.8724 	EXP 	unnamed Rect: width = 0.75
69.8890 	EXP 	unnamed Rect: pos = (-0.375, 0)
69.8890 	EXP 	unnamed Rect: size = (0.75, 0.4)
69.8890 	EXP 	unnamed Rect: width = 0.75
69.9057 	EXP 	unnamed Rect: pos = (-0.375, 0)
69.9057 	EXP 	unnamed Rect: size = (0.75, 0.4)
69.9057 	EXP 	unnamed Rect: width = 0.75
69.9224 	EXP 	unnamed Rect: pos = (-0.375, 0)
69.9224 	EXP 	unnamed Rect: size = (0.75, 0.4)
69.9224 	EXP 	unnamed Rect: width = 0.75
69.9391 	EXP 	unnamed Rect: pos = (-0.375, 0)
69.9391 	EXP 	unnamed Rect: size = (0.75, 0.4)
69.9391 	EXP 	unnamed Rect: width = 0.75
69.9557 	EXP 	unnamed Rect: pos = (-0.375, 0)
69.9557 	EXP 	unnamed Rect: size = (0.75, 0.4)
69.9557 	EXP 	unnamed Rect: width = 0.75
69.9723 	EXP 	unnamed Rect: pos = (-0.375, 0)
69.9723 	EXP 	unnamed Rect: size = (0.75, 0.4)
69.9723 	EXP 	unnamed Rect: width = 0.75
69.9890 	EXP 	unnamed Rect: pos = (-0.375, 0)
69.9890 	EXP 	unnamed Rect: size = (0.75, 0.4)
69.9890 	EXP 	unnamed Rect: width = 0.75
70.0057 	EXP 	unnamed Rect: pos = (-0.375, 0)
70.0057 	EXP 	unnamed Rect: size = (0.75, 0.4)
70.0057 	EXP 	unnamed Rect: width = 0.75
70.0224 	EXP 	unnamed Rect: pos = (-0.375, 0)
70.0224 	EXP 	unnamed Rect: size = (0.75, 0.4)
70.0224 	EXP 	unnamed Rect: width = 0.75
70.0390 	EXP 	unnamed Rect: pos = (-0.375, 0)
70.0390 	EXP 	unnamed Rect: size = (0.75, 0.4)
70.0390 	EXP 	unnamed Rect: width = 0.75
70.0557 	EXP 	unnamed Rect: pos = (-0.375, 0)
70.0557 	EXP 	unnamed Rect: size = (0.75, 0.4)
70.0557 	EXP 	unnamed Rect: width = 0.75
70.0724 	EXP 	unnamed Rect: pos = (-0.375, 0)
70.0724 	EXP 	unnamed Rect: size = (0.75, 0.4)
70.0724 	EXP 	unnamed Rect: width = 0.75
70.0890 	EXP 	unnamed Rect: pos = (-0.375, 0)
70.0890 	EXP 	unnamed Rect: size = (0.75, 0.4)
70.0890 	EXP 	unnamed Rect: width = 0.75
70.1057 	EXP 	unnamed Rect: pos = (-0.375, 0)
70.1057 	EXP 	unnamed Rect: size = (0.75, 0.4)
70.1057 	EXP 	unnamed Rect: width = 0.75
70.1224 	EXP 	unnamed Rect: pos = (-0.375, 0)
70.1224 	EXP 	unnamed Rect: size = (0.75, 0.4)
70.1224 	EXP 	unnamed Rect: width = 0.75
70.1390 	EXP 	unnamed Rect: pos = (-0.375, 0)
70.1390 	EXP 	unnamed Rect: size = (0.75, 0.4)
70.1390 	EXP 	unnamed Rect: width = 0.75
70.1557 	EXP 	unnamed Rect: pos = (-0.375, 0)
70.1557 	EXP 	unnamed Rect: size = (0.75, 0.4)
70.1557 	EXP 	unnamed Rect: width = 0.75
70.1723 	EXP 	unnamed Rect: pos = (-0.375, 0)
70.1723 	EXP 	unnamed Rect: size = (0.75, 0.4)
70.1723 	EXP 	unnamed Rect: width = 0.75
70.1890 	EXP 	unnamed Rect: pos = (-0.375, 0)
70.1890 	EXP 	unnamed Rect: size = (0.75, 0.4)
70.1890 	EXP 	unnamed Rect: width = 0.75
70.2057 	EXP 	unnamed Rect: pos = (-0.375, 0)
70.2057 	EXP 	unnamed Rect: size = (0.75, 0.4)
70.2057 	EXP 	unnamed Rect: width = 0.75
70.2224 	EXP 	unnamed Rect: pos = (-0.375, 0)
70.2224 	EXP 	unnamed Rect: size = (0.75, 0.4)
70.2224 	EXP 	unnamed Rect: width = 0.75
70.2390 	EXP 	unnamed Rect: pos = (-0.375, 0)
70.2390 	EXP 	unnamed Rect: size = (0.75, 0.4)
70.2390 	EXP 	unnamed Rect: width = 0.75
70.2557 	EXP 	unnamed Rect: pos = (-0.375, 0)
70.2557 	EXP 	unnamed Rect: size = (0.75, 0.4)
70.2557 	EXP 	unnamed Rect: width = 0.75
70.2724 	EXP 	unnamed Rect: pos = (-0.375, 0)
70.2724 	EXP 	unnamed Rect: size = (0.75, 0.4)
70.2724 	EXP 	unnamed Rect: width = 0.75
70.2891 	EXP 	unnamed Rect: pos = (-0.375, 0)
70.2891 	EXP 	unnamed Rect: size = (0.75, 0.4)
70.2891 	EXP 	unnamed Rect: width = 0.75
70.3057 	EXP 	unnamed Rect: pos = (-0.375, 0)
70.3057 	EXP 	unnamed Rect: size = (0.75, 0.4)
70.3057 	EXP 	unnamed Rect: width = 0.75
70.3224 	EXP 	unnamed Rect: pos = (-0.375, 0)
70.3224 	EXP 	unnamed Rect: size = (0.75, 0.4)
70.3224 	EXP 	unnamed Rect: width = 0.75
70.3390 	EXP 	unnamed Rect: pos = (-0.375, 0)
70.3390 	EXP 	unnamed Rect: size = (0.75, 0.4)
70.3390 	EXP 	unnamed Rect: width = 0.75
70.3557 	EXP 	unnamed Rect: pos = (-0.375, 0)
70.3557 	EXP 	unnamed Rect: size = (0.75, 0.4)
70.3557 	EXP 	unnamed Rect: width = 0.75
70.3724 	EXP 	unnamed Rect: pos = (-0.375, 0)
70.3724 	EXP 	unnamed Rect: size = (0.75, 0.4)
70.3724 	EXP 	unnamed Rect: width = 0.75
70.3891 	EXP 	unnamed Rect: pos = (-0.375, 0)
70.3891 	EXP 	unnamed Rect: size = (0.75, 0.4)
70.3891 	EXP 	unnamed Rect: width = 0.75
70.4057 	EXP 	unnamed Rect: pos = (-0.375, 0)
70.4057 	EXP 	unnamed Rect: size = (0.75, 0.4)
70.4057 	EXP 	unnamed Rect: width = 0.75
70.4224 	EXP 	unnamed Rect: pos = (-0.375, 0)
70.4224 	EXP 	unnamed Rect: size = (0.75, 0.4)
70.4224 	EXP 	unnamed Rect: width = 0.75
70.4390 	EXP 	unnamed Rect: pos = (-0.375, 0)
70.4390 	EXP 	unnamed Rect: size = (0.75, 0.4)
70.4390 	EXP 	unnamed Rect: width = 0.75
70.4557 	EXP 	unnamed Rect: pos = (-0.375, 0)
70.4557 	EXP 	unnamed Rect: size = (0.75, 0.4)
70.4557 	EXP 	unnamed Rect: width = 0.75
70.4724 	EXP 	unnamed Rect: pos = (-0.375, 0)
70.4724 	EXP 	unnamed Rect: size = (0.75, 0.4)
70.4724 	EXP 	unnamed Rect: width = 0.75
70.4891 	EXP 	unnamed Rect: pos = (-0.375, 0)
70.4891 	EXP 	unnamed Rect: size = (0.75, 0.4)
70.4891 	EXP 	unnamed Rect: width = 0.75
70.5057 	EXP 	unnamed Rect: pos = (-0.375, 0)
70.5057 	EXP 	unnamed Rect: size = (0.75, 0.4)
70.5057 	EXP 	unnamed Rect: width = 0.75
70.5224 	EXP 	unnamed Rect: pos = (-0.375, 0)
70.5224 	EXP 	unnamed Rect: size = (0.75, 0.4)
70.5224 	EXP 	unnamed Rect: width = 0.75
70.5391 	EXP 	unnamed Rect: pos = (-0.375, 0)
70.5391 	EXP 	unnamed Rect: size = (0.75, 0.4)
70.5391 	EXP 	unnamed Rect: width = 0.75
70.5557 	EXP 	unnamed Rect: pos = (-0.375, 0)
70.5557 	EXP 	unnamed Rect: size = (0.75, 0.4)
70.5557 	EXP 	unnamed Rect: width = 0.75
70.5723 	EXP 	unnamed Rect: pos = (-0.375, 0)
70.5723 	EXP 	unnamed Rect: size = (0.75, 0.4)
70.5723 	EXP 	unnamed Rect: width = 0.75
70.5890 	EXP 	unnamed Rect: pos = (-0.375, 0)
70.5890 	EXP 	unnamed Rect: size = (0.75, 0.4)
70.5890 	EXP 	unnamed Rect: width = 0.75
70.6057 	EXP 	unnamed Rect: pos = (-0.375, 0)
70.6057 	EXP 	unnamed Rect: size = (0.75, 0.4)
70.6057 	EXP 	unnamed Rect: width = 0.75
70.6224 	EXP 	unnamed Rect: pos = (-0.375, 0)
70.6224 	EXP 	unnamed Rect: size = (0.75, 0.4)
70.6224 	EXP 	unnamed Rect: width = 0.75
70.6390 	EXP 	unnamed Rect: pos = (-0.375, 0)
70.6390 	EXP 	unnamed Rect: size = (0.75, 0.4)
70.6390 	EXP 	unnamed Rect: width = 0.75
70.6557 	EXP 	unnamed Rect: pos = (-0.375, 0)
70.6557 	EXP 	unnamed Rect: size = (0.75, 0.4)
70.6557 	EXP 	unnamed Rect: width = 0.75
70.6724 	EXP 	unnamed Rect: pos = (-0.375, 0)
70.6724 	EXP 	unnamed Rect: size = (0.75, 0.4)
70.6724 	EXP 	unnamed Rect: width = 0.75
70.6891 	EXP 	unnamed Rect: pos = (-0.375, 0)
70.6891 	EXP 	unnamed Rect: size = (0.75, 0.4)
70.6891 	EXP 	unnamed Rect: width = 0.75
70.7057 	EXP 	unnamed Rect: pos = (-0.375, 0)
70.7057 	EXP 	unnamed Rect: size = (0.75, 0.4)
70.7057 	EXP 	unnamed Rect: width = 0.75
70.7224 	EXP 	unnamed Rect: pos = (-0.375, 0)
70.7224 	EXP 	unnamed Rect: size = (0.75, 0.4)
70.7224 	EXP 	unnamed Rect: width = 0.75
70.7391 	EXP 	unnamed Rect: pos = (-0.375, 0)
70.7391 	EXP 	unnamed Rect: size = (0.75, 0.4)
70.7391 	EXP 	unnamed Rect: width = 0.75
70.7557 	EXP 	unnamed Rect: pos = (-0.375, 0)
70.7557 	EXP 	unnamed Rect: size = (0.75, 0.4)
70.7557 	EXP 	unnamed Rect: width = 0.75
70.7724 	EXP 	unnamed Rect: pos = (-0.375, 0)
70.7724 	EXP 	unnamed Rect: size = (0.75, 0.4)
70.7724 	EXP 	unnamed Rect: width = 0.75
70.7891 	EXP 	unnamed Rect: pos = (-0.375, 0)
70.7891 	EXP 	unnamed Rect: size = (0.75, 0.4)
70.7891 	EXP 	unnamed Rect: width = 0.75
70.8057 	EXP 	unnamed Rect: pos = (-0.375, 0)
70.8057 	EXP 	unnamed Rect: size = (0.75, 0.4)
70.8057 	EXP 	unnamed Rect: width = 0.75
70.8224 	EXP 	unnamed Rect: pos = (-0.375, 0)
70.8224 	EXP 	unnamed Rect: size = (0.75, 0.4)
70.8224 	EXP 	unnamed Rect: width = 0.75
70.8390 	EXP 	unnamed Rect: pos = (-0.375, 0)
70.8390 	EXP 	unnamed Rect: size = (0.75, 0.4)
70.8390 	EXP 	unnamed Rect: width = 0.75
70.8557 	EXP 	unnamed Rect: pos = (-0.375, 0)
70.8557 	EXP 	unnamed Rect: size = (0.75, 0.4)
70.8557 	EXP 	unnamed Rect: width = 0.75
70.8724 	EXP 	unnamed Rect: pos = (-0.375, 0)
70.8724 	EXP 	unnamed Rect: size = (0.75, 0.4)
70.8724 	EXP 	unnamed Rect: width = 0.75
70.8891 	EXP 	unnamed Rect: pos = (-0.375, 0)
70.8891 	EXP 	unnamed Rect: size = (0.75, 0.4)
70.8891 	EXP 	unnamed Rect: width = 0.75
70.9057 	EXP 	unnamed Rect: pos = (-0.375, 0)
70.9057 	EXP 	unnamed Rect: size = (0.75, 0.4)
70.9057 	EXP 	unnamed Rect: width = 0.75
70.9224 	EXP 	unnamed Rect: pos = (-0.375, 0)
70.9224 	EXP 	unnamed Rect: size = (0.75, 0.4)
70.9224 	EXP 	unnamed Rect: width = 0.75
70.9390 	EXP 	unnamed Rect: pos = (-0.375, 0)
70.9390 	EXP 	unnamed Rect: size = (0.75, 0.4)
70.9390 	EXP 	unnamed Rect: width = 0.75
70.9557 	EXP 	unnamed Rect: pos = (-0.375, 0)
70.9557 	EXP 	unnamed Rect: size = (0.75, 0.4)
70.9557 	EXP 	unnamed Rect: width = 0.75
70.9724 	EXP 	unnamed Rect: pos = (-0.375, 0)
70.9724 	EXP 	unnamed Rect: size = (0.75, 0.4)
70.9724 	EXP 	unnamed Rect: width = 0.75
70.9891 	EXP 	unnamed Rect: pos = (-0.375, 0)
70.9891 	EXP 	unnamed Rect: size = (0.75, 0.4)
70.9891 	EXP 	unnamed Rect: width = 0.75
71.0057 	EXP 	unnamed Rect: pos = (-0.375, 0)
71.0057 	EXP 	unnamed Rect: size = (0.75, 0.4)
71.0057 	EXP 	unnamed Rect: width = 0.75
71.0224 	EXP 	unnamed Rect: pos = (-0.375, 0)
71.0224 	EXP 	unnamed Rect: size = (0.75, 0.4)
71.0224 	EXP 	unnamed Rect: width = 0.75
71.0394 	EXP 	unnamed Rect: pos = (-0.375, 0)
71.0394 	EXP 	unnamed Rect: size = (0.75, 0.4)
71.0394 	EXP 	unnamed Rect: width = 0.75
71.0394 	EXP 	unnamed Rect: autoDraw = False
71.0394 	EXP 	unnamed ShapeStim: autoDraw = False
71.0394 	EXP 	intensityAnchors: autoDraw = False
71.0394 	EXP 	IntensityPrompt: autoDraw = False
71.0394 	EXP 	unnamed ShapeStim: autoDraw = False
71.0394 	EXP 	unnamed Rect: autoDraw = False
71.0394 	EXP 	intensityAnchors: autoDraw = False
71.0394 	EXP 	IntensityPrompt: autoDraw = False
71.0394 	EXP 	fixation: autoDraw = True
78.0391 	EXP 	fixation: autoDraw = False
78.0391 	EXP 	fixation: autoDraw = False
78.0391 	EXP 	fixation: autoDraw = True
87.8759 	DATA 	Keypress: escape
88.1482 	EXP 	window1: mouseVisible = True
