0.4338 	WARNING 	We strongly recommend you activate the PTB sound engine in PsychoPy prefs as the preferred audio engine. Its timing is vastly superior. Your prefs are currently set to use ['sounddevice', 'PTB', 'pyo', 'pygame'] (in that order).
14.6705 	EXP 	Created fixation_2 = TextStim(__class__=<class 'psychopy.visual.text.TextStim'>, alignHoriz=method-wrapper(...), alignText='center', alignVert=method-wrapper(...), anchorHoriz='center', anchorVert='center', antialias=True, autoLog=True, bold=False, color=array([1, 1, 1]), colorSpace='rgb', contrast=1.0, depth=-2.0, flipHoriz=False, flipVert=False, font='Arial', fontFiles=[], height=0.05, italic=False, languageStyle='LTR', name='fixation_2', opacity=1, ori=0, pos=array([0., 0.]), rgb=UNKNOWN, text='+', units='height', win=Window(...), wrapWidth=1)
14.7110 	EXP 	Created Nbackinstructions = TextStim(__class__=<class 'psychopy.visual.text.TextStim'>, alignHoriz=method-wrapper(...), alignText='center', alignVert=method-wrapper(...), anchorHoriz='center', anchorVert='center', antialias=True, autoLog=True, bold=False, color=array([1, 1, 1]), colorSpace='rgb', contrast=1.0, depth=0, flipHoriz=False, flipVert=False, font='Arial', fontFiles=[], height=0.05, italic=False, languageStyle='LTR', name='Nbackinstructions', opacity=1, ori=0.0, pos=array([0., 0.]), rgb=UNKNOWN, text=str(...), units='height', win=Window(...), wrapWidth=1)
14.7127 	EXP 	Created fixation_2 = TextStim(__class__=<class 'psychopy.visual.text.TextStim'>, alignHoriz=method-wrapper(...), alignText='center', alignVert=method-wrapper(...), anchorHoriz='center', anchorVert='center', antialias=True, autoLog=True, bold=False, color=array([1, 1, 1]), colorSpace='rgb', contrast=1.0, depth=-2.0, flipHoriz=False, flipVert=False, font='Arial', fontFiles=[], height=0.05, italic=False, languageStyle='LTR', name='fixation_2', opacity=1, ori=0, pos=array([0., 0.]), rgb=UNKNOWN, text='+', units='height', win=Window(...), wrapWidth=1)
15.1497 	EXP 	Created grid_lines_2 = ImageStim(__class__=<class 'psychopy.visual.image.ImageStim'>, autoLog=True, color=array([1, 1, 1]), colorSpace='rgb', contrast=1.0, depth=0.0, flipHoriz=False, flipVert=False, image='grid.png', interpolate=True, mask=None, maskParams=None, name='grid_lines_2', opacity=1, ori=0.0, pos=array([0., 0.]), size=array([0.6, 0.6]), texRes=128, units='height', win=Window(...))
15.1518 	EXP 	Created target_square_2 = Rect(__class__=<class 'psychopy.visual.rect.Rect'>, autoDraw=False, autoLog=True, closeShape=True, color=method-wrapper(...), colorSpace='rgb', contrast=None, depth=-1.0, fillColor=array([1., 1., 1.]), fillColorSpace='rgb', fillRGB=UNKNOWN, interpolate=True, lineColor=array([0, 0, 0]), lineColorSpace='rgb', lineRGB=UNKNOWN, lineWidth=1, name='target_square_2', opacity=0.5, ori=0.0, pos=array([0., 0.]), size=array([0.15, 0.15]), units='height', vertices=ndarray(...), win=Window(...))
15.1537 	EXP 	Created fixation_3 = TextStim(__class__=<class 'psychopy.visual.text.TextStim'>, alignHoriz=method-wrapper(...), alignText='center', alignVert=method-wrapper(...), anchorHoriz='center', anchorVert='center', antialias=True, autoLog=True, bold=False, color=array([1, 1, 1]), colorSpace='rgb', contrast=1.0, depth=-2.0, flipHoriz=False, flipVert=False, font='Arial', fontFiles=[], height=0.05, italic=False, languageStyle='LTR', name='fixation_3', opacity=1, ori=0, pos=array([0., 0.]), rgb=UNKNOWN, text='+', units='height', win=Window(...), wrapWidth=1)
15.1544 	EXP 	window1: mouseVisible = True
15.1576 	EXP 	window1: mouseVisible = False
15.1579 	EXP 	Created sequence: sequential, trialTypes=2, nReps=1, seed=None
15.1581 	EXP 	New trial (rep=0, index=0): OrderedDict([('RestT1', 0), ('TaskT1', 1)])
15.1583 	EXP 	Created sequence: random, trialTypes=1, nReps=0, seed=None
15.1585 	EXP 	Created sequence: random, trialTypes=1, nReps=1, seed=None
15.1587 	EXP 	New trial (rep=0, index=0): None
15.2365 	EXP 	Nbackinstructions: autoDraw = True
67.1588 	EXP 	Created unnamed TextStim = TextStim(__class__=<class 'psychopy.visual.text.TextStim'>, alignHoriz=method-wrapper(...), alignText='center', alignVert=method-wrapper(...), anchorHoriz='center', anchorVert='center', antialias=True, autoLog=True, bold=False, color=array([-0.5, -0.5, -0.5]), colorSpace='rgb', contrast=1.0, depth=0, flipHoriz=False, flipVert=False, font='', fontFiles=[], height=0.05, italic=False, languageStyle='LTR', name='unnamed TextStim', opacity=1.0, ori=0.0, pos=array([0., 0.]), rgb=UNKNOWN, text=str(...), units='height', win=Window(...), wrapWidth=1)
67.1596 	DATA 	Keypress: space
67.1737 	EXP 	Nbackinstructions: autoDraw = False
68.6042 	DATA 	Keypress: s
68.6252 	EXP 	Imported c:\Users\Dartmouth\Documents\GitHub\canlab\WASABI_public\fMRI Tasks\WASABI Task-T1\N-back-2.xlsx as conditions, 120 conditions, 3 params
68.6257 	EXP 	Created sequence: sequential, trialTypes=120, nReps=1, seed=None
68.6259 	EXP 	New trial (rep=0, index=0): {'square': 5, 'location': [0, 0], 'corrAns': None}
68.6262 	EXP 	window1: mouseVisible = False
68.6404 	EXP 	fixation_2: autoDraw = False
68.6404 	EXP 	target_square_2: pos = array([0., 0.])
68.6404 	EXP 	grid_lines_2: autoDraw = True
68.6404 	EXP 	target_square_2: autoDraw = True
69.6237 	EXP 	fixation_3: autoDraw = True
69.6403 	EXP 	target_square_2: autoDraw = False
70.1607 	EXP 	New trial (rep=0, index=1): {'square': 2, 'location': [0, 0.2], 'corrAns': None}
70.1610 	EXP 	window1: mouseVisible = False
70.1737 	EXP 	grid_lines_2: autoDraw = False
70.1737 	EXP 	target_square_2: autoDraw = False
70.1737 	EXP 	fixation_3: autoDraw = False
70.1737 	EXP 	target_square_2: pos = array([0. , 0.2])
70.1737 	EXP 	grid_lines_2: autoDraw = True
70.1737 	EXP 	target_square_2: autoDraw = True
71.1561 	EXP 	fixation_3: autoDraw = True
71.1728 	EXP 	target_square_2: autoDraw = False
72.1561 	EXP 	fixation_3: autoDraw = False
72.1587 	EXP 	New trial (rep=0, index=2): {'square': 6, 'location': [0.2, 0], 'corrAns': None}
72.1590 	EXP 	window1: mouseVisible = False
72.1728 	EXP 	grid_lines_2: autoDraw = False
72.1728 	EXP 	target_square_2: autoDraw = False
72.1728 	EXP 	fixation_3: autoDraw = False
72.1728 	EXP 	target_square_2: pos = array([0.2, 0. ])
72.1728 	EXP 	grid_lines_2: autoDraw = True
72.1728 	EXP 	target_square_2: autoDraw = True
73.1562 	EXP 	fixation_3: autoDraw = True
73.1729 	EXP 	target_square_2: autoDraw = False
74.1569 	EXP 	fixation_3: autoDraw = False
74.1595 	EXP 	New trial (rep=0, index=3): {'square': 9, 'location': [0.2, -0.2], 'corrAns': None}
74.1598 	EXP 	window1: mouseVisible = False
74.1736 	EXP 	grid_lines_2: autoDraw = False
74.1736 	EXP 	target_square_2: autoDraw = False
74.1736 	EXP 	fixation_3: autoDraw = False
74.1736 	EXP 	target_square_2: pos = array([ 0.2, -0.2])
74.1736 	EXP 	grid_lines_2: autoDraw = True
74.1736 	EXP 	target_square_2: autoDraw = True
75.1569 	EXP 	fixation_3: autoDraw = True
75.1736 	EXP 	target_square_2: autoDraw = False
76.1571 	EXP 	fixation_3: autoDraw = False
76.1598 	EXP 	New trial (rep=0, index=4): {'square': 3, 'location': [0.2, 0.2], 'corrAns': None}
76.1602 	EXP 	window1: mouseVisible = False
76.1738 	EXP 	grid_lines_2: autoDraw = False
76.1738 	EXP 	target_square_2: autoDraw = False
76.1738 	EXP 	fixation_3: autoDraw = False
76.1738 	EXP 	target_square_2: pos = array([0.2, 0.2])
76.1738 	EXP 	grid_lines_2: autoDraw = True
76.1738 	EXP 	target_square_2: autoDraw = True
77.1571 	EXP 	fixation_3: autoDraw = True
77.1738 	EXP 	target_square_2: autoDraw = False
78.1571 	EXP 	fixation_3: autoDraw = False
78.1597 	EXP 	New trial (rep=0, index=5): {'square': 9, 'location': [0.2, -0.2], 'corrAns': 1}
78.1601 	EXP 	window1: mouseVisible = False
78.1738 	EXP 	grid_lines_2: autoDraw = False
78.1738 	EXP 	target_square_2: autoDraw = False
78.1738 	EXP 	fixation_3: autoDraw = False
78.1738 	EXP 	target_square_2: pos = array([ 0.2, -0.2])
78.1738 	EXP 	grid_lines_2: autoDraw = True
78.1738 	EXP 	target_square_2: autoDraw = True
78.8741 	DATA 	Mouse: Left button down, pos=(756,577)
79.1572 	EXP 	fixation_3: autoDraw = True
79.1738 	EXP 	target_square_2: autoDraw = False
79.2740 	DATA 	Mouse:  Left button up, pos=(754,582)
80.1572 	EXP 	fixation_3: autoDraw = False
80.1597 	EXP 	New trial (rep=0, index=6): {'square': 7, 'location': [-0.2, -0.2], 'corrAns': None}
80.1600 	EXP 	window1: mouseVisible = False
80.1738 	EXP 	grid_lines_2: autoDraw = False
80.1738 	EXP 	target_square_2: autoDraw = False
80.1738 	EXP 	fixation_3: autoDraw = False
80.1738 	EXP 	target_square_2: pos = array([-0.2, -0.2])
80.1738 	EXP 	grid_lines_2: autoDraw = True
80.1738 	EXP 	target_square_2: autoDraw = True
81.1572 	EXP 	fixation_3: autoDraw = True
81.1738 	EXP 	target_square_2: autoDraw = False
82.1572 	EXP 	fixation_3: autoDraw = False
82.1598 	EXP 	New trial (rep=0, index=7): {'square': 1, 'location': [-0.2, 0.2], 'corrAns': None}
82.1601 	EXP 	window1: mouseVisible = False
82.1738 	EXP 	grid_lines_2: autoDraw = False
82.1738 	EXP 	target_square_2: autoDraw = False
82.1738 	EXP 	fixation_3: autoDraw = False
82.1738 	EXP 	target_square_2: pos = array([-0.2,  0.2])
82.1738 	EXP 	grid_lines_2: autoDraw = True
82.1738 	EXP 	target_square_2: autoDraw = True
83.1572 	EXP 	fixation_3: autoDraw = True
83.1739 	EXP 	target_square_2: autoDraw = False
84.1572 	EXP 	fixation_3: autoDraw = False
84.1598 	EXP 	New trial (rep=0, index=8): {'square': 5, 'location': [0, 0], 'corrAns': None}
84.1601 	EXP 	window1: mouseVisible = False
84.1739 	EXP 	grid_lines_2: autoDraw = False
84.1739 	EXP 	target_square_2: autoDraw = False
84.1739 	EXP 	fixation_3: autoDraw = False
84.1739 	EXP 	target_square_2: pos = array([0., 0.])
84.1739 	EXP 	grid_lines_2: autoDraw = True
84.1739 	EXP 	target_square_2: autoDraw = True
85.1572 	EXP 	fixation_3: autoDraw = True
85.1739 	EXP 	target_square_2: autoDraw = False
86.1572 	EXP 	fixation_3: autoDraw = False
86.1599 	EXP 	New trial (rep=0, index=9): {'square': 7, 'location': [-0.2, -0.2], 'corrAns': None}
86.1602 	EXP 	window1: mouseVisible = False
86.1739 	EXP 	grid_lines_2: autoDraw = False
86.1739 	EXP 	target_square_2: autoDraw = False
86.1739 	EXP 	fixation_3: autoDraw = False
86.1739 	EXP 	target_square_2: pos = array([-0.2, -0.2])
86.1739 	EXP 	grid_lines_2: autoDraw = True
86.1739 	EXP 	target_square_2: autoDraw = True
87.1571 	EXP 	fixation_3: autoDraw = True
87.1739 	EXP 	target_square_2: autoDraw = False
88.1572 	EXP 	fixation_3: autoDraw = False
88.1599 	EXP 	New trial (rep=0, index=10): {'square': 5, 'location': [0, 0], 'corrAns': 1}
88.1602 	EXP 	window1: mouseVisible = False
88.1739 	EXP 	grid_lines_2: autoDraw = False
88.1739 	EXP 	target_square_2: autoDraw = False
88.1739 	EXP 	fixation_3: autoDraw = False
88.1739 	EXP 	target_square_2: pos = array([0., 0.])
88.1739 	EXP 	grid_lines_2: autoDraw = True
88.1739 	EXP 	target_square_2: autoDraw = True
88.7242 	DATA 	Mouse: Left button down, pos=(748,578)
89.0907 	DATA 	Mouse:  Left button up, pos=(748,578)
89.1572 	EXP 	fixation_3: autoDraw = True
89.1739 	EXP 	target_square_2: autoDraw = False
90.1572 	EXP 	fixation_3: autoDraw = False
90.1599 	EXP 	New trial (rep=0, index=11): {'square': 6, 'location': [0.2, 0], 'corrAns': None}
90.1602 	EXP 	window1: mouseVisible = False
90.1739 	EXP 	grid_lines_2: autoDraw = False
90.1739 	EXP 	target_square_2: autoDraw = False
90.1739 	EXP 	fixation_3: autoDraw = False
90.1739 	EXP 	target_square_2: pos = array([0.2, 0. ])
90.1739 	EXP 	grid_lines_2: autoDraw = True
90.1739 	EXP 	target_square_2: autoDraw = True
91.1572 	EXP 	fixation_3: autoDraw = True
91.1739 	EXP 	target_square_2: autoDraw = False
92.1573 	EXP 	fixation_3: autoDraw = False
92.1598 	EXP 	New trial (rep=0, index=12): {'square': 3, 'location': [0.2, 0.2], 'corrAns': None}
92.1601 	EXP 	window1: mouseVisible = False
92.1739 	EXP 	grid_lines_2: autoDraw = False
92.1739 	EXP 	target_square_2: autoDraw = False
92.1739 	EXP 	fixation_3: autoDraw = False
92.1739 	EXP 	target_square_2: pos = array([0.2, 0.2])
92.1739 	EXP 	grid_lines_2: autoDraw = True
92.1739 	EXP 	target_square_2: autoDraw = True
93.1573 	EXP 	fixation_3: autoDraw = True
93.1739 	EXP 	target_square_2: autoDraw = False
94.1573 	EXP 	fixation_3: autoDraw = False
94.1598 	EXP 	New trial (rep=0, index=13): {'square': 6, 'location': [0.2, 0], 'corrAns': 1}
94.1601 	EXP 	window1: mouseVisible = False
94.1740 	EXP 	grid_lines_2: autoDraw = False
94.1740 	EXP 	target_square_2: autoDraw = False
94.1740 	EXP 	fixation_3: autoDraw = False
94.1740 	EXP 	target_square_2: pos = array([0.2, 0. ])
94.1740 	EXP 	grid_lines_2: autoDraw = True
94.1740 	EXP 	target_square_2: autoDraw = True
95.0075 	DATA 	Mouse: Left button down, pos=(740,571)
95.1573 	EXP 	fixation_3: autoDraw = True
95.1734 	EXP 	target_square_2: autoDraw = False
95.2909 	DATA 	Mouse:  Left button up, pos=(740,571)
96.1573 	EXP 	fixation_3: autoDraw = False
96.1598 	EXP 	New trial (rep=0, index=14): {'square': 8, 'location': [0, -0.2], 'corrAns': None}
96.1601 	EXP 	window1: mouseVisible = False
96.1740 	EXP 	grid_lines_2: autoDraw = False
96.1740 	EXP 	target_square_2: autoDraw = False
96.1740 	EXP 	fixation_3: autoDraw = False
96.1740 	EXP 	target_square_2: pos = array([ 0. , -0.2])
96.1740 	EXP 	grid_lines_2: autoDraw = True
96.1740 	EXP 	target_square_2: autoDraw = True
97.1573 	EXP 	fixation_3: autoDraw = True
97.1740 	EXP 	target_square_2: autoDraw = False
98.1573 	EXP 	fixation_3: autoDraw = False
98.1600 	EXP 	New trial (rep=0, index=15): {'square': 9, 'location': [0.2, -0.2], 'corrAns': None}
98.1603 	EXP 	window1: mouseVisible = False
98.1740 	EXP 	grid_lines_2: autoDraw = False
98.1740 	EXP 	target_square_2: autoDraw = False
98.1740 	EXP 	fixation_3: autoDraw = False
98.1740 	EXP 	target_square_2: pos = array([ 0.2, -0.2])
98.1740 	EXP 	grid_lines_2: autoDraw = True
98.1740 	EXP 	target_square_2: autoDraw = True
99.1573 	EXP 	fixation_3: autoDraw = True
99.1740 	EXP 	target_square_2: autoDraw = False
100.1573 	EXP 	fixation_3: autoDraw = False
100.1604 	EXP 	New trial (rep=0, index=16): {'square': 9, 'location': [0.2, -0.2], 'corrAns': None}
100.1607 	EXP 	window1: mouseVisible = False
100.1740 	EXP 	grid_lines_2: autoDraw = False
100.1740 	EXP 	target_square_2: autoDraw = False
100.1740 	EXP 	fixation_3: autoDraw = False
100.1740 	EXP 	target_square_2: pos = array([ 0.2, -0.2])
100.1740 	EXP 	grid_lines_2: autoDraw = True
100.1740 	EXP 	target_square_2: autoDraw = True
101.1573 	EXP 	fixation_3: autoDraw = True
101.1740 	EXP 	target_square_2: autoDraw = False
102.1573 	EXP 	fixation_3: autoDraw = False
102.1599 	EXP 	New trial (rep=0, index=17): {'square': 1, 'location': [-0.2, 0.2], 'corrAns': None}
102.1602 	EXP 	window1: mouseVisible = False
102.1740 	EXP 	grid_lines_2: autoDraw = False
102.1740 	EXP 	target_square_2: autoDraw = False
102.1740 	EXP 	fixation_3: autoDraw = False
102.1740 	EXP 	target_square_2: pos = array([-0.2,  0.2])
102.1740 	EXP 	grid_lines_2: autoDraw = True
102.1740 	EXP 	target_square_2: autoDraw = True
103.1574 	EXP 	fixation_3: autoDraw = True
103.1740 	EXP 	target_square_2: autoDraw = False
104.1574 	EXP 	fixation_3: autoDraw = False
104.1600 	EXP 	New trial (rep=0, index=18): {'square': 3, 'location': [0.2, 0.2], 'corrAns': None}
104.1603 	EXP 	window1: mouseVisible = False
104.1741 	EXP 	grid_lines_2: autoDraw = False
104.1741 	EXP 	target_square_2: autoDraw = False
104.1741 	EXP 	fixation_3: autoDraw = False
104.1741 	EXP 	target_square_2: pos = array([0.2, 0.2])
104.1741 	EXP 	grid_lines_2: autoDraw = True
104.1741 	EXP 	target_square_2: autoDraw = True
105.1574 	EXP 	fixation_3: autoDraw = True
105.1741 	EXP 	target_square_2: autoDraw = False
106.1574 	EXP 	fixation_3: autoDraw = False
106.1601 	EXP 	New trial (rep=0, index=19): {'square': 5, 'location': [0, 0], 'corrAns': None}
106.1603 	EXP 	window1: mouseVisible = False
106.1741 	EXP 	grid_lines_2: autoDraw = False
106.1741 	EXP 	target_square_2: autoDraw = False
106.1741 	EXP 	fixation_3: autoDraw = False
106.1741 	EXP 	target_square_2: pos = array([0., 0.])
106.1741 	EXP 	grid_lines_2: autoDraw = True
106.1741 	EXP 	target_square_2: autoDraw = True
107.1574 	EXP 	fixation_3: autoDraw = True
107.1741 	EXP 	target_square_2: autoDraw = False
108.1574 	EXP 	fixation_3: autoDraw = False
108.1607 	EXP 	New trial (rep=0, index=20): {'square': 3, 'location': [0.2, 0.2], 'corrAns': 1}
108.1610 	EXP 	window1: mouseVisible = False
108.1741 	EXP 	grid_lines_2: autoDraw = False
108.1741 	EXP 	target_square_2: autoDraw = False
108.1741 	EXP 	fixation_3: autoDraw = False
108.1741 	EXP 	target_square_2: pos = array([0.2, 0.2])
108.1741 	EXP 	grid_lines_2: autoDraw = True
108.1741 	EXP 	target_square_2: autoDraw = True
108.9243 	DATA 	Mouse: Left button down, pos=(730,567)
109.1574 	EXP 	fixation_3: autoDraw = True
109.1741 	EXP 	target_square_2: autoDraw = False
109.3076 	DATA 	Mouse:  Left button up, pos=(730,567)
110.1574 	EXP 	fixation_3: autoDraw = False
110.1600 	EXP 	New trial (rep=0, index=21): {'square': 4, 'location': [-0.2, 0], 'corrAns': None}
110.1603 	EXP 	window1: mouseVisible = False
110.1741 	EXP 	grid_lines_2: autoDraw = False
110.1741 	EXP 	target_square_2: autoDraw = False
110.1741 	EXP 	fixation_3: autoDraw = False
110.1741 	EXP 	target_square_2: pos = array([-0.2,  0. ])
110.1741 	EXP 	grid_lines_2: autoDraw = True
110.1741 	EXP 	target_square_2: autoDraw = True
111.1574 	EXP 	fixation_3: autoDraw = True
111.1741 	EXP 	target_square_2: autoDraw = False
112.1574 	EXP 	fixation_3: autoDraw = False
112.1600 	EXP 	New trial (rep=0, index=22): {'square': 7, 'location': [-0.2, -0.2], 'corrAns': None}
112.1603 	EXP 	window1: mouseVisible = False
112.1741 	EXP 	grid_lines_2: autoDraw = False
112.1741 	EXP 	target_square_2: autoDraw = False
112.1741 	EXP 	fixation_3: autoDraw = False
112.1741 	EXP 	target_square_2: pos = array([-0.2, -0.2])
112.1741 	EXP 	grid_lines_2: autoDraw = True
112.1741 	EXP 	target_square_2: autoDraw = True
113.1574 	EXP 	fixation_3: autoDraw = True
113.1741 	EXP 	target_square_2: autoDraw = False
114.1575 	EXP 	fixation_3: autoDraw = False
114.1600 	EXP 	New trial (rep=0, index=23): {'square': 4, 'location': [-0.2, 0], 'corrAns': 1}
114.1603 	EXP 	window1: mouseVisible = False
114.1741 	EXP 	grid_lines_2: autoDraw = False
114.1741 	EXP 	target_square_2: autoDraw = False
114.1741 	EXP 	fixation_3: autoDraw = False
114.1741 	EXP 	target_square_2: pos = array([-0.2,  0. ])
114.1741 	EXP 	grid_lines_2: autoDraw = True
114.1741 	EXP 	target_square_2: autoDraw = True
114.9077 	DATA 	Mouse: Left button down, pos=(719,564)
115.1575 	EXP 	fixation_3: autoDraw = True
115.1741 	EXP 	target_square_2: autoDraw = False
115.2243 	DATA 	Mouse:  Left button up, pos=(719,564)
116.1575 	EXP 	fixation_3: autoDraw = False
116.1601 	EXP 	New trial (rep=0, index=24): {'square': 4, 'location': [-0.2, 0], 'corrAns': None}
116.1604 	EXP 	window1: mouseVisible = False
116.1742 	EXP 	grid_lines_2: autoDraw = False
116.1742 	EXP 	target_square_2: autoDraw = False
116.1742 	EXP 	fixation_3: autoDraw = False
116.1742 	EXP 	target_square_2: pos = array([-0.2,  0. ])
116.1742 	EXP 	grid_lines_2: autoDraw = True
116.1742 	EXP 	target_square_2: autoDraw = True
117.1575 	EXP 	fixation_3: autoDraw = True
117.1742 	EXP 	target_square_2: autoDraw = False
118.1575 	EXP 	fixation_3: autoDraw = False
118.1606 	EXP 	New trial (rep=0, index=25): {'square': 5, 'location': [0, 0], 'corrAns': None}
118.1609 	EXP 	window1: mouseVisible = False
118.1742 	EXP 	grid_lines_2: autoDraw = False
118.1742 	EXP 	target_square_2: autoDraw = False
118.1742 	EXP 	fixation_3: autoDraw = False
118.1742 	EXP 	target_square_2: pos = array([0., 0.])
118.1742 	EXP 	grid_lines_2: autoDraw = True
118.1742 	EXP 	target_square_2: autoDraw = True
119.1575 	EXP 	fixation_3: autoDraw = True
119.1742 	EXP 	target_square_2: autoDraw = False
120.1576 	EXP 	fixation_3: autoDraw = False
120.1602 	EXP 	New trial (rep=0, index=26): {'square': 2, 'location': [0, 0.2], 'corrAns': None}
120.1605 	EXP 	window1: mouseVisible = False
120.1742 	EXP 	grid_lines_2: autoDraw = False
120.1742 	EXP 	target_square_2: autoDraw = False
120.1742 	EXP 	fixation_3: autoDraw = False
120.1742 	EXP 	target_square_2: pos = array([0. , 0.2])
120.1742 	EXP 	grid_lines_2: autoDraw = True
120.1742 	EXP 	target_square_2: autoDraw = True
121.1575 	EXP 	fixation_3: autoDraw = True
121.1742 	EXP 	target_square_2: autoDraw = False
122.1575 	EXP 	fixation_3: autoDraw = False
122.1600 	EXP 	New trial (rep=0, index=27): {'square': 6, 'location': [0.2, 0], 'corrAns': None}
122.1603 	EXP 	window1: mouseVisible = False
122.1742 	EXP 	grid_lines_2: autoDraw = False
122.1742 	EXP 	target_square_2: autoDraw = False
122.1742 	EXP 	fixation_3: autoDraw = False
122.1742 	EXP 	target_square_2: pos = array([0.2, 0. ])
122.1742 	EXP 	grid_lines_2: autoDraw = True
122.1742 	EXP 	target_square_2: autoDraw = True
123.1575 	EXP 	fixation_3: autoDraw = True
123.1742 	EXP 	target_square_2: autoDraw = False
124.1576 	EXP 	fixation_3: autoDraw = False
124.1604 	EXP 	New trial (rep=0, index=28): {'square': 7, 'location': [-0.2, -0.2], 'corrAns': None}
124.1607 	EXP 	window1: mouseVisible = False
124.1742 	EXP 	grid_lines_2: autoDraw = False
124.1742 	EXP 	target_square_2: autoDraw = False
124.1742 	EXP 	fixation_3: autoDraw = False
124.1742 	EXP 	target_square_2: pos = array([-0.2, -0.2])
124.1742 	EXP 	grid_lines_2: autoDraw = True
124.1742 	EXP 	target_square_2: autoDraw = True
125.1576 	EXP 	fixation_3: autoDraw = True
125.1742 	EXP 	target_square_2: autoDraw = False
126.1576 	EXP 	fixation_3: autoDraw = False
126.1605 	EXP 	New trial (rep=0, index=29): {'square': 6, 'location': [0.2, 0], 'corrAns': 1}
126.1608 	EXP 	window1: mouseVisible = False
126.1742 	EXP 	grid_lines_2: autoDraw = False
126.1742 	EXP 	target_square_2: autoDraw = False
126.1742 	EXP 	fixation_3: autoDraw = False
126.1742 	EXP 	target_square_2: pos = array([0.2, 0. ])
126.1742 	EXP 	grid_lines_2: autoDraw = True
126.1742 	EXP 	target_square_2: autoDraw = True
126.7078 	DATA 	Mouse: Left button down, pos=(714,560)
127.0578 	DATA 	Mouse:  Left button up, pos=(714,560)
127.1576 	EXP 	fixation_3: autoDraw = True
127.1742 	EXP 	target_square_2: autoDraw = False
128.1576 	EXP 	fixation_3: autoDraw = False
128.1603 	EXP 	New trial (rep=0, index=30): {'square': 6, 'location': [0.2, 0], 'corrAns': None}
128.1605 	EXP 	window1: mouseVisible = False
128.1743 	EXP 	grid_lines_2: autoDraw = False
128.1743 	EXP 	target_square_2: autoDraw = False
128.1743 	EXP 	fixation_3: autoDraw = False
128.1743 	EXP 	target_square_2: pos = array([0.2, 0. ])
128.1743 	EXP 	grid_lines_2: autoDraw = True
128.1743 	EXP 	target_square_2: autoDraw = True
129.1576 	EXP 	fixation_3: autoDraw = True
129.1742 	EXP 	target_square_2: autoDraw = False
130.1576 	EXP 	fixation_3: autoDraw = False
130.1602 	EXP 	New trial (rep=0, index=31): {'square': 7, 'location': [-0.2, -0.2], 'corrAns': None}
130.1605 	EXP 	window1: mouseVisible = False
130.1743 	EXP 	grid_lines_2: autoDraw = False
130.1743 	EXP 	target_square_2: autoDraw = False
130.1743 	EXP 	fixation_3: autoDraw = False
130.1743 	EXP 	target_square_2: pos = array([-0.2, -0.2])
130.1743 	EXP 	grid_lines_2: autoDraw = True
130.1743 	EXP 	target_square_2: autoDraw = True
131.1576 	EXP 	fixation_3: autoDraw = True
131.1743 	EXP 	target_square_2: autoDraw = False
132.1576 	EXP 	fixation_3: autoDraw = False
132.1603 	EXP 	New trial (rep=0, index=32): {'square': 6, 'location': [0.2, 0], 'corrAns': 1}
132.1605 	EXP 	window1: mouseVisible = False
132.1743 	EXP 	grid_lines_2: autoDraw = False
132.1743 	EXP 	target_square_2: autoDraw = False
132.1743 	EXP 	fixation_3: autoDraw = False
132.1743 	EXP 	target_square_2: pos = array([0.2, 0. ])
132.1743 	EXP 	grid_lines_2: autoDraw = True
132.1743 	EXP 	target_square_2: autoDraw = True
132.8245 	DATA 	Mouse: Left button down, pos=(706,555)
133.1412 	DATA 	Mouse:  Left button up, pos=(706,555)
133.1576 	EXP 	fixation_3: autoDraw = True
133.1743 	EXP 	target_square_2: autoDraw = False
134.1576 	EXP 	fixation_3: autoDraw = False
134.1603 	EXP 	New trial (rep=0, index=33): {'square': 2, 'location': [0, 0.2], 'corrAns': None}
134.1606 	EXP 	window1: mouseVisible = False
134.1743 	EXP 	grid_lines_2: autoDraw = False
134.1743 	EXP 	target_square_2: autoDraw = False
134.1743 	EXP 	fixation_3: autoDraw = False
134.1743 	EXP 	target_square_2: pos = array([0. , 0.2])
134.1743 	EXP 	grid_lines_2: autoDraw = True
134.1743 	EXP 	target_square_2: autoDraw = True
135.1577 	EXP 	fixation_3: autoDraw = True
135.1743 	EXP 	target_square_2: autoDraw = False
136.1577 	EXP 	fixation_3: autoDraw = False
136.1603 	EXP 	New trial (rep=0, index=34): {'square': 5, 'location': [0, 0], 'corrAns': None}
136.1605 	EXP 	window1: mouseVisible = False
136.1743 	EXP 	grid_lines_2: autoDraw = False
136.1743 	EXP 	target_square_2: autoDraw = False
136.1743 	EXP 	fixation_3: autoDraw = False
136.1743 	EXP 	target_square_2: pos = array([0., 0.])
136.1743 	EXP 	grid_lines_2: autoDraw = True
136.1743 	EXP 	target_square_2: autoDraw = True
137.1577 	EXP 	fixation_3: autoDraw = True
137.1743 	EXP 	target_square_2: autoDraw = False
138.1577 	EXP 	fixation_3: autoDraw = False
138.1604 	EXP 	New trial (rep=0, index=35): {'square': 4, 'location': [-0.2, 0], 'corrAns': None}
138.1607 	EXP 	window1: mouseVisible = False
138.1744 	EXP 	grid_lines_2: autoDraw = False
138.1744 	EXP 	target_square_2: autoDraw = False
138.1744 	EXP 	fixation_3: autoDraw = False
138.1744 	EXP 	target_square_2: pos = array([-0.2,  0. ])
138.1744 	EXP 	grid_lines_2: autoDraw = True
138.1744 	EXP 	target_square_2: autoDraw = True
139.1577 	EXP 	fixation_3: autoDraw = True
139.1744 	EXP 	target_square_2: autoDraw = False
140.1577 	EXP 	fixation_3: autoDraw = False
140.1603 	EXP 	New trial (rep=0, index=36): {'square': 4, 'location': [-0.2, 0], 'corrAns': None}
140.1606 	EXP 	window1: mouseVisible = False
140.1744 	EXP 	grid_lines_2: autoDraw = False
140.1744 	EXP 	target_square_2: autoDraw = False
140.1744 	EXP 	fixation_3: autoDraw = False
140.1744 	EXP 	target_square_2: pos = array([-0.2,  0. ])
140.1744 	EXP 	grid_lines_2: autoDraw = True
140.1744 	EXP 	target_square_2: autoDraw = True
141.1577 	EXP 	fixation_3: autoDraw = True
141.1744 	EXP 	target_square_2: autoDraw = False
142.1577 	EXP 	fixation_3: autoDraw = False
142.1603 	EXP 	New trial (rep=0, index=37): {'square': 7, 'location': [-0.2, -0.2], 'corrAns': None}
142.1606 	EXP 	window1: mouseVisible = False
142.1744 	EXP 	grid_lines_2: autoDraw = False
142.1744 	EXP 	target_square_2: autoDraw = False
142.1744 	EXP 	fixation_3: autoDraw = False
142.1744 	EXP 	target_square_2: pos = array([-0.2, -0.2])
142.1744 	EXP 	grid_lines_2: autoDraw = True
142.1744 	EXP 	target_square_2: autoDraw = True
143.1577 	EXP 	fixation_3: autoDraw = True
143.1743 	EXP 	target_square_2: autoDraw = False
144.1577 	EXP 	fixation_3: autoDraw = False
144.1602 	EXP 	New trial (rep=0, index=38): {'square': 4, 'location': [-0.2, 0], 'corrAns': 1}
144.1605 	EXP 	window1: mouseVisible = False
144.1744 	EXP 	grid_lines_2: autoDraw = False
144.1744 	EXP 	target_square_2: autoDraw = False
144.1744 	EXP 	fixation_3: autoDraw = False
144.1744 	EXP 	target_square_2: pos = array([-0.2,  0. ])
144.1744 	EXP 	grid_lines_2: autoDraw = True
144.1744 	EXP 	target_square_2: autoDraw = True
145.1577 	EXP 	fixation_3: autoDraw = True
145.1744 	EXP 	target_square_2: autoDraw = False
145.1746 	DATA 	Mouse: Left button down, pos=(701,555)
145.5080 	DATA 	Mouse:  Left button up, pos=(701,555)
146.1578 	EXP 	fixation_3: autoDraw = False
146.1603 	EXP 	New trial (rep=0, index=39): {'square': 3, 'location': [0.2, 0.2], 'corrAns': None}
146.1606 	EXP 	window1: mouseVisible = False
146.1744 	EXP 	grid_lines_2: autoDraw = False
146.1744 	EXP 	target_square_2: autoDraw = False
146.1744 	EXP 	fixation_3: autoDraw = False
146.1744 	EXP 	target_square_2: pos = array([0.2, 0.2])
146.1744 	EXP 	grid_lines_2: autoDraw = True
146.1744 	EXP 	target_square_2: autoDraw = True
147.1578 	EXP 	fixation_3: autoDraw = True
147.1744 	EXP 	target_square_2: autoDraw = False
148.1578 	EXP 	fixation_3: autoDraw = False
148.1608 	EXP 	New trial (rep=0, index=40): {'square': 5, 'location': [0, 0], 'corrAns': None}
148.1611 	EXP 	window1: mouseVisible = False
148.1744 	EXP 	grid_lines_2: autoDraw = False
148.1744 	EXP 	target_square_2: autoDraw = False
148.1744 	EXP 	fixation_3: autoDraw = False
148.1744 	EXP 	target_square_2: pos = array([0., 0.])
148.1744 	EXP 	grid_lines_2: autoDraw = True
148.1744 	EXP 	target_square_2: autoDraw = True
149.1578 	EXP 	fixation_3: autoDraw = True
149.1744 	EXP 	target_square_2: autoDraw = False
150.1578 	EXP 	fixation_3: autoDraw = False
150.1603 	EXP 	New trial (rep=0, index=41): {'square': 3, 'location': [0.2, 0.2], 'corrAns': 1}
150.1606 	EXP 	window1: mouseVisible = False
150.1744 	EXP 	grid_lines_2: autoDraw = False
150.1744 	EXP 	target_square_2: autoDraw = False
150.1744 	EXP 	fixation_3: autoDraw = False
150.1744 	EXP 	target_square_2: pos = array([0.2, 0.2])
150.1744 	EXP 	grid_lines_2: autoDraw = True
150.1744 	EXP 	target_square_2: autoDraw = True
150.8582 	DATA 	Mouse: Left button down, pos=(685,555)
151.1413 	DATA 	Mouse:  Left button up, pos=(685,555)
151.1578 	EXP 	fixation_3: autoDraw = True
151.1745 	EXP 	target_square_2: autoDraw = False
152.1578 	EXP 	fixation_3: autoDraw = False
152.1603 	EXP 	New trial (rep=0, index=42): {'square': 1, 'location': [-0.2, 0.2], 'corrAns': None}
152.1606 	EXP 	window1: mouseVisible = False
152.1745 	EXP 	grid_lines_2: autoDraw = False
152.1745 	EXP 	target_square_2: autoDraw = False
152.1745 	EXP 	fixation_3: autoDraw = False
152.1745 	EXP 	target_square_2: pos = array([-0.2,  0.2])
152.1745 	EXP 	grid_lines_2: autoDraw = True
152.1745 	EXP 	target_square_2: autoDraw = True
153.1578 	EXP 	fixation_3: autoDraw = True
153.1745 	EXP 	target_square_2: autoDraw = False
154.1578 	EXP 	fixation_3: autoDraw = False
154.1604 	EXP 	New trial (rep=0, index=43): {'square': 9, 'location': [0.2, -0.2], 'corrAns': None}
154.1607 	EXP 	window1: mouseVisible = False
154.1745 	EXP 	grid_lines_2: autoDraw = False
154.1745 	EXP 	target_square_2: autoDraw = False
154.1745 	EXP 	fixation_3: autoDraw = False
154.1745 	EXP 	target_square_2: pos = array([ 0.2, -0.2])
154.1745 	EXP 	grid_lines_2: autoDraw = True
154.1745 	EXP 	target_square_2: autoDraw = True
155.1578 	EXP 	fixation_3: autoDraw = True
155.1745 	EXP 	target_square_2: autoDraw = False
156.1578 	EXP 	fixation_3: autoDraw = False
156.1603 	EXP 	New trial (rep=0, index=44): {'square': 9, 'location': [0.2, -0.2], 'corrAns': None}
156.1606 	EXP 	window1: mouseVisible = False
156.1745 	EXP 	grid_lines_2: autoDraw = False
156.1745 	EXP 	target_square_2: autoDraw = False
156.1745 	EXP 	fixation_3: autoDraw = False
156.1745 	EXP 	target_square_2: pos = array([ 0.2, -0.2])
156.1745 	EXP 	grid_lines_2: autoDraw = True
156.1745 	EXP 	target_square_2: autoDraw = True
157.1579 	EXP 	fixation_3: autoDraw = True
157.1745 	EXP 	target_square_2: autoDraw = False
158.1579 	EXP 	fixation_3: autoDraw = False
158.1606 	EXP 	New trial (rep=0, index=45): {'square': 8, 'location': [0, -0.2], 'corrAns': None}
158.1609 	EXP 	window1: mouseVisible = False
158.1745 	EXP 	grid_lines_2: autoDraw = False
158.1745 	EXP 	target_square_2: autoDraw = False
158.1745 	EXP 	fixation_3: autoDraw = False
158.1745 	EXP 	target_square_2: pos = array([ 0. , -0.2])
158.1745 	EXP 	grid_lines_2: autoDraw = True
158.1745 	EXP 	target_square_2: autoDraw = True
159.1579 	EXP 	fixation_3: autoDraw = True
159.1745 	EXP 	target_square_2: autoDraw = False
160.1579 	EXP 	fixation_3: autoDraw = False
160.1604 	EXP 	New trial (rep=0, index=46): {'square': 6, 'location': [0.2, 0], 'corrAns': None}
160.1607 	EXP 	window1: mouseVisible = False
160.1745 	EXP 	grid_lines_2: autoDraw = False
160.1745 	EXP 	target_square_2: autoDraw = False
160.1745 	EXP 	fixation_3: autoDraw = False
160.1745 	EXP 	target_square_2: pos = array([0.2, 0. ])
160.1745 	EXP 	grid_lines_2: autoDraw = True
160.1745 	EXP 	target_square_2: autoDraw = True
161.1579 	EXP 	fixation_3: autoDraw = True
161.1745 	EXP 	target_square_2: autoDraw = False
162.1579 	EXP 	fixation_3: autoDraw = False
162.1605 	EXP 	New trial (rep=0, index=47): {'square': 3, 'location': [0.2, 0.2], 'corrAns': None}
162.1607 	EXP 	window1: mouseVisible = False
162.1746 	EXP 	grid_lines_2: autoDraw = False
162.1746 	EXP 	target_square_2: autoDraw = False
162.1746 	EXP 	fixation_3: autoDraw = False
162.1746 	EXP 	target_square_2: pos = array([0.2, 0.2])
162.1746 	EXP 	grid_lines_2: autoDraw = True
162.1746 	EXP 	target_square_2: autoDraw = True
163.1579 	EXP 	fixation_3: autoDraw = True
163.1746 	EXP 	target_square_2: autoDraw = False
164.1579 	EXP 	fixation_3: autoDraw = False
164.1605 	EXP 	New trial (rep=0, index=48): {'square': 6, 'location': [0.2, 0], 'corrAns': 1}
164.1608 	EXP 	window1: mouseVisible = False
164.1746 	EXP 	grid_lines_2: autoDraw = False
164.1746 	EXP 	target_square_2: autoDraw = False
164.1746 	EXP 	fixation_3: autoDraw = False
164.1746 	EXP 	target_square_2: pos = array([0.2, 0. ])
164.1746 	EXP 	grid_lines_2: autoDraw = True
164.1746 	EXP 	target_square_2: autoDraw = True
164.9915 	DATA 	Mouse: Left button down, pos=(682,547)
165.1579 	EXP 	fixation_3: autoDraw = True
165.1746 	EXP 	target_square_2: autoDraw = False
165.3081 	DATA 	Mouse:  Left button up, pos=(682,547)
166.1579 	EXP 	fixation_3: autoDraw = False
166.1605 	EXP 	New trial (rep=0, index=49): {'square': 5, 'location': [0, 0], 'corrAns': None}
166.1607 	EXP 	window1: mouseVisible = False
166.1746 	EXP 	grid_lines_2: autoDraw = False
166.1746 	EXP 	target_square_2: autoDraw = False
166.1746 	EXP 	fixation_3: autoDraw = False
166.1746 	EXP 	target_square_2: pos = array([0., 0.])
166.1746 	EXP 	grid_lines_2: autoDraw = True
166.1746 	EXP 	target_square_2: autoDraw = True
167.1579 	EXP 	fixation_3: autoDraw = True
167.1746 	EXP 	target_square_2: autoDraw = False
168.1579 	EXP 	fixation_3: autoDraw = False
168.1606 	EXP 	New trial (rep=0, index=50): {'square': 7, 'location': [-0.2, -0.2], 'corrAns': None}
168.1609 	EXP 	window1: mouseVisible = False
168.1746 	EXP 	grid_lines_2: autoDraw = False
168.1746 	EXP 	target_square_2: autoDraw = False
168.1746 	EXP 	fixation_3: autoDraw = False
168.1746 	EXP 	target_square_2: pos = array([-0.2, -0.2])
168.1746 	EXP 	grid_lines_2: autoDraw = True
168.1746 	EXP 	target_square_2: autoDraw = True
169.1580 	EXP 	fixation_3: autoDraw = True
169.1746 	EXP 	target_square_2: autoDraw = False
170.1580 	EXP 	fixation_3: autoDraw = False
170.1605 	EXP 	New trial (rep=0, index=51): {'square': 5, 'location': [0, 0], 'corrAns': 1}
170.1608 	EXP 	window1: mouseVisible = False
170.1746 	EXP 	grid_lines_2: autoDraw = False
170.1746 	EXP 	target_square_2: autoDraw = False
170.1746 	EXP 	fixation_3: autoDraw = False
170.1746 	EXP 	target_square_2: pos = array([0., 0.])
170.1746 	EXP 	grid_lines_2: autoDraw = True
170.1746 	EXP 	target_square_2: autoDraw = True
171.0248 	DATA 	Mouse: Left button down, pos=(676,544)
171.1580 	EXP 	fixation_3: autoDraw = True
171.1746 	EXP 	target_square_2: autoDraw = False
171.3081 	DATA 	Mouse:  Left button up, pos=(676,544)
172.1580 	EXP 	fixation_3: autoDraw = False
172.1605 	EXP 	New trial (rep=0, index=52): {'square': 1, 'location': [-0.2, 0.2], 'corrAns': None}
172.1608 	EXP 	window1: mouseVisible = False
172.1747 	EXP 	grid_lines_2: autoDraw = False
172.1747 	EXP 	target_square_2: autoDraw = False
172.1747 	EXP 	fixation_3: autoDraw = False
172.1747 	EXP 	target_square_2: pos = array([-0.2,  0.2])
172.1747 	EXP 	grid_lines_2: autoDraw = True
172.1747 	EXP 	target_square_2: autoDraw = True
173.1580 	EXP 	fixation_3: autoDraw = True
173.1747 	EXP 	target_square_2: autoDraw = False
174.1580 	EXP 	fixation_3: autoDraw = False
174.1607 	EXP 	New trial (rep=0, index=53): {'square': 7, 'location': [-0.2, -0.2], 'corrAns': None}
174.1610 	EXP 	window1: mouseVisible = False
174.1747 	EXP 	grid_lines_2: autoDraw = False
174.1747 	EXP 	target_square_2: autoDraw = False
174.1747 	EXP 	fixation_3: autoDraw = False
174.1747 	EXP 	target_square_2: pos = array([-0.2, -0.2])
174.1747 	EXP 	grid_lines_2: autoDraw = True
174.1747 	EXP 	target_square_2: autoDraw = True
175.1580 	EXP 	fixation_3: autoDraw = True
175.1747 	EXP 	target_square_2: autoDraw = False
176.1580 	EXP 	fixation_3: autoDraw = False
176.1606 	EXP 	New trial (rep=0, index=54): {'square': 9, 'location': [0.2, -0.2], 'corrAns': None}
176.1609 	EXP 	window1: mouseVisible = False
176.1747 	EXP 	grid_lines_2: autoDraw = False
176.1747 	EXP 	target_square_2: autoDraw = False
176.1747 	EXP 	fixation_3: autoDraw = False
176.1747 	EXP 	target_square_2: pos = array([ 0.2, -0.2])
176.1747 	EXP 	grid_lines_2: autoDraw = True
176.1747 	EXP 	target_square_2: autoDraw = True
177.1580 	EXP 	fixation_3: autoDraw = True
177.1747 	EXP 	target_square_2: autoDraw = False
178.1581 	EXP 	fixation_3: autoDraw = False
178.1607 	EXP 	New trial (rep=0, index=55): {'square': 3, 'location': [0.2, 0.2], 'corrAns': None}
178.1610 	EXP 	window1: mouseVisible = False
178.1747 	EXP 	grid_lines_2: autoDraw = False
178.1747 	EXP 	target_square_2: autoDraw = False
178.1747 	EXP 	fixation_3: autoDraw = False
178.1747 	EXP 	target_square_2: pos = array([0.2, 0.2])
178.1747 	EXP 	grid_lines_2: autoDraw = True
178.1747 	EXP 	target_square_2: autoDraw = True
179.1581 	EXP 	fixation_3: autoDraw = True
179.1747 	EXP 	target_square_2: autoDraw = False
180.1581 	EXP 	fixation_3: autoDraw = False
180.1606 	EXP 	New trial (rep=0, index=56): {'square': 9, 'location': [0.2, -0.2], 'corrAns': 1}
180.1609 	EXP 	window1: mouseVisible = False
180.1747 	EXP 	grid_lines_2: autoDraw = False
180.1747 	EXP 	target_square_2: autoDraw = False
180.1747 	EXP 	fixation_3: autoDraw = False
180.1747 	EXP 	target_square_2: pos = array([ 0.2, -0.2])
180.1747 	EXP 	grid_lines_2: autoDraw = True
180.1747 	EXP 	target_square_2: autoDraw = True
181.0249 	DATA 	Mouse: Left button down, pos=(667,546)
181.1581 	EXP 	fixation_3: autoDraw = True
181.1747 	EXP 	target_square_2: autoDraw = False
181.3416 	DATA 	Mouse:  Left button up, pos=(667,546)
182.1581 	EXP 	fixation_3: autoDraw = False
182.1606 	EXP 	New trial (rep=0, index=57): {'square': 6, 'location': [0.2, 0], 'corrAns': None}
182.1609 	EXP 	window1: mouseVisible = False
182.1747 	EXP 	grid_lines_2: autoDraw = False
182.1747 	EXP 	target_square_2: autoDraw = False
182.1747 	EXP 	fixation_3: autoDraw = False
182.1747 	EXP 	target_square_2: pos = array([0.2, 0. ])
182.1747 	EXP 	grid_lines_2: autoDraw = True
182.1747 	EXP 	target_square_2: autoDraw = True
183.1581 	EXP 	fixation_3: autoDraw = True
183.1747 	EXP 	target_square_2: autoDraw = False
184.1581 	EXP 	fixation_3: autoDraw = False
184.1610 	EXP 	New trial (rep=0, index=58): {'square': 2, 'location': [0, 0.2], 'corrAns': None}
184.1613 	EXP 	window1: mouseVisible = False
184.1748 	EXP 	grid_lines_2: autoDraw = False
184.1748 	EXP 	target_square_2: autoDraw = False
184.1748 	EXP 	fixation_3: autoDraw = False
184.1748 	EXP 	target_square_2: pos = array([0. , 0.2])
184.1748 	EXP 	grid_lines_2: autoDraw = True
184.1748 	EXP 	target_square_2: autoDraw = True
185.1581 	EXP 	fixation_3: autoDraw = True
185.1748 	EXP 	target_square_2: autoDraw = False
186.1581 	EXP 	fixation_3: autoDraw = False
186.1606 	EXP 	New trial (rep=0, index=59): {'square': 5, 'location': [0, 0], 'corrAns': None}
186.1609 	EXP 	window1: mouseVisible = False
186.1748 	EXP 	grid_lines_2: autoDraw = False
186.1748 	EXP 	target_square_2: autoDraw = False
186.1748 	EXP 	fixation_3: autoDraw = False
186.1748 	EXP 	target_square_2: pos = array([0., 0.])
186.1748 	EXP 	grid_lines_2: autoDraw = True
186.1748 	EXP 	target_square_2: autoDraw = True
187.1581 	EXP 	fixation_3: autoDraw = True
187.1748 	EXP 	target_square_2: autoDraw = False
188.1581 	EXP 	fixation_3: autoDraw = False
188.1608 	EXP 	New trial (rep=0, index=60): {'square': 5, 'location': [0, 0], 'corrAns': None}
188.1610 	EXP 	window1: mouseVisible = False
188.1748 	EXP 	grid_lines_2: autoDraw = False
188.1748 	EXP 	target_square_2: autoDraw = False
188.1748 	EXP 	fixation_3: autoDraw = False
188.1748 	EXP 	target_square_2: pos = array([0., 0.])
188.1748 	EXP 	grid_lines_2: autoDraw = True
188.1748 	EXP 	target_square_2: autoDraw = True
189.1582 	EXP 	fixation_3: autoDraw = True
189.1748 	EXP 	target_square_2: autoDraw = False
190.1582 	EXP 	fixation_3: autoDraw = False
190.1608 	EXP 	New trial (rep=0, index=61): {'square': 2, 'location': [0, 0.2], 'corrAns': None}
190.1611 	EXP 	window1: mouseVisible = False
190.1748 	EXP 	grid_lines_2: autoDraw = False
190.1748 	EXP 	target_square_2: autoDraw = False
190.1748 	EXP 	fixation_3: autoDraw = False
190.1748 	EXP 	target_square_2: pos = array([0. , 0.2])
190.1748 	EXP 	grid_lines_2: autoDraw = True
190.1748 	EXP 	target_square_2: autoDraw = True
191.1582 	EXP 	fixation_3: autoDraw = True
191.1748 	EXP 	target_square_2: autoDraw = False
192.1582 	EXP 	fixation_3: autoDraw = False
192.1609 	EXP 	New trial (rep=0, index=62): {'square': 6, 'location': [0.2, 0], 'corrAns': None}
192.1612 	EXP 	window1: mouseVisible = False
192.1748 	EXP 	grid_lines_2: autoDraw = False
192.1748 	EXP 	target_square_2: autoDraw = False
192.1748 	EXP 	fixation_3: autoDraw = False
192.1748 	EXP 	target_square_2: pos = array([0.2, 0. ])
192.1748 	EXP 	grid_lines_2: autoDraw = True
192.1748 	EXP 	target_square_2: autoDraw = True
193.1582 	EXP 	fixation_3: autoDraw = True
193.1748 	EXP 	target_square_2: autoDraw = False
194.1582 	EXP 	fixation_3: autoDraw = False
194.1607 	EXP 	New trial (rep=0, index=63): {'square': 9, 'location': [0.2, -0.2], 'corrAns': None}
194.1610 	EXP 	window1: mouseVisible = False
194.1749 	EXP 	grid_lines_2: autoDraw = False
194.1749 	EXP 	target_square_2: autoDraw = False
194.1749 	EXP 	fixation_3: autoDraw = False
194.1749 	EXP 	target_square_2: pos = array([ 0.2, -0.2])
194.1749 	EXP 	grid_lines_2: autoDraw = True
194.1749 	EXP 	target_square_2: autoDraw = True
195.1582 	EXP 	fixation_3: autoDraw = True
195.1749 	EXP 	target_square_2: autoDraw = False
196.1582 	EXP 	fixation_3: autoDraw = False
196.1608 	EXP 	New trial (rep=0, index=64): {'square': 3, 'location': [0.2, 0.2], 'corrAns': None}
196.1610 	EXP 	window1: mouseVisible = False
196.1749 	EXP 	grid_lines_2: autoDraw = False
196.1749 	EXP 	target_square_2: autoDraw = False
196.1749 	EXP 	fixation_3: autoDraw = False
196.1749 	EXP 	target_square_2: pos = array([0.2, 0.2])
196.1749 	EXP 	grid_lines_2: autoDraw = True
196.1749 	EXP 	target_square_2: autoDraw = True
197.1582 	EXP 	fixation_3: autoDraw = True
197.1749 	EXP 	target_square_2: autoDraw = False
198.1582 	EXP 	fixation_3: autoDraw = False
198.1608 	EXP 	New trial (rep=0, index=65): {'square': 9, 'location': [0.2, -0.2], 'corrAns': 1}
198.1612 	EXP 	window1: mouseVisible = False
198.1749 	EXP 	grid_lines_2: autoDraw = False
198.1749 	EXP 	target_square_2: autoDraw = False
198.1749 	EXP 	fixation_3: autoDraw = False
198.1749 	EXP 	target_square_2: pos = array([ 0.2, -0.2])
198.1749 	EXP 	grid_lines_2: autoDraw = True
198.1749 	EXP 	target_square_2: autoDraw = True
198.8251 	DATA 	Mouse: Left button down, pos=(667,546)
199.1084 	DATA 	Mouse:  Left button up, pos=(667,546)
199.1582 	EXP 	fixation_3: autoDraw = True
199.1749 	EXP 	target_square_2: autoDraw = False
200.1582 	EXP 	fixation_3: autoDraw = False
200.1608 	EXP 	New trial (rep=0, index=66): {'square': 7, 'location': [-0.2, -0.2], 'corrAns': None}
200.1611 	EXP 	window1: mouseVisible = False
200.1749 	EXP 	grid_lines_2: autoDraw = False
200.1749 	EXP 	target_square_2: autoDraw = False
200.1749 	EXP 	fixation_3: autoDraw = False
200.1749 	EXP 	target_square_2: pos = array([-0.2, -0.2])
200.1749 	EXP 	grid_lines_2: autoDraw = True
200.1749 	EXP 	target_square_2: autoDraw = True
201.1582 	EXP 	fixation_3: autoDraw = True
201.1749 	EXP 	target_square_2: autoDraw = False
202.1583 	EXP 	fixation_3: autoDraw = False
202.1612 	EXP 	New trial (rep=0, index=67): {'square': 1, 'location': [-0.2, 0.2], 'corrAns': None}
202.1615 	EXP 	window1: mouseVisible = False
202.1749 	EXP 	grid_lines_2: autoDraw = False
202.1749 	EXP 	target_square_2: autoDraw = False
202.1749 	EXP 	fixation_3: autoDraw = False
202.1749 	EXP 	target_square_2: pos = array([-0.2,  0.2])
202.1749 	EXP 	grid_lines_2: autoDraw = True
202.1749 	EXP 	target_square_2: autoDraw = True
203.1583 	EXP 	fixation_3: autoDraw = True
203.1749 	EXP 	target_square_2: autoDraw = False
204.1583 	EXP 	fixation_3: autoDraw = False
204.1610 	EXP 	New trial (rep=0, index=68): {'square': 5, 'location': [0, 0], 'corrAns': None}
204.1613 	EXP 	window1: mouseVisible = False
204.1750 	EXP 	grid_lines_2: autoDraw = False
204.1750 	EXP 	target_square_2: autoDraw = False
204.1750 	EXP 	fixation_3: autoDraw = False
204.1750 	EXP 	target_square_2: pos = array([0., 0.])
204.1750 	EXP 	grid_lines_2: autoDraw = True
204.1750 	EXP 	target_square_2: autoDraw = True
205.1583 	EXP 	fixation_3: autoDraw = True
205.1750 	EXP 	target_square_2: autoDraw = False
206.1583 	EXP 	fixation_3: autoDraw = False
206.1609 	EXP 	New trial (rep=0, index=69): {'square': 7, 'location': [-0.2, -0.2], 'corrAns': None}
206.1612 	EXP 	window1: mouseVisible = False
206.1750 	EXP 	grid_lines_2: autoDraw = False
206.1750 	EXP 	target_square_2: autoDraw = False
206.1750 	EXP 	fixation_3: autoDraw = False
206.1750 	EXP 	target_square_2: pos = array([-0.2, -0.2])
206.1750 	EXP 	grid_lines_2: autoDraw = True
206.1750 	EXP 	target_square_2: autoDraw = True
207.1583 	EXP 	fixation_3: autoDraw = True
207.1750 	EXP 	target_square_2: autoDraw = False
208.1583 	EXP 	fixation_3: autoDraw = False
208.1610 	EXP 	New trial (rep=0, index=70): {'square': 5, 'location': [0, 0], 'corrAns': 1}
208.1612 	EXP 	window1: mouseVisible = False
208.1750 	EXP 	grid_lines_2: autoDraw = False
208.1750 	EXP 	target_square_2: autoDraw = False
208.1750 	EXP 	fixation_3: autoDraw = False
208.1750 	EXP 	target_square_2: pos = array([0., 0.])
208.1750 	EXP 	grid_lines_2: autoDraw = True
208.1750 	EXP 	target_square_2: autoDraw = True
209.1583 	EXP 	fixation_3: autoDraw = True
209.1750 	EXP 	target_square_2: autoDraw = False
210.1583 	EXP 	fixation_3: autoDraw = False
210.1609 	EXP 	New trial (rep=0, index=71): {'square': 6, 'location': [0.2, 0], 'corrAns': None}
210.1611 	EXP 	window1: mouseVisible = False
210.1750 	EXP 	grid_lines_2: autoDraw = False
210.1750 	EXP 	target_square_2: autoDraw = False
210.1750 	EXP 	fixation_3: autoDraw = False
210.1750 	EXP 	target_square_2: pos = array([0.2, 0. ])
210.1750 	EXP 	grid_lines_2: autoDraw = True
210.1750 	EXP 	target_square_2: autoDraw = True
211.1583 	EXP 	fixation_3: autoDraw = True
211.1750 	EXP 	target_square_2: autoDraw = False
212.1583 	EXP 	fixation_3: autoDraw = False
212.1608 	EXP 	New trial (rep=0, index=72): {'square': 3, 'location': [0.2, 0.2], 'corrAns': None}
212.1611 	EXP 	window1: mouseVisible = False
212.1750 	EXP 	grid_lines_2: autoDraw = False
212.1750 	EXP 	target_square_2: autoDraw = False
212.1750 	EXP 	fixation_3: autoDraw = False
212.1750 	EXP 	target_square_2: pos = array([0.2, 0.2])
212.1750 	EXP 	grid_lines_2: autoDraw = True
212.1750 	EXP 	target_square_2: autoDraw = True
213.1584 	EXP 	fixation_3: autoDraw = True
213.1750 	EXP 	target_square_2: autoDraw = False
214.1584 	EXP 	fixation_3: autoDraw = False
214.1610 	EXP 	New trial (rep=0, index=73): {'square': 6, 'location': [0.2, 0], 'corrAns': 1}
214.1612 	EXP 	window1: mouseVisible = False
214.1750 	EXP 	grid_lines_2: autoDraw = False
214.1750 	EXP 	target_square_2: autoDraw = False
214.1750 	EXP 	fixation_3: autoDraw = False
214.1750 	EXP 	target_square_2: pos = array([0.2, 0. ])
214.1750 	EXP 	grid_lines_2: autoDraw = True
214.1750 	EXP 	target_square_2: autoDraw = True
214.6253 	DATA 	Mouse: Left button down, pos=(667,546)
214.9086 	DATA 	Mouse:  Left button up, pos=(667,546)
215.1584 	EXP 	fixation_3: autoDraw = True
215.1751 	EXP 	target_square_2: autoDraw = False
216.1584 	EXP 	fixation_3: autoDraw = False
216.1613 	EXP 	New trial (rep=0, index=74): {'square': 8, 'location': [0, -0.2], 'corrAns': None}
216.1616 	EXP 	window1: mouseVisible = False
216.1751 	EXP 	grid_lines_2: autoDraw = False
216.1751 	EXP 	target_square_2: autoDraw = False
216.1751 	EXP 	fixation_3: autoDraw = False
216.1751 	EXP 	target_square_2: pos = array([ 0. , -0.2])
216.1751 	EXP 	grid_lines_2: autoDraw = True
216.1751 	EXP 	target_square_2: autoDraw = True
217.1584 	EXP 	fixation_3: autoDraw = True
217.1751 	EXP 	target_square_2: autoDraw = False
218.1584 	EXP 	fixation_3: autoDraw = False
218.1611 	EXP 	New trial (rep=0, index=75): {'square': 9, 'location': [0.2, -0.2], 'corrAns': None}
218.1614 	EXP 	window1: mouseVisible = False
218.1751 	EXP 	grid_lines_2: autoDraw = False
218.1751 	EXP 	target_square_2: autoDraw = False
218.1751 	EXP 	fixation_3: autoDraw = False
218.1751 	EXP 	target_square_2: pos = array([ 0.2, -0.2])
218.1751 	EXP 	grid_lines_2: autoDraw = True
218.1751 	EXP 	target_square_2: autoDraw = True
219.1583 	EXP 	fixation_3: autoDraw = True
219.1751 	EXP 	target_square_2: autoDraw = False
220.1584 	EXP 	fixation_3: autoDraw = False
220.1610 	EXP 	New trial (rep=0, index=76): {'square': 9, 'location': [0.2, -0.2], 'corrAns': None}
220.1613 	EXP 	window1: mouseVisible = False
220.1751 	EXP 	grid_lines_2: autoDraw = False
220.1751 	EXP 	target_square_2: autoDraw = False
220.1751 	EXP 	fixation_3: autoDraw = False
220.1751 	EXP 	target_square_2: pos = array([ 0.2, -0.2])
220.1751 	EXP 	grid_lines_2: autoDraw = True
220.1751 	EXP 	target_square_2: autoDraw = True
221.1584 	EXP 	fixation_3: autoDraw = True
221.1751 	EXP 	target_square_2: autoDraw = False
222.1584 	EXP 	fixation_3: autoDraw = False
222.1610 	EXP 	New trial (rep=0, index=77): {'square': 1, 'location': [-0.2, 0.2], 'corrAns': None}
222.1613 	EXP 	window1: mouseVisible = False
222.1751 	EXP 	grid_lines_2: autoDraw = False
222.1751 	EXP 	target_square_2: autoDraw = False
222.1751 	EXP 	fixation_3: autoDraw = False
222.1751 	EXP 	target_square_2: pos = array([-0.2,  0.2])
222.1751 	EXP 	grid_lines_2: autoDraw = True
222.1751 	EXP 	target_square_2: autoDraw = True
223.1584 	EXP 	fixation_3: autoDraw = True
223.1751 	EXP 	target_square_2: autoDraw = False
224.1585 	EXP 	fixation_3: autoDraw = False
224.1611 	EXP 	New trial (rep=0, index=78): {'square': 3, 'location': [0.2, 0.2], 'corrAns': None}
224.1614 	EXP 	window1: mouseVisible = False
224.1751 	EXP 	grid_lines_2: autoDraw = False
224.1751 	EXP 	target_square_2: autoDraw = False
224.1751 	EXP 	fixation_3: autoDraw = False
224.1751 	EXP 	target_square_2: pos = array([0.2, 0.2])
224.1751 	EXP 	grid_lines_2: autoDraw = True
224.1751 	EXP 	target_square_2: autoDraw = True
225.1585 	EXP 	fixation_3: autoDraw = True
225.1751 	EXP 	target_square_2: autoDraw = False
226.1585 	EXP 	fixation_3: autoDraw = False
226.1610 	EXP 	New trial (rep=0, index=79): {'square': 5, 'location': [0, 0], 'corrAns': None}
226.1613 	EXP 	window1: mouseVisible = False
226.1752 	EXP 	grid_lines_2: autoDraw = False
226.1752 	EXP 	target_square_2: autoDraw = False
226.1752 	EXP 	fixation_3: autoDraw = False
226.1752 	EXP 	target_square_2: pos = array([0., 0.])
226.1752 	EXP 	grid_lines_2: autoDraw = True
226.1752 	EXP 	target_square_2: autoDraw = True
227.1585 	EXP 	fixation_3: autoDraw = True
227.1752 	EXP 	target_square_2: autoDraw = False
228.1585 	EXP 	fixation_3: autoDraw = False
228.1611 	EXP 	New trial (rep=0, index=80): {'square': 3, 'location': [0.2, 0.2], 'corrAns': 1}
228.1616 	EXP 	window1: mouseVisible = False
228.1752 	EXP 	grid_lines_2: autoDraw = False
228.1752 	EXP 	target_square_2: autoDraw = False
228.1752 	EXP 	fixation_3: autoDraw = False
228.1752 	EXP 	target_square_2: pos = array([0.2, 0.2])
228.1752 	EXP 	grid_lines_2: autoDraw = True
228.1752 	EXP 	target_square_2: autoDraw = True
228.9421 	DATA 	Mouse: Left button down, pos=(667,546)
229.1585 	EXP 	fixation_3: autoDraw = True
229.1752 	EXP 	target_square_2: autoDraw = False
229.2254 	DATA 	Mouse:  Left button up, pos=(667,546)
230.1585 	EXP 	fixation_3: autoDraw = False
230.1612 	EXP 	New trial (rep=0, index=81): {'square': 4, 'location': [-0.2, 0], 'corrAns': None}
230.1614 	EXP 	window1: mouseVisible = False
230.1752 	EXP 	grid_lines_2: autoDraw = False
230.1752 	EXP 	target_square_2: autoDraw = False
230.1752 	EXP 	fixation_3: autoDraw = False
230.1752 	EXP 	target_square_2: pos = array([-0.2,  0. ])
230.1752 	EXP 	grid_lines_2: autoDraw = True
230.1752 	EXP 	target_square_2: autoDraw = True
231.1585 	EXP 	fixation_3: autoDraw = True
231.1752 	EXP 	target_square_2: autoDraw = False
232.1585 	EXP 	fixation_3: autoDraw = False
232.1612 	EXP 	New trial (rep=0, index=82): {'square': 7, 'location': [-0.2, -0.2], 'corrAns': None}
232.1615 	EXP 	window1: mouseVisible = False
232.1752 	EXP 	grid_lines_2: autoDraw = False
232.1752 	EXP 	target_square_2: autoDraw = False
232.1752 	EXP 	fixation_3: autoDraw = False
232.1752 	EXP 	target_square_2: pos = array([-0.2, -0.2])
232.1752 	EXP 	grid_lines_2: autoDraw = True
232.1752 	EXP 	target_square_2: autoDraw = True
233.1585 	EXP 	fixation_3: autoDraw = True
233.1752 	EXP 	target_square_2: autoDraw = False
234.1585 	EXP 	fixation_3: autoDraw = False
234.1613 	EXP 	New trial (rep=0, index=83): {'square': 4, 'location': [-0.2, 0], 'corrAns': 1}
234.1616 	EXP 	window1: mouseVisible = False
234.1752 	EXP 	grid_lines_2: autoDraw = False
234.1752 	EXP 	target_square_2: autoDraw = False
234.1752 	EXP 	fixation_3: autoDraw = False
234.1752 	EXP 	target_square_2: pos = array([-0.2,  0. ])
234.1752 	EXP 	grid_lines_2: autoDraw = True
234.1752 	EXP 	target_square_2: autoDraw = True
234.7088 	DATA 	Mouse: Left button down, pos=(667,546)
234.9754 	DATA 	Mouse:  Left button up, pos=(667,546)
235.1586 	EXP 	fixation_3: autoDraw = True
235.1752 	EXP 	target_square_2: autoDraw = False
236.1586 	EXP 	fixation_3: autoDraw = False
236.1612 	EXP 	New trial (rep=0, index=84): {'square': 4, 'location': [-0.2, 0], 'corrAns': None}
236.1615 	EXP 	window1: mouseVisible = False
236.1753 	EXP 	grid_lines_2: autoDraw = False
236.1753 	EXP 	target_square_2: autoDraw = False
236.1753 	EXP 	fixation_3: autoDraw = False
236.1753 	EXP 	target_square_2: pos = array([-0.2,  0. ])
236.1753 	EXP 	grid_lines_2: autoDraw = True
236.1753 	EXP 	target_square_2: autoDraw = True
237.1586 	EXP 	fixation_3: autoDraw = True
237.1753 	EXP 	target_square_2: autoDraw = False
238.1586 	EXP 	fixation_3: autoDraw = False
238.1613 	EXP 	New trial (rep=0, index=85): {'square': 5, 'location': [0, 0], 'corrAns': None}
238.1616 	EXP 	window1: mouseVisible = False
238.1753 	EXP 	grid_lines_2: autoDraw = False
238.1753 	EXP 	target_square_2: autoDraw = False
238.1753 	EXP 	fixation_3: autoDraw = False
238.1753 	EXP 	target_square_2: pos = array([0., 0.])
238.1753 	EXP 	grid_lines_2: autoDraw = True
238.1753 	EXP 	target_square_2: autoDraw = True
239.1586 	EXP 	fixation_3: autoDraw = True
239.1752 	EXP 	target_square_2: autoDraw = False
240.1586 	EXP 	fixation_3: autoDraw = False
240.1612 	EXP 	New trial (rep=0, index=86): {'square': 2, 'location': [0, 0.2], 'corrAns': None}
240.1615 	EXP 	window1: mouseVisible = False
240.1753 	EXP 	grid_lines_2: autoDraw = False
240.1753 	EXP 	target_square_2: autoDraw = False
240.1753 	EXP 	fixation_3: autoDraw = False
240.1753 	EXP 	target_square_2: pos = array([0. , 0.2])
240.1753 	EXP 	grid_lines_2: autoDraw = True
240.1753 	EXP 	target_square_2: autoDraw = True
241.1586 	EXP 	fixation_3: autoDraw = True
241.1753 	EXP 	target_square_2: autoDraw = False
242.1586 	EXP 	fixation_3: autoDraw = False
242.1612 	EXP 	New trial (rep=0, index=87): {'square': 6, 'location': [0.2, 0], 'corrAns': None}
242.1615 	EXP 	window1: mouseVisible = False
242.1753 	EXP 	grid_lines_2: autoDraw = False
242.1753 	EXP 	target_square_2: autoDraw = False
242.1753 	EXP 	fixation_3: autoDraw = False
242.1753 	EXP 	target_square_2: pos = array([0.2, 0. ])
242.1753 	EXP 	grid_lines_2: autoDraw = True
242.1753 	EXP 	target_square_2: autoDraw = True
243.1586 	EXP 	fixation_3: autoDraw = True
243.1753 	EXP 	target_square_2: autoDraw = False
244.1586 	EXP 	fixation_3: autoDraw = False
244.1612 	EXP 	New trial (rep=0, index=88): {'square': 7, 'location': [-0.2, -0.2], 'corrAns': None}
244.1615 	EXP 	window1: mouseVisible = False
244.1753 	EXP 	grid_lines_2: autoDraw = False
244.1753 	EXP 	target_square_2: autoDraw = False
244.1753 	EXP 	fixation_3: autoDraw = False
244.1753 	EXP 	target_square_2: pos = array([-0.2, -0.2])
244.1753 	EXP 	grid_lines_2: autoDraw = True
244.1753 	EXP 	target_square_2: autoDraw = True
245.1587 	EXP 	fixation_3: autoDraw = True
245.1753 	EXP 	target_square_2: autoDraw = False
246.1587 	EXP 	fixation_3: autoDraw = False
246.1615 	EXP 	New trial (rep=0, index=89): {'square': 6, 'location': [0.2, 0], 'corrAns': 1}
246.1618 	EXP 	window1: mouseVisible = False
246.1753 	EXP 	grid_lines_2: autoDraw = False
246.1753 	EXP 	target_square_2: autoDraw = False
246.1753 	EXP 	fixation_3: autoDraw = False
246.1753 	EXP 	target_square_2: pos = array([0.2, 0. ])
246.1753 	EXP 	grid_lines_2: autoDraw = True
246.1753 	EXP 	target_square_2: autoDraw = True
247.0589 	DATA 	Mouse: Left button down, pos=(667,546)
247.1587 	EXP 	fixation_3: autoDraw = True
247.1753 	EXP 	target_square_2: autoDraw = False
247.3089 	DATA 	Mouse:  Left button up, pos=(667,546)
248.1587 	EXP 	fixation_3: autoDraw = False
248.1614 	EXP 	New trial (rep=0, index=90): {'square': 6, 'location': [0.2, 0], 'corrAns': None}
248.1617 	EXP 	window1: mouseVisible = False
248.1753 	EXP 	grid_lines_2: autoDraw = False
248.1753 	EXP 	target_square_2: autoDraw = False
248.1753 	EXP 	fixation_3: autoDraw = False
248.1753 	EXP 	target_square_2: pos = array([0.2, 0. ])
248.1753 	EXP 	grid_lines_2: autoDraw = True
248.1753 	EXP 	target_square_2: autoDraw = True
249.1587 	EXP 	fixation_3: autoDraw = True
249.1753 	EXP 	target_square_2: autoDraw = False
250.1587 	EXP 	fixation_3: autoDraw = False
250.1613 	EXP 	New trial (rep=0, index=91): {'square': 7, 'location': [-0.2, -0.2], 'corrAns': None}
250.1616 	EXP 	window1: mouseVisible = False
250.1754 	EXP 	grid_lines_2: autoDraw = False
250.1754 	EXP 	target_square_2: autoDraw = False
250.1754 	EXP 	fixation_3: autoDraw = False
250.1754 	EXP 	target_square_2: pos = array([-0.2, -0.2])
250.1754 	EXP 	grid_lines_2: autoDraw = True
250.1754 	EXP 	target_square_2: autoDraw = True
251.1587 	EXP 	fixation_3: autoDraw = True
251.1754 	EXP 	target_square_2: autoDraw = False
252.1587 	EXP 	fixation_3: autoDraw = False
252.1616 	EXP 	New trial (rep=0, index=92): {'square': 6, 'location': [0.2, 0], 'corrAns': 1}
252.1619 	EXP 	window1: mouseVisible = False
252.1754 	EXP 	grid_lines_2: autoDraw = False
252.1754 	EXP 	target_square_2: autoDraw = False
252.1754 	EXP 	fixation_3: autoDraw = False
252.1754 	EXP 	target_square_2: pos = array([0.2, 0. ])
252.1754 	EXP 	grid_lines_2: autoDraw = True
252.1754 	EXP 	target_square_2: autoDraw = True
253.1587 	EXP 	fixation_3: autoDraw = True
253.1754 	EXP 	target_square_2: autoDraw = False
254.1588 	EXP 	fixation_3: autoDraw = False
254.1616 	EXP 	New trial (rep=0, index=93): {'square': 2, 'location': [0, 0.2], 'corrAns': None}
254.1619 	EXP 	window1: mouseVisible = False
254.1754 	EXP 	grid_lines_2: autoDraw = False
254.1754 	EXP 	target_square_2: autoDraw = False
254.1754 	EXP 	fixation_3: autoDraw = False
254.1754 	EXP 	target_square_2: pos = array([0. , 0.2])
254.1754 	EXP 	grid_lines_2: autoDraw = True
254.1754 	EXP 	target_square_2: autoDraw = True
255.1587 	EXP 	fixation_3: autoDraw = True
255.1754 	EXP 	target_square_2: autoDraw = False
256.1587 	EXP 	fixation_3: autoDraw = False
256.1614 	EXP 	New trial (rep=0, index=94): {'square': 5, 'location': [0, 0], 'corrAns': None}
256.1616 	EXP 	window1: mouseVisible = False
256.1754 	EXP 	grid_lines_2: autoDraw = False
256.1754 	EXP 	target_square_2: autoDraw = False
256.1754 	EXP 	fixation_3: autoDraw = False
256.1754 	EXP 	target_square_2: pos = array([0., 0.])
256.1754 	EXP 	grid_lines_2: autoDraw = True
256.1754 	EXP 	target_square_2: autoDraw = True
257.1588 	EXP 	fixation_3: autoDraw = True
257.1754 	EXP 	target_square_2: autoDraw = False
258.1588 	EXP 	fixation_3: autoDraw = False
258.1617 	EXP 	New trial (rep=0, index=95): {'square': 4, 'location': [-0.2, 0], 'corrAns': None}
258.1621 	EXP 	window1: mouseVisible = False
258.1754 	EXP 	grid_lines_2: autoDraw = False
258.1754 	EXP 	target_square_2: autoDraw = False
258.1754 	EXP 	fixation_3: autoDraw = False
258.1754 	EXP 	target_square_2: pos = array([-0.2,  0. ])
258.1754 	EXP 	grid_lines_2: autoDraw = True
258.1754 	EXP 	target_square_2: autoDraw = True
259.1588 	EXP 	fixation_3: autoDraw = True
259.1754 	EXP 	target_square_2: autoDraw = False
260.1588 	EXP 	fixation_3: autoDraw = False
260.1616 	EXP 	New trial (rep=0, index=96): {'square': 4, 'location': [-0.2, 0], 'corrAns': None}
260.1619 	EXP 	window1: mouseVisible = False
260.1754 	EXP 	grid_lines_2: autoDraw = False
260.1754 	EXP 	target_square_2: autoDraw = False
260.1754 	EXP 	fixation_3: autoDraw = False
260.1754 	EXP 	target_square_2: pos = array([-0.2,  0. ])
260.1754 	EXP 	grid_lines_2: autoDraw = True
260.1754 	EXP 	target_square_2: autoDraw = True
261.1588 	EXP 	fixation_3: autoDraw = True
261.1755 	EXP 	target_square_2: autoDraw = False
262.1588 	EXP 	fixation_3: autoDraw = False
262.1617 	EXP 	New trial (rep=0, index=97): {'square': 7, 'location': [-0.2, -0.2], 'corrAns': None}
262.1620 	EXP 	window1: mouseVisible = False
262.1755 	EXP 	grid_lines_2: autoDraw = False
262.1755 	EXP 	target_square_2: autoDraw = False
262.1755 	EXP 	fixation_3: autoDraw = False
262.1755 	EXP 	target_square_2: pos = array([-0.2, -0.2])
262.1755 	EXP 	grid_lines_2: autoDraw = True
262.1755 	EXP 	target_square_2: autoDraw = True
263.1588 	EXP 	fixation_3: autoDraw = True
263.1755 	EXP 	target_square_2: autoDraw = False
264.1589 	EXP 	fixation_3: autoDraw = False
264.1615 	EXP 	New trial (rep=0, index=98): {'square': 4, 'location': [-0.2, 0], 'corrAns': 1}
264.1618 	EXP 	window1: mouseVisible = False
264.1755 	EXP 	grid_lines_2: autoDraw = False
264.1755 	EXP 	target_square_2: autoDraw = False
264.1755 	EXP 	fixation_3: autoDraw = False
264.1755 	EXP 	target_square_2: pos = array([-0.2,  0. ])
264.1755 	EXP 	grid_lines_2: autoDraw = True
264.1755 	EXP 	target_square_2: autoDraw = True
264.7591 	DATA 	Mouse: Left button down, pos=(667,546)
265.0590 	DATA 	Mouse:  Left button up, pos=(667,546)
265.1588 	EXP 	fixation_3: autoDraw = True
265.1755 	EXP 	target_square_2: autoDraw = False
266.1588 	EXP 	fixation_3: autoDraw = False
266.1615 	EXP 	New trial (rep=0, index=99): {'square': 3, 'location': [0.2, 0.2], 'corrAns': None}
266.1618 	EXP 	window1: mouseVisible = False
266.1755 	EXP 	grid_lines_2: autoDraw = False
266.1755 	EXP 	target_square_2: autoDraw = False
266.1755 	EXP 	fixation_3: autoDraw = False
266.1755 	EXP 	target_square_2: pos = array([0.2, 0.2])
266.1755 	EXP 	grid_lines_2: autoDraw = True
266.1755 	EXP 	target_square_2: autoDraw = True
267.1589 	EXP 	fixation_3: autoDraw = True
267.1755 	EXP 	target_square_2: autoDraw = False
268.1589 	EXP 	fixation_3: autoDraw = False
268.1615 	EXP 	New trial (rep=0, index=100): {'square': 5, 'location': [0, 0], 'corrAns': None}
268.1618 	EXP 	window1: mouseVisible = False
268.1755 	EXP 	grid_lines_2: autoDraw = False
268.1755 	EXP 	target_square_2: autoDraw = False
268.1755 	EXP 	fixation_3: autoDraw = False
268.1755 	EXP 	target_square_2: pos = array([0., 0.])
268.1755 	EXP 	grid_lines_2: autoDraw = True
268.1755 	EXP 	target_square_2: autoDraw = True
269.1589 	EXP 	fixation_3: autoDraw = True
269.1755 	EXP 	target_square_2: autoDraw = False
270.1589 	EXP 	fixation_3: autoDraw = False
270.1615 	EXP 	New trial (rep=0, index=101): {'square': 3, 'location': [0.2, 0.2], 'corrAns': 1}
270.1618 	EXP 	window1: mouseVisible = False
270.1755 	EXP 	grid_lines_2: autoDraw = False
270.1755 	EXP 	target_square_2: autoDraw = False
270.1755 	EXP 	fixation_3: autoDraw = False
270.1755 	EXP 	target_square_2: pos = array([0.2, 0.2])
270.1755 	EXP 	grid_lines_2: autoDraw = True
270.1755 	EXP 	target_square_2: autoDraw = True
270.8758 	DATA 	Mouse: Left button down, pos=(667,546)
271.1589 	EXP 	fixation_3: autoDraw = True
271.1755 	EXP 	target_square_2: autoDraw = False
271.1924 	DATA 	Mouse:  Left button up, pos=(667,546)
272.1589 	EXP 	fixation_3: autoDraw = False
272.1615 	EXP 	New trial (rep=0, index=102): {'square': 1, 'location': [-0.2, 0.2], 'corrAns': None}
272.1618 	EXP 	window1: mouseVisible = False
272.1756 	EXP 	grid_lines_2: autoDraw = False
272.1756 	EXP 	target_square_2: autoDraw = False
272.1756 	EXP 	fixation_3: autoDraw = False
272.1756 	EXP 	target_square_2: pos = array([-0.2,  0.2])
272.1756 	EXP 	grid_lines_2: autoDraw = True
272.1756 	EXP 	target_square_2: autoDraw = True
273.1589 	EXP 	fixation_3: autoDraw = True
273.1756 	EXP 	target_square_2: autoDraw = False
274.1589 	EXP 	fixation_3: autoDraw = False
274.1615 	EXP 	New trial (rep=0, index=103): {'square': 9, 'location': [0.2, -0.2], 'corrAns': None}
274.1618 	EXP 	window1: mouseVisible = False
274.1756 	EXP 	grid_lines_2: autoDraw = False
274.1756 	EXP 	target_square_2: autoDraw = False
274.1756 	EXP 	fixation_3: autoDraw = False
274.1756 	EXP 	target_square_2: pos = array([ 0.2, -0.2])
274.1756 	EXP 	grid_lines_2: autoDraw = True
274.1756 	EXP 	target_square_2: autoDraw = True
275.1589 	EXP 	fixation_3: autoDraw = True
275.1756 	EXP 	target_square_2: autoDraw = False
276.1589 	EXP 	fixation_3: autoDraw = False
276.1615 	EXP 	New trial (rep=0, index=104): {'square': 9, 'location': [0.2, -0.2], 'corrAns': None}
276.1618 	EXP 	window1: mouseVisible = False
276.1756 	EXP 	grid_lines_2: autoDraw = False
276.1756 	EXP 	target_square_2: autoDraw = False
276.1756 	EXP 	fixation_3: autoDraw = False
276.1756 	EXP 	target_square_2: pos = array([ 0.2, -0.2])
276.1756 	EXP 	grid_lines_2: autoDraw = True
276.1756 	EXP 	target_square_2: autoDraw = True
277.1590 	EXP 	fixation_3: autoDraw = True
277.1756 	EXP 	target_square_2: autoDraw = False
278.1590 	EXP 	fixation_3: autoDraw = False
278.1617 	EXP 	New trial (rep=0, index=105): {'square': 8, 'location': [0, -0.2], 'corrAns': None}
278.1620 	EXP 	window1: mouseVisible = False
278.1756 	EXP 	grid_lines_2: autoDraw = False
278.1756 	EXP 	target_square_2: autoDraw = False
278.1756 	EXP 	fixation_3: autoDraw = False
278.1756 	EXP 	target_square_2: pos = array([ 0. , -0.2])
278.1756 	EXP 	grid_lines_2: autoDraw = True
278.1756 	EXP 	target_square_2: autoDraw = True
279.1590 	EXP 	fixation_3: autoDraw = True
279.1756 	EXP 	target_square_2: autoDraw = False
280.1590 	EXP 	fixation_3: autoDraw = False
280.1615 	EXP 	New trial (rep=0, index=106): {'square': 6, 'location': [0.2, 0], 'corrAns': None}
280.1618 	EXP 	window1: mouseVisible = False
280.1756 	EXP 	grid_lines_2: autoDraw = False
280.1756 	EXP 	target_square_2: autoDraw = False
280.1756 	EXP 	fixation_3: autoDraw = False
280.1756 	EXP 	target_square_2: pos = array([0.2, 0. ])
280.1756 	EXP 	grid_lines_2: autoDraw = True
280.1756 	EXP 	target_square_2: autoDraw = True
281.1590 	EXP 	fixation_3: autoDraw = True
281.1757 	EXP 	target_square_2: autoDraw = False
282.1590 	EXP 	fixation_3: autoDraw = False
282.1616 	EXP 	New trial (rep=0, index=107): {'square': 3, 'location': [0.2, 0.2], 'corrAns': None}
282.1619 	EXP 	window1: mouseVisible = False
282.1756 	EXP 	grid_lines_2: autoDraw = False
282.1756 	EXP 	target_square_2: autoDraw = False
282.1756 	EXP 	fixation_3: autoDraw = False
282.1756 	EXP 	target_square_2: pos = array([0.2, 0.2])
282.1756 	EXP 	grid_lines_2: autoDraw = True
282.1756 	EXP 	target_square_2: autoDraw = True
283.1590 	EXP 	fixation_3: autoDraw = True
283.1757 	EXP 	target_square_2: autoDraw = False
284.1590 	EXP 	fixation_3: autoDraw = False
284.1616 	EXP 	New trial (rep=0, index=108): {'square': 6, 'location': [0.2, 0], 'corrAns': 1}
284.1619 	EXP 	window1: mouseVisible = False
284.1757 	EXP 	grid_lines_2: autoDraw = False
284.1757 	EXP 	target_square_2: autoDraw = False
284.1757 	EXP 	fixation_3: autoDraw = False
284.1757 	EXP 	target_square_2: pos = array([0.2, 0. ])
284.1757 	EXP 	grid_lines_2: autoDraw = True
284.1757 	EXP 	target_square_2: autoDraw = True
284.9093 	DATA 	Mouse: Left button down, pos=(667,546)
285.1590 	EXP 	fixation_3: autoDraw = True
285.1757 	EXP 	target_square_2: autoDraw = False
285.2426 	DATA 	Mouse:  Left button up, pos=(667,546)
286.1590 	EXP 	fixation_3: autoDraw = False
286.1616 	EXP 	New trial (rep=0, index=109): {'square': 5, 'location': [0, 0], 'corrAns': None}
286.1619 	EXP 	window1: mouseVisible = False
286.1757 	EXP 	grid_lines_2: autoDraw = False
286.1757 	EXP 	target_square_2: autoDraw = False
286.1757 	EXP 	fixation_3: autoDraw = False
286.1757 	EXP 	target_square_2: pos = array([0., 0.])
286.1757 	EXP 	grid_lines_2: autoDraw = True
286.1757 	EXP 	target_square_2: autoDraw = True
287.1590 	EXP 	fixation_3: autoDraw = True
287.1757 	EXP 	target_square_2: autoDraw = False
288.1591 	EXP 	fixation_3: autoDraw = False
288.1617 	EXP 	New trial (rep=0, index=110): {'square': 7, 'location': [-0.2, -0.2], 'corrAns': None}
288.1620 	EXP 	window1: mouseVisible = False
288.1757 	EXP 	grid_lines_2: autoDraw = False
288.1757 	EXP 	target_square_2: autoDraw = False
288.1757 	EXP 	fixation_3: autoDraw = False
288.1757 	EXP 	target_square_2: pos = array([-0.2, -0.2])
288.1757 	EXP 	grid_lines_2: autoDraw = True
288.1757 	EXP 	target_square_2: autoDraw = True
289.1591 	EXP 	fixation_3: autoDraw = True
289.1757 	EXP 	target_square_2: autoDraw = False
290.1590 	EXP 	fixation_3: autoDraw = False
290.1616 	EXP 	New trial (rep=0, index=111): {'square': 5, 'location': [0, 0], 'corrAns': 1}
290.1619 	EXP 	window1: mouseVisible = False
290.1757 	EXP 	grid_lines_2: autoDraw = False
290.1757 	EXP 	target_square_2: autoDraw = False
290.1757 	EXP 	fixation_3: autoDraw = False
290.1757 	EXP 	target_square_2: pos = array([0., 0.])
290.1757 	EXP 	grid_lines_2: autoDraw = True
290.1757 	EXP 	target_square_2: autoDraw = True
291.1591 	EXP 	fixation_3: autoDraw = True
291.1757 	EXP 	target_square_2: autoDraw = False
291.5260 	DATA 	Mouse: Left button down, pos=(667,546)
291.8093 	DATA 	Mouse:  Left button up, pos=(667,546)
292.1591 	EXP 	fixation_3: autoDraw = False
292.1616 	EXP 	New trial (rep=0, index=112): {'square': 1, 'location': [-0.2, 0.2], 'corrAns': None}
292.1619 	EXP 	window1: mouseVisible = False
292.1758 	EXP 	grid_lines_2: autoDraw = False
292.1758 	EXP 	target_square_2: autoDraw = False
292.1758 	EXP 	fixation_3: autoDraw = False
292.1758 	EXP 	target_square_2: pos = array([-0.2,  0.2])
292.1758 	EXP 	grid_lines_2: autoDraw = True
292.1758 	EXP 	target_square_2: autoDraw = True
293.1591 	EXP 	fixation_3: autoDraw = True
293.1758 	EXP 	target_square_2: autoDraw = False
294.1591 	EXP 	fixation_3: autoDraw = False
294.1616 	EXP 	New trial (rep=0, index=113): {'square': 7, 'location': [-0.2, -0.2], 'corrAns': None}
294.1619 	EXP 	window1: mouseVisible = False
294.1758 	EXP 	grid_lines_2: autoDraw = False
294.1758 	EXP 	target_square_2: autoDraw = False
294.1758 	EXP 	fixation_3: autoDraw = False
294.1758 	EXP 	target_square_2: pos = array([-0.2, -0.2])
294.1758 	EXP 	grid_lines_2: autoDraw = True
294.1758 	EXP 	target_square_2: autoDraw = True
295.1591 	EXP 	fixation_3: autoDraw = True
295.1758 	EXP 	target_square_2: autoDraw = False
296.1591 	EXP 	fixation_3: autoDraw = False
296.1617 	EXP 	New trial (rep=0, index=114): {'square': 9, 'location': [0.2, -0.2], 'corrAns': None}
296.1620 	EXP 	window1: mouseVisible = False
296.1758 	EXP 	grid_lines_2: autoDraw = False
296.1758 	EXP 	target_square_2: autoDraw = False
296.1758 	EXP 	fixation_3: autoDraw = False
296.1758 	EXP 	target_square_2: pos = array([ 0.2, -0.2])
296.1758 	EXP 	grid_lines_2: autoDraw = True
296.1758 	EXP 	target_square_2: autoDraw = True
297.1591 	EXP 	fixation_3: autoDraw = True
297.1758 	EXP 	target_square_2: autoDraw = False
298.1591 	EXP 	fixation_3: autoDraw = False
298.1618 	EXP 	New trial (rep=0, index=115): {'square': 3, 'location': [0.2, 0.2], 'corrAns': None}
298.1621 	EXP 	window1: mouseVisible = False
298.1758 	EXP 	grid_lines_2: autoDraw = False
298.1758 	EXP 	target_square_2: autoDraw = False
298.1758 	EXP 	fixation_3: autoDraw = False
298.1758 	EXP 	target_square_2: pos = array([0.2, 0.2])
298.1758 	EXP 	grid_lines_2: autoDraw = True
298.1758 	EXP 	target_square_2: autoDraw = True
299.1591 	EXP 	fixation_3: autoDraw = True
299.1758 	EXP 	target_square_2: autoDraw = False
300.1592 	EXP 	fixation_3: autoDraw = False
300.1617 	EXP 	New trial (rep=0, index=116): {'square': 9, 'location': [0.2, -0.2], 'corrAns': 1}
300.1620 	EXP 	window1: mouseVisible = False
300.1758 	EXP 	grid_lines_2: autoDraw = False
300.1758 	EXP 	target_square_2: autoDraw = False
300.1758 	EXP 	fixation_3: autoDraw = False
300.1758 	EXP 	target_square_2: pos = array([ 0.2, -0.2])
300.1758 	EXP 	grid_lines_2: autoDraw = True
300.1758 	EXP 	target_square_2: autoDraw = True
301.1261 	DATA 	Mouse: Left button down, pos=(667,546)
301.1586 	EXP 	fixation_3: autoDraw = True
301.1761 	EXP 	target_square_2: autoDraw = False
301.4427 	DATA 	Mouse:  Left button up, pos=(667,546)
302.1592 	EXP 	fixation_3: autoDraw = False
302.1618 	EXP 	New trial (rep=0, index=117): {'square': 6, 'location': [0.2, 0], 'corrAns': None}
302.1621 	EXP 	window1: mouseVisible = False
302.1759 	EXP 	grid_lines_2: autoDraw = False
302.1759 	EXP 	target_square_2: autoDraw = False
302.1759 	EXP 	fixation_3: autoDraw = False
302.1759 	EXP 	target_square_2: pos = array([0.2, 0. ])
302.1759 	EXP 	grid_lines_2: autoDraw = True
302.1759 	EXP 	target_square_2: autoDraw = True
303.1592 	EXP 	fixation_3: autoDraw = True
303.1758 	EXP 	target_square_2: autoDraw = False
304.1592 	EXP 	fixation_3: autoDraw = False
304.1619 	EXP 	New trial (rep=0, index=118): {'square': 2, 'location': [0, 0.2], 'corrAns': None}
304.1622 	EXP 	window1: mouseVisible = False
304.1759 	EXP 	grid_lines_2: autoDraw = False
304.1759 	EXP 	target_square_2: autoDraw = False
304.1759 	EXP 	fixation_3: autoDraw = False
304.1759 	EXP 	target_square_2: pos = array([0. , 0.2])
304.1759 	EXP 	grid_lines_2: autoDraw = True
304.1759 	EXP 	target_square_2: autoDraw = True
305.1592 	EXP 	fixation_3: autoDraw = True
305.1759 	EXP 	target_square_2: autoDraw = False
306.1592 	EXP 	fixation_3: autoDraw = False
306.1618 	EXP 	New trial (rep=0, index=119): {'square': 5, 'location': [0, 0], 'corrAns': None}
306.1621 	EXP 	window1: mouseVisible = False
306.1759 	EXP 	grid_lines_2: autoDraw = False
306.1759 	EXP 	target_square_2: autoDraw = False
306.1759 	EXP 	fixation_3: autoDraw = False
306.1759 	EXP 	target_square_2: pos = array([0., 0.])
306.1759 	EXP 	grid_lines_2: autoDraw = True
306.1759 	EXP 	target_square_2: autoDraw = True
307.1592 	EXP 	fixation_3: autoDraw = True
307.1759 	EXP 	target_square_2: autoDraw = False
308.1592 	EXP 	fixation_3: autoDraw = False
308.1685 	EXP 	Created unnamed TextStim = TextStim(__class__=<class 'psychopy.visual.text.TextStim'>, alignHoriz=method-wrapper(...), alignText='center', alignVert=method-wrapper(...), anchorHoriz='center', anchorVert='center', antialias=True, autoLog=True, bold=False, color=array([1., 1., 1.]), colorSpace='rgb', contrast=1.0, depth=0, flipHoriz=False, flipVert=False, font='', fontFiles=[], height=0.05, italic=False, languageStyle='LTR', name='unnamed TextStim', opacity=1.0, ori=0.0, pos=array([0., 0.]), rgb=UNKNOWN, text=str(...), units='height', win=Window(...), wrapWidth=1)
308.1759 	EXP 	grid_lines_2: autoDraw = False
308.1759 	EXP 	target_square_2: autoDraw = False
308.1759 	EXP 	fixation_3: autoDraw = False
343.6605 	DATA 	Keypress: e
343.6610 	EXP 	New trial (rep=0, index=1): OrderedDict([('RestT1', 1), ('TaskT1', 0)])
343.6613 	EXP 	Created sequence: random, trialTypes=1, nReps=1, seed=None
343.6615 	EXP 	New trial (rep=0, index=0): None
343.6662 	EXP 	Created unnamed TextStim = TextStim(__class__=<class 'psychopy.visual.text.TextStim'>, alignHoriz=method-wrapper(...), alignText='center', alignVert=method-wrapper(...), anchorHoriz='center', anchorVert='center', antialias=True, autoLog=True, bold=False, color=array([-0.5, -0.5, -0.5]), colorSpace='rgb', contrast=1.0, depth=0, flipHoriz=False, flipVert=False, font='', fontFiles=[], height=0.05, italic=False, languageStyle='LTR', name='unnamed TextStim', opacity=1.0, ori=0.0, pos=array([0., 0.]), rgb=UNKNOWN, text=str(...), units='height', win=Window(...), wrapWidth=1)
345.0044 	DATA 	Keypress: s
345.0262 	EXP 	fixation_2: autoDraw = True
613.0258 	EXP 	Created unnamed TextStim = TextStim(__class__=<class 'psychopy.visual.text.TextStim'>, alignHoriz=method-wrapper(...), alignText='center', alignVert=method-wrapper(...), anchorHoriz='center', anchorVert='center', antialias=True, autoLog=True, bold=False, color=array([1., 1., 1.]), colorSpace='rgb', contrast=1.0, depth=0, flipHoriz=False, flipVert=False, font='', fontFiles=[], height=0.05, italic=False, languageStyle='LTR', name='unnamed TextStim', opacity=1.0, ori=0.0, pos=array([0., 0.]), rgb=UNKNOWN, text=str(...), units='height', win=Window(...), wrapWidth=1)
613.0453 	EXP 	fixation_2: autoDraw = False
614.3249 	DATA 	Keypress: e
614.3253 	EXP 	Created sequence: random, trialTypes=1, nReps=0, seed=None
614.3848 	EXP 	Created unnamed TextStim = TextStim(__class__=<class 'psychopy.visual.text.TextStim'>, alignHoriz=method-wrapper(...), alignText='center', alignVert=method-wrapper(...), anchorHoriz='center', anchorVert='center', antialias=True, autoLog=True, bold=False, color=array([1., 1., 1.]), colorSpace='rgb', contrast=1.0, depth=0, flipHoriz=False, flipVert=False, font='', fontFiles=[], height=0.05, italic=False, languageStyle='LTR', name='unnamed TextStim', opacity=1.0, ori=0.0, pos=array([0., 0.]), rgb=UNKNOWN, text=str(...), units='height', win=Window(...), wrapWidth=1)
614.4516 	EXP 	window1: mouseVisible = True
