1.1421 	WARNING 	We strongly recommend you activate the PTB sound engine in PsychoPy prefs as the preferred audio engine. Its timing is vastly superior. Your prefs are currently set to use ['sounddevice', 'PTB', 'pyo', 'pygame'] (in that order).
66.4186 	EXP 	Created Nbackinstructions = TextStim(__class__=<class 'psychopy.visual.text.TextStim'>, alignHoriz=method-wrapper(...), alignText='center', alignVert=method-wrapper(...), anchorHoriz='center', anchorVert='center', antialias=True, autoLog=True, bold=False, color=array([1, 1, 1]), colorSpace='rgb', contrast=1.0, depth=0, flipHoriz=False, flipVert=False, font='Arial', fontFiles=[], height=0.05, italic=False, languageStyle='LTR', name='Nbackinstructions', opacity=1, ori=0.0, pos=array([0., 0.]), rgb=UNKNOWN, text=str(...), units='height', win=Window(...), wrapWidth=1.75)
66.4327 	EXP 	Created NbackInstructionImg = ImageStim(__class__=<class 'psychopy.visual.image.ImageStim'>, autoLog=True, color=array([1, 1, 1]), colorSpace='rgb', contrast=1.0, depth=0.0, flipHoriz=False, flipVert=False, image='instruction_stim/1.png', interpolate=True, mask=None, maskParams=None, name='NbackInstructionImg', opacity=1, ori=0.0, pos=array([0.  , 0.15]), size=array([0.3, 0.3]), texRes=128, units='height', win=Window(...))
66.5210 	EXP 	Created NbackInstructionWideImg = ImageStim(__class__=<class 'psychopy.visual.image.ImageStim'>, autoLog=True, color=array([1, 1, 1]), colorSpace='rgb', contrast=1.0, depth=0.0, flipHoriz=False, flipVert=False, image='instruction_stim/3.png', interpolate=True, mask=None, maskParams=None, name='NbackInstructionWideImg', opacity=1, ori=0.0, pos=array([0., 0.]), size=array([1. , 0.3]), texRes=128, units='height', win=Window(...))
66.5223 	EXP 	Created ClickPrompt = TextStim(__class__=<class 'psychopy.visual.text.TextStim'>, alignHoriz=method-wrapper(...), alignText='center', alignVert=method-wrapper(...), anchorHoriz='center', anchorVert='center', antialias=True, autoLog=True, bold=False, color=array([1, 1, 1]), colorSpace='rgb', contrast=1.0, depth=0, flipHoriz=False, flipVert=False, font='Arial', fontFiles=[], height=0.05, italic=False, languageStyle='LTR', name='ClickPrompt', opacity=1, ori=0.0, pos=array([ 0. , -0.4]), rgb=UNKNOWN, text='', units='height', win=Window(...), wrapWidth=1)
66.5406 	EXP 	Created box1Text = TextStim(__class__=<class 'psychopy.visual.text.TextStim'>, alignHoriz=method-wrapper(...), alignText='center', alignVert=method-wrapper(...), anchorHoriz='center', anchorVert='center', antialias=True, autoLog=True, bold=False, color=array([1, 1, 1]), colorSpace='rgb', contrast=1.0, depth=0, flipHoriz=False, flipVert=False, font='Arial', fontFiles=[], height=0.05, italic=False, languageStyle='LTR', name='box1Text', opacity=1, ori=0.0, pos=array([0. , 0.1]), rgb=UNKNOWN, text='Button/key 1 \nindicates "Yes", a match.', units='height', win=Window(...), wrapWidth=1)
66.5614 	EXP 	Created box2Text = TextStim(__class__=<class 'psychopy.visual.text.TextStim'>, alignHoriz=method-wrapper(...), alignText='center', alignVert=method-wrapper(...), anchorHoriz='center', anchorVert='center', antialias=True, autoLog=True, bold=False, color=array([1, 1, 1]), colorSpace='rgb', contrast=1.0, depth=0, flipHoriz=False, flipVert=False, font='Arial', fontFiles=[], height=0.05, italic=False, languageStyle='LTR', name='box2Text', opacity=1, ori=0.0, pos=array([ 0. , -0.1]), rgb=UNKNOWN, text='Button/key 2 \nindicates "No", a mismatch.', units='height', win=Window(...), wrapWidth=1)
66.5666 	EXP 	Created box1Check = TextStim(__class__=<class 'psychopy.visual.text.TextStim'>, alignHoriz=method-wrapper(...), alignText='center', alignVert=method-wrapper(...), anchorHoriz='center', anchorVert='center', antialias=True, autoLog=True, bold=False, color=array([ 1, -1, -1]), colorSpace='rgb', contrast=1.0, depth=0, flipHoriz=False, flipVert=False, font='Arial', fontFiles=[], height=0.05, italic=False, languageStyle='LTR', name='box1Check', opacity=1, ori=0.0, pos=array([-0.2 ,  0.15]), rgb=UNKNOWN, text='X', units='height', win=Window(...), wrapWidth=1)
66.5704 	EXP 	Created box2Check = TextStim(__class__=<class 'psychopy.visual.text.TextStim'>, alignHoriz=method-wrapper(...), alignText='center', alignVert=method-wrapper(...), anchorHoriz='center', anchorVert='center', antialias=True, autoLog=True, bold=False, color=array([ 1, -1, -1]), colorSpace='rgb', contrast=1.0, depth=0, flipHoriz=False, flipVert=False, font='Arial', fontFiles=[], height=0.05, italic=False, languageStyle='LTR', name='box2Check', opacity=1, ori=0.0, pos=array([-0.2 , -0.05]), rgb=UNKNOWN, text='X', units='height', win=Window(...), wrapWidth=1)
66.5736 	EXP 	Created box1 = Rect(__class__=<class 'psychopy.visual.rect.Rect'>, autoDraw=False, autoLog=True, closeShape=True, color=method-wrapper(...), colorSpace='rgb', contrast=None, depth=0.0, fillColor=array([1, 1, 1]), fillColorSpace='rgb', fillRGB=UNKNOWN, interpolate=True, lineColor=array([1, 1, 1]), lineColorSpace='rgb', lineRGB=UNKNOWN, lineWidth=1, name='box1', opacity=1, ori=0.0, pos=array([-0.2 ,  0.15]), size=array([0.05, 0.05]), units='height', vertices=ndarray(...), win=Window(...))
66.5750 	EXP 	Created box2 = Rect(__class__=<class 'psychopy.visual.rect.Rect'>, autoDraw=False, autoLog=True, closeShape=True, color=method-wrapper(...), colorSpace='rgb', contrast=None, depth=0.0, fillColor=array([1, 1, 1]), fillColorSpace='rgb', fillRGB=UNKNOWN, interpolate=True, lineColor=array([1, 1, 1]), lineColorSpace='rgb', lineRGB=UNKNOWN, lineWidth=1, name='box2', opacity=1, ori=0.0, pos=array([-0.2 , -0.05]), size=array([0.05, 0.05]), units='height', vertices=ndarray(...), win=Window(...))
66.5751 	EXP 	window1: mouseVisible = False
66.5851 	EXP 	Created continueText = TextStim(__class__=<class 'psychopy.visual.text.TextStim'>, alignHoriz=method-wrapper(...), alignText='center', alignVert=method-wrapper(...), anchorHoriz='center', anchorVert='center', antialias=True, autoLog=True, bold=False, color=array([1, 1, 1]), colorSpace='rgb', contrast=1.0, depth=0, flipHoriz=False, flipVert=False, font='Arial', fontFiles=[], height=0.05, italic=False, languageStyle='LTR', name='continueText', opacity=1, ori=0.0, pos=array([ 0.  , -0.35]), rgb=UNKNOWN, text='Experimenter press [Space] to continue.', units='height', win=Window(...), wrapWidth=1)
66.5862 	EXP 	Created Feedback = TextStim(__class__=<class 'psychopy.visual.text.TextStim'>, alignHoriz=method-wrapper(...), alignText='center', alignVert=method-wrapper(...), anchorHoriz='center', anchorVert='center', antialias=True, autoLog=True, bold=False, color=array([1, 1, 1]), colorSpace='rgb', contrast=1.0, depth=0, flipHoriz=False, flipVert=False, font='Arial', fontFiles=[], height=0.05, italic=False, languageStyle='LTR', name='Feedback', opacity=1, ori=0.0, pos=array([ 0.  , -0.35]), rgb=UNKNOWN, text='', units='height', win=Window(...), wrapWidth=1)
66.5915 	EXP 	Created fixation_2 = TextStim(__class__=<class 'psychopy.visual.text.TextStim'>, alignHoriz=method-wrapper(...), alignText='center', alignVert=method-wrapper(...), anchorHoriz='center', anchorVert='center', antialias=True, autoLog=True, bold=False, color=array([1, 1, 1]), colorSpace='rgb', contrast=1.0, depth=-2.0, flipHoriz=False, flipVert=False, font='Arial', fontFiles=[], height=0.05, italic=False, languageStyle='LTR', name='fixation_2', opacity=1, ori=0, pos=array([0., 0.]), rgb=UNKNOWN, text='+', units='height', win=Window(...), wrapWidth=1)
66.9845 	EXP 	Created grid_lines = ImageStim(__class__=<class 'psychopy.visual.image.ImageStim'>, autoLog=True, color=array([1, 1, 1]), colorSpace='rgb', contrast=1.0, depth=0.0, flipHoriz=False, flipVert=False, image='grid.png', interpolate=True, mask=None, maskParams=None, name='grid_lines', opacity=1, ori=0.0, pos=array([0., 0.]), size=array([0.6, 0.6]), texRes=128, units='height', win=Window(...))
66.9865 	EXP 	Created target_square = Rect(__class__=<class 'psychopy.visual.rect.Rect'>, autoDraw=False, autoLog=True, closeShape=True, color=method-wrapper(...), colorSpace='rgb', contrast=None, depth=-1.0, fillColor=array([1., 1., 1.]), fillColorSpace='rgb', fillRGB=UNKNOWN, interpolate=True, lineColor=array([0, 0, 0]), lineColorSpace='rgb', lineRGB=UNKNOWN, lineWidth=1, name='target_square', opacity=0.5, ori=0.0, pos=array([0., 0.]), size=array([0.15, 0.15]), units='height', vertices=ndarray(...), win=Window(...))
66.9903 	EXP 	Created fixation_1 = TextStim(__class__=<class 'psychopy.visual.text.TextStim'>, alignHoriz=method-wrapper(...), alignText='center', alignVert=method-wrapper(...), anchorHoriz='center', anchorVert='center', antialias=True, autoLog=True, bold=False, color=array([1, 1, 1]), colorSpace='rgb', contrast=1.0, depth=-2.0, flipHoriz=False, flipVert=False, font='Arial', fontFiles=[], height=0.05, italic=False, languageStyle='LTR', name='fixation_1', opacity=1, ori=0, pos=array([0., 0.]), rgb=UNKNOWN, text='+', units='height', win=Window(...), wrapWidth=1)
66.9911 	EXP 	window1: mouseVisible = True
67.3470 	EXP 	Created grid_lines_2 = ImageStim(__class__=<class 'psychopy.visual.image.ImageStim'>, autoLog=True, color=array([1, 1, 1]), colorSpace='rgb', contrast=1.0, depth=0.0, flipHoriz=False, flipVert=False, image='grid.png', interpolate=True, mask=None, maskParams=None, name='grid_lines_2', opacity=1, ori=0.0, pos=array([0., 0.]), size=array([0.6, 0.6]), texRes=128, units='height', win=Window(...))
67.3490 	EXP 	Created target_square_2 = Rect(__class__=<class 'psychopy.visual.rect.Rect'>, autoDraw=False, autoLog=True, closeShape=True, color=method-wrapper(...), colorSpace='rgb', contrast=None, depth=-1.0, fillColor=array([1., 1., 1.]), fillColorSpace='rgb', fillRGB=UNKNOWN, interpolate=True, lineColor=array([0, 0, 0]), lineColorSpace='rgb', lineRGB=UNKNOWN, lineWidth=1, name='target_square_2', opacity=0.5, ori=0.0, pos=array([0., 0.]), size=array([0.15, 0.15]), units='height', vertices=ndarray(...), win=Window(...))
67.3530 	EXP 	Created fixation_3 = TextStim(__class__=<class 'psychopy.visual.text.TextStim'>, alignHoriz=method-wrapper(...), alignText='center', alignVert=method-wrapper(...), anchorHoriz='center', anchorVert='center', antialias=True, autoLog=True, bold=False, color=array([1, 1, 1]), colorSpace='rgb', contrast=1.0, depth=-2.0, flipHoriz=False, flipVert=False, font='Arial', fontFiles=[], height=0.05, italic=False, languageStyle='LTR', name='fixation_3', opacity=1, ori=0, pos=array([0., 0.]), rgb=UNKNOWN, text='+', units='height', win=Window(...), wrapWidth=1)
67.3531 	EXP 	window1: mouseVisible = True
67.3664 	EXP 	Created ScoreReportText = TextStim(__class__=<class 'psychopy.visual.text.TextStim'>, alignHoriz=method-wrapper(...), alignText='center', alignVert=method-wrapper(...), anchorHoriz='center', anchorVert='center', antialias=True, autoLog=True, bold=False, color=array([1, 1, 1]), colorSpace='rgb', contrast=1.0, depth=0, flipHoriz=False, flipVert=False, font='Arial', fontFiles=[], height=0.05, italic=False, languageStyle='LTR', name='ScoreReportText', opacity=1, ori=0.0, pos=array([0., 0.]), rgb=UNKNOWN, text=str(...), units='height', win=Window(...), wrapWidth=1.75)
67.3802 	EXP 	Created BodySiteInstructionText = TextStim(__class__=<class 'psychopy.visual.text.TextStim'>, alignHoriz=method-wrapper(...), alignText='center', alignVert=method-wrapper(...), anchorHoriz='center', anchorVert='center', antialias=True, autoLog=True, bold=False, color=array([1, 1, 1]), colorSpace='rgb', contrast=1.0, depth=0.0, flipHoriz=False, flipVert=False, font='Arial', fontFiles=[], height=0.05, italic=False, languageStyle='LTR', name='BodySiteInstructionText', opacity=1, ori=0, pos=array([ 0. , -0.2]), rgb=UNKNOWN, text=str(...), units='height', win=Window(...), wrapWidth=1.6)
67.3830 	EXP 	Created BodySiteImg = ImageStim(__class__=<class 'psychopy.visual.image.ImageStim'>, autoLog=True, color=array([1, 1, 1]), colorSpace='rgb', contrast=1.0, depth=0.0, flipHoriz=False, flipVert=False, image=None, interpolate=True, mask=None, maskParams=None, name='BodySiteImg', opacity=1, ori=0.0, pos=array([0., 0.]), size=array([0.4, 0.4]), texRes=512, units='height', win=Window(...))
67.3831 	EXP 	window1: mouseVisible = False
67.3852 	EXP 	Created unnamed Rect = Rect(__class__=<class 'psychopy.visual.rect.Rect'>, autoDraw=False, autoLog=True, closeShape=True, color=method-wrapper(...), colorSpace='rgb', contrast=None, depth=0, fillColor=array([ 1, -1, -1]), fillColorSpace='rgb', fillRGB=UNKNOWN, interpolate=True, lineColor=array([-1, -1, -1]), lineColorSpace='rgb', lineRGB=UNKNOWN, lineWidth=1.5, name='unnamed Rect', opacity=1, ori=0.0, pos=array([-0.375, -0.1  ]), size=array([0.75, 0.4 ]), units='height', vertices=ndarray(...), win=Window(...))
67.3879 	EXP 	Created unnamed ShapeStim = ShapeStim(__class__=<class 'psychopy.visual.shape.ShapeStim'>, autoDraw=False, autoLog=True, closeShape=True, color=method-wrapper(...), colorSpace='rgb', contrast=None, depth=0, fillColor=array([-1, -1, -1]), fillColorSpace='rgb', fillRGB=UNKNOWN, interpolate=True, lineColor=array([-1, -1, -1]), lineColorSpace='rgb', lineRGB=UNKNOWN, lineWidth=1.5, name='unnamed ShapeStim', opacity=1.0, ori=0.0, pos=array([0., 0.]), size=array([1., 1.]), units='height', vertices=ndarray(...), win=Window(...), windingRule=None)
67.4047 	EXP 	Created intensityAnchors = ImageStim(__class__=<class 'psychopy.visual.image.ImageStim'>, autoLog=True, color=array([1, 1, 1]), colorSpace='rgb', contrast=1.0, depth=0.0, flipHoriz=False, flipVert=False, image=str(...), interpolate=True, mask=None, maskParams=None, name='intensityAnchors', opacity=1, ori=0.0, pos=array([ 0.  , -0.09]), size=array([1.5, 0.4]), texRes=512, units='height', win=Window(...))
67.4151 	EXP 	Created IntensityPrompt = TextStim(__class__=<class 'psychopy.visual.text.TextStim'>, alignHoriz=method-wrapper(...), alignText='center', alignVert=method-wrapper(...), anchorHoriz='center', anchorVert='center', antialias=True, autoLog=True, bold=False, color=array([1, 1, 1]), colorSpace='rgb', contrast=1.0, depth=0.0, flipHoriz=False, flipVert=False, font='Arial', fontFiles=[], height=0.05, italic=False, languageStyle='LTR', name='IntensityPrompt', opacity=1, ori=0, pos=array([0. , 0.3]), rgb=UNKNOWN, text='How intense was that overall?', units='height', win=Window(...), wrapWidth=1)
67.4191 	EXP 	window1: mouseVisible = False
67.4879 	EXP 	Nbackinstructions: text = 'Welcome to the n-back task \n\n\nPlease read the following instructions \nvery carefully.\n\n\n\nExperimenter press [Space] to continue.'
74.4715 	DATA 	Keypress: space
74.5328 	EXP 	Nbackinstructions: text = 'During the task you will be presented a white square in one of nine positions on a grid. \n\n\n\n\n\n\nDepending on the instruction, your task is to indicate whether the \ncurrent position is the same as either:\nthe position on the last trial\nor the position two trials ago\n\n\nExperimenter press [Space] to continue.'
74.5328 	EXP 	NbackInstructionImg: image = 'c:\\Users\\Dartmouth\\Documents\\GitHub\\canlab\\WASABI_public\\fMRI Tasks\\WASABI distractmap\\instruction_stim\\1.png'
77.4153 	DATA 	Keypress: left
80.1513 	DATA 	Keypress: escape
1442.4834 	DATA 	Keypress: 2
1442.4841 	DATA 	Keypress: 3
1442.4845 	DATA 	Keypress: 1
1442.4850 	DATA 	Keypress: 4
1506.1852 	DATA 	Mouse: Right button down, pos=(212,1)
1506.4208 	DATA 	Mouse:  Right button up, pos=(212,1)
1506.7849 	DATA 	Mouse: Left button down, pos=(212,1)
1507.0418 	DATA 	Mouse:  Left button up, pos=(212,1)
1507.4488 	DATA 	Mouse: Left button down, pos=(212,1)
1507.6688 	DATA 	Mouse:  Left button up, pos=(212,1)
1507.8918 	DATA 	Mouse: Right button down, pos=(212,1)
1508.1338 	DATA 	Mouse:  Right button up, pos=(212,1)
1508.4739 	DATA 	Mouse: Left button down, pos=(212,1)
1508.6838 	DATA 	Mouse:  Left button up, pos=(212,1)
1509.0138 	DATA 	Mouse: Right button down, pos=(212,1)
1509.2158 	DATA 	Mouse:  Right button up, pos=(212,1)
1509.6189 	DATA 	Mouse: Left button down, pos=(212,1)
1509.8228 	DATA 	Mouse:  Left button up, pos=(212,1)
1834.5542 	DATA 	Keypress: 5
1841.7741 	DATA 	Keypress: 5
1858.5782 	DATA 	Keypress: 5
1865.7981 	DATA 	Keypress: 5
1933.4962 	DATA 	Keypress: space
1933.5734 	EXP 	Nbackinstructions: text = 'Between each trial, a fixation cross will appear in the middle of the grid. \n\n\n\n\n\n\n\n\nYou do not need to respond during this time. \nSimply wait for the next trial.\n\n\n\nExperimenter press [Space] to continue.'
1933.5734 	EXP 	NbackInstructionImg: image = 'c:\\Users\\Dartmouth\\Documents\\GitHub\\canlab\\WASABI_public\\fMRI Tasks\\WASABI distractmap\\instruction_stim\\2.png'
1945.2162 	DATA 	Keypress: space
1945.3024 	EXP 	NbackInstructionImg: autoDraw = False
1945.3024 	EXP 	Nbackinstructions: text = '\n1-back\n\n\n\n\n\n\n\nDuring 1-back you will have to indicate whether the current position matches the position that was presented in the last trial, by either pressing the "yes" button (left click) or the "no" button (right click).\n\n\nExperimenter press [Space] to show an example.'
1961.1522 	DATA 	Keypress: space
1961.7967 	EXP 	window1: mouseVisible = True
