0.5726 	WARNING 	We strongly recommend you activate the PTB sound engine in PsychoPy prefs as the preferred audio engine. Its timing is vastly superior. Your prefs are currently set to use ['sounddevice', 'PTB', 'pyo', 'pygame'] (in that order).
18.0704 	EXP 	Created fixation_2 = TextStim(__class__=<class 'psychopy.visual.text.TextStim'>, alignHoriz=method-wrapper(...), alignText='center', alignVert=method-wrapper(...), anchorHoriz='center', anchorVert='center', antialias=True, autoLog=True, bold=False, color=array([1, 1, 1]), colorSpace='rgb', contrast=1.0, depth=-2.0, flipHoriz=False, flipVert=False, font='Arial', fontFiles=[], height=0.05, italic=False, languageStyle='LTR', name='fixation_2', opacity=1, ori=0, pos=array([0., 0.]), rgb=UNKNOWN, text='+', units='height', win=Window(...), wrapWidth=1)
18.1432 	EXP 	Created Nbackinstructions = TextStim(__class__=<class 'psychopy.visual.text.TextStim'>, alignHoriz=method-wrapper(...), alignText='center', alignVert=method-wrapper(...), anchorHoriz='center', anchorVert='center', antialias=True, autoLog=True, bold=False, color=array([1, 1, 1]), colorSpace='rgb', contrast=1.0, depth=0, flipHoriz=False, flipVert=False, font='Arial', fontFiles=[], height=0.05, italic=False, languageStyle='LTR', name='Nbackinstructions', opacity=1, ori=0.0, pos=array([0., 0.]), rgb=UNKNOWN, text=str(...), units='height', win=Window(...), wrapWidth=1)
18.1468 	EXP 	Created fixation_2 = TextStim(__class__=<class 'psychopy.visual.text.TextStim'>, alignHoriz=method-wrapper(...), alignText='center', alignVert=method-wrapper(...), anchorHoriz='center', anchorVert='center', antialias=True, autoLog=True, bold=False, color=array([1, 1, 1]), colorSpace='rgb', contrast=1.0, depth=-2.0, flipHoriz=False, flipVert=False, font='Arial', fontFiles=[], height=0.05, italic=False, languageStyle='LTR', name='fixation_2', opacity=1, ori=0, pos=array([0., 0.]), rgb=UNKNOWN, text='+', units='height', win=Window(...), wrapWidth=1)
18.5801 	EXP 	Created grid_lines_2 = ImageStim(__class__=<class 'psychopy.visual.image.ImageStim'>, autoLog=True, color=array([1, 1, 1]), colorSpace='rgb', contrast=1.0, depth=0.0, flipHoriz=False, flipVert=False, image='grid.png', interpolate=True, mask=None, maskParams=None, name='grid_lines_2', opacity=1, ori=0.0, pos=array([0., 0.]), size=array([0.6, 0.6]), texRes=128, units='height', win=Window(...))
18.5839 	EXP 	Created target_square_2 = Rect(__class__=<class 'psychopy.visual.rect.Rect'>, autoDraw=False, autoLog=True, closeShape=True, color=method-wrapper(...), colorSpace='rgb', contrast=None, depth=-1.0, fillColor=array([1., 1., 1.]), fillColorSpace='rgb', fillRGB=UNKNOWN, interpolate=True, lineColor=array([0, 0, 0]), lineColorSpace='rgb', lineRGB=UNKNOWN, lineWidth=1, name='target_square_2', opacity=0.5, ori=0.0, pos=array([0., 0.]), size=array([0.15, 0.15]), units='height', vertices=ndarray(...), win=Window(...))
18.5876 	EXP 	Created fixation_3 = TextStim(__class__=<class 'psychopy.visual.text.TextStim'>, alignHoriz=method-wrapper(...), alignText='center', alignVert=method-wrapper(...), anchorHoriz='center', anchorVert='center', antialias=True, autoLog=True, bold=False, color=array([1, 1, 1]), colorSpace='rgb', contrast=1.0, depth=-2.0, flipHoriz=False, flipVert=False, font='Arial', fontFiles=[], height=0.05, italic=False, languageStyle='LTR', name='fixation_3', opacity=1, ori=0, pos=array([0., 0.]), rgb=UNKNOWN, text='+', units='height', win=Window(...), wrapWidth=1)
18.5884 	EXP 	window1: mouseVisible = True
18.5928 	EXP 	window1: mouseVisible = False
18.5934 	EXP 	Created sequence: sequential, trialTypes=2, nReps=1, seed=None
18.5939 	EXP 	New trial (rep=0, index=0): OrderedDict([('RestT1', 1), ('TaskT1', 0)])
18.5945 	EXP 	Created sequence: random, trialTypes=1, nReps=1, seed=None
18.5948 	EXP 	New trial (rep=0, index=0): None
18.6230 	EXP 	Created unnamed TextStim = TextStim(__class__=<class 'psychopy.visual.text.TextStim'>, alignHoriz=method-wrapper(...), alignText='center', alignVert=method-wrapper(...), anchorHoriz='center', anchorVert='center', antialias=True, autoLog=True, bold=False, color=array([-0.5, -0.5, -0.5]), colorSpace='rgb', contrast=1.0, depth=0, flipHoriz=False, flipVert=False, font='', fontFiles=[], height=0.05, italic=False, languageStyle='LTR', name='unnamed TextStim', opacity=1.0, ori=0.0, pos=array([0., 0.]), rgb=UNKNOWN, text=str(...), units='height', win=Window(...), wrapWidth=1)
56.4569 	DATA 	Keypress: s
56.4945 	EXP 	fixation_2: autoDraw = True
324.4809 	EXP 	Created unnamed TextStim = TextStim(__class__=<class 'psychopy.visual.text.TextStim'>, alignHoriz=method-wrapper(...), alignText='center', alignVert=method-wrapper(...), anchorHoriz='center', anchorVert='center', antialias=True, autoLog=True, bold=False, color=array([1., 1., 1.]), colorSpace='rgb', contrast=1.0, depth=0, flipHoriz=False, flipVert=False, font='', fontFiles=[], height=0.05, italic=False, languageStyle='LTR', name='unnamed TextStim', opacity=1.0, ori=0.0, pos=array([0., 0.]), rgb=UNKNOWN, text=str(...), units='height', win=Window(...), wrapWidth=1)
324.4966 	EXP 	fixation_2: autoDraw = False
340.8330 	DATA 	Keypress: e
340.8337 	EXP 	Created sequence: random, trialTypes=1, nReps=0, seed=None
340.8341 	EXP 	New trial (rep=0, index=1): OrderedDict([('RestT1', 0), ('TaskT1', 1)])
340.8344 	EXP 	Created sequence: random, trialTypes=1, nReps=0, seed=None
340.8348 	EXP 	Created sequence: random, trialTypes=1, nReps=1, seed=None
340.8350 	EXP 	New trial (rep=0, index=0): None
340.8467 	EXP 	Nbackinstructions: autoDraw = True
378.3216 	EXP 	Created unnamed TextStim = TextStim(__class__=<class 'psychopy.visual.text.TextStim'>, alignHoriz=method-wrapper(...), alignText='center', alignVert=method-wrapper(...), anchorHoriz='center', anchorVert='center', antialias=True, autoLog=True, bold=False, color=array([-0.5, -0.5, -0.5]), colorSpace='rgb', contrast=1.0, depth=0, flipHoriz=False, flipVert=False, font='', fontFiles=[], height=0.05, italic=False, languageStyle='LTR', name='unnamed TextStim', opacity=1.0, ori=0.0, pos=array([0., 0.]), rgb=UNKNOWN, text=str(...), units='height', win=Window(...), wrapWidth=1)
378.3231 	DATA 	Keypress: space
378.3303 	EXP 	Nbackinstructions: autoDraw = False
382.1130 	DATA 	Keypress: s
382.1697 	EXP 	Imported c:\Users\Dartmouth\Documents\GitHub\canlab\WASABI_public\fMRI Tasks\WASABI Task-T1\N-back-2.xlsx as conditions, 120 conditions, 3 params
382.1704 	EXP 	Created sequence: sequential, trialTypes=120, nReps=1, seed=None
382.1708 	EXP 	New trial (rep=0, index=0): {'square': 5, 'location': [0, 0], 'corrAns': None}
382.1712 	EXP 	window1: mouseVisible = False
382.1764 	EXP 	New trial (rep=0, index=1): {'square': 2, 'location': [0, 0.2], 'corrAns': None}
382.1768 	EXP 	window1: mouseVisible = False
382.1970 	EXP 	fixation_2: autoDraw = False
382.1970 	EXP 	target_square_2: pos = array([0., 0.])
382.1970 	EXP 	grid_lines_2: autoDraw = False
382.1970 	EXP 	target_square_2: autoDraw = False
382.1970 	EXP 	fixation_3: autoDraw = False
382.1970 	EXP 	target_square_2: pos = array([0. , 0.2])
382.1970 	EXP 	grid_lines_2: autoDraw = True
382.1970 	EXP 	target_square_2: autoDraw = True
383.1804 	EXP 	fixation_3: autoDraw = True
383.1970 	EXP 	target_square_2: autoDraw = False
383.3174 	EXP 	New trial (rep=0, index=2): {'square': 6, 'location': [0.2, 0], 'corrAns': None}
383.3179 	EXP 	window1: mouseVisible = False
383.3304 	EXP 	grid_lines_2: autoDraw = False
383.3304 	EXP 	target_square_2: autoDraw = False
383.3304 	EXP 	fixation_3: autoDraw = False
383.3304 	EXP 	target_square_2: pos = array([0.2, 0. ])
383.3304 	EXP 	grid_lines_2: autoDraw = True
383.3304 	EXP 	target_square_2: autoDraw = True
384.3137 	EXP 	fixation_3: autoDraw = True
384.3304 	EXP 	target_square_2: autoDraw = False
385.3137 	EXP 	fixation_3: autoDraw = False
385.3174 	EXP 	New trial (rep=0, index=3): {'square': 9, 'location': [0.2, -0.2], 'corrAns': None}
385.3179 	EXP 	window1: mouseVisible = False
385.3304 	EXP 	grid_lines_2: autoDraw = False
385.3304 	EXP 	target_square_2: autoDraw = False
385.3304 	EXP 	fixation_3: autoDraw = False
385.3304 	EXP 	target_square_2: pos = array([ 0.2, -0.2])
385.3304 	EXP 	grid_lines_2: autoDraw = True
385.3304 	EXP 	target_square_2: autoDraw = True
386.3138 	EXP 	fixation_3: autoDraw = True
386.3304 	EXP 	target_square_2: autoDraw = False
387.3138 	EXP 	fixation_3: autoDraw = False
387.3175 	EXP 	New trial (rep=0, index=4): {'square': 3, 'location': [0.2, 0.2], 'corrAns': None}
387.3179 	EXP 	window1: mouseVisible = False
387.3304 	EXP 	grid_lines_2: autoDraw = False
387.3304 	EXP 	target_square_2: autoDraw = False
387.3304 	EXP 	fixation_3: autoDraw = False
387.3304 	EXP 	target_square_2: pos = array([0.2, 0.2])
387.3304 	EXP 	grid_lines_2: autoDraw = True
387.3304 	EXP 	target_square_2: autoDraw = True
388.3138 	EXP 	fixation_3: autoDraw = True
388.3304 	EXP 	target_square_2: autoDraw = False
389.3138 	EXP 	fixation_3: autoDraw = False
389.3179 	EXP 	New trial (rep=0, index=5): {'square': 9, 'location': [0.2, -0.2], 'corrAns': 1}
389.3184 	EXP 	window1: mouseVisible = False
389.3305 	EXP 	grid_lines_2: autoDraw = False
389.3305 	EXP 	target_square_2: autoDraw = False
389.3305 	EXP 	fixation_3: autoDraw = False
389.3305 	EXP 	target_square_2: pos = array([ 0.2, -0.2])
389.3305 	EXP 	grid_lines_2: autoDraw = True
389.3305 	EXP 	target_square_2: autoDraw = True
389.8809 	DATA 	Mouse: Left button down, pos=(879,674)
390.1808 	DATA 	Mouse:  Left button up, pos=(879,674)
390.3138 	EXP 	fixation_3: autoDraw = True
390.3305 	EXP 	target_square_2: autoDraw = False
391.3138 	EXP 	fixation_3: autoDraw = False
391.3177 	EXP 	New trial (rep=0, index=6): {'square': 7, 'location': [-0.2, -0.2], 'corrAns': None}
391.3182 	EXP 	window1: mouseVisible = False
391.3304 	EXP 	grid_lines_2: autoDraw = False
391.3304 	EXP 	target_square_2: autoDraw = False
391.3304 	EXP 	fixation_3: autoDraw = False
391.3304 	EXP 	target_square_2: pos = array([-0.2, -0.2])
391.3304 	EXP 	grid_lines_2: autoDraw = True
391.3304 	EXP 	target_square_2: autoDraw = True
392.3138 	EXP 	fixation_3: autoDraw = True
392.3305 	EXP 	target_square_2: autoDraw = False
393.3138 	EXP 	fixation_3: autoDraw = False
393.3177 	EXP 	New trial (rep=0, index=7): {'square': 1, 'location': [-0.2, 0.2], 'corrAns': None}
393.3181 	EXP 	window1: mouseVisible = False
393.3305 	EXP 	grid_lines_2: autoDraw = False
393.3305 	EXP 	target_square_2: autoDraw = False
393.3305 	EXP 	fixation_3: autoDraw = False
393.3305 	EXP 	target_square_2: pos = array([-0.2,  0.2])
393.3305 	EXP 	grid_lines_2: autoDraw = True
393.3305 	EXP 	target_square_2: autoDraw = True
394.3138 	EXP 	fixation_3: autoDraw = True
394.3305 	EXP 	target_square_2: autoDraw = False
395.3138 	EXP 	fixation_3: autoDraw = False
395.3178 	EXP 	New trial (rep=0, index=8): {'square': 5, 'location': [0, 0], 'corrAns': None}
395.3182 	EXP 	window1: mouseVisible = False
395.3305 	EXP 	grid_lines_2: autoDraw = False
395.3305 	EXP 	target_square_2: autoDraw = False
395.3305 	EXP 	fixation_3: autoDraw = False
395.3305 	EXP 	target_square_2: pos = array([0., 0.])
395.3305 	EXP 	grid_lines_2: autoDraw = True
395.3305 	EXP 	target_square_2: autoDraw = True
396.3138 	EXP 	fixation_3: autoDraw = True
396.3305 	EXP 	target_square_2: autoDraw = False
397.3138 	EXP 	fixation_3: autoDraw = False
397.3177 	EXP 	New trial (rep=0, index=9): {'square': 7, 'location': [-0.2, -0.2], 'corrAns': None}
397.3181 	EXP 	window1: mouseVisible = False
397.3305 	EXP 	grid_lines_2: autoDraw = False
397.3305 	EXP 	target_square_2: autoDraw = False
397.3305 	EXP 	fixation_3: autoDraw = False
397.3305 	EXP 	target_square_2: pos = array([-0.2, -0.2])
397.3305 	EXP 	grid_lines_2: autoDraw = True
397.3305 	EXP 	target_square_2: autoDraw = True
398.3139 	EXP 	fixation_3: autoDraw = True
398.3305 	EXP 	target_square_2: autoDraw = False
399.3138 	EXP 	fixation_3: autoDraw = False
399.3177 	EXP 	New trial (rep=0, index=10): {'square': 5, 'location': [0, 0], 'corrAns': 1}
399.3181 	EXP 	window1: mouseVisible = False
399.3305 	EXP 	grid_lines_2: autoDraw = False
399.3305 	EXP 	target_square_2: autoDraw = False
399.3305 	EXP 	fixation_3: autoDraw = False
399.3305 	EXP 	target_square_2: pos = array([0., 0.])
399.3305 	EXP 	grid_lines_2: autoDraw = True
399.3305 	EXP 	target_square_2: autoDraw = True
400.0642 	DATA 	Mouse: Left button down, pos=(879,674)
400.3139 	EXP 	fixation_3: autoDraw = True
400.3305 	EXP 	target_square_2: autoDraw = False
400.3474 	DATA 	Mouse:  Left button up, pos=(879,674)
401.3139 	EXP 	fixation_3: autoDraw = False
401.3178 	EXP 	New trial (rep=0, index=11): {'square': 6, 'location': [0.2, 0], 'corrAns': None}
401.3182 	EXP 	window1: mouseVisible = False
401.3305 	EXP 	grid_lines_2: autoDraw = False
401.3305 	EXP 	target_square_2: autoDraw = False
401.3305 	EXP 	fixation_3: autoDraw = False
401.3305 	EXP 	target_square_2: pos = array([0.2, 0. ])
401.3305 	EXP 	grid_lines_2: autoDraw = True
401.3305 	EXP 	target_square_2: autoDraw = True
402.3139 	EXP 	fixation_3: autoDraw = True
402.3306 	EXP 	target_square_2: autoDraw = False
403.3139 	EXP 	fixation_3: autoDraw = False
403.3177 	EXP 	New trial (rep=0, index=12): {'square': 3, 'location': [0.2, 0.2], 'corrAns': None}
403.3181 	EXP 	window1: mouseVisible = False
403.3305 	EXP 	grid_lines_2: autoDraw = False
403.3305 	EXP 	target_square_2: autoDraw = False
403.3305 	EXP 	fixation_3: autoDraw = False
403.3305 	EXP 	target_square_2: pos = array([0.2, 0.2])
403.3305 	EXP 	grid_lines_2: autoDraw = True
403.3305 	EXP 	target_square_2: autoDraw = True
404.3139 	EXP 	fixation_3: autoDraw = True
404.3306 	EXP 	target_square_2: autoDraw = False
405.3139 	EXP 	fixation_3: autoDraw = False
405.3178 	EXP 	New trial (rep=0, index=13): {'square': 6, 'location': [0.2, 0], 'corrAns': 1}
405.3182 	EXP 	window1: mouseVisible = False
405.3306 	EXP 	grid_lines_2: autoDraw = False
405.3306 	EXP 	target_square_2: autoDraw = False
405.3306 	EXP 	fixation_3: autoDraw = False
405.3306 	EXP 	target_square_2: pos = array([0.2, 0. ])
405.3306 	EXP 	grid_lines_2: autoDraw = True
405.3306 	EXP 	target_square_2: autoDraw = True
406.1976 	DATA 	Mouse: Left button down, pos=(879,674)
406.3139 	EXP 	fixation_3: autoDraw = True
406.3306 	EXP 	target_square_2: autoDraw = False
406.4475 	DATA 	Mouse:  Left button up, pos=(879,674)
407.3139 	EXP 	fixation_3: autoDraw = False
407.3177 	EXP 	New trial (rep=0, index=14): {'square': 8, 'location': [0, -0.2], 'corrAns': None}
407.3181 	EXP 	window1: mouseVisible = False
407.3306 	EXP 	grid_lines_2: autoDraw = False
407.3306 	EXP 	target_square_2: autoDraw = False
407.3306 	EXP 	fixation_3: autoDraw = False
407.3306 	EXP 	target_square_2: pos = array([ 0. , -0.2])
407.3306 	EXP 	grid_lines_2: autoDraw = True
407.3306 	EXP 	target_square_2: autoDraw = True
408.3139 	EXP 	fixation_3: autoDraw = True
408.3306 	EXP 	target_square_2: autoDraw = False
409.3139 	EXP 	fixation_3: autoDraw = False
409.3177 	EXP 	New trial (rep=0, index=15): {'square': 9, 'location': [0.2, -0.2], 'corrAns': None}
409.3181 	EXP 	window1: mouseVisible = False
409.3306 	EXP 	grid_lines_2: autoDraw = False
409.3306 	EXP 	target_square_2: autoDraw = False
409.3306 	EXP 	fixation_3: autoDraw = False
409.3306 	EXP 	target_square_2: pos = array([ 0.2, -0.2])
409.3306 	EXP 	grid_lines_2: autoDraw = True
409.3306 	EXP 	target_square_2: autoDraw = True
410.3139 	EXP 	fixation_3: autoDraw = True
410.3306 	EXP 	target_square_2: autoDraw = False
411.3139 	EXP 	fixation_3: autoDraw = False
411.3178 	EXP 	New trial (rep=0, index=16): {'square': 9, 'location': [0.2, -0.2], 'corrAns': None}
411.3183 	EXP 	window1: mouseVisible = False
411.3306 	EXP 	grid_lines_2: autoDraw = False
411.3306 	EXP 	target_square_2: autoDraw = False
411.3306 	EXP 	fixation_3: autoDraw = False
411.3306 	EXP 	target_square_2: pos = array([ 0.2, -0.2])
411.3306 	EXP 	grid_lines_2: autoDraw = True
411.3306 	EXP 	target_square_2: autoDraw = True
412.3139 	EXP 	fixation_3: autoDraw = True
412.3306 	EXP 	target_square_2: autoDraw = False
413.3139 	EXP 	fixation_3: autoDraw = False
413.3177 	EXP 	New trial (rep=0, index=17): {'square': 1, 'location': [-0.2, 0.2], 'corrAns': None}
413.3181 	EXP 	window1: mouseVisible = False
413.3307 	EXP 	grid_lines_2: autoDraw = False
413.3307 	EXP 	target_square_2: autoDraw = False
413.3307 	EXP 	fixation_3: autoDraw = False
413.3307 	EXP 	target_square_2: pos = array([-0.2,  0.2])
413.3307 	EXP 	grid_lines_2: autoDraw = True
413.3307 	EXP 	target_square_2: autoDraw = True
414.3140 	EXP 	fixation_3: autoDraw = True
414.3307 	EXP 	target_square_2: autoDraw = False
415.3140 	EXP 	fixation_3: autoDraw = False
415.3177 	EXP 	New trial (rep=0, index=18): {'square': 3, 'location': [0.2, 0.2], 'corrAns': None}
415.3181 	EXP 	window1: mouseVisible = False
415.3305 	EXP 	grid_lines_2: autoDraw = False
415.3305 	EXP 	target_square_2: autoDraw = False
415.3305 	EXP 	fixation_3: autoDraw = False
415.3305 	EXP 	target_square_2: pos = array([0.2, 0.2])
415.3305 	EXP 	grid_lines_2: autoDraw = True
415.3305 	EXP 	target_square_2: autoDraw = True
416.3140 	EXP 	fixation_3: autoDraw = True
416.3307 	EXP 	target_square_2: autoDraw = False
417.3140 	EXP 	fixation_3: autoDraw = False
417.3178 	EXP 	New trial (rep=0, index=19): {'square': 5, 'location': [0, 0], 'corrAns': None}
417.3182 	EXP 	window1: mouseVisible = False
417.3307 	EXP 	grid_lines_2: autoDraw = False
417.3307 	EXP 	target_square_2: autoDraw = False
417.3307 	EXP 	fixation_3: autoDraw = False
417.3307 	EXP 	target_square_2: pos = array([0., 0.])
417.3307 	EXP 	grid_lines_2: autoDraw = True
417.3307 	EXP 	target_square_2: autoDraw = True
418.3140 	EXP 	fixation_3: autoDraw = True
418.3307 	EXP 	target_square_2: autoDraw = False
419.3140 	EXP 	fixation_3: autoDraw = False
419.3177 	EXP 	New trial (rep=0, index=20): {'square': 3, 'location': [0.2, 0.2], 'corrAns': 1}
419.3181 	EXP 	window1: mouseVisible = False
419.3307 	EXP 	grid_lines_2: autoDraw = False
419.3307 	EXP 	target_square_2: autoDraw = False
419.3307 	EXP 	fixation_3: autoDraw = False
419.3307 	EXP 	target_square_2: pos = array([0.2, 0.2])
419.3307 	EXP 	grid_lines_2: autoDraw = True
419.3307 	EXP 	target_square_2: autoDraw = True
419.8477 	DATA 	Mouse: Left button down, pos=(879,674)
420.1643 	DATA 	Mouse:  Left button up, pos=(879,674)
420.3140 	EXP 	fixation_3: autoDraw = True
420.3307 	EXP 	target_square_2: autoDraw = False
421.3140 	EXP 	fixation_3: autoDraw = False
421.3185 	EXP 	New trial (rep=0, index=21): {'square': 4, 'location': [-0.2, 0], 'corrAns': None}
421.3189 	EXP 	window1: mouseVisible = False
421.3307 	EXP 	grid_lines_2: autoDraw = False
421.3307 	EXP 	target_square_2: autoDraw = False
421.3307 	EXP 	fixation_3: autoDraw = False
421.3307 	EXP 	target_square_2: pos = array([-0.2,  0. ])
421.3307 	EXP 	grid_lines_2: autoDraw = True
421.3307 	EXP 	target_square_2: autoDraw = True
422.3140 	EXP 	fixation_3: autoDraw = True
422.3307 	EXP 	target_square_2: autoDraw = False
423.3140 	EXP 	fixation_3: autoDraw = False
423.3178 	EXP 	New trial (rep=0, index=22): {'square': 7, 'location': [-0.2, -0.2], 'corrAns': None}
423.3182 	EXP 	window1: mouseVisible = False
423.3307 	EXP 	grid_lines_2: autoDraw = False
423.3307 	EXP 	target_square_2: autoDraw = False
423.3307 	EXP 	fixation_3: autoDraw = False
423.3307 	EXP 	target_square_2: pos = array([-0.2, -0.2])
423.3307 	EXP 	grid_lines_2: autoDraw = True
423.3307 	EXP 	target_square_2: autoDraw = True
424.3140 	EXP 	fixation_3: autoDraw = True
424.3307 	EXP 	target_square_2: autoDraw = False
425.3141 	EXP 	fixation_3: autoDraw = False
425.3179 	EXP 	New trial (rep=0, index=23): {'square': 4, 'location': [-0.2, 0], 'corrAns': 1}
425.3183 	EXP 	window1: mouseVisible = False
425.3307 	EXP 	grid_lines_2: autoDraw = False
425.3307 	EXP 	target_square_2: autoDraw = False
425.3307 	EXP 	fixation_3: autoDraw = False
425.3307 	EXP 	target_square_2: pos = array([-0.2,  0. ])
425.3307 	EXP 	grid_lines_2: autoDraw = True
425.3307 	EXP 	target_square_2: autoDraw = True
426.3141 	EXP 	fixation_3: autoDraw = True
426.3307 	EXP 	target_square_2: autoDraw = False
426.6311 	DATA 	Mouse: Left button down, pos=(879,673)
426.8477 	DATA 	Mouse:  Left button up, pos=(879,673)
427.3141 	EXP 	fixation_3: autoDraw = False
427.3179 	EXP 	New trial (rep=0, index=24): {'square': 4, 'location': [-0.2, 0], 'corrAns': None}
427.3184 	EXP 	window1: mouseVisible = False
427.3307 	EXP 	grid_lines_2: autoDraw = False
427.3307 	EXP 	target_square_2: autoDraw = False
427.3307 	EXP 	fixation_3: autoDraw = False
427.3307 	EXP 	target_square_2: pos = array([-0.2,  0. ])
427.3307 	EXP 	grid_lines_2: autoDraw = True
427.3307 	EXP 	target_square_2: autoDraw = True
428.3141 	EXP 	fixation_3: autoDraw = True
428.3307 	EXP 	target_square_2: autoDraw = False
429.3140 	EXP 	fixation_3: autoDraw = False
429.3178 	EXP 	New trial (rep=0, index=25): {'square': 5, 'location': [0, 0], 'corrAns': None}
429.3182 	EXP 	window1: mouseVisible = False
429.3308 	EXP 	grid_lines_2: autoDraw = False
429.3308 	EXP 	target_square_2: autoDraw = False
429.3308 	EXP 	fixation_3: autoDraw = False
429.3308 	EXP 	target_square_2: pos = array([0., 0.])
429.3308 	EXP 	grid_lines_2: autoDraw = True
429.3308 	EXP 	target_square_2: autoDraw = True
430.3141 	EXP 	fixation_3: autoDraw = True
430.3308 	EXP 	target_square_2: autoDraw = False
431.3141 	EXP 	fixation_3: autoDraw = False
431.3183 	EXP 	New trial (rep=0, index=26): {'square': 2, 'location': [0, 0.2], 'corrAns': None}
431.3188 	EXP 	window1: mouseVisible = False
431.3308 	EXP 	grid_lines_2: autoDraw = False
431.3308 	EXP 	target_square_2: autoDraw = False
431.3308 	EXP 	fixation_3: autoDraw = False
431.3308 	EXP 	target_square_2: pos = array([0. , 0.2])
431.3308 	EXP 	grid_lines_2: autoDraw = True
431.3308 	EXP 	target_square_2: autoDraw = True
432.3141 	EXP 	fixation_3: autoDraw = True
432.3308 	EXP 	target_square_2: autoDraw = False
433.3141 	EXP 	fixation_3: autoDraw = False
433.3180 	EXP 	New trial (rep=0, index=27): {'square': 6, 'location': [0.2, 0], 'corrAns': None}
433.3184 	EXP 	window1: mouseVisible = False
433.3308 	EXP 	grid_lines_2: autoDraw = False
433.3308 	EXP 	target_square_2: autoDraw = False
433.3308 	EXP 	fixation_3: autoDraw = False
433.3308 	EXP 	target_square_2: pos = array([0.2, 0. ])
433.3308 	EXP 	grid_lines_2: autoDraw = True
433.3308 	EXP 	target_square_2: autoDraw = True
434.3141 	EXP 	fixation_3: autoDraw = True
434.3308 	EXP 	target_square_2: autoDraw = False
435.3141 	EXP 	fixation_3: autoDraw = False
435.3180 	EXP 	New trial (rep=0, index=28): {'square': 7, 'location': [-0.2, -0.2], 'corrAns': None}
435.3184 	EXP 	window1: mouseVisible = False
435.3308 	EXP 	grid_lines_2: autoDraw = False
435.3308 	EXP 	target_square_2: autoDraw = False
435.3308 	EXP 	fixation_3: autoDraw = False
435.3308 	EXP 	target_square_2: pos = array([-0.2, -0.2])
435.3308 	EXP 	grid_lines_2: autoDraw = True
435.3308 	EXP 	target_square_2: autoDraw = True
436.3142 	EXP 	fixation_3: autoDraw = True
436.3308 	EXP 	target_square_2: autoDraw = False
437.3141 	EXP 	fixation_3: autoDraw = False
437.3179 	EXP 	New trial (rep=0, index=29): {'square': 6, 'location': [0.2, 0], 'corrAns': 1}
437.3184 	EXP 	window1: mouseVisible = False
437.3308 	EXP 	grid_lines_2: autoDraw = False
437.3308 	EXP 	target_square_2: autoDraw = False
437.3308 	EXP 	fixation_3: autoDraw = False
437.3308 	EXP 	target_square_2: pos = array([0.2, 0. ])
437.3308 	EXP 	grid_lines_2: autoDraw = True
437.3308 	EXP 	target_square_2: autoDraw = True
438.1645 	DATA 	Mouse: Left button down, pos=(876,670)
438.3142 	EXP 	fixation_3: autoDraw = True
438.3308 	EXP 	target_square_2: autoDraw = False
438.5644 	DATA 	Mouse:  Left button up, pos=(876,670)
439.3142 	EXP 	fixation_3: autoDraw = False
439.3179 	EXP 	New trial (rep=0, index=30): {'square': 6, 'location': [0.2, 0], 'corrAns': None}
439.3184 	EXP 	window1: mouseVisible = False
439.3308 	EXP 	grid_lines_2: autoDraw = False
439.3308 	EXP 	target_square_2: autoDraw = False
439.3308 	EXP 	fixation_3: autoDraw = False
439.3308 	EXP 	target_square_2: pos = array([0.2, 0. ])
439.3308 	EXP 	grid_lines_2: autoDraw = True
439.3308 	EXP 	target_square_2: autoDraw = True
440.3142 	EXP 	fixation_3: autoDraw = True
440.3309 	EXP 	target_square_2: autoDraw = False
441.3141 	EXP 	fixation_3: autoDraw = False
441.3181 	EXP 	New trial (rep=0, index=31): {'square': 7, 'location': [-0.2, -0.2], 'corrAns': None}
441.3185 	EXP 	window1: mouseVisible = False
441.3309 	EXP 	grid_lines_2: autoDraw = False
441.3309 	EXP 	target_square_2: autoDraw = False
441.3309 	EXP 	fixation_3: autoDraw = False
441.3309 	EXP 	target_square_2: pos = array([-0.2, -0.2])
441.3309 	EXP 	grid_lines_2: autoDraw = True
441.3309 	EXP 	target_square_2: autoDraw = True
442.3142 	EXP 	fixation_3: autoDraw = True
442.3309 	EXP 	target_square_2: autoDraw = False
443.3142 	EXP 	fixation_3: autoDraw = False
443.3179 	EXP 	New trial (rep=0, index=32): {'square': 6, 'location': [0.2, 0], 'corrAns': 1}
443.3184 	EXP 	window1: mouseVisible = False
443.3309 	EXP 	grid_lines_2: autoDraw = False
443.3309 	EXP 	target_square_2: autoDraw = False
443.3309 	EXP 	fixation_3: autoDraw = False
443.3309 	EXP 	target_square_2: pos = array([0.2, 0. ])
443.3309 	EXP 	grid_lines_2: autoDraw = True
443.3309 	EXP 	target_square_2: autoDraw = True
444.3142 	EXP 	fixation_3: autoDraw = True
444.3309 	EXP 	target_square_2: autoDraw = False
445.3142 	EXP 	fixation_3: autoDraw = False
445.3180 	EXP 	New trial (rep=0, index=33): {'square': 2, 'location': [0, 0.2], 'corrAns': None}
445.3185 	EXP 	window1: mouseVisible = False
445.3309 	EXP 	grid_lines_2: autoDraw = False
445.3309 	EXP 	target_square_2: autoDraw = False
445.3309 	EXP 	fixation_3: autoDraw = False
445.3309 	EXP 	target_square_2: pos = array([0. , 0.2])
445.3309 	EXP 	grid_lines_2: autoDraw = True
445.3309 	EXP 	target_square_2: autoDraw = True
446.3143 	EXP 	fixation_3: autoDraw = True
446.3309 	EXP 	target_square_2: autoDraw = False
447.3142 	EXP 	fixation_3: autoDraw = False
447.3181 	EXP 	New trial (rep=0, index=34): {'square': 5, 'location': [0, 0], 'corrAns': None}
447.3186 	EXP 	window1: mouseVisible = False
447.3309 	EXP 	grid_lines_2: autoDraw = False
447.3309 	EXP 	target_square_2: autoDraw = False
447.3309 	EXP 	fixation_3: autoDraw = False
447.3309 	EXP 	target_square_2: pos = array([0., 0.])
447.3309 	EXP 	grid_lines_2: autoDraw = True
447.3309 	EXP 	target_square_2: autoDraw = True
448.3142 	EXP 	fixation_3: autoDraw = True
448.3309 	EXP 	target_square_2: autoDraw = False
449.3142 	EXP 	fixation_3: autoDraw = False
449.3179 	EXP 	New trial (rep=0, index=35): {'square': 4, 'location': [-0.2, 0], 'corrAns': None}
449.3184 	EXP 	window1: mouseVisible = False
449.3309 	EXP 	grid_lines_2: autoDraw = False
449.3309 	EXP 	target_square_2: autoDraw = False
449.3309 	EXP 	fixation_3: autoDraw = False
449.3309 	EXP 	target_square_2: pos = array([-0.2,  0. ])
449.3309 	EXP 	grid_lines_2: autoDraw = True
449.3309 	EXP 	target_square_2: autoDraw = True
450.3143 	EXP 	fixation_3: autoDraw = True
450.3309 	EXP 	target_square_2: autoDraw = False
451.3143 	EXP 	fixation_3: autoDraw = False
451.3181 	EXP 	New trial (rep=0, index=36): {'square': 4, 'location': [-0.2, 0], 'corrAns': None}
451.3186 	EXP 	window1: mouseVisible = False
451.3309 	EXP 	grid_lines_2: autoDraw = False
451.3309 	EXP 	target_square_2: autoDraw = False
451.3309 	EXP 	fixation_3: autoDraw = False
451.3309 	EXP 	target_square_2: pos = array([-0.2,  0. ])
451.3309 	EXP 	grid_lines_2: autoDraw = True
451.3309 	EXP 	target_square_2: autoDraw = True
452.1814 	DATA 	Mouse: Left button down, pos=(875,670)
452.3143 	EXP 	fixation_3: autoDraw = True
452.3308 	EXP 	target_square_2: autoDraw = False
452.4645 	DATA 	Mouse:  Left button up, pos=(876,669)
453.3143 	EXP 	fixation_3: autoDraw = False
453.3180 	EXP 	New trial (rep=0, index=37): {'square': 7, 'location': [-0.2, -0.2], 'corrAns': None}
453.3185 	EXP 	window1: mouseVisible = False
453.3310 	EXP 	grid_lines_2: autoDraw = False
453.3310 	EXP 	target_square_2: autoDraw = False
453.3310 	EXP 	fixation_3: autoDraw = False
453.3310 	EXP 	target_square_2: pos = array([-0.2, -0.2])
453.3310 	EXP 	grid_lines_2: autoDraw = True
453.3310 	EXP 	target_square_2: autoDraw = True
454.3143 	EXP 	fixation_3: autoDraw = True
454.3310 	EXP 	target_square_2: autoDraw = False
455.3143 	EXP 	fixation_3: autoDraw = False
455.3180 	EXP 	New trial (rep=0, index=38): {'square': 4, 'location': [-0.2, 0], 'corrAns': 1}
455.3185 	EXP 	window1: mouseVisible = False
455.3310 	EXP 	grid_lines_2: autoDraw = False
455.3310 	EXP 	target_square_2: autoDraw = False
455.3310 	EXP 	fixation_3: autoDraw = False
455.3310 	EXP 	target_square_2: pos = array([-0.2,  0. ])
455.3310 	EXP 	grid_lines_2: autoDraw = True
455.3310 	EXP 	target_square_2: autoDraw = True
456.0480 	DATA 	Mouse: Left button down, pos=(876,669)
456.3143 	EXP 	fixation_3: autoDraw = True
456.3310 	EXP 	target_square_2: autoDraw = False
456.3313 	DATA 	Mouse:  Left button up, pos=(876,669)
457.3143 	EXP 	fixation_3: autoDraw = False
457.3181 	EXP 	New trial (rep=0, index=39): {'square': 3, 'location': [0.2, 0.2], 'corrAns': None}
457.3185 	EXP 	window1: mouseVisible = False
457.3310 	EXP 	grid_lines_2: autoDraw = False
457.3310 	EXP 	target_square_2: autoDraw = False
457.3310 	EXP 	fixation_3: autoDraw = False
457.3310 	EXP 	target_square_2: pos = array([0.2, 0.2])
457.3310 	EXP 	grid_lines_2: autoDraw = True
457.3310 	EXP 	target_square_2: autoDraw = True
458.3143 	EXP 	fixation_3: autoDraw = True
458.3310 	EXP 	target_square_2: autoDraw = False
459.3143 	EXP 	fixation_3: autoDraw = False
459.3181 	EXP 	New trial (rep=0, index=40): {'square': 5, 'location': [0, 0], 'corrAns': None}
459.3185 	EXP 	window1: mouseVisible = False
459.3310 	EXP 	grid_lines_2: autoDraw = False
459.3310 	EXP 	target_square_2: autoDraw = False
459.3310 	EXP 	fixation_3: autoDraw = False
459.3310 	EXP 	target_square_2: pos = array([0., 0.])
459.3310 	EXP 	grid_lines_2: autoDraw = True
459.3310 	EXP 	target_square_2: autoDraw = True
460.3143 	EXP 	fixation_3: autoDraw = True
460.3310 	EXP 	target_square_2: autoDraw = False
461.3143 	EXP 	fixation_3: autoDraw = False
461.3183 	EXP 	New trial (rep=0, index=41): {'square': 3, 'location': [0.2, 0.2], 'corrAns': 1}
461.3188 	EXP 	window1: mouseVisible = False
461.3310 	EXP 	grid_lines_2: autoDraw = False
461.3310 	EXP 	target_square_2: autoDraw = False
461.3310 	EXP 	fixation_3: autoDraw = False
461.3310 	EXP 	target_square_2: pos = array([0.2, 0.2])
461.3310 	EXP 	grid_lines_2: autoDraw = True
461.3310 	EXP 	target_square_2: autoDraw = True
462.0336 	DATA 	Mouse: Left button down, pos=(877,669)
462.3016 	DATA 	Mouse:  Left button up, pos=(872,655)
462.3144 	EXP 	fixation_3: autoDraw = True
462.3310 	EXP 	target_square_2: autoDraw = False
463.3144 	EXP 	fixation_3: autoDraw = False
463.3182 	EXP 	New trial (rep=0, index=42): {'square': 1, 'location': [-0.2, 0.2], 'corrAns': None}
463.3187 	EXP 	window1: mouseVisible = False
463.3310 	EXP 	grid_lines_2: autoDraw = False
463.3310 	EXP 	target_square_2: autoDraw = False
463.3310 	EXP 	fixation_3: autoDraw = False
463.3310 	EXP 	target_square_2: pos = array([-0.2,  0.2])
463.3310 	EXP 	grid_lines_2: autoDraw = True
463.3310 	EXP 	target_square_2: autoDraw = True
464.3144 	EXP 	fixation_3: autoDraw = True
464.3310 	EXP 	target_square_2: autoDraw = False
465.3144 	EXP 	fixation_3: autoDraw = False
465.3183 	EXP 	New trial (rep=0, index=43): {'square': 9, 'location': [0.2, -0.2], 'corrAns': None}
465.3187 	EXP 	window1: mouseVisible = False
465.3310 	EXP 	grid_lines_2: autoDraw = False
465.3310 	EXP 	target_square_2: autoDraw = False
465.3310 	EXP 	fixation_3: autoDraw = False
465.3310 	EXP 	target_square_2: pos = array([ 0.2, -0.2])
465.3310 	EXP 	grid_lines_2: autoDraw = True
465.3310 	EXP 	target_square_2: autoDraw = True
466.3144 	EXP 	fixation_3: autoDraw = True
466.3310 	EXP 	target_square_2: autoDraw = False
467.3144 	EXP 	fixation_3: autoDraw = False
467.3185 	EXP 	New trial (rep=0, index=44): {'square': 9, 'location': [0.2, -0.2], 'corrAns': None}
467.3189 	EXP 	window1: mouseVisible = False
467.3311 	EXP 	grid_lines_2: autoDraw = False
467.3311 	EXP 	target_square_2: autoDraw = False
467.3311 	EXP 	fixation_3: autoDraw = False
467.3311 	EXP 	target_square_2: pos = array([ 0.2, -0.2])
467.3311 	EXP 	grid_lines_2: autoDraw = True
467.3311 	EXP 	target_square_2: autoDraw = True
468.3144 	EXP 	fixation_3: autoDraw = True
468.3311 	EXP 	target_square_2: autoDraw = False
469.3144 	EXP 	fixation_3: autoDraw = False
469.3182 	EXP 	New trial (rep=0, index=45): {'square': 8, 'location': [0, -0.2], 'corrAns': None}
469.3187 	EXP 	window1: mouseVisible = False
469.3311 	EXP 	grid_lines_2: autoDraw = False
469.3311 	EXP 	target_square_2: autoDraw = False
469.3311 	EXP 	fixation_3: autoDraw = False
469.3311 	EXP 	target_square_2: pos = array([ 0. , -0.2])
469.3311 	EXP 	grid_lines_2: autoDraw = True
469.3311 	EXP 	target_square_2: autoDraw = True
470.3144 	EXP 	fixation_3: autoDraw = True
470.3311 	EXP 	target_square_2: autoDraw = False
471.3144 	EXP 	fixation_3: autoDraw = False
471.3184 	EXP 	New trial (rep=0, index=46): {'square': 6, 'location': [0.2, 0], 'corrAns': None}
471.3188 	EXP 	window1: mouseVisible = False
471.3311 	EXP 	grid_lines_2: autoDraw = False
471.3311 	EXP 	target_square_2: autoDraw = False
471.3311 	EXP 	fixation_3: autoDraw = False
471.3311 	EXP 	target_square_2: pos = array([0.2, 0. ])
471.3311 	EXP 	grid_lines_2: autoDraw = True
471.3311 	EXP 	target_square_2: autoDraw = True
472.3144 	EXP 	fixation_3: autoDraw = True
472.3311 	EXP 	target_square_2: autoDraw = False
473.3144 	EXP 	fixation_3: autoDraw = False
473.3182 	EXP 	New trial (rep=0, index=47): {'square': 3, 'location': [0.2, 0.2], 'corrAns': None}
473.3187 	EXP 	window1: mouseVisible = False
473.3311 	EXP 	grid_lines_2: autoDraw = False
473.3311 	EXP 	target_square_2: autoDraw = False
473.3311 	EXP 	fixation_3: autoDraw = False
473.3311 	EXP 	target_square_2: pos = array([0.2, 0.2])
473.3311 	EXP 	grid_lines_2: autoDraw = True
473.3311 	EXP 	target_square_2: autoDraw = True
474.3144 	EXP 	fixation_3: autoDraw = True
474.3311 	EXP 	target_square_2: autoDraw = False
475.3145 	EXP 	fixation_3: autoDraw = False
475.3182 	EXP 	New trial (rep=0, index=48): {'square': 6, 'location': [0.2, 0], 'corrAns': 1}
475.3187 	EXP 	window1: mouseVisible = False
475.3311 	EXP 	grid_lines_2: autoDraw = False
475.3311 	EXP 	target_square_2: autoDraw = False
475.3311 	EXP 	fixation_3: autoDraw = False
475.3311 	EXP 	target_square_2: pos = array([0.2, 0. ])
475.3311 	EXP 	grid_lines_2: autoDraw = True
475.3311 	EXP 	target_square_2: autoDraw = True
475.7981 	DATA 	Mouse: Left button down, pos=(872,655)
476.0981 	DATA 	Mouse:  Left button up, pos=(872,655)
476.3145 	EXP 	fixation_3: autoDraw = True
476.3311 	EXP 	target_square_2: autoDraw = False
477.3145 	EXP 	fixation_3: autoDraw = False
477.3183 	EXP 	New trial (rep=0, index=49): {'square': 5, 'location': [0, 0], 'corrAns': None}
477.3187 	EXP 	window1: mouseVisible = False
477.3312 	EXP 	grid_lines_2: autoDraw = False
477.3312 	EXP 	target_square_2: autoDraw = False
477.3312 	EXP 	fixation_3: autoDraw = False
477.3312 	EXP 	target_square_2: pos = array([0., 0.])
477.3312 	EXP 	grid_lines_2: autoDraw = True
477.3312 	EXP 	target_square_2: autoDraw = True
478.3145 	EXP 	fixation_3: autoDraw = True
478.3311 	EXP 	target_square_2: autoDraw = False
479.3145 	EXP 	fixation_3: autoDraw = False
479.3183 	EXP 	New trial (rep=0, index=50): {'square': 7, 'location': [-0.2, -0.2], 'corrAns': None}
479.3188 	EXP 	window1: mouseVisible = False
479.3312 	EXP 	grid_lines_2: autoDraw = False
479.3312 	EXP 	target_square_2: autoDraw = False
479.3312 	EXP 	fixation_3: autoDraw = False
479.3312 	EXP 	target_square_2: pos = array([-0.2, -0.2])
479.3312 	EXP 	grid_lines_2: autoDraw = True
479.3312 	EXP 	target_square_2: autoDraw = True
480.3145 	EXP 	fixation_3: autoDraw = True
480.3312 	EXP 	target_square_2: autoDraw = False
481.3145 	EXP 	fixation_3: autoDraw = False
481.3183 	EXP 	New trial (rep=0, index=51): {'square': 5, 'location': [0, 0], 'corrAns': 1}
481.3187 	EXP 	window1: mouseVisible = False
481.3312 	EXP 	grid_lines_2: autoDraw = False
481.3312 	EXP 	target_square_2: autoDraw = False
481.3312 	EXP 	fixation_3: autoDraw = False
481.3312 	EXP 	target_square_2: pos = array([0., 0.])
481.3312 	EXP 	grid_lines_2: autoDraw = True
481.3312 	EXP 	target_square_2: autoDraw = True
482.3145 	EXP 	fixation_3: autoDraw = True
482.3312 	EXP 	target_square_2: autoDraw = False
482.7815 	DATA 	Mouse: Left button down, pos=(876,651)
483.0481 	DATA 	Mouse:  Left button up, pos=(876,651)
483.3145 	EXP 	fixation_3: autoDraw = False
483.3183 	EXP 	New trial (rep=0, index=52): {'square': 1, 'location': [-0.2, 0.2], 'corrAns': None}
483.3187 	EXP 	window1: mouseVisible = False
483.3311 	EXP 	grid_lines_2: autoDraw = False
483.3311 	EXP 	target_square_2: autoDraw = False
483.3311 	EXP 	fixation_3: autoDraw = False
483.3311 	EXP 	target_square_2: pos = array([-0.2,  0.2])
483.3311 	EXP 	grid_lines_2: autoDraw = True
483.3311 	EXP 	target_square_2: autoDraw = True
484.3145 	EXP 	fixation_3: autoDraw = True
484.3313 	EXP 	target_square_2: autoDraw = False
485.3145 	EXP 	fixation_3: autoDraw = False
485.3183 	EXP 	New trial (rep=0, index=53): {'square': 7, 'location': [-0.2, -0.2], 'corrAns': None}
485.3187 	EXP 	window1: mouseVisible = False
485.3312 	EXP 	grid_lines_2: autoDraw = False
485.3312 	EXP 	target_square_2: autoDraw = False
485.3312 	EXP 	fixation_3: autoDraw = False
485.3312 	EXP 	target_square_2: pos = array([-0.2, -0.2])
485.3312 	EXP 	grid_lines_2: autoDraw = True
485.3312 	EXP 	target_square_2: autoDraw = True
486.3145 	EXP 	fixation_3: autoDraw = True
486.3312 	EXP 	target_square_2: autoDraw = False
487.3146 	EXP 	fixation_3: autoDraw = False
487.3183 	EXP 	New trial (rep=0, index=54): {'square': 9, 'location': [0.2, -0.2], 'corrAns': None}
487.3188 	EXP 	window1: mouseVisible = False
487.3312 	EXP 	grid_lines_2: autoDraw = False
487.3312 	EXP 	target_square_2: autoDraw = False
487.3312 	EXP 	fixation_3: autoDraw = False
487.3312 	EXP 	target_square_2: pos = array([ 0.2, -0.2])
487.3312 	EXP 	grid_lines_2: autoDraw = True
487.3312 	EXP 	target_square_2: autoDraw = True
488.3146 	EXP 	fixation_3: autoDraw = True
488.3312 	EXP 	target_square_2: autoDraw = False
489.3145 	EXP 	fixation_3: autoDraw = False
489.3183 	EXP 	New trial (rep=0, index=55): {'square': 3, 'location': [0.2, 0.2], 'corrAns': None}
489.3187 	EXP 	window1: mouseVisible = False
489.3313 	EXP 	grid_lines_2: autoDraw = False
489.3313 	EXP 	target_square_2: autoDraw = False
489.3313 	EXP 	fixation_3: autoDraw = False
489.3313 	EXP 	target_square_2: pos = array([0.2, 0.2])
489.3313 	EXP 	grid_lines_2: autoDraw = True
489.3313 	EXP 	target_square_2: autoDraw = True
490.3146 	EXP 	fixation_3: autoDraw = True
490.3312 	EXP 	target_square_2: autoDraw = False
491.3146 	EXP 	fixation_3: autoDraw = False
491.3185 	EXP 	New trial (rep=0, index=56): {'square': 9, 'location': [0.2, -0.2], 'corrAns': 1}
491.3189 	EXP 	window1: mouseVisible = False
491.3313 	EXP 	grid_lines_2: autoDraw = False
491.3313 	EXP 	target_square_2: autoDraw = False
491.3313 	EXP 	fixation_3: autoDraw = False
491.3313 	EXP 	target_square_2: pos = array([ 0.2, -0.2])
491.3313 	EXP 	grid_lines_2: autoDraw = True
491.3313 	EXP 	target_square_2: autoDraw = True
492.0482 	DATA 	Mouse: Left button down, pos=(872,644)
492.3146 	EXP 	fixation_3: autoDraw = True
492.3313 	EXP 	target_square_2: autoDraw = False
492.3315 	DATA 	Mouse:  Left button up, pos=(880,643)
493.3146 	EXP 	fixation_3: autoDraw = False
493.3188 	EXP 	New trial (rep=0, index=57): {'square': 6, 'location': [0.2, 0], 'corrAns': None}
493.3193 	EXP 	window1: mouseVisible = False
493.3313 	EXP 	grid_lines_2: autoDraw = False
493.3313 	EXP 	target_square_2: autoDraw = False
493.3313 	EXP 	fixation_3: autoDraw = False
493.3313 	EXP 	target_square_2: pos = array([0.2, 0. ])
493.3313 	EXP 	grid_lines_2: autoDraw = True
493.3313 	EXP 	target_square_2: autoDraw = True
494.3146 	EXP 	fixation_3: autoDraw = True
494.3313 	EXP 	target_square_2: autoDraw = False
495.3146 	EXP 	fixation_3: autoDraw = False
495.3185 	EXP 	New trial (rep=0, index=58): {'square': 2, 'location': [0, 0.2], 'corrAns': None}
495.3190 	EXP 	window1: mouseVisible = False
495.3313 	EXP 	grid_lines_2: autoDraw = False
495.3313 	EXP 	target_square_2: autoDraw = False
495.3313 	EXP 	fixation_3: autoDraw = False
495.3313 	EXP 	target_square_2: pos = array([0. , 0.2])
495.3313 	EXP 	grid_lines_2: autoDraw = True
495.3313 	EXP 	target_square_2: autoDraw = True
496.3146 	EXP 	fixation_3: autoDraw = True
496.3313 	EXP 	target_square_2: autoDraw = False
497.3147 	EXP 	fixation_3: autoDraw = False
497.3186 	EXP 	New trial (rep=0, index=59): {'square': 5, 'location': [0, 0], 'corrAns': None}
497.3190 	EXP 	window1: mouseVisible = False
497.3313 	EXP 	grid_lines_2: autoDraw = False
497.3313 	EXP 	target_square_2: autoDraw = False
497.3313 	EXP 	fixation_3: autoDraw = False
497.3313 	EXP 	target_square_2: pos = array([0., 0.])
497.3313 	EXP 	grid_lines_2: autoDraw = True
497.3313 	EXP 	target_square_2: autoDraw = True
498.3147 	EXP 	fixation_3: autoDraw = True
498.3313 	EXP 	target_square_2: autoDraw = False
499.3147 	EXP 	fixation_3: autoDraw = False
499.3185 	EXP 	New trial (rep=0, index=60): {'square': 5, 'location': [0, 0], 'corrAns': None}
499.3189 	EXP 	window1: mouseVisible = False
499.3313 	EXP 	grid_lines_2: autoDraw = False
499.3313 	EXP 	target_square_2: autoDraw = False
499.3313 	EXP 	fixation_3: autoDraw = False
499.3313 	EXP 	target_square_2: pos = array([0., 0.])
499.3313 	EXP 	grid_lines_2: autoDraw = True
499.3313 	EXP 	target_square_2: autoDraw = True
500.3147 	EXP 	fixation_3: autoDraw = True
500.3313 	EXP 	target_square_2: autoDraw = False
501.3147 	EXP 	fixation_3: autoDraw = False
501.3187 	EXP 	New trial (rep=0, index=61): {'square': 2, 'location': [0, 0.2], 'corrAns': None}
501.3191 	EXP 	window1: mouseVisible = False
501.3314 	EXP 	grid_lines_2: autoDraw = False
501.3314 	EXP 	target_square_2: autoDraw = False
501.3314 	EXP 	fixation_3: autoDraw = False
501.3314 	EXP 	target_square_2: pos = array([0. , 0.2])
501.3314 	EXP 	grid_lines_2: autoDraw = True
501.3314 	EXP 	target_square_2: autoDraw = True
502.3147 	EXP 	fixation_3: autoDraw = True
502.3314 	EXP 	target_square_2: autoDraw = False
503.3147 	EXP 	fixation_3: autoDraw = False
503.3189 	EXP 	New trial (rep=0, index=62): {'square': 6, 'location': [0.2, 0], 'corrAns': None}
503.3193 	EXP 	window1: mouseVisible = False
503.3314 	EXP 	grid_lines_2: autoDraw = False
503.3314 	EXP 	target_square_2: autoDraw = False
503.3314 	EXP 	fixation_3: autoDraw = False
503.3314 	EXP 	target_square_2: pos = array([0.2, 0. ])
503.3314 	EXP 	grid_lines_2: autoDraw = True
503.3314 	EXP 	target_square_2: autoDraw = True
504.3147 	EXP 	fixation_3: autoDraw = True
504.3314 	EXP 	target_square_2: autoDraw = False
505.3147 	EXP 	fixation_3: autoDraw = False
505.3185 	EXP 	New trial (rep=0, index=63): {'square': 9, 'location': [0.2, -0.2], 'corrAns': None}
505.3190 	EXP 	window1: mouseVisible = False
505.3314 	EXP 	grid_lines_2: autoDraw = False
505.3314 	EXP 	target_square_2: autoDraw = False
505.3314 	EXP 	fixation_3: autoDraw = False
505.3314 	EXP 	target_square_2: pos = array([ 0.2, -0.2])
505.3314 	EXP 	grid_lines_2: autoDraw = True
505.3314 	EXP 	target_square_2: autoDraw = True
506.3148 	EXP 	fixation_3: autoDraw = True
506.3314 	EXP 	target_square_2: autoDraw = False
507.3147 	EXP 	fixation_3: autoDraw = False
507.3186 	EXP 	New trial (rep=0, index=64): {'square': 3, 'location': [0.2, 0.2], 'corrAns': None}
507.3191 	EXP 	window1: mouseVisible = False
507.3313 	EXP 	grid_lines_2: autoDraw = False
507.3313 	EXP 	target_square_2: autoDraw = False
507.3313 	EXP 	fixation_3: autoDraw = False
507.3313 	EXP 	target_square_2: pos = array([0.2, 0.2])
507.3313 	EXP 	grid_lines_2: autoDraw = True
507.3313 	EXP 	target_square_2: autoDraw = True
508.3147 	EXP 	fixation_3: autoDraw = True
508.3314 	EXP 	target_square_2: autoDraw = False
509.3148 	EXP 	fixation_3: autoDraw = False
509.3186 	EXP 	New trial (rep=0, index=65): {'square': 9, 'location': [0.2, -0.2], 'corrAns': 1}
509.3190 	EXP 	window1: mouseVisible = False
509.3314 	EXP 	grid_lines_2: autoDraw = False
509.3314 	EXP 	target_square_2: autoDraw = False
509.3314 	EXP 	fixation_3: autoDraw = False
509.3314 	EXP 	target_square_2: pos = array([ 0.2, -0.2])
509.3314 	EXP 	grid_lines_2: autoDraw = True
509.3314 	EXP 	target_square_2: autoDraw = True
510.2651 	DATA 	Mouse: Left button down, pos=(880,643)
510.3148 	EXP 	fixation_3: autoDraw = True
510.3314 	EXP 	target_square_2: autoDraw = False
510.5150 	DATA 	Mouse:  Left button up, pos=(880,643)
511.3148 	EXP 	fixation_3: autoDraw = False
511.3187 	EXP 	New trial (rep=0, index=66): {'square': 7, 'location': [-0.2, -0.2], 'corrAns': None}
511.3191 	EXP 	window1: mouseVisible = False
511.3314 	EXP 	grid_lines_2: autoDraw = False
511.3314 	EXP 	target_square_2: autoDraw = False
511.3314 	EXP 	fixation_3: autoDraw = False
511.3314 	EXP 	target_square_2: pos = array([-0.2, -0.2])
511.3314 	EXP 	grid_lines_2: autoDraw = True
511.3314 	EXP 	target_square_2: autoDraw = True
512.3148 	EXP 	fixation_3: autoDraw = True
512.3314 	EXP 	target_square_2: autoDraw = False
513.3148 	EXP 	fixation_3: autoDraw = False
513.3186 	EXP 	New trial (rep=0, index=67): {'square': 1, 'location': [-0.2, 0.2], 'corrAns': None}
513.3190 	EXP 	window1: mouseVisible = False
513.3315 	EXP 	grid_lines_2: autoDraw = False
513.3315 	EXP 	target_square_2: autoDraw = False
513.3315 	EXP 	fixation_3: autoDraw = False
513.3315 	EXP 	target_square_2: pos = array([-0.2,  0.2])
513.3315 	EXP 	grid_lines_2: autoDraw = True
513.3315 	EXP 	target_square_2: autoDraw = True
514.3148 	EXP 	fixation_3: autoDraw = True
514.3315 	EXP 	target_square_2: autoDraw = False
515.3148 	EXP 	fixation_3: autoDraw = False
515.3186 	EXP 	New trial (rep=0, index=68): {'square': 5, 'location': [0, 0], 'corrAns': None}
515.3190 	EXP 	window1: mouseVisible = False
515.3315 	EXP 	grid_lines_2: autoDraw = False
515.3315 	EXP 	target_square_2: autoDraw = False
515.3315 	EXP 	fixation_3: autoDraw = False
515.3315 	EXP 	target_square_2: pos = array([0., 0.])
515.3315 	EXP 	grid_lines_2: autoDraw = True
515.3315 	EXP 	target_square_2: autoDraw = True
516.3148 	EXP 	fixation_3: autoDraw = True
516.3315 	EXP 	target_square_2: autoDraw = False
517.3148 	EXP 	fixation_3: autoDraw = False
517.3186 	EXP 	New trial (rep=0, index=69): {'square': 7, 'location': [-0.2, -0.2], 'corrAns': None}
517.3190 	EXP 	window1: mouseVisible = False
517.3315 	EXP 	grid_lines_2: autoDraw = False
517.3315 	EXP 	target_square_2: autoDraw = False
517.3315 	EXP 	fixation_3: autoDraw = False
517.3315 	EXP 	target_square_2: pos = array([-0.2, -0.2])
517.3315 	EXP 	grid_lines_2: autoDraw = True
517.3315 	EXP 	target_square_2: autoDraw = True
518.3148 	EXP 	fixation_3: autoDraw = True
518.3315 	EXP 	target_square_2: autoDraw = False
519.3148 	EXP 	fixation_3: autoDraw = False
519.3186 	EXP 	New trial (rep=0, index=70): {'square': 5, 'location': [0, 0], 'corrAns': 1}
519.3190 	EXP 	window1: mouseVisible = False
519.3315 	EXP 	grid_lines_2: autoDraw = False
519.3315 	EXP 	target_square_2: autoDraw = False
519.3315 	EXP 	fixation_3: autoDraw = False
519.3315 	EXP 	target_square_2: pos = array([0., 0.])
519.3315 	EXP 	grid_lines_2: autoDraw = True
519.3315 	EXP 	target_square_2: autoDraw = True
519.7318 	DATA 	Mouse: Left button down, pos=(880,643)
520.0651 	DATA 	Mouse:  Left button up, pos=(881,639)
520.3148 	EXP 	fixation_3: autoDraw = True
520.3315 	EXP 	target_square_2: autoDraw = False
521.3148 	EXP 	fixation_3: autoDraw = False
521.3189 	EXP 	New trial (rep=0, index=71): {'square': 6, 'location': [0.2, 0], 'corrAns': None}
521.3193 	EXP 	window1: mouseVisible = False
521.3315 	EXP 	grid_lines_2: autoDraw = False
521.3315 	EXP 	target_square_2: autoDraw = False
521.3315 	EXP 	fixation_3: autoDraw = False
521.3315 	EXP 	target_square_2: pos = array([0.2, 0. ])
521.3315 	EXP 	grid_lines_2: autoDraw = True
521.3315 	EXP 	target_square_2: autoDraw = True
522.3149 	EXP 	fixation_3: autoDraw = True
522.3315 	EXP 	target_square_2: autoDraw = False
523.3149 	EXP 	fixation_3: autoDraw = False
523.3188 	EXP 	New trial (rep=0, index=72): {'square': 3, 'location': [0.2, 0.2], 'corrAns': None}
523.3192 	EXP 	window1: mouseVisible = False
523.3315 	EXP 	grid_lines_2: autoDraw = False
523.3315 	EXP 	target_square_2: autoDraw = False
523.3315 	EXP 	fixation_3: autoDraw = False
523.3315 	EXP 	target_square_2: pos = array([0.2, 0.2])
523.3315 	EXP 	grid_lines_2: autoDraw = True
523.3315 	EXP 	target_square_2: autoDraw = True
524.3149 	EXP 	fixation_3: autoDraw = True
524.3315 	EXP 	target_square_2: autoDraw = False
525.3149 	EXP 	fixation_3: autoDraw = False
525.3188 	EXP 	New trial (rep=0, index=73): {'square': 6, 'location': [0.2, 0], 'corrAns': 1}
525.3192 	EXP 	window1: mouseVisible = False
525.3315 	EXP 	grid_lines_2: autoDraw = False
525.3315 	EXP 	target_square_2: autoDraw = False
525.3315 	EXP 	fixation_3: autoDraw = False
525.3315 	EXP 	target_square_2: pos = array([0.2, 0. ])
525.3315 	EXP 	grid_lines_2: autoDraw = True
525.3315 	EXP 	target_square_2: autoDraw = True
526.0319 	DATA 	Mouse: Left button down, pos=(881,643)
526.2985 	DATA 	Mouse:  Left button up, pos=(881,643)
526.3149 	EXP 	fixation_3: autoDraw = True
526.3315 	EXP 	target_square_2: autoDraw = False
527.3144 	EXP 	fixation_3: autoDraw = False
527.3182 	EXP 	New trial (rep=0, index=74): {'square': 8, 'location': [0, -0.2], 'corrAns': None}
527.3187 	EXP 	window1: mouseVisible = False
527.3316 	EXP 	grid_lines_2: autoDraw = False
527.3316 	EXP 	target_square_2: autoDraw = False
527.3316 	EXP 	fixation_3: autoDraw = False
527.3316 	EXP 	target_square_2: pos = array([ 0. , -0.2])
527.3316 	EXP 	grid_lines_2: autoDraw = True
527.3316 	EXP 	target_square_2: autoDraw = True
528.3149 	EXP 	fixation_3: autoDraw = True
528.3316 	EXP 	target_square_2: autoDraw = False
529.3149 	EXP 	fixation_3: autoDraw = False
529.3190 	EXP 	New trial (rep=0, index=75): {'square': 9, 'location': [0.2, -0.2], 'corrAns': None}
529.3195 	EXP 	window1: mouseVisible = False
529.3316 	EXP 	grid_lines_2: autoDraw = False
529.3316 	EXP 	target_square_2: autoDraw = False
529.3316 	EXP 	fixation_3: autoDraw = False
529.3316 	EXP 	target_square_2: pos = array([ 0.2, -0.2])
529.3316 	EXP 	grid_lines_2: autoDraw = True
529.3316 	EXP 	target_square_2: autoDraw = True
530.3149 	EXP 	fixation_3: autoDraw = True
530.3316 	EXP 	target_square_2: autoDraw = False
531.3149 	EXP 	fixation_3: autoDraw = False
531.3189 	EXP 	New trial (rep=0, index=76): {'square': 9, 'location': [0.2, -0.2], 'corrAns': None}
531.3193 	EXP 	window1: mouseVisible = False
531.3316 	EXP 	grid_lines_2: autoDraw = False
531.3316 	EXP 	target_square_2: autoDraw = False
531.3316 	EXP 	fixation_3: autoDraw = False
531.3316 	EXP 	target_square_2: pos = array([ 0.2, -0.2])
531.3316 	EXP 	grid_lines_2: autoDraw = True
531.3316 	EXP 	target_square_2: autoDraw = True
532.3149 	EXP 	fixation_3: autoDraw = True
532.3316 	EXP 	target_square_2: autoDraw = False
533.3150 	EXP 	fixation_3: autoDraw = False
533.3188 	EXP 	New trial (rep=0, index=77): {'square': 1, 'location': [-0.2, 0.2], 'corrAns': None}
533.3193 	EXP 	window1: mouseVisible = False
533.3316 	EXP 	grid_lines_2: autoDraw = False
533.3316 	EXP 	target_square_2: autoDraw = False
533.3316 	EXP 	fixation_3: autoDraw = False
533.3316 	EXP 	target_square_2: pos = array([-0.2,  0.2])
533.3316 	EXP 	grid_lines_2: autoDraw = True
533.3316 	EXP 	target_square_2: autoDraw = True
534.3150 	EXP 	fixation_3: autoDraw = True
534.3316 	EXP 	target_square_2: autoDraw = False
535.3150 	EXP 	fixation_3: autoDraw = False
535.3189 	EXP 	New trial (rep=0, index=78): {'square': 3, 'location': [0.2, 0.2], 'corrAns': None}
535.3193 	EXP 	window1: mouseVisible = False
535.3316 	EXP 	grid_lines_2: autoDraw = False
535.3316 	EXP 	target_square_2: autoDraw = False
535.3316 	EXP 	fixation_3: autoDraw = False
535.3316 	EXP 	target_square_2: pos = array([0.2, 0.2])
535.3316 	EXP 	grid_lines_2: autoDraw = True
535.3316 	EXP 	target_square_2: autoDraw = True
536.3150 	EXP 	fixation_3: autoDraw = True
536.3316 	EXP 	target_square_2: autoDraw = False
537.3150 	EXP 	fixation_3: autoDraw = False
537.3190 	EXP 	New trial (rep=0, index=79): {'square': 5, 'location': [0, 0], 'corrAns': None}
537.3194 	EXP 	window1: mouseVisible = False
537.3316 	EXP 	grid_lines_2: autoDraw = False
537.3316 	EXP 	target_square_2: autoDraw = False
537.3316 	EXP 	fixation_3: autoDraw = False
537.3316 	EXP 	target_square_2: pos = array([0., 0.])
537.3316 	EXP 	grid_lines_2: autoDraw = True
537.3316 	EXP 	target_square_2: autoDraw = True
538.3150 	EXP 	fixation_3: autoDraw = True
538.3316 	EXP 	target_square_2: autoDraw = False
539.3150 	EXP 	fixation_3: autoDraw = False
539.3188 	EXP 	New trial (rep=0, index=80): {'square': 3, 'location': [0.2, 0.2], 'corrAns': 1}
539.3192 	EXP 	window1: mouseVisible = False
539.3317 	EXP 	grid_lines_2: autoDraw = False
539.3317 	EXP 	target_square_2: autoDraw = False
539.3317 	EXP 	fixation_3: autoDraw = False
539.3317 	EXP 	target_square_2: pos = array([0.2, 0.2])
539.3317 	EXP 	grid_lines_2: autoDraw = True
539.3317 	EXP 	target_square_2: autoDraw = True
540.3150 	EXP 	fixation_3: autoDraw = True
540.3317 	EXP 	target_square_2: autoDraw = False
541.3149 	EXP 	fixation_3: autoDraw = False
541.3188 	EXP 	New trial (rep=0, index=81): {'square': 4, 'location': [-0.2, 0], 'corrAns': None}
541.3195 	EXP 	window1: mouseVisible = False
541.3317 	EXP 	grid_lines_2: autoDraw = False
541.3317 	EXP 	target_square_2: autoDraw = False
541.3317 	EXP 	fixation_3: autoDraw = False
541.3317 	EXP 	target_square_2: pos = array([-0.2,  0. ])
541.3317 	EXP 	grid_lines_2: autoDraw = True
541.3317 	EXP 	target_square_2: autoDraw = True
542.3150 	EXP 	fixation_3: autoDraw = True
542.3317 	EXP 	target_square_2: autoDraw = False
543.3150 	EXP 	fixation_3: autoDraw = False
543.3188 	EXP 	New trial (rep=0, index=82): {'square': 7, 'location': [-0.2, -0.2], 'corrAns': None}
543.3193 	EXP 	window1: mouseVisible = False
543.3317 	EXP 	grid_lines_2: autoDraw = False
543.3317 	EXP 	target_square_2: autoDraw = False
543.3317 	EXP 	fixation_3: autoDraw = False
543.3317 	EXP 	target_square_2: pos = array([-0.2, -0.2])
543.3317 	EXP 	grid_lines_2: autoDraw = True
543.3317 	EXP 	target_square_2: autoDraw = True
544.3150 	EXP 	fixation_3: autoDraw = True
544.3316 	EXP 	target_square_2: autoDraw = False
545.3150 	EXP 	fixation_3: autoDraw = False
545.3190 	EXP 	New trial (rep=0, index=83): {'square': 4, 'location': [-0.2, 0], 'corrAns': 1}
545.3195 	EXP 	window1: mouseVisible = False
545.3318 	EXP 	grid_lines_2: autoDraw = False
545.3318 	EXP 	target_square_2: autoDraw = False
545.3318 	EXP 	fixation_3: autoDraw = False
545.3318 	EXP 	target_square_2: pos = array([-0.2,  0. ])
545.3318 	EXP 	grid_lines_2: autoDraw = True
545.3318 	EXP 	target_square_2: autoDraw = True
546.3151 	EXP 	fixation_3: autoDraw = True
546.3317 	EXP 	target_square_2: autoDraw = False
547.3150 	EXP 	fixation_3: autoDraw = False
547.3188 	EXP 	New trial (rep=0, index=84): {'square': 4, 'location': [-0.2, 0], 'corrAns': None}
547.3192 	EXP 	window1: mouseVisible = False
547.3317 	EXP 	grid_lines_2: autoDraw = False
547.3317 	EXP 	target_square_2: autoDraw = False
547.3317 	EXP 	fixation_3: autoDraw = False
547.3317 	EXP 	target_square_2: pos = array([-0.2,  0. ])
547.3317 	EXP 	grid_lines_2: autoDraw = True
547.3317 	EXP 	target_square_2: autoDraw = True
548.3151 	EXP 	fixation_3: autoDraw = True
548.3317 	EXP 	target_square_2: autoDraw = False
549.3151 	EXP 	fixation_3: autoDraw = False
549.3189 	EXP 	New trial (rep=0, index=85): {'square': 5, 'location': [0, 0], 'corrAns': None}
549.3192 	EXP 	window1: mouseVisible = False
549.3318 	EXP 	grid_lines_2: autoDraw = False
549.3318 	EXP 	target_square_2: autoDraw = False
549.3318 	EXP 	fixation_3: autoDraw = False
549.3318 	EXP 	target_square_2: pos = array([0., 0.])
549.3318 	EXP 	grid_lines_2: autoDraw = True
549.3318 	EXP 	target_square_2: autoDraw = True
550.3151 	EXP 	fixation_3: autoDraw = True
550.3318 	EXP 	target_square_2: autoDraw = False
551.3151 	EXP 	fixation_3: autoDraw = False
551.3189 	EXP 	New trial (rep=0, index=86): {'square': 2, 'location': [0, 0.2], 'corrAns': None}
551.3194 	EXP 	window1: mouseVisible = False
551.3318 	EXP 	grid_lines_2: autoDraw = False
551.3318 	EXP 	target_square_2: autoDraw = False
551.3318 	EXP 	fixation_3: autoDraw = False
551.3318 	EXP 	target_square_2: pos = array([0. , 0.2])
551.3318 	EXP 	grid_lines_2: autoDraw = True
551.3318 	EXP 	target_square_2: autoDraw = True
552.3151 	EXP 	fixation_3: autoDraw = True
552.3318 	EXP 	target_square_2: autoDraw = False
553.3151 	EXP 	fixation_3: autoDraw = False
553.3188 	EXP 	New trial (rep=0, index=87): {'square': 6, 'location': [0.2, 0], 'corrAns': None}
553.3193 	EXP 	window1: mouseVisible = False
553.3318 	EXP 	grid_lines_2: autoDraw = False
553.3318 	EXP 	target_square_2: autoDraw = False
553.3318 	EXP 	fixation_3: autoDraw = False
553.3318 	EXP 	target_square_2: pos = array([0.2, 0. ])
553.3318 	EXP 	grid_lines_2: autoDraw = True
553.3318 	EXP 	target_square_2: autoDraw = True
554.3151 	EXP 	fixation_3: autoDraw = True
554.3318 	EXP 	target_square_2: autoDraw = False
555.3151 	EXP 	fixation_3: autoDraw = False
555.3188 	EXP 	New trial (rep=0, index=88): {'square': 7, 'location': [-0.2, -0.2], 'corrAns': None}
555.3193 	EXP 	window1: mouseVisible = False
555.3318 	EXP 	grid_lines_2: autoDraw = False
555.3318 	EXP 	target_square_2: autoDraw = False
555.3318 	EXP 	fixation_3: autoDraw = False
555.3318 	EXP 	target_square_2: pos = array([-0.2, -0.2])
555.3318 	EXP 	grid_lines_2: autoDraw = True
555.3318 	EXP 	target_square_2: autoDraw = True
556.3151 	EXP 	fixation_3: autoDraw = True
556.3318 	EXP 	target_square_2: autoDraw = False
557.3151 	EXP 	fixation_3: autoDraw = False
557.3190 	EXP 	New trial (rep=0, index=89): {'square': 6, 'location': [0.2, 0], 'corrAns': 1}
557.3195 	EXP 	window1: mouseVisible = False
557.3318 	EXP 	grid_lines_2: autoDraw = False
557.3318 	EXP 	target_square_2: autoDraw = False
557.3318 	EXP 	fixation_3: autoDraw = False
557.3318 	EXP 	target_square_2: pos = array([0.2, 0. ])
557.3318 	EXP 	grid_lines_2: autoDraw = True
557.3318 	EXP 	target_square_2: autoDraw = True
558.3152 	EXP 	fixation_3: autoDraw = True
558.3318 	EXP 	target_square_2: autoDraw = False
558.3322 	DATA 	Mouse: Left button down, pos=(881,643)
558.6154 	DATA 	Mouse:  Left button up, pos=(881,643)
559.3151 	EXP 	fixation_3: autoDraw = False
559.3191 	EXP 	New trial (rep=0, index=90): {'square': 6, 'location': [0.2, 0], 'corrAns': None}
559.3196 	EXP 	window1: mouseVisible = False
559.3318 	EXP 	grid_lines_2: autoDraw = False
559.3318 	EXP 	target_square_2: autoDraw = False
559.3318 	EXP 	fixation_3: autoDraw = False
559.3318 	EXP 	target_square_2: pos = array([0.2, 0. ])
559.3318 	EXP 	grid_lines_2: autoDraw = True
559.3318 	EXP 	target_square_2: autoDraw = True
560.3152 	EXP 	fixation_3: autoDraw = True
560.3318 	EXP 	target_square_2: autoDraw = False
561.3152 	EXP 	fixation_3: autoDraw = False
561.3194 	EXP 	New trial (rep=0, index=91): {'square': 7, 'location': [-0.2, -0.2], 'corrAns': None}
561.3199 	EXP 	window1: mouseVisible = False
561.3319 	EXP 	grid_lines_2: autoDraw = False
561.3319 	EXP 	target_square_2: autoDraw = False
561.3319 	EXP 	fixation_3: autoDraw = False
561.3319 	EXP 	target_square_2: pos = array([-0.2, -0.2])
561.3319 	EXP 	grid_lines_2: autoDraw = True
561.3319 	EXP 	target_square_2: autoDraw = True
562.3152 	EXP 	fixation_3: autoDraw = True
562.3319 	EXP 	target_square_2: autoDraw = False
563.3152 	EXP 	fixation_3: autoDraw = False
563.3191 	EXP 	New trial (rep=0, index=92): {'square': 6, 'location': [0.2, 0], 'corrAns': 1}
563.3195 	EXP 	window1: mouseVisible = False
563.3319 	EXP 	grid_lines_2: autoDraw = False
563.3319 	EXP 	target_square_2: autoDraw = False
563.3319 	EXP 	fixation_3: autoDraw = False
563.3319 	EXP 	target_square_2: pos = array([0.2, 0. ])
563.3319 	EXP 	grid_lines_2: autoDraw = True
563.3319 	EXP 	target_square_2: autoDraw = True
564.3152 	EXP 	fixation_3: autoDraw = True
564.3319 	EXP 	target_square_2: autoDraw = False
564.5322 	DATA 	Mouse: Left button down, pos=(881,644)
564.8155 	DATA 	Mouse:  Left button up, pos=(881,644)
565.3152 	EXP 	fixation_3: autoDraw = False
565.3190 	EXP 	New trial (rep=0, index=93): {'square': 2, 'location': [0, 0.2], 'corrAns': None}
565.3195 	EXP 	window1: mouseVisible = False
565.3319 	EXP 	grid_lines_2: autoDraw = False
565.3319 	EXP 	target_square_2: autoDraw = False
565.3319 	EXP 	fixation_3: autoDraw = False
565.3319 	EXP 	target_square_2: pos = array([0. , 0.2])
565.3319 	EXP 	grid_lines_2: autoDraw = True
565.3319 	EXP 	target_square_2: autoDraw = True
566.3152 	EXP 	fixation_3: autoDraw = True
566.3319 	EXP 	target_square_2: autoDraw = False
567.3152 	EXP 	fixation_3: autoDraw = False
567.3190 	EXP 	New trial (rep=0, index=94): {'square': 5, 'location': [0, 0], 'corrAns': None}
567.3194 	EXP 	window1: mouseVisible = False
567.3319 	EXP 	grid_lines_2: autoDraw = False
567.3319 	EXP 	target_square_2: autoDraw = False
567.3319 	EXP 	fixation_3: autoDraw = False
567.3319 	EXP 	target_square_2: pos = array([0., 0.])
567.3319 	EXP 	grid_lines_2: autoDraw = True
567.3319 	EXP 	target_square_2: autoDraw = True
568.3152 	EXP 	fixation_3: autoDraw = True
568.3319 	EXP 	target_square_2: autoDraw = False
569.3152 	EXP 	fixation_3: autoDraw = False
569.3190 	EXP 	New trial (rep=0, index=95): {'square': 4, 'location': [-0.2, 0], 'corrAns': None}
569.3195 	EXP 	window1: mouseVisible = False
569.3319 	EXP 	grid_lines_2: autoDraw = False
569.3319 	EXP 	target_square_2: autoDraw = False
569.3319 	EXP 	fixation_3: autoDraw = False
569.3319 	EXP 	target_square_2: pos = array([-0.2,  0. ])
569.3319 	EXP 	grid_lines_2: autoDraw = True
569.3319 	EXP 	target_square_2: autoDraw = True
570.3152 	EXP 	fixation_3: autoDraw = True
570.3319 	EXP 	target_square_2: autoDraw = False
571.3153 	EXP 	fixation_3: autoDraw = False
571.3192 	EXP 	New trial (rep=0, index=96): {'square': 4, 'location': [-0.2, 0], 'corrAns': None}
571.3196 	EXP 	window1: mouseVisible = False
571.3319 	EXP 	grid_lines_2: autoDraw = False
571.3319 	EXP 	target_square_2: autoDraw = False
571.3319 	EXP 	fixation_3: autoDraw = False
571.3319 	EXP 	target_square_2: pos = array([-0.2,  0. ])
571.3319 	EXP 	grid_lines_2: autoDraw = True
571.3319 	EXP 	target_square_2: autoDraw = True
571.8822 	DATA 	Mouse: Left button down, pos=(881,644)
572.1988 	DATA 	Mouse:  Left button up, pos=(881,644)
572.3153 	EXP 	fixation_3: autoDraw = True
572.3319 	EXP 	target_square_2: autoDraw = False
573.3153 	EXP 	fixation_3: autoDraw = False
573.3190 	EXP 	New trial (rep=0, index=97): {'square': 7, 'location': [-0.2, -0.2], 'corrAns': None}
573.3195 	EXP 	window1: mouseVisible = False
573.3319 	EXP 	grid_lines_2: autoDraw = False
573.3319 	EXP 	target_square_2: autoDraw = False
573.3319 	EXP 	fixation_3: autoDraw = False
573.3319 	EXP 	target_square_2: pos = array([-0.2, -0.2])
573.3319 	EXP 	grid_lines_2: autoDraw = True
573.3319 	EXP 	target_square_2: autoDraw = True
574.3153 	EXP 	fixation_3: autoDraw = True
574.3320 	EXP 	target_square_2: autoDraw = False
575.3153 	EXP 	fixation_3: autoDraw = False
575.3191 	EXP 	New trial (rep=0, index=98): {'square': 4, 'location': [-0.2, 0], 'corrAns': 1}
575.3195 	EXP 	window1: mouseVisible = False
575.3318 	EXP 	grid_lines_2: autoDraw = False
575.3318 	EXP 	target_square_2: autoDraw = False
575.3318 	EXP 	fixation_3: autoDraw = False
575.3318 	EXP 	target_square_2: pos = array([-0.2,  0. ])
575.3318 	EXP 	grid_lines_2: autoDraw = True
575.3318 	EXP 	target_square_2: autoDraw = True
576.3153 	EXP 	fixation_3: autoDraw = True
576.3320 	EXP 	target_square_2: autoDraw = False
576.7990 	DATA 	Mouse: Left button down, pos=(881,644)
577.0489 	DATA 	Mouse:  Left button up, pos=(881,644)
577.3153 	EXP 	fixation_3: autoDraw = False
577.3191 	EXP 	New trial (rep=0, index=99): {'square': 3, 'location': [0.2, 0.2], 'corrAns': None}
577.3196 	EXP 	window1: mouseVisible = False
577.3320 	EXP 	grid_lines_2: autoDraw = False
577.3320 	EXP 	target_square_2: autoDraw = False
577.3320 	EXP 	fixation_3: autoDraw = False
577.3320 	EXP 	target_square_2: pos = array([0.2, 0.2])
577.3320 	EXP 	grid_lines_2: autoDraw = True
577.3320 	EXP 	target_square_2: autoDraw = True
578.3153 	EXP 	fixation_3: autoDraw = True
578.3320 	EXP 	target_square_2: autoDraw = False
579.3153 	EXP 	fixation_3: autoDraw = False
579.3190 	EXP 	New trial (rep=0, index=100): {'square': 5, 'location': [0, 0], 'corrAns': None}
579.3194 	EXP 	window1: mouseVisible = False
579.3320 	EXP 	grid_lines_2: autoDraw = False
579.3320 	EXP 	target_square_2: autoDraw = False
579.3320 	EXP 	fixation_3: autoDraw = False
579.3320 	EXP 	target_square_2: pos = array([0., 0.])
579.3320 	EXP 	grid_lines_2: autoDraw = True
579.3320 	EXP 	target_square_2: autoDraw = True
580.3153 	EXP 	fixation_3: autoDraw = True
580.3320 	EXP 	target_square_2: autoDraw = False
581.3153 	EXP 	fixation_3: autoDraw = False
581.3193 	EXP 	New trial (rep=0, index=101): {'square': 3, 'location': [0.2, 0.2], 'corrAns': 1}
581.3198 	EXP 	window1: mouseVisible = False
581.3320 	EXP 	grid_lines_2: autoDraw = False
581.3320 	EXP 	target_square_2: autoDraw = False
581.3320 	EXP 	fixation_3: autoDraw = False
581.3320 	EXP 	target_square_2: pos = array([0.2, 0.2])
581.3320 	EXP 	grid_lines_2: autoDraw = True
581.3320 	EXP 	target_square_2: autoDraw = True
582.3153 	EXP 	fixation_3: autoDraw = True
582.3320 	EXP 	target_square_2: autoDraw = False
583.3154 	EXP 	fixation_3: autoDraw = False
583.3191 	EXP 	New trial (rep=0, index=102): {'square': 1, 'location': [-0.2, 0.2], 'corrAns': None}
583.3195 	EXP 	window1: mouseVisible = False
583.3320 	EXP 	grid_lines_2: autoDraw = False
583.3320 	EXP 	target_square_2: autoDraw = False
583.3320 	EXP 	fixation_3: autoDraw = False
583.3320 	EXP 	target_square_2: pos = array([-0.2,  0.2])
583.3320 	EXP 	grid_lines_2: autoDraw = True
583.3320 	EXP 	target_square_2: autoDraw = True
584.3154 	EXP 	fixation_3: autoDraw = True
584.3320 	EXP 	target_square_2: autoDraw = False
585.3154 	EXP 	fixation_3: autoDraw = False
585.3191 	EXP 	New trial (rep=0, index=103): {'square': 9, 'location': [0.2, -0.2], 'corrAns': None}
585.3196 	EXP 	window1: mouseVisible = False
585.3320 	EXP 	grid_lines_2: autoDraw = False
585.3320 	EXP 	target_square_2: autoDraw = False
585.3320 	EXP 	fixation_3: autoDraw = False
585.3320 	EXP 	target_square_2: pos = array([ 0.2, -0.2])
585.3320 	EXP 	grid_lines_2: autoDraw = True
585.3320 	EXP 	target_square_2: autoDraw = True
586.3155 	EXP 	fixation_3: autoDraw = True
586.3320 	EXP 	target_square_2: autoDraw = False
587.3154 	EXP 	fixation_3: autoDraw = False
587.3191 	EXP 	New trial (rep=0, index=104): {'square': 9, 'location': [0.2, -0.2], 'corrAns': None}
587.3195 	EXP 	window1: mouseVisible = False
587.3321 	EXP 	grid_lines_2: autoDraw = False
587.3321 	EXP 	target_square_2: autoDraw = False
587.3321 	EXP 	fixation_3: autoDraw = False
587.3321 	EXP 	target_square_2: pos = array([ 0.2, -0.2])
587.3321 	EXP 	grid_lines_2: autoDraw = True
587.3321 	EXP 	target_square_2: autoDraw = True
588.3154 	EXP 	fixation_3: autoDraw = True
588.3321 	EXP 	target_square_2: autoDraw = False
589.3154 	EXP 	fixation_3: autoDraw = False
589.3191 	EXP 	New trial (rep=0, index=105): {'square': 8, 'location': [0, -0.2], 'corrAns': None}
589.3196 	EXP 	window1: mouseVisible = False
589.3321 	EXP 	grid_lines_2: autoDraw = False
589.3321 	EXP 	target_square_2: autoDraw = False
589.3321 	EXP 	fixation_3: autoDraw = False
589.3321 	EXP 	target_square_2: pos = array([ 0. , -0.2])
589.3321 	EXP 	grid_lines_2: autoDraw = True
589.3321 	EXP 	target_square_2: autoDraw = True
590.3154 	EXP 	fixation_3: autoDraw = True
590.3321 	EXP 	target_square_2: autoDraw = False
591.3154 	EXP 	fixation_3: autoDraw = False
591.3192 	EXP 	New trial (rep=0, index=106): {'square': 6, 'location': [0.2, 0], 'corrAns': None}
591.3197 	EXP 	window1: mouseVisible = False
591.3321 	EXP 	grid_lines_2: autoDraw = False
591.3321 	EXP 	target_square_2: autoDraw = False
591.3321 	EXP 	fixation_3: autoDraw = False
591.3321 	EXP 	target_square_2: pos = array([0.2, 0. ])
591.3321 	EXP 	grid_lines_2: autoDraw = True
591.3321 	EXP 	target_square_2: autoDraw = True
592.3154 	EXP 	fixation_3: autoDraw = True
592.3321 	EXP 	target_square_2: autoDraw = False
593.3154 	EXP 	fixation_3: autoDraw = False
593.3192 	EXP 	New trial (rep=0, index=107): {'square': 3, 'location': [0.2, 0.2], 'corrAns': None}
593.3197 	EXP 	window1: mouseVisible = False
593.3321 	EXP 	grid_lines_2: autoDraw = False
593.3321 	EXP 	target_square_2: autoDraw = False
593.3321 	EXP 	fixation_3: autoDraw = False
593.3321 	EXP 	target_square_2: pos = array([0.2, 0.2])
593.3321 	EXP 	grid_lines_2: autoDraw = True
593.3321 	EXP 	target_square_2: autoDraw = True
594.3154 	EXP 	fixation_3: autoDraw = True
594.3321 	EXP 	target_square_2: autoDraw = False
595.3155 	EXP 	fixation_3: autoDraw = False
595.3191 	EXP 	New trial (rep=0, index=108): {'square': 6, 'location': [0.2, 0], 'corrAns': 1}
595.3196 	EXP 	window1: mouseVisible = False
595.3321 	EXP 	grid_lines_2: autoDraw = False
595.3321 	EXP 	target_square_2: autoDraw = False
595.3321 	EXP 	fixation_3: autoDraw = False
595.3321 	EXP 	target_square_2: pos = array([0.2, 0. ])
595.3321 	EXP 	grid_lines_2: autoDraw = True
595.3321 	EXP 	target_square_2: autoDraw = True
596.2491 	DATA 	Mouse: Left button down, pos=(881,644)
596.3155 	EXP 	fixation_3: autoDraw = True
596.3321 	EXP 	target_square_2: autoDraw = False
596.5824 	DATA 	Mouse:  Left button up, pos=(881,644)
597.3154 	EXP 	fixation_3: autoDraw = False
597.3191 	EXP 	New trial (rep=0, index=109): {'square': 5, 'location': [0, 0], 'corrAns': None}
597.3195 	EXP 	window1: mouseVisible = False
597.3321 	EXP 	grid_lines_2: autoDraw = False
597.3321 	EXP 	target_square_2: autoDraw = False
597.3321 	EXP 	fixation_3: autoDraw = False
597.3321 	EXP 	target_square_2: pos = array([0., 0.])
597.3321 	EXP 	grid_lines_2: autoDraw = True
597.3321 	EXP 	target_square_2: autoDraw = True
598.3155 	EXP 	fixation_3: autoDraw = True
598.3321 	EXP 	target_square_2: autoDraw = False
599.3155 	EXP 	fixation_3: autoDraw = False
599.3192 	EXP 	New trial (rep=0, index=110): {'square': 7, 'location': [-0.2, -0.2], 'corrAns': None}
599.3197 	EXP 	window1: mouseVisible = False
599.3322 	EXP 	grid_lines_2: autoDraw = False
599.3322 	EXP 	target_square_2: autoDraw = False
599.3322 	EXP 	fixation_3: autoDraw = False
599.3322 	EXP 	target_square_2: pos = array([-0.2, -0.2])
599.3322 	EXP 	grid_lines_2: autoDraw = True
599.3322 	EXP 	target_square_2: autoDraw = True
600.3155 	EXP 	fixation_3: autoDraw = True
600.3321 	EXP 	target_square_2: autoDraw = False
601.3155 	EXP 	fixation_3: autoDraw = False
601.3197 	EXP 	New trial (rep=0, index=111): {'square': 5, 'location': [0, 0], 'corrAns': 1}
601.3201 	EXP 	window1: mouseVisible = False
601.3322 	EXP 	grid_lines_2: autoDraw = False
601.3322 	EXP 	target_square_2: autoDraw = False
601.3322 	EXP 	fixation_3: autoDraw = False
601.3322 	EXP 	target_square_2: pos = array([0., 0.])
601.3322 	EXP 	grid_lines_2: autoDraw = True
601.3322 	EXP 	target_square_2: autoDraw = True
602.3155 	EXP 	fixation_3: autoDraw = True
602.3322 	EXP 	target_square_2: autoDraw = False
603.3155 	EXP 	fixation_3: autoDraw = False
603.3193 	EXP 	New trial (rep=0, index=112): {'square': 1, 'location': [-0.2, 0.2], 'corrAns': None}
603.3198 	EXP 	window1: mouseVisible = False
603.3322 	EXP 	grid_lines_2: autoDraw = False
603.3322 	EXP 	target_square_2: autoDraw = False
603.3322 	EXP 	fixation_3: autoDraw = False
603.3322 	EXP 	target_square_2: pos = array([-0.2,  0.2])
603.3322 	EXP 	grid_lines_2: autoDraw = True
603.3322 	EXP 	target_square_2: autoDraw = True
604.3155 	EXP 	fixation_3: autoDraw = True
604.3322 	EXP 	target_square_2: autoDraw = False
605.3155 	EXP 	fixation_3: autoDraw = False
605.3193 	EXP 	New trial (rep=0, index=113): {'square': 7, 'location': [-0.2, -0.2], 'corrAns': None}
605.3198 	EXP 	window1: mouseVisible = False
605.3322 	EXP 	grid_lines_2: autoDraw = False
605.3322 	EXP 	target_square_2: autoDraw = False
605.3322 	EXP 	fixation_3: autoDraw = False
605.3322 	EXP 	target_square_2: pos = array([-0.2, -0.2])
605.3322 	EXP 	grid_lines_2: autoDraw = True
605.3322 	EXP 	target_square_2: autoDraw = True
606.3155 	EXP 	fixation_3: autoDraw = True
606.3322 	EXP 	target_square_2: autoDraw = False
607.3155 	EXP 	fixation_3: autoDraw = False
607.3193 	EXP 	New trial (rep=0, index=114): {'square': 9, 'location': [0.2, -0.2], 'corrAns': None}
607.3198 	EXP 	window1: mouseVisible = False
607.3322 	EXP 	grid_lines_2: autoDraw = False
607.3322 	EXP 	target_square_2: autoDraw = False
607.3322 	EXP 	fixation_3: autoDraw = False
607.3322 	EXP 	target_square_2: pos = array([ 0.2, -0.2])
607.3322 	EXP 	grid_lines_2: autoDraw = True
607.3322 	EXP 	target_square_2: autoDraw = True
608.3156 	EXP 	fixation_3: autoDraw = True
608.3322 	EXP 	target_square_2: autoDraw = False
609.3156 	EXP 	fixation_3: autoDraw = False
609.3193 	EXP 	New trial (rep=0, index=115): {'square': 3, 'location': [0.2, 0.2], 'corrAns': None}
609.3198 	EXP 	window1: mouseVisible = False
609.3322 	EXP 	grid_lines_2: autoDraw = False
609.3322 	EXP 	target_square_2: autoDraw = False
609.3322 	EXP 	fixation_3: autoDraw = False
609.3322 	EXP 	target_square_2: pos = array([0.2, 0.2])
609.3322 	EXP 	grid_lines_2: autoDraw = True
609.3322 	EXP 	target_square_2: autoDraw = True
610.3156 	EXP 	fixation_3: autoDraw = True
610.3322 	EXP 	target_square_2: autoDraw = False
611.3156 	EXP 	fixation_3: autoDraw = False
611.3194 	EXP 	New trial (rep=0, index=116): {'square': 9, 'location': [0.2, -0.2], 'corrAns': 1}
611.3200 	EXP 	window1: mouseVisible = False
611.3323 	EXP 	grid_lines_2: autoDraw = False
611.3323 	EXP 	target_square_2: autoDraw = False
611.3323 	EXP 	fixation_3: autoDraw = False
611.3323 	EXP 	target_square_2: pos = array([ 0.2, -0.2])
611.3323 	EXP 	grid_lines_2: autoDraw = True
611.3323 	EXP 	target_square_2: autoDraw = True
611.9493 	DATA 	Mouse: Left button down, pos=(881,644)
612.2659 	DATA 	Mouse:  Left button up, pos=(881,644)
612.3156 	EXP 	fixation_3: autoDraw = True
612.3323 	EXP 	target_square_2: autoDraw = False
613.3156 	EXP 	fixation_3: autoDraw = False
613.3193 	EXP 	New trial (rep=0, index=117): {'square': 6, 'location': [0.2, 0], 'corrAns': None}
613.3198 	EXP 	window1: mouseVisible = False
613.3323 	EXP 	grid_lines_2: autoDraw = False
613.3323 	EXP 	target_square_2: autoDraw = False
613.3323 	EXP 	fixation_3: autoDraw = False
613.3323 	EXP 	target_square_2: pos = array([0.2, 0. ])
613.3323 	EXP 	grid_lines_2: autoDraw = True
613.3323 	EXP 	target_square_2: autoDraw = True
614.3156 	EXP 	fixation_3: autoDraw = True
614.3323 	EXP 	target_square_2: autoDraw = False
615.3156 	EXP 	fixation_3: autoDraw = False
615.3195 	EXP 	New trial (rep=0, index=118): {'square': 2, 'location': [0, 0.2], 'corrAns': None}
615.3199 	EXP 	window1: mouseVisible = False
615.3323 	EXP 	grid_lines_2: autoDraw = False
615.3323 	EXP 	target_square_2: autoDraw = False
615.3323 	EXP 	fixation_3: autoDraw = False
615.3323 	EXP 	target_square_2: pos = array([0. , 0.2])
615.3323 	EXP 	grid_lines_2: autoDraw = True
615.3323 	EXP 	target_square_2: autoDraw = True
616.3156 	EXP 	fixation_3: autoDraw = True
616.3323 	EXP 	target_square_2: autoDraw = False
617.3157 	EXP 	fixation_3: autoDraw = False
617.3194 	EXP 	New trial (rep=0, index=119): {'square': 5, 'location': [0, 0], 'corrAns': None}
617.3198 	EXP 	window1: mouseVisible = False
617.3323 	EXP 	grid_lines_2: autoDraw = False
617.3323 	EXP 	target_square_2: autoDraw = False
617.3323 	EXP 	fixation_3: autoDraw = False
617.3323 	EXP 	target_square_2: pos = array([0., 0.])
617.3323 	EXP 	grid_lines_2: autoDraw = True
617.3323 	EXP 	target_square_2: autoDraw = True
618.3157 	EXP 	fixation_3: autoDraw = True
618.3323 	EXP 	target_square_2: autoDraw = False
619.3157 	EXP 	fixation_3: autoDraw = False
619.3333 	EXP 	Created unnamed TextStim = TextStim(__class__=<class 'psychopy.visual.text.TextStim'>, alignHoriz=method-wrapper(...), alignText='center', alignVert=method-wrapper(...), anchorHoriz='center', anchorVert='center', antialias=True, autoLog=True, bold=False, color=array([1., 1., 1.]), colorSpace='rgb', contrast=1.0, depth=0, flipHoriz=False, flipVert=False, font='', fontFiles=[], height=0.05, italic=False, languageStyle='LTR', name='unnamed TextStim', opacity=1.0, ori=0.0, pos=array([0., 0.]), rgb=UNKNOWN, text=str(...), units='height', win=Window(...), wrapWidth=1)
619.3490 	EXP 	grid_lines_2: autoDraw = False
619.3490 	EXP 	target_square_2: autoDraw = False
619.3490 	EXP 	fixation_3: autoDraw = False
645.9212 	DATA 	Keypress: e
646.0256 	EXP 	Created unnamed TextStim = TextStim(__class__=<class 'psychopy.visual.text.TextStim'>, alignHoriz=method-wrapper(...), alignText='center', alignVert=method-wrapper(...), anchorHoriz='center', anchorVert='center', antialias=True, autoLog=True, bold=False, color=array([1., 1., 1.]), colorSpace='rgb', contrast=1.0, depth=0, flipHoriz=False, flipVert=False, font='', fontFiles=[], height=0.05, italic=False, languageStyle='LTR', name='unnamed TextStim', opacity=1.0, ori=0.0, pos=array([0., 0.]), rgb=UNKNOWN, text=str(...), units='height', win=Window(...), wrapWidth=1)
646.0962 	EXP 	window1: mouseVisible = True
