23.7234 	WARNING 	Requested an unavailable screen number - using first available.
25.4050 	EXP 	Created Begin = TextStim(__class__=<class 'psychopy.visual.text.TextStim'>, alignHoriz=method-wrapper(...), alignText='center', alignVert=method-wrapper(...), anchorHoriz='center', anchorVert='center', antialias=True, autoLog=True, bold=False, color=array([1, 1, 1]), colorSpace='rgb', contrast=1.0, depth=0.0, flipHoriz=False, flipVert=False, font='Arial', fontFiles=[], height=0.05, italic=False, languageStyle='LTR', name='Begin', opacity=1, ori=0, pos=array([0., 0.]), rgb=UNKNOWN, text=str(...), units='height', win=Window(...), wrapWidth=1)
25.7130 	EXP 	Created movie = MovieStim3(__class__=<class 'psychopy.visual.movie3.MovieStim3'>, autoLog=True, color=UNKNOWN, colorSpace=UNKNOWN, depth=-1.0, filename=str(...), flipHoriz=False, flipVert=False, fps=UNKNOWN, interpolate=True, loop=False, name='movie', noAudio=False, opacity=1, ori=method-wrapper(...), pos=array([0., 0.]), size=method-wrapper(...), units='pix', vframe_callback=UNKNOWN, volume=UNKNOWN, win=Window(...))
37.6015 	EXP 	Created movie = MovieStim3(__class__=<class 'psychopy.visual.movie3.MovieStim3'>, autoLog=True, color=UNKNOWN, colorSpace=UNKNOWN, depth=-1.0, filename=str(...), flipHoriz=False, flipVert=False, fps=UNKNOWN, interpolate=True, loop=False, name='movie', noAudio=False, opacity=1, ori=method-wrapper(...), pos=array([0., 0.]), size=method-wrapper(...), units='pix', vframe_callback=UNKNOWN, volume=UNKNOWN, win=Window(...))
40.1050 	EXP 	Created unnamed TextStim = TextStim(__class__=<class 'psychopy.visual.text.TextStim'>, alignHoriz=method-wrapper(...), alignText='center', alignVert=method-wrapper(...), anchorHoriz='center', anchorVert='center', antialias=True, autoLog=True, bold=False, color=array([1, 1, 1]), colorSpace='rgb', contrast=1.0, depth=0, flipHoriz=False, flipVert=False, font='', fontFiles=[], height=0.3, italic=False, languageStyle='LTR', name='unnamed TextStim', opacity=1.0, ori=0.0, pos=array([0., 0.]), rgb=UNKNOWN, text='+', units='height', win=Window(...), wrapWidth=1)
40.1051 	EXP 	window1: mouseVisible = False
40.1935 	EXP 	movie: autoLog = True
40.1935 	EXP 	movie: movie = 'c:\\Users\\Dartmouth\\Documents\\GitHub\\canlab\\WASABI_public\\fMRI Tasks\\WASABI hyperalignment\\stimuli\\videos\\kungfury.mp4'
40.1935 	EXP 	movie: size = array([1920., 1080.])
40.1935 	EXP 	movie: ori = 0
40.1935 	EXP 	movie: autoLog = True
40.1935 	EXP 	movie: movie = 'c:\\Users\\Dartmouth\\Documents\\GitHub\\canlab\\WASABI_public\\fMRI Tasks\\WASABI hyperalignment\\stimuli\\videos\\01_Inscapes_NoScannerSound_h264.wmv'
40.1935 	EXP 	movie: size = array([1024.,  800.])
40.1935 	EXP 	movie: ori = 0
40.1935 	EXP 	Begin: autoDraw = True
42.8898 	DATA 	Keypress: space
42.9067 	EXP 	Created sequence: sequential, trialTypes=1, nReps=1, seed=None
42.9069 	EXP 	New trial (rep=0, index=0): OrderedDict([('runSeq', [OrderedDict([('moviefile', 'c:\\Users\\Dartmouth\\Documents\\GitHub\\canlab\\WASABI_public\\fMRI Tasks\\WASABI hyperalignment\\stimuli\\videos\\kungfury.mp4')]), OrderedDict([('moviefile', 'c:\\Users\\Dartmouth\\Documents\\GitHub\\canlab\\WASABI_public\\fMRI Tasks\\WASABI hyperalignment\\stimuli\\videos\\01_Inscapes_NoScannerSound_h264.wmv')])])])
42.9071 	EXP 	Created sequence: sequential, trialTypes=2, nReps=1, seed=None
42.9073 	EXP 	New trial (rep=0, index=0): OrderedDict([('moviefile', 'c:\\Users\\Dartmouth\\Documents\\GitHub\\canlab\\WASABI_public\\fMRI Tasks\\WASABI hyperalignment\\stimuli\\videos\\kungfury.mp4')])
42.9273 	EXP 	Created unnamed TextStim = TextStim(__class__=<class 'psychopy.visual.text.TextStim'>, alignHoriz=method-wrapper(...), alignText='center', alignVert=method-wrapper(...), anchorHoriz='center', anchorVert='center', antialias=True, autoLog=True, bold=False, color=array([-0.5, -0.5, -0.5]), colorSpace='rgb', contrast=1.0, depth=0, flipHoriz=False, flipVert=False, font='', fontFiles=[], height=0.05, italic=False, languageStyle='LTR', name='unnamed TextStim', opacity=1.0, ori=0.0, pos=array([0., 0.]), rgb=UNKNOWN, text=str(...), units='height', win=Window(...), wrapWidth=1)
42.9354 	EXP 	Begin: autoDraw = False
44.7281 	DATA 	Keypress: s
57.6480 	DATA 	Keypress: 5
60.2094 	DATA 	Keypress: 5
60.2098 	DATA 	Keypress: 5
60.2102 	DATA 	Keypress: 5
60.2106 	DATA 	Keypress: 5
60.2110 	DATA 	Keypress: 5
60.4079 	DATA 	Keypress: 5
60.4088 	EXP 	Sound  started
60.4355 	EXP 	movie: autoDraw = True
60.8804 	DATA 	Keypress: 5
61.3464 	DATA 	Keypress: 5
61.7960 	DATA 	Keypress: 5
62.2540 	DATA 	Keypress: 5
62.7135 	DATA 	Keypress: 5
63.1967 	DATA 	Keypress: 5
63.6298 	DATA 	Keypress: 5
64.1139 	DATA 	Keypress: 5
64.5708 	DATA 	Keypress: 5
65.0305 	DATA 	Keypress: 5
65.4802 	DATA 	Keypress: 5
65.9465 	DATA 	Keypress: 5
66.3971 	DATA 	Keypress: 5
66.8539 	DATA 	Keypress: 5
67.3135 	DATA 	Keypress: 5
67.7710 	DATA 	Keypress: 5
68.2301 	DATA 	Keypress: 5
68.7136 	DATA 	Keypress: 5
69.1711 	DATA 	Keypress: 5
69.6300 	DATA 	Keypress: 5
70.0806 	DATA 	Keypress: 5
70.5375 	DATA 	Keypress: 5
70.9969 	DATA 	Keypress: 5
71.4540 	DATA 	Keypress: 5
71.9134 	DATA 	Keypress: 5
72.3716 	DATA 	Keypress: 5
72.8304 	DATA 	Keypress: 5
73.3137 	DATA 	Keypress: 5
73.7712 	DATA 	Keypress: 5
74.2306 	DATA 	Keypress: 5
74.6797 	DATA 	Keypress: 5
75.1469 	DATA 	Keypress: 5
75.5967 	DATA 	Keypress: 5
76.0545 	DATA 	Keypress: 5
76.5131 	DATA 	Keypress: 5
76.9713 	DATA 	Keypress: 5
77.4297 	DATA 	Keypress: 5
77.9136 	DATA 	Keypress: 5
78.3712 	DATA 	Keypress: 5
78.8296 	DATA 	Keypress: 5
79.2797 	DATA 	Keypress: 5
79.7464 	DATA 	Keypress: 5
80.1973 	DATA 	Keypress: 5
80.6544 	DATA 	Keypress: 5
81.1139 	DATA 	Keypress: 5
81.5714 	DATA 	Keypress: 5
82.0313 	DATA 	Keypress: 5
82.5141 	DATA 	Keypress: 5
82.9716 	DATA 	Keypress: 5
83.4303 	DATA 	Keypress: 5
83.8797 	DATA 	Keypress: 5
84.3474 	DATA 	Keypress: 5
84.7965 	DATA 	Keypress: 5
85.2543 	DATA 	Keypress: 5
85.7134 	DATA 	Keypress: 5
86.1713 	DATA 	Keypress: 5
86.6311 	DATA 	Keypress: 5
87.1142 	DATA 	Keypress: 5
87.5714 	DATA 	Keypress: 5
88.0311 	DATA 	Keypress: 5
88.4810 	DATA 	Keypress: 5
88.9474 	DATA 	Keypress: 5
89.3975 	DATA 	Keypress: 5
89.8548 	DATA 	Keypress: 5
90.3138 	DATA 	Keypress: 5
90.7709 	DATA 	Keypress: 5
91.2304 	DATA 	Keypress: 5
91.7135 	DATA 	Keypress: 5
92.1715 	DATA 	Keypress: 5
92.6306 	DATA 	Keypress: 5
93.0806 	DATA 	Keypress: 5
93.5472 	DATA 	Keypress: 5
93.9971 	DATA 	Keypress: 5
94.4547 	DATA 	Keypress: 5
94.9142 	DATA 	Keypress: 5
95.3716 	DATA 	Keypress: 5
95.8299 	DATA 	Keypress: 5
96.3148 	DATA 	Keypress: 5
96.7718 	DATA 	Keypress: 5
97.2307 	DATA 	Keypress: 5
97.6798 	DATA 	Keypress: 5
98.1468 	DATA 	Keypress: 5
98.5973 	DATA 	Keypress: 5
99.0543 	DATA 	Keypress: 5
99.5140 	DATA 	Keypress: 5
99.9719 	DATA 	Keypress: 5
100.4307 	DATA 	Keypress: 5
100.9140 	DATA 	Keypress: 5
101.3717 	DATA 	Keypress: 5
101.8308 	DATA 	Keypress: 5
102.2801 	DATA 	Keypress: 5
102.7475 	DATA 	Keypress: 5
103.1972 	DATA 	Keypress: 5
103.6551 	DATA 	Keypress: 5
104.1140 	DATA 	Keypress: 5
104.5716 	DATA 	Keypress: 5
105.0299 	DATA 	Keypress: 5
105.5136 	DATA 	Keypress: 5
105.9715 	DATA 	Keypress: 5
106.4310 	DATA 	Keypress: 5
106.8806 	DATA 	Keypress: 5
107.3472 	DATA 	Keypress: 5
107.7975 	DATA 	Keypress: 5
108.2544 	DATA 	Keypress: 5
108.7139 	DATA 	Keypress: 5
109.1718 	DATA 	Keypress: 5
109.6312 	DATA 	Keypress: 5
110.1141 	DATA 	Keypress: 5
110.5711 	DATA 	Keypress: 5
111.0311 	DATA 	Keypress: 5
111.4802 	DATA 	Keypress: 5
111.9465 	DATA 	Keypress: 5
112.3972 	DATA 	Keypress: 5
112.8552 	DATA 	Keypress: 5
113.3147 	DATA 	Keypress: 5
113.7712 	DATA 	Keypress: 5
114.2309 	DATA 	Keypress: 5
114.7146 	DATA 	Keypress: 5
115.1714 	DATA 	Keypress: 5
115.6308 	DATA 	Keypress: 5
116.0813 	DATA 	Keypress: 5
116.5472 	DATA 	Keypress: 5
116.9975 	DATA 	Keypress: 5
117.4554 	DATA 	Keypress: 5
117.9140 	DATA 	Keypress: 5
118.3718 	DATA 	Keypress: 5
118.8314 	DATA 	Keypress: 5
119.3151 	DATA 	Keypress: 5
119.7480 	DATA 	Keypress: 5
120.2307 	DATA 	Keypress: 5
120.6811 	DATA 	Keypress: 5
121.1467 	DATA 	Keypress: 5
121.5972 	DATA 	Keypress: 5
122.0552 	DATA 	Keypress: 5
122.5142 	DATA 	Keypress: 5
122.9720 	DATA 	Keypress: 5
123.4305 	DATA 	Keypress: 5
123.9142 	DATA 	Keypress: 5
124.3712 	DATA 	Keypress: 5
124.8312 	DATA 	Keypress: 5
125.2810 	DATA 	Keypress: 5
125.7472 	DATA 	Keypress: 5
126.1975 	DATA 	Keypress: 5
126.6553 	DATA 	Keypress: 5
127.1146 	DATA 	Keypress: 5
127.5719 	DATA 	Keypress: 5
128.0313 	DATA 	Keypress: 5
128.5139 	DATA 	Keypress: 5
128.9482 	DATA 	Keypress: 5
129.4312 	DATA 	Keypress: 5
129.8808 	DATA 	Keypress: 5
130.3470 	DATA 	Keypress: 5
130.7972 	DATA 	Keypress: 5
131.2550 	DATA 	Keypress: 5
131.7141 	DATA 	Keypress: 5
132.1718 	DATA 	Keypress: 5
132.6305 	DATA 	Keypress: 5
133.1144 	DATA 	Keypress: 5
133.5723 	DATA 	Keypress: 5
134.0307 	DATA 	Keypress: 5
134.4807 	DATA 	Keypress: 5
134.9474 	DATA 	Keypress: 5
135.3979 	DATA 	Keypress: 5
135.8551 	DATA 	Keypress: 5
136.3140 	DATA 	Keypress: 5
136.7724 	DATA 	Keypress: 5
137.2299 	DATA 	Keypress: 5
137.7142 	DATA 	Keypress: 5
138.1720 	DATA 	Keypress: 5
138.6306 	DATA 	Keypress: 5
139.0806 	DATA 	Keypress: 5
139.5476 	DATA 	Keypress: 5
139.9979 	DATA 	Keypress: 5
140.4550 	DATA 	Keypress: 5
140.9141 	DATA 	Keypress: 5
141.3723 	DATA 	Keypress: 5
141.8313 	DATA 	Keypress: 5
142.3151 	DATA 	Keypress: 5
142.7725 	DATA 	Keypress: 5
143.2313 	DATA 	Keypress: 5
143.6816 	DATA 	Keypress: 5
144.1476 	DATA 	Keypress: 5
144.5975 	DATA 	Keypress: 5
145.0548 	DATA 	Keypress: 5
145.5149 	DATA 	Keypress: 5
145.9722 	DATA 	Keypress: 5
146.4316 	DATA 	Keypress: 5
146.9139 	DATA 	Keypress: 5
147.3723 	DATA 	Keypress: 5
147.8319 	DATA 	Keypress: 5
148.2812 	DATA 	Keypress: 5
148.7476 	DATA 	Keypress: 5
149.1980 	DATA 	Keypress: 5
149.6550 	DATA 	Keypress: 5
150.1142 	DATA 	Keypress: 5
150.5720 	DATA 	Keypress: 5
151.0309 	DATA 	Keypress: 5
151.5140 	DATA 	Keypress: 5
151.9717 	DATA 	Keypress: 5
152.4309 	DATA 	Keypress: 5
152.8810 	DATA 	Keypress: 5
153.3482 	DATA 	Keypress: 5
153.7972 	DATA 	Keypress: 5
154.2558 	DATA 	Keypress: 5
154.7145 	DATA 	Keypress: 5
155.1720 	DATA 	Keypress: 5
155.6309 	DATA 	Keypress: 5
156.1144 	DATA 	Keypress: 5
156.5719 	DATA 	Keypress: 5
157.0309 	DATA 	Keypress: 5
157.4807 	DATA 	Keypress: 5
157.9485 	DATA 	Keypress: 5
158.3981 	DATA 	Keypress: 5
158.8552 	DATA 	Keypress: 5
159.3140 	DATA 	Keypress: 5
159.7720 	DATA 	Keypress: 5
160.2311 	DATA 	Keypress: 5
160.7148 	DATA 	Keypress: 5
161.1725 	DATA 	Keypress: 5
161.6316 	DATA 	Keypress: 5
162.0809 	DATA 	Keypress: 5
162.5479 	DATA 	Keypress: 5
162.9982 	DATA 	Keypress: 5
163.4556 	DATA 	Keypress: 5
163.9141 	DATA 	Keypress: 5
164.3719 	DATA 	Keypress: 5
164.8312 	DATA 	Keypress: 5
165.3151 	DATA 	Keypress: 5
165.7719 	DATA 	Keypress: 5
166.2315 	DATA 	Keypress: 5
166.6806 	DATA 	Keypress: 5
167.1480 	DATA 	Keypress: 5
167.5983 	DATA 	Keypress: 5
168.0553 	DATA 	Keypress: 5
168.5138 	DATA 	Keypress: 5
168.9721 	DATA 	Keypress: 5
169.4311 	DATA 	Keypress: 5
169.9146 	DATA 	Keypress: 5
170.3725 	DATA 	Keypress: 5
170.8319 	DATA 	Keypress: 5
171.2820 	DATA 	Keypress: 5
171.7478 	DATA 	Keypress: 5
172.1982 	DATA 	Keypress: 5
172.6551 	DATA 	Keypress: 5
173.1146 	DATA 	Keypress: 5
173.5720 	DATA 	Keypress: 5
174.0313 	DATA 	Keypress: 5
174.5151 	DATA 	Keypress: 5
174.9722 	DATA 	Keypress: 5
175.4313 	DATA 	Keypress: 5
175.8817 	DATA 	Keypress: 5
176.3477 	DATA 	Keypress: 5
176.7979 	DATA 	Keypress: 5
177.2559 	DATA 	Keypress: 5
177.7154 	DATA 	Keypress: 5
178.1721 	DATA 	Keypress: 5
178.6313 	DATA 	Keypress: 5
179.1149 	DATA 	Keypress: 5
179.5723 	DATA 	Keypress: 5
180.0314 	DATA 	Keypress: 5
180.4811 	DATA 	Keypress: 5
180.9481 	DATA 	Keypress: 5
181.3974 	DATA 	Keypress: 5
181.8562 	DATA 	Keypress: 5
182.3146 	DATA 	Keypress: 5
182.7723 	DATA 	Keypress: 5
183.2310 	DATA 	Keypress: 5
183.7150 	DATA 	Keypress: 5
184.1729 	DATA 	Keypress: 5
184.6308 	DATA 	Keypress: 5
185.0812 	DATA 	Keypress: 5
185.5491 	DATA 	Keypress: 5
185.9981 	DATA 	Keypress: 5
186.4560 	DATA 	Keypress: 5
186.9145 	DATA 	Keypress: 5
187.3721 	DATA 	Keypress: 5
187.8313 	DATA 	Keypress: 5
188.3154 	DATA 	Keypress: 5
188.7722 	DATA 	Keypress: 5
189.2316 	DATA 	Keypress: 5
189.6810 	DATA 	Keypress: 5
190.1481 	DATA 	Keypress: 5
190.5980 	DATA 	Keypress: 5
191.0562 	DATA 	Keypress: 5
191.5148 	DATA 	Keypress: 5
191.9723 	DATA 	Keypress: 5
192.4315 	DATA 	Keypress: 5
192.9154 	DATA 	Keypress: 5
193.3723 	DATA 	Keypress: 5
193.8318 	DATA 	Keypress: 5
194.2809 	DATA 	Keypress: 5
194.7483 	DATA 	Keypress: 5
195.1978 	DATA 	Keypress: 5
195.6559 	DATA 	Keypress: 5
196.1140 	DATA 	Keypress: 5
196.5724 	DATA 	Keypress: 5
197.0306 	DATA 	Keypress: 5
197.5152 	DATA 	Keypress: 5
197.9722 	DATA 	Keypress: 5
198.4310 	DATA 	Keypress: 5
198.8808 	DATA 	Keypress: 5
199.3480 	DATA 	Keypress: 5
199.7985 	DATA 	Keypress: 5
200.2561 	DATA 	Keypress: 5
200.7146 	DATA 	Keypress: 5
201.1728 	DATA 	Keypress: 5
201.6322 	DATA 	Keypress: 5
202.1142 	DATA 	Keypress: 5
202.5726 	DATA 	Keypress: 5
203.0321 	DATA 	Keypress: 5
203.4812 	DATA 	Keypress: 5
203.9486 	DATA 	Keypress: 5
204.3982 	DATA 	Keypress: 5
204.8562 	DATA 	Keypress: 5
205.3155 	DATA 	Keypress: 5
205.7721 	DATA 	Keypress: 5
206.2309 	DATA 	Keypress: 5
206.7154 	DATA 	Keypress: 5
207.1724 	DATA 	Keypress: 5
207.6315 	DATA 	Keypress: 5
208.0823 	DATA 	Keypress: 5
208.5478 	DATA 	Keypress: 5
208.9980 	DATA 	Keypress: 5
209.4560 	DATA 	Keypress: 5
209.9148 	DATA 	Keypress: 5
210.3731 	DATA 	Keypress: 5
210.8312 	DATA 	Keypress: 5
211.3153 	DATA 	Keypress: 5
211.7723 	DATA 	Keypress: 5
212.2317 	DATA 	Keypress: 5
212.6812 	DATA 	Keypress: 5
213.1482 	DATA 	Keypress: 5
213.5977 	DATA 	Keypress: 5
214.0565 	DATA 	Keypress: 5
214.5146 	DATA 	Keypress: 5
214.9725 	DATA 	Keypress: 5
215.4318 	DATA 	Keypress: 5
215.9146 	DATA 	Keypress: 5
216.3727 	DATA 	Keypress: 5
216.8319 	DATA 	Keypress: 5
217.2814 	DATA 	Keypress: 5
217.7487 	DATA 	Keypress: 5
218.1989 	DATA 	Keypress: 5
218.6562 	DATA 	Keypress: 5
219.1157 	DATA 	Keypress: 5
219.5725 	DATA 	Keypress: 5
220.0324 	DATA 	Keypress: 5
220.5151 	DATA 	Keypress: 5
220.9722 	DATA 	Keypress: 5
221.4320 	DATA 	Keypress: 5
221.8819 	DATA 	Keypress: 5
222.3481 	DATA 	Keypress: 5
222.7976 	DATA 	Keypress: 5
223.2563 	DATA 	Keypress: 5
223.7154 	DATA 	Keypress: 5
224.1722 	DATA 	Keypress: 5
224.6320 	DATA 	Keypress: 5
225.1147 	DATA 	Keypress: 5
225.5722 	DATA 	Keypress: 5
226.0319 	DATA 	Keypress: 5
226.4822 	DATA 	Keypress: 5
226.9485 	DATA 	Keypress: 5
227.3981 	DATA 	Keypress: 5
227.8558 	DATA 	Keypress: 5
228.3151 	DATA 	Keypress: 5
228.7723 	DATA 	Keypress: 5
229.2315 	DATA 	Keypress: 5
229.7157 	DATA 	Keypress: 5
230.1722 	DATA 	Keypress: 5
230.6320 	DATA 	Keypress: 5
231.0819 	DATA 	Keypress: 5
231.5479 	DATA 	Keypress: 5
231.9989 	DATA 	Keypress: 5
232.4559 	DATA 	Keypress: 5
232.9151 	DATA 	Keypress: 5
233.3730 	DATA 	Keypress: 5
233.8319 	DATA 	Keypress: 5
234.3146 	DATA 	Keypress: 5
234.7727 	DATA 	Keypress: 5
235.2320 	DATA 	Keypress: 5
235.6817 	DATA 	Keypress: 5
236.1492 	DATA 	Keypress: 5
236.5983 	DATA 	Keypress: 5
237.0560 	DATA 	Keypress: 5
237.5158 	DATA 	Keypress: 5
237.9730 	DATA 	Keypress: 5
238.4314 	DATA 	Keypress: 5
238.9152 	DATA 	Keypress: 5
239.3726 	DATA 	Keypress: 5
239.8321 	DATA 	Keypress: 5
240.2813 	DATA 	Keypress: 5
240.7485 	DATA 	Keypress: 5
241.1987 	DATA 	Keypress: 5
241.6558 	DATA 	Keypress: 5
242.1156 	DATA 	Keypress: 5
242.5726 	DATA 	Keypress: 5
243.0324 	DATA 	Keypress: 5
243.5151 	DATA 	Keypress: 5
243.9492 	DATA 	Keypress: 5
244.4326 	DATA 	Keypress: 5
244.8818 	DATA 	Keypress: 5
245.3481 	DATA 	Keypress: 5
245.7984 	DATA 	Keypress: 5
246.2563 	DATA 	Keypress: 5
246.7153 	DATA 	Keypress: 5
247.1732 	DATA 	Keypress: 5
247.6314 	DATA 	Keypress: 5
248.1158 	DATA 	Keypress: 5
248.5728 	DATA 	Keypress: 5
249.0324 	DATA 	Keypress: 5
249.4823 	DATA 	Keypress: 5
249.9490 	DATA 	Keypress: 5
250.3989 	DATA 	Keypress: 5
250.8565 	DATA 	Keypress: 5
251.3155 	DATA 	Keypress: 5
251.7732 	DATA 	Keypress: 5
252.2319 	DATA 	Keypress: 5
252.7149 	DATA 	Keypress: 5
253.1729 	DATA 	Keypress: 5
253.6320 	DATA 	Keypress: 5
254.0820 	DATA 	Keypress: 5
254.5486 	DATA 	Keypress: 5
254.9989 	DATA 	Keypress: 5
255.4561 	DATA 	Keypress: 5
255.9150 	DATA 	Keypress: 5
256.3729 	DATA 	Keypress: 5
256.8323 	DATA 	Keypress: 5
257.3157 	DATA 	Keypress: 5
257.7733 	DATA 	Keypress: 5
258.2325 	DATA 	Keypress: 5
258.6821 	DATA 	Keypress: 5
259.1481 	DATA 	Keypress: 5
259.5991 	DATA 	Keypress: 5
260.0566 	DATA 	Keypress: 5
260.5159 	DATA 	Keypress: 5
260.9734 	DATA 	Keypress: 5
261.4327 	DATA 	Keypress: 5
261.9158 	DATA 	Keypress: 5
262.3726 	DATA 	Keypress: 5
262.8323 	DATA 	Keypress: 5
263.2817 	DATA 	Keypress: 5
263.7485 	DATA 	Keypress: 5
264.1979 	DATA 	Keypress: 5
264.6563 	DATA 	Keypress: 5
265.1154 	DATA 	Keypress: 5
265.5729 	DATA 	Keypress: 5
266.0322 	DATA 	Keypress: 5
266.5155 	DATA 	Keypress: 5
266.9734 	DATA 	Keypress: 5
267.4320 	DATA 	Keypress: 5
267.8821 	DATA 	Keypress: 5
268.3491 	DATA 	Keypress: 5
268.7993 	DATA 	Keypress: 5
269.2568 	DATA 	Keypress: 5
269.7152 	DATA 	Keypress: 5
270.1726 	DATA 	Keypress: 5
270.6322 	DATA 	Keypress: 5
271.1156 	DATA 	Keypress: 5
271.5731 	DATA 	Keypress: 5
272.0317 	DATA 	Keypress: 5
272.4819 	DATA 	Keypress: 5
272.9503 	DATA 	Keypress: 5
273.3988 	DATA 	Keypress: 5
273.8563 	DATA 	Keypress: 5
274.3156 	DATA 	Keypress: 5
274.7728 	DATA 	Keypress: 5
275.2317 	DATA 	Keypress: 5
275.7167 	DATA 	Keypress: 5
276.1730 	DATA 	Keypress: 5
276.6327 	DATA 	Keypress: 5
277.0821 	DATA 	Keypress: 5
277.5491 	DATA 	Keypress: 5
277.9993 	DATA 	Keypress: 5
278.4565 	DATA 	Keypress: 5
278.9159 	DATA 	Keypress: 5
279.3732 	DATA 	Keypress: 5
279.8322 	DATA 	Keypress: 5
280.3163 	DATA 	Keypress: 5
280.7730 	DATA 	Keypress: 5
281.2323 	DATA 	Keypress: 5
281.6825 	DATA 	Keypress: 5
282.1494 	DATA 	Keypress: 5
282.5992 	DATA 	Keypress: 5
283.0563 	DATA 	Keypress: 5
283.5162 	DATA 	Keypress: 5
283.9733 	DATA 	Keypress: 5
284.4321 	DATA 	Keypress: 5
284.9154 	DATA 	Keypress: 5
285.3730 	DATA 	Keypress: 5
285.8324 	DATA 	Keypress: 5
286.2820 	DATA 	Keypress: 5
286.7490 	DATA 	Keypress: 5
287.1995 	DATA 	Keypress: 5
287.6565 	DATA 	Keypress: 5
288.1161 	DATA 	Keypress: 5
288.5732 	DATA 	Keypress: 5
289.0321 	DATA 	Keypress: 5
289.5155 	DATA 	Keypress: 5
289.9731 	DATA 	Keypress: 5
290.4325 	DATA 	Keypress: 5
290.8818 	DATA 	Keypress: 5
291.3494 	DATA 	Keypress: 5
291.7996 	DATA 	Keypress: 5
292.2565 	DATA 	Keypress: 5
292.7161 	DATA 	Keypress: 5
293.1733 	DATA 	Keypress: 5
293.6323 	DATA 	Keypress: 5
294.1158 	DATA 	Keypress: 5
294.5733 	DATA 	Keypress: 5
295.0333 	DATA 	Keypress: 5
295.4818 	DATA 	Keypress: 5
295.9496 	DATA 	Keypress: 5
296.3988 	DATA 	Keypress: 5
296.8569 	DATA 	Keypress: 5
297.3155 	DATA 	Keypress: 5
297.7735 	DATA 	Keypress: 5
298.2323 	DATA 	Keypress: 5
298.7160 	DATA 	Keypress: 5
299.1734 	DATA 	Keypress: 5
299.6330 	DATA 	Keypress: 5
300.0826 	DATA 	Keypress: 5
300.5494 	DATA 	Keypress: 5
300.9989 	DATA 	Keypress: 5
301.4569 	DATA 	Keypress: 5
301.9157 	DATA 	Keypress: 5
302.3735 	DATA 	Keypress: 5
302.8327 	DATA 	Keypress: 5
303.3158 	DATA 	Keypress: 5
303.7741 	DATA 	Keypress: 5
304.2323 	DATA 	Keypress: 5
304.6830 	DATA 	Keypress: 5
305.1491 	DATA 	Keypress: 5
305.5994 	DATA 	Keypress: 5
306.0571 	DATA 	Keypress: 5
306.5165 	DATA 	Keypress: 5
306.9736 	DATA 	Keypress: 5
307.4326 	DATA 	Keypress: 5
307.9162 	DATA 	Keypress: 5
308.3732 	DATA 	Keypress: 5
308.8328 	DATA 	Keypress: 5
309.2829 	DATA 	Keypress: 5
309.7499 	DATA 	Keypress: 5
310.1993 	DATA 	Keypress: 5
310.6567 	DATA 	Keypress: 5
311.1155 	DATA 	Keypress: 5
311.5734 	DATA 	Keypress: 5
312.0325 	DATA 	Keypress: 5
312.5165 	DATA 	Keypress: 5
312.9735 	DATA 	Keypress: 5
313.4334 	DATA 	Keypress: 5
313.8833 	DATA 	Keypress: 5
314.3503 	DATA 	Keypress: 5
314.7993 	DATA 	Keypress: 5
315.2573 	DATA 	Keypress: 5
315.7166 	DATA 	Keypress: 5
316.1732 	DATA 	Keypress: 5
316.6324 	DATA 	Keypress: 5
317.1163 	DATA 	Keypress: 5
317.5735 	DATA 	Keypress: 5
318.0334 	DATA 	Keypress: 5
318.4821 	DATA 	Keypress: 5
318.9496 	DATA 	Keypress: 5
319.3986 	DATA 	Keypress: 5
319.8573 	DATA 	Keypress: 5
320.3164 	DATA 	Keypress: 5
320.7739 	DATA 	Keypress: 5
321.2327 	DATA 	Keypress: 5
321.7166 	DATA 	Keypress: 5
322.1734 	DATA 	Keypress: 5
322.6330 	DATA 	Keypress: 5
323.0828 	DATA 	Keypress: 5
323.5492 	DATA 	Keypress: 5
323.9994 	DATA 	Keypress: 5
324.4571 	DATA 	Keypress: 5
324.9162 	DATA 	Keypress: 5
325.3740 	DATA 	Keypress: 5
325.8329 	DATA 	Keypress: 5
326.3163 	DATA 	Keypress: 5
326.7741 	DATA 	Keypress: 5
327.2330 	DATA 	Keypress: 5
327.6823 	DATA 	Keypress: 5
328.1493 	DATA 	Keypress: 5
328.5992 	DATA 	Keypress: 5
329.0567 	DATA 	Keypress: 5
329.5165 	DATA 	Keypress: 5
329.9734 	DATA 	Keypress: 5
330.4325 	DATA 	Keypress: 5
330.9165 	DATA 	Keypress: 5
331.3740 	DATA 	Keypress: 5
331.8328 	DATA 	Keypress: 5
332.2824 	DATA 	Keypress: 5
332.7503 	DATA 	Keypress: 5
333.1998 	DATA 	Keypress: 5
333.6572 	DATA 	Keypress: 5
334.1155 	DATA 	Keypress: 5
334.5738 	DATA 	Keypress: 5
335.0335 	DATA 	Keypress: 5
335.5160 	DATA 	Keypress: 5
335.9736 	DATA 	Keypress: 5
336.4334 	DATA 	Keypress: 5
336.8824 	DATA 	Keypress: 5
337.3502 	DATA 	Keypress: 5
337.7994 	DATA 	Keypress: 5
338.2571 	DATA 	Keypress: 5
338.7158 	DATA 	Keypress: 5
339.1740 	DATA 	Keypress: 5
339.6326 	DATA 	Keypress: 5
340.1159 	DATA 	Keypress: 5
340.5746 	DATA 	Keypress: 5
341.0324 	DATA 	Keypress: 5
341.4831 	DATA 	Keypress: 5
341.9494 	DATA 	Keypress: 5
342.3998 	DATA 	Keypress: 5
342.8572 	DATA 	Keypress: 5
343.3157 	DATA 	Keypress: 5
343.7738 	DATA 	Keypress: 5
344.2334 	DATA 	Keypress: 5
344.7163 	DATA 	Keypress: 5
345.1741 	DATA 	Keypress: 5
345.6334 	DATA 	Keypress: 5
346.0831 	DATA 	Keypress: 5
346.5496 	DATA 	Keypress: 5
346.9995 	DATA 	Keypress: 5
347.4575 	DATA 	Keypress: 5
347.9164 	DATA 	Keypress: 5
348.3745 	DATA 	Keypress: 5
348.8332 	DATA 	Keypress: 5
349.3168 	DATA 	Keypress: 5
349.7736 	DATA 	Keypress: 5
350.2332 	DATA 	Keypress: 5
350.6832 	DATA 	Keypress: 5
351.1501 	DATA 	Keypress: 5
351.6001 	DATA 	Keypress: 5
352.0574 	DATA 	Keypress: 5
352.5164 	DATA 	Keypress: 5
352.9737 	DATA 	Keypress: 5
353.4329 	DATA 	Keypress: 5
353.9169 	DATA 	Keypress: 5
354.3746 	DATA 	Keypress: 5
354.8337 	DATA 	Keypress: 5
355.2907 	DATA 	Keypress: 5
355.7504 	DATA 	Keypress: 5
356.1999 	DATA 	Keypress: 5
356.6666 	DATA 	Keypress: 5
357.1160 	DATA 	Keypress: 5
357.5739 	DATA 	Keypress: 5
358.0325 	DATA 	Keypress: 5
358.5159 	DATA 	Keypress: 5
358.9737 	DATA 	Keypress: 5
359.4329 	DATA 	Keypress: 5
359.8830 	DATA 	Keypress: 5
360.3501 	DATA 	Keypress: 5
360.7997 	DATA 	Keypress: 5
361.2573 	DATA 	Keypress: 5
361.7164 	DATA 	Keypress: 5
362.1740 	DATA 	Keypress: 5
362.6332 	DATA 	Keypress: 5
363.1163 	DATA 	Keypress: 5
363.5740 	DATA 	Keypress: 5
364.0331 	DATA 	Keypress: 5
364.4835 	DATA 	Keypress: 5
364.9506 	DATA 	Keypress: 5
365.3996 	DATA 	Keypress: 5
365.8664 	DATA 	Keypress: 5
366.3167 	DATA 	Keypress: 5
366.7742 	DATA 	Keypress: 5
367.2340 	DATA 	Keypress: 5
367.7164 	DATA 	Keypress: 5
368.1747 	DATA 	Keypress: 5
368.6333 	DATA 	Keypress: 5
369.0912 	DATA 	Keypress: 5
369.5493 	DATA 	Keypress: 5
369.9997 	DATA 	Keypress: 5
370.4573 	DATA 	Keypress: 5
370.9154 	DATA 	Keypress: 5
371.3748 	DATA 	Keypress: 5
371.8333 	DATA 	Keypress: 5
372.3169 	DATA 	Keypress: 5
372.7746 	DATA 	Keypress: 5
373.2329 	DATA 	Keypress: 5
373.6912 	DATA 	Keypress: 5
374.1499 	DATA 	Keypress: 5
374.6003 	DATA 	Keypress: 5
375.0575 	DATA 	Keypress: 5
375.5170 	DATA 	Keypress: 5
375.9746 	DATA 	Keypress: 5
376.4331 	DATA 	Keypress: 5
376.9164 	DATA 	Keypress: 5
377.3746 	DATA 	Keypress: 5
377.8339 	DATA 	Keypress: 5
378.2916 	DATA 	Keypress: 5
378.7495 	DATA 	Keypress: 5
379.1994 	DATA 	Keypress: 5
379.6670 	DATA 	Keypress: 5
380.1171 	DATA 	Keypress: 5
380.5740 	DATA 	Keypress: 5
381.0337 	DATA 	Keypress: 5
381.4913 	DATA 	Keypress: 5
381.9743 	DATA 	Keypress: 5
382.4337 	DATA 	Keypress: 5
382.8912 	DATA 	Keypress: 5
383.3502 	DATA 	Keypress: 5
383.7991 	DATA 	Keypress: 5
384.2575 	DATA 	Keypress: 5
384.7160 	DATA 	Keypress: 5
385.1743 	DATA 	Keypress: 5
385.6336 	DATA 	Keypress: 5
386.1172 	DATA 	Keypress: 5
386.5513 	DATA 	Keypress: 5
387.0334 	DATA 	Keypress: 5
387.4831 	DATA 	Keypress: 5
387.9493 	DATA 	Keypress: 5
388.3993 	DATA 	Keypress: 5
388.8666 	DATA 	Keypress: 5
389.3170 	DATA 	Keypress: 5
389.7744 	DATA 	Keypress: 5
390.2334 	DATA 	Keypress: 5
390.6916 	DATA 	Keypress: 5
391.1746 	DATA 	Keypress: 5
391.6333 	DATA 	Keypress: 5
392.0912 	DATA 	Keypress: 5
392.5501 	DATA 	Keypress: 5
393.0004 	DATA 	Keypress: 5
393.4671 	DATA 	Keypress: 5
393.9170 	DATA 	Keypress: 5
394.3750 	DATA 	Keypress: 5
394.8330 	DATA 	Keypress: 5
395.3171 	DATA 	Keypress: 5
395.7742 	DATA 	Keypress: 5
396.2331 	DATA 	Keypress: 5
396.6908 	DATA 	Keypress: 5
397.1505 	DATA 	Keypress: 5
397.6005 	DATA 	Keypress: 5
398.0670 	DATA 	Keypress: 5
398.5167 	DATA 	Keypress: 5
398.9742 	DATA 	Keypress: 5
399.4344 	DATA 	Keypress: 5
399.9169 	DATA 	Keypress: 5
400.3750 	DATA 	Keypress: 5
400.8335 	DATA 	Keypress: 5
401.2840 	DATA 	Keypress: 5
401.7504 	DATA 	Keypress: 5
402.2000 	DATA 	Keypress: 5
402.6668 	DATA 	Keypress: 5
403.1167 	DATA 	Keypress: 5
403.5742 	DATA 	Keypress: 5
404.0332 	DATA 	Keypress: 5
404.4913 	DATA 	Keypress: 5
404.9747 	DATA 	Keypress: 5
405.4337 	DATA 	Keypress: 5
405.8912 	DATA 	Keypress: 5
406.3500 	DATA 	Keypress: 5
406.8009 	DATA 	Keypress: 5
407.2670 	DATA 	Keypress: 5
407.7169 	DATA 	Keypress: 5
408.1744 	DATA 	Keypress: 5
408.6336 	DATA 	Keypress: 5
409.0916 	DATA 	Keypress: 5
409.5751 	DATA 	Keypress: 5
410.0337 	DATA 	Keypress: 5
410.4915 	DATA 	Keypress: 5
410.9511 	DATA 	Keypress: 5
411.4002 	DATA 	Keypress: 5
411.8672 	DATA 	Keypress: 5
412.3163 	DATA 	Keypress: 5
412.7751 	DATA 	Keypress: 5
413.2337 	DATA 	Keypress: 5
413.6913 	DATA 	Keypress: 5
414.1745 	DATA 	Keypress: 5
414.6340 	DATA 	Keypress: 5
415.0920 	DATA 	Keypress: 5
415.5505 	DATA 	Keypress: 5
416.0001 	DATA 	Keypress: 5
416.4667 	DATA 	Keypress: 5
416.9175 	DATA 	Keypress: 5
417.3749 	DATA 	Keypress: 5
417.8345 	DATA 	Keypress: 5
418.2918 	DATA 	Keypress: 5
418.7749 	DATA 	Keypress: 5
419.2330 	DATA 	Keypress: 5
419.6916 	DATA 	Keypress: 5
420.1506 	DATA 	Keypress: 5
420.6011 	DATA 	Keypress: 5
421.0671 	DATA 	Keypress: 5
421.5167 	DATA 	Keypress: 5
421.9743 	DATA 	Keypress: 5
422.4339 	DATA 	Keypress: 5
422.8915 	DATA 	Keypress: 5
423.3745 	DATA 	Keypress: 5
423.8339 	DATA 	Keypress: 5
424.2916 	DATA 	Keypress: 5
424.7504 	DATA 	Keypress: 5
425.2008 	DATA 	Keypress: 5
425.6667 	DATA 	Keypress: 5
426.1169 	DATA 	Keypress: 5
426.5753 	DATA 	Keypress: 5
427.0343 	DATA 	Keypress: 5
427.4916 	DATA 	Keypress: 5
427.9752 	DATA 	Keypress: 5
428.4344 	DATA 	Keypress: 5
428.8912 	DATA 	Keypress: 5
429.3502 	DATA 	Keypress: 5
429.8001 	DATA 	Keypress: 5
430.2668 	DATA 	Keypress: 5
430.7165 	DATA 	Keypress: 5
431.1753 	DATA 	Keypress: 5
431.6336 	DATA 	Keypress: 5
432.0918 	DATA 	Keypress: 5
432.5749 	DATA 	Keypress: 5
433.0336 	DATA 	Keypress: 5
433.4914 	DATA 	Keypress: 5
433.9501 	DATA 	Keypress: 5
434.3998 	DATA 	Keypress: 5
434.8677 	DATA 	Keypress: 5
435.3170 	DATA 	Keypress: 5
435.7753 	DATA 	Keypress: 5
436.2335 	DATA 	Keypress: 5
436.7171 	DATA 	Keypress: 5
437.1744 	DATA 	Keypress: 5
437.6336 	DATA 	Keypress: 5
438.0920 	DATA 	Keypress: 5
438.5512 	DATA 	Keypress: 5
439.0004 	DATA 	Keypress: 5
439.4675 	DATA 	Keypress: 5
439.9172 	DATA 	Keypress: 5
440.3752 	DATA 	Keypress: 5
440.8339 	DATA 	Keypress: 5
441.2916 	DATA 	Keypress: 5
441.7754 	DATA 	Keypress: 5
442.2346 	DATA 	Keypress: 5
442.6915 	DATA 	Keypress: 5
443.1506 	DATA 	Keypress: 5
443.6009 	DATA 	Keypress: 5
444.0676 	DATA 	Keypress: 5
444.5176 	DATA 	Keypress: 5
444.9749 	DATA 	Keypress: 5
445.4343 	DATA 	Keypress: 5
445.8919 	DATA 	Keypress: 5
446.3749 	DATA 	Keypress: 5
446.8346 	DATA 	Keypress: 5
447.2916 	DATA 	Keypress: 5
447.7513 	DATA 	Keypress: 5
448.2005 	DATA 	Keypress: 5
448.6675 	DATA 	Keypress: 5
449.1173 	DATA 	Keypress: 5
449.5748 	DATA 	Keypress: 5
450.0335 	DATA 	Keypress: 5
450.4918 	DATA 	Keypress: 5
450.9755 	DATA 	Keypress: 5
451.4349 	DATA 	Keypress: 5
451.8916 	DATA 	Keypress: 5
452.3515 	DATA 	Keypress: 5
452.8004 	DATA 	Keypress: 5
453.2684 	DATA 	Keypress: 5
453.7170 	DATA 	Keypress: 5
454.1753 	DATA 	Keypress: 5
454.6348 	DATA 	Keypress: 5
455.1167 	DATA 	Keypress: 5
455.5746 	DATA 	Keypress: 5
456.0338 	DATA 	Keypress: 5
456.4923 	DATA 	Keypress: 5
456.9505 	DATA 	Keypress: 5
457.4000 	DATA 	Keypress: 5
457.8673 	DATA 	Keypress: 5
458.3175 	DATA 	Keypress: 5
458.7756 	DATA 	Keypress: 5
459.2347 	DATA 	Keypress: 5
459.6924 	DATA 	Keypress: 5
460.1753 	DATA 	Keypress: 5
460.6343 	DATA 	Keypress: 5
461.0923 	DATA 	Keypress: 5
461.5508 	DATA 	Keypress: 5
462.0010 	DATA 	Keypress: 5
462.4675 	DATA 	Keypress: 5
462.9174 	DATA 	Keypress: 5
463.3750 	DATA 	Keypress: 5
463.8342 	DATA 	Keypress: 5
464.3178 	DATA 	Keypress: 5
464.7748 	DATA 	Keypress: 5
465.2352 	DATA 	Keypress: 5
465.6914 	DATA 	Keypress: 5
466.1511 	DATA 	Keypress: 5
466.6006 	DATA 	Keypress: 5
467.0669 	DATA 	Keypress: 5
467.5170 	DATA 	Keypress: 5
467.9749 	DATA 	Keypress: 5
468.4349 	DATA 	Keypress: 5
468.9173 	DATA 	Keypress: 5
469.3755 	DATA 	Keypress: 5
469.8347 	DATA 	Keypress: 5
470.2923 	DATA 	Keypress: 5
470.7524 	DATA 	Keypress: 5
471.2013 	DATA 	Keypress: 5
471.6679 	DATA 	Keypress: 5
472.1175 	DATA 	Keypress: 5
472.5755 	DATA 	Keypress: 5
473.0350 	DATA 	Keypress: 5
473.5177 	DATA 	Keypress: 5
473.9756 	DATA 	Keypress: 5
474.4345 	DATA 	Keypress: 5
474.8918 	DATA 	Keypress: 5
475.3513 	DATA 	Keypress: 5
475.8008 	DATA 	Keypress: 5
476.2677 	DATA 	Keypress: 5
476.7169 	DATA 	Keypress: 5
477.1757 	DATA 	Keypress: 5
477.6342 	DATA 	Keypress: 5
478.1182 	DATA 	Keypress: 5
478.5748 	DATA 	Keypress: 5
479.0340 	DATA 	Keypress: 5
479.4919 	DATA 	Keypress: 5
479.9510 	DATA 	Keypress: 5
480.4007 	DATA 	Keypress: 5
480.8679 	DATA 	Keypress: 5
481.3179 	DATA 	Keypress: 5
481.7751 	DATA 	Keypress: 5
482.2340 	DATA 	Keypress: 5
482.7175 	DATA 	Keypress: 5
483.1749 	DATA 	Keypress: 5
483.6349 	DATA 	Keypress: 5
484.0923 	DATA 	Keypress: 5
484.5513 	DATA 	Keypress: 5
485.0015 	DATA 	Keypress: 5
485.4681 	DATA 	Keypress: 5
485.9173 	DATA 	Keypress: 5
486.3750 	DATA 	Keypress: 5
486.8351 	DATA 	Keypress: 5
487.2924 	DATA 	Keypress: 5
487.7759 	DATA 	Keypress: 5
488.2346 	DATA 	Keypress: 5
488.6919 	DATA 	Keypress: 5
489.1515 	DATA 	Keypress: 5
489.6014 	DATA 	Keypress: 5
490.0675 	DATA 	Keypress: 5
490.5177 	DATA 	Keypress: 5
490.9756 	DATA 	Keypress: 5
491.4344 	DATA 	Keypress: 5
491.8927 	DATA 	Keypress: 5
492.3757 	DATA 	Keypress: 5
492.8347 	DATA 	Keypress: 5
493.2915 	DATA 	Keypress: 5
493.7516 	DATA 	Keypress: 5
494.2012 	DATA 	Keypress: 5
494.6684 	DATA 	Keypress: 5
495.1176 	DATA 	Keypress: 5
495.5752 	DATA 	Keypress: 5
496.0341 	DATA 	Keypress: 5
496.4928 	DATA 	Keypress: 5
496.9760 	DATA 	Keypress: 5
497.4344 	DATA 	Keypress: 5
497.8918 	DATA 	Keypress: 5
498.3522 	DATA 	Keypress: 5
498.8015 	DATA 	Keypress: 5
499.2682 	DATA 	Keypress: 5
499.7177 	DATA 	Keypress: 5
500.1758 	DATA 	Keypress: 5
500.6344 	DATA 	Keypress: 5
501.0925 	DATA 	Keypress: 5
501.5760 	DATA 	Keypress: 5
502.0346 	DATA 	Keypress: 5
502.4923 	DATA 	Keypress: 5
502.9509 	DATA 	Keypress: 5
503.4004 	DATA 	Keypress: 5
503.8674 	DATA 	Keypress: 5
504.3176 	DATA 	Keypress: 5
504.7759 	DATA 	Keypress: 5
505.2350 	DATA 	Keypress: 5
505.6924 	DATA 	Keypress: 5
506.1754 	DATA 	Keypress: 5
506.6348 	DATA 	Keypress: 5
507.0923 	DATA 	Keypress: 5
507.5511 	DATA 	Keypress: 5
508.0009 	DATA 	Keypress: 5
508.4688 	DATA 	Keypress: 5
508.9180 	DATA 	Keypress: 5
509.3751 	DATA 	Keypress: 5
509.8350 	DATA 	Keypress: 5
510.2929 	DATA 	Keypress: 5
510.7756 	DATA 	Keypress: 5
511.2347 	DATA 	Keypress: 5
511.6926 	DATA 	Keypress: 5
512.1516 	DATA 	Keypress: 5
512.6017 	DATA 	Keypress: 5
513.0681 	DATA 	Keypress: 5
513.5180 	DATA 	Keypress: 5
513.9752 	DATA 	Keypress: 5
514.4343 	DATA 	Keypress: 5
514.8925 	DATA 	Keypress: 5
515.3754 	DATA 	Keypress: 5
515.8346 	DATA 	Keypress: 5
516.2924 	DATA 	Keypress: 5
516.7516 	DATA 	Keypress: 5
517.2014 	DATA 	Keypress: 5
517.6683 	DATA 	Keypress: 5
518.1178 	DATA 	Keypress: 5
518.5752 	DATA 	Keypress: 5
519.0341 	DATA 	Keypress: 5
519.4927 	DATA 	Keypress: 5
519.9758 	DATA 	Keypress: 5
520.4350 	DATA 	Keypress: 5
520.8926 	DATA 	Keypress: 5
521.3513 	DATA 	Keypress: 5
521.8010 	DATA 	Keypress: 5
522.2684 	DATA 	Keypress: 5
522.7179 	DATA 	Keypress: 5
523.1762 	DATA 	Keypress: 5
523.6346 	DATA 	Keypress: 5
524.0928 	DATA 	Keypress: 5
524.5525 	DATA 	Keypress: 5
525.0352 	DATA 	Keypress: 5
525.4923 	DATA 	Keypress: 5
525.9524 	DATA 	Keypress: 5
526.4008 	DATA 	Keypress: 5
526.8680 	DATA 	Keypress: 5
527.3179 	DATA 	Keypress: 5
527.7755 	DATA 	Keypress: 5
528.2349 	DATA 	Keypress: 5
528.6925 	DATA 	Keypress: 5
529.1525 	DATA 	Keypress: 5
529.6345 	DATA 	Keypress: 5
530.0924 	DATA 	Keypress: 5
530.5521 	DATA 	Keypress: 5
531.0014 	DATA 	Keypress: 5
531.4684 	DATA 	Keypress: 5
531.9180 	DATA 	Keypress: 5
532.3764 	DATA 	Keypress: 5
532.8346 	DATA 	Keypress: 5
533.2927 	DATA 	Keypress: 5
533.7763 	DATA 	Keypress: 5
534.2347 	DATA 	Keypress: 5
534.6929 	DATA 	Keypress: 5
535.1524 	DATA 	Keypress: 5
535.6012 	DATA 	Keypress: 5
536.0680 	DATA 	Keypress: 5
536.5174 	DATA 	Keypress: 5
536.9759 	DATA 	Keypress: 5
537.4341 	DATA 	Keypress: 5
537.8925 	DATA 	Keypress: 5
538.3763 	DATA 	Keypress: 5
538.8354 	DATA 	Keypress: 5
539.2924 	DATA 	Keypress: 5
539.7512 	DATA 	Keypress: 5
540.2014 	DATA 	Keypress: 5
540.6674 	DATA 	Keypress: 5
541.1179 	DATA 	Keypress: 5
541.5763 	DATA 	Keypress: 5
542.0354 	DATA 	Keypress: 5
542.4931 	DATA 	Keypress: 5
542.9764 	DATA 	Keypress: 5
543.4352 	DATA 	Keypress: 5
543.8925 	DATA 	Keypress: 5
544.3518 	DATA 	Keypress: 5
544.8020 	DATA 	Keypress: 5
545.2686 	DATA 	Keypress: 5
545.7179 	DATA 	Keypress: 5
546.1759 	DATA 	Keypress: 5
546.6353 	DATA 	Keypress: 5
547.0926 	DATA 	Keypress: 5
547.5764 	DATA 	Keypress: 5
548.0354 	DATA 	Keypress: 5
548.4924 	DATA 	Keypress: 5
548.9518 	DATA 	Keypress: 5
549.4014 	DATA 	Keypress: 5
549.8684 	DATA 	Keypress: 5
550.3179 	DATA 	Keypress: 5
550.7766 	DATA 	Keypress: 5
551.2356 	DATA 	Keypress: 5
551.6931 	DATA 	Keypress: 5
552.1765 	DATA 	Keypress: 5
552.6352 	DATA 	Keypress: 5
553.0926 	DATA 	Keypress: 5
553.5518 	DATA 	Keypress: 5
554.0017 	DATA 	Keypress: 5
554.4684 	DATA 	Keypress: 5
554.9185 	DATA 	Keypress: 5
555.3760 	DATA 	Keypress: 5
555.8352 	DATA 	Keypress: 5
556.3184 	DATA 	Keypress: 5
556.7762 	DATA 	Keypress: 5
557.2356 	DATA 	Keypress: 5
557.6925 	DATA 	Keypress: 5
558.1524 	DATA 	Keypress: 5
558.6027 	DATA 	Keypress: 5
559.0692 	DATA 	Keypress: 5
559.5182 	DATA 	Keypress: 5
559.9764 	DATA 	Keypress: 5
560.4350 	DATA 	Keypress: 5
560.9186 	DATA 	Keypress: 5
561.3761 	DATA 	Keypress: 5
561.8352 	DATA 	Keypress: 5
562.2928 	DATA 	Keypress: 5
562.7516 	DATA 	Keypress: 5
563.2013 	DATA 	Keypress: 5
563.6683 	DATA 	Keypress: 5
564.1185 	DATA 	Keypress: 5
564.5765 	DATA 	Keypress: 5
565.0347 	DATA 	Keypress: 5
565.5186 	DATA 	Keypress: 5
565.9766 	DATA 	Keypress: 5
566.4353 	DATA 	Keypress: 5
566.8935 	DATA 	Keypress: 5
567.3520 	DATA 	Keypress: 5
567.8016 	DATA 	Keypress: 5
568.2688 	DATA 	Keypress: 5
568.7189 	DATA 	Keypress: 5
569.1764 	DATA 	Keypress: 5
569.6361 	DATA 	Keypress: 5
570.1185 	DATA 	Keypress: 5
570.5764 	DATA 	Keypress: 5
571.0350 	DATA 	Keypress: 5
571.4928 	DATA 	Keypress: 5
571.9520 	DATA 	Keypress: 5
572.4015 	DATA 	Keypress: 5
572.8684 	DATA 	Keypress: 5
573.3183 	DATA 	Keypress: 5
573.7762 	DATA 	Keypress: 5
574.2350 	DATA 	Keypress: 5
574.7185 	DATA 	Keypress: 5
575.1760 	DATA 	Keypress: 5
575.6356 	DATA 	Keypress: 5
576.0930 	DATA 	Keypress: 5
576.5522 	DATA 	Keypress: 5
577.0016 	DATA 	Keypress: 5
577.4688 	DATA 	Keypress: 5
577.9188 	DATA 	Keypress: 5
578.3761 	DATA 	Keypress: 5
578.8353 	DATA 	Keypress: 5
579.3182 	DATA 	Keypress: 5
579.7760 	DATA 	Keypress: 5
580.2348 	DATA 	Keypress: 5
580.6934 	DATA 	Keypress: 5
581.1520 	DATA 	Keypress: 5
581.6017 	DATA 	Keypress: 5
582.0691 	DATA 	Keypress: 5
582.5184 	DATA 	Keypress: 5
582.9762 	DATA 	Keypress: 5
583.4356 	DATA 	Keypress: 5
583.9187 	DATA 	Keypress: 5
584.3765 	DATA 	Keypress: 5
584.8354 	DATA 	Keypress: 5
585.2936 	DATA 	Keypress: 5
585.7517 	DATA 	Keypress: 5
586.2015 	DATA 	Keypress: 5
586.6685 	DATA 	Keypress: 5
587.1189 	DATA 	Keypress: 5
587.5766 	DATA 	Keypress: 5
588.0352 	DATA 	Keypress: 5
588.5190 	DATA 	Keypress: 5
588.9768 	DATA 	Keypress: 5
589.4353 	DATA 	Keypress: 5
589.8938 	DATA 	Keypress: 5
590.3524 	DATA 	Keypress: 5
590.8019 	DATA 	Keypress: 5
591.2691 	DATA 	Keypress: 5
591.7192 	DATA 	Keypress: 5
592.1764 	DATA 	Keypress: 5
592.6353 	DATA 	Keypress: 5
593.1195 	DATA 	Keypress: 5
593.5766 	DATA 	Keypress: 5
594.0363 	DATA 	Keypress: 5
594.4935 	DATA 	Keypress: 5
594.9530 	DATA 	Keypress: 5
595.4026 	DATA 	Keypress: 5
595.8689 	DATA 	Keypress: 5
596.3190 	DATA 	Keypress: 5
596.7765 	DATA 	Keypress: 5
597.2356 	DATA 	Keypress: 5
597.7187 	DATA 	Keypress: 5
598.1769 	DATA 	Keypress: 5
598.6363 	DATA 	Keypress: 5
599.0931 	DATA 	Keypress: 5
599.5524 	DATA 	Keypress: 5
600.0025 	DATA 	Keypress: 5
600.4690 	DATA 	Keypress: 5
600.9185 	DATA 	Keypress: 5
601.3772 	DATA 	Keypress: 5
601.8355 	DATA 	Keypress: 5
602.2939 	DATA 	Keypress: 5
602.7535 	DATA 	Keypress: 5
603.2353 	DATA 	Keypress: 5
603.6936 	DATA 	Keypress: 5
604.1527 	DATA 	Keypress: 5
604.6028 	DATA 	Keypress: 5
605.0699 	DATA 	Keypress: 5
605.5197 	DATA 	Keypress: 5
605.9766 	DATA 	Keypress: 5
606.4360 	DATA 	Keypress: 5
606.9188 	DATA 	Keypress: 5
607.3766 	DATA 	Keypress: 5
607.8360 	DATA 	Keypress: 5
608.2928 	DATA 	Keypress: 5
608.7522 	DATA 	Keypress: 5
609.2026 	DATA 	Keypress: 5
609.6687 	DATA 	Keypress: 5
610.1182 	DATA 	Keypress: 5
610.5764 	DATA 	Keypress: 5
611.0354 	DATA 	Keypress: 5
611.5191 	DATA 	Keypress: 5
611.9771 	DATA 	Keypress: 5
612.4356 	DATA 	Keypress: 5
612.8938 	DATA 	Keypress: 5
613.3523 	DATA 	Keypress: 5
613.8030 	DATA 	Keypress: 5
614.2692 	DATA 	Keypress: 5
614.7197 	DATA 	Keypress: 5
615.1765 	DATA 	Keypress: 5
615.6360 	DATA 	Keypress: 5
616.0935 	DATA 	Keypress: 5
616.5771 	DATA 	Keypress: 5
617.0361 	DATA 	Keypress: 5
617.4934 	DATA 	Keypress: 5
617.9526 	DATA 	Keypress: 5
618.4023 	DATA 	Keypress: 5
618.8694 	DATA 	Keypress: 5
619.3191 	DATA 	Keypress: 5
619.7767 	DATA 	Keypress: 5
620.2360 	DATA 	Keypress: 5
620.6936 	DATA 	Keypress: 5
621.1768 	DATA 	Keypress: 5
621.6359 	DATA 	Keypress: 5
622.0939 	DATA 	Keypress: 5
622.5519 	DATA 	Keypress: 5
623.0023 	DATA 	Keypress: 5
623.4699 	DATA 	Keypress: 5
623.9195 	DATA 	Keypress: 5
624.3763 	DATA 	Keypress: 5
624.8361 	DATA 	Keypress: 5
625.3197 	DATA 	Keypress: 5
625.7771 	DATA 	Keypress: 5
626.2363 	DATA 	Keypress: 5
626.6940 	DATA 	Keypress: 5
627.1525 	DATA 	Keypress: 5
627.6028 	DATA 	Keypress: 5
628.0700 	DATA 	Keypress: 5
628.5184 	DATA 	Keypress: 5
628.9767 	DATA 	Keypress: 5
629.4362 	DATA 	Keypress: 5
629.8941 	DATA 	Keypress: 5
630.3769 	DATA 	Keypress: 5
630.8370 	DATA 	Keypress: 5
631.2936 	DATA 	Keypress: 5
631.7535 	DATA 	Keypress: 5
632.2029 	DATA 	Keypress: 5
632.6697 	DATA 	Keypress: 5
633.1193 	DATA 	Keypress: 5
633.5771 	DATA 	Keypress: 5
634.0359 	DATA 	Keypress: 5
634.4938 	DATA 	Keypress: 5
634.9770 	DATA 	Keypress: 5
635.4360 	DATA 	Keypress: 5
635.8935 	DATA 	Keypress: 5
636.3525 	DATA 	Keypress: 5
636.8028 	DATA 	Keypress: 5
637.2694 	DATA 	Keypress: 5
637.7188 	DATA 	Keypress: 5
638.1764 	DATA 	Keypress: 5
638.6358 	DATA 	Keypress: 5
639.0935 	DATA 	Keypress: 5
639.5773 	DATA 	Keypress: 5
640.0364 	DATA 	Keypress: 5
640.4937 	DATA 	Keypress: 5
640.9528 	DATA 	Keypress: 5
641.4024 	DATA 	Keypress: 5
641.8705 	DATA 	Keypress: 5
642.3189 	DATA 	Keypress: 5
642.7770 	DATA 	Keypress: 5
643.2366 	DATA 	Keypress: 5
643.6940 	DATA 	Keypress: 5
644.1775 	DATA 	Keypress: 5
644.6366 	DATA 	Keypress: 5
645.0941 	DATA 	Keypress: 5
645.5525 	DATA 	Keypress: 5
646.0024 	DATA 	Keypress: 5
646.4700 	DATA 	Keypress: 5
646.9194 	DATA 	Keypress: 5
647.3771 	DATA 	Keypress: 5
647.8364 	DATA 	Keypress: 5
648.2937 	DATA 	Keypress: 5
648.7769 	DATA 	Keypress: 5
649.2364 	DATA 	Keypress: 5
649.6940 	DATA 	Keypress: 5
650.1524 	DATA 	Keypress: 5
650.6105 	DATA 	Keypress: 5
651.0695 	DATA 	Keypress: 5
651.5197 	DATA 	Keypress: 5
651.9771 	DATA 	Keypress: 5
652.4362 	DATA 	Keypress: 5
652.9194 	DATA 	Keypress: 5
653.3770 	DATA 	Keypress: 5
653.8354 	DATA 	Keypress: 5
654.2937 	DATA 	Keypress: 5
654.7535 	DATA 	Keypress: 5
655.2033 	DATA 	Keypress: 5
655.6693 	DATA 	Keypress: 5
656.1190 	DATA 	Keypress: 5
656.5769 	DATA 	Keypress: 5
657.0359 	DATA 	Keypress: 5
657.5192 	DATA 	Keypress: 5
657.9870 	DATA 	Keypress: 5
658.4364 	DATA 	Keypress: 5
658.8944 	DATA 	Keypress: 5
659.3534 	DATA 	Keypress: 5
659.8033 	DATA 	Keypress: 5
660.2699 	DATA 	Keypress: 5
660.7198 	DATA 	Keypress: 5
661.1769 	DATA 	Keypress: 5
661.6366 	DATA 	Keypress: 5
662.1194 	DATA 	Keypress: 5
662.5775 	DATA 	Keypress: 5
663.0367 	DATA 	Keypress: 5
663.4944 	DATA 	Keypress: 5
663.9530 	DATA 	Keypress: 5
664.4031 	DATA 	Keypress: 5
664.8693 	DATA 	Keypress: 5
665.3192 	DATA 	Keypress: 5
665.7774 	DATA 	Keypress: 5
666.2363 	DATA 	Keypress: 5
666.7191 	DATA 	Keypress: 5
667.1776 	DATA 	Keypress: 5
667.6364 	DATA 	Keypress: 5
668.0936 	DATA 	Keypress: 5
668.5527 	DATA 	Keypress: 5
669.0033 	DATA 	Keypress: 5
669.4701 	DATA 	Keypress: 5
669.9195 	DATA 	Keypress: 5
670.3866 	DATA 	Keypress: 5
670.8358 	DATA 	Keypress: 5
671.3199 	DATA 	Keypress: 5
671.7870 	DATA 	Keypress: 5
672.2362 	DATA 	Keypress: 5
672.6945 	DATA 	Keypress: 5
673.1540 	DATA 	Keypress: 5
673.6032 	DATA 	Keypress: 5
674.0700 	DATA 	Keypress: 5
674.5201 	DATA 	Keypress: 5
674.9770 	DATA 	Keypress: 5
675.4365 	DATA 	Keypress: 5
675.8946 	DATA 	Keypress: 5
676.3871 	DATA 	Keypress: 5
676.8363 	DATA 	Keypress: 5
677.2946 	DATA 	Keypress: 5
677.7530 	DATA 	Keypress: 5
678.2109 	DATA 	Keypress: 5
678.6705 	DATA 	Keypress: 5
679.1197 	DATA 	Keypress: 5
679.5865 	DATA 	Keypress: 5
680.0369 	DATA 	Keypress: 5
680.5205 	DATA 	Keypress: 5
680.9772 	DATA 	Keypress: 5
681.4365 	DATA 	Keypress: 5
681.8940 	DATA 	Keypress: 5
682.3529 	DATA 	Keypress: 5
682.8111 	DATA 	Keypress: 5
683.2698 	DATA 	Keypress: 5
683.7200 	DATA 	Keypress: 5
684.1868 	DATA 	Keypress: 5
684.6363 	DATA 	Keypress: 5
685.1195 	DATA 	Keypress: 5
685.5775 	DATA 	Keypress: 5
686.0366 	DATA 	Keypress: 5
686.4949 	DATA 	Keypress: 5
686.9540 	DATA 	Keypress: 5
687.4107 	DATA 	Keypress: 5
687.8699 	DATA 	Keypress: 5
688.3198 	DATA 	Keypress: 5
688.7772 	DATA 	Keypress: 5
689.2361 	DATA 	Keypress: 5
689.7194 	DATA 	Keypress: 5
690.1775 	DATA 	Keypress: 5
690.6366 	DATA 	Keypress: 5
691.0941 	DATA 	Keypress: 5
691.5531 	DATA 	Keypress: 5
692.0107 	DATA 	Keypress: 5
692.4702 	DATA 	Keypress: 5
692.9204 	DATA 	Keypress: 5
693.3871 	DATA 	Keypress: 5
693.8364 	DATA 	Keypress: 5
694.2946 	DATA 	Keypress: 5
694.7775 	DATA 	Keypress: 5
695.2366 	DATA 	Keypress: 5
695.6940 	DATA 	Keypress: 5
696.1539 	DATA 	Keypress: 5
696.6035 	DATA 	Keypress: 5
697.0701 	DATA 	Keypress: 5
697.5201 	DATA 	Keypress: 5
697.9867 	DATA 	Keypress: 5
698.4368 	DATA 	Keypress: 5
698.8946 	DATA 	Keypress: 5
699.3773 	DATA 	Keypress: 5
699.8364 	DATA 	Keypress: 5
700.2945 	DATA 	Keypress: 5
700.7538 	DATA 	Keypress: 5
701.2038 	DATA 	Keypress: 5
701.6699 	DATA 	Keypress: 5
702.1195 	DATA 	Keypress: 5
702.5871 	DATA 	Keypress: 5
703.0369 	DATA 	Keypress: 5
703.4948 	DATA 	Keypress: 5
703.9870 	DATA 	Keypress: 5
704.4365 	DATA 	Keypress: 5
704.8945 	DATA 	Keypress: 5
705.3532 	DATA 	Keypress: 5
705.8027 	DATA 	Keypress: 5
706.2710 	DATA 	Keypress: 5
706.7194 	DATA 	Keypress: 5
707.1868 	DATA 	Keypress: 5
707.6370 	DATA 	Keypress: 5
708.0946 	DATA 	Keypress: 5
708.5868 	DATA 	Keypress: 5
709.0366 	DATA 	Keypress: 5
709.4947 	DATA 	Keypress: 5
709.9536 	DATA 	Keypress: 5
710.4033 	DATA 	Keypress: 5
710.8701 	DATA 	Keypress: 5
711.3196 	DATA 	Keypress: 5
711.7873 	DATA 	Keypress: 5
712.2366 	DATA 	Keypress: 5
712.6946 	DATA 	Keypress: 5
713.1776 	DATA 	Keypress: 5
713.6361 	DATA 	Keypress: 5
714.0948 	DATA 	Keypress: 5
714.5539 	DATA 	Keypress: 5
715.0110 	DATA 	Keypress: 5
715.4705 	DATA 	Keypress: 5
715.9201 	DATA 	Keypress: 5
716.3774 	DATA 	Keypress: 5
716.8364 	DATA 	Keypress: 5
717.2952 	DATA 	Keypress: 5
717.7873 	DATA 	Keypress: 5
718.2373 	DATA 	Keypress: 5
718.6945 	DATA 	Keypress: 5
719.1536 	DATA 	Keypress: 5
719.6109 	DATA 	Keypress: 5
720.0694 	DATA 	Keypress: 5
720.5203 	DATA 	Keypress: 5
720.9871 	DATA 	Keypress: 5
721.4366 	DATA 	Keypress: 5
721.8950 	DATA 	Keypress: 5
722.3867 	DATA 	Keypress: 5
722.8370 	DATA 	Keypress: 5
723.2947 	DATA 	Keypress: 5
723.7536 	DATA 	Keypress: 5
724.2118 	DATA 	Keypress: 5
724.6705 	DATA 	Keypress: 5
725.1210 	DATA 	Keypress: 5
725.5873 	DATA 	Keypress: 5
726.0365 	DATA 	Keypress: 5
726.4948 	DATA 	Keypress: 5
726.9870 	DATA 	Keypress: 5
727.4367 	DATA 	Keypress: 5
727.8945 	DATA 	Keypress: 5
728.3532 	DATA 	Keypress: 5
728.8112 	DATA 	Keypress: 5
729.2708 	DATA 	Keypress: 5
729.7204 	DATA 	Keypress: 5
730.1869 	DATA 	Keypress: 5
730.6363 	DATA 	Keypress: 5
731.0950 	DATA 	Keypress: 5
731.5865 	DATA 	Keypress: 5
732.0383 	DATA 	Keypress: 5
732.4942 	DATA 	Keypress: 5
732.9536 	DATA 	Keypress: 5
733.4110 	DATA 	Keypress: 5
733.8703 	DATA 	Keypress: 5
734.3201 	DATA 	Keypress: 5
734.7875 	DATA 	Keypress: 5
735.2366 	DATA 	Keypress: 5
735.6950 	DATA 	Keypress: 5
736.1868 	DATA 	Keypress: 5
736.6377 	DATA 	Keypress: 5
737.0945 	DATA 	Keypress: 5
737.5534 	DATA 	Keypress: 5
738.0113 	DATA 	Keypress: 5
738.4708 	DATA 	Keypress: 5
738.9199 	DATA 	Keypress: 5
739.3874 	DATA 	Keypress: 5
739.8375 	DATA 	Keypress: 5
740.2946 	DATA 	Keypress: 5
740.7873 	DATA 	Keypress: 5
741.2372 	DATA 	Keypress: 5
741.6950 	DATA 	Keypress: 5
742.1537 	DATA 	Keypress: 5
742.6117 	DATA 	Keypress: 5
743.0712 	DATA 	Keypress: 5
743.5202 	DATA 	Keypress: 5
743.9870 	DATA 	Keypress: 5
744.4365 	DATA 	Keypress: 5
744.8947 	DATA 	Keypress: 5
745.3878 	DATA 	Keypress: 5
745.8369 	DATA 	Keypress: 5
746.2947 	DATA 	Keypress: 5
746.7541 	DATA 	Keypress: 5
747.2115 	DATA 	Keypress: 5
747.6706 	DATA 	Keypress: 5
748.1206 	DATA 	Keypress: 5
748.5867 	DATA 	Keypress: 5
749.0366 	DATA 	Keypress: 5
749.4953 	DATA 	Keypress: 5
749.9876 	DATA 	Keypress: 5
750.4375 	DATA 	Keypress: 5
750.8950 	DATA 	Keypress: 5
751.3536 	DATA 	Keypress: 5
751.8120 	DATA 	Keypress: 5
752.2703 	DATA 	Keypress: 5
752.7206 	DATA 	Keypress: 5
753.1872 	DATA 	Keypress: 5
753.6365 	DATA 	Keypress: 5
754.1203 	DATA 	Keypress: 5
754.5872 	DATA 	Keypress: 5
755.0375 	DATA 	Keypress: 5
755.4950 	DATA 	Keypress: 5
755.9546 	DATA 	Keypress: 5
756.4116 	DATA 	Keypress: 5
756.8710 	DATA 	Keypress: 5
757.3215 	DATA 	Keypress: 5
757.7872 	DATA 	Keypress: 5
758.2371 	DATA 	Keypress: 5
758.7210 	DATA 	Keypress: 5
759.1876 	DATA 	Keypress: 5
759.6378 	DATA 	Keypress: 5
760.0953 	DATA 	Keypress: 5
760.5550 	DATA 	Keypress: 5
761.0118 	DATA 	Keypress: 5
761.4710 	DATA 	Keypress: 5
761.9198 	DATA 	Keypress: 5
762.3873 	DATA 	Keypress: 5
762.8373 	DATA 	Keypress: 5
763.3207 	DATA 	Keypress: 5
763.7874 	DATA 	Keypress: 5
764.2371 	DATA 	Keypress: 5
764.6950 	DATA 	Keypress: 5
765.1541 	DATA 	Keypress: 5
765.6120 	DATA 	Keypress: 5
766.0710 	DATA 	Keypress: 5
766.5215 	DATA 	Keypress: 5
766.9880 	DATA 	Keypress: 5
767.4378 	DATA 	Keypress: 5
767.9206 	DATA 	Keypress: 5
768.3885 	DATA 	Keypress: 5
768.8373 	DATA 	Keypress: 5
769.2951 	DATA 	Keypress: 5
769.7537 	DATA 	Keypress: 5
770.2115 	DATA 	Keypress: 5
770.6716 	DATA 	Keypress: 5
771.1212 	DATA 	Keypress: 5
771.5874 	DATA 	Keypress: 5
772.0369 	DATA 	Keypress: 5
772.5204 	DATA 	Keypress: 5
772.9883 	DATA 	Keypress: 5
773.4373 	DATA 	Keypress: 5
773.8951 	DATA 	Keypress: 5
774.3541 	DATA 	Keypress: 5
774.8119 	DATA 	Keypress: 5
775.2708 	DATA 	Keypress: 5
775.7204 	DATA 	Keypress: 5
776.1877 	DATA 	Keypress: 5
776.6380 	DATA 	Keypress: 5
777.1206 	DATA 	Keypress: 5
777.5876 	DATA 	Keypress: 5
778.0377 	DATA 	Keypress: 5
778.4958 	DATA 	Keypress: 5
778.9540 	DATA 	Keypress: 5
779.4118 	DATA 	Keypress: 5
779.8702 	DATA 	Keypress: 5
780.3199 	DATA 	Keypress: 5
780.7877 	DATA 	Keypress: 5
781.2373 	DATA 	Keypress: 5
781.7203 	DATA 	Keypress: 5
782.1881 	DATA 	Keypress: 5
782.6380 	DATA 	Keypress: 5
783.0949 	DATA 	Keypress: 5
783.5543 	DATA 	Keypress: 5
784.0125 	DATA 	Keypress: 5
784.4709 	DATA 	Keypress: 5
784.9204 	DATA 	Keypress: 5
785.3884 	DATA 	Keypress: 5
785.8380 	DATA 	Keypress: 5
786.3209 	DATA 	Keypress: 5
786.7885 	DATA 	Keypress: 5
787.2377 	DATA 	Keypress: 5
787.6956 	DATA 	Keypress: 5
788.1542 	DATA 	Keypress: 5
788.6120 	DATA 	Keypress: 5
789.0717 	DATA 	Keypress: 5
789.5207 	DATA 	Keypress: 5
789.9877 	DATA 	Keypress: 5
790.4368 	DATA 	Keypress: 5
790.9216 	DATA 	Keypress: 5
791.3876 	DATA 	Keypress: 5
791.8376 	DATA 	Keypress: 5
792.2948 	DATA 	Keypress: 5
792.7537 	DATA 	Keypress: 5
793.2123 	DATA 	Keypress: 5
793.6715 	DATA 	Keypress: 5
794.1207 	DATA 	Keypress: 5
794.5884 	DATA 	Keypress: 5
795.0383 	DATA 	Keypress: 5
795.4959 	DATA 	Keypress: 5
795.9882 	DATA 	Keypress: 5
796.4371 	DATA 	Keypress: 5
796.8950 	DATA 	Keypress: 5
797.3552 	DATA 	Keypress: 5
797.8122 	DATA 	Keypress: 5
798.2712 	DATA 	Keypress: 5
798.7214 	DATA 	Keypress: 5
799.1876 	DATA 	Keypress: 5
799.6379 	DATA 	Keypress: 5
800.1215 	DATA 	Keypress: 5
800.5879 	DATA 	Keypress: 5
801.0379 	DATA 	Keypress: 5
801.4956 	DATA 	Keypress: 5
801.9541 	DATA 	Keypress: 5
802.4121 	DATA 	Keypress: 5
802.8713 	DATA 	Keypress: 5
803.3211 	DATA 	Keypress: 5
803.7876 	DATA 	Keypress: 5
804.2376 	DATA 	Keypress: 5
804.6957 	DATA 	Keypress: 5
805.1880 	DATA 	Keypress: 5
805.6381 	DATA 	Keypress: 5
806.0955 	DATA 	Keypress: 5
806.5552 	DATA 	Keypress: 5
807.0119 	DATA 	Keypress: 5
807.4716 	DATA 	Keypress: 5
807.9212 	DATA 	Keypress: 5
808.3885 	DATA 	Keypress: 5
808.8377 	DATA 	Keypress: 5
809.3214 	DATA 	Keypress: 5
809.7879 	DATA 	Keypress: 5
810.2373 	DATA 	Keypress: 5
810.6956 	DATA 	Keypress: 5
811.1548 	DATA 	Keypress: 5
811.6125 	DATA 	Keypress: 5
812.0708 	DATA 	Keypress: 5
812.5213 	DATA 	Keypress: 5
812.9884 	DATA 	Keypress: 5
813.4380 	DATA 	Keypress: 5
813.9213 	DATA 	Keypress: 5
814.3873 	DATA 	Keypress: 5
814.8379 	DATA 	Keypress: 5
815.2952 	DATA 	Keypress: 5
815.7545 	DATA 	Keypress: 5
816.2126 	DATA 	Keypress: 5
816.6711 	DATA 	Keypress: 5
817.1207 	DATA 	Keypress: 5
817.5883 	DATA 	Keypress: 5
818.0383 	DATA 	Keypress: 5
818.5213 	DATA 	Keypress: 5
818.9876 	DATA 	Keypress: 5
819.4377 	DATA 	Keypress: 5
819.8956 	DATA 	Keypress: 5
820.3543 	DATA 	Keypress: 5
820.8121 	DATA 	Keypress: 5
821.2720 	DATA 	Keypress: 5
821.7212 	DATA 	Keypress: 5
822.1879 	DATA 	Keypress: 5
822.6376 	DATA 	Keypress: 5
823.1212 	DATA 	Keypress: 5
823.5884 	DATA 	Keypress: 5
824.0375 	DATA 	Keypress: 5
824.4957 	DATA 	Keypress: 5
824.9549 	DATA 	Keypress: 5
825.4120 	DATA 	Keypress: 5
825.8712 	DATA 	Keypress: 5
826.3210 	DATA 	Keypress: 5
826.7878 	DATA 	Keypress: 5
827.2378 	DATA 	Keypress: 5
827.7210 	DATA 	Keypress: 5
828.1878 	DATA 	Keypress: 5
828.6378 	DATA 	Keypress: 5
829.0960 	DATA 	Keypress: 5
829.5551 	DATA 	Keypress: 5
830.0123 	DATA 	Keypress: 5
830.4723 	DATA 	Keypress: 5
830.9213 	DATA 	Keypress: 5
831.3882 	DATA 	Keypress: 5
831.8383 	DATA 	Keypress: 5
832.3223 	DATA 	Keypress: 5
832.7888 	DATA 	Keypress: 5
833.2382 	DATA 	Keypress: 5
833.6958 	DATA 	Keypress: 5
834.1552 	DATA 	Keypress: 5
834.6121 	DATA 	Keypress: 5
835.0716 	DATA 	Keypress: 5
835.5212 	DATA 	Keypress: 5
835.9882 	DATA 	Keypress: 5
836.4375 	DATA 	Keypress: 5
836.8958 	DATA 	Keypress: 5
837.3878 	DATA 	Keypress: 5
837.8389 	DATA 	Keypress: 5
838.2963 	DATA 	Keypress: 5
838.7546 	DATA 	Keypress: 5
839.2130 	DATA 	Keypress: 5
839.6719 	DATA 	Keypress: 5
840.1207 	DATA 	Keypress: 5
840.5890 	DATA 	Keypress: 5
841.0383 	DATA 	Keypress: 5
841.4961 	DATA 	Keypress: 5
841.9885 	DATA 	Keypress: 5
842.4385 	DATA 	Keypress: 5
842.8961 	DATA 	Keypress: 5
843.3553 	DATA 	Keypress: 5
843.8131 	DATA 	Keypress: 5
844.2724 	DATA 	Keypress: 5
844.7211 	DATA 	Keypress: 5
845.1879 	DATA 	Keypress: 5
845.6381 	DATA 	Keypress: 5
846.0964 	DATA 	Keypress: 5
846.5884 	DATA 	Keypress: 5
847.0379 	DATA 	Keypress: 5
847.4960 	DATA 	Keypress: 5
847.9551 	DATA 	Keypress: 5
848.4129 	DATA 	Keypress: 5
848.8719 	DATA 	Keypress: 5
849.3214 	DATA 	Keypress: 5
849.7886 	DATA 	Keypress: 5
850.2391 	DATA 	Keypress: 5
850.6958 	DATA 	Keypress: 5
851.1888 	DATA 	Keypress: 5
851.6378 	DATA 	Keypress: 5
852.0962 	DATA 	Keypress: 5
852.5549 	DATA 	Keypress: 5
853.0127 	DATA 	Keypress: 5
853.4711 	DATA 	Keypress: 5
853.9218 	DATA 	Keypress: 5
854.3880 	DATA 	Keypress: 5
854.8390 	DATA 	Keypress: 5
855.3215 	DATA 	Keypress: 5
855.7886 	DATA 	Keypress: 5
856.2383 	DATA 	Keypress: 5
856.6965 	DATA 	Keypress: 5
857.1556 	DATA 	Keypress: 5
857.6132 	DATA 	Keypress: 5
858.0720 	DATA 	Keypress: 5
858.5215 	DATA 	Keypress: 5
858.9887 	DATA 	Keypress: 5
859.4383 	DATA 	Keypress: 5
859.8967 	DATA 	Keypress: 5
860.3885 	DATA 	Keypress: 5
860.8393 	DATA 	Keypress: 5
861.2958 	DATA 	Keypress: 5
861.7553 	DATA 	Keypress: 5
862.2132 	DATA 	Keypress: 5
862.6722 	DATA 	Keypress: 5
863.1215 	DATA 	Keypress: 5
863.5887 	DATA 	Keypress: 5
864.0385 	DATA 	Keypress: 5
864.5224 	DATA 	Keypress: 5
864.9882 	DATA 	Keypress: 5
865.4383 	DATA 	Keypress: 5
865.8962 	DATA 	Keypress: 5
866.3557 	DATA 	Keypress: 5
866.8127 	DATA 	Keypress: 5
867.2723 	DATA 	Keypress: 5
867.7214 	DATA 	Keypress: 5
868.1889 	DATA 	Keypress: 5
868.6388 	DATA 	Keypress: 5
869.1217 	DATA 	Keypress: 5
869.5890 	DATA 	Keypress: 5
870.0387 	DATA 	Keypress: 5
870.4967 	DATA 	Keypress: 5
870.9557 	DATA 	Keypress: 5
871.4129 	DATA 	Keypress: 5
871.8727 	DATA 	Keypress: 5
872.3219 	DATA 	Keypress: 5
872.7882 	DATA 	Keypress: 5
873.2391 	DATA 	Keypress: 5
873.7224 	DATA 	Keypress: 5
874.1887 	DATA 	Keypress: 5
874.6384 	DATA 	Keypress: 5
875.0968 	DATA 	Keypress: 5
875.5550 	DATA 	Keypress: 5
876.0130 	DATA 	Keypress: 5
876.4719 	DATA 	Keypress: 5
876.9212 	DATA 	Keypress: 5
877.3890 	DATA 	Keypress: 5
877.8391 	DATA 	Keypress: 5
878.3218 	DATA 	Keypress: 5
878.7891 	DATA 	Keypress: 5
879.2391 	DATA 	Keypress: 5
879.6967 	DATA 	Keypress: 5
880.1549 	DATA 	Keypress: 5
880.6131 	DATA 	Keypress: 5
881.0716 	DATA 	Keypress: 5
881.5217 	DATA 	Keypress: 5
881.9888 	DATA 	Keypress: 5
882.4386 	DATA 	Keypress: 5
882.9217 	DATA 	Keypress: 5
883.3890 	DATA 	Keypress: 5
883.8380 	DATA 	Keypress: 5
884.2967 	DATA 	Keypress: 5
884.7549 	DATA 	Keypress: 5
885.2128 	DATA 	Keypress: 5
885.6715 	DATA 	Keypress: 5
886.1222 	DATA 	Keypress: 5
886.5885 	DATA 	Keypress: 5
887.0385 	DATA 	Keypress: 5
887.5212 	DATA 	Keypress: 5
887.9890 	DATA 	Keypress: 5
888.4391 	DATA 	Keypress: 5
888.8959 	DATA 	Keypress: 5
889.3555 	DATA 	Keypress: 5
889.8130 	DATA 	Keypress: 5
890.2727 	DATA 	Keypress: 5
890.7221 	DATA 	Keypress: 5
891.1895 	DATA 	Keypress: 5
891.6386 	DATA 	Keypress: 5
892.0968 	DATA 	Keypress: 5
892.5887 	DATA 	Keypress: 5
893.0388 	DATA 	Keypress: 5
893.4967 	DATA 	Keypress: 5
893.9563 	DATA 	Keypress: 5
894.4129 	DATA 	Keypress: 5
894.8719 	DATA 	Keypress: 5
895.3222 	DATA 	Keypress: 5
895.7886 	DATA 	Keypress: 5
896.2387 	DATA 	Keypress: 5
896.6970 	DATA 	Keypress: 5
897.1896 	DATA 	Keypress: 5
897.6388 	DATA 	Keypress: 5
898.0962 	DATA 	Keypress: 5
898.5558 	DATA 	Keypress: 5
899.0131 	DATA 	Keypress: 5
899.4727 	DATA 	Keypress: 5
899.9216 	DATA 	Keypress: 5
900.3884 	DATA 	Keypress: 5
900.8391 	DATA 	Keypress: 5
901.2968 	DATA 	Keypress: 5
901.7891 	DATA 	Keypress: 5
902.2389 	DATA 	Keypress: 5
902.6970 	DATA 	Keypress: 5
903.1561 	DATA 	Keypress: 5
903.6131 	DATA 	Keypress: 5
904.0720 	DATA 	Keypress: 5
904.5216 	DATA 	Keypress: 5
904.9890 	DATA 	Keypress: 5
905.4387 	DATA 	Keypress: 5
905.8968 	DATA 	Keypress: 5
906.3895 	DATA 	Keypress: 5
906.8396 	DATA 	Keypress: 5
907.2962 	DATA 	Keypress: 5
907.7567 	DATA 	Keypress: 5
908.2130 	DATA 	Keypress: 5
908.6727 	DATA 	Keypress: 5
909.1223 	DATA 	Keypress: 5
909.5890 	DATA 	Keypress: 5
910.0392 	DATA 	Keypress: 5
910.4969 	DATA 	Keypress: 5
910.9888 	DATA 	Keypress: 5
911.4388 	DATA 	Keypress: 5
911.8967 	DATA 	Keypress: 5
912.3568 	DATA 	Keypress: 5
912.8134 	DATA 	Keypress: 5
913.2720 	DATA 	Keypress: 5
913.7219 	DATA 	Keypress: 5
914.1893 	DATA 	Keypress: 5
914.6389 	DATA 	Keypress: 5
915.0968 	DATA 	Keypress: 5
915.5893 	DATA 	Keypress: 5
916.0395 	DATA 	Keypress: 5
916.4962 	DATA 	Keypress: 5
916.9557 	DATA 	Keypress: 5
917.4131 	DATA 	Keypress: 5
917.8727 	DATA 	Keypress: 5
918.3223 	DATA 	Keypress: 5
918.7901 	DATA 	Keypress: 5
919.2395 	DATA 	Keypress: 5
919.6967 	DATA 	Keypress: 5
920.1887 	DATA 	Keypress: 5
920.6391 	DATA 	Keypress: 5
921.0967 	DATA 	Keypress: 5
921.5563 	DATA 	Keypress: 5
922.0132 	DATA 	Keypress: 5
922.4724 	DATA 	Keypress: 5
922.9225 	DATA 	Keypress: 5
923.3897 	DATA 	Keypress: 5
923.8382 	DATA 	Keypress: 5
924.2968 	DATA 	Keypress: 5
924.7896 	DATA 	Keypress: 5
925.2389 	DATA 	Keypress: 5
925.6968 	DATA 	Keypress: 5
926.1559 	DATA 	Keypress: 5
926.6137 	DATA 	Keypress: 5
927.0724 	DATA 	Keypress: 5
927.5230 	DATA 	Keypress: 5
927.9889 	DATA 	Keypress: 5
928.4391 	DATA 	Keypress: 5
928.8973 	DATA 	Keypress: 5
929.3889 	DATA 	Keypress: 5
929.8395 	DATA 	Keypress: 5
930.2969 	DATA 	Keypress: 5
930.7562 	DATA 	Keypress: 5
931.2137 	DATA 	Keypress: 5
931.6725 	DATA 	Keypress: 5
932.1219 	DATA 	Keypress: 5
932.5891 	DATA 	Keypress: 5
933.0395 	DATA 	Keypress: 5
933.4971 	DATA 	Keypress: 5
933.9895 	DATA 	Keypress: 5
934.4386 	DATA 	Keypress: 5
934.8968 	DATA 	Keypress: 5
935.3556 	DATA 	Keypress: 5
935.8137 	DATA 	Keypress: 5
936.2725 	DATA 	Keypress: 5
936.7226 	DATA 	Keypress: 5
937.1894 	DATA 	Keypress: 5
937.6392 	DATA 	Keypress: 5
938.0969 	DATA 	Keypress: 5
938.5899 	DATA 	Keypress: 5
939.0396 	DATA 	Keypress: 5
939.4972 	DATA 	Keypress: 5
939.9569 	DATA 	Keypress: 5
940.4138 	DATA 	Keypress: 5
940.8724 	DATA 	Keypress: 5
941.3225 	DATA 	Keypress: 5
941.7901 	DATA 	Keypress: 5
942.2390 	DATA 	Keypress: 5
942.7220 	DATA 	Keypress: 5
943.1893 	DATA 	Keypress: 5
943.6400 	DATA 	Keypress: 5
944.0972 	DATA 	Keypress: 5
944.5569 	DATA 	Keypress: 5
945.0140 	DATA 	Keypress: 5
945.4725 	DATA 	Keypress: 5
945.9228 	DATA 	Keypress: 5
946.3894 	DATA 	Keypress: 5
946.8397 	DATA 	Keypress: 5
947.2968 	DATA 	Keypress: 5
947.7891 	DATA 	Keypress: 5
948.2396 	DATA 	Keypress: 5
948.6969 	DATA 	Keypress: 5
949.1553 	DATA 	Keypress: 5
949.6135 	DATA 	Keypress: 5
950.0731 	DATA 	Keypress: 5
950.5218 	DATA 	Keypress: 5
950.9896 	DATA 	Keypress: 5
951.4389 	DATA 	Keypress: 5
951.9224 	DATA 	Keypress: 5
952.3896 	DATA 	Keypress: 5
952.8391 	DATA 	Keypress: 5
953.2970 	DATA 	Keypress: 5
953.7557 	DATA 	Keypress: 5
954.2138 	DATA 	Keypress: 5
954.6734 	DATA 	Keypress: 5
955.1225 	DATA 	Keypress: 5
955.5893 	DATA 	Keypress: 5
956.0398 	DATA 	Keypress: 5
956.4973 	DATA 	Keypress: 5
956.9900 	DATA 	Keypress: 5
957.4392 	DATA 	Keypress: 5
957.8977 	DATA 	Keypress: 5
958.3561 	DATA 	Keypress: 5
958.8135 	DATA 	Keypress: 5
959.2734 	DATA 	Keypress: 5
959.7224 	DATA 	Keypress: 5
960.1900 	DATA 	Keypress: 5
960.6392 	DATA 	Keypress: 5
961.1226 	DATA 	Keypress: 5
961.5895 	DATA 	Keypress: 5
962.0397 	DATA 	Keypress: 5
962.4973 	DATA 	Keypress: 5
962.9559 	DATA 	Keypress: 5
963.4135 	DATA 	Keypress: 5
963.8723 	DATA 	Keypress: 5
964.3226 	DATA 	Keypress: 5
964.7903 	DATA 	Keypress: 5
965.2392 	DATA 	Keypress: 5
965.7224 	DATA 	Keypress: 5
966.1893 	DATA 	Keypress: 5
966.6391 	DATA 	Keypress: 5
967.0978 	DATA 	Keypress: 5
967.5571 	DATA 	Keypress: 5
968.0141 	DATA 	Keypress: 5
968.4723 	DATA 	Keypress: 5
968.9224 	DATA 	Keypress: 5
969.3901 	DATA 	Keypress: 5
969.8394 	DATA 	Keypress: 5
970.3236 	DATA 	Keypress: 5
970.7896 	DATA 	Keypress: 5
971.2396 	DATA 	Keypress: 5
971.6970 	DATA 	Keypress: 5
972.1559 	DATA 	Keypress: 5
972.6141 	DATA 	Keypress: 5
973.0732 	DATA 	Keypress: 5
973.5307 	DATA 	Keypress: 5
973.9903 	DATA 	Keypress: 5
974.4395 	DATA 	Keypress: 5
974.9231 	DATA 	Keypress: 5
975.3900 	DATA 	Keypress: 5
975.8401 	DATA 	Keypress: 5
976.3070 	DATA 	Keypress: 5
976.7568 	DATA 	Keypress: 5
977.2135 	DATA 	Keypress: 5
977.6728 	DATA 	Keypress: 5
978.1235 	DATA 	Keypress: 5
978.5902 	DATA 	Keypress: 5
979.0387 	DATA 	Keypress: 5
979.5070 	DATA 	Keypress: 5
979.9897 	DATA 	Keypress: 5
980.4396 	DATA 	Keypress: 5
980.8976 	DATA 	Keypress: 5
981.3557 	DATA 	Keypress: 5
981.8135 	DATA 	Keypress: 5
982.2735 	DATA 	Keypress: 5
982.7231 	DATA 	Keypress: 5
983.1909 	DATA 	Keypress: 5
983.6392 	DATA 	Keypress: 5
984.1227 	DATA 	Keypress: 5
984.5899 	DATA 	Keypress: 5
985.0390 	DATA 	Keypress: 5
985.4973 	DATA 	Keypress: 5
985.9561 	DATA 	Keypress: 5
986.4139 	DATA 	Keypress: 5
986.8726 	DATA 	Keypress: 5
987.3310 	DATA 	Keypress: 5
987.7899 	DATA 	Keypress: 5
988.2388 	DATA 	Keypress: 5
988.7231 	DATA 	Keypress: 5
989.1897 	DATA 	Keypress: 5
989.6397 	DATA 	Keypress: 5
990.1066 	DATA 	Keypress: 5
990.5563 	DATA 	Keypress: 5
991.0139 	DATA 	Keypress: 5
991.4738 	DATA 	Keypress: 5
991.9236 	DATA 	Keypress: 5
992.3901 	DATA 	Keypress: 5
992.8402 	DATA 	Keypress: 5
993.3068 	DATA 	Keypress: 5
993.7902 	DATA 	Keypress: 5
994.2404 	DATA 	Keypress: 5
994.6976 	DATA 	Keypress: 5
995.1568 	DATA 	Keypress: 5
995.6146 	DATA 	Keypress: 5
996.0728 	DATA 	Keypress: 5
996.5311 	DATA 	Keypress: 5
996.9905 	DATA 	Keypress: 5
997.4395 	DATA 	Keypress: 5
997.9067 	DATA 	Keypress: 5
998.3902 	DATA 	Keypress: 5
998.8402 	DATA 	Keypress: 5
999.3074 	DATA 	Keypress: 5
999.7569 	DATA 	Keypress: 5
1000.2144 	DATA 	Keypress: 5
1000.6730 	DATA 	Keypress: 5
1001.1234 	DATA 	Keypress: 5
1001.5898 	DATA 	Keypress: 5
1002.0403 	DATA 	Keypress: 5
1002.5232 	DATA 	Keypress: 5
1002.9899 	DATA 	Keypress: 5
1003.4399 	DATA 	Keypress: 5
1003.8973 	DATA 	Keypress: 5
1004.3570 	DATA 	Keypress: 5
1004.8143 	DATA 	Keypress: 5
1005.2736 	DATA 	Keypress: 5
1005.7237 	DATA 	Keypress: 5
1006.1909 	DATA 	Keypress: 5
1006.6395 	DATA 	Keypress: 5
1007.1071 	DATA 	Keypress: 5
1007.5903 	DATA 	Keypress: 5
1008.0398 	DATA 	Keypress: 5
1008.5069 	DATA 	Keypress: 5
1008.9567 	DATA 	Keypress: 5
1009.4144 	DATA 	Keypress: 5
1009.8739 	DATA 	Keypress: 5
1010.3231 	DATA 	Keypress: 5
1010.7907 	DATA 	Keypress: 5
1011.2396 	DATA 	Keypress: 5
1011.7072 	DATA 	Keypress: 5
1012.1906 	DATA 	Keypress: 5
1012.6399 	DATA 	Keypress: 5
1013.0974 	DATA 	Keypress: 5
1013.5563 	DATA 	Keypress: 5
1014.0140 	DATA 	Keypress: 5
1014.4734 	DATA 	Keypress: 5
1014.9315 	DATA 	Keypress: 5
1015.3902 	DATA 	Keypress: 5
1015.8401 	DATA 	Keypress: 5
1016.3073 	DATA 	Keypress: 5
1016.7904 	DATA 	Keypress: 5
1017.2406 	DATA 	Keypress: 5
1017.7110 	DATA 	Keypress: 5
1018.1565 	DATA 	Keypress: 5
1018.6141 	DATA 	Keypress: 5
1019.0737 	DATA 	Keypress: 5
1019.5236 	DATA 	Keypress: 5
1019.9898 	DATA 	Keypress: 5
1020.4401 	DATA 	Keypress: 5
1020.9069 	DATA 	Keypress: 5
1021.3897 	DATA 	Keypress: 5
1021.8398 	DATA 	Keypress: 5
1022.3075 	DATA 	Keypress: 5
1022.7559 	DATA 	Keypress: 5
1023.2145 	DATA 	Keypress: 5
1023.6730 	DATA 	Keypress: 5
1024.1312 	DATA 	Keypress: 5
1024.5905 	DATA 	Keypress: 5
1025.0400 	DATA 	Keypress: 5
1025.5072 	DATA 	Keypress: 5
1025.9904 	DATA 	Keypress: 5
1026.4402 	DATA 	Keypress: 5
1026.9074 	DATA 	Keypress: 5
1027.3563 	DATA 	Keypress: 5
1027.8149 	DATA 	Keypress: 5
1028.2735 	DATA 	Keypress: 5
1028.7233 	DATA 	Keypress: 5
1029.1902 	DATA 	Keypress: 5
1029.6398 	DATA 	Keypress: 5
1030.1066 	DATA 	Keypress: 5
1030.5903 	DATA 	Keypress: 5
1031.0404 	DATA 	Keypress: 5
1031.5065 	DATA 	Keypress: 5
1031.9566 	DATA 	Keypress: 5
1032.4149 	DATA 	Keypress: 5
1032.8739 	DATA 	Keypress: 5
1033.3237 	DATA 	Keypress: 5
1033.7903 	DATA 	Keypress: 5
1034.2401 	DATA 	Keypress: 5
1034.7073 	DATA 	Keypress: 5
1035.1905 	DATA 	Keypress: 5
1035.6408 	DATA 	Keypress: 5
1036.1076 	DATA 	Keypress: 5
1036.5560 	DATA 	Keypress: 5
1037.0154 	DATA 	Keypress: 5
1037.4743 	DATA 	Keypress: 5
1037.9310 	DATA 	Keypress: 5
1038.3905 	DATA 	Keypress: 5
1038.8404 	DATA 	Keypress: 5
1039.3071 	DATA 	Keypress: 5
1039.7900 	DATA 	Keypress: 5
1040.2405 	DATA 	Keypress: 5
1040.7068 	DATA 	Keypress: 5
1041.1570 	DATA 	Keypress: 5
1041.6147 	DATA 	Keypress: 5
1042.0736 	DATA 	Keypress: 5
1042.5319 	DATA 	Keypress: 5
1042.9904 	DATA 	Keypress: 5
1043.4400 	DATA 	Keypress: 5
1043.9076 	DATA 	Keypress: 5
1044.3910 	DATA 	Keypress: 5
1044.8399 	DATA 	Keypress: 5
1045.3068 	DATA 	Keypress: 5
1045.7560 	DATA 	Keypress: 5
1046.2145 	DATA 	Keypress: 5
1046.6736 	DATA 	Keypress: 5
1047.1316 	DATA 	Keypress: 5
1047.5910 	DATA 	Keypress: 5
1048.0396 	DATA 	Keypress: 5
1048.5071 	DATA 	Keypress: 5
1048.9911 	DATA 	Keypress: 5
1049.4406 	DATA 	Keypress: 5
1049.9067 	DATA 	Keypress: 5
1050.3572 	DATA 	Keypress: 5
1050.8150 	DATA 	Keypress: 5
1051.2739 	DATA 	Keypress: 5
1051.7313 	DATA 	Keypress: 5
1052.1905 	DATA 	Keypress: 5
1052.6410 	DATA 	Keypress: 5
1053.1069 	DATA 	Keypress: 5
1053.5912 	DATA 	Keypress: 5
1054.0399 	DATA 	Keypress: 5
1054.5074 	DATA 	Keypress: 5
1054.9572 	DATA 	Keypress: 5
1055.4147 	DATA 	Keypress: 5
1055.8746 	DATA 	Keypress: 5
1056.3320 	DATA 	Keypress: 5
1056.7909 	DATA 	Keypress: 5
1057.2415 	DATA 	Keypress: 5
1057.7078 	DATA 	Keypress: 5
1058.1916 	DATA 	Keypress: 5
1058.6407 	DATA 	Keypress: 5
1059.1065 	DATA 	Keypress: 5
1059.5569 	DATA 	Keypress: 5
1060.0146 	DATA 	Keypress: 5
1060.4747 	DATA 	Keypress: 5
1060.9315 	DATA 	Keypress: 5
1061.3912 	DATA 	Keypress: 5
1061.8403 	DATA 	Keypress: 5
1062.3073 	DATA 	Keypress: 5
1062.7913 	DATA 	Keypress: 5
1063.2411 	DATA 	Keypress: 5
1063.7077 	DATA 	Keypress: 5
1064.1565 	DATA 	Keypress: 5
1064.6149 	DATA 	Keypress: 5
1065.0739 	DATA 	Keypress: 5
1065.5319 	DATA 	Keypress: 5
1065.9910 	DATA 	Keypress: 5
1066.4406 	DATA 	Keypress: 5
1066.9074 	DATA 	Keypress: 5
1067.3917 	DATA 	Keypress: 5
1067.8404 	DATA 	Keypress: 5
1068.3074 	DATA 	Keypress: 5
1068.7571 	DATA 	Keypress: 5
1069.2146 	DATA 	Keypress: 5
1069.6752 	DATA 	Keypress: 5
1070.1311 	DATA 	Keypress: 5
1070.5908 	DATA 	Keypress: 5
1071.0414 	DATA 	Keypress: 5
1071.5074 	DATA 	Keypress: 5
1071.9908 	DATA 	Keypress: 5
1072.4403 	DATA 	Keypress: 5
1072.9071 	DATA 	Keypress: 5
1073.3572 	DATA 	Keypress: 5
1073.8150 	DATA 	Keypress: 5
1074.2740 	DATA 	Keypress: 5
1074.7315 	DATA 	Keypress: 5
1075.1909 	DATA 	Keypress: 5
1075.6406 	DATA 	Keypress: 5
1076.1078 	DATA 	Keypress: 5
1076.5901 	DATA 	Keypress: 5
1077.0410 	DATA 	Keypress: 5
1077.5075 	DATA 	Keypress: 5
1077.9579 	DATA 	Keypress: 5
1078.4152 	DATA 	Keypress: 5
1078.8741 	DATA 	Keypress: 5
1079.3324 	DATA 	Keypress: 5
1079.7906 	DATA 	Keypress: 5
1080.2408 	DATA 	Keypress: 5
1080.7068 	DATA 	Keypress: 5
1081.1914 	DATA 	Keypress: 5
1081.6404 	DATA 	Keypress: 5
1082.1087 	DATA 	Keypress: 5
1082.5573 	DATA 	Keypress: 5
1083.0150 	DATA 	Keypress: 5
1083.4744 	DATA 	Keypress: 5
1083.9316 	DATA 	Keypress: 5
1084.3911 	DATA 	Keypress: 5
1084.8404 	DATA 	Keypress: 5
1085.3082 	DATA 	Keypress: 5
1085.7910 	DATA 	Keypress: 5
1086.2406 	DATA 	Keypress: 5
1086.7075 	DATA 	Keypress: 5
1087.1566 	DATA 	Keypress: 5
1087.6153 	DATA 	Keypress: 5
1088.0743 	DATA 	Keypress: 5
1088.5321 	DATA 	Keypress: 5
1088.9914 	DATA 	Keypress: 5
1089.4408 	DATA 	Keypress: 5
1089.9085 	DATA 	Keypress: 5
1090.3908 	DATA 	Keypress: 5
1090.8409 	DATA 	Keypress: 5
1091.3070 	DATA 	Keypress: 5
1091.7574 	DATA 	Keypress: 5
1092.2157 	DATA 	Keypress: 5
1092.6741 	DATA 	Keypress: 5
1093.1323 	DATA 	Keypress: 5
1093.5911 	DATA 	Keypress: 5
1094.0407 	DATA 	Keypress: 5
1094.5083 	DATA 	Keypress: 5
1094.9914 	DATA 	Keypress: 5
1095.4404 	DATA 	Keypress: 5
1095.9074 	DATA 	Keypress: 5
1096.3572 	DATA 	Keypress: 5
1096.8158 	DATA 	Keypress: 5
1097.2747 	DATA 	Keypress: 5
1097.7322 	DATA 	Keypress: 5
1098.1917 	DATA 	Keypress: 5
1098.6404 	DATA 	Keypress: 5
1099.1073 	DATA 	Keypress: 5
1099.5916 	DATA 	Keypress: 5
1100.0398 	DATA 	Keypress: 5
1100.5072 	DATA 	Keypress: 5
1100.9574 	DATA 	Keypress: 5
1101.4158 	DATA 	Keypress: 5
1101.8742 	DATA 	Keypress: 5
1102.3326 	DATA 	Keypress: 5
1102.7911 	DATA 	Keypress: 5
1103.2399 	DATA 	Keypress: 5
1103.7084 	DATA 	Keypress: 5
1104.1914 	DATA 	Keypress: 5
1104.6410 	DATA 	Keypress: 5
1105.1080 	DATA 	Keypress: 5
1105.5577 	DATA 	Keypress: 5
1106.0156 	DATA 	Keypress: 5
1106.4744 	DATA 	Keypress: 5
1106.9325 	DATA 	Keypress: 5
1107.3905 	DATA 	Keypress: 5
1107.8411 	DATA 	Keypress: 5
1108.3079 	DATA 	Keypress: 5
1108.7909 	DATA 	Keypress: 5
1109.2409 	DATA 	Keypress: 5
1109.7080 	DATA 	Keypress: 5
1110.1582 	DATA 	Keypress: 5
1110.6154 	DATA 	Keypress: 5
1111.0738 	DATA 	Keypress: 5
1111.5318 	DATA 	Keypress: 5
1111.9914 	DATA 	Keypress: 5
1112.4410 	DATA 	Keypress: 5
1112.9077 	DATA 	Keypress: 5
1113.3919 	DATA 	Keypress: 5
1113.8416 	DATA 	Keypress: 5
1114.3077 	DATA 	Keypress: 5
1114.7574 	DATA 	Keypress: 5
1115.2155 	DATA 	Keypress: 5
1115.6748 	DATA 	Keypress: 5
1116.1324 	DATA 	Keypress: 5
1116.5910 	DATA 	Keypress: 5
1117.0410 	DATA 	Keypress: 5
1117.5084 	DATA 	Keypress: 5
1117.9918 	DATA 	Keypress: 5
1118.4414 	DATA 	Keypress: 5
1118.9076 	DATA 	Keypress: 5
1119.3576 	DATA 	Keypress: 5
1119.8156 	DATA 	Keypress: 5
1120.2743 	DATA 	Keypress: 5
1120.7328 	DATA 	Keypress: 5
1121.1906 	DATA 	Keypress: 5
1121.6408 	DATA 	Keypress: 5
1122.1079 	DATA 	Keypress: 5
1122.5910 	DATA 	Keypress: 5
1123.0411 	DATA 	Keypress: 5
1123.5081 	DATA 	Keypress: 5
1123.9577 	DATA 	Keypress: 5
1124.4162 	DATA 	Keypress: 5
1124.8743 	DATA 	Keypress: 5
1125.3327 	DATA 	Keypress: 5
1125.7917 	DATA 	Keypress: 5
1126.2412 	DATA 	Keypress: 5
1126.7076 	DATA 	Keypress: 5
1127.1915 	DATA 	Keypress: 5
1127.6415 	DATA 	Keypress: 5
1128.1086 	DATA 	Keypress: 5
1128.5580 	DATA 	Keypress: 5
1129.0162 	DATA 	Keypress: 5
1129.4752 	DATA 	Keypress: 5
1129.9328 	DATA 	Keypress: 5
1130.3917 	DATA 	Keypress: 5
1130.8413 	DATA 	Keypress: 5
1131.3080 	DATA 	Keypress: 5
1131.7916 	DATA 	Keypress: 5
1132.2407 	DATA 	Keypress: 5
1132.7083 	DATA 	Keypress: 5
1133.1577 	DATA 	Keypress: 5
1133.6153 	DATA 	Keypress: 5
1134.0750 	DATA 	Keypress: 5
1134.5322 	DATA 	Keypress: 5
1134.9917 	DATA 	Keypress: 5
1135.4418 	DATA 	Keypress: 5
1135.9084 	DATA 	Keypress: 5
1136.3918 	DATA 	Keypress: 5
1136.8408 	DATA 	Keypress: 5
1137.3078 	DATA 	Keypress: 5
1137.7589 	DATA 	Keypress: 5
1138.2154 	DATA 	Keypress: 5
1138.6748 	DATA 	Keypress: 5
1139.1325 	DATA 	Keypress: 5
1139.5912 	DATA 	Keypress: 5
1140.0415 	DATA 	Keypress: 5
1140.5087 	DATA 	Keypress: 5
1140.9913 	DATA 	Keypress: 5
1141.4402 	DATA 	Keypress: 5
1141.9087 	DATA 	Keypress: 5
1142.3581 	DATA 	Keypress: 5
1142.8160 	DATA 	Keypress: 5
1143.2748 	DATA 	Keypress: 5
1143.7324 	DATA 	Keypress: 5
1144.1921 	DATA 	Keypress: 5
1144.6406 	DATA 	Keypress: 5
1145.1080 	DATA 	Keypress: 5
1145.5921 	DATA 	Keypress: 5
1146.0417 	DATA 	Keypress: 5
1146.5080 	DATA 	Keypress: 5
1146.9581 	DATA 	Keypress: 5
1147.4160 	DATA 	Keypress: 5
1147.8755 	DATA 	Keypress: 5
1148.3330 	DATA 	Keypress: 5
1148.7912 	DATA 	Keypress: 5
1149.2415 	DATA 	Keypress: 5
1149.7085 	DATA 	Keypress: 5
1150.1922 	DATA 	Keypress: 5
1150.6420 	DATA 	Keypress: 5
1151.1086 	DATA 	Keypress: 5
1151.5583 	DATA 	Keypress: 5
1152.0166 	DATA 	Keypress: 5
1152.4749 	DATA 	Keypress: 5
1152.9323 	DATA 	Keypress: 5
1153.3922 	DATA 	Keypress: 5
1153.8416 	DATA 	Keypress: 5
1154.3091 	DATA 	Keypress: 5
1154.7917 	DATA 	Keypress: 5
1155.2421 	DATA 	Keypress: 5
1155.7082 	DATA 	Keypress: 5
1156.1575 	DATA 	Keypress: 5
1156.6163 	DATA 	Keypress: 5
1157.0753 	DATA 	Keypress: 5
1157.5325 	DATA 	Keypress: 5
1157.9920 	DATA 	Keypress: 5
1158.4417 	DATA 	Keypress: 5
1158.9081 	DATA 	Keypress: 5
1159.3922 	DATA 	Keypress: 5
1159.8412 	DATA 	Keypress: 5
1160.3089 	DATA 	Keypress: 5
1160.7585 	DATA 	Keypress: 5
1161.2161 	DATA 	Keypress: 5
1161.6750 	DATA 	Keypress: 5
1162.1325 	DATA 	Keypress: 5
1162.5917 	DATA 	Keypress: 5
1163.0413 	DATA 	Keypress: 5
1163.5085 	DATA 	Keypress: 5
1163.9922 	DATA 	Keypress: 5
1164.4412 	DATA 	Keypress: 5
1164.9090 	DATA 	Keypress: 5
1165.3576 	DATA 	Keypress: 5
1165.8164 	DATA 	Keypress: 5
1166.2755 	DATA 	Keypress: 5
1166.7332 	DATA 	Keypress: 5
1167.1918 	DATA 	Keypress: 5
1167.6421 	DATA 	Keypress: 5
1168.1092 	DATA 	Keypress: 5
1168.5916 	DATA 	Keypress: 5
1169.0418 	DATA 	Keypress: 5
1169.5081 	DATA 	Keypress: 5
1169.9581 	DATA 	Keypress: 5
1170.4165 	DATA 	Keypress: 5
1170.8749 	DATA 	Keypress: 5
1171.3333 	DATA 	Keypress: 5
1171.7919 	DATA 	Keypress: 5
1172.2416 	DATA 	Keypress: 5
1172.7091 	DATA 	Keypress: 5
1173.1917 	DATA 	Keypress: 5
1173.6412 	DATA 	Keypress: 5
1174.1092 	DATA 	Keypress: 5
1174.5576 	DATA 	Keypress: 5
1175.0170 	DATA 	Keypress: 5
1175.4758 	DATA 	Keypress: 5
1175.9332 	DATA 	Keypress: 5
1176.3928 	DATA 	Keypress: 5
1176.8419 	DATA 	Keypress: 5
1177.3082 	DATA 	Keypress: 5
1177.7919 	DATA 	Keypress: 5
1178.2420 	DATA 	Keypress: 5
1178.7084 	DATA 	Keypress: 5
1179.1585 	DATA 	Keypress: 5
1179.6158 	DATA 	Keypress: 5
1180.0758 	DATA 	Keypress: 5
1180.5331 	DATA 	Keypress: 5
1180.9920 	DATA 	Keypress: 5
1181.4415 	DATA 	Keypress: 5
1181.9084 	DATA 	Keypress: 5
1182.3922 	DATA 	Keypress: 5
1182.8421 	DATA 	Keypress: 5
1183.3086 	DATA 	Keypress: 5
1183.7581 	DATA 	Keypress: 5
1184.2161 	DATA 	Keypress: 5
1184.6752 	DATA 	Keypress: 5
1185.1334 	DATA 	Keypress: 5
1185.5921 	DATA 	Keypress: 5
1186.0426 	DATA 	Keypress: 5
1186.5089 	DATA 	Keypress: 5
1186.9929 	DATA 	Keypress: 5
1187.4419 	DATA 	Keypress: 5
1187.9087 	DATA 	Keypress: 5
1188.3578 	DATA 	Keypress: 5
1188.8161 	DATA 	Keypress: 5
1189.2754 	DATA 	Keypress: 5
1189.7331 	DATA 	Keypress: 5
1190.1917 	DATA 	Keypress: 5
1190.6415 	DATA 	Keypress: 5
1191.1085 	DATA 	Keypress: 5
1191.5917 	DATA 	Keypress: 5
1192.0420 	DATA 	Keypress: 5
1192.5086 	DATA 	Keypress: 5
1192.9584 	DATA 	Keypress: 5
1193.4168 	DATA 	Keypress: 5
1193.8751 	DATA 	Keypress: 5
1194.3337 	DATA 	Keypress: 5
1194.7929 	DATA 	Keypress: 5
1195.2423 	DATA 	Keypress: 5
1195.7084 	DATA 	Keypress: 5
1196.1922 	DATA 	Keypress: 5
1196.6423 	DATA 	Keypress: 5
1197.1093 	DATA 	Keypress: 5
1197.5589 	DATA 	Keypress: 5
1198.0165 	DATA 	Keypress: 5
1198.4757 	DATA 	Keypress: 5
1198.9337 	DATA 	Keypress: 5
1199.3915 	DATA 	Keypress: 5
1199.8417 	DATA 	Keypress: 5
1200.3087 	DATA 	Keypress: 5
1200.7920 	DATA 	Keypress: 5
1201.2420 	DATA 	Keypress: 5
1201.7087 	DATA 	Keypress: 5
1202.1584 	DATA 	Keypress: 5
1202.6165 	DATA 	Keypress: 5
1203.0758 	DATA 	Keypress: 5
1203.5333 	DATA 	Keypress: 5
1203.9923 	DATA 	Keypress: 5
1204.4416 	DATA 	Keypress: 5
1204.9088 	DATA 	Keypress: 5
1205.3929 	DATA 	Keypress: 5
1205.8420 	DATA 	Keypress: 5
1206.3092 	DATA 	Keypress: 5
1206.7587 	DATA 	Keypress: 5
1207.2164 	DATA 	Keypress: 5
1207.6750 	DATA 	Keypress: 5
1208.1337 	DATA 	Keypress: 5
1208.5920 	DATA 	Keypress: 5
1209.0424 	DATA 	Keypress: 5
1209.5088 	DATA 	Keypress: 5
1209.9922 	DATA 	Keypress: 5
1210.4421 	DATA 	Keypress: 5
1210.9089 	DATA 	Keypress: 5
1211.3587 	DATA 	Keypress: 5
1211.8169 	DATA 	Keypress: 5
1212.2765 	DATA 	Keypress: 5
1212.7331 	DATA 	Keypress: 5
1213.1924 	DATA 	Keypress: 5
1213.6419 	DATA 	Keypress: 5
1214.1094 	DATA 	Keypress: 5
1214.5929 	DATA 	Keypress: 5
1215.0418 	DATA 	Keypress: 5
1215.5091 	DATA 	Keypress: 5
1215.9589 	DATA 	Keypress: 5
1216.4168 	DATA 	Keypress: 5
1216.8759 	DATA 	Keypress: 5
1217.3335 	DATA 	Keypress: 5
1217.7928 	DATA 	Keypress: 5
1218.2421 	DATA 	Keypress: 5
1218.7098 	DATA 	Keypress: 5
1219.1922 	DATA 	Keypress: 5
1219.6427 	DATA 	Keypress: 5
1220.1088 	DATA 	Keypress: 5
1220.5590 	DATA 	Keypress: 5
1221.0167 	DATA 	Keypress: 5
1221.4757 	DATA 	Keypress: 5
1221.9335 	DATA 	Keypress: 5
1222.3923 	DATA 	Keypress: 5
1222.8421 	DATA 	Keypress: 5
1223.3096 	DATA 	Keypress: 5
1223.7602 	DATA 	Keypress: 5
1224.2423 	DATA 	Keypress: 5
1224.7084 	DATA 	Keypress: 5
1225.1583 	DATA 	Keypress: 5
1225.6165 	DATA 	Keypress: 5
1226.0757 	DATA 	Keypress: 5
1226.5338 	DATA 	Keypress: 5
1226.9923 	DATA 	Keypress: 5
1227.4422 	DATA 	Keypress: 5
1227.9086 	DATA 	Keypress: 5
1228.3931 	DATA 	Keypress: 5
1228.8417 	DATA 	Keypress: 5
1229.3094 	DATA 	Keypress: 5
1229.7592 	DATA 	Keypress: 5
1230.2169 	DATA 	Keypress: 5
1230.6763 	DATA 	Keypress: 5
1231.1338 	DATA 	Keypress: 5
1231.5926 	DATA 	Keypress: 5
1232.0425 	DATA 	Keypress: 5
1232.5088 	DATA 	Keypress: 5
1232.9932 	DATA 	Keypress: 5
1233.4426 	DATA 	Keypress: 5
1233.9096 	DATA 	Keypress: 5
1234.3592 	DATA 	Keypress: 5
1234.8164 	DATA 	Keypress: 5
1235.2766 	DATA 	Keypress: 5
1235.7339 	DATA 	Keypress: 5
1236.1928 	DATA 	Keypress: 5
1236.6423 	DATA 	Keypress: 5
1237.1095 	DATA 	Keypress: 5
1237.5928 	DATA 	Keypress: 5
1238.0423 	DATA 	Keypress: 5
1238.5090 	DATA 	Keypress: 5
1238.9588 	DATA 	Keypress: 5
1239.4170 	DATA 	Keypress: 5
1239.8762 	DATA 	Keypress: 5
1240.3332 	DATA 	Keypress: 5
1240.7922 	DATA 	Keypress: 5
1241.2427 	DATA 	Keypress: 5
1241.7095 	DATA 	Keypress: 5
1242.1922 	DATA 	Keypress: 5
1242.6421 	DATA 	Keypress: 5
1243.1095 	DATA 	Keypress: 5
1243.5600 	DATA 	Keypress: 5
1244.0167 	DATA 	Keypress: 5
1244.4759 	DATA 	Keypress: 5
1244.9335 	DATA 	Keypress: 5
1245.3928 	DATA 	Keypress: 5
1245.8421 	DATA 	Keypress: 5
1246.3097 	DATA 	Keypress: 5
1246.7925 	DATA 	Keypress: 5
1247.2426 	DATA 	Keypress: 5
1247.7095 	DATA 	Keypress: 5
1248.1599 	DATA 	Keypress: 5
1248.6173 	DATA 	Keypress: 5
1249.0766 	DATA 	Keypress: 5
1249.5337 	DATA 	Keypress: 5
1249.9926 	DATA 	Keypress: 5
1250.4425 	DATA 	Keypress: 5
1250.9096 	DATA 	Keypress: 5
1251.3926 	DATA 	Keypress: 5
1251.8424 	DATA 	Keypress: 5
1252.3099 	DATA 	Keypress: 5
1252.7590 	DATA 	Keypress: 5
1253.2175 	DATA 	Keypress: 5
1253.6765 	DATA 	Keypress: 5
1254.1334 	DATA 	Keypress: 5
1254.5926 	DATA 	Keypress: 5
1255.0427 	DATA 	Keypress: 5
1255.5089 	DATA 	Keypress: 5
1255.9933 	DATA 	Keypress: 5
1256.4422 	DATA 	Keypress: 5
1256.9092 	DATA 	Keypress: 5
1257.3595 	DATA 	Keypress: 5
1257.8170 	DATA 	Keypress: 5
1258.2769 	DATA 	Keypress: 5
1258.7344 	DATA 	Keypress: 5
1259.1929 	DATA 	Keypress: 5
1259.6502 	DATA 	Keypress: 5
1260.1100 	DATA 	Keypress: 5
1260.5930 	DATA 	Keypress: 5
1261.0426 	DATA 	Keypress: 5
1261.5094 	DATA 	Keypress: 5
1261.9594 	DATA 	Keypress: 5
1262.4266 	DATA 	Keypress: 5
1262.8761 	DATA 	Keypress: 5
1263.3337 	DATA 	Keypress: 5
1263.7929 	DATA 	Keypress: 5
1264.2428 	DATA 	Keypress: 5
1264.7090 	DATA 	Keypress: 5
1265.1927 	DATA 	Keypress: 5
1265.6425 	DATA 	Keypress: 5
1266.1093 	DATA 	Keypress: 5
1266.5599 	DATA 	Keypress: 5
1267.0169 	DATA 	Keypress: 5
1267.4764 	DATA 	Keypress: 5
1267.9341 	DATA 	Keypress: 5
1268.3934 	DATA 	Keypress: 5
1268.8504 	DATA 	Keypress: 5
1269.3098 	DATA 	Keypress: 5
1269.7932 	DATA 	Keypress: 5
1270.2426 	DATA 	Keypress: 5
1270.7097 	DATA 	Keypress: 5
1271.1597 	DATA 	Keypress: 5
1271.6168 	DATA 	Keypress: 5
1272.0760 	DATA 	Keypress: 5
1272.5339 	DATA 	Keypress: 5
1272.9928 	DATA 	Keypress: 5
1273.4426 	DATA 	Keypress: 5
1273.9091 	DATA 	Keypress: 5
1274.3927 	DATA 	Keypress: 5
1274.8267 	DATA 	Keypress: 5
1275.3096 	DATA 	Keypress: 5
1275.7590 	DATA 	Keypress: 5
1276.2173 	DATA 	Keypress: 5
1276.6760 	DATA 	Keypress: 5
1277.1340 	DATA 	Keypress: 5
1277.5929 	DATA 	Keypress: 5
1278.0510 	DATA 	Keypress: 5
1278.5093 	DATA 	Keypress: 5
1278.9935 	DATA 	Keypress: 5
1279.4420 	DATA 	Keypress: 5
1279.9094 	DATA 	Keypress: 5
1280.3596 	DATA 	Keypress: 5
1280.8175 	DATA 	Keypress: 5
1281.2763 	DATA 	Keypress: 5
1281.7340 	DATA 	Keypress: 5
1282.1932 	DATA 	Keypress: 5
1282.6432 	DATA 	Keypress: 5
1283.1099 	DATA 	Keypress: 5
1283.5927 	DATA 	Keypress: 5
1284.0433 	DATA 	Keypress: 5
1284.5106 	DATA 	Keypress: 5
1284.9600 	DATA 	Keypress: 5
1285.4264 	DATA 	Keypress: 5
1285.8761 	DATA 	Keypress: 5
1286.3338 	DATA 	Keypress: 5
1286.7943 	DATA 	Keypress: 5
1287.2430 	DATA 	Keypress: 5
1287.7101 	DATA 	Keypress: 5
1288.1933 	DATA 	Keypress: 5
1288.6268 	DATA 	Keypress: 5
1289.1100 	DATA 	Keypress: 5
1289.5592 	DATA 	Keypress: 5
1290.0175 	DATA 	Keypress: 5
1290.4762 	DATA 	Keypress: 5
1290.9343 	DATA 	Keypress: 5
1291.3931 	DATA 	Keypress: 5
1291.8434 	DATA 	Keypress: 5
1292.3105 	DATA 	Keypress: 5
1292.7932 	DATA 	Keypress: 5
1293.2264 	DATA 	Keypress: 5
1293.7095 	DATA 	Keypress: 5
1294.1602 	DATA 	Keypress: 5
1294.6173 	DATA 	Keypress: 5
1295.0764 	DATA 	Keypress: 5
1295.5342 	DATA 	Keypress: 5
1295.9935 	DATA 	Keypress: 5
1296.4515 	DATA 	Keypress: 5
1296.9097 	DATA 	Keypress: 5
1297.3932 	DATA 	Keypress: 5
1297.8436 	DATA 	Keypress: 5
1298.3110 	DATA 	Keypress: 5
1298.7604 	DATA 	Keypress: 5
1299.2175 	DATA 	Keypress: 5
1299.6766 	DATA 	Keypress: 5
1300.1342 	DATA 	Keypress: 5
1300.5940 	DATA 	Keypress: 5
1301.0510 	DATA 	Keypress: 5
1301.5098 	DATA 	Keypress: 5
1301.9937 	DATA 	Keypress: 5
1302.4273 	DATA 	Keypress: 5
1302.9093 	DATA 	Keypress: 5
1303.3598 	DATA 	Keypress: 5
1303.8267 	DATA 	Keypress: 5
1304.2767 	DATA 	Keypress: 5
1304.7342 	DATA 	Keypress: 5
1305.1929 	DATA 	Keypress: 5
1305.6434 	DATA 	Keypress: 5
1306.1102 	DATA 	Keypress: 5
1306.5935 	DATA 	Keypress: 5
1307.0267 	DATA 	Keypress: 5
1307.5098 	DATA 	Keypress: 5
1307.9598 	DATA 	Keypress: 5
1308.4175 	DATA 	Keypress: 5
1308.8764 	DATA 	Keypress: 5
1309.3345 	DATA 	Keypress: 5
1309.7934 	DATA 	Keypress: 5
1310.2436 	DATA 	Keypress: 5
1310.7103 	DATA 	Keypress: 5
1311.1938 	DATA 	Keypress: 5
1311.6268 	DATA 	Keypress: 5
1312.1107 	DATA 	Keypress: 5
1312.5605 	DATA 	Keypress: 5
1313.0276 	DATA 	Keypress: 5
1313.4768 	DATA 	Keypress: 5
1313.9350 	DATA 	Keypress: 5
1314.3932 	DATA 	Keypress: 5
1314.8436 	DATA 	Keypress: 5
1315.3100 	DATA 	Keypress: 5
1315.7939 	DATA 	Keypress: 5
1316.2430 	DATA 	Keypress: 5
1316.7097 	DATA 	Keypress: 5
1317.1597 	DATA 	Keypress: 5
1317.6264 	DATA 	Keypress: 5
1318.0769 	DATA 	Keypress: 5
1318.5349 	DATA 	Keypress: 5
1318.9939 	DATA 	Keypress: 5
1319.4433 	DATA 	Keypress: 5
1319.9098 	DATA 	Keypress: 5
1320.3935 	DATA 	Keypress: 5
1320.8272 	DATA 	Keypress: 5
1321.3105 	DATA 	Keypress: 5
1321.7602 	DATA 	Keypress: 5
1322.2174 	DATA 	Keypress: 5
1322.6773 	DATA 	Keypress: 5
1323.1349 	DATA 	Keypress: 5
1323.5933 	DATA 	Keypress: 5
1324.0514 	DATA 	Keypress: 5
1324.5109 	DATA 	Keypress: 5
1324.9937 	DATA 	Keypress: 5
1325.4435 	DATA 	Keypress: 5
1325.9099 	DATA 	Keypress: 5
1326.3600 	DATA 	Keypress: 5
1326.8268 	DATA 	Keypress: 5
1327.2769 	DATA 	Keypress: 5
1327.7353 	DATA 	Keypress: 5
1328.1937 	DATA 	Keypress: 5
1328.6510 	DATA 	Keypress: 5
1329.1100 	DATA 	Keypress: 5
1329.5937 	DATA 	Keypress: 5
1330.0271 	DATA 	Keypress: 5
1330.5108 	DATA 	Keypress: 5
1330.9602 	DATA 	Keypress: 5
1331.4265 	DATA 	Keypress: 5
1331.8773 	DATA 	Keypress: 5
1332.3350 	DATA 	Keypress: 5
1332.7936 	DATA 	Keypress: 5
1333.2511 	DATA 	Keypress: 5
1333.7106 	DATA 	Keypress: 5
1334.1928 	DATA 	Keypress: 5
1334.6266 	DATA 	Keypress: 5
1335.1095 	DATA 	Keypress: 5
1335.5599 	DATA 	Keypress: 5
1336.0175 	DATA 	Keypress: 5
1336.4771 	DATA 	Keypress: 5
1336.9347 	DATA 	Keypress: 5
1337.3935 	DATA 	Keypress: 5
1337.8511 	DATA 	Keypress: 5
1338.3115 	DATA 	Keypress: 5
1338.7940 	DATA 	Keypress: 5
1339.2275 	DATA 	Keypress: 5
1339.7102 	DATA 	Keypress: 5
1340.1597 	DATA 	Keypress: 5
1340.6272 	DATA 	Keypress: 5
1341.0772 	DATA 	Keypress: 5
1341.5343 	DATA 	Keypress: 5
1341.9939 	DATA 	Keypress: 5
1342.4519 	DATA 	Keypress: 5
1342.9101 	DATA 	Keypress: 5
1343.3940 	DATA 	Keypress: 5
1343.8275 	DATA 	Keypress: 5
1344.3107 	DATA 	Keypress: 5
1344.7600 	DATA 	Keypress: 5
1345.2273 	DATA 	Keypress: 5
1345.6773 	DATA 	Keypress: 5
1346.1349 	DATA 	Keypress: 5
1346.5937 	DATA 	Keypress: 5
1347.0514 	DATA 	Keypress: 5
1347.5103 	DATA 	Keypress: 5
1347.9940 	DATA 	Keypress: 5
1348.4270 	DATA 	Keypress: 5
1348.9109 	DATA 	Keypress: 5
1349.3605 	DATA 	Keypress: 5
1349.8272 	DATA 	Keypress: 5
1350.2771 	DATA 	Keypress: 5
1350.7345 	DATA 	Keypress: 5
1351.1941 	DATA 	Keypress: 5
1351.6513 	DATA 	Keypress: 5
1352.1100 	DATA 	Keypress: 5
1352.5940 	DATA 	Keypress: 5
1353.0278 	DATA 	Keypress: 5
1353.5100 	DATA 	Keypress: 5
1353.9608 	DATA 	Keypress: 5
1354.4267 	DATA 	Keypress: 5
1354.8776 	DATA 	Keypress: 5
1355.3354 	DATA 	Keypress: 5
1355.7935 	DATA 	Keypress: 5
1356.2516 	DATA 	Keypress: 5
1356.7104 	DATA 	Keypress: 5
1357.1941 	DATA 	Keypress: 5
1357.6270 	DATA 	Keypress: 5
1358.1105 	DATA 	Keypress: 5
1358.5603 	DATA 	Keypress: 5
1359.0281 	DATA 	Keypress: 5
1359.4769 	DATA 	Keypress: 5
1359.9344 	DATA 	Keypress: 5
1360.3941 	DATA 	Keypress: 5
1360.8516 	DATA 	Keypress: 5
1361.3107 	DATA 	Keypress: 5
1361.7940 	DATA 	Keypress: 5
1362.2275 	DATA 	Keypress: 5
1362.7107 	DATA 	Keypress: 5
1363.1603 	DATA 	Keypress: 5
1363.6278 	DATA 	Keypress: 5
1364.0764 	DATA 	Keypress: 5
1364.5349 	DATA 	Keypress: 5
1364.9938 	DATA 	Keypress: 5
1365.4518 	DATA 	Keypress: 5
1365.9102 	DATA 	Keypress: 5
1366.3942 	DATA 	Keypress: 5
1366.8275 	DATA 	Keypress: 5
1367.3101 	DATA 	Keypress: 5
1367.7597 	DATA 	Keypress: 5
1368.2271 	DATA 	Keypress: 5
1368.6774 	DATA 	Keypress: 5
1369.1353 	DATA 	Keypress: 5
1369.5941 	DATA 	Keypress: 5
1370.0522 	DATA 	Keypress: 5
1370.5107 	DATA 	Keypress: 5
1370.9936 	DATA 	Keypress: 5
1371.4279 	DATA 	Keypress: 5
1371.9115 	DATA 	Keypress: 5
1383.9111 	DATA 	Keypress: q
1385.6778 	DATA 	Mouse: Left button down, pos=(1910,323)
1385.7356 	DATA 	Mouse:  Left button up, pos=(1909,299)
1386.5947 	DATA 	Keypress: escape
1386.8569 	EXP 	window1: mouseVisible = True
