0.6013 	WARNING 	We strongly recommend you activate the PTB sound engine in PsychoPy prefs as the preferred audio engine. Its timing is vastly superior. Your prefs are currently set to use ['sounddevice', 'PTB', 'pyo', 'pygame'] (in that order).
26.8504 	EXP 	Created fixation_2 = TextStim(__class__=<class 'psychopy.visual.text.TextStim'>, alignHoriz=method-wrapper(...), alignText='center', alignVert=method-wrapper(...), anchorHoriz='center', anchorVert='center', antialias=True, autoLog=True, bold=False, color=array([1, 1, 1]), colorSpace='rgb', contrast=1.0, depth=-2.0, flipHoriz=False, flipVert=False, font='Arial', fontFiles=[], height=0.05, italic=False, languageStyle='LTR', name='fixation_2', opacity=1, ori=0, pos=array([0., 0.]), rgb=UNKNOWN, text='+', units='height', win=Window(...), wrapWidth=1)
26.9244 	EXP 	Created Nbackinstructions = TextStim(__class__=<class 'psychopy.visual.text.TextStim'>, alignHoriz=method-wrapper(...), alignText='center', alignVert=method-wrapper(...), anchorHoriz='center', anchorVert='center', antialias=True, autoLog=True, bold=False, color=array([1, 1, 1]), colorSpace='rgb', contrast=1.0, depth=0, flipHoriz=False, flipVert=False, font='Arial', fontFiles=[], height=0.05, italic=False, languageStyle='LTR', name='Nbackinstructions', opacity=1, ori=0.0, pos=array([0., 0.]), rgb=UNKNOWN, text=str(...), units='height', win=Window(...), wrapWidth=1)
26.9280 	EXP 	Created fixation_2 = TextStim(__class__=<class 'psychopy.visual.text.TextStim'>, alignHoriz=method-wrapper(...), alignText='center', alignVert=method-wrapper(...), anchorHoriz='center', anchorVert='center', antialias=True, autoLog=True, bold=False, color=array([1, 1, 1]), colorSpace='rgb', contrast=1.0, depth=-2.0, flipHoriz=False, flipVert=False, font='Arial', fontFiles=[], height=0.05, italic=False, languageStyle='LTR', name='fixation_2', opacity=1, ori=0, pos=array([0., 0.]), rgb=UNKNOWN, text='+', units='height', win=Window(...), wrapWidth=1)
27.3556 	EXP 	Created grid_lines_2 = ImageStim(__class__=<class 'psychopy.visual.image.ImageStim'>, autoLog=True, color=array([1, 1, 1]), colorSpace='rgb', contrast=1.0, depth=0.0, flipHoriz=False, flipVert=False, image='grid.png', interpolate=True, mask=None, maskParams=None, name='grid_lines_2', opacity=1, ori=0.0, pos=array([0., 0.]), size=array([0.6, 0.6]), texRes=128, units='height', win=Window(...))
27.3592 	EXP 	Created target_square_2 = Rect(__class__=<class 'psychopy.visual.rect.Rect'>, autoDraw=False, autoLog=True, closeShape=True, color=method-wrapper(...), colorSpace='rgb', contrast=None, depth=-1.0, fillColor=array([1., 1., 1.]), fillColorSpace='rgb', fillRGB=UNKNOWN, interpolate=True, lineColor=array([0, 0, 0]), lineColorSpace='rgb', lineRGB=UNKNOWN, lineWidth=1, name='target_square_2', opacity=0.5, ori=0.0, pos=array([0., 0.]), size=array([0.15, 0.15]), units='height', vertices=ndarray(...), win=Window(...))
27.3630 	EXP 	Created fixation_3 = TextStim(__class__=<class 'psychopy.visual.text.TextStim'>, alignHoriz=method-wrapper(...), alignText='center', alignVert=method-wrapper(...), anchorHoriz='center', anchorVert='center', antialias=True, autoLog=True, bold=False, color=array([1, 1, 1]), colorSpace='rgb', contrast=1.0, depth=-2.0, flipHoriz=False, flipVert=False, font='Arial', fontFiles=[], height=0.05, italic=False, languageStyle='LTR', name='fixation_3', opacity=1, ori=0, pos=array([0., 0.]), rgb=UNKNOWN, text='+', units='height', win=Window(...), wrapWidth=1)
27.3638 	EXP 	window1: mouseVisible = True
27.3684 	EXP 	window1: mouseVisible = False
27.3689 	EXP 	Created sequence: sequential, trialTypes=2, nReps=1, seed=None
27.3694 	EXP 	New trial (rep=0, index=0): OrderedDict([('RestT1', 0), ('TaskT1', 1)])
27.3699 	EXP 	Created sequence: random, trialTypes=1, nReps=0, seed=None
27.3710 	EXP 	Created sequence: random, trialTypes=1, nReps=1, seed=None
27.3713 	EXP 	New trial (rep=0, index=0): None
27.4571 	EXP 	Nbackinstructions: autoDraw = True
115.0676 	EXP 	Created unnamed TextStim = TextStim(__class__=<class 'psychopy.visual.text.TextStim'>, alignHoriz=method-wrapper(...), alignText='center', alignVert=method-wrapper(...), anchorHoriz='center', anchorVert='center', antialias=True, autoLog=True, bold=False, color=array([-0.5, -0.5, -0.5]), colorSpace='rgb', contrast=1.0, depth=0, flipHoriz=False, flipVert=False, font='', fontFiles=[], height=0.05, italic=False, languageStyle='LTR', name='unnamed TextStim', opacity=1.0, ori=0.0, pos=array([0., 0.]), rgb=UNKNOWN, text=str(...), units='height', win=Window(...), wrapWidth=1)
115.0692 	DATA 	Keypress: space
115.0874 	EXP 	Nbackinstructions: autoDraw = False
154.7580 	DATA 	Keypress: s
154.8164 	EXP 	Imported c:\Users\Dartmouth\Documents\GitHub\canlab\WASABI_public\fMRI Tasks\WASABI Task-T1\N-back-2.xlsx as conditions, 120 conditions, 3 params
154.8171 	EXP 	Created sequence: sequential, trialTypes=120, nReps=1, seed=None
154.8174 	EXP 	New trial (rep=0, index=0): {'square': 5, 'location': [0, 0], 'corrAns': None}
154.8179 	EXP 	window1: mouseVisible = False
154.8238 	EXP 	New trial (rep=0, index=1): {'square': 2, 'location': [0, 0.2], 'corrAns': None}
154.8242 	EXP 	window1: mouseVisible = False
154.8281 	EXP 	New trial (rep=0, index=2): {'square': 6, 'location': [0.2, 0], 'corrAns': None}
154.8285 	EXP 	window1: mouseVisible = False
154.8323 	EXP 	New trial (rep=0, index=3): {'square': 9, 'location': [0.2, -0.2], 'corrAns': None}
154.8327 	EXP 	window1: mouseVisible = False
154.8366 	EXP 	New trial (rep=0, index=4): {'square': 3, 'location': [0.2, 0.2], 'corrAns': None}
154.8371 	EXP 	window1: mouseVisible = False
154.8409 	EXP 	New trial (rep=0, index=5): {'square': 9, 'location': [0.2, -0.2], 'corrAns': 1}
154.8413 	EXP 	window1: mouseVisible = False
154.8451 	EXP 	New trial (rep=0, index=6): {'square': 7, 'location': [-0.2, -0.2], 'corrAns': None}
154.8455 	EXP 	window1: mouseVisible = False
154.8494 	EXP 	New trial (rep=0, index=7): {'square': 1, 'location': [-0.2, 0.2], 'corrAns': None}
154.8498 	EXP 	window1: mouseVisible = False
154.8544 	EXP 	New trial (rep=0, index=8): {'square': 5, 'location': [0, 0], 'corrAns': None}
154.8547 	EXP 	window1: mouseVisible = False
154.8585 	EXP 	New trial (rep=0, index=9): {'square': 7, 'location': [-0.2, -0.2], 'corrAns': None}
154.8589 	EXP 	window1: mouseVisible = False
154.8627 	EXP 	New trial (rep=0, index=10): {'square': 5, 'location': [0, 0], 'corrAns': 1}
154.8631 	EXP 	window1: mouseVisible = False
154.8670 	EXP 	New trial (rep=0, index=11): {'square': 6, 'location': [0.2, 0], 'corrAns': None}
154.8674 	EXP 	window1: mouseVisible = False
154.8714 	EXP 	New trial (rep=0, index=12): {'square': 3, 'location': [0.2, 0.2], 'corrAns': None}
154.8718 	EXP 	window1: mouseVisible = False
154.8756 	EXP 	New trial (rep=0, index=13): {'square': 6, 'location': [0.2, 0], 'corrAns': 1}
154.8760 	EXP 	window1: mouseVisible = False
154.8798 	EXP 	New trial (rep=0, index=14): {'square': 8, 'location': [0, -0.2], 'corrAns': None}
154.8802 	EXP 	window1: mouseVisible = False
154.8841 	EXP 	New trial (rep=0, index=15): {'square': 9, 'location': [0.2, -0.2], 'corrAns': None}
154.8845 	EXP 	window1: mouseVisible = False
154.8884 	EXP 	New trial (rep=0, index=16): {'square': 9, 'location': [0.2, -0.2], 'corrAns': None}
154.8887 	EXP 	window1: mouseVisible = False
154.8926 	EXP 	New trial (rep=0, index=17): {'square': 1, 'location': [-0.2, 0.2], 'corrAns': None}
154.8930 	EXP 	window1: mouseVisible = False
154.8968 	EXP 	New trial (rep=0, index=18): {'square': 3, 'location': [0.2, 0.2], 'corrAns': None}
154.8972 	EXP 	window1: mouseVisible = False
154.9011 	EXP 	New trial (rep=0, index=19): {'square': 5, 'location': [0, 0], 'corrAns': None}
154.9015 	EXP 	window1: mouseVisible = False
154.9211 	EXP 	fixation_2: autoDraw = False
154.9211 	EXP 	target_square_2: pos = array([0., 0.])
154.9211 	EXP 	grid_lines_2: autoDraw = False
154.9211 	EXP 	target_square_2: autoDraw = False
154.9211 	EXP 	fixation_3: autoDraw = False
154.9211 	EXP 	target_square_2: pos = array([0. , 0.2])
154.9211 	EXP 	grid_lines_2: autoDraw = False
154.9211 	EXP 	target_square_2: autoDraw = False
154.9211 	EXP 	fixation_3: autoDraw = False
154.9211 	EXP 	target_square_2: pos = array([0.2, 0. ])
154.9211 	EXP 	grid_lines_2: autoDraw = False
154.9211 	EXP 	target_square_2: autoDraw = False
154.9211 	EXP 	fixation_3: autoDraw = False
154.9211 	EXP 	target_square_2: pos = array([ 0.2, -0.2])
154.9211 	EXP 	grid_lines_2: autoDraw = False
154.9211 	EXP 	target_square_2: autoDraw = False
154.9211 	EXP 	fixation_3: autoDraw = False
154.9211 	EXP 	target_square_2: pos = array([0.2, 0.2])
154.9211 	EXP 	grid_lines_2: autoDraw = False
154.9211 	EXP 	target_square_2: autoDraw = False
154.9211 	EXP 	fixation_3: autoDraw = False
154.9211 	EXP 	target_square_2: pos = array([ 0.2, -0.2])
154.9211 	EXP 	grid_lines_2: autoDraw = False
154.9211 	EXP 	target_square_2: autoDraw = False
154.9211 	EXP 	fixation_3: autoDraw = False
154.9211 	EXP 	target_square_2: pos = array([-0.2, -0.2])
154.9211 	EXP 	grid_lines_2: autoDraw = False
154.9211 	EXP 	target_square_2: autoDraw = False
154.9211 	EXP 	fixation_3: autoDraw = False
154.9211 	EXP 	target_square_2: pos = array([-0.2,  0.2])
154.9211 	EXP 	grid_lines_2: autoDraw = False
154.9211 	EXP 	target_square_2: autoDraw = False
154.9211 	EXP 	fixation_3: autoDraw = False
154.9211 	EXP 	target_square_2: pos = array([0., 0.])
154.9211 	EXP 	grid_lines_2: autoDraw = False
154.9211 	EXP 	target_square_2: autoDraw = False
154.9211 	EXP 	fixation_3: autoDraw = False
154.9211 	EXP 	target_square_2: pos = array([-0.2, -0.2])
154.9211 	EXP 	grid_lines_2: autoDraw = False
154.9211 	EXP 	target_square_2: autoDraw = False
154.9211 	EXP 	fixation_3: autoDraw = False
154.9211 	EXP 	target_square_2: pos = array([0., 0.])
154.9211 	EXP 	grid_lines_2: autoDraw = False
154.9211 	EXP 	target_square_2: autoDraw = False
154.9211 	EXP 	fixation_3: autoDraw = False
154.9211 	EXP 	target_square_2: pos = array([0.2, 0. ])
154.9211 	EXP 	grid_lines_2: autoDraw = False
154.9211 	EXP 	target_square_2: autoDraw = False
154.9211 	EXP 	fixation_3: autoDraw = False
154.9211 	EXP 	target_square_2: pos = array([0.2, 0.2])
154.9211 	EXP 	grid_lines_2: autoDraw = False
154.9211 	EXP 	target_square_2: autoDraw = False
154.9211 	EXP 	fixation_3: autoDraw = False
154.9211 	EXP 	target_square_2: pos = array([0.2, 0. ])
154.9211 	EXP 	grid_lines_2: autoDraw = False
154.9211 	EXP 	target_square_2: autoDraw = False
154.9211 	EXP 	fixation_3: autoDraw = False
154.9211 	EXP 	target_square_2: pos = array([ 0. , -0.2])
154.9211 	EXP 	grid_lines_2: autoDraw = False
154.9211 	EXP 	target_square_2: autoDraw = False
154.9211 	EXP 	fixation_3: autoDraw = False
154.9211 	EXP 	target_square_2: pos = array([ 0.2, -0.2])
154.9211 	EXP 	grid_lines_2: autoDraw = False
154.9211 	EXP 	target_square_2: autoDraw = False
154.9211 	EXP 	fixation_3: autoDraw = False
154.9211 	EXP 	target_square_2: pos = array([ 0.2, -0.2])
154.9211 	EXP 	grid_lines_2: autoDraw = False
154.9211 	EXP 	target_square_2: autoDraw = False
154.9211 	EXP 	fixation_3: autoDraw = False
154.9211 	EXP 	target_square_2: pos = array([-0.2,  0.2])
154.9211 	EXP 	grid_lines_2: autoDraw = False
154.9211 	EXP 	target_square_2: autoDraw = False
154.9211 	EXP 	fixation_3: autoDraw = False
154.9211 	EXP 	target_square_2: pos = array([0.2, 0.2])
154.9211 	EXP 	grid_lines_2: autoDraw = False
154.9211 	EXP 	target_square_2: autoDraw = False
154.9211 	EXP 	fixation_3: autoDraw = False
154.9211 	EXP 	target_square_2: pos = array([0., 0.])
154.9211 	EXP 	grid_lines_2: autoDraw = True
154.9211 	EXP 	target_square_2: autoDraw = True
155.9044 	EXP 	fixation_3: autoDraw = True
155.9211 	EXP 	target_square_2: autoDraw = False
156.0584 	EXP 	New trial (rep=0, index=20): {'square': 3, 'location': [0.2, 0.2], 'corrAns': 1}
156.0589 	EXP 	window1: mouseVisible = False
156.0711 	EXP 	grid_lines_2: autoDraw = False
156.0711 	EXP 	target_square_2: autoDraw = False
156.0711 	EXP 	fixation_3: autoDraw = False
156.0711 	EXP 	target_square_2: pos = array([0.2, 0.2])
156.0711 	EXP 	grid_lines_2: autoDraw = True
156.0711 	EXP 	target_square_2: autoDraw = True
157.0545 	EXP 	fixation_3: autoDraw = True
157.0711 	EXP 	target_square_2: autoDraw = False
158.0545 	EXP 	fixation_3: autoDraw = False
158.0588 	EXP 	New trial (rep=0, index=21): {'square': 4, 'location': [-0.2, 0], 'corrAns': None}
158.0593 	EXP 	window1: mouseVisible = False
158.0711 	EXP 	grid_lines_2: autoDraw = False
158.0711 	EXP 	target_square_2: autoDraw = False
158.0711 	EXP 	fixation_3: autoDraw = False
158.0711 	EXP 	target_square_2: pos = array([-0.2,  0. ])
158.0711 	EXP 	grid_lines_2: autoDraw = True
158.0711 	EXP 	target_square_2: autoDraw = True
159.0545 	EXP 	fixation_3: autoDraw = True
159.0712 	EXP 	target_square_2: autoDraw = False
160.0545 	EXP 	fixation_3: autoDraw = False
160.0584 	EXP 	New trial (rep=0, index=22): {'square': 7, 'location': [-0.2, -0.2], 'corrAns': None}
160.0589 	EXP 	window1: mouseVisible = False
160.0712 	EXP 	grid_lines_2: autoDraw = False
160.0712 	EXP 	target_square_2: autoDraw = False
160.0712 	EXP 	fixation_3: autoDraw = False
160.0712 	EXP 	target_square_2: pos = array([-0.2, -0.2])
160.0712 	EXP 	grid_lines_2: autoDraw = True
160.0712 	EXP 	target_square_2: autoDraw = True
161.0545 	EXP 	fixation_3: autoDraw = True
161.0712 	EXP 	target_square_2: autoDraw = False
162.0545 	EXP 	fixation_3: autoDraw = False
162.0584 	EXP 	New trial (rep=0, index=23): {'square': 4, 'location': [-0.2, 0], 'corrAns': 1}
162.0589 	EXP 	window1: mouseVisible = False
162.0712 	EXP 	grid_lines_2: autoDraw = False
162.0712 	EXP 	target_square_2: autoDraw = False
162.0712 	EXP 	fixation_3: autoDraw = False
162.0712 	EXP 	target_square_2: pos = array([-0.2,  0. ])
162.0712 	EXP 	grid_lines_2: autoDraw = True
162.0712 	EXP 	target_square_2: autoDraw = True
162.5717 	DATA 	Mouse: Left button down, pos=(962,497)
162.7883 	DATA 	Mouse:  Left button up, pos=(962,497)
163.0545 	EXP 	fixation_3: autoDraw = True
163.0712 	EXP 	target_square_2: autoDraw = False
164.0545 	EXP 	fixation_3: autoDraw = False
164.0584 	EXP 	New trial (rep=0, index=24): {'square': 4, 'location': [-0.2, 0], 'corrAns': None}
164.0589 	EXP 	window1: mouseVisible = False
164.0712 	EXP 	grid_lines_2: autoDraw = False
164.0712 	EXP 	target_square_2: autoDraw = False
164.0712 	EXP 	fixation_3: autoDraw = False
164.0712 	EXP 	target_square_2: pos = array([-0.2,  0. ])
164.0712 	EXP 	grid_lines_2: autoDraw = True
164.0712 	EXP 	target_square_2: autoDraw = True
165.0545 	EXP 	fixation_3: autoDraw = True
165.0712 	EXP 	target_square_2: autoDraw = False
166.0545 	EXP 	fixation_3: autoDraw = False
166.0584 	EXP 	New trial (rep=0, index=25): {'square': 5, 'location': [0, 0], 'corrAns': None}
166.0588 	EXP 	window1: mouseVisible = False
166.0712 	EXP 	grid_lines_2: autoDraw = False
166.0712 	EXP 	target_square_2: autoDraw = False
166.0712 	EXP 	fixation_3: autoDraw = False
166.0712 	EXP 	target_square_2: pos = array([0., 0.])
166.0712 	EXP 	grid_lines_2: autoDraw = True
166.0712 	EXP 	target_square_2: autoDraw = True
167.0545 	EXP 	fixation_3: autoDraw = True
167.0712 	EXP 	target_square_2: autoDraw = False
168.0545 	EXP 	fixation_3: autoDraw = False
168.0587 	EXP 	New trial (rep=0, index=26): {'square': 2, 'location': [0, 0.2], 'corrAns': None}
168.0592 	EXP 	window1: mouseVisible = False
168.0712 	EXP 	grid_lines_2: autoDraw = False
168.0712 	EXP 	target_square_2: autoDraw = False
168.0712 	EXP 	fixation_3: autoDraw = False
168.0712 	EXP 	target_square_2: pos = array([0. , 0.2])
168.0712 	EXP 	grid_lines_2: autoDraw = True
168.0712 	EXP 	target_square_2: autoDraw = True
169.0546 	EXP 	fixation_3: autoDraw = True
169.0712 	EXP 	target_square_2: autoDraw = False
170.0546 	EXP 	fixation_3: autoDraw = False
170.0585 	EXP 	New trial (rep=0, index=27): {'square': 6, 'location': [0.2, 0], 'corrAns': None}
170.0590 	EXP 	window1: mouseVisible = False
170.0712 	EXP 	grid_lines_2: autoDraw = False
170.0712 	EXP 	target_square_2: autoDraw = False
170.0712 	EXP 	fixation_3: autoDraw = False
170.0712 	EXP 	target_square_2: pos = array([0.2, 0. ])
170.0712 	EXP 	grid_lines_2: autoDraw = True
170.0712 	EXP 	target_square_2: autoDraw = True
171.0546 	EXP 	fixation_3: autoDraw = True
171.0713 	EXP 	target_square_2: autoDraw = False
172.0546 	EXP 	fixation_3: autoDraw = False
172.0585 	EXP 	New trial (rep=0, index=28): {'square': 7, 'location': [-0.2, -0.2], 'corrAns': None}
172.0590 	EXP 	window1: mouseVisible = False
172.0713 	EXP 	grid_lines_2: autoDraw = False
172.0713 	EXP 	target_square_2: autoDraw = False
172.0713 	EXP 	fixation_3: autoDraw = False
172.0713 	EXP 	target_square_2: pos = array([-0.2, -0.2])
172.0713 	EXP 	grid_lines_2: autoDraw = True
172.0713 	EXP 	target_square_2: autoDraw = True
173.0545 	EXP 	fixation_3: autoDraw = True
173.0713 	EXP 	target_square_2: autoDraw = False
174.0546 	EXP 	fixation_3: autoDraw = False
174.0585 	EXP 	New trial (rep=0, index=29): {'square': 6, 'location': [0.2, 0], 'corrAns': 1}
174.0590 	EXP 	window1: mouseVisible = False
174.0713 	EXP 	grid_lines_2: autoDraw = False
174.0713 	EXP 	target_square_2: autoDraw = False
174.0713 	EXP 	fixation_3: autoDraw = False
174.0713 	EXP 	target_square_2: pos = array([0.2, 0. ])
174.0713 	EXP 	grid_lines_2: autoDraw = True
174.0713 	EXP 	target_square_2: autoDraw = True
174.6383 	DATA 	Mouse: Left button down, pos=(962,497)
174.8550 	DATA 	Mouse:  Left button up, pos=(962,497)
175.0546 	EXP 	fixation_3: autoDraw = True
175.0713 	EXP 	target_square_2: autoDraw = False
176.0546 	EXP 	fixation_3: autoDraw = False
176.0585 	EXP 	New trial (rep=0, index=30): {'square': 6, 'location': [0.2, 0], 'corrAns': None}
176.0590 	EXP 	window1: mouseVisible = False
176.0713 	EXP 	grid_lines_2: autoDraw = False
176.0713 	EXP 	target_square_2: autoDraw = False
176.0713 	EXP 	fixation_3: autoDraw = False
176.0713 	EXP 	target_square_2: pos = array([0.2, 0. ])
176.0713 	EXP 	grid_lines_2: autoDraw = True
176.0713 	EXP 	target_square_2: autoDraw = True
177.0546 	EXP 	fixation_3: autoDraw = True
177.0713 	EXP 	target_square_2: autoDraw = False
178.0546 	EXP 	fixation_3: autoDraw = False
178.0591 	EXP 	New trial (rep=0, index=31): {'square': 7, 'location': [-0.2, -0.2], 'corrAns': None}
178.0596 	EXP 	window1: mouseVisible = False
178.0713 	EXP 	grid_lines_2: autoDraw = False
178.0713 	EXP 	target_square_2: autoDraw = False
178.0713 	EXP 	fixation_3: autoDraw = False
178.0713 	EXP 	target_square_2: pos = array([-0.2, -0.2])
178.0713 	EXP 	grid_lines_2: autoDraw = True
178.0713 	EXP 	target_square_2: autoDraw = True
179.0546 	EXP 	fixation_3: autoDraw = True
179.0713 	EXP 	target_square_2: autoDraw = False
180.0547 	EXP 	fixation_3: autoDraw = False
180.0591 	EXP 	New trial (rep=0, index=32): {'square': 6, 'location': [0.2, 0], 'corrAns': 1}
180.0595 	EXP 	window1: mouseVisible = False
180.0713 	EXP 	grid_lines_2: autoDraw = False
180.0713 	EXP 	target_square_2: autoDraw = False
180.0713 	EXP 	fixation_3: autoDraw = False
180.0713 	EXP 	target_square_2: pos = array([0.2, 0. ])
180.0713 	EXP 	grid_lines_2: autoDraw = True
180.0713 	EXP 	target_square_2: autoDraw = True
181.0547 	EXP 	fixation_3: autoDraw = True
181.0713 	EXP 	target_square_2: autoDraw = False
182.0547 	EXP 	fixation_3: autoDraw = False
182.0587 	EXP 	New trial (rep=0, index=33): {'square': 2, 'location': [0, 0.2], 'corrAns': None}
182.0591 	EXP 	window1: mouseVisible = False
182.0713 	EXP 	grid_lines_2: autoDraw = False
182.0713 	EXP 	target_square_2: autoDraw = False
182.0713 	EXP 	fixation_3: autoDraw = False
182.0713 	EXP 	target_square_2: pos = array([0. , 0.2])
182.0713 	EXP 	grid_lines_2: autoDraw = True
182.0713 	EXP 	target_square_2: autoDraw = True
183.0547 	EXP 	fixation_3: autoDraw = True
183.0713 	EXP 	target_square_2: autoDraw = False
184.0547 	EXP 	fixation_3: autoDraw = False
184.0587 	EXP 	New trial (rep=0, index=34): {'square': 5, 'location': [0, 0], 'corrAns': None}
184.0591 	EXP 	window1: mouseVisible = False
184.0714 	EXP 	grid_lines_2: autoDraw = False
184.0714 	EXP 	target_square_2: autoDraw = False
184.0714 	EXP 	fixation_3: autoDraw = False
184.0714 	EXP 	target_square_2: pos = array([0., 0.])
184.0714 	EXP 	grid_lines_2: autoDraw = True
184.0714 	EXP 	target_square_2: autoDraw = True
185.0547 	EXP 	fixation_3: autoDraw = True
185.0714 	EXP 	target_square_2: autoDraw = False
186.0547 	EXP 	fixation_3: autoDraw = False
186.0587 	EXP 	New trial (rep=0, index=35): {'square': 4, 'location': [-0.2, 0], 'corrAns': None}
186.0591 	EXP 	window1: mouseVisible = False
186.0713 	EXP 	grid_lines_2: autoDraw = False
186.0713 	EXP 	target_square_2: autoDraw = False
186.0713 	EXP 	fixation_3: autoDraw = False
186.0713 	EXP 	target_square_2: pos = array([-0.2,  0. ])
186.0713 	EXP 	grid_lines_2: autoDraw = True
186.0713 	EXP 	target_square_2: autoDraw = True
187.0547 	EXP 	fixation_3: autoDraw = True
187.0714 	EXP 	target_square_2: autoDraw = False
188.0547 	EXP 	fixation_3: autoDraw = False
188.0586 	EXP 	New trial (rep=0, index=36): {'square': 4, 'location': [-0.2, 0], 'corrAns': None}
188.0591 	EXP 	window1: mouseVisible = False
188.0714 	EXP 	grid_lines_2: autoDraw = False
188.0714 	EXP 	target_square_2: autoDraw = False
188.0714 	EXP 	fixation_3: autoDraw = False
188.0714 	EXP 	target_square_2: pos = array([-0.2,  0. ])
188.0714 	EXP 	grid_lines_2: autoDraw = True
188.0714 	EXP 	target_square_2: autoDraw = True
189.0548 	EXP 	fixation_3: autoDraw = True
189.0714 	EXP 	target_square_2: autoDraw = False
190.0547 	EXP 	fixation_3: autoDraw = False
190.0586 	EXP 	New trial (rep=0, index=37): {'square': 7, 'location': [-0.2, -0.2], 'corrAns': None}
190.0592 	EXP 	window1: mouseVisible = False
190.0714 	EXP 	grid_lines_2: autoDraw = False
190.0714 	EXP 	target_square_2: autoDraw = False
190.0714 	EXP 	fixation_3: autoDraw = False
190.0714 	EXP 	target_square_2: pos = array([-0.2, -0.2])
190.0714 	EXP 	grid_lines_2: autoDraw = True
190.0714 	EXP 	target_square_2: autoDraw = True
191.0547 	EXP 	fixation_3: autoDraw = True
191.0714 	EXP 	target_square_2: autoDraw = False
192.0548 	EXP 	fixation_3: autoDraw = False
192.0587 	EXP 	New trial (rep=0, index=38): {'square': 4, 'location': [-0.2, 0], 'corrAns': 1}
192.0591 	EXP 	window1: mouseVisible = False
192.0714 	EXP 	grid_lines_2: autoDraw = False
192.0714 	EXP 	target_square_2: autoDraw = False
192.0714 	EXP 	fixation_3: autoDraw = False
192.0714 	EXP 	target_square_2: pos = array([-0.2,  0. ])
192.0714 	EXP 	grid_lines_2: autoDraw = True
192.0714 	EXP 	target_square_2: autoDraw = True
192.6718 	DATA 	Mouse: Left button down, pos=(962,497)
192.8718 	DATA 	Mouse:  Left button up, pos=(962,497)
193.0548 	EXP 	fixation_3: autoDraw = True
193.0714 	EXP 	target_square_2: autoDraw = False
194.0548 	EXP 	fixation_3: autoDraw = False
194.0587 	EXP 	New trial (rep=0, index=39): {'square': 3, 'location': [0.2, 0.2], 'corrAns': None}
194.0591 	EXP 	window1: mouseVisible = False
194.0714 	EXP 	grid_lines_2: autoDraw = False
194.0714 	EXP 	target_square_2: autoDraw = False
194.0714 	EXP 	fixation_3: autoDraw = False
194.0714 	EXP 	target_square_2: pos = array([0.2, 0.2])
194.0714 	EXP 	grid_lines_2: autoDraw = True
194.0714 	EXP 	target_square_2: autoDraw = True
195.0548 	EXP 	fixation_3: autoDraw = True
195.0714 	EXP 	target_square_2: autoDraw = False
196.0548 	EXP 	fixation_3: autoDraw = False
196.0589 	EXP 	New trial (rep=0, index=40): {'square': 5, 'location': [0, 0], 'corrAns': None}
196.0593 	EXP 	window1: mouseVisible = False
196.0715 	EXP 	grid_lines_2: autoDraw = False
196.0715 	EXP 	target_square_2: autoDraw = False
196.0715 	EXP 	fixation_3: autoDraw = False
196.0715 	EXP 	target_square_2: pos = array([0., 0.])
196.0715 	EXP 	grid_lines_2: autoDraw = True
196.0715 	EXP 	target_square_2: autoDraw = True
197.0547 	EXP 	fixation_3: autoDraw = True
197.0714 	EXP 	target_square_2: autoDraw = False
198.0548 	EXP 	fixation_3: autoDraw = False
198.0600 	EXP 	New trial (rep=0, index=41): {'square': 3, 'location': [0.2, 0.2], 'corrAns': 1}
198.0605 	EXP 	window1: mouseVisible = False
198.0715 	EXP 	grid_lines_2: autoDraw = False
198.0715 	EXP 	target_square_2: autoDraw = False
198.0715 	EXP 	fixation_3: autoDraw = False
198.0715 	EXP 	target_square_2: pos = array([0.2, 0.2])
198.0715 	EXP 	grid_lines_2: autoDraw = True
198.0715 	EXP 	target_square_2: autoDraw = True
198.5719 	DATA 	Mouse: Left button down, pos=(962,497)
198.7885 	DATA 	Mouse:  Left button up, pos=(962,497)
199.0548 	EXP 	fixation_3: autoDraw = True
199.0715 	EXP 	target_square_2: autoDraw = False
200.0548 	EXP 	fixation_3: autoDraw = False
200.0589 	EXP 	New trial (rep=0, index=42): {'square': 1, 'location': [-0.2, 0.2], 'corrAns': None}
200.0593 	EXP 	window1: mouseVisible = False
200.0715 	EXP 	grid_lines_2: autoDraw = False
200.0715 	EXP 	target_square_2: autoDraw = False
200.0715 	EXP 	fixation_3: autoDraw = False
200.0715 	EXP 	target_square_2: pos = array([-0.2,  0.2])
200.0715 	EXP 	grid_lines_2: autoDraw = True
200.0715 	EXP 	target_square_2: autoDraw = True
201.0548 	EXP 	fixation_3: autoDraw = True
201.0715 	EXP 	target_square_2: autoDraw = False
202.0548 	EXP 	fixation_3: autoDraw = False
202.0587 	EXP 	New trial (rep=0, index=43): {'square': 9, 'location': [0.2, -0.2], 'corrAns': None}
202.0592 	EXP 	window1: mouseVisible = False
202.0715 	EXP 	grid_lines_2: autoDraw = False
202.0715 	EXP 	target_square_2: autoDraw = False
202.0715 	EXP 	fixation_3: autoDraw = False
202.0715 	EXP 	target_square_2: pos = array([ 0.2, -0.2])
202.0715 	EXP 	grid_lines_2: autoDraw = True
202.0715 	EXP 	target_square_2: autoDraw = True
203.0548 	EXP 	fixation_3: autoDraw = True
203.0715 	EXP 	target_square_2: autoDraw = False
204.0549 	EXP 	fixation_3: autoDraw = False
204.0589 	EXP 	New trial (rep=0, index=44): {'square': 9, 'location': [0.2, -0.2], 'corrAns': None}
204.0593 	EXP 	window1: mouseVisible = False
204.0715 	EXP 	grid_lines_2: autoDraw = False
204.0715 	EXP 	target_square_2: autoDraw = False
204.0715 	EXP 	fixation_3: autoDraw = False
204.0715 	EXP 	target_square_2: pos = array([ 0.2, -0.2])
204.0715 	EXP 	grid_lines_2: autoDraw = True
204.0715 	EXP 	target_square_2: autoDraw = True
205.0549 	EXP 	fixation_3: autoDraw = True
205.0715 	EXP 	target_square_2: autoDraw = False
206.0548 	EXP 	fixation_3: autoDraw = False
206.0591 	EXP 	New trial (rep=0, index=45): {'square': 8, 'location': [0, -0.2], 'corrAns': None}
206.0596 	EXP 	window1: mouseVisible = False
206.0715 	EXP 	grid_lines_2: autoDraw = False
206.0715 	EXP 	target_square_2: autoDraw = False
206.0715 	EXP 	fixation_3: autoDraw = False
206.0715 	EXP 	target_square_2: pos = array([ 0. , -0.2])
206.0715 	EXP 	grid_lines_2: autoDraw = True
206.0715 	EXP 	target_square_2: autoDraw = True
207.0549 	EXP 	fixation_3: autoDraw = True
207.0715 	EXP 	target_square_2: autoDraw = False
208.0549 	EXP 	fixation_3: autoDraw = False
208.0590 	EXP 	New trial (rep=0, index=46): {'square': 6, 'location': [0.2, 0], 'corrAns': None}
208.0594 	EXP 	window1: mouseVisible = False
208.0715 	EXP 	grid_lines_2: autoDraw = False
208.0715 	EXP 	target_square_2: autoDraw = False
208.0715 	EXP 	fixation_3: autoDraw = False
208.0715 	EXP 	target_square_2: pos = array([0.2, 0. ])
208.0715 	EXP 	grid_lines_2: autoDraw = True
208.0715 	EXP 	target_square_2: autoDraw = True
209.0549 	EXP 	fixation_3: autoDraw = True
209.0716 	EXP 	target_square_2: autoDraw = False
210.0549 	EXP 	fixation_3: autoDraw = False
210.0590 	EXP 	New trial (rep=0, index=47): {'square': 3, 'location': [0.2, 0.2], 'corrAns': None}
210.0594 	EXP 	window1: mouseVisible = False
210.0716 	EXP 	grid_lines_2: autoDraw = False
210.0716 	EXP 	target_square_2: autoDraw = False
210.0716 	EXP 	fixation_3: autoDraw = False
210.0716 	EXP 	target_square_2: pos = array([0.2, 0.2])
210.0716 	EXP 	grid_lines_2: autoDraw = True
210.0716 	EXP 	target_square_2: autoDraw = True
211.0549 	EXP 	fixation_3: autoDraw = True
211.0716 	EXP 	target_square_2: autoDraw = False
212.0549 	EXP 	fixation_3: autoDraw = False
212.0589 	EXP 	New trial (rep=0, index=48): {'square': 6, 'location': [0.2, 0], 'corrAns': 1}
212.0593 	EXP 	window1: mouseVisible = False
212.0716 	EXP 	grid_lines_2: autoDraw = False
212.0716 	EXP 	target_square_2: autoDraw = False
212.0716 	EXP 	fixation_3: autoDraw = False
212.0716 	EXP 	target_square_2: pos = array([0.2, 0. ])
212.0716 	EXP 	grid_lines_2: autoDraw = True
212.0716 	EXP 	target_square_2: autoDraw = True
212.9887 	DATA 	Mouse: Left button down, pos=(962,497)
213.0549 	EXP 	fixation_3: autoDraw = True
213.0716 	EXP 	target_square_2: autoDraw = False
213.1219 	DATA 	Mouse:  Left button up, pos=(962,497)
214.0549 	EXP 	fixation_3: autoDraw = False
214.0588 	EXP 	New trial (rep=0, index=49): {'square': 5, 'location': [0, 0], 'corrAns': None}
214.0592 	EXP 	window1: mouseVisible = False
214.0716 	EXP 	grid_lines_2: autoDraw = False
214.0716 	EXP 	target_square_2: autoDraw = False
214.0716 	EXP 	fixation_3: autoDraw = False
214.0716 	EXP 	target_square_2: pos = array([0., 0.])
214.0716 	EXP 	grid_lines_2: autoDraw = True
214.0716 	EXP 	target_square_2: autoDraw = True
215.0549 	EXP 	fixation_3: autoDraw = True
215.0716 	EXP 	target_square_2: autoDraw = False
216.0549 	EXP 	fixation_3: autoDraw = False
216.0589 	EXP 	New trial (rep=0, index=50): {'square': 7, 'location': [-0.2, -0.2], 'corrAns': None}
216.0593 	EXP 	window1: mouseVisible = False
216.0716 	EXP 	grid_lines_2: autoDraw = False
216.0716 	EXP 	target_square_2: autoDraw = False
216.0716 	EXP 	fixation_3: autoDraw = False
216.0716 	EXP 	target_square_2: pos = array([-0.2, -0.2])
216.0716 	EXP 	grid_lines_2: autoDraw = True
216.0716 	EXP 	target_square_2: autoDraw = True
217.0550 	EXP 	fixation_3: autoDraw = True
217.0716 	EXP 	target_square_2: autoDraw = False
218.0549 	EXP 	fixation_3: autoDraw = False
218.0590 	EXP 	New trial (rep=0, index=51): {'square': 5, 'location': [0, 0], 'corrAns': 1}
218.0593 	EXP 	window1: mouseVisible = False
218.0716 	EXP 	grid_lines_2: autoDraw = False
218.0716 	EXP 	target_square_2: autoDraw = False
218.0716 	EXP 	fixation_3: autoDraw = False
218.0716 	EXP 	target_square_2: pos = array([0., 0.])
218.0716 	EXP 	grid_lines_2: autoDraw = True
218.0716 	EXP 	target_square_2: autoDraw = True
218.8242 	DATA 	Mouse: Left button down, pos=(962,497)
219.0387 	DATA 	Mouse:  Left button up, pos=(962,497)
219.0549 	EXP 	fixation_3: autoDraw = True
219.0717 	EXP 	target_square_2: autoDraw = False
220.0549 	EXP 	fixation_3: autoDraw = False
220.0589 	EXP 	New trial (rep=0, index=52): {'square': 1, 'location': [-0.2, 0.2], 'corrAns': None}
220.0593 	EXP 	window1: mouseVisible = False
220.0716 	EXP 	grid_lines_2: autoDraw = False
220.0716 	EXP 	target_square_2: autoDraw = False
220.0716 	EXP 	fixation_3: autoDraw = False
220.0716 	EXP 	target_square_2: pos = array([-0.2,  0.2])
220.0716 	EXP 	grid_lines_2: autoDraw = True
220.0716 	EXP 	target_square_2: autoDraw = True
221.0550 	EXP 	fixation_3: autoDraw = True
221.0717 	EXP 	target_square_2: autoDraw = False
222.0550 	EXP 	fixation_3: autoDraw = False
222.0589 	EXP 	New trial (rep=0, index=53): {'square': 7, 'location': [-0.2, -0.2], 'corrAns': None}
222.0594 	EXP 	window1: mouseVisible = False
222.0717 	EXP 	grid_lines_2: autoDraw = False
222.0717 	EXP 	target_square_2: autoDraw = False
222.0717 	EXP 	fixation_3: autoDraw = False
222.0717 	EXP 	target_square_2: pos = array([-0.2, -0.2])
222.0717 	EXP 	grid_lines_2: autoDraw = True
222.0717 	EXP 	target_square_2: autoDraw = True
223.0550 	EXP 	fixation_3: autoDraw = True
223.0717 	EXP 	target_square_2: autoDraw = False
224.0550 	EXP 	fixation_3: autoDraw = False
224.0590 	EXP 	New trial (rep=0, index=54): {'square': 9, 'location': [0.2, -0.2], 'corrAns': None}
224.0594 	EXP 	window1: mouseVisible = False
224.0717 	EXP 	grid_lines_2: autoDraw = False
224.0717 	EXP 	target_square_2: autoDraw = False
224.0717 	EXP 	fixation_3: autoDraw = False
224.0717 	EXP 	target_square_2: pos = array([ 0.2, -0.2])
224.0717 	EXP 	grid_lines_2: autoDraw = True
224.0717 	EXP 	target_square_2: autoDraw = True
225.0550 	EXP 	fixation_3: autoDraw = True
225.0717 	EXP 	target_square_2: autoDraw = False
226.0550 	EXP 	fixation_3: autoDraw = False
226.0590 	EXP 	New trial (rep=0, index=55): {'square': 3, 'location': [0.2, 0.2], 'corrAns': None}
226.0594 	EXP 	window1: mouseVisible = False
226.0717 	EXP 	grid_lines_2: autoDraw = False
226.0717 	EXP 	target_square_2: autoDraw = False
226.0717 	EXP 	fixation_3: autoDraw = False
226.0717 	EXP 	target_square_2: pos = array([0.2, 0.2])
226.0717 	EXP 	grid_lines_2: autoDraw = True
226.0717 	EXP 	target_square_2: autoDraw = True
227.0550 	EXP 	fixation_3: autoDraw = True
227.0717 	EXP 	target_square_2: autoDraw = False
228.0551 	EXP 	fixation_3: autoDraw = False
228.0591 	EXP 	New trial (rep=0, index=56): {'square': 9, 'location': [0.2, -0.2], 'corrAns': 1}
228.0595 	EXP 	window1: mouseVisible = False
228.0717 	EXP 	grid_lines_2: autoDraw = False
228.0717 	EXP 	target_square_2: autoDraw = False
228.0717 	EXP 	fixation_3: autoDraw = False
228.0717 	EXP 	target_square_2: pos = array([ 0.2, -0.2])
228.0717 	EXP 	grid_lines_2: autoDraw = True
228.0717 	EXP 	target_square_2: autoDraw = True
229.0551 	EXP 	fixation_3: autoDraw = True
229.0717 	EXP 	target_square_2: autoDraw = False
230.0551 	EXP 	fixation_3: autoDraw = False
230.0590 	EXP 	New trial (rep=0, index=57): {'square': 6, 'location': [0.2, 0], 'corrAns': None}
230.0595 	EXP 	window1: mouseVisible = False
230.0718 	EXP 	grid_lines_2: autoDraw = False
230.0718 	EXP 	target_square_2: autoDraw = False
230.0718 	EXP 	fixation_3: autoDraw = False
230.0718 	EXP 	target_square_2: pos = array([0.2, 0. ])
230.0718 	EXP 	grid_lines_2: autoDraw = True
230.0718 	EXP 	target_square_2: autoDraw = True
231.0551 	EXP 	fixation_3: autoDraw = True
231.0717 	EXP 	target_square_2: autoDraw = False
232.0551 	EXP 	fixation_3: autoDraw = False
232.0592 	EXP 	New trial (rep=0, index=58): {'square': 2, 'location': [0, 0.2], 'corrAns': None}
232.0597 	EXP 	window1: mouseVisible = False
232.0717 	EXP 	grid_lines_2: autoDraw = False
232.0717 	EXP 	target_square_2: autoDraw = False
232.0717 	EXP 	fixation_3: autoDraw = False
232.0717 	EXP 	target_square_2: pos = array([0. , 0.2])
232.0717 	EXP 	grid_lines_2: autoDraw = True
232.0717 	EXP 	target_square_2: autoDraw = True
233.0551 	EXP 	fixation_3: autoDraw = True
233.0717 	EXP 	target_square_2: autoDraw = False
234.0551 	EXP 	fixation_3: autoDraw = False
234.0590 	EXP 	New trial (rep=0, index=59): {'square': 5, 'location': [0, 0], 'corrAns': None}
234.0594 	EXP 	window1: mouseVisible = False
234.0718 	EXP 	grid_lines_2: autoDraw = False
234.0718 	EXP 	target_square_2: autoDraw = False
234.0718 	EXP 	fixation_3: autoDraw = False
234.0718 	EXP 	target_square_2: pos = array([0., 0.])
234.0718 	EXP 	grid_lines_2: autoDraw = True
234.0718 	EXP 	target_square_2: autoDraw = True
235.0551 	EXP 	fixation_3: autoDraw = True
235.0718 	EXP 	target_square_2: autoDraw = False
236.0551 	EXP 	fixation_3: autoDraw = False
236.0590 	EXP 	New trial (rep=0, index=60): {'square': 5, 'location': [0, 0], 'corrAns': None}
236.0594 	EXP 	window1: mouseVisible = False
236.0718 	EXP 	grid_lines_2: autoDraw = False
236.0718 	EXP 	target_square_2: autoDraw = False
236.0718 	EXP 	fixation_3: autoDraw = False
236.0718 	EXP 	target_square_2: pos = array([0., 0.])
236.0718 	EXP 	grid_lines_2: autoDraw = True
236.0718 	EXP 	target_square_2: autoDraw = True
237.0551 	EXP 	fixation_3: autoDraw = True
237.0718 	EXP 	target_square_2: autoDraw = False
238.0551 	EXP 	fixation_3: autoDraw = False
238.0590 	EXP 	New trial (rep=0, index=61): {'square': 2, 'location': [0, 0.2], 'corrAns': None}
238.0596 	EXP 	window1: mouseVisible = False
238.0718 	EXP 	grid_lines_2: autoDraw = False
238.0718 	EXP 	target_square_2: autoDraw = False
238.0718 	EXP 	fixation_3: autoDraw = False
238.0718 	EXP 	target_square_2: pos = array([0. , 0.2])
238.0718 	EXP 	grid_lines_2: autoDraw = True
238.0718 	EXP 	target_square_2: autoDraw = True
239.0551 	EXP 	fixation_3: autoDraw = True
239.0718 	EXP 	target_square_2: autoDraw = False
239.2555 	DATA 	Mouse: Left button down, pos=(962,497)
239.4721 	DATA 	Mouse:  Left button up, pos=(962,497)
240.0551 	EXP 	fixation_3: autoDraw = False
240.0591 	EXP 	New trial (rep=0, index=62): {'square': 6, 'location': [0.2, 0], 'corrAns': None}
240.0596 	EXP 	window1: mouseVisible = False
240.0718 	EXP 	grid_lines_2: autoDraw = False
240.0718 	EXP 	target_square_2: autoDraw = False
240.0718 	EXP 	fixation_3: autoDraw = False
240.0718 	EXP 	target_square_2: pos = array([0.2, 0. ])
240.0718 	EXP 	grid_lines_2: autoDraw = True
240.0718 	EXP 	target_square_2: autoDraw = True
241.0551 	EXP 	fixation_3: autoDraw = True
241.0718 	EXP 	target_square_2: autoDraw = False
242.0552 	EXP 	fixation_3: autoDraw = False
242.0592 	EXP 	New trial (rep=0, index=63): {'square': 9, 'location': [0.2, -0.2], 'corrAns': None}
242.0597 	EXP 	window1: mouseVisible = False
242.0718 	EXP 	grid_lines_2: autoDraw = False
242.0718 	EXP 	target_square_2: autoDraw = False
242.0718 	EXP 	fixation_3: autoDraw = False
242.0718 	EXP 	target_square_2: pos = array([ 0.2, -0.2])
242.0718 	EXP 	grid_lines_2: autoDraw = True
242.0718 	EXP 	target_square_2: autoDraw = True
243.0552 	EXP 	fixation_3: autoDraw = True
243.0718 	EXP 	target_square_2: autoDraw = False
244.0552 	EXP 	fixation_3: autoDraw = False
244.0592 	EXP 	New trial (rep=0, index=64): {'square': 3, 'location': [0.2, 0.2], 'corrAns': None}
244.0596 	EXP 	window1: mouseVisible = False
244.0718 	EXP 	grid_lines_2: autoDraw = False
244.0718 	EXP 	target_square_2: autoDraw = False
244.0718 	EXP 	fixation_3: autoDraw = False
244.0718 	EXP 	target_square_2: pos = array([0.2, 0.2])
244.0718 	EXP 	grid_lines_2: autoDraw = True
244.0718 	EXP 	target_square_2: autoDraw = True
245.0552 	EXP 	fixation_3: autoDraw = True
245.0718 	EXP 	target_square_2: autoDraw = False
246.0552 	EXP 	fixation_3: autoDraw = False
246.0591 	EXP 	New trial (rep=0, index=65): {'square': 9, 'location': [0.2, -0.2], 'corrAns': 1}
246.0596 	EXP 	window1: mouseVisible = False
246.0719 	EXP 	grid_lines_2: autoDraw = False
246.0719 	EXP 	target_square_2: autoDraw = False
246.0719 	EXP 	fixation_3: autoDraw = False
246.0719 	EXP 	target_square_2: pos = array([ 0.2, -0.2])
246.0719 	EXP 	grid_lines_2: autoDraw = True
246.0719 	EXP 	target_square_2: autoDraw = True
246.7889 	DATA 	Mouse: Left button down, pos=(962,497)
246.9724 	DATA 	Mouse:  Left button up, pos=(962,497)
247.0552 	EXP 	fixation_3: autoDraw = True
247.0718 	EXP 	target_square_2: autoDraw = False
248.0552 	EXP 	fixation_3: autoDraw = False
248.0593 	EXP 	New trial (rep=0, index=66): {'square': 7, 'location': [-0.2, -0.2], 'corrAns': None}
248.0597 	EXP 	window1: mouseVisible = False
248.0719 	EXP 	grid_lines_2: autoDraw = False
248.0719 	EXP 	target_square_2: autoDraw = False
248.0719 	EXP 	fixation_3: autoDraw = False
248.0719 	EXP 	target_square_2: pos = array([-0.2, -0.2])
248.0719 	EXP 	grid_lines_2: autoDraw = True
248.0719 	EXP 	target_square_2: autoDraw = True
249.0552 	EXP 	fixation_3: autoDraw = True
249.0719 	EXP 	target_square_2: autoDraw = False
250.0552 	EXP 	fixation_3: autoDraw = False
250.0592 	EXP 	New trial (rep=0, index=67): {'square': 1, 'location': [-0.2, 0.2], 'corrAns': None}
250.0596 	EXP 	window1: mouseVisible = False
250.0719 	EXP 	grid_lines_2: autoDraw = False
250.0719 	EXP 	target_square_2: autoDraw = False
250.0719 	EXP 	fixation_3: autoDraw = False
250.0719 	EXP 	target_square_2: pos = array([-0.2,  0.2])
250.0719 	EXP 	grid_lines_2: autoDraw = True
250.0719 	EXP 	target_square_2: autoDraw = True
251.0552 	EXP 	fixation_3: autoDraw = True
251.0719 	EXP 	target_square_2: autoDraw = False
252.0553 	EXP 	fixation_3: autoDraw = False
252.0592 	EXP 	New trial (rep=0, index=68): {'square': 5, 'location': [0, 0], 'corrAns': None}
252.0595 	EXP 	window1: mouseVisible = False
252.0719 	EXP 	grid_lines_2: autoDraw = False
252.0719 	EXP 	target_square_2: autoDraw = False
252.0719 	EXP 	fixation_3: autoDraw = False
252.0719 	EXP 	target_square_2: pos = array([0., 0.])
252.0719 	EXP 	grid_lines_2: autoDraw = True
252.0719 	EXP 	target_square_2: autoDraw = True
253.0552 	EXP 	fixation_3: autoDraw = True
253.0719 	EXP 	target_square_2: autoDraw = False
254.0553 	EXP 	fixation_3: autoDraw = False
254.0591 	EXP 	New trial (rep=0, index=69): {'square': 7, 'location': [-0.2, -0.2], 'corrAns': None}
254.0596 	EXP 	window1: mouseVisible = False
254.0719 	EXP 	grid_lines_2: autoDraw = False
254.0719 	EXP 	target_square_2: autoDraw = False
254.0719 	EXP 	fixation_3: autoDraw = False
254.0719 	EXP 	target_square_2: pos = array([-0.2, -0.2])
254.0719 	EXP 	grid_lines_2: autoDraw = True
254.0719 	EXP 	target_square_2: autoDraw = True
255.0553 	EXP 	fixation_3: autoDraw = True
255.0719 	EXP 	target_square_2: autoDraw = False
256.0553 	EXP 	fixation_3: autoDraw = False
256.0592 	EXP 	New trial (rep=0, index=70): {'square': 5, 'location': [0, 0], 'corrAns': 1}
256.0596 	EXP 	window1: mouseVisible = False
256.0719 	EXP 	grid_lines_2: autoDraw = False
256.0719 	EXP 	target_square_2: autoDraw = False
256.0719 	EXP 	fixation_3: autoDraw = False
256.0719 	EXP 	target_square_2: pos = array([0., 0.])
256.0719 	EXP 	grid_lines_2: autoDraw = True
256.0719 	EXP 	target_square_2: autoDraw = True
256.7723 	DATA 	Mouse: Left button down, pos=(962,497)
256.9723 	DATA 	Mouse:  Left button up, pos=(962,497)
257.0553 	EXP 	fixation_3: autoDraw = True
257.0720 	EXP 	target_square_2: autoDraw = False
258.0553 	EXP 	fixation_3: autoDraw = False
258.0598 	EXP 	New trial (rep=0, index=71): {'square': 6, 'location': [0.2, 0], 'corrAns': None}
258.0603 	EXP 	window1: mouseVisible = False
258.0719 	EXP 	grid_lines_2: autoDraw = False
258.0719 	EXP 	target_square_2: autoDraw = False
258.0719 	EXP 	fixation_3: autoDraw = False
258.0719 	EXP 	target_square_2: pos = array([0.2, 0. ])
258.0719 	EXP 	grid_lines_2: autoDraw = True
258.0719 	EXP 	target_square_2: autoDraw = True
259.0553 	EXP 	fixation_3: autoDraw = True
259.0719 	EXP 	target_square_2: autoDraw = False
260.0552 	EXP 	fixation_3: autoDraw = False
260.0592 	EXP 	New trial (rep=0, index=72): {'square': 3, 'location': [0.2, 0.2], 'corrAns': None}
260.0596 	EXP 	window1: mouseVisible = False
260.0720 	EXP 	grid_lines_2: autoDraw = False
260.0720 	EXP 	target_square_2: autoDraw = False
260.0720 	EXP 	fixation_3: autoDraw = False
260.0720 	EXP 	target_square_2: pos = array([0.2, 0.2])
260.0720 	EXP 	grid_lines_2: autoDraw = True
260.0720 	EXP 	target_square_2: autoDraw = True
261.0553 	EXP 	fixation_3: autoDraw = True
261.0720 	EXP 	target_square_2: autoDraw = False
262.0553 	EXP 	fixation_3: autoDraw = False
262.0593 	EXP 	New trial (rep=0, index=73): {'square': 6, 'location': [0.2, 0], 'corrAns': 1}
262.0597 	EXP 	window1: mouseVisible = False
262.0720 	EXP 	grid_lines_2: autoDraw = False
262.0720 	EXP 	target_square_2: autoDraw = False
262.0720 	EXP 	fixation_3: autoDraw = False
262.0720 	EXP 	target_square_2: pos = array([0.2, 0. ])
262.0720 	EXP 	grid_lines_2: autoDraw = True
262.0720 	EXP 	target_square_2: autoDraw = True
262.6724 	DATA 	Mouse: Left button down, pos=(962,497)
262.8557 	DATA 	Mouse:  Left button up, pos=(962,497)
263.0553 	EXP 	fixation_3: autoDraw = True
263.0720 	EXP 	target_square_2: autoDraw = False
264.0553 	EXP 	fixation_3: autoDraw = False
264.0593 	EXP 	New trial (rep=0, index=74): {'square': 8, 'location': [0, -0.2], 'corrAns': None}
264.0597 	EXP 	window1: mouseVisible = False
264.0720 	EXP 	grid_lines_2: autoDraw = False
264.0720 	EXP 	target_square_2: autoDraw = False
264.0720 	EXP 	fixation_3: autoDraw = False
264.0720 	EXP 	target_square_2: pos = array([ 0. , -0.2])
264.0720 	EXP 	grid_lines_2: autoDraw = True
264.0720 	EXP 	target_square_2: autoDraw = True
265.0553 	EXP 	fixation_3: autoDraw = True
265.0720 	EXP 	target_square_2: autoDraw = False
266.0554 	EXP 	fixation_3: autoDraw = False
266.0593 	EXP 	New trial (rep=0, index=75): {'square': 9, 'location': [0.2, -0.2], 'corrAns': None}
266.0597 	EXP 	window1: mouseVisible = False
266.0720 	EXP 	grid_lines_2: autoDraw = False
266.0720 	EXP 	target_square_2: autoDraw = False
266.0720 	EXP 	fixation_3: autoDraw = False
266.0720 	EXP 	target_square_2: pos = array([ 0.2, -0.2])
266.0720 	EXP 	grid_lines_2: autoDraw = True
266.0720 	EXP 	target_square_2: autoDraw = True
267.0554 	EXP 	fixation_3: autoDraw = True
267.0720 	EXP 	target_square_2: autoDraw = False
268.0554 	EXP 	fixation_3: autoDraw = False
268.0601 	EXP 	New trial (rep=0, index=76): {'square': 9, 'location': [0.2, -0.2], 'corrAns': None}
268.0605 	EXP 	window1: mouseVisible = False
268.0720 	EXP 	grid_lines_2: autoDraw = False
268.0720 	EXP 	target_square_2: autoDraw = False
268.0720 	EXP 	fixation_3: autoDraw = False
268.0720 	EXP 	target_square_2: pos = array([ 0.2, -0.2])
268.0720 	EXP 	grid_lines_2: autoDraw = True
268.0720 	EXP 	target_square_2: autoDraw = True
268.8558 	DATA 	Mouse: Left button down, pos=(962,497)
269.0554 	EXP 	fixation_3: autoDraw = True
269.0720 	EXP 	target_square_2: autoDraw = False
269.2391 	DATA 	Mouse:  Left button up, pos=(962,497)
270.0554 	EXP 	fixation_3: autoDraw = False
270.0595 	EXP 	New trial (rep=0, index=77): {'square': 1, 'location': [-0.2, 0.2], 'corrAns': None}
270.0600 	EXP 	window1: mouseVisible = False
270.0720 	EXP 	grid_lines_2: autoDraw = False
270.0720 	EXP 	target_square_2: autoDraw = False
270.0720 	EXP 	fixation_3: autoDraw = False
270.0720 	EXP 	target_square_2: pos = array([-0.2,  0.2])
270.0720 	EXP 	grid_lines_2: autoDraw = True
270.0720 	EXP 	target_square_2: autoDraw = True
271.0554 	EXP 	fixation_3: autoDraw = True
271.0720 	EXP 	target_square_2: autoDraw = False
272.0554 	EXP 	fixation_3: autoDraw = False
272.0593 	EXP 	New trial (rep=0, index=78): {'square': 3, 'location': [0.2, 0.2], 'corrAns': None}
272.0597 	EXP 	window1: mouseVisible = False
272.0721 	EXP 	grid_lines_2: autoDraw = False
272.0721 	EXP 	target_square_2: autoDraw = False
272.0721 	EXP 	fixation_3: autoDraw = False
272.0721 	EXP 	target_square_2: pos = array([0.2, 0.2])
272.0721 	EXP 	grid_lines_2: autoDraw = True
272.0721 	EXP 	target_square_2: autoDraw = True
273.0554 	EXP 	fixation_3: autoDraw = True
273.0721 	EXP 	target_square_2: autoDraw = False
274.0554 	EXP 	fixation_3: autoDraw = False
274.0594 	EXP 	New trial (rep=0, index=79): {'square': 5, 'location': [0, 0], 'corrAns': None}
274.0598 	EXP 	window1: mouseVisible = False
274.0721 	EXP 	grid_lines_2: autoDraw = False
274.0721 	EXP 	target_square_2: autoDraw = False
274.0721 	EXP 	fixation_3: autoDraw = False
274.0721 	EXP 	target_square_2: pos = array([0., 0.])
274.0721 	EXP 	grid_lines_2: autoDraw = True
274.0721 	EXP 	target_square_2: autoDraw = True
275.0554 	EXP 	fixation_3: autoDraw = True
275.0721 	EXP 	target_square_2: autoDraw = False
276.0554 	EXP 	fixation_3: autoDraw = False
276.0593 	EXP 	New trial (rep=0, index=80): {'square': 3, 'location': [0.2, 0.2], 'corrAns': 1}
276.0597 	EXP 	window1: mouseVisible = False
276.0720 	EXP 	grid_lines_2: autoDraw = False
276.0720 	EXP 	target_square_2: autoDraw = False
276.0720 	EXP 	fixation_3: autoDraw = False
276.0720 	EXP 	target_square_2: pos = array([0.2, 0.2])
276.0720 	EXP 	grid_lines_2: autoDraw = True
276.0720 	EXP 	target_square_2: autoDraw = True
277.0555 	EXP 	fixation_3: autoDraw = True
277.0721 	EXP 	target_square_2: autoDraw = False
277.0892 	DATA 	Mouse: Left button down, pos=(962,497)
277.2892 	DATA 	Mouse:  Left button up, pos=(962,497)
278.0555 	EXP 	fixation_3: autoDraw = False
278.0599 	EXP 	New trial (rep=0, index=81): {'square': 4, 'location': [-0.2, 0], 'corrAns': None}
278.0603 	EXP 	window1: mouseVisible = False
278.0721 	EXP 	grid_lines_2: autoDraw = False
278.0721 	EXP 	target_square_2: autoDraw = False
278.0721 	EXP 	fixation_3: autoDraw = False
278.0721 	EXP 	target_square_2: pos = array([-0.2,  0. ])
278.0721 	EXP 	grid_lines_2: autoDraw = True
278.0721 	EXP 	target_square_2: autoDraw = True
279.0555 	EXP 	fixation_3: autoDraw = True
279.0721 	EXP 	target_square_2: autoDraw = False
280.0555 	EXP 	fixation_3: autoDraw = False
280.0594 	EXP 	New trial (rep=0, index=82): {'square': 7, 'location': [-0.2, -0.2], 'corrAns': None}
280.0599 	EXP 	window1: mouseVisible = False
280.0721 	EXP 	grid_lines_2: autoDraw = False
280.0721 	EXP 	target_square_2: autoDraw = False
280.0721 	EXP 	fixation_3: autoDraw = False
280.0721 	EXP 	target_square_2: pos = array([-0.2, -0.2])
280.0721 	EXP 	grid_lines_2: autoDraw = True
280.0721 	EXP 	target_square_2: autoDraw = True
281.0555 	EXP 	fixation_3: autoDraw = True
281.0720 	EXP 	target_square_2: autoDraw = False
282.0555 	EXP 	fixation_3: autoDraw = False
282.0598 	EXP 	New trial (rep=0, index=83): {'square': 4, 'location': [-0.2, 0], 'corrAns': 1}
282.0602 	EXP 	window1: mouseVisible = False
282.0721 	EXP 	grid_lines_2: autoDraw = False
282.0721 	EXP 	target_square_2: autoDraw = False
282.0721 	EXP 	fixation_3: autoDraw = False
282.0721 	EXP 	target_square_2: pos = array([-0.2,  0. ])
282.0721 	EXP 	grid_lines_2: autoDraw = True
282.0721 	EXP 	target_square_2: autoDraw = True
282.3892 	DATA 	Mouse: Left button down, pos=(962,497)
282.5559 	DATA 	Mouse:  Left button up, pos=(962,497)
283.0555 	EXP 	fixation_3: autoDraw = True
283.0722 	EXP 	target_square_2: autoDraw = False
284.0555 	EXP 	fixation_3: autoDraw = False
284.0594 	EXP 	New trial (rep=0, index=84): {'square': 4, 'location': [-0.2, 0], 'corrAns': None}
284.0599 	EXP 	window1: mouseVisible = False
284.0723 	EXP 	grid_lines_2: autoDraw = False
284.0723 	EXP 	target_square_2: autoDraw = False
284.0723 	EXP 	fixation_3: autoDraw = False
284.0723 	EXP 	target_square_2: pos = array([-0.2,  0. ])
284.0723 	EXP 	grid_lines_2: autoDraw = True
284.0723 	EXP 	target_square_2: autoDraw = True
285.0555 	EXP 	fixation_3: autoDraw = True
285.0722 	EXP 	target_square_2: autoDraw = False
286.0555 	EXP 	fixation_3: autoDraw = False
286.0595 	EXP 	New trial (rep=0, index=85): {'square': 5, 'location': [0, 0], 'corrAns': None}
286.0599 	EXP 	window1: mouseVisible = False
286.0722 	EXP 	grid_lines_2: autoDraw = False
286.0722 	EXP 	target_square_2: autoDraw = False
286.0722 	EXP 	fixation_3: autoDraw = False
286.0722 	EXP 	target_square_2: pos = array([0., 0.])
286.0722 	EXP 	grid_lines_2: autoDraw = True
286.0722 	EXP 	target_square_2: autoDraw = True
287.0555 	EXP 	fixation_3: autoDraw = True
287.0722 	EXP 	target_square_2: autoDraw = False
288.0555 	EXP 	fixation_3: autoDraw = False
288.0595 	EXP 	New trial (rep=0, index=86): {'square': 2, 'location': [0, 0.2], 'corrAns': None}
288.0600 	EXP 	window1: mouseVisible = False
288.0722 	EXP 	grid_lines_2: autoDraw = False
288.0722 	EXP 	target_square_2: autoDraw = False
288.0722 	EXP 	fixation_3: autoDraw = False
288.0722 	EXP 	target_square_2: pos = array([0. , 0.2])
288.0722 	EXP 	grid_lines_2: autoDraw = True
288.0722 	EXP 	target_square_2: autoDraw = True
289.0555 	EXP 	fixation_3: autoDraw = True
289.0722 	EXP 	target_square_2: autoDraw = False
290.0556 	EXP 	fixation_3: autoDraw = False
290.0595 	EXP 	New trial (rep=0, index=87): {'square': 6, 'location': [0.2, 0], 'corrAns': None}
290.0599 	EXP 	window1: mouseVisible = False
290.0722 	EXP 	grid_lines_2: autoDraw = False
290.0722 	EXP 	target_square_2: autoDraw = False
290.0722 	EXP 	fixation_3: autoDraw = False
290.0722 	EXP 	target_square_2: pos = array([0.2, 0. ])
290.0722 	EXP 	grid_lines_2: autoDraw = True
290.0722 	EXP 	target_square_2: autoDraw = True
291.0556 	EXP 	fixation_3: autoDraw = True
291.0722 	EXP 	target_square_2: autoDraw = False
292.0556 	EXP 	fixation_3: autoDraw = False
292.0594 	EXP 	New trial (rep=0, index=88): {'square': 7, 'location': [-0.2, -0.2], 'corrAns': None}
292.0599 	EXP 	window1: mouseVisible = False
292.0722 	EXP 	grid_lines_2: autoDraw = False
292.0722 	EXP 	target_square_2: autoDraw = False
292.0722 	EXP 	fixation_3: autoDraw = False
292.0722 	EXP 	target_square_2: pos = array([-0.2, -0.2])
292.0722 	EXP 	grid_lines_2: autoDraw = True
292.0722 	EXP 	target_square_2: autoDraw = True
293.0556 	EXP 	fixation_3: autoDraw = True
293.0722 	EXP 	target_square_2: autoDraw = False
294.0556 	EXP 	fixation_3: autoDraw = False
294.0594 	EXP 	New trial (rep=0, index=89): {'square': 6, 'location': [0.2, 0], 'corrAns': 1}
294.0599 	EXP 	window1: mouseVisible = False
294.0722 	EXP 	grid_lines_2: autoDraw = False
294.0722 	EXP 	target_square_2: autoDraw = False
294.0722 	EXP 	fixation_3: autoDraw = False
294.0722 	EXP 	target_square_2: pos = array([0.2, 0. ])
294.0722 	EXP 	grid_lines_2: autoDraw = True
294.0722 	EXP 	target_square_2: autoDraw = True
294.7394 	DATA 	Mouse: Left button down, pos=(962,497)
294.9226 	DATA 	Mouse:  Left button up, pos=(962,497)
295.0556 	EXP 	fixation_3: autoDraw = True
295.0723 	EXP 	target_square_2: autoDraw = False
296.0556 	EXP 	fixation_3: autoDraw = False
296.0596 	EXP 	New trial (rep=0, index=90): {'square': 6, 'location': [0.2, 0], 'corrAns': None}
296.0600 	EXP 	window1: mouseVisible = False
296.0723 	EXP 	grid_lines_2: autoDraw = False
296.0723 	EXP 	target_square_2: autoDraw = False
296.0723 	EXP 	fixation_3: autoDraw = False
296.0723 	EXP 	target_square_2: pos = array([0.2, 0. ])
296.0723 	EXP 	grid_lines_2: autoDraw = True
296.0723 	EXP 	target_square_2: autoDraw = True
297.0556 	EXP 	fixation_3: autoDraw = True
297.0723 	EXP 	target_square_2: autoDraw = False
298.0556 	EXP 	fixation_3: autoDraw = False
298.0599 	EXP 	New trial (rep=0, index=91): {'square': 7, 'location': [-0.2, -0.2], 'corrAns': None}
298.0604 	EXP 	window1: mouseVisible = False
298.0723 	EXP 	grid_lines_2: autoDraw = False
298.0723 	EXP 	target_square_2: autoDraw = False
298.0723 	EXP 	fixation_3: autoDraw = False
298.0723 	EXP 	target_square_2: pos = array([-0.2, -0.2])
298.0723 	EXP 	grid_lines_2: autoDraw = True
298.0723 	EXP 	target_square_2: autoDraw = True
299.0556 	EXP 	fixation_3: autoDraw = True
299.0723 	EXP 	target_square_2: autoDraw = False
300.0556 	EXP 	fixation_3: autoDraw = False
300.0595 	EXP 	New trial (rep=0, index=92): {'square': 6, 'location': [0.2, 0], 'corrAns': 1}
300.0600 	EXP 	window1: mouseVisible = False
300.0723 	EXP 	grid_lines_2: autoDraw = False
300.0723 	EXP 	target_square_2: autoDraw = False
300.0723 	EXP 	fixation_3: autoDraw = False
300.0723 	EXP 	target_square_2: pos = array([0.2, 0. ])
300.0723 	EXP 	grid_lines_2: autoDraw = True
300.0723 	EXP 	target_square_2: autoDraw = True
300.7726 	DATA 	Mouse: Left button down, pos=(962,497)
300.9560 	DATA 	Mouse:  Left button up, pos=(962,497)
301.0556 	EXP 	fixation_3: autoDraw = True
301.0723 	EXP 	target_square_2: autoDraw = False
302.0557 	EXP 	fixation_3: autoDraw = False
302.0595 	EXP 	New trial (rep=0, index=93): {'square': 2, 'location': [0, 0.2], 'corrAns': None}
302.0600 	EXP 	window1: mouseVisible = False
302.0723 	EXP 	grid_lines_2: autoDraw = False
302.0723 	EXP 	target_square_2: autoDraw = False
302.0723 	EXP 	fixation_3: autoDraw = False
302.0723 	EXP 	target_square_2: pos = array([0. , 0.2])
302.0723 	EXP 	grid_lines_2: autoDraw = True
302.0723 	EXP 	target_square_2: autoDraw = True
303.0557 	EXP 	fixation_3: autoDraw = True
303.0723 	EXP 	target_square_2: autoDraw = False
304.0557 	EXP 	fixation_3: autoDraw = False
304.0596 	EXP 	New trial (rep=0, index=94): {'square': 5, 'location': [0, 0], 'corrAns': None}
304.0600 	EXP 	window1: mouseVisible = False
304.0723 	EXP 	grid_lines_2: autoDraw = False
304.0723 	EXP 	target_square_2: autoDraw = False
304.0723 	EXP 	fixation_3: autoDraw = False
304.0723 	EXP 	target_square_2: pos = array([0., 0.])
304.0723 	EXP 	grid_lines_2: autoDraw = True
304.0723 	EXP 	target_square_2: autoDraw = True
305.0557 	EXP 	fixation_3: autoDraw = True
305.0723 	EXP 	target_square_2: autoDraw = False
306.0556 	EXP 	fixation_3: autoDraw = False
306.0596 	EXP 	New trial (rep=0, index=95): {'square': 4, 'location': [-0.2, 0], 'corrAns': None}
306.0600 	EXP 	window1: mouseVisible = False
306.0724 	EXP 	grid_lines_2: autoDraw = False
306.0724 	EXP 	target_square_2: autoDraw = False
306.0724 	EXP 	fixation_3: autoDraw = False
306.0724 	EXP 	target_square_2: pos = array([-0.2,  0. ])
306.0724 	EXP 	grid_lines_2: autoDraw = True
306.0724 	EXP 	target_square_2: autoDraw = True
307.0557 	EXP 	fixation_3: autoDraw = True
307.0724 	EXP 	target_square_2: autoDraw = False
308.0557 	EXP 	fixation_3: autoDraw = False
308.0598 	EXP 	New trial (rep=0, index=96): {'square': 4, 'location': [-0.2, 0], 'corrAns': None}
308.0603 	EXP 	window1: mouseVisible = False
308.0724 	EXP 	grid_lines_2: autoDraw = False
308.0724 	EXP 	target_square_2: autoDraw = False
308.0724 	EXP 	fixation_3: autoDraw = False
308.0724 	EXP 	target_square_2: pos = array([-0.2,  0. ])
308.0724 	EXP 	grid_lines_2: autoDraw = True
308.0724 	EXP 	target_square_2: autoDraw = True
309.0557 	EXP 	fixation_3: autoDraw = True
309.0724 	EXP 	target_square_2: autoDraw = False
310.0557 	EXP 	fixation_3: autoDraw = False
310.0596 	EXP 	New trial (rep=0, index=97): {'square': 7, 'location': [-0.2, -0.2], 'corrAns': None}
310.0601 	EXP 	window1: mouseVisible = False
310.0724 	EXP 	grid_lines_2: autoDraw = False
310.0724 	EXP 	target_square_2: autoDraw = False
310.0724 	EXP 	fixation_3: autoDraw = False
310.0724 	EXP 	target_square_2: pos = array([-0.2, -0.2])
310.0724 	EXP 	grid_lines_2: autoDraw = True
310.0724 	EXP 	target_square_2: autoDraw = True
311.0557 	EXP 	fixation_3: autoDraw = True
311.0724 	EXP 	target_square_2: autoDraw = False
312.0557 	EXP 	fixation_3: autoDraw = False
312.0597 	EXP 	New trial (rep=0, index=98): {'square': 4, 'location': [-0.2, 0], 'corrAns': 1}
312.0602 	EXP 	window1: mouseVisible = False
312.0724 	EXP 	grid_lines_2: autoDraw = False
312.0724 	EXP 	target_square_2: autoDraw = False
312.0724 	EXP 	fixation_3: autoDraw = False
312.0724 	EXP 	target_square_2: pos = array([-0.2,  0. ])
312.0724 	EXP 	grid_lines_2: autoDraw = True
312.0724 	EXP 	target_square_2: autoDraw = True
312.9395 	DATA 	Mouse: Left button down, pos=(962,497)
313.0557 	EXP 	fixation_3: autoDraw = True
313.0724 	EXP 	target_square_2: autoDraw = False
313.1562 	DATA 	Mouse:  Left button up, pos=(962,497)
314.0558 	EXP 	fixation_3: autoDraw = False
314.0601 	EXP 	New trial (rep=0, index=99): {'square': 3, 'location': [0.2, 0.2], 'corrAns': None}
314.0605 	EXP 	window1: mouseVisible = False
314.0724 	EXP 	grid_lines_2: autoDraw = False
314.0724 	EXP 	target_square_2: autoDraw = False
314.0724 	EXP 	fixation_3: autoDraw = False
314.0724 	EXP 	target_square_2: pos = array([0.2, 0.2])
314.0724 	EXP 	grid_lines_2: autoDraw = True
314.0724 	EXP 	target_square_2: autoDraw = True
315.0558 	EXP 	fixation_3: autoDraw = True
315.0724 	EXP 	target_square_2: autoDraw = False
316.0558 	EXP 	fixation_3: autoDraw = False
316.0597 	EXP 	New trial (rep=0, index=100): {'square': 5, 'location': [0, 0], 'corrAns': None}
316.0602 	EXP 	window1: mouseVisible = False
316.0724 	EXP 	grid_lines_2: autoDraw = False
316.0724 	EXP 	target_square_2: autoDraw = False
316.0724 	EXP 	fixation_3: autoDraw = False
316.0724 	EXP 	target_square_2: pos = array([0., 0.])
316.0724 	EXP 	grid_lines_2: autoDraw = True
316.0724 	EXP 	target_square_2: autoDraw = True
317.0558 	EXP 	fixation_3: autoDraw = True
317.0724 	EXP 	target_square_2: autoDraw = False
318.0558 	EXP 	fixation_3: autoDraw = False
318.0599 	EXP 	New trial (rep=0, index=101): {'square': 3, 'location': [0.2, 0.2], 'corrAns': 1}
318.0604 	EXP 	window1: mouseVisible = False
318.0725 	EXP 	grid_lines_2: autoDraw = False
318.0725 	EXP 	target_square_2: autoDraw = False
318.0725 	EXP 	fixation_3: autoDraw = False
318.0725 	EXP 	target_square_2: pos = array([0.2, 0.2])
318.0725 	EXP 	grid_lines_2: autoDraw = True
318.0725 	EXP 	target_square_2: autoDraw = True
318.8420 	DATA 	Mouse: Left button down, pos=(962,497)
318.9895 	DATA 	Mouse:  Left button up, pos=(962,497)
319.0558 	EXP 	fixation_3: autoDraw = True
319.0725 	EXP 	target_square_2: autoDraw = False
320.0558 	EXP 	fixation_3: autoDraw = False
320.0597 	EXP 	New trial (rep=0, index=102): {'square': 1, 'location': [-0.2, 0.2], 'corrAns': None}
320.0602 	EXP 	window1: mouseVisible = False
320.0725 	EXP 	grid_lines_2: autoDraw = False
320.0725 	EXP 	target_square_2: autoDraw = False
320.0725 	EXP 	fixation_3: autoDraw = False
320.0725 	EXP 	target_square_2: pos = array([-0.2,  0.2])
320.0725 	EXP 	grid_lines_2: autoDraw = True
320.0725 	EXP 	target_square_2: autoDraw = True
321.0558 	EXP 	fixation_3: autoDraw = True
321.0725 	EXP 	target_square_2: autoDraw = False
322.0558 	EXP 	fixation_3: autoDraw = False
322.0597 	EXP 	New trial (rep=0, index=103): {'square': 9, 'location': [0.2, -0.2], 'corrAns': None}
322.0602 	EXP 	window1: mouseVisible = False
322.0725 	EXP 	grid_lines_2: autoDraw = False
322.0725 	EXP 	target_square_2: autoDraw = False
322.0725 	EXP 	fixation_3: autoDraw = False
322.0725 	EXP 	target_square_2: pos = array([ 0.2, -0.2])
322.0725 	EXP 	grid_lines_2: autoDraw = True
322.0725 	EXP 	target_square_2: autoDraw = True
323.0559 	EXP 	fixation_3: autoDraw = True
323.0725 	EXP 	target_square_2: autoDraw = False
324.0558 	EXP 	fixation_3: autoDraw = False
324.0598 	EXP 	New trial (rep=0, index=104): {'square': 9, 'location': [0.2, -0.2], 'corrAns': None}
324.0602 	EXP 	window1: mouseVisible = False
324.0725 	EXP 	grid_lines_2: autoDraw = False
324.0725 	EXP 	target_square_2: autoDraw = False
324.0725 	EXP 	fixation_3: autoDraw = False
324.0725 	EXP 	target_square_2: pos = array([ 0.2, -0.2])
324.0725 	EXP 	grid_lines_2: autoDraw = True
324.0725 	EXP 	target_square_2: autoDraw = True
325.0558 	EXP 	fixation_3: autoDraw = True
325.0724 	EXP 	target_square_2: autoDraw = False
326.0559 	EXP 	fixation_3: autoDraw = False
326.0597 	EXP 	New trial (rep=0, index=105): {'square': 8, 'location': [0, -0.2], 'corrAns': None}
326.0602 	EXP 	window1: mouseVisible = False
326.0725 	EXP 	grid_lines_2: autoDraw = False
326.0725 	EXP 	target_square_2: autoDraw = False
326.0725 	EXP 	fixation_3: autoDraw = False
326.0725 	EXP 	target_square_2: pos = array([ 0. , -0.2])
326.0725 	EXP 	grid_lines_2: autoDraw = True
326.0725 	EXP 	target_square_2: autoDraw = True
327.0558 	EXP 	fixation_3: autoDraw = True
327.0725 	EXP 	target_square_2: autoDraw = False
328.0559 	EXP 	fixation_3: autoDraw = False
328.0600 	EXP 	New trial (rep=0, index=106): {'square': 6, 'location': [0.2, 0], 'corrAns': None}
328.0604 	EXP 	window1: mouseVisible = False
328.0725 	EXP 	grid_lines_2: autoDraw = False
328.0725 	EXP 	target_square_2: autoDraw = False
328.0725 	EXP 	fixation_3: autoDraw = False
328.0725 	EXP 	target_square_2: pos = array([0.2, 0. ])
328.0725 	EXP 	grid_lines_2: autoDraw = True
328.0725 	EXP 	target_square_2: autoDraw = True
329.0559 	EXP 	fixation_3: autoDraw = True
329.0725 	EXP 	target_square_2: autoDraw = False
330.0559 	EXP 	fixation_3: autoDraw = False
330.0598 	EXP 	New trial (rep=0, index=107): {'square': 3, 'location': [0.2, 0.2], 'corrAns': None}
330.0603 	EXP 	window1: mouseVisible = False
330.0725 	EXP 	grid_lines_2: autoDraw = False
330.0725 	EXP 	target_square_2: autoDraw = False
330.0725 	EXP 	fixation_3: autoDraw = False
330.0725 	EXP 	target_square_2: pos = array([0.2, 0.2])
330.0725 	EXP 	grid_lines_2: autoDraw = True
330.0725 	EXP 	target_square_2: autoDraw = True
331.0559 	EXP 	fixation_3: autoDraw = True
331.0725 	EXP 	target_square_2: autoDraw = False
332.0559 	EXP 	fixation_3: autoDraw = False
332.0598 	EXP 	New trial (rep=0, index=108): {'square': 6, 'location': [0.2, 0], 'corrAns': 1}
332.0602 	EXP 	window1: mouseVisible = False
332.0726 	EXP 	grid_lines_2: autoDraw = False
332.0726 	EXP 	target_square_2: autoDraw = False
332.0726 	EXP 	fixation_3: autoDraw = False
332.0726 	EXP 	target_square_2: pos = array([0.2, 0. ])
332.0726 	EXP 	grid_lines_2: autoDraw = True
332.0726 	EXP 	target_square_2: autoDraw = True
333.0559 	EXP 	fixation_3: autoDraw = True
333.0726 	EXP 	target_square_2: autoDraw = False
334.0559 	EXP 	fixation_3: autoDraw = False
334.0599 	EXP 	New trial (rep=0, index=109): {'square': 5, 'location': [0, 0], 'corrAns': None}
334.0603 	EXP 	window1: mouseVisible = False
334.0726 	EXP 	grid_lines_2: autoDraw = False
334.0726 	EXP 	target_square_2: autoDraw = False
334.0726 	EXP 	fixation_3: autoDraw = False
334.0726 	EXP 	target_square_2: pos = array([0., 0.])
334.0726 	EXP 	grid_lines_2: autoDraw = True
334.0726 	EXP 	target_square_2: autoDraw = True
335.0559 	EXP 	fixation_3: autoDraw = True
335.0726 	EXP 	target_square_2: autoDraw = False
336.0559 	EXP 	fixation_3: autoDraw = False
336.0599 	EXP 	New trial (rep=0, index=110): {'square': 7, 'location': [-0.2, -0.2], 'corrAns': None}
336.0603 	EXP 	window1: mouseVisible = False
336.0726 	EXP 	grid_lines_2: autoDraw = False
336.0726 	EXP 	target_square_2: autoDraw = False
336.0726 	EXP 	fixation_3: autoDraw = False
336.0726 	EXP 	target_square_2: pos = array([-0.2, -0.2])
336.0726 	EXP 	grid_lines_2: autoDraw = True
336.0726 	EXP 	target_square_2: autoDraw = True
337.0559 	EXP 	fixation_3: autoDraw = True
337.0726 	EXP 	target_square_2: autoDraw = False
338.0559 	EXP 	fixation_3: autoDraw = False
338.0600 	EXP 	New trial (rep=0, index=111): {'square': 5, 'location': [0, 0], 'corrAns': 1}
338.0605 	EXP 	window1: mouseVisible = False
338.0726 	EXP 	grid_lines_2: autoDraw = False
338.0726 	EXP 	target_square_2: autoDraw = False
338.0726 	EXP 	fixation_3: autoDraw = False
338.0726 	EXP 	target_square_2: pos = array([0., 0.])
338.0726 	EXP 	grid_lines_2: autoDraw = True
338.0726 	EXP 	target_square_2: autoDraw = True
338.5063 	DATA 	Mouse: Left button down, pos=(962,497)
338.6730 	DATA 	Mouse:  Left button up, pos=(962,497)
339.0560 	EXP 	fixation_3: autoDraw = True
339.0726 	EXP 	target_square_2: autoDraw = False
340.0560 	EXP 	fixation_3: autoDraw = False
340.0599 	EXP 	New trial (rep=0, index=112): {'square': 1, 'location': [-0.2, 0.2], 'corrAns': None}
340.0604 	EXP 	window1: mouseVisible = False
340.0726 	EXP 	grid_lines_2: autoDraw = False
340.0726 	EXP 	target_square_2: autoDraw = False
340.0726 	EXP 	fixation_3: autoDraw = False
340.0726 	EXP 	target_square_2: pos = array([-0.2,  0.2])
340.0726 	EXP 	grid_lines_2: autoDraw = True
340.0726 	EXP 	target_square_2: autoDraw = True
341.0560 	EXP 	fixation_3: autoDraw = True
341.0726 	EXP 	target_square_2: autoDraw = False
342.0560 	EXP 	fixation_3: autoDraw = False
342.0600 	EXP 	New trial (rep=0, index=113): {'square': 7, 'location': [-0.2, -0.2], 'corrAns': None}
342.0605 	EXP 	window1: mouseVisible = False
342.0726 	EXP 	grid_lines_2: autoDraw = False
342.0726 	EXP 	target_square_2: autoDraw = False
342.0726 	EXP 	fixation_3: autoDraw = False
342.0726 	EXP 	target_square_2: pos = array([-0.2, -0.2])
342.0726 	EXP 	grid_lines_2: autoDraw = True
342.0726 	EXP 	target_square_2: autoDraw = True
343.0560 	EXP 	fixation_3: autoDraw = True
343.0726 	EXP 	target_square_2: autoDraw = False
344.0560 	EXP 	fixation_3: autoDraw = False
344.0603 	EXP 	New trial (rep=0, index=114): {'square': 9, 'location': [0.2, -0.2], 'corrAns': None}
344.0608 	EXP 	window1: mouseVisible = False
344.0727 	EXP 	grid_lines_2: autoDraw = False
344.0727 	EXP 	target_square_2: autoDraw = False
344.0727 	EXP 	fixation_3: autoDraw = False
344.0727 	EXP 	target_square_2: pos = array([ 0.2, -0.2])
344.0727 	EXP 	grid_lines_2: autoDraw = True
344.0727 	EXP 	target_square_2: autoDraw = True
345.0560 	EXP 	fixation_3: autoDraw = True
345.0727 	EXP 	target_square_2: autoDraw = False
346.0560 	EXP 	fixation_3: autoDraw = False
346.0602 	EXP 	New trial (rep=0, index=115): {'square': 3, 'location': [0.2, 0.2], 'corrAns': None}
346.0606 	EXP 	window1: mouseVisible = False
346.0727 	EXP 	grid_lines_2: autoDraw = False
346.0727 	EXP 	target_square_2: autoDraw = False
346.0727 	EXP 	fixation_3: autoDraw = False
346.0727 	EXP 	target_square_2: pos = array([0.2, 0.2])
346.0727 	EXP 	grid_lines_2: autoDraw = True
346.0727 	EXP 	target_square_2: autoDraw = True
347.0560 	EXP 	fixation_3: autoDraw = True
347.0727 	EXP 	target_square_2: autoDraw = False
348.0560 	EXP 	fixation_3: autoDraw = False
348.0600 	EXP 	New trial (rep=0, index=116): {'square': 9, 'location': [0.2, -0.2], 'corrAns': 1}
348.0605 	EXP 	window1: mouseVisible = False
348.0727 	EXP 	grid_lines_2: autoDraw = False
348.0727 	EXP 	target_square_2: autoDraw = False
348.0727 	EXP 	fixation_3: autoDraw = False
348.0727 	EXP 	target_square_2: pos = array([ 0.2, -0.2])
348.0727 	EXP 	grid_lines_2: autoDraw = True
348.0727 	EXP 	target_square_2: autoDraw = True
349.0560 	EXP 	fixation_3: autoDraw = True
349.0727 	EXP 	target_square_2: autoDraw = False
349.0731 	DATA 	Mouse: Left button down, pos=(962,497)
349.2231 	DATA 	Mouse:  Left button up, pos=(962,497)
350.0561 	EXP 	fixation_3: autoDraw = False
350.0600 	EXP 	New trial (rep=0, index=117): {'square': 6, 'location': [0.2, 0], 'corrAns': None}
350.0605 	EXP 	window1: mouseVisible = False
350.0727 	EXP 	grid_lines_2: autoDraw = False
350.0727 	EXP 	target_square_2: autoDraw = False
350.0727 	EXP 	fixation_3: autoDraw = False
350.0727 	EXP 	target_square_2: pos = array([0.2, 0. ])
350.0727 	EXP 	grid_lines_2: autoDraw = True
350.0727 	EXP 	target_square_2: autoDraw = True
351.0560 	EXP 	fixation_3: autoDraw = True
351.0727 	EXP 	target_square_2: autoDraw = False
352.0561 	EXP 	fixation_3: autoDraw = False
352.0600 	EXP 	New trial (rep=0, index=118): {'square': 2, 'location': [0, 0.2], 'corrAns': None}
352.0605 	EXP 	window1: mouseVisible = False
352.0727 	EXP 	grid_lines_2: autoDraw = False
352.0727 	EXP 	target_square_2: autoDraw = False
352.0727 	EXP 	fixation_3: autoDraw = False
352.0727 	EXP 	target_square_2: pos = array([0. , 0.2])
352.0727 	EXP 	grid_lines_2: autoDraw = True
352.0727 	EXP 	target_square_2: autoDraw = True
353.0561 	EXP 	fixation_3: autoDraw = True
353.0727 	EXP 	target_square_2: autoDraw = False
354.0561 	EXP 	fixation_3: autoDraw = False
354.0600 	EXP 	New trial (rep=0, index=119): {'square': 5, 'location': [0, 0], 'corrAns': None}
354.0604 	EXP 	window1: mouseVisible = False
354.0727 	EXP 	grid_lines_2: autoDraw = False
354.0727 	EXP 	target_square_2: autoDraw = False
354.0727 	EXP 	fixation_3: autoDraw = False
354.0727 	EXP 	target_square_2: pos = array([0., 0.])
354.0727 	EXP 	grid_lines_2: autoDraw = True
354.0727 	EXP 	target_square_2: autoDraw = True
355.0560 	EXP 	fixation_3: autoDraw = True
355.0727 	EXP 	target_square_2: autoDraw = False
356.0561 	EXP 	fixation_3: autoDraw = False
356.0749 	EXP 	Created unnamed TextStim = TextStim(__class__=<class 'psychopy.visual.text.TextStim'>, alignHoriz=method-wrapper(...), alignText='center', alignVert=method-wrapper(...), anchorHoriz='center', anchorVert='center', antialias=True, autoLog=True, bold=False, color=array([1., 1., 1.]), colorSpace='rgb', contrast=1.0, depth=0, flipHoriz=False, flipVert=False, font='', fontFiles=[], height=0.05, italic=False, languageStyle='LTR', name='unnamed TextStim', opacity=1.0, ori=0.0, pos=array([0., 0.]), rgb=UNKNOWN, text=str(...), units='height', win=Window(...), wrapWidth=1)
356.0894 	EXP 	grid_lines_2: autoDraw = False
356.0894 	EXP 	target_square_2: autoDraw = False
356.0894 	EXP 	fixation_3: autoDraw = False
415.4858 	DATA 	Keypress: e
415.4864 	EXP 	New trial (rep=0, index=1): OrderedDict([('RestT1', 1), ('TaskT1', 0)])
415.4869 	EXP 	Created sequence: random, trialTypes=1, nReps=1, seed=None
415.4871 	EXP 	New trial (rep=0, index=0): None
415.4987 	EXP 	Created unnamed TextStim = TextStim(__class__=<class 'psychopy.visual.text.TextStim'>, alignHoriz=method-wrapper(...), alignText='center', alignVert=method-wrapper(...), anchorHoriz='center', anchorVert='center', antialias=True, autoLog=True, bold=False, color=array([-0.5, -0.5, -0.5]), colorSpace='rgb', contrast=1.0, depth=0, flipHoriz=False, flipVert=False, font='', fontFiles=[], height=0.05, italic=False, languageStyle='LTR', name='unnamed TextStim', opacity=1.0, ori=0.0, pos=array([0., 0.]), rgb=UNKNOWN, text=str(...), units='height', win=Window(...), wrapWidth=1)
446.0931 	DATA 	Keypress: s
446.1068 	EXP 	fixation_2: autoDraw = True
714.1164 	EXP 	Created unnamed TextStim = TextStim(__class__=<class 'psychopy.visual.text.TextStim'>, alignHoriz=method-wrapper(...), alignText='center', alignVert=method-wrapper(...), anchorHoriz='center', anchorVert='center', antialias=True, autoLog=True, bold=False, color=array([1., 1., 1.]), colorSpace='rgb', contrast=1.0, depth=0, flipHoriz=False, flipVert=False, font='', fontFiles=[], height=0.05, italic=False, languageStyle='LTR', name='unnamed TextStim', opacity=1.0, ori=0.0, pos=array([0., 0.]), rgb=UNKNOWN, text=str(...), units='height', win=Window(...), wrapWidth=1)
714.1257 	EXP 	fixation_2: autoDraw = False
714.1257 	EXP 	fixation_2: autoDraw = False
735.5423 	DATA 	Keypress: e
735.5430 	EXP 	Created sequence: random, trialTypes=1, nReps=0, seed=None
735.6513 	EXP 	Created unnamed TextStim = TextStim(__class__=<class 'psychopy.visual.text.TextStim'>, alignHoriz=method-wrapper(...), alignText='center', alignVert=method-wrapper(...), anchorHoriz='center', anchorVert='center', antialias=True, autoLog=True, bold=False, color=array([1., 1., 1.]), colorSpace='rgb', contrast=1.0, depth=0, flipHoriz=False, flipVert=False, font='', fontFiles=[], height=0.05, italic=False, languageStyle='LTR', name='unnamed TextStim', opacity=1.0, ori=0.0, pos=array([0., 0.]), rgb=UNKNOWN, text=str(...), units='height', win=Window(...), wrapWidth=1)
735.7200 	EXP 	window1: mouseVisible = True
