0.5899 	WARNING 	We strongly recommend you activate the PTB sound engine in PsychoPy prefs as the preferred audio engine. Its timing is vastly superior. Your prefs are currently set to use ['sounddevice', 'PTB', 'pyo', 'pygame'] (in that order).
21.2884 	EXP 	Created fixation_2 = TextStim(__class__=<class 'psychopy.visual.text.TextStim'>, alignHoriz=method-wrapper(...), alignText='center', alignVert=method-wrapper(...), anchorHoriz='center', anchorVert='center', antialias=True, autoLog=True, bold=False, color=array([1, 1, 1]), colorSpace='rgb', contrast=1.0, depth=-2.0, flipHoriz=False, flipVert=False, font='Arial', fontFiles=[], height=0.05, italic=False, languageStyle='LTR', name='fixation_2', opacity=1, ori=0, pos=array([0., 0.]), rgb=UNKNOWN, text='+', units='height', win=Window(...), wrapWidth=1)
21.3621 	EXP 	Created Nbackinstructions = TextStim(__class__=<class 'psychopy.visual.text.TextStim'>, alignHoriz=method-wrapper(...), alignText='center', alignVert=method-wrapper(...), anchorHoriz='center', anchorVert='center', antialias=True, autoLog=True, bold=False, color=array([1, 1, 1]), colorSpace='rgb', contrast=1.0, depth=0, flipHoriz=False, flipVert=False, font='Arial', fontFiles=[], height=0.05, italic=False, languageStyle='LTR', name='Nbackinstructions', opacity=1, ori=0.0, pos=array([0., 0.]), rgb=UNKNOWN, text=str(...), units='height', win=Window(...), wrapWidth=1)
21.3657 	EXP 	Created fixation_2 = TextStim(__class__=<class 'psychopy.visual.text.TextStim'>, alignHoriz=method-wrapper(...), alignText='center', alignVert=method-wrapper(...), anchorHoriz='center', anchorVert='center', antialias=True, autoLog=True, bold=False, color=array([1, 1, 1]), colorSpace='rgb', contrast=1.0, depth=-2.0, flipHoriz=False, flipVert=False, font='Arial', fontFiles=[], height=0.05, italic=False, languageStyle='LTR', name='fixation_2', opacity=1, ori=0, pos=array([0., 0.]), rgb=UNKNOWN, text='+', units='height', win=Window(...), wrapWidth=1)
21.7866 	EXP 	Created grid_lines_2 = ImageStim(__class__=<class 'psychopy.visual.image.ImageStim'>, autoLog=True, color=array([1, 1, 1]), colorSpace='rgb', contrast=1.0, depth=0.0, flipHoriz=False, flipVert=False, image='grid.png', interpolate=True, mask=None, maskParams=None, name='grid_lines_2', opacity=1, ori=0.0, pos=array([0., 0.]), size=array([0.6, 0.6]), texRes=128, units='height', win=Window(...))
21.7907 	EXP 	Created target_square_2 = Rect(__class__=<class 'psychopy.visual.rect.Rect'>, autoDraw=False, autoLog=True, closeShape=True, color=method-wrapper(...), colorSpace='rgb', contrast=None, depth=-1.0, fillColor=array([1., 1., 1.]), fillColorSpace='rgb', fillRGB=UNKNOWN, interpolate=True, lineColor=array([0, 0, 0]), lineColorSpace='rgb', lineRGB=UNKNOWN, lineWidth=1, name='target_square_2', opacity=0.5, ori=0.0, pos=array([0., 0.]), size=array([0.15, 0.15]), units='height', vertices=ndarray(...), win=Window(...))
21.7945 	EXP 	Created fixation_3 = TextStim(__class__=<class 'psychopy.visual.text.TextStim'>, alignHoriz=method-wrapper(...), alignText='center', alignVert=method-wrapper(...), anchorHoriz='center', anchorVert='center', antialias=True, autoLog=True, bold=False, color=array([1, 1, 1]), colorSpace='rgb', contrast=1.0, depth=-2.0, flipHoriz=False, flipVert=False, font='Arial', fontFiles=[], height=0.05, italic=False, languageStyle='LTR', name='fixation_3', opacity=1, ori=0, pos=array([0., 0.]), rgb=UNKNOWN, text='+', units='height', win=Window(...), wrapWidth=1)
21.7953 	EXP 	window1: mouseVisible = True
21.8000 	EXP 	window1: mouseVisible = False
21.8005 	EXP 	Created sequence: sequential, trialTypes=2, nReps=1, seed=None
21.8011 	EXP 	New trial (rep=0, index=0): OrderedDict([('RestT1', 0), ('TaskT1', 1)])
21.8015 	EXP 	Created sequence: random, trialTypes=1, nReps=0, seed=None
21.8021 	EXP 	Created sequence: random, trialTypes=1, nReps=1, seed=None
21.8025 	EXP 	New trial (rep=0, index=0): None
21.9132 	EXP 	Nbackinstructions: autoDraw = True
66.0110 	EXP 	Created unnamed TextStim = TextStim(__class__=<class 'psychopy.visual.text.TextStim'>, alignHoriz=method-wrapper(...), alignText='center', alignVert=method-wrapper(...), anchorHoriz='center', anchorVert='center', antialias=True, autoLog=True, bold=False, color=array([-0.5, -0.5, -0.5]), colorSpace='rgb', contrast=1.0, depth=0, flipHoriz=False, flipVert=False, font='', fontFiles=[], height=0.05, italic=False, languageStyle='LTR', name='unnamed TextStim', opacity=1.0, ori=0.0, pos=array([0., 0.]), rgb=UNKNOWN, text=str(...), units='height', win=Window(...), wrapWidth=1)
66.0125 	DATA 	Keypress: space
66.0310 	EXP 	Nbackinstructions: autoDraw = False
98.4627 	DATA 	Keypress: s
98.5198 	EXP 	Imported c:\Users\Dartmouth\Documents\GitHub\canlab\WASABI_public\fMRI Tasks\WASABI Task-T1\N-back-2.xlsx as conditions, 120 conditions, 3 params
98.5205 	EXP 	Created sequence: sequential, trialTypes=120, nReps=1, seed=None
98.5209 	EXP 	New trial (rep=0, index=0): {'square': 5, 'location': [0, 0], 'corrAns': None}
98.5213 	EXP 	window1: mouseVisible = False
98.5269 	EXP 	New trial (rep=0, index=1): {'square': 2, 'location': [0, 0.2], 'corrAns': None}
98.5273 	EXP 	window1: mouseVisible = False
98.5312 	EXP 	New trial (rep=0, index=2): {'square': 6, 'location': [0.2, 0], 'corrAns': None}
98.5316 	EXP 	window1: mouseVisible = False
98.5355 	EXP 	New trial (rep=0, index=3): {'square': 9, 'location': [0.2, -0.2], 'corrAns': None}
98.5358 	EXP 	window1: mouseVisible = False
98.5397 	EXP 	New trial (rep=0, index=4): {'square': 3, 'location': [0.2, 0.2], 'corrAns': None}
98.5401 	EXP 	window1: mouseVisible = False
98.5440 	EXP 	New trial (rep=0, index=5): {'square': 9, 'location': [0.2, -0.2], 'corrAns': 1}
98.5444 	EXP 	window1: mouseVisible = False
98.5484 	EXP 	New trial (rep=0, index=6): {'square': 7, 'location': [-0.2, -0.2], 'corrAns': None}
98.5488 	EXP 	window1: mouseVisible = False
98.5526 	EXP 	New trial (rep=0, index=7): {'square': 1, 'location': [-0.2, 0.2], 'corrAns': None}
98.5530 	EXP 	window1: mouseVisible = False
98.5568 	EXP 	New trial (rep=0, index=8): {'square': 5, 'location': [0, 0], 'corrAns': None}
98.5571 	EXP 	window1: mouseVisible = False
98.5609 	EXP 	New trial (rep=0, index=9): {'square': 7, 'location': [-0.2, -0.2], 'corrAns': None}
98.5613 	EXP 	window1: mouseVisible = False
98.5655 	EXP 	New trial (rep=0, index=10): {'square': 5, 'location': [0, 0], 'corrAns': 1}
98.5658 	EXP 	window1: mouseVisible = False
98.5698 	EXP 	New trial (rep=0, index=11): {'square': 6, 'location': [0.2, 0], 'corrAns': None}
98.5701 	EXP 	window1: mouseVisible = False
98.5740 	EXP 	New trial (rep=0, index=12): {'square': 3, 'location': [0.2, 0.2], 'corrAns': None}
98.5743 	EXP 	window1: mouseVisible = False
98.5783 	EXP 	New trial (rep=0, index=13): {'square': 6, 'location': [0.2, 0], 'corrAns': 1}
98.5787 	EXP 	window1: mouseVisible = False
98.5826 	EXP 	New trial (rep=0, index=14): {'square': 8, 'location': [0, -0.2], 'corrAns': None}
98.5830 	EXP 	window1: mouseVisible = False
98.5868 	EXP 	New trial (rep=0, index=15): {'square': 9, 'location': [0.2, -0.2], 'corrAns': None}
98.5872 	EXP 	window1: mouseVisible = False
98.5979 	EXP 	fixation_2: autoDraw = False
98.5979 	EXP 	target_square_2: pos = array([0., 0.])
98.5979 	EXP 	grid_lines_2: autoDraw = False
98.5979 	EXP 	target_square_2: autoDraw = False
98.5979 	EXP 	fixation_3: autoDraw = False
98.5979 	EXP 	target_square_2: pos = array([0. , 0.2])
98.5979 	EXP 	grid_lines_2: autoDraw = False
98.5979 	EXP 	target_square_2: autoDraw = False
98.5979 	EXP 	fixation_3: autoDraw = False
98.5979 	EXP 	target_square_2: pos = array([0.2, 0. ])
98.5979 	EXP 	grid_lines_2: autoDraw = False
98.5979 	EXP 	target_square_2: autoDraw = False
98.5979 	EXP 	fixation_3: autoDraw = False
98.5979 	EXP 	target_square_2: pos = array([ 0.2, -0.2])
98.5979 	EXP 	grid_lines_2: autoDraw = False
98.5979 	EXP 	target_square_2: autoDraw = False
98.5979 	EXP 	fixation_3: autoDraw = False
98.5979 	EXP 	target_square_2: pos = array([0.2, 0.2])
98.5979 	EXP 	grid_lines_2: autoDraw = False
98.5979 	EXP 	target_square_2: autoDraw = False
98.5979 	EXP 	fixation_3: autoDraw = False
98.5979 	EXP 	target_square_2: pos = array([ 0.2, -0.2])
98.5979 	EXP 	grid_lines_2: autoDraw = False
98.5979 	EXP 	target_square_2: autoDraw = False
98.5979 	EXP 	fixation_3: autoDraw = False
98.5979 	EXP 	target_square_2: pos = array([-0.2, -0.2])
98.5979 	EXP 	grid_lines_2: autoDraw = False
98.5979 	EXP 	target_square_2: autoDraw = False
98.5979 	EXP 	fixation_3: autoDraw = False
98.5979 	EXP 	target_square_2: pos = array([-0.2,  0.2])
98.5979 	EXP 	grid_lines_2: autoDraw = False
98.5979 	EXP 	target_square_2: autoDraw = False
98.5979 	EXP 	fixation_3: autoDraw = False
98.5979 	EXP 	target_square_2: pos = array([0., 0.])
98.5979 	EXP 	grid_lines_2: autoDraw = False
98.5979 	EXP 	target_square_2: autoDraw = False
98.5979 	EXP 	fixation_3: autoDraw = False
98.5979 	EXP 	target_square_2: pos = array([-0.2, -0.2])
98.5979 	EXP 	grid_lines_2: autoDraw = False
98.5979 	EXP 	target_square_2: autoDraw = False
98.5979 	EXP 	fixation_3: autoDraw = False
98.5979 	EXP 	target_square_2: pos = array([0., 0.])
98.5979 	EXP 	grid_lines_2: autoDraw = False
98.5979 	EXP 	target_square_2: autoDraw = False
98.5979 	EXP 	fixation_3: autoDraw = False
98.5979 	EXP 	target_square_2: pos = array([0.2, 0. ])
98.5979 	EXP 	grid_lines_2: autoDraw = False
98.5979 	EXP 	target_square_2: autoDraw = False
98.5979 	EXP 	fixation_3: autoDraw = False
98.5979 	EXP 	target_square_2: pos = array([0.2, 0.2])
98.5979 	EXP 	grid_lines_2: autoDraw = False
98.5979 	EXP 	target_square_2: autoDraw = False
98.5979 	EXP 	fixation_3: autoDraw = False
98.5979 	EXP 	target_square_2: pos = array([0.2, 0. ])
98.5979 	EXP 	grid_lines_2: autoDraw = False
98.5979 	EXP 	target_square_2: autoDraw = False
98.5979 	EXP 	fixation_3: autoDraw = False
98.5979 	EXP 	target_square_2: pos = array([ 0. , -0.2])
98.5979 	EXP 	grid_lines_2: autoDraw = False
98.5979 	EXP 	target_square_2: autoDraw = False
98.5979 	EXP 	fixation_3: autoDraw = False
98.5979 	EXP 	target_square_2: pos = array([ 0.2, -0.2])
98.5979 	EXP 	grid_lines_2: autoDraw = True
98.5979 	EXP 	target_square_2: autoDraw = True
99.0018 	EXP 	New trial (rep=0, index=16): {'square': 9, 'location': [0.2, -0.2], 'corrAns': None}
99.0022 	EXP 	window1: mouseVisible = False
99.0146 	EXP 	grid_lines_2: autoDraw = False
99.0146 	EXP 	target_square_2: autoDraw = False
99.0146 	EXP 	fixation_3: autoDraw = False
99.0146 	EXP 	target_square_2: pos = array([ 0.2, -0.2])
99.0146 	EXP 	grid_lines_2: autoDraw = True
99.0146 	EXP 	target_square_2: autoDraw = True
99.9979 	EXP 	fixation_3: autoDraw = True
100.0147 	EXP 	target_square_2: autoDraw = False
100.9980 	EXP 	fixation_3: autoDraw = False
101.0020 	EXP 	New trial (rep=0, index=17): {'square': 1, 'location': [-0.2, 0.2], 'corrAns': None}
101.0025 	EXP 	window1: mouseVisible = False
101.0146 	EXP 	grid_lines_2: autoDraw = False
101.0146 	EXP 	target_square_2: autoDraw = False
101.0146 	EXP 	fixation_3: autoDraw = False
101.0146 	EXP 	target_square_2: pos = array([-0.2,  0.2])
101.0146 	EXP 	grid_lines_2: autoDraw = True
101.0146 	EXP 	target_square_2: autoDraw = True
101.9980 	EXP 	fixation_3: autoDraw = True
102.0147 	EXP 	target_square_2: autoDraw = False
102.9980 	EXP 	fixation_3: autoDraw = False
103.0020 	EXP 	New trial (rep=0, index=18): {'square': 3, 'location': [0.2, 0.2], 'corrAns': None}
103.0024 	EXP 	window1: mouseVisible = False
103.0147 	EXP 	grid_lines_2: autoDraw = False
103.0147 	EXP 	target_square_2: autoDraw = False
103.0147 	EXP 	fixation_3: autoDraw = False
103.0147 	EXP 	target_square_2: pos = array([0.2, 0.2])
103.0147 	EXP 	grid_lines_2: autoDraw = True
103.0147 	EXP 	target_square_2: autoDraw = True
103.9980 	EXP 	fixation_3: autoDraw = True
104.0147 	EXP 	target_square_2: autoDraw = False
104.9980 	EXP 	fixation_3: autoDraw = False
105.0020 	EXP 	New trial (rep=0, index=19): {'square': 5, 'location': [0, 0], 'corrAns': None}
105.0024 	EXP 	window1: mouseVisible = False
105.0147 	EXP 	grid_lines_2: autoDraw = False
105.0147 	EXP 	target_square_2: autoDraw = False
105.0147 	EXP 	fixation_3: autoDraw = False
105.0147 	EXP 	target_square_2: pos = array([0., 0.])
105.0147 	EXP 	grid_lines_2: autoDraw = True
105.0147 	EXP 	target_square_2: autoDraw = True
105.9980 	EXP 	fixation_3: autoDraw = True
106.0147 	EXP 	target_square_2: autoDraw = False
106.9980 	EXP 	fixation_3: autoDraw = False
107.0019 	EXP 	New trial (rep=0, index=20): {'square': 3, 'location': [0.2, 0.2], 'corrAns': 1}
107.0023 	EXP 	window1: mouseVisible = False
107.0147 	EXP 	grid_lines_2: autoDraw = False
107.0147 	EXP 	target_square_2: autoDraw = False
107.0147 	EXP 	fixation_3: autoDraw = False
107.0147 	EXP 	target_square_2: pos = array([0.2, 0.2])
107.0147 	EXP 	grid_lines_2: autoDraw = True
107.0147 	EXP 	target_square_2: autoDraw = True
107.5651 	DATA 	Mouse: Left button down, pos=(1072,528)
107.9817 	DATA 	Mouse:  Left button up, pos=(1072,528)
107.9980 	EXP 	fixation_3: autoDraw = True
108.0147 	EXP 	target_square_2: autoDraw = False
108.9980 	EXP 	fixation_3: autoDraw = False
109.0019 	EXP 	New trial (rep=0, index=21): {'square': 4, 'location': [-0.2, 0], 'corrAns': None}
109.0024 	EXP 	window1: mouseVisible = False
109.0147 	EXP 	grid_lines_2: autoDraw = False
109.0147 	EXP 	target_square_2: autoDraw = False
109.0147 	EXP 	fixation_3: autoDraw = False
109.0147 	EXP 	target_square_2: pos = array([-0.2,  0. ])
109.0147 	EXP 	grid_lines_2: autoDraw = True
109.0147 	EXP 	target_square_2: autoDraw = True
109.9980 	EXP 	fixation_3: autoDraw = True
110.0147 	EXP 	target_square_2: autoDraw = False
110.9981 	EXP 	fixation_3: autoDraw = False
111.0022 	EXP 	New trial (rep=0, index=22): {'square': 7, 'location': [-0.2, -0.2], 'corrAns': None}
111.0027 	EXP 	window1: mouseVisible = False
111.0147 	EXP 	grid_lines_2: autoDraw = False
111.0147 	EXP 	target_square_2: autoDraw = False
111.0147 	EXP 	fixation_3: autoDraw = False
111.0147 	EXP 	target_square_2: pos = array([-0.2, -0.2])
111.0147 	EXP 	grid_lines_2: autoDraw = True
111.0147 	EXP 	target_square_2: autoDraw = True
111.9980 	EXP 	fixation_3: autoDraw = True
112.0147 	EXP 	target_square_2: autoDraw = False
112.9981 	EXP 	fixation_3: autoDraw = False
113.0020 	EXP 	New trial (rep=0, index=23): {'square': 4, 'location': [-0.2, 0], 'corrAns': 1}
113.0025 	EXP 	window1: mouseVisible = False
113.0147 	EXP 	grid_lines_2: autoDraw = False
113.0147 	EXP 	target_square_2: autoDraw = False
113.0147 	EXP 	fixation_3: autoDraw = False
113.0147 	EXP 	target_square_2: pos = array([-0.2,  0. ])
113.0147 	EXP 	grid_lines_2: autoDraw = True
113.0147 	EXP 	target_square_2: autoDraw = True
113.7318 	DATA 	Mouse: Left button down, pos=(1072,528)
113.9981 	EXP 	fixation_3: autoDraw = True
114.0147 	EXP 	target_square_2: autoDraw = False
114.1484 	DATA 	Mouse:  Left button up, pos=(1072,528)
114.9981 	EXP 	fixation_3: autoDraw = False
115.0020 	EXP 	New trial (rep=0, index=24): {'square': 4, 'location': [-0.2, 0], 'corrAns': None}
115.0025 	EXP 	window1: mouseVisible = False
115.0147 	EXP 	grid_lines_2: autoDraw = False
115.0147 	EXP 	target_square_2: autoDraw = False
115.0147 	EXP 	fixation_3: autoDraw = False
115.0147 	EXP 	target_square_2: pos = array([-0.2,  0. ])
115.0147 	EXP 	grid_lines_2: autoDraw = True
115.0147 	EXP 	target_square_2: autoDraw = True
115.9981 	EXP 	fixation_3: autoDraw = True
116.0148 	EXP 	target_square_2: autoDraw = False
116.9981 	EXP 	fixation_3: autoDraw = False
117.0020 	EXP 	New trial (rep=0, index=25): {'square': 5, 'location': [0, 0], 'corrAns': None}
117.0024 	EXP 	window1: mouseVisible = False
117.0148 	EXP 	grid_lines_2: autoDraw = False
117.0148 	EXP 	target_square_2: autoDraw = False
117.0148 	EXP 	fixation_3: autoDraw = False
117.0148 	EXP 	target_square_2: pos = array([0., 0.])
117.0148 	EXP 	grid_lines_2: autoDraw = True
117.0148 	EXP 	target_square_2: autoDraw = True
117.9981 	EXP 	fixation_3: autoDraw = True
118.0148 	EXP 	target_square_2: autoDraw = False
118.9981 	EXP 	fixation_3: autoDraw = False
119.0021 	EXP 	New trial (rep=0, index=26): {'square': 2, 'location': [0, 0.2], 'corrAns': None}
119.0026 	EXP 	window1: mouseVisible = False
119.0148 	EXP 	grid_lines_2: autoDraw = False
119.0148 	EXP 	target_square_2: autoDraw = False
119.0148 	EXP 	fixation_3: autoDraw = False
119.0148 	EXP 	target_square_2: pos = array([0. , 0.2])
119.0148 	EXP 	grid_lines_2: autoDraw = True
119.0148 	EXP 	target_square_2: autoDraw = True
119.9981 	EXP 	fixation_3: autoDraw = True
120.0147 	EXP 	target_square_2: autoDraw = False
120.9981 	EXP 	fixation_3: autoDraw = False
121.0021 	EXP 	New trial (rep=0, index=27): {'square': 6, 'location': [0.2, 0], 'corrAns': None}
121.0026 	EXP 	window1: mouseVisible = False
121.0148 	EXP 	grid_lines_2: autoDraw = False
121.0148 	EXP 	target_square_2: autoDraw = False
121.0148 	EXP 	fixation_3: autoDraw = False
121.0148 	EXP 	target_square_2: pos = array([0.2, 0. ])
121.0148 	EXP 	grid_lines_2: autoDraw = True
121.0148 	EXP 	target_square_2: autoDraw = True
121.9981 	EXP 	fixation_3: autoDraw = True
122.0147 	EXP 	target_square_2: autoDraw = False
122.9982 	EXP 	fixation_3: autoDraw = False
123.0021 	EXP 	New trial (rep=0, index=28): {'square': 7, 'location': [-0.2, -0.2], 'corrAns': None}
123.0026 	EXP 	window1: mouseVisible = False
123.0148 	EXP 	grid_lines_2: autoDraw = False
123.0148 	EXP 	target_square_2: autoDraw = False
123.0148 	EXP 	fixation_3: autoDraw = False
123.0148 	EXP 	target_square_2: pos = array([-0.2, -0.2])
123.0148 	EXP 	grid_lines_2: autoDraw = True
123.0148 	EXP 	target_square_2: autoDraw = True
123.9982 	EXP 	fixation_3: autoDraw = True
124.0148 	EXP 	target_square_2: autoDraw = False
124.9982 	EXP 	fixation_3: autoDraw = False
125.0021 	EXP 	New trial (rep=0, index=29): {'square': 6, 'location': [0.2, 0], 'corrAns': 1}
125.0026 	EXP 	window1: mouseVisible = False
125.0148 	EXP 	grid_lines_2: autoDraw = False
125.0148 	EXP 	target_square_2: autoDraw = False
125.0148 	EXP 	fixation_3: autoDraw = False
125.0148 	EXP 	target_square_2: pos = array([0.2, 0. ])
125.0148 	EXP 	grid_lines_2: autoDraw = True
125.0148 	EXP 	target_square_2: autoDraw = True
125.8152 	DATA 	Mouse: Left button down, pos=(1072,528)
125.9982 	EXP 	fixation_3: autoDraw = True
126.0148 	EXP 	target_square_2: autoDraw = False
126.1485 	DATA 	Mouse:  Left button up, pos=(1072,528)
126.9982 	EXP 	fixation_3: autoDraw = False
127.0020 	EXP 	New trial (rep=0, index=30): {'square': 6, 'location': [0.2, 0], 'corrAns': None}
127.0026 	EXP 	window1: mouseVisible = False
127.0148 	EXP 	grid_lines_2: autoDraw = False
127.0148 	EXP 	target_square_2: autoDraw = False
127.0148 	EXP 	fixation_3: autoDraw = False
127.0148 	EXP 	target_square_2: pos = array([0.2, 0. ])
127.0148 	EXP 	grid_lines_2: autoDraw = True
127.0148 	EXP 	target_square_2: autoDraw = True
127.9982 	EXP 	fixation_3: autoDraw = True
128.0148 	EXP 	target_square_2: autoDraw = False
128.9982 	EXP 	fixation_3: autoDraw = False
129.0020 	EXP 	New trial (rep=0, index=31): {'square': 7, 'location': [-0.2, -0.2], 'corrAns': None}
129.0025 	EXP 	window1: mouseVisible = False
129.0149 	EXP 	grid_lines_2: autoDraw = False
129.0149 	EXP 	target_square_2: autoDraw = False
129.0149 	EXP 	fixation_3: autoDraw = False
129.0149 	EXP 	target_square_2: pos = array([-0.2, -0.2])
129.0149 	EXP 	grid_lines_2: autoDraw = True
129.0149 	EXP 	target_square_2: autoDraw = True
129.9982 	EXP 	fixation_3: autoDraw = True
130.0149 	EXP 	target_square_2: autoDraw = False
130.4152 	DATA 	Mouse: Left button down, pos=(1072,528)
130.7819 	DATA 	Mouse:  Left button up, pos=(1072,528)
130.9982 	EXP 	fixation_3: autoDraw = False
131.0021 	EXP 	New trial (rep=0, index=32): {'square': 6, 'location': [0.2, 0], 'corrAns': 1}
131.0026 	EXP 	window1: mouseVisible = False
131.0149 	EXP 	grid_lines_2: autoDraw = False
131.0149 	EXP 	target_square_2: autoDraw = False
131.0149 	EXP 	fixation_3: autoDraw = False
131.0149 	EXP 	target_square_2: pos = array([0.2, 0. ])
131.0149 	EXP 	grid_lines_2: autoDraw = True
131.0149 	EXP 	target_square_2: autoDraw = True
131.9982 	EXP 	fixation_3: autoDraw = True
132.0149 	EXP 	target_square_2: autoDraw = False
132.2319 	DATA 	Mouse: Left button down, pos=(1072,528)
132.5485 	DATA 	Mouse:  Left button up, pos=(1072,528)
132.9982 	EXP 	fixation_3: autoDraw = False
133.0021 	EXP 	New trial (rep=0, index=33): {'square': 2, 'location': [0, 0.2], 'corrAns': None}
133.0026 	EXP 	window1: mouseVisible = False
133.0149 	EXP 	grid_lines_2: autoDraw = False
133.0149 	EXP 	target_square_2: autoDraw = False
133.0149 	EXP 	fixation_3: autoDraw = False
133.0149 	EXP 	target_square_2: pos = array([0. , 0.2])
133.0149 	EXP 	grid_lines_2: autoDraw = True
133.0149 	EXP 	target_square_2: autoDraw = True
133.9983 	EXP 	fixation_3: autoDraw = True
134.0149 	EXP 	target_square_2: autoDraw = False
134.9982 	EXP 	fixation_3: autoDraw = False
135.0023 	EXP 	New trial (rep=0, index=34): {'square': 5, 'location': [0, 0], 'corrAns': None}
135.0027 	EXP 	window1: mouseVisible = False
135.0149 	EXP 	grid_lines_2: autoDraw = False
135.0149 	EXP 	target_square_2: autoDraw = False
135.0149 	EXP 	fixation_3: autoDraw = False
135.0149 	EXP 	target_square_2: pos = array([0., 0.])
135.0149 	EXP 	grid_lines_2: autoDraw = True
135.0149 	EXP 	target_square_2: autoDraw = True
135.9983 	EXP 	fixation_3: autoDraw = True
136.0149 	EXP 	target_square_2: autoDraw = False
136.9983 	EXP 	fixation_3: autoDraw = False
137.0021 	EXP 	New trial (rep=0, index=35): {'square': 4, 'location': [-0.2, 0], 'corrAns': None}
137.0026 	EXP 	window1: mouseVisible = False
137.0149 	EXP 	grid_lines_2: autoDraw = False
137.0149 	EXP 	target_square_2: autoDraw = False
137.0149 	EXP 	fixation_3: autoDraw = False
137.0149 	EXP 	target_square_2: pos = array([-0.2,  0. ])
137.0149 	EXP 	grid_lines_2: autoDraw = True
137.0149 	EXP 	target_square_2: autoDraw = True
137.9983 	EXP 	fixation_3: autoDraw = True
138.0149 	EXP 	target_square_2: autoDraw = False
138.9983 	EXP 	fixation_3: autoDraw = False
139.0022 	EXP 	New trial (rep=0, index=36): {'square': 4, 'location': [-0.2, 0], 'corrAns': None}
139.0026 	EXP 	window1: mouseVisible = False
139.0149 	EXP 	grid_lines_2: autoDraw = False
139.0149 	EXP 	target_square_2: autoDraw = False
139.0149 	EXP 	fixation_3: autoDraw = False
139.0149 	EXP 	target_square_2: pos = array([-0.2,  0. ])
139.0149 	EXP 	grid_lines_2: autoDraw = True
139.0149 	EXP 	target_square_2: autoDraw = True
139.9983 	EXP 	fixation_3: autoDraw = True
140.0150 	EXP 	target_square_2: autoDraw = False
140.9983 	EXP 	fixation_3: autoDraw = False
141.0023 	EXP 	New trial (rep=0, index=37): {'square': 7, 'location': [-0.2, -0.2], 'corrAns': None}
141.0028 	EXP 	window1: mouseVisible = False
141.0150 	EXP 	grid_lines_2: autoDraw = False
141.0150 	EXP 	target_square_2: autoDraw = False
141.0150 	EXP 	fixation_3: autoDraw = False
141.0150 	EXP 	target_square_2: pos = array([-0.2, -0.2])
141.0150 	EXP 	grid_lines_2: autoDraw = True
141.0150 	EXP 	target_square_2: autoDraw = True
141.9983 	EXP 	fixation_3: autoDraw = True
142.0150 	EXP 	target_square_2: autoDraw = False
142.9983 	EXP 	fixation_3: autoDraw = False
143.0022 	EXP 	New trial (rep=0, index=38): {'square': 4, 'location': [-0.2, 0], 'corrAns': 1}
143.0026 	EXP 	window1: mouseVisible = False
143.0150 	EXP 	grid_lines_2: autoDraw = False
143.0150 	EXP 	target_square_2: autoDraw = False
143.0150 	EXP 	fixation_3: autoDraw = False
143.0150 	EXP 	target_square_2: pos = array([-0.2,  0. ])
143.0150 	EXP 	grid_lines_2: autoDraw = True
143.0150 	EXP 	target_square_2: autoDraw = True
143.6820 	DATA 	Mouse: Left button down, pos=(1072,528)
143.9983 	EXP 	fixation_3: autoDraw = True
144.0150 	EXP 	target_square_2: autoDraw = False
144.1653 	DATA 	Mouse:  Left button up, pos=(1072,528)
144.9983 	EXP 	fixation_3: autoDraw = False
145.0023 	EXP 	New trial (rep=0, index=39): {'square': 3, 'location': [0.2, 0.2], 'corrAns': None}
145.0028 	EXP 	window1: mouseVisible = False
145.0150 	EXP 	grid_lines_2: autoDraw = False
145.0150 	EXP 	target_square_2: autoDraw = False
145.0150 	EXP 	fixation_3: autoDraw = False
145.0150 	EXP 	target_square_2: pos = array([0.2, 0.2])
145.0150 	EXP 	grid_lines_2: autoDraw = True
145.0150 	EXP 	target_square_2: autoDraw = True
145.9983 	EXP 	fixation_3: autoDraw = True
146.0150 	EXP 	target_square_2: autoDraw = False
146.9984 	EXP 	fixation_3: autoDraw = False
147.0022 	EXP 	New trial (rep=0, index=40): {'square': 5, 'location': [0, 0], 'corrAns': None}
147.0026 	EXP 	window1: mouseVisible = False
147.0150 	EXP 	grid_lines_2: autoDraw = False
147.0150 	EXP 	target_square_2: autoDraw = False
147.0150 	EXP 	fixation_3: autoDraw = False
147.0150 	EXP 	target_square_2: pos = array([0., 0.])
147.0150 	EXP 	grid_lines_2: autoDraw = True
147.0150 	EXP 	target_square_2: autoDraw = True
147.9984 	EXP 	fixation_3: autoDraw = True
148.0150 	EXP 	target_square_2: autoDraw = False
148.9984 	EXP 	fixation_3: autoDraw = False
149.0023 	EXP 	New trial (rep=0, index=41): {'square': 3, 'location': [0.2, 0.2], 'corrAns': 1}
149.0028 	EXP 	window1: mouseVisible = False
149.0150 	EXP 	grid_lines_2: autoDraw = False
149.0150 	EXP 	target_square_2: autoDraw = False
149.0150 	EXP 	fixation_3: autoDraw = False
149.0150 	EXP 	target_square_2: pos = array([0.2, 0.2])
149.0150 	EXP 	grid_lines_2: autoDraw = True
149.0150 	EXP 	target_square_2: autoDraw = True
149.6320 	DATA 	Mouse: Left button down, pos=(1072,528)
149.9153 	DATA 	Mouse:  Left button up, pos=(1072,528)
149.9984 	EXP 	fixation_3: autoDraw = True
150.0150 	EXP 	target_square_2: autoDraw = False
150.9984 	EXP 	fixation_3: autoDraw = False
151.0023 	EXP 	New trial (rep=0, index=42): {'square': 1, 'location': [-0.2, 0.2], 'corrAns': None}
151.0028 	EXP 	window1: mouseVisible = False
151.0151 	EXP 	grid_lines_2: autoDraw = False
151.0151 	EXP 	target_square_2: autoDraw = False
151.0151 	EXP 	fixation_3: autoDraw = False
151.0151 	EXP 	target_square_2: pos = array([-0.2,  0.2])
151.0151 	EXP 	grid_lines_2: autoDraw = True
151.0151 	EXP 	target_square_2: autoDraw = True
151.9984 	EXP 	fixation_3: autoDraw = True
152.0150 	EXP 	target_square_2: autoDraw = False
152.9983 	EXP 	fixation_3: autoDraw = False
153.0021 	EXP 	New trial (rep=0, index=43): {'square': 9, 'location': [0.2, -0.2], 'corrAns': None}
153.0026 	EXP 	window1: mouseVisible = False
153.0151 	EXP 	grid_lines_2: autoDraw = False
153.0151 	EXP 	target_square_2: autoDraw = False
153.0151 	EXP 	fixation_3: autoDraw = False
153.0151 	EXP 	target_square_2: pos = array([ 0.2, -0.2])
153.0151 	EXP 	grid_lines_2: autoDraw = True
153.0151 	EXP 	target_square_2: autoDraw = True
153.9984 	EXP 	fixation_3: autoDraw = True
154.0151 	EXP 	target_square_2: autoDraw = False
154.9984 	EXP 	fixation_3: autoDraw = False
155.0026 	EXP 	New trial (rep=0, index=44): {'square': 9, 'location': [0.2, -0.2], 'corrAns': None}
155.0030 	EXP 	window1: mouseVisible = False
155.0151 	EXP 	grid_lines_2: autoDraw = False
155.0151 	EXP 	target_square_2: autoDraw = False
155.0151 	EXP 	fixation_3: autoDraw = False
155.0151 	EXP 	target_square_2: pos = array([ 0.2, -0.2])
155.0151 	EXP 	grid_lines_2: autoDraw = True
155.0151 	EXP 	target_square_2: autoDraw = True
155.9984 	EXP 	fixation_3: autoDraw = True
156.0151 	EXP 	target_square_2: autoDraw = False
156.9984 	EXP 	fixation_3: autoDraw = False
157.0023 	EXP 	New trial (rep=0, index=45): {'square': 8, 'location': [0, -0.2], 'corrAns': None}
157.0028 	EXP 	window1: mouseVisible = False
157.0151 	EXP 	grid_lines_2: autoDraw = False
157.0151 	EXP 	target_square_2: autoDraw = False
157.0151 	EXP 	fixation_3: autoDraw = False
157.0151 	EXP 	target_square_2: pos = array([ 0. , -0.2])
157.0151 	EXP 	grid_lines_2: autoDraw = True
157.0151 	EXP 	target_square_2: autoDraw = True
157.9984 	EXP 	fixation_3: autoDraw = True
158.0151 	EXP 	target_square_2: autoDraw = False
158.9985 	EXP 	fixation_3: autoDraw = False
159.0023 	EXP 	New trial (rep=0, index=46): {'square': 6, 'location': [0.2, 0], 'corrAns': None}
159.0028 	EXP 	window1: mouseVisible = False
159.0151 	EXP 	grid_lines_2: autoDraw = False
159.0151 	EXP 	target_square_2: autoDraw = False
159.0151 	EXP 	fixation_3: autoDraw = False
159.0151 	EXP 	target_square_2: pos = array([0.2, 0. ])
159.0151 	EXP 	grid_lines_2: autoDraw = True
159.0151 	EXP 	target_square_2: autoDraw = True
159.9984 	EXP 	fixation_3: autoDraw = True
160.0151 	EXP 	target_square_2: autoDraw = False
160.9985 	EXP 	fixation_3: autoDraw = False
161.0023 	EXP 	New trial (rep=0, index=47): {'square': 3, 'location': [0.2, 0.2], 'corrAns': None}
161.0028 	EXP 	window1: mouseVisible = False
161.0151 	EXP 	grid_lines_2: autoDraw = False
161.0151 	EXP 	target_square_2: autoDraw = False
161.0151 	EXP 	fixation_3: autoDraw = False
161.0151 	EXP 	target_square_2: pos = array([0.2, 0.2])
161.0151 	EXP 	grid_lines_2: autoDraw = True
161.0151 	EXP 	target_square_2: autoDraw = True
161.9985 	EXP 	fixation_3: autoDraw = True
162.0151 	EXP 	target_square_2: autoDraw = False
162.9985 	EXP 	fixation_3: autoDraw = False
163.0024 	EXP 	New trial (rep=0, index=48): {'square': 6, 'location': [0.2, 0], 'corrAns': 1}
163.0028 	EXP 	window1: mouseVisible = False
163.0152 	EXP 	grid_lines_2: autoDraw = False
163.0152 	EXP 	target_square_2: autoDraw = False
163.0152 	EXP 	fixation_3: autoDraw = False
163.0152 	EXP 	target_square_2: pos = array([0.2, 0. ])
163.0152 	EXP 	grid_lines_2: autoDraw = True
163.0152 	EXP 	target_square_2: autoDraw = True
163.9322 	DATA 	Mouse: Left button down, pos=(1072,528)
163.9985 	EXP 	fixation_3: autoDraw = True
164.0151 	EXP 	target_square_2: autoDraw = False
164.2988 	DATA 	Mouse:  Left button up, pos=(1072,528)
164.9985 	EXP 	fixation_3: autoDraw = False
165.0025 	EXP 	New trial (rep=0, index=49): {'square': 5, 'location': [0, 0], 'corrAns': None}
165.0029 	EXP 	window1: mouseVisible = False
165.0152 	EXP 	grid_lines_2: autoDraw = False
165.0152 	EXP 	target_square_2: autoDraw = False
165.0152 	EXP 	fixation_3: autoDraw = False
165.0152 	EXP 	target_square_2: pos = array([0., 0.])
165.0152 	EXP 	grid_lines_2: autoDraw = True
165.0152 	EXP 	target_square_2: autoDraw = True
165.9985 	EXP 	fixation_3: autoDraw = True
166.0152 	EXP 	target_square_2: autoDraw = False
166.9985 	EXP 	fixation_3: autoDraw = False
167.0025 	EXP 	New trial (rep=0, index=50): {'square': 7, 'location': [-0.2, -0.2], 'corrAns': None}
167.0029 	EXP 	window1: mouseVisible = False
167.0152 	EXP 	grid_lines_2: autoDraw = False
167.0152 	EXP 	target_square_2: autoDraw = False
167.0152 	EXP 	fixation_3: autoDraw = False
167.0152 	EXP 	target_square_2: pos = array([-0.2, -0.2])
167.0152 	EXP 	grid_lines_2: autoDraw = True
167.0152 	EXP 	target_square_2: autoDraw = True
167.9985 	EXP 	fixation_3: autoDraw = True
168.0152 	EXP 	target_square_2: autoDraw = False
168.9985 	EXP 	fixation_3: autoDraw = False
169.0024 	EXP 	New trial (rep=0, index=51): {'square': 5, 'location': [0, 0], 'corrAns': 1}
169.0028 	EXP 	window1: mouseVisible = False
169.0152 	EXP 	grid_lines_2: autoDraw = False
169.0152 	EXP 	target_square_2: autoDraw = False
169.0152 	EXP 	fixation_3: autoDraw = False
169.0152 	EXP 	target_square_2: pos = array([0., 0.])
169.0152 	EXP 	grid_lines_2: autoDraw = True
169.0152 	EXP 	target_square_2: autoDraw = True
169.7155 	DATA 	Mouse: Left button down, pos=(1072,528)
169.9985 	EXP 	fixation_3: autoDraw = True
170.0152 	EXP 	target_square_2: autoDraw = False
170.0488 	DATA 	Mouse:  Left button up, pos=(1072,528)
170.9986 	EXP 	fixation_3: autoDraw = False
171.0024 	EXP 	New trial (rep=0, index=52): {'square': 1, 'location': [-0.2, 0.2], 'corrAns': None}
171.0029 	EXP 	window1: mouseVisible = False
171.0152 	EXP 	grid_lines_2: autoDraw = False
171.0152 	EXP 	target_square_2: autoDraw = False
171.0152 	EXP 	fixation_3: autoDraw = False
171.0152 	EXP 	target_square_2: pos = array([-0.2,  0.2])
171.0152 	EXP 	grid_lines_2: autoDraw = True
171.0152 	EXP 	target_square_2: autoDraw = True
171.9985 	EXP 	fixation_3: autoDraw = True
172.0152 	EXP 	target_square_2: autoDraw = False
172.9986 	EXP 	fixation_3: autoDraw = False
173.0024 	EXP 	New trial (rep=0, index=53): {'square': 7, 'location': [-0.2, -0.2], 'corrAns': None}
173.0029 	EXP 	window1: mouseVisible = False
173.0152 	EXP 	grid_lines_2: autoDraw = False
173.0152 	EXP 	target_square_2: autoDraw = False
173.0152 	EXP 	fixation_3: autoDraw = False
173.0152 	EXP 	target_square_2: pos = array([-0.2, -0.2])
173.0152 	EXP 	grid_lines_2: autoDraw = True
173.0152 	EXP 	target_square_2: autoDraw = True
173.9986 	EXP 	fixation_3: autoDraw = True
174.0152 	EXP 	target_square_2: autoDraw = False
174.9986 	EXP 	fixation_3: autoDraw = False
175.0026 	EXP 	New trial (rep=0, index=54): {'square': 9, 'location': [0.2, -0.2], 'corrAns': None}
175.0031 	EXP 	window1: mouseVisible = False
175.0152 	EXP 	grid_lines_2: autoDraw = False
175.0152 	EXP 	target_square_2: autoDraw = False
175.0152 	EXP 	fixation_3: autoDraw = False
175.0152 	EXP 	target_square_2: pos = array([ 0.2, -0.2])
175.0152 	EXP 	grid_lines_2: autoDraw = True
175.0152 	EXP 	target_square_2: autoDraw = True
175.9986 	EXP 	fixation_3: autoDraw = True
176.0152 	EXP 	target_square_2: autoDraw = False
176.9986 	EXP 	fixation_3: autoDraw = False
177.0026 	EXP 	New trial (rep=0, index=55): {'square': 3, 'location': [0.2, 0.2], 'corrAns': None}
177.0031 	EXP 	window1: mouseVisible = False
177.0153 	EXP 	grid_lines_2: autoDraw = False
177.0153 	EXP 	target_square_2: autoDraw = False
177.0153 	EXP 	fixation_3: autoDraw = False
177.0153 	EXP 	target_square_2: pos = array([0.2, 0.2])
177.0153 	EXP 	grid_lines_2: autoDraw = True
177.0153 	EXP 	target_square_2: autoDraw = True
177.9986 	EXP 	fixation_3: autoDraw = True
178.0153 	EXP 	target_square_2: autoDraw = False
178.9986 	EXP 	fixation_3: autoDraw = False
179.0026 	EXP 	New trial (rep=0, index=56): {'square': 9, 'location': [0.2, -0.2], 'corrAns': 1}
179.0030 	EXP 	window1: mouseVisible = False
179.0153 	EXP 	grid_lines_2: autoDraw = False
179.0153 	EXP 	target_square_2: autoDraw = False
179.0153 	EXP 	fixation_3: autoDraw = False
179.0153 	EXP 	target_square_2: pos = array([ 0.2, -0.2])
179.0153 	EXP 	grid_lines_2: autoDraw = True
179.0153 	EXP 	target_square_2: autoDraw = True
179.5990 	DATA 	Mouse: Left button down, pos=(1072,528)
179.9323 	DATA 	Mouse:  Left button up, pos=(1072,528)
179.9986 	EXP 	fixation_3: autoDraw = True
180.0153 	EXP 	target_square_2: autoDraw = False
180.9986 	EXP 	fixation_3: autoDraw = False
181.0025 	EXP 	New trial (rep=0, index=57): {'square': 6, 'location': [0.2, 0], 'corrAns': None}
181.0030 	EXP 	window1: mouseVisible = False
181.0153 	EXP 	grid_lines_2: autoDraw = False
181.0153 	EXP 	target_square_2: autoDraw = False
181.0153 	EXP 	fixation_3: autoDraw = False
181.0153 	EXP 	target_square_2: pos = array([0.2, 0. ])
181.0153 	EXP 	grid_lines_2: autoDraw = True
181.0153 	EXP 	target_square_2: autoDraw = True
181.9987 	EXP 	fixation_3: autoDraw = True
182.0153 	EXP 	target_square_2: autoDraw = False
182.9987 	EXP 	fixation_3: autoDraw = False
183.0026 	EXP 	New trial (rep=0, index=58): {'square': 2, 'location': [0, 0.2], 'corrAns': None}
183.0030 	EXP 	window1: mouseVisible = False
183.0153 	EXP 	grid_lines_2: autoDraw = False
183.0153 	EXP 	target_square_2: autoDraw = False
183.0153 	EXP 	fixation_3: autoDraw = False
183.0153 	EXP 	target_square_2: pos = array([0. , 0.2])
183.0153 	EXP 	grid_lines_2: autoDraw = True
183.0153 	EXP 	target_square_2: autoDraw = True
183.9986 	EXP 	fixation_3: autoDraw = True
184.0153 	EXP 	target_square_2: autoDraw = False
184.9987 	EXP 	fixation_3: autoDraw = False
185.0027 	EXP 	New trial (rep=0, index=59): {'square': 5, 'location': [0, 0], 'corrAns': None}
185.0030 	EXP 	window1: mouseVisible = False
185.0153 	EXP 	grid_lines_2: autoDraw = False
185.0153 	EXP 	target_square_2: autoDraw = False
185.0153 	EXP 	fixation_3: autoDraw = False
185.0153 	EXP 	target_square_2: pos = array([0., 0.])
185.0153 	EXP 	grid_lines_2: autoDraw = True
185.0153 	EXP 	target_square_2: autoDraw = True
185.9987 	EXP 	fixation_3: autoDraw = True
186.0153 	EXP 	target_square_2: autoDraw = False
186.9987 	EXP 	fixation_3: autoDraw = False
187.0026 	EXP 	New trial (rep=0, index=60): {'square': 5, 'location': [0, 0], 'corrAns': None}
187.0030 	EXP 	window1: mouseVisible = False
187.0153 	EXP 	grid_lines_2: autoDraw = False
187.0153 	EXP 	target_square_2: autoDraw = False
187.0153 	EXP 	fixation_3: autoDraw = False
187.0153 	EXP 	target_square_2: pos = array([0., 0.])
187.0153 	EXP 	grid_lines_2: autoDraw = True
187.0153 	EXP 	target_square_2: autoDraw = True
187.9987 	EXP 	fixation_3: autoDraw = True
188.0154 	EXP 	target_square_2: autoDraw = False
188.9987 	EXP 	fixation_3: autoDraw = False
189.0026 	EXP 	New trial (rep=0, index=61): {'square': 2, 'location': [0, 0.2], 'corrAns': None}
189.0030 	EXP 	window1: mouseVisible = False
189.0154 	EXP 	grid_lines_2: autoDraw = False
189.0154 	EXP 	target_square_2: autoDraw = False
189.0154 	EXP 	fixation_3: autoDraw = False
189.0154 	EXP 	target_square_2: pos = array([0. , 0.2])
189.0154 	EXP 	grid_lines_2: autoDraw = True
189.0154 	EXP 	target_square_2: autoDraw = True
189.9987 	EXP 	fixation_3: autoDraw = True
190.0154 	EXP 	target_square_2: autoDraw = False
190.9987 	EXP 	fixation_3: autoDraw = False
191.0027 	EXP 	New trial (rep=0, index=62): {'square': 6, 'location': [0.2, 0], 'corrAns': None}
191.0031 	EXP 	window1: mouseVisible = False
191.0154 	EXP 	grid_lines_2: autoDraw = False
191.0154 	EXP 	target_square_2: autoDraw = False
191.0154 	EXP 	fixation_3: autoDraw = False
191.0154 	EXP 	target_square_2: pos = array([0.2, 0. ])
191.0154 	EXP 	grid_lines_2: autoDraw = True
191.0154 	EXP 	target_square_2: autoDraw = True
191.9987 	EXP 	fixation_3: autoDraw = True
192.0154 	EXP 	target_square_2: autoDraw = False
192.9987 	EXP 	fixation_3: autoDraw = False
193.0026 	EXP 	New trial (rep=0, index=63): {'square': 9, 'location': [0.2, -0.2], 'corrAns': None}
193.0031 	EXP 	window1: mouseVisible = False
193.0154 	EXP 	grid_lines_2: autoDraw = False
193.0154 	EXP 	target_square_2: autoDraw = False
193.0154 	EXP 	fixation_3: autoDraw = False
193.0154 	EXP 	target_square_2: pos = array([ 0.2, -0.2])
193.0154 	EXP 	grid_lines_2: autoDraw = True
193.0154 	EXP 	target_square_2: autoDraw = True
193.9987 	EXP 	fixation_3: autoDraw = True
194.0154 	EXP 	target_square_2: autoDraw = False
194.9987 	EXP 	fixation_3: autoDraw = False
195.0026 	EXP 	New trial (rep=0, index=64): {'square': 3, 'location': [0.2, 0.2], 'corrAns': None}
195.0032 	EXP 	window1: mouseVisible = False
195.0154 	EXP 	grid_lines_2: autoDraw = False
195.0154 	EXP 	target_square_2: autoDraw = False
195.0154 	EXP 	fixation_3: autoDraw = False
195.0154 	EXP 	target_square_2: pos = array([0.2, 0.2])
195.0154 	EXP 	grid_lines_2: autoDraw = True
195.0154 	EXP 	target_square_2: autoDraw = True
195.9988 	EXP 	fixation_3: autoDraw = True
196.0154 	EXP 	target_square_2: autoDraw = False
196.9988 	EXP 	fixation_3: autoDraw = False
197.0031 	EXP 	New trial (rep=0, index=65): {'square': 9, 'location': [0.2, -0.2], 'corrAns': 1}
197.0036 	EXP 	window1: mouseVisible = False
197.0154 	EXP 	grid_lines_2: autoDraw = False
197.0154 	EXP 	target_square_2: autoDraw = False
197.0154 	EXP 	fixation_3: autoDraw = False
197.0154 	EXP 	target_square_2: pos = array([ 0.2, -0.2])
197.0154 	EXP 	grid_lines_2: autoDraw = True
197.0154 	EXP 	target_square_2: autoDraw = True
197.7824 	DATA 	Mouse: Left button down, pos=(1072,528)
197.9988 	EXP 	fixation_3: autoDraw = True
198.0154 	EXP 	target_square_2: autoDraw = False
198.1824 	DATA 	Mouse:  Left button up, pos=(1072,528)
198.9988 	EXP 	fixation_3: autoDraw = False
199.0027 	EXP 	New trial (rep=0, index=66): {'square': 7, 'location': [-0.2, -0.2], 'corrAns': None}
199.0032 	EXP 	window1: mouseVisible = False
199.0155 	EXP 	grid_lines_2: autoDraw = False
199.0155 	EXP 	target_square_2: autoDraw = False
199.0155 	EXP 	fixation_3: autoDraw = False
199.0155 	EXP 	target_square_2: pos = array([-0.2, -0.2])
199.0155 	EXP 	grid_lines_2: autoDraw = True
199.0155 	EXP 	target_square_2: autoDraw = True
199.9988 	EXP 	fixation_3: autoDraw = True
200.0155 	EXP 	target_square_2: autoDraw = False
200.9988 	EXP 	fixation_3: autoDraw = False
201.0027 	EXP 	New trial (rep=0, index=67): {'square': 1, 'location': [-0.2, 0.2], 'corrAns': None}
201.0032 	EXP 	window1: mouseVisible = False
201.0155 	EXP 	grid_lines_2: autoDraw = False
201.0155 	EXP 	target_square_2: autoDraw = False
201.0155 	EXP 	fixation_3: autoDraw = False
201.0155 	EXP 	target_square_2: pos = array([-0.2,  0.2])
201.0155 	EXP 	grid_lines_2: autoDraw = True
201.0155 	EXP 	target_square_2: autoDraw = True
201.9988 	EXP 	fixation_3: autoDraw = True
202.0155 	EXP 	target_square_2: autoDraw = False
202.9988 	EXP 	fixation_3: autoDraw = False
203.0027 	EXP 	New trial (rep=0, index=68): {'square': 5, 'location': [0, 0], 'corrAns': None}
203.0031 	EXP 	window1: mouseVisible = False
203.0154 	EXP 	grid_lines_2: autoDraw = False
203.0154 	EXP 	target_square_2: autoDraw = False
203.0154 	EXP 	fixation_3: autoDraw = False
203.0154 	EXP 	target_square_2: pos = array([0., 0.])
203.0154 	EXP 	grid_lines_2: autoDraw = True
203.0154 	EXP 	target_square_2: autoDraw = True
203.9988 	EXP 	fixation_3: autoDraw = True
204.0155 	EXP 	target_square_2: autoDraw = False
204.9988 	EXP 	fixation_3: autoDraw = False
205.0028 	EXP 	New trial (rep=0, index=69): {'square': 7, 'location': [-0.2, -0.2], 'corrAns': None}
205.0033 	EXP 	window1: mouseVisible = False
205.0155 	EXP 	grid_lines_2: autoDraw = False
205.0155 	EXP 	target_square_2: autoDraw = False
205.0155 	EXP 	fixation_3: autoDraw = False
205.0155 	EXP 	target_square_2: pos = array([-0.2, -0.2])
205.0155 	EXP 	grid_lines_2: autoDraw = True
205.0155 	EXP 	target_square_2: autoDraw = True
205.9988 	EXP 	fixation_3: autoDraw = True
206.0155 	EXP 	target_square_2: autoDraw = False
206.9988 	EXP 	fixation_3: autoDraw = False
207.0031 	EXP 	New trial (rep=0, index=70): {'square': 5, 'location': [0, 0], 'corrAns': 1}
207.0035 	EXP 	window1: mouseVisible = False
207.0155 	EXP 	grid_lines_2: autoDraw = False
207.0155 	EXP 	target_square_2: autoDraw = False
207.0155 	EXP 	fixation_3: autoDraw = False
207.0155 	EXP 	target_square_2: pos = array([0., 0.])
207.0155 	EXP 	grid_lines_2: autoDraw = True
207.0155 	EXP 	target_square_2: autoDraw = True
207.6659 	DATA 	Mouse: Left button down, pos=(1072,528)
207.9988 	EXP 	fixation_3: autoDraw = True
208.0155 	EXP 	target_square_2: autoDraw = False
208.0325 	DATA 	Mouse:  Left button up, pos=(1072,528)
208.9989 	EXP 	fixation_3: autoDraw = False
209.0027 	EXP 	New trial (rep=0, index=71): {'square': 6, 'location': [0.2, 0], 'corrAns': None}
209.0032 	EXP 	window1: mouseVisible = False
209.0155 	EXP 	grid_lines_2: autoDraw = False
209.0155 	EXP 	target_square_2: autoDraw = False
209.0155 	EXP 	fixation_3: autoDraw = False
209.0155 	EXP 	target_square_2: pos = array([0.2, 0. ])
209.0155 	EXP 	grid_lines_2: autoDraw = True
209.0155 	EXP 	target_square_2: autoDraw = True
209.9989 	EXP 	fixation_3: autoDraw = True
210.0155 	EXP 	target_square_2: autoDraw = False
210.9989 	EXP 	fixation_3: autoDraw = False
211.0027 	EXP 	New trial (rep=0, index=72): {'square': 3, 'location': [0.2, 0.2], 'corrAns': None}
211.0032 	EXP 	window1: mouseVisible = False
211.0155 	EXP 	grid_lines_2: autoDraw = False
211.0155 	EXP 	target_square_2: autoDraw = False
211.0155 	EXP 	fixation_3: autoDraw = False
211.0155 	EXP 	target_square_2: pos = array([0.2, 0.2])
211.0155 	EXP 	grid_lines_2: autoDraw = True
211.0155 	EXP 	target_square_2: autoDraw = True
211.9989 	EXP 	fixation_3: autoDraw = True
212.0156 	EXP 	target_square_2: autoDraw = False
212.9989 	EXP 	fixation_3: autoDraw = False
213.0028 	EXP 	New trial (rep=0, index=73): {'square': 6, 'location': [0.2, 0], 'corrAns': 1}
213.0033 	EXP 	window1: mouseVisible = False
213.0156 	EXP 	grid_lines_2: autoDraw = False
213.0156 	EXP 	target_square_2: autoDraw = False
213.0156 	EXP 	fixation_3: autoDraw = False
213.0156 	EXP 	target_square_2: pos = array([0.2, 0. ])
213.0156 	EXP 	grid_lines_2: autoDraw = True
213.0156 	EXP 	target_square_2: autoDraw = True
213.5992 	DATA 	Mouse: Left button down, pos=(1072,528)
213.9325 	DATA 	Mouse:  Left button up, pos=(1072,528)
213.9989 	EXP 	fixation_3: autoDraw = True
214.0156 	EXP 	target_square_2: autoDraw = False
214.9989 	EXP 	fixation_3: autoDraw = False
215.0031 	EXP 	New trial (rep=0, index=74): {'square': 8, 'location': [0, -0.2], 'corrAns': None}
215.0035 	EXP 	window1: mouseVisible = False
215.0156 	EXP 	grid_lines_2: autoDraw = False
215.0156 	EXP 	target_square_2: autoDraw = False
215.0156 	EXP 	fixation_3: autoDraw = False
215.0156 	EXP 	target_square_2: pos = array([ 0. , -0.2])
215.0156 	EXP 	grid_lines_2: autoDraw = True
215.0156 	EXP 	target_square_2: autoDraw = True
215.9989 	EXP 	fixation_3: autoDraw = True
216.0156 	EXP 	target_square_2: autoDraw = False
216.9989 	EXP 	fixation_3: autoDraw = False
217.0028 	EXP 	New trial (rep=0, index=75): {'square': 9, 'location': [0.2, -0.2], 'corrAns': None}
217.0032 	EXP 	window1: mouseVisible = False
217.0156 	EXP 	grid_lines_2: autoDraw = False
217.0156 	EXP 	target_square_2: autoDraw = False
217.0156 	EXP 	fixation_3: autoDraw = False
217.0156 	EXP 	target_square_2: pos = array([ 0.2, -0.2])
217.0156 	EXP 	grid_lines_2: autoDraw = True
217.0156 	EXP 	target_square_2: autoDraw = True
217.9989 	EXP 	fixation_3: autoDraw = True
218.0156 	EXP 	target_square_2: autoDraw = False
218.9989 	EXP 	fixation_3: autoDraw = False
219.0028 	EXP 	New trial (rep=0, index=76): {'square': 9, 'location': [0.2, -0.2], 'corrAns': None}
219.0033 	EXP 	window1: mouseVisible = False
219.0156 	EXP 	grid_lines_2: autoDraw = False
219.0156 	EXP 	target_square_2: autoDraw = False
219.0156 	EXP 	fixation_3: autoDraw = False
219.0156 	EXP 	target_square_2: pos = array([ 0.2, -0.2])
219.0156 	EXP 	grid_lines_2: autoDraw = True
219.0156 	EXP 	target_square_2: autoDraw = True
219.9990 	EXP 	fixation_3: autoDraw = True
220.0156 	EXP 	target_square_2: autoDraw = False
220.9990 	EXP 	fixation_3: autoDraw = False
221.0028 	EXP 	New trial (rep=0, index=77): {'square': 1, 'location': [-0.2, 0.2], 'corrAns': None}
221.0033 	EXP 	window1: mouseVisible = False
221.0156 	EXP 	grid_lines_2: autoDraw = False
221.0156 	EXP 	target_square_2: autoDraw = False
221.0156 	EXP 	fixation_3: autoDraw = False
221.0156 	EXP 	target_square_2: pos = array([-0.2,  0.2])
221.0156 	EXP 	grid_lines_2: autoDraw = True
221.0156 	EXP 	target_square_2: autoDraw = True
221.9990 	EXP 	fixation_3: autoDraw = True
222.0156 	EXP 	target_square_2: autoDraw = False
222.9990 	EXP 	fixation_3: autoDraw = False
223.0028 	EXP 	New trial (rep=0, index=78): {'square': 3, 'location': [0.2, 0.2], 'corrAns': None}
223.0033 	EXP 	window1: mouseVisible = False
223.0156 	EXP 	grid_lines_2: autoDraw = False
223.0156 	EXP 	target_square_2: autoDraw = False
223.0156 	EXP 	fixation_3: autoDraw = False
223.0156 	EXP 	target_square_2: pos = array([0.2, 0.2])
223.0156 	EXP 	grid_lines_2: autoDraw = True
223.0156 	EXP 	target_square_2: autoDraw = True
223.9990 	EXP 	fixation_3: autoDraw = True
224.0157 	EXP 	target_square_2: autoDraw = False
224.9990 	EXP 	fixation_3: autoDraw = False
225.0030 	EXP 	New trial (rep=0, index=79): {'square': 5, 'location': [0, 0], 'corrAns': None}
225.0034 	EXP 	window1: mouseVisible = False
225.0157 	EXP 	grid_lines_2: autoDraw = False
225.0157 	EXP 	target_square_2: autoDraw = False
225.0157 	EXP 	fixation_3: autoDraw = False
225.0157 	EXP 	target_square_2: pos = array([0., 0.])
225.0157 	EXP 	grid_lines_2: autoDraw = True
225.0157 	EXP 	target_square_2: autoDraw = True
225.9990 	EXP 	fixation_3: autoDraw = True
226.0157 	EXP 	target_square_2: autoDraw = False
226.9990 	EXP 	fixation_3: autoDraw = False
227.0029 	EXP 	New trial (rep=0, index=80): {'square': 3, 'location': [0.2, 0.2], 'corrAns': 1}
227.0033 	EXP 	window1: mouseVisible = False
227.0157 	EXP 	grid_lines_2: autoDraw = False
227.0157 	EXP 	target_square_2: autoDraw = False
227.0157 	EXP 	fixation_3: autoDraw = False
227.0157 	EXP 	target_square_2: pos = array([0.2, 0.2])
227.0157 	EXP 	grid_lines_2: autoDraw = True
227.0157 	EXP 	target_square_2: autoDraw = True
227.7660 	DATA 	Mouse: Left button down, pos=(1072,528)
227.9990 	EXP 	fixation_3: autoDraw = True
228.0157 	EXP 	target_square_2: autoDraw = False
228.0993 	DATA 	Mouse:  Left button up, pos=(1072,528)
228.9990 	EXP 	fixation_3: autoDraw = False
229.0030 	EXP 	New trial (rep=0, index=81): {'square': 4, 'location': [-0.2, 0], 'corrAns': None}
229.0034 	EXP 	window1: mouseVisible = False
229.0157 	EXP 	grid_lines_2: autoDraw = False
229.0157 	EXP 	target_square_2: autoDraw = False
229.0157 	EXP 	fixation_3: autoDraw = False
229.0157 	EXP 	target_square_2: pos = array([-0.2,  0. ])
229.0157 	EXP 	grid_lines_2: autoDraw = True
229.0157 	EXP 	target_square_2: autoDraw = True
229.9990 	EXP 	fixation_3: autoDraw = True
230.0157 	EXP 	target_square_2: autoDraw = False
230.9991 	EXP 	fixation_3: autoDraw = False
231.0032 	EXP 	New trial (rep=0, index=82): {'square': 7, 'location': [-0.2, -0.2], 'corrAns': None}
231.0037 	EXP 	window1: mouseVisible = False
231.0157 	EXP 	grid_lines_2: autoDraw = False
231.0157 	EXP 	target_square_2: autoDraw = False
231.0157 	EXP 	fixation_3: autoDraw = False
231.0157 	EXP 	target_square_2: pos = array([-0.2, -0.2])
231.0157 	EXP 	grid_lines_2: autoDraw = True
231.0157 	EXP 	target_square_2: autoDraw = True
231.9991 	EXP 	fixation_3: autoDraw = True
232.0157 	EXP 	target_square_2: autoDraw = False
232.9991 	EXP 	fixation_3: autoDraw = False
233.0029 	EXP 	New trial (rep=0, index=83): {'square': 4, 'location': [-0.2, 0], 'corrAns': 1}
233.0034 	EXP 	window1: mouseVisible = False
233.0157 	EXP 	grid_lines_2: autoDraw = False
233.0157 	EXP 	target_square_2: autoDraw = False
233.0157 	EXP 	fixation_3: autoDraw = False
233.0157 	EXP 	target_square_2: pos = array([-0.2,  0. ])
233.0157 	EXP 	grid_lines_2: autoDraw = True
233.0157 	EXP 	target_square_2: autoDraw = True
233.8661 	DATA 	Mouse: Left button down, pos=(1072,528)
233.9991 	EXP 	fixation_3: autoDraw = True
234.0157 	EXP 	target_square_2: autoDraw = False
234.1827 	DATA 	Mouse:  Left button up, pos=(1072,528)
234.9991 	EXP 	fixation_3: autoDraw = False
235.0031 	EXP 	New trial (rep=0, index=84): {'square': 4, 'location': [-0.2, 0], 'corrAns': None}
235.0036 	EXP 	window1: mouseVisible = False
235.0157 	EXP 	grid_lines_2: autoDraw = False
235.0157 	EXP 	target_square_2: autoDraw = False
235.0157 	EXP 	fixation_3: autoDraw = False
235.0157 	EXP 	target_square_2: pos = array([-0.2,  0. ])
235.0157 	EXP 	grid_lines_2: autoDraw = True
235.0157 	EXP 	target_square_2: autoDraw = True
235.9990 	EXP 	fixation_3: autoDraw = True
236.0157 	EXP 	target_square_2: autoDraw = False
236.9991 	EXP 	fixation_3: autoDraw = False
237.0030 	EXP 	New trial (rep=0, index=85): {'square': 5, 'location': [0, 0], 'corrAns': None}
237.0034 	EXP 	window1: mouseVisible = False
237.0158 	EXP 	grid_lines_2: autoDraw = False
237.0158 	EXP 	target_square_2: autoDraw = False
237.0158 	EXP 	fixation_3: autoDraw = False
237.0158 	EXP 	target_square_2: pos = array([0., 0.])
237.0158 	EXP 	grid_lines_2: autoDraw = True
237.0158 	EXP 	target_square_2: autoDraw = True
237.9991 	EXP 	fixation_3: autoDraw = True
238.0158 	EXP 	target_square_2: autoDraw = False
238.9991 	EXP 	fixation_3: autoDraw = False
239.0031 	EXP 	New trial (rep=0, index=86): {'square': 2, 'location': [0, 0.2], 'corrAns': None}
239.0036 	EXP 	window1: mouseVisible = False
239.0158 	EXP 	grid_lines_2: autoDraw = False
239.0158 	EXP 	target_square_2: autoDraw = False
239.0158 	EXP 	fixation_3: autoDraw = False
239.0158 	EXP 	target_square_2: pos = array([0. , 0.2])
239.0158 	EXP 	grid_lines_2: autoDraw = True
239.0158 	EXP 	target_square_2: autoDraw = True
239.9991 	EXP 	fixation_3: autoDraw = True
240.0158 	EXP 	target_square_2: autoDraw = False
240.9991 	EXP 	fixation_3: autoDraw = False
241.0030 	EXP 	New trial (rep=0, index=87): {'square': 6, 'location': [0.2, 0], 'corrAns': None}
241.0034 	EXP 	window1: mouseVisible = False
241.0158 	EXP 	grid_lines_2: autoDraw = False
241.0158 	EXP 	target_square_2: autoDraw = False
241.0158 	EXP 	fixation_3: autoDraw = False
241.0158 	EXP 	target_square_2: pos = array([0.2, 0. ])
241.0158 	EXP 	grid_lines_2: autoDraw = True
241.0158 	EXP 	target_square_2: autoDraw = True
241.9992 	EXP 	fixation_3: autoDraw = True
242.0158 	EXP 	target_square_2: autoDraw = False
242.9992 	EXP 	fixation_3: autoDraw = False
243.0030 	EXP 	New trial (rep=0, index=88): {'square': 7, 'location': [-0.2, -0.2], 'corrAns': None}
243.0035 	EXP 	window1: mouseVisible = False
243.0158 	EXP 	grid_lines_2: autoDraw = False
243.0158 	EXP 	target_square_2: autoDraw = False
243.0158 	EXP 	fixation_3: autoDraw = False
243.0158 	EXP 	target_square_2: pos = array([-0.2, -0.2])
243.0158 	EXP 	grid_lines_2: autoDraw = True
243.0158 	EXP 	target_square_2: autoDraw = True
243.9992 	EXP 	fixation_3: autoDraw = True
244.0158 	EXP 	target_square_2: autoDraw = False
244.9992 	EXP 	fixation_3: autoDraw = False
245.0034 	EXP 	New trial (rep=0, index=89): {'square': 6, 'location': [0.2, 0], 'corrAns': 1}
245.0038 	EXP 	window1: mouseVisible = False
245.0158 	EXP 	grid_lines_2: autoDraw = False
245.0158 	EXP 	target_square_2: autoDraw = False
245.0158 	EXP 	fixation_3: autoDraw = False
245.0158 	EXP 	target_square_2: pos = array([0.2, 0. ])
245.0158 	EXP 	grid_lines_2: autoDraw = True
245.0158 	EXP 	target_square_2: autoDraw = True
245.9992 	EXP 	fixation_3: autoDraw = True
246.0158 	EXP 	target_square_2: autoDraw = False
246.0829 	DATA 	Mouse: Left button down, pos=(1072,528)
246.3661 	DATA 	Mouse:  Left button up, pos=(1072,528)
246.9992 	EXP 	fixation_3: autoDraw = False
247.0032 	EXP 	New trial (rep=0, index=90): {'square': 6, 'location': [0.2, 0], 'corrAns': None}
247.0037 	EXP 	window1: mouseVisible = False
247.0158 	EXP 	grid_lines_2: autoDraw = False
247.0158 	EXP 	target_square_2: autoDraw = False
247.0158 	EXP 	fixation_3: autoDraw = False
247.0158 	EXP 	target_square_2: pos = array([0.2, 0. ])
247.0158 	EXP 	grid_lines_2: autoDraw = True
247.0158 	EXP 	target_square_2: autoDraw = True
247.9992 	EXP 	fixation_3: autoDraw = True
248.0158 	EXP 	target_square_2: autoDraw = False
248.9992 	EXP 	fixation_3: autoDraw = False
249.0032 	EXP 	New trial (rep=0, index=91): {'square': 7, 'location': [-0.2, -0.2], 'corrAns': None}
249.0037 	EXP 	window1: mouseVisible = False
249.0159 	EXP 	grid_lines_2: autoDraw = False
249.0159 	EXP 	target_square_2: autoDraw = False
249.0159 	EXP 	fixation_3: autoDraw = False
249.0159 	EXP 	target_square_2: pos = array([-0.2, -0.2])
249.0159 	EXP 	grid_lines_2: autoDraw = True
249.0159 	EXP 	target_square_2: autoDraw = True
249.9992 	EXP 	fixation_3: autoDraw = True
250.0159 	EXP 	target_square_2: autoDraw = False
250.8829 	DATA 	Mouse: Left button down, pos=(1072,528)
250.9992 	EXP 	fixation_3: autoDraw = False
251.0033 	EXP 	New trial (rep=0, index=92): {'square': 6, 'location': [0.2, 0], 'corrAns': 1}
251.0038 	EXP 	window1: mouseVisible = False
251.0159 	EXP 	grid_lines_2: autoDraw = False
251.0159 	EXP 	target_square_2: autoDraw = False
251.0159 	EXP 	fixation_3: autoDraw = False
251.0159 	EXP 	target_square_2: pos = array([0.2, 0. ])
251.0159 	EXP 	grid_lines_2: autoDraw = True
251.0159 	EXP 	target_square_2: autoDraw = True
251.1496 	DATA 	Mouse:  Left button up, pos=(1072,528)
251.9992 	EXP 	fixation_3: autoDraw = True
252.0159 	EXP 	target_square_2: autoDraw = False
252.1996 	DATA 	Mouse: Left button down, pos=(1072,528)
252.5162 	DATA 	Mouse:  Left button up, pos=(1072,528)
252.9992 	EXP 	fixation_3: autoDraw = False
253.0031 	EXP 	New trial (rep=0, index=93): {'square': 2, 'location': [0, 0.2], 'corrAns': None}
253.0036 	EXP 	window1: mouseVisible = False
253.0159 	EXP 	grid_lines_2: autoDraw = False
253.0159 	EXP 	target_square_2: autoDraw = False
253.0159 	EXP 	fixation_3: autoDraw = False
253.0159 	EXP 	target_square_2: pos = array([0. , 0.2])
253.0159 	EXP 	grid_lines_2: autoDraw = True
253.0159 	EXP 	target_square_2: autoDraw = True
253.9992 	EXP 	fixation_3: autoDraw = True
254.0159 	EXP 	target_square_2: autoDraw = False
254.9992 	EXP 	fixation_3: autoDraw = False
255.0033 	EXP 	New trial (rep=0, index=94): {'square': 5, 'location': [0, 0], 'corrAns': None}
255.0037 	EXP 	window1: mouseVisible = False
255.0159 	EXP 	grid_lines_2: autoDraw = False
255.0159 	EXP 	target_square_2: autoDraw = False
255.0159 	EXP 	fixation_3: autoDraw = False
255.0159 	EXP 	target_square_2: pos = array([0., 0.])
255.0159 	EXP 	grid_lines_2: autoDraw = True
255.0159 	EXP 	target_square_2: autoDraw = True
255.9992 	EXP 	fixation_3: autoDraw = True
256.0159 	EXP 	target_square_2: autoDraw = False
256.9993 	EXP 	fixation_3: autoDraw = False
257.0031 	EXP 	New trial (rep=0, index=95): {'square': 4, 'location': [-0.2, 0], 'corrAns': None}
257.0036 	EXP 	window1: mouseVisible = False
257.0159 	EXP 	grid_lines_2: autoDraw = False
257.0159 	EXP 	target_square_2: autoDraw = False
257.0159 	EXP 	fixation_3: autoDraw = False
257.0159 	EXP 	target_square_2: pos = array([-0.2,  0. ])
257.0159 	EXP 	grid_lines_2: autoDraw = True
257.0159 	EXP 	target_square_2: autoDraw = True
257.9993 	EXP 	fixation_3: autoDraw = True
258.0159 	EXP 	target_square_2: autoDraw = False
258.9993 	EXP 	fixation_3: autoDraw = False
259.0031 	EXP 	New trial (rep=0, index=96): {'square': 4, 'location': [-0.2, 0], 'corrAns': None}
259.0036 	EXP 	window1: mouseVisible = False
259.0159 	EXP 	grid_lines_2: autoDraw = False
259.0159 	EXP 	target_square_2: autoDraw = False
259.0159 	EXP 	fixation_3: autoDraw = False
259.0159 	EXP 	target_square_2: pos = array([-0.2,  0. ])
259.0159 	EXP 	grid_lines_2: autoDraw = True
259.0159 	EXP 	target_square_2: autoDraw = True
259.9993 	EXP 	fixation_3: autoDraw = True
260.0159 	EXP 	target_square_2: autoDraw = False
260.9993 	EXP 	fixation_3: autoDraw = False
261.0032 	EXP 	New trial (rep=0, index=97): {'square': 7, 'location': [-0.2, -0.2], 'corrAns': None}
261.0037 	EXP 	window1: mouseVisible = False
261.0160 	EXP 	grid_lines_2: autoDraw = False
261.0160 	EXP 	target_square_2: autoDraw = False
261.0160 	EXP 	fixation_3: autoDraw = False
261.0160 	EXP 	target_square_2: pos = array([-0.2, -0.2])
261.0160 	EXP 	grid_lines_2: autoDraw = True
261.0160 	EXP 	target_square_2: autoDraw = True
261.9993 	EXP 	fixation_3: autoDraw = True
262.0160 	EXP 	target_square_2: autoDraw = False
262.9993 	EXP 	fixation_3: autoDraw = False
263.0033 	EXP 	New trial (rep=0, index=98): {'square': 4, 'location': [-0.2, 0], 'corrAns': 1}
263.0038 	EXP 	window1: mouseVisible = False
263.0160 	EXP 	grid_lines_2: autoDraw = False
263.0160 	EXP 	target_square_2: autoDraw = False
263.0160 	EXP 	fixation_3: autoDraw = False
263.0160 	EXP 	target_square_2: pos = array([-0.2,  0. ])
263.0160 	EXP 	grid_lines_2: autoDraw = True
263.0160 	EXP 	target_square_2: autoDraw = True
263.9993 	EXP 	fixation_3: autoDraw = True
264.0160 	EXP 	target_square_2: autoDraw = False
264.3330 	DATA 	Mouse: Left button down, pos=(1072,528)
264.6829 	DATA 	Mouse:  Left button up, pos=(1072,528)
264.9994 	EXP 	fixation_3: autoDraw = False
265.0039 	EXP 	New trial (rep=0, index=99): {'square': 3, 'location': [0.2, 0.2], 'corrAns': None}
265.0043 	EXP 	window1: mouseVisible = False
265.0160 	EXP 	grid_lines_2: autoDraw = False
265.0160 	EXP 	target_square_2: autoDraw = False
265.0160 	EXP 	fixation_3: autoDraw = False
265.0160 	EXP 	target_square_2: pos = array([0.2, 0.2])
265.0160 	EXP 	grid_lines_2: autoDraw = True
265.0160 	EXP 	target_square_2: autoDraw = True
265.9993 	EXP 	fixation_3: autoDraw = True
266.0155 	EXP 	target_square_2: autoDraw = False
266.9994 	EXP 	fixation_3: autoDraw = False
267.0037 	EXP 	New trial (rep=0, index=100): {'square': 5, 'location': [0, 0], 'corrAns': None}
267.0040 	EXP 	window1: mouseVisible = False
267.0160 	EXP 	grid_lines_2: autoDraw = False
267.0160 	EXP 	target_square_2: autoDraw = False
267.0160 	EXP 	fixation_3: autoDraw = False
267.0160 	EXP 	target_square_2: pos = array([0., 0.])
267.0160 	EXP 	grid_lines_2: autoDraw = True
267.0160 	EXP 	target_square_2: autoDraw = True
267.9994 	EXP 	fixation_3: autoDraw = True
268.0160 	EXP 	target_square_2: autoDraw = False
268.9994 	EXP 	fixation_3: autoDraw = False
269.0033 	EXP 	New trial (rep=0, index=101): {'square': 3, 'location': [0.2, 0.2], 'corrAns': 1}
269.0037 	EXP 	window1: mouseVisible = False
269.0160 	EXP 	grid_lines_2: autoDraw = False
269.0160 	EXP 	target_square_2: autoDraw = False
269.0160 	EXP 	fixation_3: autoDraw = False
269.0160 	EXP 	target_square_2: pos = array([0.2, 0.2])
269.0160 	EXP 	grid_lines_2: autoDraw = True
269.0160 	EXP 	target_square_2: autoDraw = True
269.7164 	DATA 	Mouse: Left button down, pos=(1072,528)
269.9994 	EXP 	fixation_3: autoDraw = True
270.0160 	EXP 	target_square_2: autoDraw = False
270.0163 	DATA 	Mouse:  Left button up, pos=(1072,528)
270.9994 	EXP 	fixation_3: autoDraw = False
271.0033 	EXP 	New trial (rep=0, index=102): {'square': 1, 'location': [-0.2, 0.2], 'corrAns': None}
271.0038 	EXP 	window1: mouseVisible = False
271.0160 	EXP 	grid_lines_2: autoDraw = False
271.0160 	EXP 	target_square_2: autoDraw = False
271.0160 	EXP 	fixation_3: autoDraw = False
271.0160 	EXP 	target_square_2: pos = array([-0.2,  0.2])
271.0160 	EXP 	grid_lines_2: autoDraw = True
271.0160 	EXP 	target_square_2: autoDraw = True
271.9994 	EXP 	fixation_3: autoDraw = True
272.0161 	EXP 	target_square_2: autoDraw = False
272.9994 	EXP 	fixation_3: autoDraw = False
273.0034 	EXP 	New trial (rep=0, index=103): {'square': 9, 'location': [0.2, -0.2], 'corrAns': None}
273.0039 	EXP 	window1: mouseVisible = False
273.0161 	EXP 	grid_lines_2: autoDraw = False
273.0161 	EXP 	target_square_2: autoDraw = False
273.0161 	EXP 	fixation_3: autoDraw = False
273.0161 	EXP 	target_square_2: pos = array([ 0.2, -0.2])
273.0161 	EXP 	grid_lines_2: autoDraw = True
273.0161 	EXP 	target_square_2: autoDraw = True
273.9994 	EXP 	fixation_3: autoDraw = True
274.0161 	EXP 	target_square_2: autoDraw = False
274.9994 	EXP 	fixation_3: autoDraw = False
275.0037 	EXP 	New trial (rep=0, index=104): {'square': 9, 'location': [0.2, -0.2], 'corrAns': None}
275.0042 	EXP 	window1: mouseVisible = False
275.0161 	EXP 	grid_lines_2: autoDraw = False
275.0161 	EXP 	target_square_2: autoDraw = False
275.0161 	EXP 	fixation_3: autoDraw = False
275.0161 	EXP 	target_square_2: pos = array([ 0.2, -0.2])
275.0161 	EXP 	grid_lines_2: autoDraw = True
275.0161 	EXP 	target_square_2: autoDraw = True
275.9994 	EXP 	fixation_3: autoDraw = True
276.0161 	EXP 	target_square_2: autoDraw = False
276.9994 	EXP 	fixation_3: autoDraw = False
277.0033 	EXP 	New trial (rep=0, index=105): {'square': 8, 'location': [0, -0.2], 'corrAns': None}
277.0038 	EXP 	window1: mouseVisible = False
277.0161 	EXP 	grid_lines_2: autoDraw = False
277.0161 	EXP 	target_square_2: autoDraw = False
277.0161 	EXP 	fixation_3: autoDraw = False
277.0161 	EXP 	target_square_2: pos = array([ 0. , -0.2])
277.0161 	EXP 	grid_lines_2: autoDraw = True
277.0161 	EXP 	target_square_2: autoDraw = True
277.9994 	EXP 	fixation_3: autoDraw = True
278.0161 	EXP 	target_square_2: autoDraw = False
278.9995 	EXP 	fixation_3: autoDraw = False
279.0033 	EXP 	New trial (rep=0, index=106): {'square': 6, 'location': [0.2, 0], 'corrAns': None}
279.0038 	EXP 	window1: mouseVisible = False
279.0161 	EXP 	grid_lines_2: autoDraw = False
279.0161 	EXP 	target_square_2: autoDraw = False
279.0161 	EXP 	fixation_3: autoDraw = False
279.0161 	EXP 	target_square_2: pos = array([0.2, 0. ])
279.0161 	EXP 	grid_lines_2: autoDraw = True
279.0161 	EXP 	target_square_2: autoDraw = True
279.9995 	EXP 	fixation_3: autoDraw = True
280.0161 	EXP 	target_square_2: autoDraw = False
280.9995 	EXP 	fixation_3: autoDraw = False
281.0033 	EXP 	New trial (rep=0, index=107): {'square': 3, 'location': [0.2, 0.2], 'corrAns': None}
281.0038 	EXP 	window1: mouseVisible = False
281.0161 	EXP 	grid_lines_2: autoDraw = False
281.0161 	EXP 	target_square_2: autoDraw = False
281.0161 	EXP 	fixation_3: autoDraw = False
281.0161 	EXP 	target_square_2: pos = array([0.2, 0.2])
281.0161 	EXP 	grid_lines_2: autoDraw = True
281.0161 	EXP 	target_square_2: autoDraw = True
281.9994 	EXP 	fixation_3: autoDraw = True
282.0161 	EXP 	target_square_2: autoDraw = False
282.9995 	EXP 	fixation_3: autoDraw = False
283.0034 	EXP 	New trial (rep=0, index=108): {'square': 6, 'location': [0.2, 0], 'corrAns': 1}
283.0039 	EXP 	window1: mouseVisible = False
283.0161 	EXP 	grid_lines_2: autoDraw = False
283.0161 	EXP 	target_square_2: autoDraw = False
283.0161 	EXP 	fixation_3: autoDraw = False
283.0161 	EXP 	target_square_2: pos = array([0.2, 0. ])
283.0161 	EXP 	grid_lines_2: autoDraw = True
283.0161 	EXP 	target_square_2: autoDraw = True
283.6665 	DATA 	Mouse: Left button down, pos=(1072,528)
283.9664 	DATA 	Mouse:  Left button up, pos=(1072,528)
283.9995 	EXP 	fixation_3: autoDraw = True
284.0161 	EXP 	target_square_2: autoDraw = False
284.9995 	EXP 	fixation_3: autoDraw = False
285.0037 	EXP 	New trial (rep=0, index=109): {'square': 5, 'location': [0, 0], 'corrAns': None}
285.0041 	EXP 	window1: mouseVisible = False
285.0162 	EXP 	grid_lines_2: autoDraw = False
285.0162 	EXP 	target_square_2: autoDraw = False
285.0162 	EXP 	fixation_3: autoDraw = False
285.0162 	EXP 	target_square_2: pos = array([0., 0.])
285.0162 	EXP 	grid_lines_2: autoDraw = True
285.0162 	EXP 	target_square_2: autoDraw = True
285.9995 	EXP 	fixation_3: autoDraw = True
286.0162 	EXP 	target_square_2: autoDraw = False
286.9995 	EXP 	fixation_3: autoDraw = False
287.0034 	EXP 	New trial (rep=0, index=110): {'square': 7, 'location': [-0.2, -0.2], 'corrAns': None}
287.0039 	EXP 	window1: mouseVisible = False
287.0162 	EXP 	grid_lines_2: autoDraw = False
287.0162 	EXP 	target_square_2: autoDraw = False
287.0162 	EXP 	fixation_3: autoDraw = False
287.0162 	EXP 	target_square_2: pos = array([-0.2, -0.2])
287.0162 	EXP 	grid_lines_2: autoDraw = True
287.0162 	EXP 	target_square_2: autoDraw = True
287.9995 	EXP 	fixation_3: autoDraw = True
288.0162 	EXP 	target_square_2: autoDraw = False
288.9995 	EXP 	fixation_3: autoDraw = False
289.0034 	EXP 	New trial (rep=0, index=111): {'square': 5, 'location': [0, 0], 'corrAns': 1}
289.0038 	EXP 	window1: mouseVisible = False
289.0162 	EXP 	grid_lines_2: autoDraw = False
289.0162 	EXP 	target_square_2: autoDraw = False
289.0162 	EXP 	fixation_3: autoDraw = False
289.0162 	EXP 	target_square_2: pos = array([0., 0.])
289.0162 	EXP 	grid_lines_2: autoDraw = True
289.0162 	EXP 	target_square_2: autoDraw = True
289.7332 	DATA 	Mouse: Left button down, pos=(1072,528)
289.9995 	EXP 	fixation_3: autoDraw = True
290.0162 	EXP 	target_square_2: autoDraw = False
290.0331 	DATA 	Mouse:  Left button up, pos=(1072,528)
290.9996 	EXP 	fixation_3: autoDraw = False
291.0035 	EXP 	New trial (rep=0, index=112): {'square': 1, 'location': [-0.2, 0.2], 'corrAns': None}
291.0039 	EXP 	window1: mouseVisible = False
291.0162 	EXP 	grid_lines_2: autoDraw = False
291.0162 	EXP 	target_square_2: autoDraw = False
291.0162 	EXP 	fixation_3: autoDraw = False
291.0162 	EXP 	target_square_2: pos = array([-0.2,  0.2])
291.0162 	EXP 	grid_lines_2: autoDraw = True
291.0162 	EXP 	target_square_2: autoDraw = True
291.9996 	EXP 	fixation_3: autoDraw = True
292.0162 	EXP 	target_square_2: autoDraw = False
292.9996 	EXP 	fixation_3: autoDraw = False
293.0035 	EXP 	New trial (rep=0, index=113): {'square': 7, 'location': [-0.2, -0.2], 'corrAns': None}
293.0040 	EXP 	window1: mouseVisible = False
293.0162 	EXP 	grid_lines_2: autoDraw = False
293.0162 	EXP 	target_square_2: autoDraw = False
293.0162 	EXP 	fixation_3: autoDraw = False
293.0162 	EXP 	target_square_2: pos = array([-0.2, -0.2])
293.0162 	EXP 	grid_lines_2: autoDraw = True
293.0162 	EXP 	target_square_2: autoDraw = True
293.9996 	EXP 	fixation_3: autoDraw = True
294.0162 	EXP 	target_square_2: autoDraw = False
294.9996 	EXP 	fixation_3: autoDraw = False
295.0036 	EXP 	New trial (rep=0, index=114): {'square': 9, 'location': [0.2, -0.2], 'corrAns': None}
295.0041 	EXP 	window1: mouseVisible = False
295.0163 	EXP 	grid_lines_2: autoDraw = False
295.0163 	EXP 	target_square_2: autoDraw = False
295.0163 	EXP 	fixation_3: autoDraw = False
295.0163 	EXP 	target_square_2: pos = array([ 0.2, -0.2])
295.0163 	EXP 	grid_lines_2: autoDraw = True
295.0163 	EXP 	target_square_2: autoDraw = True
295.9996 	EXP 	fixation_3: autoDraw = True
296.0162 	EXP 	target_square_2: autoDraw = False
296.9996 	EXP 	fixation_3: autoDraw = False
297.0035 	EXP 	New trial (rep=0, index=115): {'square': 3, 'location': [0.2, 0.2], 'corrAns': None}
297.0039 	EXP 	window1: mouseVisible = False
297.0163 	EXP 	grid_lines_2: autoDraw = False
297.0163 	EXP 	target_square_2: autoDraw = False
297.0163 	EXP 	fixation_3: autoDraw = False
297.0163 	EXP 	target_square_2: pos = array([0.2, 0.2])
297.0163 	EXP 	grid_lines_2: autoDraw = True
297.0163 	EXP 	target_square_2: autoDraw = True
297.9997 	EXP 	fixation_3: autoDraw = True
298.0163 	EXP 	target_square_2: autoDraw = False
298.9996 	EXP 	fixation_3: autoDraw = False
299.0035 	EXP 	New trial (rep=0, index=116): {'square': 9, 'location': [0.2, -0.2], 'corrAns': 1}
299.0039 	EXP 	window1: mouseVisible = False
299.0163 	EXP 	grid_lines_2: autoDraw = False
299.0163 	EXP 	target_square_2: autoDraw = False
299.0163 	EXP 	fixation_3: autoDraw = False
299.0163 	EXP 	target_square_2: pos = array([ 0.2, -0.2])
299.0163 	EXP 	grid_lines_2: autoDraw = True
299.0163 	EXP 	target_square_2: autoDraw = True
299.6166 	DATA 	Mouse: Left button down, pos=(1072,528)
299.9499 	DATA 	Mouse:  Left button up, pos=(1072,528)
299.9996 	EXP 	fixation_3: autoDraw = True
300.0163 	EXP 	target_square_2: autoDraw = False
300.9996 	EXP 	fixation_3: autoDraw = False
301.0036 	EXP 	New trial (rep=0, index=117): {'square': 6, 'location': [0.2, 0], 'corrAns': None}
301.0041 	EXP 	window1: mouseVisible = False
301.0163 	EXP 	grid_lines_2: autoDraw = False
301.0163 	EXP 	target_square_2: autoDraw = False
301.0163 	EXP 	fixation_3: autoDraw = False
301.0163 	EXP 	target_square_2: pos = array([0.2, 0. ])
301.0163 	EXP 	grid_lines_2: autoDraw = True
301.0163 	EXP 	target_square_2: autoDraw = True
301.9997 	EXP 	fixation_3: autoDraw = True
302.0163 	EXP 	target_square_2: autoDraw = False
302.9997 	EXP 	fixation_3: autoDraw = False
303.0038 	EXP 	New trial (rep=0, index=118): {'square': 2, 'location': [0, 0.2], 'corrAns': None}
303.0043 	EXP 	window1: mouseVisible = False
303.0163 	EXP 	grid_lines_2: autoDraw = False
303.0163 	EXP 	target_square_2: autoDraw = False
303.0163 	EXP 	fixation_3: autoDraw = False
303.0163 	EXP 	target_square_2: pos = array([0. , 0.2])
303.0163 	EXP 	grid_lines_2: autoDraw = True
303.0163 	EXP 	target_square_2: autoDraw = True
303.9997 	EXP 	fixation_3: autoDraw = True
304.0163 	EXP 	target_square_2: autoDraw = False
304.9997 	EXP 	fixation_3: autoDraw = False
305.0037 	EXP 	New trial (rep=0, index=119): {'square': 5, 'location': [0, 0], 'corrAns': None}
305.0041 	EXP 	window1: mouseVisible = False
305.0163 	EXP 	grid_lines_2: autoDraw = False
305.0163 	EXP 	target_square_2: autoDraw = False
305.0163 	EXP 	fixation_3: autoDraw = False
305.0163 	EXP 	target_square_2: pos = array([0., 0.])
305.0163 	EXP 	grid_lines_2: autoDraw = True
305.0163 	EXP 	target_square_2: autoDraw = True
305.9997 	EXP 	fixation_3: autoDraw = True
306.0164 	EXP 	target_square_2: autoDraw = False
306.9997 	EXP 	fixation_3: autoDraw = False
307.0187 	EXP 	Created unnamed TextStim = TextStim(__class__=<class 'psychopy.visual.text.TextStim'>, alignHoriz=method-wrapper(...), alignText='center', alignVert=method-wrapper(...), anchorHoriz='center', anchorVert='center', antialias=True, autoLog=True, bold=False, color=array([1., 1., 1.]), colorSpace='rgb', contrast=1.0, depth=0, flipHoriz=False, flipVert=False, font='', fontFiles=[], height=0.05, italic=False, languageStyle='LTR', name='unnamed TextStim', opacity=1.0, ori=0.0, pos=array([0., 0.]), rgb=UNKNOWN, text=str(...), units='height', win=Window(...), wrapWidth=1)
307.0330 	EXP 	grid_lines_2: autoDraw = False
307.0330 	EXP 	target_square_2: autoDraw = False
307.0330 	EXP 	fixation_3: autoDraw = False
365.9911 	DATA 	Keypress: e
365.9917 	EXP 	New trial (rep=0, index=1): OrderedDict([('RestT1', 1), ('TaskT1', 0)])
365.9921 	EXP 	Created sequence: random, trialTypes=1, nReps=1, seed=None
365.9924 	EXP 	New trial (rep=0, index=0): None
366.0044 	EXP 	Created unnamed TextStim = TextStim(__class__=<class 'psychopy.visual.text.TextStim'>, alignHoriz=method-wrapper(...), alignText='center', alignVert=method-wrapper(...), anchorHoriz='center', anchorVert='center', antialias=True, autoLog=True, bold=False, color=array([-0.5, -0.5, -0.5]), colorSpace='rgb', contrast=1.0, depth=0, flipHoriz=False, flipVert=False, font='', fontFiles=[], height=0.05, italic=False, languageStyle='LTR', name='unnamed TextStim', opacity=1.0, ori=0.0, pos=array([0., 0.]), rgb=UNKNOWN, text=str(...), units='height', win=Window(...), wrapWidth=1)
371.4230 	DATA 	Keypress: s
371.4334 	EXP 	fixation_2: autoDraw = True
639.4451 	EXP 	Created unnamed TextStim = TextStim(__class__=<class 'psychopy.visual.text.TextStim'>, alignHoriz=method-wrapper(...), alignText='center', alignVert=method-wrapper(...), anchorHoriz='center', anchorVert='center', antialias=True, autoLog=True, bold=False, color=array([1., 1., 1.]), colorSpace='rgb', contrast=1.0, depth=0, flipHoriz=False, flipVert=False, font='', fontFiles=[], height=0.05, italic=False, languageStyle='LTR', name='unnamed TextStim', opacity=1.0, ori=0.0, pos=array([0., 0.]), rgb=UNKNOWN, text=str(...), units='height', win=Window(...), wrapWidth=1)
639.4525 	EXP 	fixation_2: autoDraw = False
639.4525 	EXP 	fixation_2: autoDraw = False
660.1914 	DATA 	Keypress: e
660.1920 	EXP 	Created sequence: random, trialTypes=1, nReps=0, seed=None
660.2945 	EXP 	Created unnamed TextStim = TextStim(__class__=<class 'psychopy.visual.text.TextStim'>, alignHoriz=method-wrapper(...), alignText='center', alignVert=method-wrapper(...), anchorHoriz='center', anchorVert='center', antialias=True, autoLog=True, bold=False, color=array([1., 1., 1.]), colorSpace='rgb', contrast=1.0, depth=0, flipHoriz=False, flipVert=False, font='', fontFiles=[], height=0.05, italic=False, languageStyle='LTR', name='unnamed TextStim', opacity=1.0, ori=0.0, pos=array([0., 0.]), rgb=UNKNOWN, text=str(...), units='height', win=Window(...), wrapWidth=1)
660.3612 	EXP 	window1: mouseVisible = True
