0.5857 	WARNING 	We strongly recommend you activate the PTB sound engine in PsychoPy prefs as the preferred audio engine. Its timing is vastly superior. Your prefs are currently set to use ['sounddevice', 'PTB', 'pyo', 'pygame'] (in that order).
25.7723 	EXP 	Created fixation_2 = TextStim(__class__=<class 'psychopy.visual.text.TextStim'>, alignHoriz=method-wrapper(...), alignText='center', alignVert=method-wrapper(...), anchorHoriz='center', anchorVert='center', antialias=True, autoLog=True, bold=False, color=array([1, 1, 1]), colorSpace='rgb', contrast=1.0, depth=-2.0, flipHoriz=False, flipVert=False, font='Arial', fontFiles=[], height=0.05, italic=False, languageStyle='LTR', name='fixation_2', opacity=1, ori=0, pos=array([0., 0.]), rgb=UNKNOWN, text='+', units='height', win=Window(...), wrapWidth=1)
25.8457 	EXP 	Created Nbackinstructions = TextStim(__class__=<class 'psychopy.visual.text.TextStim'>, alignHoriz=method-wrapper(...), alignText='center', alignVert=method-wrapper(...), anchorHoriz='center', anchorVert='center', antialias=True, autoLog=True, bold=False, color=array([1, 1, 1]), colorSpace='rgb', contrast=1.0, depth=0, flipHoriz=False, flipVert=False, font='Arial', fontFiles=[], height=0.05, italic=False, languageStyle='LTR', name='Nbackinstructions', opacity=1, ori=0.0, pos=array([0., 0.]), rgb=UNKNOWN, text=str(...), units='height', win=Window(...), wrapWidth=1)
25.8494 	EXP 	Created fixation_2 = TextStim(__class__=<class 'psychopy.visual.text.TextStim'>, alignHoriz=method-wrapper(...), alignText='center', alignVert=method-wrapper(...), anchorHoriz='center', anchorVert='center', antialias=True, autoLog=True, bold=False, color=array([1, 1, 1]), colorSpace='rgb', contrast=1.0, depth=-2.0, flipHoriz=False, flipVert=False, font='Arial', fontFiles=[], height=0.05, italic=False, languageStyle='LTR', name='fixation_2', opacity=1, ori=0, pos=array([0., 0.]), rgb=UNKNOWN, text='+', units='height', win=Window(...), wrapWidth=1)
26.2655 	EXP 	Created grid_lines_2 = ImageStim(__class__=<class 'psychopy.visual.image.ImageStim'>, autoLog=True, color=array([1, 1, 1]), colorSpace='rgb', contrast=1.0, depth=0.0, flipHoriz=False, flipVert=False, image='grid.png', interpolate=True, mask=None, maskParams=None, name='grid_lines_2', opacity=1, ori=0.0, pos=array([0., 0.]), size=array([0.6, 0.6]), texRes=128, units='height', win=Window(...))
26.2692 	EXP 	Created target_square_2 = Rect(__class__=<class 'psychopy.visual.rect.Rect'>, autoDraw=False, autoLog=True, closeShape=True, color=method-wrapper(...), colorSpace='rgb', contrast=None, depth=-1.0, fillColor=array([1., 1., 1.]), fillColorSpace='rgb', fillRGB=UNKNOWN, interpolate=True, lineColor=array([0, 0, 0]), lineColorSpace='rgb', lineRGB=UNKNOWN, lineWidth=1, name='target_square_2', opacity=0.5, ori=0.0, pos=array([0., 0.]), size=array([0.15, 0.15]), units='height', vertices=ndarray(...), win=Window(...))
26.2729 	EXP 	Created fixation_3 = TextStim(__class__=<class 'psychopy.visual.text.TextStim'>, alignHoriz=method-wrapper(...), alignText='center', alignVert=method-wrapper(...), anchorHoriz='center', anchorVert='center', antialias=True, autoLog=True, bold=False, color=array([1, 1, 1]), colorSpace='rgb', contrast=1.0, depth=-2.0, flipHoriz=False, flipVert=False, font='Arial', fontFiles=[], height=0.05, italic=False, languageStyle='LTR', name='fixation_3', opacity=1, ori=0, pos=array([0., 0.]), rgb=UNKNOWN, text='+', units='height', win=Window(...), wrapWidth=1)
26.2737 	EXP 	window1: mouseVisible = True
26.2779 	EXP 	window1: mouseVisible = False
26.2784 	EXP 	Created sequence: sequential, trialTypes=2, nReps=1, seed=None
26.2790 	EXP 	New trial (rep=0, index=0): OrderedDict([('RestT1', 1), ('TaskT1', 0)])
26.2795 	EXP 	Created sequence: random, trialTypes=1, nReps=1, seed=None
26.2798 	EXP 	New trial (rep=0, index=0): None
26.3068 	EXP 	Created unnamed TextStim = TextStim(__class__=<class 'psychopy.visual.text.TextStim'>, alignHoriz=method-wrapper(...), alignText='center', alignVert=method-wrapper(...), anchorHoriz='center', anchorVert='center', antialias=True, autoLog=True, bold=False, color=array([-0.5, -0.5, -0.5]), colorSpace='rgb', contrast=1.0, depth=0, flipHoriz=False, flipVert=False, font='', fontFiles=[], height=0.05, italic=False, languageStyle='LTR', name='unnamed TextStim', opacity=1.0, ori=0.0, pos=array([0., 0.]), rgb=UNKNOWN, text=str(...), units='height', win=Window(...), wrapWidth=1)
70.8523 	DATA 	Keypress: s
70.8920 	EXP 	fixation_2: autoDraw = True
70.9130 	DATA 	Keypress: capslock
71.0132 	DATA 	Keypress: capslock
338.8790 	EXP 	Created unnamed TextStim = TextStim(__class__=<class 'psychopy.visual.text.TextStim'>, alignHoriz=method-wrapper(...), alignText='center', alignVert=method-wrapper(...), anchorHoriz='center', anchorVert='center', antialias=True, autoLog=True, bold=False, color=array([1., 1., 1.]), colorSpace='rgb', contrast=1.0, depth=0, flipHoriz=False, flipVert=False, font='', fontFiles=[], height=0.05, italic=False, languageStyle='LTR', name='unnamed TextStim', opacity=1.0, ori=0.0, pos=array([0., 0.]), rgb=UNKNOWN, text=str(...), units='height', win=Window(...), wrapWidth=1)
338.8942 	EXP 	fixation_2: autoDraw = False
345.3613 	DATA 	Keypress: e
345.3619 	EXP 	Created sequence: random, trialTypes=1, nReps=0, seed=None
345.3623 	EXP 	New trial (rep=0, index=1): OrderedDict([('RestT1', 0), ('TaskT1', 1)])
345.3626 	EXP 	Created sequence: random, trialTypes=1, nReps=0, seed=None
345.3630 	EXP 	Created sequence: random, trialTypes=1, nReps=1, seed=None
345.3632 	EXP 	New trial (rep=0, index=0): None
345.3776 	EXP 	Nbackinstructions: autoDraw = True
369.9496 	DATA 	Mouse: Left button down, pos=(880,588)
370.1666 	DATA 	Mouse:  Left button up, pos=(880,588)
370.4169 	DATA 	Mouse: Right button down, pos=(880,588)
370.6995 	DATA 	Mouse:  Right button up, pos=(880,588)
372.1166 	DATA 	Mouse: Left button down, pos=(880,588)
372.2995 	DATA 	Mouse:  Left button up, pos=(882,588)
372.4836 	DATA 	Mouse: Right button down, pos=(882,588)
372.6834 	DATA 	Mouse:  Right button up, pos=(882,588)
378.6680 	EXP 	Created unnamed TextStim = TextStim(__class__=<class 'psychopy.visual.text.TextStim'>, alignHoriz=method-wrapper(...), alignText='center', alignVert=method-wrapper(...), anchorHoriz='center', anchorVert='center', antialias=True, autoLog=True, bold=False, color=array([-0.5, -0.5, -0.5]), colorSpace='rgb', contrast=1.0, depth=0, flipHoriz=False, flipVert=False, font='', fontFiles=[], height=0.05, italic=False, languageStyle='LTR', name='unnamed TextStim', opacity=1.0, ori=0.0, pos=array([0., 0.]), rgb=UNKNOWN, text=str(...), units='height', win=Window(...), wrapWidth=1)
378.6695 	DATA 	Keypress: space
378.6779 	EXP 	Nbackinstructions: autoDraw = False
381.3533 	DATA 	Keypress: s
381.4101 	EXP 	Imported c:\Users\Dartmouth\Documents\GitHub\canlab\WASABI_public\fMRI Tasks\WASABI Task-T1\N-back-2.xlsx as conditions, 120 conditions, 3 params
381.4108 	EXP 	Created sequence: sequential, trialTypes=120, nReps=1, seed=None
381.4112 	EXP 	New trial (rep=0, index=0): {'square': 5, 'location': [0, 0], 'corrAns': None}
381.4116 	EXP 	window1: mouseVisible = False
381.4279 	EXP 	fixation_2: autoDraw = False
381.4279 	EXP 	target_square_2: pos = array([0., 0.])
381.4279 	EXP 	grid_lines_2: autoDraw = True
381.4279 	EXP 	target_square_2: autoDraw = True
381.6663 	EXP 	New trial (rep=0, index=1): {'square': 2, 'location': [0, 0.2], 'corrAns': None}
381.6667 	EXP 	window1: mouseVisible = False
381.6779 	EXP 	grid_lines_2: autoDraw = False
381.6779 	EXP 	target_square_2: autoDraw = False
381.6779 	EXP 	fixation_3: autoDraw = False
381.6779 	EXP 	target_square_2: pos = array([0. , 0.2])
381.6779 	EXP 	grid_lines_2: autoDraw = True
381.6779 	EXP 	target_square_2: autoDraw = True
382.6612 	EXP 	fixation_3: autoDraw = True
382.6779 	EXP 	target_square_2: autoDraw = False
383.6613 	EXP 	fixation_3: autoDraw = False
383.6651 	EXP 	New trial (rep=0, index=2): {'square': 6, 'location': [0.2, 0], 'corrAns': None}
383.6655 	EXP 	window1: mouseVisible = False
383.6779 	EXP 	grid_lines_2: autoDraw = False
383.6779 	EXP 	target_square_2: autoDraw = False
383.6779 	EXP 	fixation_3: autoDraw = False
383.6779 	EXP 	target_square_2: pos = array([0.2, 0. ])
383.6779 	EXP 	grid_lines_2: autoDraw = True
383.6779 	EXP 	target_square_2: autoDraw = True
384.6613 	EXP 	fixation_3: autoDraw = True
384.6779 	EXP 	target_square_2: autoDraw = False
385.6613 	EXP 	fixation_3: autoDraw = False
385.6652 	EXP 	New trial (rep=0, index=3): {'square': 9, 'location': [0.2, -0.2], 'corrAns': None}
385.6656 	EXP 	window1: mouseVisible = False
385.6780 	EXP 	grid_lines_2: autoDraw = False
385.6780 	EXP 	target_square_2: autoDraw = False
385.6780 	EXP 	fixation_3: autoDraw = False
385.6780 	EXP 	target_square_2: pos = array([ 0.2, -0.2])
385.6780 	EXP 	grid_lines_2: autoDraw = True
385.6780 	EXP 	target_square_2: autoDraw = True
386.6613 	EXP 	fixation_3: autoDraw = True
386.6780 	EXP 	target_square_2: autoDraw = False
387.6613 	EXP 	fixation_3: autoDraw = False
387.6651 	EXP 	New trial (rep=0, index=4): {'square': 3, 'location': [0.2, 0.2], 'corrAns': None}
387.6656 	EXP 	window1: mouseVisible = False
387.6780 	EXP 	grid_lines_2: autoDraw = False
387.6780 	EXP 	target_square_2: autoDraw = False
387.6780 	EXP 	fixation_3: autoDraw = False
387.6780 	EXP 	target_square_2: pos = array([0.2, 0.2])
387.6780 	EXP 	grid_lines_2: autoDraw = True
387.6780 	EXP 	target_square_2: autoDraw = True
388.6613 	EXP 	fixation_3: autoDraw = True
388.6780 	EXP 	target_square_2: autoDraw = False
389.6613 	EXP 	fixation_3: autoDraw = False
389.6651 	EXP 	New trial (rep=0, index=5): {'square': 9, 'location': [0.2, -0.2], 'corrAns': 1}
389.6656 	EXP 	window1: mouseVisible = False
389.6780 	EXP 	grid_lines_2: autoDraw = False
389.6780 	EXP 	target_square_2: autoDraw = False
389.6780 	EXP 	fixation_3: autoDraw = False
389.6780 	EXP 	target_square_2: pos = array([ 0.2, -0.2])
389.6780 	EXP 	grid_lines_2: autoDraw = True
389.6780 	EXP 	target_square_2: autoDraw = True
390.0950 	DATA 	Mouse: Left button down, pos=(882,588)
390.3284 	DATA 	Mouse:  Left button up, pos=(882,588)
390.6613 	EXP 	fixation_3: autoDraw = True
390.6780 	EXP 	target_square_2: autoDraw = False
391.6613 	EXP 	fixation_3: autoDraw = False
391.6658 	EXP 	New trial (rep=0, index=6): {'square': 7, 'location': [-0.2, -0.2], 'corrAns': None}
391.6662 	EXP 	window1: mouseVisible = False
391.6780 	EXP 	grid_lines_2: autoDraw = False
391.6780 	EXP 	target_square_2: autoDraw = False
391.6780 	EXP 	fixation_3: autoDraw = False
391.6780 	EXP 	target_square_2: pos = array([-0.2, -0.2])
391.6780 	EXP 	grid_lines_2: autoDraw = True
391.6780 	EXP 	target_square_2: autoDraw = True
392.6613 	EXP 	fixation_3: autoDraw = True
392.6780 	EXP 	target_square_2: autoDraw = False
393.6613 	EXP 	fixation_3: autoDraw = False
393.6652 	EXP 	New trial (rep=0, index=7): {'square': 1, 'location': [-0.2, 0.2], 'corrAns': None}
393.6656 	EXP 	window1: mouseVisible = False
393.6780 	EXP 	grid_lines_2: autoDraw = False
393.6780 	EXP 	target_square_2: autoDraw = False
393.6780 	EXP 	fixation_3: autoDraw = False
393.6780 	EXP 	target_square_2: pos = array([-0.2,  0.2])
393.6780 	EXP 	grid_lines_2: autoDraw = True
393.6780 	EXP 	target_square_2: autoDraw = True
394.6614 	EXP 	fixation_3: autoDraw = True
394.6780 	EXP 	target_square_2: autoDraw = False
395.6614 	EXP 	fixation_3: autoDraw = False
395.6652 	EXP 	New trial (rep=0, index=8): {'square': 5, 'location': [0, 0], 'corrAns': None}
395.6656 	EXP 	window1: mouseVisible = False
395.6780 	EXP 	grid_lines_2: autoDraw = False
395.6780 	EXP 	target_square_2: autoDraw = False
395.6780 	EXP 	fixation_3: autoDraw = False
395.6780 	EXP 	target_square_2: pos = array([0., 0.])
395.6780 	EXP 	grid_lines_2: autoDraw = True
395.6780 	EXP 	target_square_2: autoDraw = True
396.6614 	EXP 	fixation_3: autoDraw = True
396.6780 	EXP 	target_square_2: autoDraw = False
397.6614 	EXP 	fixation_3: autoDraw = False
397.6654 	EXP 	New trial (rep=0, index=9): {'square': 7, 'location': [-0.2, -0.2], 'corrAns': None}
397.6658 	EXP 	window1: mouseVisible = False
397.6780 	EXP 	grid_lines_2: autoDraw = False
397.6780 	EXP 	target_square_2: autoDraw = False
397.6780 	EXP 	fixation_3: autoDraw = False
397.6780 	EXP 	target_square_2: pos = array([-0.2, -0.2])
397.6780 	EXP 	grid_lines_2: autoDraw = True
397.6780 	EXP 	target_square_2: autoDraw = True
398.6614 	EXP 	fixation_3: autoDraw = True
398.6781 	EXP 	target_square_2: autoDraw = False
399.6614 	EXP 	fixation_3: autoDraw = False
399.6655 	EXP 	New trial (rep=0, index=10): {'square': 5, 'location': [0, 0], 'corrAns': 1}
399.6660 	EXP 	window1: mouseVisible = False
399.6781 	EXP 	grid_lines_2: autoDraw = False
399.6781 	EXP 	target_square_2: autoDraw = False
399.6781 	EXP 	fixation_3: autoDraw = False
399.6781 	EXP 	target_square_2: pos = array([0., 0.])
399.6781 	EXP 	grid_lines_2: autoDraw = True
399.6781 	EXP 	target_square_2: autoDraw = True
400.3450 	DATA 	Mouse: Left button down, pos=(882,588)
400.5950 	DATA 	Mouse:  Left button up, pos=(882,588)
400.6614 	EXP 	fixation_3: autoDraw = True
400.6781 	EXP 	target_square_2: autoDraw = False
401.6614 	EXP 	fixation_3: autoDraw = False
401.6653 	EXP 	New trial (rep=0, index=11): {'square': 6, 'location': [0.2, 0], 'corrAns': None}
401.6658 	EXP 	window1: mouseVisible = False
401.6781 	EXP 	grid_lines_2: autoDraw = False
401.6781 	EXP 	target_square_2: autoDraw = False
401.6781 	EXP 	fixation_3: autoDraw = False
401.6781 	EXP 	target_square_2: pos = array([0.2, 0. ])
401.6781 	EXP 	grid_lines_2: autoDraw = True
401.6781 	EXP 	target_square_2: autoDraw = True
402.6614 	EXP 	fixation_3: autoDraw = True
402.6781 	EXP 	target_square_2: autoDraw = False
403.6614 	EXP 	fixation_3: autoDraw = False
403.6654 	EXP 	New trial (rep=0, index=12): {'square': 3, 'location': [0.2, 0.2], 'corrAns': None}
403.6658 	EXP 	window1: mouseVisible = False
403.6781 	EXP 	grid_lines_2: autoDraw = False
403.6781 	EXP 	target_square_2: autoDraw = False
403.6781 	EXP 	fixation_3: autoDraw = False
403.6781 	EXP 	target_square_2: pos = array([0.2, 0.2])
403.6781 	EXP 	grid_lines_2: autoDraw = True
403.6781 	EXP 	target_square_2: autoDraw = True
404.6614 	EXP 	fixation_3: autoDraw = True
404.6781 	EXP 	target_square_2: autoDraw = False
405.6614 	EXP 	fixation_3: autoDraw = False
405.6655 	EXP 	New trial (rep=0, index=13): {'square': 6, 'location': [0.2, 0], 'corrAns': 1}
405.6660 	EXP 	window1: mouseVisible = False
405.6781 	EXP 	grid_lines_2: autoDraw = False
405.6781 	EXP 	target_square_2: autoDraw = False
405.6781 	EXP 	fixation_3: autoDraw = False
405.6781 	EXP 	target_square_2: pos = array([0.2, 0. ])
405.6781 	EXP 	grid_lines_2: autoDraw = True
405.6781 	EXP 	target_square_2: autoDraw = True
406.2118 	DATA 	Mouse: Left button down, pos=(882,588)
406.4784 	DATA 	Mouse:  Left button up, pos=(882,588)
406.6615 	EXP 	fixation_3: autoDraw = True
406.6781 	EXP 	target_square_2: autoDraw = False
407.6615 	EXP 	fixation_3: autoDraw = False
407.6654 	EXP 	New trial (rep=0, index=14): {'square': 8, 'location': [0, -0.2], 'corrAns': None}
407.6658 	EXP 	window1: mouseVisible = False
407.6781 	EXP 	grid_lines_2: autoDraw = False
407.6781 	EXP 	target_square_2: autoDraw = False
407.6781 	EXP 	fixation_3: autoDraw = False
407.6781 	EXP 	target_square_2: pos = array([ 0. , -0.2])
407.6781 	EXP 	grid_lines_2: autoDraw = True
407.6781 	EXP 	target_square_2: autoDraw = True
408.6615 	EXP 	fixation_3: autoDraw = True
408.6781 	EXP 	target_square_2: autoDraw = False
409.6615 	EXP 	fixation_3: autoDraw = False
409.6654 	EXP 	New trial (rep=0, index=15): {'square': 9, 'location': [0.2, -0.2], 'corrAns': None}
409.6658 	EXP 	window1: mouseVisible = False
409.6782 	EXP 	grid_lines_2: autoDraw = False
409.6782 	EXP 	target_square_2: autoDraw = False
409.6782 	EXP 	fixation_3: autoDraw = False
409.6782 	EXP 	target_square_2: pos = array([ 0.2, -0.2])
409.6782 	EXP 	grid_lines_2: autoDraw = True
409.6782 	EXP 	target_square_2: autoDraw = True
410.6615 	EXP 	fixation_3: autoDraw = True
410.6782 	EXP 	target_square_2: autoDraw = False
411.6614 	EXP 	fixation_3: autoDraw = False
411.6654 	EXP 	New trial (rep=0, index=16): {'square': 9, 'location': [0.2, -0.2], 'corrAns': None}
411.6659 	EXP 	window1: mouseVisible = False
411.6782 	EXP 	grid_lines_2: autoDraw = False
411.6782 	EXP 	target_square_2: autoDraw = False
411.6782 	EXP 	fixation_3: autoDraw = False
411.6782 	EXP 	target_square_2: pos = array([ 0.2, -0.2])
411.6782 	EXP 	grid_lines_2: autoDraw = True
411.6782 	EXP 	target_square_2: autoDraw = True
412.6615 	EXP 	fixation_3: autoDraw = True
412.6782 	EXP 	target_square_2: autoDraw = False
413.6615 	EXP 	fixation_3: autoDraw = False
413.6655 	EXP 	New trial (rep=0, index=17): {'square': 1, 'location': [-0.2, 0.2], 'corrAns': None}
413.6659 	EXP 	window1: mouseVisible = False
413.6782 	EXP 	grid_lines_2: autoDraw = False
413.6782 	EXP 	target_square_2: autoDraw = False
413.6782 	EXP 	fixation_3: autoDraw = False
413.6782 	EXP 	target_square_2: pos = array([-0.2,  0.2])
413.6782 	EXP 	grid_lines_2: autoDraw = True
413.6782 	EXP 	target_square_2: autoDraw = True
414.6615 	EXP 	fixation_3: autoDraw = True
414.6782 	EXP 	target_square_2: autoDraw = False
415.6615 	EXP 	fixation_3: autoDraw = False
415.6654 	EXP 	New trial (rep=0, index=18): {'square': 3, 'location': [0.2, 0.2], 'corrAns': None}
415.6659 	EXP 	window1: mouseVisible = False
415.6782 	EXP 	grid_lines_2: autoDraw = False
415.6782 	EXP 	target_square_2: autoDraw = False
415.6782 	EXP 	fixation_3: autoDraw = False
415.6782 	EXP 	target_square_2: pos = array([0.2, 0.2])
415.6782 	EXP 	grid_lines_2: autoDraw = True
415.6782 	EXP 	target_square_2: autoDraw = True
416.6615 	EXP 	fixation_3: autoDraw = True
416.6782 	EXP 	target_square_2: autoDraw = False
417.6615 	EXP 	fixation_3: autoDraw = False
417.6655 	EXP 	New trial (rep=0, index=19): {'square': 5, 'location': [0, 0], 'corrAns': None}
417.6659 	EXP 	window1: mouseVisible = False
417.6782 	EXP 	grid_lines_2: autoDraw = False
417.6782 	EXP 	target_square_2: autoDraw = False
417.6782 	EXP 	fixation_3: autoDraw = False
417.6782 	EXP 	target_square_2: pos = array([0., 0.])
417.6782 	EXP 	grid_lines_2: autoDraw = True
417.6782 	EXP 	target_square_2: autoDraw = True
418.6616 	EXP 	fixation_3: autoDraw = True
418.6782 	EXP 	target_square_2: autoDraw = False
419.6616 	EXP 	fixation_3: autoDraw = False
419.6654 	EXP 	New trial (rep=0, index=20): {'square': 3, 'location': [0.2, 0.2], 'corrAns': 1}
419.6658 	EXP 	window1: mouseVisible = False
419.6782 	EXP 	grid_lines_2: autoDraw = False
419.6782 	EXP 	target_square_2: autoDraw = False
419.6782 	EXP 	fixation_3: autoDraw = False
419.6782 	EXP 	target_square_2: pos = array([0.2, 0.2])
419.6782 	EXP 	grid_lines_2: autoDraw = True
419.6782 	EXP 	target_square_2: autoDraw = True
420.4452 	DATA 	Mouse: Left button down, pos=(882,588)
420.6616 	EXP 	fixation_3: autoDraw = True
420.6619 	DATA 	Mouse:  Left button up, pos=(882,588)
420.6782 	EXP 	target_square_2: autoDraw = False
421.6616 	EXP 	fixation_3: autoDraw = False
421.6655 	EXP 	New trial (rep=0, index=21): {'square': 4, 'location': [-0.2, 0], 'corrAns': None}
421.6660 	EXP 	window1: mouseVisible = False
421.6783 	EXP 	grid_lines_2: autoDraw = False
421.6783 	EXP 	target_square_2: autoDraw = False
421.6783 	EXP 	fixation_3: autoDraw = False
421.6783 	EXP 	target_square_2: pos = array([-0.2,  0. ])
421.6783 	EXP 	grid_lines_2: autoDraw = True
421.6783 	EXP 	target_square_2: autoDraw = True
422.6616 	EXP 	fixation_3: autoDraw = True
422.6783 	EXP 	target_square_2: autoDraw = False
423.6616 	EXP 	fixation_3: autoDraw = False
423.6655 	EXP 	New trial (rep=0, index=22): {'square': 7, 'location': [-0.2, -0.2], 'corrAns': None}
423.6659 	EXP 	window1: mouseVisible = False
423.6783 	EXP 	grid_lines_2: autoDraw = False
423.6783 	EXP 	target_square_2: autoDraw = False
423.6783 	EXP 	fixation_3: autoDraw = False
423.6783 	EXP 	target_square_2: pos = array([-0.2, -0.2])
423.6783 	EXP 	grid_lines_2: autoDraw = True
423.6783 	EXP 	target_square_2: autoDraw = True
424.6616 	EXP 	fixation_3: autoDraw = True
424.6783 	EXP 	target_square_2: autoDraw = False
425.6616 	EXP 	fixation_3: autoDraw = False
425.6654 	EXP 	New trial (rep=0, index=23): {'square': 4, 'location': [-0.2, 0], 'corrAns': 1}
425.6659 	EXP 	window1: mouseVisible = False
425.6783 	EXP 	grid_lines_2: autoDraw = False
425.6783 	EXP 	target_square_2: autoDraw = False
425.6783 	EXP 	fixation_3: autoDraw = False
425.6783 	EXP 	target_square_2: pos = array([-0.2,  0. ])
425.6783 	EXP 	grid_lines_2: autoDraw = True
425.6783 	EXP 	target_square_2: autoDraw = True
426.6616 	EXP 	fixation_3: autoDraw = True
426.6783 	EXP 	target_square_2: autoDraw = False
427.6616 	EXP 	fixation_3: autoDraw = False
427.6655 	EXP 	New trial (rep=0, index=24): {'square': 4, 'location': [-0.2, 0], 'corrAns': None}
427.6660 	EXP 	window1: mouseVisible = False
427.6783 	EXP 	grid_lines_2: autoDraw = False
427.6783 	EXP 	target_square_2: autoDraw = False
427.6783 	EXP 	fixation_3: autoDraw = False
427.6783 	EXP 	target_square_2: pos = array([-0.2,  0. ])
427.6783 	EXP 	grid_lines_2: autoDraw = True
427.6783 	EXP 	target_square_2: autoDraw = True
428.6616 	EXP 	fixation_3: autoDraw = True
428.6783 	EXP 	target_square_2: autoDraw = False
429.6617 	EXP 	fixation_3: autoDraw = False
429.6655 	EXP 	New trial (rep=0, index=25): {'square': 5, 'location': [0, 0], 'corrAns': None}
429.6659 	EXP 	window1: mouseVisible = False
429.6783 	EXP 	grid_lines_2: autoDraw = False
429.6783 	EXP 	target_square_2: autoDraw = False
429.6783 	EXP 	fixation_3: autoDraw = False
429.6783 	EXP 	target_square_2: pos = array([0., 0.])
429.6783 	EXP 	grid_lines_2: autoDraw = True
429.6783 	EXP 	target_square_2: autoDraw = True
430.6616 	EXP 	fixation_3: autoDraw = True
430.6783 	EXP 	target_square_2: autoDraw = False
431.6617 	EXP 	fixation_3: autoDraw = False
431.6655 	EXP 	New trial (rep=0, index=26): {'square': 2, 'location': [0, 0.2], 'corrAns': None}
431.6661 	EXP 	window1: mouseVisible = False
431.6783 	EXP 	grid_lines_2: autoDraw = False
431.6783 	EXP 	target_square_2: autoDraw = False
431.6783 	EXP 	fixation_3: autoDraw = False
431.6783 	EXP 	target_square_2: pos = array([0. , 0.2])
431.6783 	EXP 	grid_lines_2: autoDraw = True
431.6783 	EXP 	target_square_2: autoDraw = True
432.6617 	EXP 	fixation_3: autoDraw = True
432.6783 	EXP 	target_square_2: autoDraw = False
433.6617 	EXP 	fixation_3: autoDraw = False
433.6657 	EXP 	New trial (rep=0, index=27): {'square': 6, 'location': [0.2, 0], 'corrAns': None}
433.6662 	EXP 	window1: mouseVisible = False
433.6783 	EXP 	grid_lines_2: autoDraw = False
433.6783 	EXP 	target_square_2: autoDraw = False
433.6783 	EXP 	fixation_3: autoDraw = False
433.6783 	EXP 	target_square_2: pos = array([0.2, 0. ])
433.6783 	EXP 	grid_lines_2: autoDraw = True
433.6783 	EXP 	target_square_2: autoDraw = True
434.6617 	EXP 	fixation_3: autoDraw = True
434.6784 	EXP 	target_square_2: autoDraw = False
435.6617 	EXP 	fixation_3: autoDraw = False
435.6655 	EXP 	New trial (rep=0, index=28): {'square': 7, 'location': [-0.2, -0.2], 'corrAns': None}
435.6660 	EXP 	window1: mouseVisible = False
435.6784 	EXP 	grid_lines_2: autoDraw = False
435.6784 	EXP 	target_square_2: autoDraw = False
435.6784 	EXP 	fixation_3: autoDraw = False
435.6784 	EXP 	target_square_2: pos = array([-0.2, -0.2])
435.6784 	EXP 	grid_lines_2: autoDraw = True
435.6784 	EXP 	target_square_2: autoDraw = True
436.6617 	EXP 	fixation_3: autoDraw = True
436.6784 	EXP 	target_square_2: autoDraw = False
437.6617 	EXP 	fixation_3: autoDraw = False
437.6655 	EXP 	New trial (rep=0, index=29): {'square': 6, 'location': [0.2, 0], 'corrAns': 1}
437.6660 	EXP 	window1: mouseVisible = False
437.6784 	EXP 	grid_lines_2: autoDraw = False
437.6784 	EXP 	target_square_2: autoDraw = False
437.6784 	EXP 	fixation_3: autoDraw = False
437.6784 	EXP 	target_square_2: pos = array([0.2, 0. ])
437.6784 	EXP 	grid_lines_2: autoDraw = True
437.6784 	EXP 	target_square_2: autoDraw = True
438.3287 	DATA 	Mouse: Left button down, pos=(882,588)
438.5787 	DATA 	Mouse:  Left button up, pos=(882,588)
438.6617 	EXP 	fixation_3: autoDraw = True
438.6784 	EXP 	target_square_2: autoDraw = False
439.6617 	EXP 	fixation_3: autoDraw = False
439.6656 	EXP 	New trial (rep=0, index=30): {'square': 6, 'location': [0.2, 0], 'corrAns': None}
439.6661 	EXP 	window1: mouseVisible = False
439.6784 	EXP 	grid_lines_2: autoDraw = False
439.6784 	EXP 	target_square_2: autoDraw = False
439.6784 	EXP 	fixation_3: autoDraw = False
439.6784 	EXP 	target_square_2: pos = array([0.2, 0. ])
439.6784 	EXP 	grid_lines_2: autoDraw = True
439.6784 	EXP 	target_square_2: autoDraw = True
440.6618 	EXP 	fixation_3: autoDraw = True
440.6784 	EXP 	target_square_2: autoDraw = False
441.6618 	EXP 	fixation_3: autoDraw = False
441.6658 	EXP 	New trial (rep=0, index=31): {'square': 7, 'location': [-0.2, -0.2], 'corrAns': None}
441.6663 	EXP 	window1: mouseVisible = False
441.6784 	EXP 	grid_lines_2: autoDraw = False
441.6784 	EXP 	target_square_2: autoDraw = False
441.6784 	EXP 	fixation_3: autoDraw = False
441.6784 	EXP 	target_square_2: pos = array([-0.2, -0.2])
441.6784 	EXP 	grid_lines_2: autoDraw = True
441.6784 	EXP 	target_square_2: autoDraw = True
442.6618 	EXP 	fixation_3: autoDraw = True
442.6784 	EXP 	target_square_2: autoDraw = False
443.6618 	EXP 	fixation_3: autoDraw = False
443.6656 	EXP 	New trial (rep=0, index=32): {'square': 6, 'location': [0.2, 0], 'corrAns': 1}
443.6661 	EXP 	window1: mouseVisible = False
443.6784 	EXP 	grid_lines_2: autoDraw = False
443.6784 	EXP 	target_square_2: autoDraw = False
443.6784 	EXP 	fixation_3: autoDraw = False
443.6784 	EXP 	target_square_2: pos = array([0.2, 0. ])
443.6784 	EXP 	grid_lines_2: autoDraw = True
443.6784 	EXP 	target_square_2: autoDraw = True
444.6618 	EXP 	fixation_3: autoDraw = True
444.6785 	EXP 	target_square_2: autoDraw = False
444.8455 	DATA 	Mouse: Left button down, pos=(882,588)
445.0620 	DATA 	Mouse:  Left button up, pos=(882,588)
445.6618 	EXP 	fixation_3: autoDraw = False
445.6657 	EXP 	New trial (rep=0, index=33): {'square': 2, 'location': [0, 0.2], 'corrAns': None}
445.6662 	EXP 	window1: mouseVisible = False
445.6784 	EXP 	grid_lines_2: autoDraw = False
445.6784 	EXP 	target_square_2: autoDraw = False
445.6784 	EXP 	fixation_3: autoDraw = False
445.6784 	EXP 	target_square_2: pos = array([0. , 0.2])
445.6784 	EXP 	grid_lines_2: autoDraw = True
445.6784 	EXP 	target_square_2: autoDraw = True
446.6618 	EXP 	fixation_3: autoDraw = True
446.6785 	EXP 	target_square_2: autoDraw = False
447.6618 	EXP 	fixation_3: autoDraw = False
447.6656 	EXP 	New trial (rep=0, index=34): {'square': 5, 'location': [0, 0], 'corrAns': None}
447.6660 	EXP 	window1: mouseVisible = False
447.6785 	EXP 	grid_lines_2: autoDraw = False
447.6785 	EXP 	target_square_2: autoDraw = False
447.6785 	EXP 	fixation_3: autoDraw = False
447.6785 	EXP 	target_square_2: pos = array([0., 0.])
447.6785 	EXP 	grid_lines_2: autoDraw = True
447.6785 	EXP 	target_square_2: autoDraw = True
448.6618 	EXP 	fixation_3: autoDraw = True
448.6785 	EXP 	target_square_2: autoDraw = False
449.6618 	EXP 	fixation_3: autoDraw = False
449.6657 	EXP 	New trial (rep=0, index=35): {'square': 4, 'location': [-0.2, 0], 'corrAns': None}
449.6662 	EXP 	window1: mouseVisible = False
449.6785 	EXP 	grid_lines_2: autoDraw = False
449.6785 	EXP 	target_square_2: autoDraw = False
449.6785 	EXP 	fixation_3: autoDraw = False
449.6785 	EXP 	target_square_2: pos = array([-0.2,  0. ])
449.6785 	EXP 	grid_lines_2: autoDraw = True
449.6785 	EXP 	target_square_2: autoDraw = True
450.6618 	EXP 	fixation_3: autoDraw = True
450.6785 	EXP 	target_square_2: autoDraw = False
451.6618 	EXP 	fixation_3: autoDraw = False
451.6658 	EXP 	New trial (rep=0, index=36): {'square': 4, 'location': [-0.2, 0], 'corrAns': None}
451.6663 	EXP 	window1: mouseVisible = False
451.6785 	EXP 	grid_lines_2: autoDraw = False
451.6785 	EXP 	target_square_2: autoDraw = False
451.6785 	EXP 	fixation_3: autoDraw = False
451.6785 	EXP 	target_square_2: pos = array([-0.2,  0. ])
451.6785 	EXP 	grid_lines_2: autoDraw = True
451.6785 	EXP 	target_square_2: autoDraw = True
452.6618 	EXP 	fixation_3: autoDraw = True
452.6785 	EXP 	target_square_2: autoDraw = False
453.6618 	EXP 	fixation_3: autoDraw = False
453.6658 	EXP 	New trial (rep=0, index=37): {'square': 7, 'location': [-0.2, -0.2], 'corrAns': None}
453.6662 	EXP 	window1: mouseVisible = False
453.6785 	EXP 	grid_lines_2: autoDraw = False
453.6785 	EXP 	target_square_2: autoDraw = False
453.6785 	EXP 	fixation_3: autoDraw = False
453.6785 	EXP 	target_square_2: pos = array([-0.2, -0.2])
453.6785 	EXP 	grid_lines_2: autoDraw = True
453.6785 	EXP 	target_square_2: autoDraw = True
454.6619 	EXP 	fixation_3: autoDraw = True
454.6785 	EXP 	target_square_2: autoDraw = False
455.6619 	EXP 	fixation_3: autoDraw = False
455.6657 	EXP 	New trial (rep=0, index=38): {'square': 4, 'location': [-0.2, 0], 'corrAns': 1}
455.6662 	EXP 	window1: mouseVisible = False
455.6785 	EXP 	grid_lines_2: autoDraw = False
455.6785 	EXP 	target_square_2: autoDraw = False
455.6785 	EXP 	fixation_3: autoDraw = False
455.6785 	EXP 	target_square_2: pos = array([-0.2,  0. ])
455.6785 	EXP 	grid_lines_2: autoDraw = True
455.6785 	EXP 	target_square_2: autoDraw = True
456.6619 	EXP 	fixation_3: autoDraw = True
456.6785 	EXP 	target_square_2: autoDraw = False
457.6619 	EXP 	fixation_3: autoDraw = False
457.6657 	EXP 	New trial (rep=0, index=39): {'square': 3, 'location': [0.2, 0.2], 'corrAns': None}
457.6662 	EXP 	window1: mouseVisible = False
457.6786 	EXP 	grid_lines_2: autoDraw = False
457.6786 	EXP 	target_square_2: autoDraw = False
457.6786 	EXP 	fixation_3: autoDraw = False
457.6786 	EXP 	target_square_2: pos = array([0.2, 0.2])
457.6786 	EXP 	grid_lines_2: autoDraw = True
457.6786 	EXP 	target_square_2: autoDraw = True
458.6619 	EXP 	fixation_3: autoDraw = True
458.6786 	EXP 	target_square_2: autoDraw = False
459.6619 	EXP 	fixation_3: autoDraw = False
459.6658 	EXP 	New trial (rep=0, index=40): {'square': 5, 'location': [0, 0], 'corrAns': None}
459.6662 	EXP 	window1: mouseVisible = False
459.6786 	EXP 	grid_lines_2: autoDraw = False
459.6786 	EXP 	target_square_2: autoDraw = False
459.6786 	EXP 	fixation_3: autoDraw = False
459.6786 	EXP 	target_square_2: pos = array([0., 0.])
459.6786 	EXP 	grid_lines_2: autoDraw = True
459.6786 	EXP 	target_square_2: autoDraw = True
460.6619 	EXP 	fixation_3: autoDraw = True
460.6786 	EXP 	target_square_2: autoDraw = False
461.6619 	EXP 	fixation_3: autoDraw = False
461.6658 	EXP 	New trial (rep=0, index=41): {'square': 3, 'location': [0.2, 0.2], 'corrAns': 1}
461.6663 	EXP 	window1: mouseVisible = False
461.6786 	EXP 	grid_lines_2: autoDraw = False
461.6786 	EXP 	target_square_2: autoDraw = False
461.6786 	EXP 	fixation_3: autoDraw = False
461.6786 	EXP 	target_square_2: pos = array([0.2, 0.2])
461.6786 	EXP 	grid_lines_2: autoDraw = True
461.6786 	EXP 	target_square_2: autoDraw = True
462.3818 	DATA 	Mouse: Left button down, pos=(882,588)
462.6122 	DATA 	Mouse:  Left button up, pos=(882,588)
462.6619 	EXP 	fixation_3: autoDraw = True
462.6786 	EXP 	target_square_2: autoDraw = False
463.6619 	EXP 	fixation_3: autoDraw = False
463.6658 	EXP 	New trial (rep=0, index=42): {'square': 1, 'location': [-0.2, 0.2], 'corrAns': None}
463.6663 	EXP 	window1: mouseVisible = False
463.6786 	EXP 	grid_lines_2: autoDraw = False
463.6786 	EXP 	target_square_2: autoDraw = False
463.6786 	EXP 	fixation_3: autoDraw = False
463.6786 	EXP 	target_square_2: pos = array([-0.2,  0.2])
463.6786 	EXP 	grid_lines_2: autoDraw = True
463.6786 	EXP 	target_square_2: autoDraw = True
464.6619 	EXP 	fixation_3: autoDraw = True
464.6786 	EXP 	target_square_2: autoDraw = False
465.6620 	EXP 	fixation_3: autoDraw = False
465.6658 	EXP 	New trial (rep=0, index=43): {'square': 9, 'location': [0.2, -0.2], 'corrAns': None}
465.6663 	EXP 	window1: mouseVisible = False
465.6786 	EXP 	grid_lines_2: autoDraw = False
465.6786 	EXP 	target_square_2: autoDraw = False
465.6786 	EXP 	fixation_3: autoDraw = False
465.6786 	EXP 	target_square_2: pos = array([ 0.2, -0.2])
465.6786 	EXP 	grid_lines_2: autoDraw = True
465.6786 	EXP 	target_square_2: autoDraw = True
466.6620 	EXP 	fixation_3: autoDraw = True
466.6786 	EXP 	target_square_2: autoDraw = False
467.6620 	EXP 	fixation_3: autoDraw = False
467.6658 	EXP 	New trial (rep=0, index=44): {'square': 9, 'location': [0.2, -0.2], 'corrAns': None}
467.6662 	EXP 	window1: mouseVisible = False
467.6786 	EXP 	grid_lines_2: autoDraw = False
467.6786 	EXP 	target_square_2: autoDraw = False
467.6786 	EXP 	fixation_3: autoDraw = False
467.6786 	EXP 	target_square_2: pos = array([ 0.2, -0.2])
467.6786 	EXP 	grid_lines_2: autoDraw = True
467.6786 	EXP 	target_square_2: autoDraw = True
468.6620 	EXP 	fixation_3: autoDraw = True
468.6786 	EXP 	target_square_2: autoDraw = False
469.6620 	EXP 	fixation_3: autoDraw = False
469.6659 	EXP 	New trial (rep=0, index=45): {'square': 8, 'location': [0, -0.2], 'corrAns': None}
469.6663 	EXP 	window1: mouseVisible = False
469.6787 	EXP 	grid_lines_2: autoDraw = False
469.6787 	EXP 	target_square_2: autoDraw = False
469.6787 	EXP 	fixation_3: autoDraw = False
469.6787 	EXP 	target_square_2: pos = array([ 0. , -0.2])
469.6787 	EXP 	grid_lines_2: autoDraw = True
469.6787 	EXP 	target_square_2: autoDraw = True
470.6620 	EXP 	fixation_3: autoDraw = True
470.6787 	EXP 	target_square_2: autoDraw = False
471.6620 	EXP 	fixation_3: autoDraw = False
471.6659 	EXP 	New trial (rep=0, index=46): {'square': 6, 'location': [0.2, 0], 'corrAns': None}
471.6663 	EXP 	window1: mouseVisible = False
471.6787 	EXP 	grid_lines_2: autoDraw = False
471.6787 	EXP 	target_square_2: autoDraw = False
471.6787 	EXP 	fixation_3: autoDraw = False
471.6787 	EXP 	target_square_2: pos = array([0.2, 0. ])
471.6787 	EXP 	grid_lines_2: autoDraw = True
471.6787 	EXP 	target_square_2: autoDraw = True
472.6620 	EXP 	fixation_3: autoDraw = True
472.6787 	EXP 	target_square_2: autoDraw = False
473.6620 	EXP 	fixation_3: autoDraw = False
473.6659 	EXP 	New trial (rep=0, index=47): {'square': 3, 'location': [0.2, 0.2], 'corrAns': None}
473.6663 	EXP 	window1: mouseVisible = False
473.6787 	EXP 	grid_lines_2: autoDraw = False
473.6787 	EXP 	target_square_2: autoDraw = False
473.6787 	EXP 	fixation_3: autoDraw = False
473.6787 	EXP 	target_square_2: pos = array([0.2, 0.2])
473.6787 	EXP 	grid_lines_2: autoDraw = True
473.6787 	EXP 	target_square_2: autoDraw = True
474.6620 	EXP 	fixation_3: autoDraw = True
474.6787 	EXP 	target_square_2: autoDraw = False
475.6621 	EXP 	fixation_3: autoDraw = False
475.6659 	EXP 	New trial (rep=0, index=48): {'square': 6, 'location': [0.2, 0], 'corrAns': 1}
475.6664 	EXP 	window1: mouseVisible = False
475.6787 	EXP 	grid_lines_2: autoDraw = False
475.6787 	EXP 	target_square_2: autoDraw = False
475.6787 	EXP 	fixation_3: autoDraw = False
475.6787 	EXP 	target_square_2: pos = array([0.2, 0. ])
475.6787 	EXP 	grid_lines_2: autoDraw = True
475.6787 	EXP 	target_square_2: autoDraw = True
476.1624 	DATA 	Mouse: Left button down, pos=(882,588)
476.3790 	DATA 	Mouse:  Left button up, pos=(882,588)
476.6621 	EXP 	fixation_3: autoDraw = True
476.6787 	EXP 	target_square_2: autoDraw = False
477.6621 	EXP 	fixation_3: autoDraw = False
477.6659 	EXP 	New trial (rep=0, index=49): {'square': 5, 'location': [0, 0], 'corrAns': None}
477.6663 	EXP 	window1: mouseVisible = False
477.6787 	EXP 	grid_lines_2: autoDraw = False
477.6787 	EXP 	target_square_2: autoDraw = False
477.6787 	EXP 	fixation_3: autoDraw = False
477.6787 	EXP 	target_square_2: pos = array([0., 0.])
477.6787 	EXP 	grid_lines_2: autoDraw = True
477.6787 	EXP 	target_square_2: autoDraw = True
478.6621 	EXP 	fixation_3: autoDraw = True
478.6787 	EXP 	target_square_2: autoDraw = False
479.6621 	EXP 	fixation_3: autoDraw = False
479.6660 	EXP 	New trial (rep=0, index=50): {'square': 7, 'location': [-0.2, -0.2], 'corrAns': None}
479.6664 	EXP 	window1: mouseVisible = False
479.6787 	EXP 	grid_lines_2: autoDraw = False
479.6787 	EXP 	target_square_2: autoDraw = False
479.6787 	EXP 	fixation_3: autoDraw = False
479.6787 	EXP 	target_square_2: pos = array([-0.2, -0.2])
479.6787 	EXP 	grid_lines_2: autoDraw = True
479.6787 	EXP 	target_square_2: autoDraw = True
480.6621 	EXP 	fixation_3: autoDraw = True
480.6787 	EXP 	target_square_2: autoDraw = False
481.6621 	EXP 	fixation_3: autoDraw = False
481.6661 	EXP 	New trial (rep=0, index=51): {'square': 5, 'location': [0, 0], 'corrAns': 1}
481.6665 	EXP 	window1: mouseVisible = False
481.6788 	EXP 	grid_lines_2: autoDraw = False
481.6788 	EXP 	target_square_2: autoDraw = False
481.6788 	EXP 	fixation_3: autoDraw = False
481.6788 	EXP 	target_square_2: pos = array([0., 0.])
481.6788 	EXP 	grid_lines_2: autoDraw = True
481.6788 	EXP 	target_square_2: autoDraw = True
482.2818 	DATA 	Mouse: Left button down, pos=(882,588)
482.5290 	DATA 	Mouse:  Left button up, pos=(882,588)
482.6621 	EXP 	fixation_3: autoDraw = True
482.6787 	EXP 	target_square_2: autoDraw = False
483.6621 	EXP 	fixation_3: autoDraw = False
483.6660 	EXP 	New trial (rep=0, index=52): {'square': 1, 'location': [-0.2, 0.2], 'corrAns': None}
483.6665 	EXP 	window1: mouseVisible = False
483.6788 	EXP 	grid_lines_2: autoDraw = False
483.6788 	EXP 	target_square_2: autoDraw = False
483.6788 	EXP 	fixation_3: autoDraw = False
483.6788 	EXP 	target_square_2: pos = array([-0.2,  0.2])
483.6788 	EXP 	grid_lines_2: autoDraw = True
483.6788 	EXP 	target_square_2: autoDraw = True
484.6621 	EXP 	fixation_3: autoDraw = True
484.6788 	EXP 	target_square_2: autoDraw = False
485.6621 	EXP 	fixation_3: autoDraw = False
485.6660 	EXP 	New trial (rep=0, index=53): {'square': 7, 'location': [-0.2, -0.2], 'corrAns': None}
485.6665 	EXP 	window1: mouseVisible = False
485.6788 	EXP 	grid_lines_2: autoDraw = False
485.6788 	EXP 	target_square_2: autoDraw = False
485.6788 	EXP 	fixation_3: autoDraw = False
485.6788 	EXP 	target_square_2: pos = array([-0.2, -0.2])
485.6788 	EXP 	grid_lines_2: autoDraw = True
485.6788 	EXP 	target_square_2: autoDraw = True
486.6621 	EXP 	fixation_3: autoDraw = True
486.6788 	EXP 	target_square_2: autoDraw = False
487.6621 	EXP 	fixation_3: autoDraw = False
487.6661 	EXP 	New trial (rep=0, index=54): {'square': 9, 'location': [0.2, -0.2], 'corrAns': None}
487.6666 	EXP 	window1: mouseVisible = False
487.6788 	EXP 	grid_lines_2: autoDraw = False
487.6788 	EXP 	target_square_2: autoDraw = False
487.6788 	EXP 	fixation_3: autoDraw = False
487.6788 	EXP 	target_square_2: pos = array([ 0.2, -0.2])
487.6788 	EXP 	grid_lines_2: autoDraw = True
487.6788 	EXP 	target_square_2: autoDraw = True
488.6622 	EXP 	fixation_3: autoDraw = True
488.6788 	EXP 	target_square_2: autoDraw = False
489.6622 	EXP 	fixation_3: autoDraw = False
489.6661 	EXP 	New trial (rep=0, index=55): {'square': 3, 'location': [0.2, 0.2], 'corrAns': None}
489.6665 	EXP 	window1: mouseVisible = False
489.6788 	EXP 	grid_lines_2: autoDraw = False
489.6788 	EXP 	target_square_2: autoDraw = False
489.6788 	EXP 	fixation_3: autoDraw = False
489.6788 	EXP 	target_square_2: pos = array([0.2, 0.2])
489.6788 	EXP 	grid_lines_2: autoDraw = True
489.6788 	EXP 	target_square_2: autoDraw = True
490.6622 	EXP 	fixation_3: autoDraw = True
490.6788 	EXP 	target_square_2: autoDraw = False
491.6622 	EXP 	fixation_3: autoDraw = False
491.6662 	EXP 	New trial (rep=0, index=56): {'square': 9, 'location': [0.2, -0.2], 'corrAns': 1}
491.6666 	EXP 	window1: mouseVisible = False
491.6789 	EXP 	grid_lines_2: autoDraw = False
491.6789 	EXP 	target_square_2: autoDraw = False
491.6789 	EXP 	fixation_3: autoDraw = False
491.6789 	EXP 	target_square_2: pos = array([ 0.2, -0.2])
491.6789 	EXP 	grid_lines_2: autoDraw = True
491.6789 	EXP 	target_square_2: autoDraw = True
492.4292 	DATA 	Mouse: Left button down, pos=(882,588)
492.6458 	DATA 	Mouse:  Left button up, pos=(882,588)
492.6622 	EXP 	fixation_3: autoDraw = True
492.6789 	EXP 	target_square_2: autoDraw = False
493.6622 	EXP 	fixation_3: autoDraw = False
493.6661 	EXP 	New trial (rep=0, index=57): {'square': 6, 'location': [0.2, 0], 'corrAns': None}
493.6665 	EXP 	window1: mouseVisible = False
493.6789 	EXP 	grid_lines_2: autoDraw = False
493.6789 	EXP 	target_square_2: autoDraw = False
493.6789 	EXP 	fixation_3: autoDraw = False
493.6789 	EXP 	target_square_2: pos = array([0.2, 0. ])
493.6789 	EXP 	grid_lines_2: autoDraw = True
493.6789 	EXP 	target_square_2: autoDraw = True
494.6622 	EXP 	fixation_3: autoDraw = True
494.6789 	EXP 	target_square_2: autoDraw = False
495.6622 	EXP 	fixation_3: autoDraw = False
495.6661 	EXP 	New trial (rep=0, index=58): {'square': 2, 'location': [0, 0.2], 'corrAns': None}
495.6665 	EXP 	window1: mouseVisible = False
495.6789 	EXP 	grid_lines_2: autoDraw = False
495.6789 	EXP 	target_square_2: autoDraw = False
495.6789 	EXP 	fixation_3: autoDraw = False
495.6789 	EXP 	target_square_2: pos = array([0. , 0.2])
495.6789 	EXP 	grid_lines_2: autoDraw = True
495.6789 	EXP 	target_square_2: autoDraw = True
496.6622 	EXP 	fixation_3: autoDraw = True
496.6789 	EXP 	target_square_2: autoDraw = False
497.6622 	EXP 	fixation_3: autoDraw = False
497.6661 	EXP 	New trial (rep=0, index=59): {'square': 5, 'location': [0, 0], 'corrAns': None}
497.6665 	EXP 	window1: mouseVisible = False
497.6789 	EXP 	grid_lines_2: autoDraw = False
497.6789 	EXP 	target_square_2: autoDraw = False
497.6789 	EXP 	fixation_3: autoDraw = False
497.6789 	EXP 	target_square_2: pos = array([0., 0.])
497.6789 	EXP 	grid_lines_2: autoDraw = True
497.6789 	EXP 	target_square_2: autoDraw = True
498.6622 	EXP 	fixation_3: autoDraw = True
498.6789 	EXP 	target_square_2: autoDraw = False
499.6623 	EXP 	fixation_3: autoDraw = False
499.6661 	EXP 	New trial (rep=0, index=60): {'square': 5, 'location': [0, 0], 'corrAns': None}
499.6665 	EXP 	window1: mouseVisible = False
499.6789 	EXP 	grid_lines_2: autoDraw = False
499.6789 	EXP 	target_square_2: autoDraw = False
499.6789 	EXP 	fixation_3: autoDraw = False
499.6789 	EXP 	target_square_2: pos = array([0., 0.])
499.6789 	EXP 	grid_lines_2: autoDraw = True
499.6789 	EXP 	target_square_2: autoDraw = True
500.6623 	EXP 	fixation_3: autoDraw = True
500.6789 	EXP 	target_square_2: autoDraw = False
501.6623 	EXP 	fixation_3: autoDraw = False
501.6662 	EXP 	New trial (rep=0, index=61): {'square': 2, 'location': [0, 0.2], 'corrAns': None}
501.6666 	EXP 	window1: mouseVisible = False
501.6789 	EXP 	grid_lines_2: autoDraw = False
501.6789 	EXP 	target_square_2: autoDraw = False
501.6789 	EXP 	fixation_3: autoDraw = False
501.6789 	EXP 	target_square_2: pos = array([0. , 0.2])
501.6789 	EXP 	grid_lines_2: autoDraw = True
501.6789 	EXP 	target_square_2: autoDraw = True
502.6622 	EXP 	fixation_3: autoDraw = True
502.6789 	EXP 	target_square_2: autoDraw = False
503.6623 	EXP 	fixation_3: autoDraw = False
503.6663 	EXP 	New trial (rep=0, index=62): {'square': 6, 'location': [0.2, 0], 'corrAns': None}
503.6668 	EXP 	window1: mouseVisible = False
503.6789 	EXP 	grid_lines_2: autoDraw = False
503.6789 	EXP 	target_square_2: autoDraw = False
503.6789 	EXP 	fixation_3: autoDraw = False
503.6789 	EXP 	target_square_2: pos = array([0.2, 0. ])
503.6789 	EXP 	grid_lines_2: autoDraw = True
503.6789 	EXP 	target_square_2: autoDraw = True
504.5151 	DATA 	Mouse: Left button down, pos=(882,588)
504.6623 	EXP 	fixation_3: autoDraw = True
504.6789 	EXP 	target_square_2: autoDraw = False
504.7459 	DATA 	Mouse:  Left button up, pos=(882,588)
505.6623 	EXP 	fixation_3: autoDraw = False
505.6662 	EXP 	New trial (rep=0, index=63): {'square': 9, 'location': [0.2, -0.2], 'corrAns': None}
505.6667 	EXP 	window1: mouseVisible = False
505.6790 	EXP 	grid_lines_2: autoDraw = False
505.6790 	EXP 	target_square_2: autoDraw = False
505.6790 	EXP 	fixation_3: autoDraw = False
505.6790 	EXP 	target_square_2: pos = array([ 0.2, -0.2])
505.6790 	EXP 	grid_lines_2: autoDraw = True
505.6790 	EXP 	target_square_2: autoDraw = True
506.6623 	EXP 	fixation_3: autoDraw = True
506.6790 	EXP 	target_square_2: autoDraw = False
507.6623 	EXP 	fixation_3: autoDraw = False
507.6662 	EXP 	New trial (rep=0, index=64): {'square': 3, 'location': [0.2, 0.2], 'corrAns': None}
507.6666 	EXP 	window1: mouseVisible = False
507.6790 	EXP 	grid_lines_2: autoDraw = False
507.6790 	EXP 	target_square_2: autoDraw = False
507.6790 	EXP 	fixation_3: autoDraw = False
507.6790 	EXP 	target_square_2: pos = array([0.2, 0.2])
507.6790 	EXP 	grid_lines_2: autoDraw = True
507.6790 	EXP 	target_square_2: autoDraw = True
508.6623 	EXP 	fixation_3: autoDraw = True
508.6790 	EXP 	target_square_2: autoDraw = False
509.6623 	EXP 	fixation_3: autoDraw = False
509.6662 	EXP 	New trial (rep=0, index=65): {'square': 9, 'location': [0.2, -0.2], 'corrAns': 1}
509.6666 	EXP 	window1: mouseVisible = False
509.6790 	EXP 	grid_lines_2: autoDraw = False
509.6790 	EXP 	target_square_2: autoDraw = False
509.6790 	EXP 	fixation_3: autoDraw = False
509.6790 	EXP 	target_square_2: pos = array([ 0.2, -0.2])
509.6790 	EXP 	grid_lines_2: autoDraw = True
509.6790 	EXP 	target_square_2: autoDraw = True
510.6624 	EXP 	fixation_3: autoDraw = True
510.6790 	EXP 	target_square_2: autoDraw = False
510.7294 	DATA 	Mouse: Left button down, pos=(882,588)
510.9126 	DATA 	Mouse:  Left button up, pos=(882,588)
511.6623 	EXP 	fixation_3: autoDraw = False
511.6664 	EXP 	New trial (rep=0, index=66): {'square': 7, 'location': [-0.2, -0.2], 'corrAns': None}
511.6668 	EXP 	window1: mouseVisible = False
511.6790 	EXP 	grid_lines_2: autoDraw = False
511.6790 	EXP 	target_square_2: autoDraw = False
511.6790 	EXP 	fixation_3: autoDraw = False
511.6790 	EXP 	target_square_2: pos = array([-0.2, -0.2])
511.6790 	EXP 	grid_lines_2: autoDraw = True
511.6790 	EXP 	target_square_2: autoDraw = True
512.6623 	EXP 	fixation_3: autoDraw = True
512.6790 	EXP 	target_square_2: autoDraw = False
513.6624 	EXP 	fixation_3: autoDraw = False
513.6662 	EXP 	New trial (rep=0, index=67): {'square': 1, 'location': [-0.2, 0.2], 'corrAns': None}
513.6667 	EXP 	window1: mouseVisible = False
513.6790 	EXP 	grid_lines_2: autoDraw = False
513.6790 	EXP 	target_square_2: autoDraw = False
513.6790 	EXP 	fixation_3: autoDraw = False
513.6790 	EXP 	target_square_2: pos = array([-0.2,  0.2])
513.6790 	EXP 	grid_lines_2: autoDraw = True
513.6790 	EXP 	target_square_2: autoDraw = True
514.6624 	EXP 	fixation_3: autoDraw = True
514.6790 	EXP 	target_square_2: autoDraw = False
515.6624 	EXP 	fixation_3: autoDraw = False
515.6663 	EXP 	New trial (rep=0, index=68): {'square': 5, 'location': [0, 0], 'corrAns': None}
515.6667 	EXP 	window1: mouseVisible = False
515.6790 	EXP 	grid_lines_2: autoDraw = False
515.6790 	EXP 	target_square_2: autoDraw = False
515.6790 	EXP 	fixation_3: autoDraw = False
515.6790 	EXP 	target_square_2: pos = array([0., 0.])
515.6790 	EXP 	grid_lines_2: autoDraw = True
515.6790 	EXP 	target_square_2: autoDraw = True
516.6624 	EXP 	fixation_3: autoDraw = True
516.6791 	EXP 	target_square_2: autoDraw = False
517.6624 	EXP 	fixation_3: autoDraw = False
517.6662 	EXP 	New trial (rep=0, index=69): {'square': 7, 'location': [-0.2, -0.2], 'corrAns': None}
517.6667 	EXP 	window1: mouseVisible = False
517.6791 	EXP 	grid_lines_2: autoDraw = False
517.6791 	EXP 	target_square_2: autoDraw = False
517.6791 	EXP 	fixation_3: autoDraw = False
517.6791 	EXP 	target_square_2: pos = array([-0.2, -0.2])
517.6791 	EXP 	grid_lines_2: autoDraw = True
517.6791 	EXP 	target_square_2: autoDraw = True
518.6624 	EXP 	fixation_3: autoDraw = True
518.6791 	EXP 	target_square_2: autoDraw = False
519.6624 	EXP 	fixation_3: autoDraw = False
519.6665 	EXP 	New trial (rep=0, index=70): {'square': 5, 'location': [0, 0], 'corrAns': 1}
519.6669 	EXP 	window1: mouseVisible = False
519.6791 	EXP 	grid_lines_2: autoDraw = False
519.6791 	EXP 	target_square_2: autoDraw = False
519.6791 	EXP 	fixation_3: autoDraw = False
519.6791 	EXP 	target_square_2: pos = array([0., 0.])
519.6791 	EXP 	grid_lines_2: autoDraw = True
519.6791 	EXP 	target_square_2: autoDraw = True
520.2294 	DATA 	Mouse: Left button down, pos=(882,588)
520.4627 	DATA 	Mouse:  Left button up, pos=(882,588)
520.6624 	EXP 	fixation_3: autoDraw = True
520.6791 	EXP 	target_square_2: autoDraw = False
521.6624 	EXP 	fixation_3: autoDraw = False
521.6665 	EXP 	New trial (rep=0, index=71): {'square': 6, 'location': [0.2, 0], 'corrAns': None}
521.6670 	EXP 	window1: mouseVisible = False
521.6791 	EXP 	grid_lines_2: autoDraw = False
521.6791 	EXP 	target_square_2: autoDraw = False
521.6791 	EXP 	fixation_3: autoDraw = False
521.6791 	EXP 	target_square_2: pos = array([0.2, 0. ])
521.6791 	EXP 	grid_lines_2: autoDraw = True
521.6791 	EXP 	target_square_2: autoDraw = True
522.6624 	EXP 	fixation_3: autoDraw = True
522.6791 	EXP 	target_square_2: autoDraw = False
523.6625 	EXP 	fixation_3: autoDraw = False
523.6663 	EXP 	New trial (rep=0, index=72): {'square': 3, 'location': [0.2, 0.2], 'corrAns': None}
523.6668 	EXP 	window1: mouseVisible = False
523.6791 	EXP 	grid_lines_2: autoDraw = False
523.6791 	EXP 	target_square_2: autoDraw = False
523.6791 	EXP 	fixation_3: autoDraw = False
523.6791 	EXP 	target_square_2: pos = array([0.2, 0.2])
523.6791 	EXP 	grid_lines_2: autoDraw = True
523.6791 	EXP 	target_square_2: autoDraw = True
524.6625 	EXP 	fixation_3: autoDraw = True
524.6791 	EXP 	target_square_2: autoDraw = False
525.6625 	EXP 	fixation_3: autoDraw = False
525.6664 	EXP 	New trial (rep=0, index=73): {'square': 6, 'location': [0.2, 0], 'corrAns': 1}
525.6668 	EXP 	window1: mouseVisible = False
525.6790 	EXP 	grid_lines_2: autoDraw = False
525.6790 	EXP 	target_square_2: autoDraw = False
525.6790 	EXP 	fixation_3: autoDraw = False
525.6790 	EXP 	target_square_2: pos = array([0.2, 0. ])
525.6790 	EXP 	grid_lines_2: autoDraw = True
525.6790 	EXP 	target_square_2: autoDraw = True
526.5795 	DATA 	Mouse: Left button down, pos=(882,588)
526.6625 	EXP 	fixation_3: autoDraw = True
526.6791 	EXP 	target_square_2: autoDraw = False
526.7627 	DATA 	Mouse:  Left button up, pos=(882,588)
527.6625 	EXP 	fixation_3: autoDraw = False
527.6663 	EXP 	New trial (rep=0, index=74): {'square': 8, 'location': [0, -0.2], 'corrAns': None}
527.6668 	EXP 	window1: mouseVisible = False
527.6792 	EXP 	grid_lines_2: autoDraw = False
527.6792 	EXP 	target_square_2: autoDraw = False
527.6792 	EXP 	fixation_3: autoDraw = False
527.6792 	EXP 	target_square_2: pos = array([ 0. , -0.2])
527.6792 	EXP 	grid_lines_2: autoDraw = True
527.6792 	EXP 	target_square_2: autoDraw = True
528.6625 	EXP 	fixation_3: autoDraw = True
528.6792 	EXP 	target_square_2: autoDraw = False
529.6625 	EXP 	fixation_3: autoDraw = False
529.6663 	EXP 	New trial (rep=0, index=75): {'square': 9, 'location': [0.2, -0.2], 'corrAns': None}
529.6668 	EXP 	window1: mouseVisible = False
529.6792 	EXP 	grid_lines_2: autoDraw = False
529.6792 	EXP 	target_square_2: autoDraw = False
529.6792 	EXP 	fixation_3: autoDraw = False
529.6792 	EXP 	target_square_2: pos = array([ 0.2, -0.2])
529.6792 	EXP 	grid_lines_2: autoDraw = True
529.6792 	EXP 	target_square_2: autoDraw = True
530.6625 	EXP 	fixation_3: autoDraw = True
530.6792 	EXP 	target_square_2: autoDraw = False
531.6625 	EXP 	fixation_3: autoDraw = False
531.6666 	EXP 	New trial (rep=0, index=76): {'square': 9, 'location': [0.2, -0.2], 'corrAns': None}
531.6671 	EXP 	window1: mouseVisible = False
531.6792 	EXP 	grid_lines_2: autoDraw = False
531.6792 	EXP 	target_square_2: autoDraw = False
531.6792 	EXP 	fixation_3: autoDraw = False
531.6792 	EXP 	target_square_2: pos = array([ 0.2, -0.2])
531.6792 	EXP 	grid_lines_2: autoDraw = True
531.6792 	EXP 	target_square_2: autoDraw = True
532.6625 	EXP 	fixation_3: autoDraw = True
532.6792 	EXP 	target_square_2: autoDraw = False
533.6625 	EXP 	fixation_3: autoDraw = False
533.6664 	EXP 	New trial (rep=0, index=77): {'square': 1, 'location': [-0.2, 0.2], 'corrAns': None}
533.6669 	EXP 	window1: mouseVisible = False
533.6792 	EXP 	grid_lines_2: autoDraw = False
533.6792 	EXP 	target_square_2: autoDraw = False
533.6792 	EXP 	fixation_3: autoDraw = False
533.6792 	EXP 	target_square_2: pos = array([-0.2,  0.2])
533.6792 	EXP 	grid_lines_2: autoDraw = True
533.6792 	EXP 	target_square_2: autoDraw = True
534.6625 	EXP 	fixation_3: autoDraw = True
534.6792 	EXP 	target_square_2: autoDraw = False
535.6625 	EXP 	fixation_3: autoDraw = False
535.6664 	EXP 	New trial (rep=0, index=78): {'square': 3, 'location': [0.2, 0.2], 'corrAns': None}
535.6669 	EXP 	window1: mouseVisible = False
535.6792 	EXP 	grid_lines_2: autoDraw = False
535.6792 	EXP 	target_square_2: autoDraw = False
535.6792 	EXP 	fixation_3: autoDraw = False
535.6792 	EXP 	target_square_2: pos = array([0.2, 0.2])
535.6792 	EXP 	grid_lines_2: autoDraw = True
535.6792 	EXP 	target_square_2: autoDraw = True
536.6626 	EXP 	fixation_3: autoDraw = True
536.6792 	EXP 	target_square_2: autoDraw = False
537.6626 	EXP 	fixation_3: autoDraw = False
537.6664 	EXP 	New trial (rep=0, index=79): {'square': 5, 'location': [0, 0], 'corrAns': None}
537.6668 	EXP 	window1: mouseVisible = False
537.6793 	EXP 	grid_lines_2: autoDraw = False
537.6793 	EXP 	target_square_2: autoDraw = False
537.6793 	EXP 	fixation_3: autoDraw = False
537.6793 	EXP 	target_square_2: pos = array([0., 0.])
537.6793 	EXP 	grid_lines_2: autoDraw = True
537.6793 	EXP 	target_square_2: autoDraw = True
538.6626 	EXP 	fixation_3: autoDraw = True
538.6793 	EXP 	target_square_2: autoDraw = False
539.6626 	EXP 	fixation_3: autoDraw = False
539.6665 	EXP 	New trial (rep=0, index=80): {'square': 3, 'location': [0.2, 0.2], 'corrAns': 1}
539.6670 	EXP 	window1: mouseVisible = False
539.6793 	EXP 	grid_lines_2: autoDraw = False
539.6793 	EXP 	target_square_2: autoDraw = False
539.6793 	EXP 	fixation_3: autoDraw = False
539.6793 	EXP 	target_square_2: pos = array([0.2, 0.2])
539.6793 	EXP 	grid_lines_2: autoDraw = True
539.6793 	EXP 	target_square_2: autoDraw = True
540.6626 	EXP 	fixation_3: autoDraw = True
540.6793 	EXP 	target_square_2: autoDraw = False
541.6626 	EXP 	fixation_3: autoDraw = False
541.6664 	EXP 	New trial (rep=0, index=81): {'square': 4, 'location': [-0.2, 0], 'corrAns': None}
541.6670 	EXP 	window1: mouseVisible = False
541.6793 	EXP 	grid_lines_2: autoDraw = False
541.6793 	EXP 	target_square_2: autoDraw = False
541.6793 	EXP 	fixation_3: autoDraw = False
541.6793 	EXP 	target_square_2: pos = array([-0.2,  0. ])
541.6793 	EXP 	grid_lines_2: autoDraw = True
541.6793 	EXP 	target_square_2: autoDraw = True
542.6626 	EXP 	fixation_3: autoDraw = True
542.6793 	EXP 	target_square_2: autoDraw = False
543.6626 	EXP 	fixation_3: autoDraw = False
543.6665 	EXP 	New trial (rep=0, index=82): {'square': 7, 'location': [-0.2, -0.2], 'corrAns': None}
543.6670 	EXP 	window1: mouseVisible = False
543.6793 	EXP 	grid_lines_2: autoDraw = False
543.6793 	EXP 	target_square_2: autoDraw = False
543.6793 	EXP 	fixation_3: autoDraw = False
543.6793 	EXP 	target_square_2: pos = array([-0.2, -0.2])
543.6793 	EXP 	grid_lines_2: autoDraw = True
543.6793 	EXP 	target_square_2: autoDraw = True
544.6626 	EXP 	fixation_3: autoDraw = True
544.6793 	EXP 	target_square_2: autoDraw = False
545.6627 	EXP 	fixation_3: autoDraw = False
545.6665 	EXP 	New trial (rep=0, index=83): {'square': 4, 'location': [-0.2, 0], 'corrAns': 1}
545.6670 	EXP 	window1: mouseVisible = False
545.6793 	EXP 	grid_lines_2: autoDraw = False
545.6793 	EXP 	target_square_2: autoDraw = False
545.6793 	EXP 	fixation_3: autoDraw = False
545.6793 	EXP 	target_square_2: pos = array([-0.2,  0. ])
545.6793 	EXP 	grid_lines_2: autoDraw = True
545.6793 	EXP 	target_square_2: autoDraw = True
546.6626 	EXP 	fixation_3: autoDraw = True
546.6793 	EXP 	target_square_2: autoDraw = False
547.6627 	EXP 	fixation_3: autoDraw = False
547.6665 	EXP 	New trial (rep=0, index=84): {'square': 4, 'location': [-0.2, 0], 'corrAns': None}
547.6670 	EXP 	window1: mouseVisible = False
547.6793 	EXP 	grid_lines_2: autoDraw = False
547.6793 	EXP 	target_square_2: autoDraw = False
547.6793 	EXP 	fixation_3: autoDraw = False
547.6793 	EXP 	target_square_2: pos = array([-0.2,  0. ])
547.6793 	EXP 	grid_lines_2: autoDraw = True
547.6793 	EXP 	target_square_2: autoDraw = True
548.6627 	EXP 	fixation_3: autoDraw = True
548.6793 	EXP 	target_square_2: autoDraw = False
549.6627 	EXP 	fixation_3: autoDraw = False
549.6665 	EXP 	New trial (rep=0, index=85): {'square': 5, 'location': [0, 0], 'corrAns': None}
549.6669 	EXP 	window1: mouseVisible = False
549.6793 	EXP 	grid_lines_2: autoDraw = False
549.6793 	EXP 	target_square_2: autoDraw = False
549.6793 	EXP 	fixation_3: autoDraw = False
549.6793 	EXP 	target_square_2: pos = array([0., 0.])
549.6793 	EXP 	grid_lines_2: autoDraw = True
549.6793 	EXP 	target_square_2: autoDraw = True
550.6627 	EXP 	fixation_3: autoDraw = True
550.6793 	EXP 	target_square_2: autoDraw = False
551.6627 	EXP 	fixation_3: autoDraw = False
551.6665 	EXP 	New trial (rep=0, index=86): {'square': 2, 'location': [0, 0.2], 'corrAns': None}
551.6671 	EXP 	window1: mouseVisible = False
551.6794 	EXP 	grid_lines_2: autoDraw = False
551.6794 	EXP 	target_square_2: autoDraw = False
551.6794 	EXP 	fixation_3: autoDraw = False
551.6794 	EXP 	target_square_2: pos = array([0. , 0.2])
551.6794 	EXP 	grid_lines_2: autoDraw = True
551.6794 	EXP 	target_square_2: autoDraw = True
552.6627 	EXP 	fixation_3: autoDraw = True
552.6794 	EXP 	target_square_2: autoDraw = False
553.6627 	EXP 	fixation_3: autoDraw = False
553.6670 	EXP 	New trial (rep=0, index=87): {'square': 6, 'location': [0.2, 0], 'corrAns': None}
553.6674 	EXP 	window1: mouseVisible = False
553.6794 	EXP 	grid_lines_2: autoDraw = False
553.6794 	EXP 	target_square_2: autoDraw = False
553.6794 	EXP 	fixation_3: autoDraw = False
553.6794 	EXP 	target_square_2: pos = array([0.2, 0. ])
553.6794 	EXP 	grid_lines_2: autoDraw = True
553.6794 	EXP 	target_square_2: autoDraw = True
554.6627 	EXP 	fixation_3: autoDraw = True
554.6794 	EXP 	target_square_2: autoDraw = False
555.6627 	EXP 	fixation_3: autoDraw = False
555.6666 	EXP 	New trial (rep=0, index=88): {'square': 7, 'location': [-0.2, -0.2], 'corrAns': None}
555.6671 	EXP 	window1: mouseVisible = False
555.6794 	EXP 	grid_lines_2: autoDraw = False
555.6794 	EXP 	target_square_2: autoDraw = False
555.6794 	EXP 	fixation_3: autoDraw = False
555.6794 	EXP 	target_square_2: pos = array([-0.2, -0.2])
555.6794 	EXP 	grid_lines_2: autoDraw = True
555.6794 	EXP 	target_square_2: autoDraw = True
556.6627 	EXP 	fixation_3: autoDraw = True
556.6794 	EXP 	target_square_2: autoDraw = False
557.6628 	EXP 	fixation_3: autoDraw = False
557.6670 	EXP 	New trial (rep=0, index=89): {'square': 6, 'location': [0.2, 0], 'corrAns': 1}
557.6675 	EXP 	window1: mouseVisible = False
557.6794 	EXP 	grid_lines_2: autoDraw = False
557.6794 	EXP 	target_square_2: autoDraw = False
557.6794 	EXP 	fixation_3: autoDraw = False
557.6794 	EXP 	target_square_2: pos = array([0.2, 0. ])
557.6794 	EXP 	grid_lines_2: autoDraw = True
557.6794 	EXP 	target_square_2: autoDraw = True
558.3798 	DATA 	Mouse: Left button down, pos=(882,588)
558.6130 	DATA 	Mouse:  Left button up, pos=(882,588)
558.6627 	EXP 	fixation_3: autoDraw = True
558.6794 	EXP 	target_square_2: autoDraw = False
559.6628 	EXP 	fixation_3: autoDraw = False
559.6666 	EXP 	New trial (rep=0, index=90): {'square': 6, 'location': [0.2, 0], 'corrAns': None}
559.6671 	EXP 	window1: mouseVisible = False
559.6794 	EXP 	grid_lines_2: autoDraw = False
559.6794 	EXP 	target_square_2: autoDraw = False
559.6794 	EXP 	fixation_3: autoDraw = False
559.6794 	EXP 	target_square_2: pos = array([0.2, 0. ])
559.6794 	EXP 	grid_lines_2: autoDraw = True
559.6794 	EXP 	target_square_2: autoDraw = True
560.6628 	EXP 	fixation_3: autoDraw = True
560.6794 	EXP 	target_square_2: autoDraw = False
561.6628 	EXP 	fixation_3: autoDraw = False
561.6668 	EXP 	New trial (rep=0, index=91): {'square': 7, 'location': [-0.2, -0.2], 'corrAns': None}
561.6672 	EXP 	window1: mouseVisible = False
561.6794 	EXP 	grid_lines_2: autoDraw = False
561.6794 	EXP 	target_square_2: autoDraw = False
561.6794 	EXP 	fixation_3: autoDraw = False
561.6794 	EXP 	target_square_2: pos = array([-0.2, -0.2])
561.6794 	EXP 	grid_lines_2: autoDraw = True
561.6794 	EXP 	target_square_2: autoDraw = True
562.6628 	EXP 	fixation_3: autoDraw = True
562.6795 	EXP 	target_square_2: autoDraw = False
563.6628 	EXP 	fixation_3: autoDraw = False
563.6666 	EXP 	New trial (rep=0, index=92): {'square': 6, 'location': [0.2, 0], 'corrAns': 1}
563.6671 	EXP 	window1: mouseVisible = False
563.6795 	EXP 	grid_lines_2: autoDraw = False
563.6795 	EXP 	target_square_2: autoDraw = False
563.6795 	EXP 	fixation_3: autoDraw = False
563.6795 	EXP 	target_square_2: pos = array([0.2, 0. ])
563.6795 	EXP 	grid_lines_2: autoDraw = True
563.6795 	EXP 	target_square_2: autoDraw = True
564.6628 	EXP 	fixation_3: autoDraw = True
564.6795 	EXP 	target_square_2: autoDraw = False
565.6628 	EXP 	fixation_3: autoDraw = False
565.6667 	EXP 	New trial (rep=0, index=93): {'square': 2, 'location': [0, 0.2], 'corrAns': None}
565.6671 	EXP 	window1: mouseVisible = False
565.6795 	EXP 	grid_lines_2: autoDraw = False
565.6795 	EXP 	target_square_2: autoDraw = False
565.6795 	EXP 	fixation_3: autoDraw = False
565.6795 	EXP 	target_square_2: pos = array([0. , 0.2])
565.6795 	EXP 	grid_lines_2: autoDraw = True
565.6795 	EXP 	target_square_2: autoDraw = True
566.6628 	EXP 	fixation_3: autoDraw = True
566.6795 	EXP 	target_square_2: autoDraw = False
567.6628 	EXP 	fixation_3: autoDraw = False
567.6666 	EXP 	New trial (rep=0, index=94): {'square': 5, 'location': [0, 0], 'corrAns': None}
567.6670 	EXP 	window1: mouseVisible = False
567.6795 	EXP 	grid_lines_2: autoDraw = False
567.6795 	EXP 	target_square_2: autoDraw = False
567.6795 	EXP 	fixation_3: autoDraw = False
567.6795 	EXP 	target_square_2: pos = array([0., 0.])
567.6795 	EXP 	grid_lines_2: autoDraw = True
567.6795 	EXP 	target_square_2: autoDraw = True
568.6628 	EXP 	fixation_3: autoDraw = True
568.6795 	EXP 	target_square_2: autoDraw = False
569.6629 	EXP 	fixation_3: autoDraw = False
569.6667 	EXP 	New trial (rep=0, index=95): {'square': 4, 'location': [-0.2, 0], 'corrAns': None}
569.6672 	EXP 	window1: mouseVisible = False
569.6795 	EXP 	grid_lines_2: autoDraw = False
569.6795 	EXP 	target_square_2: autoDraw = False
569.6795 	EXP 	fixation_3: autoDraw = False
569.6795 	EXP 	target_square_2: pos = array([-0.2,  0. ])
569.6795 	EXP 	grid_lines_2: autoDraw = True
569.6795 	EXP 	target_square_2: autoDraw = True
570.6628 	EXP 	fixation_3: autoDraw = True
570.6795 	EXP 	target_square_2: autoDraw = False
571.6629 	EXP 	fixation_3: autoDraw = False
571.6666 	EXP 	New trial (rep=0, index=96): {'square': 4, 'location': [-0.2, 0], 'corrAns': None}
571.6672 	EXP 	window1: mouseVisible = False
571.6795 	EXP 	grid_lines_2: autoDraw = False
571.6795 	EXP 	target_square_2: autoDraw = False
571.6795 	EXP 	fixation_3: autoDraw = False
571.6795 	EXP 	target_square_2: pos = array([-0.2,  0. ])
571.6795 	EXP 	grid_lines_2: autoDraw = True
571.6795 	EXP 	target_square_2: autoDraw = True
572.6629 	EXP 	fixation_3: autoDraw = True
572.6795 	EXP 	target_square_2: autoDraw = False
573.6629 	EXP 	fixation_3: autoDraw = False
573.6669 	EXP 	New trial (rep=0, index=97): {'square': 7, 'location': [-0.2, -0.2], 'corrAns': None}
573.6674 	EXP 	window1: mouseVisible = False
573.6795 	EXP 	grid_lines_2: autoDraw = False
573.6795 	EXP 	target_square_2: autoDraw = False
573.6795 	EXP 	fixation_3: autoDraw = False
573.6795 	EXP 	target_square_2: pos = array([-0.2, -0.2])
573.6795 	EXP 	grid_lines_2: autoDraw = True
573.6795 	EXP 	target_square_2: autoDraw = True
574.6629 	EXP 	fixation_3: autoDraw = True
574.6796 	EXP 	target_square_2: autoDraw = False
575.6629 	EXP 	fixation_3: autoDraw = False
575.6667 	EXP 	New trial (rep=0, index=98): {'square': 4, 'location': [-0.2, 0], 'corrAns': 1}
575.6672 	EXP 	window1: mouseVisible = False
575.6796 	EXP 	grid_lines_2: autoDraw = False
575.6796 	EXP 	target_square_2: autoDraw = False
575.6796 	EXP 	fixation_3: autoDraw = False
575.6796 	EXP 	target_square_2: pos = array([-0.2,  0. ])
575.6796 	EXP 	grid_lines_2: autoDraw = True
575.6796 	EXP 	target_square_2: autoDraw = True
576.6629 	EXP 	fixation_3: autoDraw = True
576.6796 	EXP 	target_square_2: autoDraw = False
577.6628 	EXP 	fixation_3: autoDraw = False
577.6666 	EXP 	New trial (rep=0, index=99): {'square': 3, 'location': [0.2, 0.2], 'corrAns': None}
577.6671 	EXP 	window1: mouseVisible = False
577.6796 	EXP 	grid_lines_2: autoDraw = False
577.6796 	EXP 	target_square_2: autoDraw = False
577.6796 	EXP 	fixation_3: autoDraw = False
577.6796 	EXP 	target_square_2: pos = array([0.2, 0.2])
577.6796 	EXP 	grid_lines_2: autoDraw = True
577.6796 	EXP 	target_square_2: autoDraw = True
578.6629 	EXP 	fixation_3: autoDraw = True
578.6796 	EXP 	target_square_2: autoDraw = False
579.6629 	EXP 	fixation_3: autoDraw = False
579.6668 	EXP 	New trial (rep=0, index=100): {'square': 5, 'location': [0, 0], 'corrAns': None}
579.6672 	EXP 	window1: mouseVisible = False
579.6796 	EXP 	grid_lines_2: autoDraw = False
579.6796 	EXP 	target_square_2: autoDraw = False
579.6796 	EXP 	fixation_3: autoDraw = False
579.6796 	EXP 	target_square_2: pos = array([0., 0.])
579.6796 	EXP 	grid_lines_2: autoDraw = True
579.6796 	EXP 	target_square_2: autoDraw = True
580.6629 	EXP 	fixation_3: autoDraw = True
580.6796 	EXP 	target_square_2: autoDraw = False
581.6629 	EXP 	fixation_3: autoDraw = False
581.6669 	EXP 	New trial (rep=0, index=101): {'square': 3, 'location': [0.2, 0.2], 'corrAns': 1}
581.6674 	EXP 	window1: mouseVisible = False
581.6796 	EXP 	grid_lines_2: autoDraw = False
581.6796 	EXP 	target_square_2: autoDraw = False
581.6796 	EXP 	fixation_3: autoDraw = False
581.6796 	EXP 	target_square_2: pos = array([0.2, 0.2])
581.6796 	EXP 	grid_lines_2: autoDraw = True
581.6796 	EXP 	target_square_2: autoDraw = True
582.4966 	DATA 	Mouse: Left button down, pos=(882,588)
582.6630 	EXP 	fixation_3: autoDraw = True
582.6796 	EXP 	target_square_2: autoDraw = False
582.7132 	DATA 	Mouse:  Left button up, pos=(882,588)
583.6630 	EXP 	fixation_3: autoDraw = False
583.6668 	EXP 	New trial (rep=0, index=102): {'square': 1, 'location': [-0.2, 0.2], 'corrAns': None}
583.6672 	EXP 	window1: mouseVisible = False
583.6796 	EXP 	grid_lines_2: autoDraw = False
583.6796 	EXP 	target_square_2: autoDraw = False
583.6796 	EXP 	fixation_3: autoDraw = False
583.6796 	EXP 	target_square_2: pos = array([-0.2,  0.2])
583.6796 	EXP 	grid_lines_2: autoDraw = True
583.6796 	EXP 	target_square_2: autoDraw = True
584.6630 	EXP 	fixation_3: autoDraw = True
584.6796 	EXP 	target_square_2: autoDraw = False
585.6630 	EXP 	fixation_3: autoDraw = False
585.6669 	EXP 	New trial (rep=0, index=103): {'square': 9, 'location': [0.2, -0.2], 'corrAns': None}
585.6673 	EXP 	window1: mouseVisible = False
585.6797 	EXP 	grid_lines_2: autoDraw = False
585.6797 	EXP 	target_square_2: autoDraw = False
585.6797 	EXP 	fixation_3: autoDraw = False
585.6797 	EXP 	target_square_2: pos = array([ 0.2, -0.2])
585.6797 	EXP 	grid_lines_2: autoDraw = True
585.6797 	EXP 	target_square_2: autoDraw = True
586.6630 	EXP 	fixation_3: autoDraw = True
586.6797 	EXP 	target_square_2: autoDraw = False
587.6630 	EXP 	fixation_3: autoDraw = False
587.6670 	EXP 	New trial (rep=0, index=104): {'square': 9, 'location': [0.2, -0.2], 'corrAns': None}
587.6674 	EXP 	window1: mouseVisible = False
587.6797 	EXP 	grid_lines_2: autoDraw = False
587.6797 	EXP 	target_square_2: autoDraw = False
587.6797 	EXP 	fixation_3: autoDraw = False
587.6797 	EXP 	target_square_2: pos = array([ 0.2, -0.2])
587.6797 	EXP 	grid_lines_2: autoDraw = True
587.6797 	EXP 	target_square_2: autoDraw = True
588.6630 	EXP 	fixation_3: autoDraw = True
588.6797 	EXP 	target_square_2: autoDraw = False
589.6630 	EXP 	fixation_3: autoDraw = False
589.6670 	EXP 	New trial (rep=0, index=105): {'square': 8, 'location': [0, -0.2], 'corrAns': None}
589.6675 	EXP 	window1: mouseVisible = False
589.6796 	EXP 	grid_lines_2: autoDraw = False
589.6796 	EXP 	target_square_2: autoDraw = False
589.6796 	EXP 	fixation_3: autoDraw = False
589.6796 	EXP 	target_square_2: pos = array([ 0. , -0.2])
589.6796 	EXP 	grid_lines_2: autoDraw = True
589.6796 	EXP 	target_square_2: autoDraw = True
590.6630 	EXP 	fixation_3: autoDraw = True
590.6797 	EXP 	target_square_2: autoDraw = False
591.6630 	EXP 	fixation_3: autoDraw = False
591.6671 	EXP 	New trial (rep=0, index=106): {'square': 6, 'location': [0.2, 0], 'corrAns': None}
591.6675 	EXP 	window1: mouseVisible = False
591.6797 	EXP 	grid_lines_2: autoDraw = False
591.6797 	EXP 	target_square_2: autoDraw = False
591.6797 	EXP 	fixation_3: autoDraw = False
591.6797 	EXP 	target_square_2: pos = array([0.2, 0. ])
591.6797 	EXP 	grid_lines_2: autoDraw = True
591.6797 	EXP 	target_square_2: autoDraw = True
592.6630 	EXP 	fixation_3: autoDraw = True
592.6797 	EXP 	target_square_2: autoDraw = False
593.6631 	EXP 	fixation_3: autoDraw = False
593.6669 	EXP 	New trial (rep=0, index=107): {'square': 3, 'location': [0.2, 0.2], 'corrAns': None}
593.6673 	EXP 	window1: mouseVisible = False
593.6797 	EXP 	grid_lines_2: autoDraw = False
593.6797 	EXP 	target_square_2: autoDraw = False
593.6797 	EXP 	fixation_3: autoDraw = False
593.6797 	EXP 	target_square_2: pos = array([0.2, 0.2])
593.6797 	EXP 	grid_lines_2: autoDraw = True
593.6797 	EXP 	target_square_2: autoDraw = True
594.6630 	EXP 	fixation_3: autoDraw = True
594.6797 	EXP 	target_square_2: autoDraw = False
595.6631 	EXP 	fixation_3: autoDraw = False
595.6670 	EXP 	New trial (rep=0, index=108): {'square': 6, 'location': [0.2, 0], 'corrAns': 1}
595.6674 	EXP 	window1: mouseVisible = False
595.6797 	EXP 	grid_lines_2: autoDraw = False
595.6797 	EXP 	target_square_2: autoDraw = False
595.6797 	EXP 	fixation_3: autoDraw = False
595.6797 	EXP 	target_square_2: pos = array([0.2, 0. ])
595.6797 	EXP 	grid_lines_2: autoDraw = True
595.6797 	EXP 	target_square_2: autoDraw = True
596.6631 	EXP 	fixation_3: autoDraw = True
596.6797 	EXP 	target_square_2: autoDraw = False
597.6631 	EXP 	fixation_3: autoDraw = False
597.6670 	EXP 	New trial (rep=0, index=109): {'square': 5, 'location': [0, 0], 'corrAns': None}
597.6674 	EXP 	window1: mouseVisible = False
597.6798 	EXP 	grid_lines_2: autoDraw = False
597.6798 	EXP 	target_square_2: autoDraw = False
597.6798 	EXP 	fixation_3: autoDraw = False
597.6798 	EXP 	target_square_2: pos = array([0., 0.])
597.6798 	EXP 	grid_lines_2: autoDraw = True
597.6798 	EXP 	target_square_2: autoDraw = True
598.6631 	EXP 	fixation_3: autoDraw = True
598.6798 	EXP 	target_square_2: autoDraw = False
599.6631 	EXP 	fixation_3: autoDraw = False
599.6669 	EXP 	New trial (rep=0, index=110): {'square': 7, 'location': [-0.2, -0.2], 'corrAns': None}
599.6674 	EXP 	window1: mouseVisible = False
599.6798 	EXP 	grid_lines_2: autoDraw = False
599.6798 	EXP 	target_square_2: autoDraw = False
599.6798 	EXP 	fixation_3: autoDraw = False
599.6798 	EXP 	target_square_2: pos = array([-0.2, -0.2])
599.6798 	EXP 	grid_lines_2: autoDraw = True
599.6798 	EXP 	target_square_2: autoDraw = True
600.6631 	EXP 	fixation_3: autoDraw = True
600.6798 	EXP 	target_square_2: autoDraw = False
601.6631 	EXP 	fixation_3: autoDraw = False
601.6674 	EXP 	New trial (rep=0, index=111): {'square': 5, 'location': [0, 0], 'corrAns': 1}
601.6679 	EXP 	window1: mouseVisible = False
601.6798 	EXP 	grid_lines_2: autoDraw = False
601.6798 	EXP 	target_square_2: autoDraw = False
601.6798 	EXP 	fixation_3: autoDraw = False
601.6798 	EXP 	target_square_2: pos = array([0., 0.])
601.6798 	EXP 	grid_lines_2: autoDraw = True
601.6798 	EXP 	target_square_2: autoDraw = True
602.6631 	EXP 	fixation_3: autoDraw = True
602.6798 	EXP 	target_square_2: autoDraw = False
603.6631 	EXP 	fixation_3: autoDraw = False
603.6670 	EXP 	New trial (rep=0, index=112): {'square': 1, 'location': [-0.2, 0.2], 'corrAns': None}
603.6675 	EXP 	window1: mouseVisible = False
603.6798 	EXP 	grid_lines_2: autoDraw = False
603.6798 	EXP 	target_square_2: autoDraw = False
603.6798 	EXP 	fixation_3: autoDraw = False
603.6798 	EXP 	target_square_2: pos = array([-0.2,  0.2])
603.6798 	EXP 	grid_lines_2: autoDraw = True
603.6798 	EXP 	target_square_2: autoDraw = True
604.6631 	EXP 	fixation_3: autoDraw = True
604.6798 	EXP 	target_square_2: autoDraw = False
605.6630 	EXP 	fixation_3: autoDraw = False
605.6669 	EXP 	New trial (rep=0, index=113): {'square': 7, 'location': [-0.2, -0.2], 'corrAns': None}
605.6674 	EXP 	window1: mouseVisible = False
605.6798 	EXP 	grid_lines_2: autoDraw = False
605.6798 	EXP 	target_square_2: autoDraw = False
605.6798 	EXP 	fixation_3: autoDraw = False
605.6798 	EXP 	target_square_2: pos = array([-0.2, -0.2])
605.6798 	EXP 	grid_lines_2: autoDraw = True
605.6798 	EXP 	target_square_2: autoDraw = True
606.6632 	EXP 	fixation_3: autoDraw = True
606.6798 	EXP 	target_square_2: autoDraw = False
607.6632 	EXP 	fixation_3: autoDraw = False
607.6672 	EXP 	New trial (rep=0, index=114): {'square': 9, 'location': [0.2, -0.2], 'corrAns': None}
607.6676 	EXP 	window1: mouseVisible = False
607.6798 	EXP 	grid_lines_2: autoDraw = False
607.6798 	EXP 	target_square_2: autoDraw = False
607.6798 	EXP 	fixation_3: autoDraw = False
607.6798 	EXP 	target_square_2: pos = array([ 0.2, -0.2])
607.6798 	EXP 	grid_lines_2: autoDraw = True
607.6798 	EXP 	target_square_2: autoDraw = True
608.6632 	EXP 	fixation_3: autoDraw = True
608.6799 	EXP 	target_square_2: autoDraw = False
609.6632 	EXP 	fixation_3: autoDraw = False
609.6671 	EXP 	New trial (rep=0, index=115): {'square': 3, 'location': [0.2, 0.2], 'corrAns': None}
609.6676 	EXP 	window1: mouseVisible = False
609.6799 	EXP 	grid_lines_2: autoDraw = False
609.6799 	EXP 	target_square_2: autoDraw = False
609.6799 	EXP 	fixation_3: autoDraw = False
609.6799 	EXP 	target_square_2: pos = array([0.2, 0.2])
609.6799 	EXP 	grid_lines_2: autoDraw = True
609.6799 	EXP 	target_square_2: autoDraw = True
610.6632 	EXP 	fixation_3: autoDraw = True
610.6799 	EXP 	target_square_2: autoDraw = False
611.6632 	EXP 	fixation_3: autoDraw = False
611.6672 	EXP 	New trial (rep=0, index=116): {'square': 9, 'location': [0.2, -0.2], 'corrAns': 1}
611.6678 	EXP 	window1: mouseVisible = False
611.6799 	EXP 	grid_lines_2: autoDraw = False
611.6799 	EXP 	target_square_2: autoDraw = False
611.6799 	EXP 	fixation_3: autoDraw = False
611.6799 	EXP 	target_square_2: pos = array([ 0.2, -0.2])
611.6799 	EXP 	grid_lines_2: autoDraw = True
611.6799 	EXP 	target_square_2: autoDraw = True
612.6632 	EXP 	fixation_3: autoDraw = True
612.6799 	EXP 	target_square_2: autoDraw = False
613.6632 	EXP 	fixation_3: autoDraw = False
613.6671 	EXP 	New trial (rep=0, index=117): {'square': 6, 'location': [0.2, 0], 'corrAns': None}
613.6675 	EXP 	window1: mouseVisible = False
613.6799 	EXP 	grid_lines_2: autoDraw = False
613.6799 	EXP 	target_square_2: autoDraw = False
613.6799 	EXP 	fixation_3: autoDraw = False
613.6799 	EXP 	target_square_2: pos = array([0.2, 0. ])
613.6799 	EXP 	grid_lines_2: autoDraw = True
613.6799 	EXP 	target_square_2: autoDraw = True
614.6632 	EXP 	fixation_3: autoDraw = True
614.6799 	EXP 	target_square_2: autoDraw = False
615.6632 	EXP 	fixation_3: autoDraw = False
615.6671 	EXP 	New trial (rep=0, index=118): {'square': 2, 'location': [0, 0.2], 'corrAns': None}
615.6676 	EXP 	window1: mouseVisible = False
615.6799 	EXP 	grid_lines_2: autoDraw = False
615.6799 	EXP 	target_square_2: autoDraw = False
615.6799 	EXP 	fixation_3: autoDraw = False
615.6799 	EXP 	target_square_2: pos = array([0. , 0.2])
615.6799 	EXP 	grid_lines_2: autoDraw = True
615.6799 	EXP 	target_square_2: autoDraw = True
616.6633 	EXP 	fixation_3: autoDraw = True
616.6799 	EXP 	target_square_2: autoDraw = False
617.6633 	EXP 	fixation_3: autoDraw = False
617.6671 	EXP 	New trial (rep=0, index=119): {'square': 5, 'location': [0, 0], 'corrAns': None}
617.6675 	EXP 	window1: mouseVisible = False
617.6799 	EXP 	grid_lines_2: autoDraw = False
617.6799 	EXP 	target_square_2: autoDraw = False
617.6799 	EXP 	fixation_3: autoDraw = False
617.6799 	EXP 	target_square_2: pos = array([0., 0.])
617.6799 	EXP 	grid_lines_2: autoDraw = True
617.6799 	EXP 	target_square_2: autoDraw = True
618.6633 	EXP 	fixation_3: autoDraw = True
618.6799 	EXP 	target_square_2: autoDraw = False
619.6633 	EXP 	fixation_3: autoDraw = False
619.6802 	EXP 	Created unnamed TextStim = TextStim(__class__=<class 'psychopy.visual.text.TextStim'>, alignHoriz=method-wrapper(...), alignText='center', alignVert=method-wrapper(...), anchorHoriz='center', anchorVert='center', antialias=True, autoLog=True, bold=False, color=array([1., 1., 1.]), colorSpace='rgb', contrast=1.0, depth=0, flipHoriz=False, flipVert=False, font='', fontFiles=[], height=0.05, italic=False, languageStyle='LTR', name='unnamed TextStim', opacity=1.0, ori=0.0, pos=array([0., 0.]), rgb=UNKNOWN, text=str(...), units='height', win=Window(...), wrapWidth=1)
619.6966 	EXP 	grid_lines_2: autoDraw = False
619.6966 	EXP 	target_square_2: autoDraw = False
619.6966 	EXP 	fixation_3: autoDraw = False
726.9189 	DATA 	Mouse: Left button down, pos=(1006,562)
727.2474 	DATA 	Mouse:  Left button up, pos=(1012,561)
738.3469 	DATA 	Mouse: Left button down, pos=(1012,577)
738.3470 	DATA 	Mouse: Right button down, pos=(1012,577)
819.2578 	DATA 	Keypress: e
819.3591 	EXP 	Created unnamed TextStim = TextStim(__class__=<class 'psychopy.visual.text.TextStim'>, alignHoriz=method-wrapper(...), alignText='center', alignVert=method-wrapper(...), anchorHoriz='center', anchorVert='center', antialias=True, autoLog=True, bold=False, color=array([1., 1., 1.]), colorSpace='rgb', contrast=1.0, depth=0, flipHoriz=False, flipVert=False, font='', fontFiles=[], height=0.05, italic=False, languageStyle='LTR', name='unnamed TextStim', opacity=1.0, ori=0.0, pos=array([0., 0.]), rgb=UNKNOWN, text=str(...), units='height', win=Window(...), wrapWidth=1)
819.4245 	EXP 	window1: mouseVisible = True
