0.4225 	WARNING 	We strongly recommend you activate the PTB sound engine in PsychoPy prefs as the preferred audio engine. Its timing is vastly superior. Your prefs are currently set to use ['sounddevice', 'PTB', 'pyo', 'pygame'] (in that order).
24.5010 	EXP 	Created fixation_2 = TextStim(__class__=<class 'psychopy.visual.text.TextStim'>, alignHoriz=method-wrapper(...), alignText='center', alignVert=method-wrapper(...), anchorHoriz='center', anchorVert='center', antialias=True, autoLog=True, bold=False, color=array([1, 1, 1]), colorSpace='rgb', contrast=1.0, depth=-2.0, flipHoriz=False, flipVert=False, font='Arial', fontFiles=[], height=0.05, italic=False, languageStyle='LTR', name='fixation_2', opacity=1, ori=0, pos=array([0., 0.]), rgb=UNKNOWN, text='+', units='height', win=Window(...), wrapWidth=1)
24.5388 	EXP 	Created Nbackinstructions = TextStim(__class__=<class 'psychopy.visual.text.TextStim'>, alignHoriz=method-wrapper(...), alignText='center', alignVert=method-wrapper(...), anchorHoriz='center', anchorVert='center', antialias=True, autoLog=True, bold=False, color=array([1, 1, 1]), colorSpace='rgb', contrast=1.0, depth=0, flipHoriz=False, flipVert=False, font='Arial', fontFiles=[], height=0.05, italic=False, languageStyle='LTR', name='Nbackinstructions', opacity=1, ori=0.0, pos=array([0., 0.]), rgb=UNKNOWN, text=str(...), units='height', win=Window(...), wrapWidth=1)
24.5405 	EXP 	Created fixation_2 = TextStim(__class__=<class 'psychopy.visual.text.TextStim'>, alignHoriz=method-wrapper(...), alignText='center', alignVert=method-wrapper(...), anchorHoriz='center', anchorVert='center', antialias=True, autoLog=True, bold=False, color=array([1, 1, 1]), colorSpace='rgb', contrast=1.0, depth=-2.0, flipHoriz=False, flipVert=False, font='Arial', fontFiles=[], height=0.05, italic=False, languageStyle='LTR', name='fixation_2', opacity=1, ori=0, pos=array([0., 0.]), rgb=UNKNOWN, text='+', units='height', win=Window(...), wrapWidth=1)
24.9658 	EXP 	Created grid_lines_2 = ImageStim(__class__=<class 'psychopy.visual.image.ImageStim'>, autoLog=True, color=array([1, 1, 1]), colorSpace='rgb', contrast=1.0, depth=0.0, flipHoriz=False, flipVert=False, image='grid.png', interpolate=True, mask=None, maskParams=None, name='grid_lines_2', opacity=1, ori=0.0, pos=array([0., 0.]), size=array([0.6, 0.6]), texRes=128, units='height', win=Window(...))
24.9678 	EXP 	Created target_square_2 = Rect(__class__=<class 'psychopy.visual.rect.Rect'>, autoDraw=False, autoLog=True, closeShape=True, color=method-wrapper(...), colorSpace='rgb', contrast=None, depth=-1.0, fillColor=array([1., 1., 1.]), fillColorSpace='rgb', fillRGB=UNKNOWN, interpolate=True, lineColor=array([0, 0, 0]), lineColorSpace='rgb', lineRGB=UNKNOWN, lineWidth=1, name='target_square_2', opacity=0.5, ori=0.0, pos=array([0., 0.]), size=array([0.15, 0.15]), units='height', vertices=ndarray(...), win=Window(...))
24.9697 	EXP 	Created fixation_3 = TextStim(__class__=<class 'psychopy.visual.text.TextStim'>, alignHoriz=method-wrapper(...), alignText='center', alignVert=method-wrapper(...), anchorHoriz='center', anchorVert='center', antialias=True, autoLog=True, bold=False, color=array([1, 1, 1]), colorSpace='rgb', contrast=1.0, depth=-2.0, flipHoriz=False, flipVert=False, font='Arial', fontFiles=[], height=0.05, italic=False, languageStyle='LTR', name='fixation_3', opacity=1, ori=0, pos=array([0., 0.]), rgb=UNKNOWN, text='+', units='height', win=Window(...), wrapWidth=1)
24.9704 	EXP 	window1: mouseVisible = True
24.9738 	EXP 	window1: mouseVisible = False
24.9741 	EXP 	Created sequence: sequential, trialTypes=2, nReps=1, seed=None
24.9743 	EXP 	New trial (rep=0, index=0): OrderedDict([('RestT1', 0), ('TaskT1', 1)])
24.9746 	EXP 	Created sequence: random, trialTypes=1, nReps=0, seed=None
24.9748 	EXP 	Created sequence: random, trialTypes=1, nReps=1, seed=None
24.9749 	EXP 	New trial (rep=0, index=0): None
25.0475 	EXP 	Nbackinstructions: autoDraw = True
118.4267 	EXP 	Created unnamed TextStim = TextStim(__class__=<class 'psychopy.visual.text.TextStim'>, alignHoriz=method-wrapper(...), alignText='center', alignVert=method-wrapper(...), anchorHoriz='center', anchorVert='center', antialias=True, autoLog=True, bold=False, color=array([-0.5, -0.5, -0.5]), colorSpace='rgb', contrast=1.0, depth=0, flipHoriz=False, flipVert=False, font='', fontFiles=[], height=0.05, italic=False, languageStyle='LTR', name='unnamed TextStim', opacity=1.0, ori=0.0, pos=array([0., 0.]), rgb=UNKNOWN, text=str(...), units='height', win=Window(...), wrapWidth=1)
118.4275 	DATA 	Keypress: space
118.4398 	EXP 	Nbackinstructions: autoDraw = False
119.4569 	DATA 	Keypress: s
119.4773 	EXP 	Imported c:\Users\Dartmouth\Documents\GitHub\canlab\WASABI_public\fMRI Tasks\WASABI Task-T1\N-back-2.xlsx as conditions, 120 conditions, 3 params
119.4778 	EXP 	Created sequence: sequential, trialTypes=120, nReps=1, seed=None
119.4780 	EXP 	New trial (rep=0, index=0): {'square': 5, 'location': [0, 0], 'corrAns': None}
119.4783 	EXP 	window1: mouseVisible = False
119.5064 	EXP 	fixation_2: autoDraw = False
119.5064 	EXP 	target_square_2: pos = array([0., 0.])
119.5064 	EXP 	grid_lines_2: autoDraw = True
119.5064 	EXP 	target_square_2: autoDraw = True
120.4732 	EXP 	fixation_3: autoDraw = True
120.5065 	EXP 	target_square_2: autoDraw = False
121.4265 	EXP 	New trial (rep=0, index=1): {'square': 2, 'location': [0, 0.2], 'corrAns': None}
121.4268 	EXP 	window1: mouseVisible = False
121.4399 	EXP 	grid_lines_2: autoDraw = False
121.4399 	EXP 	target_square_2: autoDraw = False
121.4399 	EXP 	fixation_3: autoDraw = False
121.4399 	EXP 	target_square_2: pos = array([0. , 0.2])
121.4399 	EXP 	grid_lines_2: autoDraw = True
121.4399 	EXP 	target_square_2: autoDraw = True
122.4232 	EXP 	fixation_3: autoDraw = True
122.4399 	EXP 	target_square_2: autoDraw = False
123.4232 	EXP 	fixation_3: autoDraw = False
123.4257 	EXP 	New trial (rep=0, index=2): {'square': 6, 'location': [0.2, 0], 'corrAns': None}
123.4260 	EXP 	window1: mouseVisible = False
123.4399 	EXP 	grid_lines_2: autoDraw = False
123.4399 	EXP 	target_square_2: autoDraw = False
123.4399 	EXP 	fixation_3: autoDraw = False
123.4399 	EXP 	target_square_2: pos = array([0.2, 0. ])
123.4399 	EXP 	grid_lines_2: autoDraw = True
123.4399 	EXP 	target_square_2: autoDraw = True
124.4232 	EXP 	fixation_3: autoDraw = True
124.4399 	EXP 	target_square_2: autoDraw = False
125.4232 	EXP 	fixation_3: autoDraw = False
125.4258 	EXP 	New trial (rep=0, index=3): {'square': 9, 'location': [0.2, -0.2], 'corrAns': None}
125.4261 	EXP 	window1: mouseVisible = False
125.4399 	EXP 	grid_lines_2: autoDraw = False
125.4399 	EXP 	target_square_2: autoDraw = False
125.4399 	EXP 	fixation_3: autoDraw = False
125.4399 	EXP 	target_square_2: pos = array([ 0.2, -0.2])
125.4399 	EXP 	grid_lines_2: autoDraw = True
125.4399 	EXP 	target_square_2: autoDraw = True
126.4232 	EXP 	fixation_3: autoDraw = True
126.4399 	EXP 	target_square_2: autoDraw = False
127.4232 	EXP 	fixation_3: autoDraw = False
127.4258 	EXP 	New trial (rep=0, index=4): {'square': 3, 'location': [0.2, 0.2], 'corrAns': None}
127.4261 	EXP 	window1: mouseVisible = False
127.4399 	EXP 	grid_lines_2: autoDraw = False
127.4399 	EXP 	target_square_2: autoDraw = False
127.4399 	EXP 	fixation_3: autoDraw = False
127.4399 	EXP 	target_square_2: pos = array([0.2, 0.2])
127.4399 	EXP 	grid_lines_2: autoDraw = True
127.4399 	EXP 	target_square_2: autoDraw = True
128.4232 	EXP 	fixation_3: autoDraw = True
128.4399 	EXP 	target_square_2: autoDraw = False
129.4232 	EXP 	fixation_3: autoDraw = False
129.4258 	EXP 	New trial (rep=0, index=5): {'square': 9, 'location': [0.2, -0.2], 'corrAns': 1}
129.4262 	EXP 	window1: mouseVisible = False
129.4399 	EXP 	grid_lines_2: autoDraw = False
129.4399 	EXP 	target_square_2: autoDraw = False
129.4399 	EXP 	fixation_3: autoDraw = False
129.4399 	EXP 	target_square_2: pos = array([ 0.2, -0.2])
129.4399 	EXP 	grid_lines_2: autoDraw = True
129.4399 	EXP 	target_square_2: autoDraw = True
130.0736 	DATA 	Mouse: Left button down, pos=(912,840)
130.2401 	DATA 	Mouse:  Left button up, pos=(912,840)
130.4233 	EXP 	fixation_3: autoDraw = True
130.4399 	EXP 	target_square_2: autoDraw = False
131.4233 	EXP 	fixation_3: autoDraw = False
131.4258 	EXP 	New trial (rep=0, index=6): {'square': 7, 'location': [-0.2, -0.2], 'corrAns': None}
131.4261 	EXP 	window1: mouseVisible = False
131.4399 	EXP 	grid_lines_2: autoDraw = False
131.4399 	EXP 	target_square_2: autoDraw = False
131.4399 	EXP 	fixation_3: autoDraw = False
131.4399 	EXP 	target_square_2: pos = array([-0.2, -0.2])
131.4399 	EXP 	grid_lines_2: autoDraw = True
131.4399 	EXP 	target_square_2: autoDraw = True
132.4233 	EXP 	fixation_3: autoDraw = True
132.4399 	EXP 	target_square_2: autoDraw = False
133.4233 	EXP 	fixation_3: autoDraw = False
133.4258 	EXP 	New trial (rep=0, index=7): {'square': 1, 'location': [-0.2, 0.2], 'corrAns': None}
133.4261 	EXP 	window1: mouseVisible = False
133.4400 	EXP 	grid_lines_2: autoDraw = False
133.4400 	EXP 	target_square_2: autoDraw = False
133.4400 	EXP 	fixation_3: autoDraw = False
133.4400 	EXP 	target_square_2: pos = array([-0.2,  0.2])
133.4400 	EXP 	grid_lines_2: autoDraw = True
133.4400 	EXP 	target_square_2: autoDraw = True
134.4233 	EXP 	fixation_3: autoDraw = True
134.4400 	EXP 	target_square_2: autoDraw = False
135.4233 	EXP 	fixation_3: autoDraw = False
135.4259 	EXP 	New trial (rep=0, index=8): {'square': 5, 'location': [0, 0], 'corrAns': None}
135.4261 	EXP 	window1: mouseVisible = False
135.4400 	EXP 	grid_lines_2: autoDraw = False
135.4400 	EXP 	target_square_2: autoDraw = False
135.4400 	EXP 	fixation_3: autoDraw = False
135.4400 	EXP 	target_square_2: pos = array([0., 0.])
135.4400 	EXP 	grid_lines_2: autoDraw = True
135.4400 	EXP 	target_square_2: autoDraw = True
136.4233 	EXP 	fixation_3: autoDraw = True
136.4400 	EXP 	target_square_2: autoDraw = False
137.4233 	EXP 	fixation_3: autoDraw = False
137.4259 	EXP 	New trial (rep=0, index=9): {'square': 7, 'location': [-0.2, -0.2], 'corrAns': None}
137.4262 	EXP 	window1: mouseVisible = False
137.4400 	EXP 	grid_lines_2: autoDraw = False
137.4400 	EXP 	target_square_2: autoDraw = False
137.4400 	EXP 	fixation_3: autoDraw = False
137.4400 	EXP 	target_square_2: pos = array([-0.2, -0.2])
137.4400 	EXP 	grid_lines_2: autoDraw = True
137.4400 	EXP 	target_square_2: autoDraw = True
138.4233 	EXP 	fixation_3: autoDraw = True
138.4400 	EXP 	target_square_2: autoDraw = False
139.4233 	EXP 	fixation_3: autoDraw = False
139.4261 	EXP 	New trial (rep=0, index=10): {'square': 5, 'location': [0, 0], 'corrAns': 1}
139.4264 	EXP 	window1: mouseVisible = False
139.4400 	EXP 	grid_lines_2: autoDraw = False
139.4400 	EXP 	target_square_2: autoDraw = False
139.4400 	EXP 	fixation_3: autoDraw = False
139.4400 	EXP 	target_square_2: pos = array([0., 0.])
139.4400 	EXP 	grid_lines_2: autoDraw = True
139.4400 	EXP 	target_square_2: autoDraw = True
139.9569 	DATA 	Mouse: Left button down, pos=(912,840)
140.1569 	DATA 	Mouse:  Left button up, pos=(912,840)
140.4233 	EXP 	fixation_3: autoDraw = True
140.4400 	EXP 	target_square_2: autoDraw = False
141.4233 	EXP 	fixation_3: autoDraw = False
141.4259 	EXP 	New trial (rep=0, index=11): {'square': 6, 'location': [0.2, 0], 'corrAns': None}
141.4262 	EXP 	window1: mouseVisible = False
141.4400 	EXP 	grid_lines_2: autoDraw = False
141.4400 	EXP 	target_square_2: autoDraw = False
141.4400 	EXP 	fixation_3: autoDraw = False
141.4400 	EXP 	target_square_2: pos = array([0.2, 0. ])
141.4400 	EXP 	grid_lines_2: autoDraw = True
141.4400 	EXP 	target_square_2: autoDraw = True
142.4233 	EXP 	fixation_3: autoDraw = True
142.4400 	EXP 	target_square_2: autoDraw = False
143.4234 	EXP 	fixation_3: autoDraw = False
143.4260 	EXP 	New trial (rep=0, index=12): {'square': 3, 'location': [0.2, 0.2], 'corrAns': None}
143.4263 	EXP 	window1: mouseVisible = False
143.4400 	EXP 	grid_lines_2: autoDraw = False
143.4400 	EXP 	target_square_2: autoDraw = False
143.4400 	EXP 	fixation_3: autoDraw = False
143.4400 	EXP 	target_square_2: pos = array([0.2, 0.2])
143.4400 	EXP 	grid_lines_2: autoDraw = True
143.4400 	EXP 	target_square_2: autoDraw = True
144.4234 	EXP 	fixation_3: autoDraw = True
144.4400 	EXP 	target_square_2: autoDraw = False
145.4234 	EXP 	fixation_3: autoDraw = False
145.4259 	EXP 	New trial (rep=0, index=13): {'square': 6, 'location': [0.2, 0], 'corrAns': 1}
145.4262 	EXP 	window1: mouseVisible = False
145.4401 	EXP 	grid_lines_2: autoDraw = False
145.4401 	EXP 	target_square_2: autoDraw = False
145.4401 	EXP 	fixation_3: autoDraw = False
145.4401 	EXP 	target_square_2: pos = array([0.2, 0. ])
145.4401 	EXP 	grid_lines_2: autoDraw = True
145.4401 	EXP 	target_square_2: autoDraw = True
145.9236 	DATA 	Mouse: Left button down, pos=(912,840)
146.1236 	DATA 	Mouse:  Left button up, pos=(912,840)
146.4234 	EXP 	fixation_3: autoDraw = True
146.4400 	EXP 	target_square_2: autoDraw = False
147.4234 	EXP 	fixation_3: autoDraw = False
147.4259 	EXP 	New trial (rep=0, index=14): {'square': 8, 'location': [0, -0.2], 'corrAns': None}
147.4262 	EXP 	window1: mouseVisible = False
147.4401 	EXP 	grid_lines_2: autoDraw = False
147.4401 	EXP 	target_square_2: autoDraw = False
147.4401 	EXP 	fixation_3: autoDraw = False
147.4401 	EXP 	target_square_2: pos = array([ 0. , -0.2])
147.4401 	EXP 	grid_lines_2: autoDraw = True
147.4401 	EXP 	target_square_2: autoDraw = True
148.4234 	EXP 	fixation_3: autoDraw = True
148.4401 	EXP 	target_square_2: autoDraw = False
149.4234 	EXP 	fixation_3: autoDraw = False
149.4261 	EXP 	New trial (rep=0, index=15): {'square': 9, 'location': [0.2, -0.2], 'corrAns': None}
149.4264 	EXP 	window1: mouseVisible = False
149.4401 	EXP 	grid_lines_2: autoDraw = False
149.4401 	EXP 	target_square_2: autoDraw = False
149.4401 	EXP 	fixation_3: autoDraw = False
149.4401 	EXP 	target_square_2: pos = array([ 0.2, -0.2])
149.4401 	EXP 	grid_lines_2: autoDraw = True
149.4401 	EXP 	target_square_2: autoDraw = True
150.4234 	EXP 	fixation_3: autoDraw = True
150.4401 	EXP 	target_square_2: autoDraw = False
151.4234 	EXP 	fixation_3: autoDraw = False
151.4260 	EXP 	New trial (rep=0, index=16): {'square': 9, 'location': [0.2, -0.2], 'corrAns': None}
151.4263 	EXP 	window1: mouseVisible = False
151.4401 	EXP 	grid_lines_2: autoDraw = False
151.4401 	EXP 	target_square_2: autoDraw = False
151.4401 	EXP 	fixation_3: autoDraw = False
151.4401 	EXP 	target_square_2: pos = array([ 0.2, -0.2])
151.4401 	EXP 	grid_lines_2: autoDraw = True
151.4401 	EXP 	target_square_2: autoDraw = True
152.4234 	EXP 	fixation_3: autoDraw = True
152.4401 	EXP 	target_square_2: autoDraw = False
153.4234 	EXP 	fixation_3: autoDraw = False
153.4260 	EXP 	New trial (rep=0, index=17): {'square': 1, 'location': [-0.2, 0.2], 'corrAns': None}
153.4263 	EXP 	window1: mouseVisible = False
153.4401 	EXP 	grid_lines_2: autoDraw = False
153.4401 	EXP 	target_square_2: autoDraw = False
153.4401 	EXP 	fixation_3: autoDraw = False
153.4401 	EXP 	target_square_2: pos = array([-0.2,  0.2])
153.4401 	EXP 	grid_lines_2: autoDraw = True
153.4401 	EXP 	target_square_2: autoDraw = True
154.4234 	EXP 	fixation_3: autoDraw = True
154.4401 	EXP 	target_square_2: autoDraw = False
155.4234 	EXP 	fixation_3: autoDraw = False
155.4260 	EXP 	New trial (rep=0, index=18): {'square': 3, 'location': [0.2, 0.2], 'corrAns': None}
155.4263 	EXP 	window1: mouseVisible = False
155.4401 	EXP 	grid_lines_2: autoDraw = False
155.4401 	EXP 	target_square_2: autoDraw = False
155.4401 	EXP 	fixation_3: autoDraw = False
155.4401 	EXP 	target_square_2: pos = array([0.2, 0.2])
155.4401 	EXP 	grid_lines_2: autoDraw = True
155.4401 	EXP 	target_square_2: autoDraw = True
156.4235 	EXP 	fixation_3: autoDraw = True
156.4401 	EXP 	target_square_2: autoDraw = False
157.4235 	EXP 	fixation_3: autoDraw = False
157.4260 	EXP 	New trial (rep=0, index=19): {'square': 5, 'location': [0, 0], 'corrAns': None}
157.4263 	EXP 	window1: mouseVisible = False
157.4401 	EXP 	grid_lines_2: autoDraw = False
157.4401 	EXP 	target_square_2: autoDraw = False
157.4401 	EXP 	fixation_3: autoDraw = False
157.4401 	EXP 	target_square_2: pos = array([0., 0.])
157.4401 	EXP 	grid_lines_2: autoDraw = True
157.4401 	EXP 	target_square_2: autoDraw = True
158.4235 	EXP 	fixation_3: autoDraw = True
158.4401 	EXP 	target_square_2: autoDraw = False
159.4235 	EXP 	fixation_3: autoDraw = False
159.4261 	EXP 	New trial (rep=0, index=20): {'square': 3, 'location': [0.2, 0.2], 'corrAns': 1}
159.4264 	EXP 	window1: mouseVisible = False
159.4401 	EXP 	grid_lines_2: autoDraw = False
159.4401 	EXP 	target_square_2: autoDraw = False
159.4401 	EXP 	fixation_3: autoDraw = False
159.4401 	EXP 	target_square_2: pos = array([0.2, 0.2])
159.4401 	EXP 	grid_lines_2: autoDraw = True
159.4401 	EXP 	target_square_2: autoDraw = True
159.9904 	DATA 	Mouse: Left button down, pos=(912,840)
160.1904 	DATA 	Mouse:  Left button up, pos=(912,840)
160.4235 	EXP 	fixation_3: autoDraw = True
160.4401 	EXP 	target_square_2: autoDraw = False
161.4235 	EXP 	fixation_3: autoDraw = False
161.4261 	EXP 	New trial (rep=0, index=21): {'square': 4, 'location': [-0.2, 0], 'corrAns': None}
161.4264 	EXP 	window1: mouseVisible = False
161.4402 	EXP 	grid_lines_2: autoDraw = False
161.4402 	EXP 	target_square_2: autoDraw = False
161.4402 	EXP 	fixation_3: autoDraw = False
161.4402 	EXP 	target_square_2: pos = array([-0.2,  0. ])
161.4402 	EXP 	grid_lines_2: autoDraw = True
161.4402 	EXP 	target_square_2: autoDraw = True
162.4235 	EXP 	fixation_3: autoDraw = True
162.4402 	EXP 	target_square_2: autoDraw = False
163.4235 	EXP 	fixation_3: autoDraw = False
163.4266 	EXP 	New trial (rep=0, index=22): {'square': 7, 'location': [-0.2, -0.2], 'corrAns': None}
163.4269 	EXP 	window1: mouseVisible = False
163.4402 	EXP 	grid_lines_2: autoDraw = False
163.4402 	EXP 	target_square_2: autoDraw = False
163.4402 	EXP 	fixation_3: autoDraw = False
163.4402 	EXP 	target_square_2: pos = array([-0.2, -0.2])
163.4402 	EXP 	grid_lines_2: autoDraw = True
163.4402 	EXP 	target_square_2: autoDraw = True
164.4235 	EXP 	fixation_3: autoDraw = True
164.4402 	EXP 	target_square_2: autoDraw = False
165.4235 	EXP 	fixation_3: autoDraw = False
165.4262 	EXP 	New trial (rep=0, index=23): {'square': 4, 'location': [-0.2, 0], 'corrAns': 1}
165.4265 	EXP 	window1: mouseVisible = False
165.4402 	EXP 	grid_lines_2: autoDraw = False
165.4402 	EXP 	target_square_2: autoDraw = False
165.4402 	EXP 	fixation_3: autoDraw = False
165.4402 	EXP 	target_square_2: pos = array([-0.2,  0. ])
165.4402 	EXP 	grid_lines_2: autoDraw = True
165.4402 	EXP 	target_square_2: autoDraw = True
165.7738 	DATA 	Mouse: Left button down, pos=(912,840)
165.9738 	DATA 	Mouse:  Left button up, pos=(912,840)
166.4235 	EXP 	fixation_3: autoDraw = True
166.4402 	EXP 	target_square_2: autoDraw = False
167.4235 	EXP 	fixation_3: autoDraw = False
167.4261 	EXP 	New trial (rep=0, index=24): {'square': 4, 'location': [-0.2, 0], 'corrAns': None}
167.4264 	EXP 	window1: mouseVisible = False
167.4402 	EXP 	grid_lines_2: autoDraw = False
167.4402 	EXP 	target_square_2: autoDraw = False
167.4402 	EXP 	fixation_3: autoDraw = False
167.4402 	EXP 	target_square_2: pos = array([-0.2,  0. ])
167.4402 	EXP 	grid_lines_2: autoDraw = True
167.4402 	EXP 	target_square_2: autoDraw = True
168.4236 	EXP 	fixation_3: autoDraw = True
168.4402 	EXP 	target_square_2: autoDraw = False
169.4235 	EXP 	fixation_3: autoDraw = False
169.4263 	EXP 	New trial (rep=0, index=25): {'square': 5, 'location': [0, 0], 'corrAns': None}
169.4265 	EXP 	window1: mouseVisible = False
169.4402 	EXP 	grid_lines_2: autoDraw = False
169.4402 	EXP 	target_square_2: autoDraw = False
169.4402 	EXP 	fixation_3: autoDraw = False
169.4402 	EXP 	target_square_2: pos = array([0., 0.])
169.4402 	EXP 	grid_lines_2: autoDraw = True
169.4402 	EXP 	target_square_2: autoDraw = True
170.4236 	EXP 	fixation_3: autoDraw = True
170.4402 	EXP 	target_square_2: autoDraw = False
171.4236 	EXP 	fixation_3: autoDraw = False
171.4263 	EXP 	New trial (rep=0, index=26): {'square': 2, 'location': [0, 0.2], 'corrAns': None}
171.4266 	EXP 	window1: mouseVisible = False
171.4402 	EXP 	grid_lines_2: autoDraw = False
171.4402 	EXP 	target_square_2: autoDraw = False
171.4402 	EXP 	fixation_3: autoDraw = False
171.4402 	EXP 	target_square_2: pos = array([0. , 0.2])
171.4402 	EXP 	grid_lines_2: autoDraw = True
171.4402 	EXP 	target_square_2: autoDraw = True
172.4236 	EXP 	fixation_3: autoDraw = True
172.4402 	EXP 	target_square_2: autoDraw = False
173.4236 	EXP 	fixation_3: autoDraw = False
173.4261 	EXP 	New trial (rep=0, index=27): {'square': 6, 'location': [0.2, 0], 'corrAns': None}
173.4264 	EXP 	window1: mouseVisible = False
173.4402 	EXP 	grid_lines_2: autoDraw = False
173.4402 	EXP 	target_square_2: autoDraw = False
173.4402 	EXP 	fixation_3: autoDraw = False
173.4402 	EXP 	target_square_2: pos = array([0.2, 0. ])
173.4402 	EXP 	grid_lines_2: autoDraw = True
173.4402 	EXP 	target_square_2: autoDraw = True
174.4236 	EXP 	fixation_3: autoDraw = True
174.4403 	EXP 	target_square_2: autoDraw = False
175.4236 	EXP 	fixation_3: autoDraw = False
175.4263 	EXP 	New trial (rep=0, index=28): {'square': 7, 'location': [-0.2, -0.2], 'corrAns': None}
175.4266 	EXP 	window1: mouseVisible = False
175.4403 	EXP 	grid_lines_2: autoDraw = False
175.4403 	EXP 	target_square_2: autoDraw = False
175.4403 	EXP 	fixation_3: autoDraw = False
175.4403 	EXP 	target_square_2: pos = array([-0.2, -0.2])
175.4403 	EXP 	grid_lines_2: autoDraw = True
175.4403 	EXP 	target_square_2: autoDraw = True
176.4237 	EXP 	fixation_3: autoDraw = True
176.4403 	EXP 	target_square_2: autoDraw = False
177.4237 	EXP 	fixation_3: autoDraw = False
177.4262 	EXP 	New trial (rep=0, index=29): {'square': 6, 'location': [0.2, 0], 'corrAns': 1}
177.4265 	EXP 	window1: mouseVisible = False
177.4403 	EXP 	grid_lines_2: autoDraw = False
177.4403 	EXP 	target_square_2: autoDraw = False
177.4403 	EXP 	fixation_3: autoDraw = False
177.4403 	EXP 	target_square_2: pos = array([0.2, 0. ])
177.4403 	EXP 	grid_lines_2: autoDraw = True
177.4403 	EXP 	target_square_2: autoDraw = True
177.9093 	DATA 	Mouse: Left button down, pos=(912,840)
178.0906 	DATA 	Mouse:  Left button up, pos=(912,840)
178.4236 	EXP 	fixation_3: autoDraw = True
178.4403 	EXP 	target_square_2: autoDraw = False
179.4237 	EXP 	fixation_3: autoDraw = False
179.4263 	EXP 	New trial (rep=0, index=30): {'square': 6, 'location': [0.2, 0], 'corrAns': None}
179.4266 	EXP 	window1: mouseVisible = False
179.4403 	EXP 	grid_lines_2: autoDraw = False
179.4403 	EXP 	target_square_2: autoDraw = False
179.4403 	EXP 	fixation_3: autoDraw = False
179.4403 	EXP 	target_square_2: pos = array([0.2, 0. ])
179.4403 	EXP 	grid_lines_2: autoDraw = True
179.4403 	EXP 	target_square_2: autoDraw = True
180.4236 	EXP 	fixation_3: autoDraw = True
180.4403 	EXP 	target_square_2: autoDraw = False
181.4237 	EXP 	fixation_3: autoDraw = False
181.4263 	EXP 	New trial (rep=0, index=31): {'square': 7, 'location': [-0.2, -0.2], 'corrAns': None}
181.4266 	EXP 	window1: mouseVisible = False
181.4403 	EXP 	grid_lines_2: autoDraw = False
181.4403 	EXP 	target_square_2: autoDraw = False
181.4403 	EXP 	fixation_3: autoDraw = False
181.4403 	EXP 	target_square_2: pos = array([-0.2, -0.2])
181.4403 	EXP 	grid_lines_2: autoDraw = True
181.4403 	EXP 	target_square_2: autoDraw = True
181.9239 	DATA 	Mouse: Left button down, pos=(912,840)
182.1072 	DATA 	Mouse:  Left button up, pos=(912,840)
182.4237 	EXP 	fixation_3: autoDraw = True
182.4403 	EXP 	target_square_2: autoDraw = False
183.4237 	EXP 	fixation_3: autoDraw = False
183.4264 	EXP 	New trial (rep=0, index=32): {'square': 6, 'location': [0.2, 0], 'corrAns': 1}
183.4267 	EXP 	window1: mouseVisible = False
183.4403 	EXP 	grid_lines_2: autoDraw = False
183.4403 	EXP 	target_square_2: autoDraw = False
183.4403 	EXP 	fixation_3: autoDraw = False
183.4403 	EXP 	target_square_2: pos = array([0.2, 0. ])
183.4403 	EXP 	grid_lines_2: autoDraw = True
183.4403 	EXP 	target_square_2: autoDraw = True
184.3239 	DATA 	Mouse: Left button down, pos=(912,840)
184.4237 	EXP 	fixation_3: autoDraw = True
184.4403 	EXP 	target_square_2: autoDraw = False
184.4739 	DATA 	Mouse:  Left button up, pos=(912,840)
185.4237 	EXP 	fixation_3: autoDraw = False
185.4263 	EXP 	New trial (rep=0, index=33): {'square': 2, 'location': [0, 0.2], 'corrAns': None}
185.4266 	EXP 	window1: mouseVisible = False
185.4404 	EXP 	grid_lines_2: autoDraw = False
185.4404 	EXP 	target_square_2: autoDraw = False
185.4404 	EXP 	fixation_3: autoDraw = False
185.4404 	EXP 	target_square_2: pos = array([0. , 0.2])
185.4404 	EXP 	grid_lines_2: autoDraw = True
185.4404 	EXP 	target_square_2: autoDraw = True
186.4237 	EXP 	fixation_3: autoDraw = True
186.4404 	EXP 	target_square_2: autoDraw = False
187.4237 	EXP 	fixation_3: autoDraw = False
187.4262 	EXP 	New trial (rep=0, index=34): {'square': 5, 'location': [0, 0], 'corrAns': None}
187.4265 	EXP 	window1: mouseVisible = False
187.4404 	EXP 	grid_lines_2: autoDraw = False
187.4404 	EXP 	target_square_2: autoDraw = False
187.4404 	EXP 	fixation_3: autoDraw = False
187.4404 	EXP 	target_square_2: pos = array([0., 0.])
187.4404 	EXP 	grid_lines_2: autoDraw = True
187.4404 	EXP 	target_square_2: autoDraw = True
188.4237 	EXP 	fixation_3: autoDraw = True
188.4404 	EXP 	target_square_2: autoDraw = False
189.4237 	EXP 	fixation_3: autoDraw = False
189.4268 	EXP 	New trial (rep=0, index=35): {'square': 4, 'location': [-0.2, 0], 'corrAns': None}
189.4271 	EXP 	window1: mouseVisible = False
189.4404 	EXP 	grid_lines_2: autoDraw = False
189.4404 	EXP 	target_square_2: autoDraw = False
189.4404 	EXP 	fixation_3: autoDraw = False
189.4404 	EXP 	target_square_2: pos = array([-0.2,  0. ])
189.4404 	EXP 	grid_lines_2: autoDraw = True
189.4404 	EXP 	target_square_2: autoDraw = True
190.4237 	EXP 	fixation_3: autoDraw = True
190.4404 	EXP 	target_square_2: autoDraw = False
191.4237 	EXP 	fixation_3: autoDraw = False
191.4267 	EXP 	New trial (rep=0, index=36): {'square': 4, 'location': [-0.2, 0], 'corrAns': None}
191.4269 	EXP 	window1: mouseVisible = False
191.4404 	EXP 	grid_lines_2: autoDraw = False
191.4404 	EXP 	target_square_2: autoDraw = False
191.4404 	EXP 	fixation_3: autoDraw = False
191.4404 	EXP 	target_square_2: pos = array([-0.2,  0. ])
191.4404 	EXP 	grid_lines_2: autoDraw = True
191.4404 	EXP 	target_square_2: autoDraw = True
192.4238 	EXP 	fixation_3: autoDraw = True
192.4404 	EXP 	target_square_2: autoDraw = False
193.4237 	EXP 	fixation_3: autoDraw = False
193.4264 	EXP 	New trial (rep=0, index=37): {'square': 7, 'location': [-0.2, -0.2], 'corrAns': None}
193.4267 	EXP 	window1: mouseVisible = False
193.4404 	EXP 	grid_lines_2: autoDraw = False
193.4404 	EXP 	target_square_2: autoDraw = False
193.4404 	EXP 	fixation_3: autoDraw = False
193.4404 	EXP 	target_square_2: pos = array([-0.2, -0.2])
193.4404 	EXP 	grid_lines_2: autoDraw = True
193.4404 	EXP 	target_square_2: autoDraw = True
194.4238 	EXP 	fixation_3: autoDraw = True
194.4404 	EXP 	target_square_2: autoDraw = False
195.4238 	EXP 	fixation_3: autoDraw = False
195.4264 	EXP 	New trial (rep=0, index=38): {'square': 4, 'location': [-0.2, 0], 'corrAns': 1}
195.4267 	EXP 	window1: mouseVisible = False
195.4404 	EXP 	grid_lines_2: autoDraw = False
195.4404 	EXP 	target_square_2: autoDraw = False
195.4404 	EXP 	fixation_3: autoDraw = False
195.4404 	EXP 	target_square_2: pos = array([-0.2,  0. ])
195.4404 	EXP 	grid_lines_2: autoDraw = True
195.4404 	EXP 	target_square_2: autoDraw = True
195.9740 	DATA 	Mouse: Left button down, pos=(912,840)
196.1240 	DATA 	Mouse:  Left button up, pos=(912,840)
196.4238 	EXP 	fixation_3: autoDraw = True
196.4404 	EXP 	target_square_2: autoDraw = False
197.4238 	EXP 	fixation_3: autoDraw = False
197.4263 	EXP 	New trial (rep=0, index=39): {'square': 3, 'location': [0.2, 0.2], 'corrAns': None}
197.4266 	EXP 	window1: mouseVisible = False
197.4404 	EXP 	grid_lines_2: autoDraw = False
197.4404 	EXP 	target_square_2: autoDraw = False
197.4404 	EXP 	fixation_3: autoDraw = False
197.4404 	EXP 	target_square_2: pos = array([0.2, 0.2])
197.4404 	EXP 	grid_lines_2: autoDraw = True
197.4404 	EXP 	target_square_2: autoDraw = True
198.4238 	EXP 	fixation_3: autoDraw = True
198.4404 	EXP 	target_square_2: autoDraw = False
199.4238 	EXP 	fixation_3: autoDraw = False
199.4266 	EXP 	New trial (rep=0, index=40): {'square': 5, 'location': [0, 0], 'corrAns': None}
199.4268 	EXP 	window1: mouseVisible = False
199.4405 	EXP 	grid_lines_2: autoDraw = False
199.4405 	EXP 	target_square_2: autoDraw = False
199.4405 	EXP 	fixation_3: autoDraw = False
199.4405 	EXP 	target_square_2: pos = array([0., 0.])
199.4405 	EXP 	grid_lines_2: autoDraw = True
199.4405 	EXP 	target_square_2: autoDraw = True
199.9574 	DATA 	Mouse: Left button down, pos=(912,840)
200.1573 	DATA 	Mouse:  Left button up, pos=(912,840)
200.4238 	EXP 	fixation_3: autoDraw = True
200.4405 	EXP 	target_square_2: autoDraw = False
201.4238 	EXP 	fixation_3: autoDraw = False
201.4264 	EXP 	New trial (rep=0, index=41): {'square': 3, 'location': [0.2, 0.2], 'corrAns': 1}
201.4267 	EXP 	window1: mouseVisible = False
201.4405 	EXP 	grid_lines_2: autoDraw = False
201.4405 	EXP 	target_square_2: autoDraw = False
201.4405 	EXP 	fixation_3: autoDraw = False
201.4405 	EXP 	target_square_2: pos = array([0.2, 0.2])
201.4405 	EXP 	grid_lines_2: autoDraw = True
201.4405 	EXP 	target_square_2: autoDraw = True
202.1074 	DATA 	Mouse: Left button down, pos=(912,840)
202.2574 	DATA 	Mouse:  Left button up, pos=(912,840)
202.4238 	EXP 	fixation_3: autoDraw = True
202.4405 	EXP 	target_square_2: autoDraw = False
203.4238 	EXP 	fixation_3: autoDraw = False
203.4264 	EXP 	New trial (rep=0, index=42): {'square': 1, 'location': [-0.2, 0.2], 'corrAns': None}
203.4267 	EXP 	window1: mouseVisible = False
203.4405 	EXP 	grid_lines_2: autoDraw = False
203.4405 	EXP 	target_square_2: autoDraw = False
203.4405 	EXP 	fixation_3: autoDraw = False
203.4405 	EXP 	target_square_2: pos = array([-0.2,  0.2])
203.4405 	EXP 	grid_lines_2: autoDraw = True
203.4405 	EXP 	target_square_2: autoDraw = True
204.4238 	EXP 	fixation_3: autoDraw = True
204.4405 	EXP 	target_square_2: autoDraw = False
205.4238 	EXP 	fixation_3: autoDraw = False
205.4264 	EXP 	New trial (rep=0, index=43): {'square': 9, 'location': [0.2, -0.2], 'corrAns': None}
205.4267 	EXP 	window1: mouseVisible = False
205.4405 	EXP 	grid_lines_2: autoDraw = False
205.4405 	EXP 	target_square_2: autoDraw = False
205.4405 	EXP 	fixation_3: autoDraw = False
205.4405 	EXP 	target_square_2: pos = array([ 0.2, -0.2])
205.4405 	EXP 	grid_lines_2: autoDraw = True
205.4405 	EXP 	target_square_2: autoDraw = True
206.4239 	EXP 	fixation_3: autoDraw = True
206.4405 	EXP 	target_square_2: autoDraw = False
207.4237 	EXP 	fixation_3: autoDraw = False
207.4265 	EXP 	New trial (rep=0, index=44): {'square': 9, 'location': [0.2, -0.2], 'corrAns': None}
207.4268 	EXP 	window1: mouseVisible = False
207.4405 	EXP 	grid_lines_2: autoDraw = False
207.4405 	EXP 	target_square_2: autoDraw = False
207.4405 	EXP 	fixation_3: autoDraw = False
207.4405 	EXP 	target_square_2: pos = array([ 0.2, -0.2])
207.4405 	EXP 	grid_lines_2: autoDraw = True
207.4405 	EXP 	target_square_2: autoDraw = True
208.4239 	EXP 	fixation_3: autoDraw = True
208.4405 	EXP 	target_square_2: autoDraw = False
209.4238 	EXP 	fixation_3: autoDraw = False
209.4264 	EXP 	New trial (rep=0, index=45): {'square': 8, 'location': [0, -0.2], 'corrAns': None}
209.4267 	EXP 	window1: mouseVisible = False
209.4405 	EXP 	grid_lines_2: autoDraw = False
209.4405 	EXP 	target_square_2: autoDraw = False
209.4405 	EXP 	fixation_3: autoDraw = False
209.4405 	EXP 	target_square_2: pos = array([ 0. , -0.2])
209.4405 	EXP 	grid_lines_2: autoDraw = True
209.4405 	EXP 	target_square_2: autoDraw = True
210.4239 	EXP 	fixation_3: autoDraw = True
210.4405 	EXP 	target_square_2: autoDraw = False
211.4239 	EXP 	fixation_3: autoDraw = False
211.4264 	EXP 	New trial (rep=0, index=46): {'square': 6, 'location': [0.2, 0], 'corrAns': None}
211.4267 	EXP 	window1: mouseVisible = False
211.4405 	EXP 	grid_lines_2: autoDraw = False
211.4405 	EXP 	target_square_2: autoDraw = False
211.4405 	EXP 	fixation_3: autoDraw = False
211.4405 	EXP 	target_square_2: pos = array([0.2, 0. ])
211.4405 	EXP 	grid_lines_2: autoDraw = True
211.4405 	EXP 	target_square_2: autoDraw = True
212.4239 	EXP 	fixation_3: autoDraw = True
212.4406 	EXP 	target_square_2: autoDraw = False
213.4239 	EXP 	fixation_3: autoDraw = False
213.4265 	EXP 	New trial (rep=0, index=47): {'square': 3, 'location': [0.2, 0.2], 'corrAns': None}
213.4268 	EXP 	window1: mouseVisible = False
213.4406 	EXP 	grid_lines_2: autoDraw = False
213.4406 	EXP 	target_square_2: autoDraw = False
213.4406 	EXP 	fixation_3: autoDraw = False
213.4406 	EXP 	target_square_2: pos = array([0.2, 0.2])
213.4406 	EXP 	grid_lines_2: autoDraw = True
213.4406 	EXP 	target_square_2: autoDraw = True
214.4239 	EXP 	fixation_3: autoDraw = True
214.4406 	EXP 	target_square_2: autoDraw = False
215.4239 	EXP 	fixation_3: autoDraw = False
215.4265 	EXP 	New trial (rep=0, index=48): {'square': 6, 'location': [0.2, 0], 'corrAns': 1}
215.4268 	EXP 	window1: mouseVisible = False
215.4406 	EXP 	grid_lines_2: autoDraw = False
215.4406 	EXP 	target_square_2: autoDraw = False
215.4406 	EXP 	fixation_3: autoDraw = False
215.4406 	EXP 	target_square_2: pos = array([0.2, 0. ])
215.4406 	EXP 	grid_lines_2: autoDraw = True
215.4406 	EXP 	target_square_2: autoDraw = True
215.8575 	DATA 	Mouse: Left button down, pos=(912,840)
216.0408 	DATA 	Mouse:  Left button up, pos=(912,840)
216.4239 	EXP 	fixation_3: autoDraw = True
216.4406 	EXP 	target_square_2: autoDraw = False
217.4239 	EXP 	fixation_3: autoDraw = False
217.4265 	EXP 	New trial (rep=0, index=49): {'square': 5, 'location': [0, 0], 'corrAns': None}
217.4268 	EXP 	window1: mouseVisible = False
217.4406 	EXP 	grid_lines_2: autoDraw = False
217.4406 	EXP 	target_square_2: autoDraw = False
217.4406 	EXP 	fixation_3: autoDraw = False
217.4406 	EXP 	target_square_2: pos = array([0., 0.])
217.4406 	EXP 	grid_lines_2: autoDraw = True
217.4406 	EXP 	target_square_2: autoDraw = True
218.4239 	EXP 	fixation_3: autoDraw = True
218.4406 	EXP 	target_square_2: autoDraw = False
219.4239 	EXP 	fixation_3: autoDraw = False
219.4266 	EXP 	New trial (rep=0, index=50): {'square': 7, 'location': [-0.2, -0.2], 'corrAns': None}
219.4269 	EXP 	window1: mouseVisible = False
219.4406 	EXP 	grid_lines_2: autoDraw = False
219.4406 	EXP 	target_square_2: autoDraw = False
219.4406 	EXP 	fixation_3: autoDraw = False
219.4406 	EXP 	target_square_2: pos = array([-0.2, -0.2])
219.4406 	EXP 	grid_lines_2: autoDraw = True
219.4406 	EXP 	target_square_2: autoDraw = True
220.4240 	EXP 	fixation_3: autoDraw = True
220.4406 	EXP 	target_square_2: autoDraw = False
221.4240 	EXP 	fixation_3: autoDraw = False
221.4265 	EXP 	New trial (rep=0, index=51): {'square': 5, 'location': [0, 0], 'corrAns': 1}
221.4268 	EXP 	window1: mouseVisible = False
221.4406 	EXP 	grid_lines_2: autoDraw = False
221.4406 	EXP 	target_square_2: autoDraw = False
221.4406 	EXP 	fixation_3: autoDraw = False
221.4406 	EXP 	target_square_2: pos = array([0., 0.])
221.4406 	EXP 	grid_lines_2: autoDraw = True
221.4406 	EXP 	target_square_2: autoDraw = True
221.7909 	DATA 	Mouse: Left button down, pos=(912,840)
222.0078 	DATA 	Mouse:  Left button up, pos=(912,840)
222.4240 	EXP 	fixation_3: autoDraw = True
222.4406 	EXP 	target_square_2: autoDraw = False
223.4240 	EXP 	fixation_3: autoDraw = False
223.4266 	EXP 	New trial (rep=0, index=52): {'square': 1, 'location': [-0.2, 0.2], 'corrAns': None}
223.4269 	EXP 	window1: mouseVisible = False
223.4406 	EXP 	grid_lines_2: autoDraw = False
223.4406 	EXP 	target_square_2: autoDraw = False
223.4406 	EXP 	fixation_3: autoDraw = False
223.4406 	EXP 	target_square_2: pos = array([-0.2,  0.2])
223.4406 	EXP 	grid_lines_2: autoDraw = True
223.4406 	EXP 	target_square_2: autoDraw = True
224.4240 	EXP 	fixation_3: autoDraw = True
224.4407 	EXP 	target_square_2: autoDraw = False
225.4240 	EXP 	fixation_3: autoDraw = False
225.4269 	EXP 	New trial (rep=0, index=53): {'square': 7, 'location': [-0.2, -0.2], 'corrAns': None}
225.4272 	EXP 	window1: mouseVisible = False
225.4407 	EXP 	grid_lines_2: autoDraw = False
225.4407 	EXP 	target_square_2: autoDraw = False
225.4407 	EXP 	fixation_3: autoDraw = False
225.4407 	EXP 	target_square_2: pos = array([-0.2, -0.2])
225.4407 	EXP 	grid_lines_2: autoDraw = True
225.4407 	EXP 	target_square_2: autoDraw = True
226.4240 	EXP 	fixation_3: autoDraw = True
226.4407 	EXP 	target_square_2: autoDraw = False
227.4240 	EXP 	fixation_3: autoDraw = False
227.4266 	EXP 	New trial (rep=0, index=54): {'square': 9, 'location': [0.2, -0.2], 'corrAns': None}
227.4269 	EXP 	window1: mouseVisible = False
227.4407 	EXP 	grid_lines_2: autoDraw = False
227.4407 	EXP 	target_square_2: autoDraw = False
227.4407 	EXP 	fixation_3: autoDraw = False
227.4407 	EXP 	target_square_2: pos = array([ 0.2, -0.2])
227.4407 	EXP 	grid_lines_2: autoDraw = True
227.4407 	EXP 	target_square_2: autoDraw = True
228.4240 	EXP 	fixation_3: autoDraw = True
228.4407 	EXP 	target_square_2: autoDraw = False
229.4240 	EXP 	fixation_3: autoDraw = False
229.4266 	EXP 	New trial (rep=0, index=55): {'square': 3, 'location': [0.2, 0.2], 'corrAns': None}
229.4270 	EXP 	window1: mouseVisible = False
229.4407 	EXP 	grid_lines_2: autoDraw = False
229.4407 	EXP 	target_square_2: autoDraw = False
229.4407 	EXP 	fixation_3: autoDraw = False
229.4407 	EXP 	target_square_2: pos = array([0.2, 0.2])
229.4407 	EXP 	grid_lines_2: autoDraw = True
229.4407 	EXP 	target_square_2: autoDraw = True
230.4240 	EXP 	fixation_3: autoDraw = True
230.4407 	EXP 	target_square_2: autoDraw = False
231.4240 	EXP 	fixation_3: autoDraw = False
231.4266 	EXP 	New trial (rep=0, index=56): {'square': 9, 'location': [0.2, -0.2], 'corrAns': 1}
231.4269 	EXP 	window1: mouseVisible = False
231.4407 	EXP 	grid_lines_2: autoDraw = False
231.4407 	EXP 	target_square_2: autoDraw = False
231.4407 	EXP 	fixation_3: autoDraw = False
231.4407 	EXP 	target_square_2: pos = array([ 0.2, -0.2])
231.4407 	EXP 	grid_lines_2: autoDraw = True
231.4407 	EXP 	target_square_2: autoDraw = True
231.7576 	DATA 	Mouse: Left button down, pos=(912,840)
231.9743 	DATA 	Mouse:  Left button up, pos=(912,840)
232.4241 	EXP 	fixation_3: autoDraw = True
232.4407 	EXP 	target_square_2: autoDraw = False
233.4240 	EXP 	fixation_3: autoDraw = False
233.4266 	EXP 	New trial (rep=0, index=57): {'square': 6, 'location': [0.2, 0], 'corrAns': None}
233.4269 	EXP 	window1: mouseVisible = False
233.4407 	EXP 	grid_lines_2: autoDraw = False
233.4407 	EXP 	target_square_2: autoDraw = False
233.4407 	EXP 	fixation_3: autoDraw = False
233.4407 	EXP 	target_square_2: pos = array([0.2, 0. ])
233.4407 	EXP 	grid_lines_2: autoDraw = True
233.4407 	EXP 	target_square_2: autoDraw = True
234.4240 	EXP 	fixation_3: autoDraw = True
234.4407 	EXP 	target_square_2: autoDraw = False
235.4241 	EXP 	fixation_3: autoDraw = False
235.4267 	EXP 	New trial (rep=0, index=58): {'square': 2, 'location': [0, 0.2], 'corrAns': None}
235.4270 	EXP 	window1: mouseVisible = False
235.4407 	EXP 	grid_lines_2: autoDraw = False
235.4407 	EXP 	target_square_2: autoDraw = False
235.4407 	EXP 	fixation_3: autoDraw = False
235.4407 	EXP 	target_square_2: pos = array([0. , 0.2])
235.4407 	EXP 	grid_lines_2: autoDraw = True
235.4407 	EXP 	target_square_2: autoDraw = True
236.4241 	EXP 	fixation_3: autoDraw = True
236.4407 	EXP 	target_square_2: autoDraw = False
237.4241 	EXP 	fixation_3: autoDraw = False
237.4266 	EXP 	New trial (rep=0, index=59): {'square': 5, 'location': [0, 0], 'corrAns': None}
237.4269 	EXP 	window1: mouseVisible = False
237.4408 	EXP 	grid_lines_2: autoDraw = False
237.4408 	EXP 	target_square_2: autoDraw = False
237.4408 	EXP 	fixation_3: autoDraw = False
237.4408 	EXP 	target_square_2: pos = array([0., 0.])
237.4408 	EXP 	grid_lines_2: autoDraw = True
237.4408 	EXP 	target_square_2: autoDraw = True
238.4241 	EXP 	fixation_3: autoDraw = True
238.4407 	EXP 	target_square_2: autoDraw = False
239.4241 	EXP 	fixation_3: autoDraw = False
239.4269 	EXP 	New trial (rep=0, index=60): {'square': 5, 'location': [0, 0], 'corrAns': None}
239.4271 	EXP 	window1: mouseVisible = False
239.4408 	EXP 	grid_lines_2: autoDraw = False
239.4408 	EXP 	target_square_2: autoDraw = False
239.4408 	EXP 	fixation_3: autoDraw = False
239.4408 	EXP 	target_square_2: pos = array([0., 0.])
239.4408 	EXP 	grid_lines_2: autoDraw = True
239.4408 	EXP 	target_square_2: autoDraw = True
240.4241 	EXP 	fixation_3: autoDraw = True
240.4408 	EXP 	target_square_2: autoDraw = False
241.4241 	EXP 	fixation_3: autoDraw = False
241.4267 	EXP 	New trial (rep=0, index=61): {'square': 2, 'location': [0, 0.2], 'corrAns': None}
241.4270 	EXP 	window1: mouseVisible = False
241.4408 	EXP 	grid_lines_2: autoDraw = False
241.4408 	EXP 	target_square_2: autoDraw = False
241.4408 	EXP 	fixation_3: autoDraw = False
241.4408 	EXP 	target_square_2: pos = array([0. , 0.2])
241.4408 	EXP 	grid_lines_2: autoDraw = True
241.4408 	EXP 	target_square_2: autoDraw = True
241.9577 	DATA 	Mouse: Left button down, pos=(912,840)
242.1410 	DATA 	Mouse:  Left button up, pos=(912,840)
242.4241 	EXP 	fixation_3: autoDraw = True
242.4408 	EXP 	target_square_2: autoDraw = False
243.4241 	EXP 	fixation_3: autoDraw = False
243.4271 	EXP 	New trial (rep=0, index=62): {'square': 6, 'location': [0.2, 0], 'corrAns': None}
243.4274 	EXP 	window1: mouseVisible = False
243.4407 	EXP 	grid_lines_2: autoDraw = False
243.4407 	EXP 	target_square_2: autoDraw = False
243.4407 	EXP 	fixation_3: autoDraw = False
243.4407 	EXP 	target_square_2: pos = array([0.2, 0. ])
243.4407 	EXP 	grid_lines_2: autoDraw = True
243.4407 	EXP 	target_square_2: autoDraw = True
244.4241 	EXP 	fixation_3: autoDraw = True
244.4408 	EXP 	target_square_2: autoDraw = False
245.4241 	EXP 	fixation_3: autoDraw = False
245.4270 	EXP 	New trial (rep=0, index=63): {'square': 9, 'location': [0.2, -0.2], 'corrAns': None}
245.4273 	EXP 	window1: mouseVisible = False
245.4408 	EXP 	grid_lines_2: autoDraw = False
245.4408 	EXP 	target_square_2: autoDraw = False
245.4408 	EXP 	fixation_3: autoDraw = False
245.4408 	EXP 	target_square_2: pos = array([ 0.2, -0.2])
245.4408 	EXP 	grid_lines_2: autoDraw = True
245.4408 	EXP 	target_square_2: autoDraw = True
246.4241 	EXP 	fixation_3: autoDraw = True
246.4408 	EXP 	target_square_2: autoDraw = False
247.4242 	EXP 	fixation_3: autoDraw = False
247.4269 	EXP 	New trial (rep=0, index=64): {'square': 3, 'location': [0.2, 0.2], 'corrAns': None}
247.4272 	EXP 	window1: mouseVisible = False
247.4408 	EXP 	grid_lines_2: autoDraw = False
247.4408 	EXP 	target_square_2: autoDraw = False
247.4408 	EXP 	fixation_3: autoDraw = False
247.4408 	EXP 	target_square_2: pos = array([0.2, 0.2])
247.4408 	EXP 	grid_lines_2: autoDraw = True
247.4408 	EXP 	target_square_2: autoDraw = True
248.4242 	EXP 	fixation_3: autoDraw = True
248.4409 	EXP 	target_square_2: autoDraw = False
249.4242 	EXP 	fixation_3: autoDraw = False
249.4270 	EXP 	New trial (rep=0, index=65): {'square': 9, 'location': [0.2, -0.2], 'corrAns': 1}
249.4273 	EXP 	window1: mouseVisible = False
249.4409 	EXP 	grid_lines_2: autoDraw = False
249.4409 	EXP 	target_square_2: autoDraw = False
249.4409 	EXP 	fixation_3: autoDraw = False
249.4409 	EXP 	target_square_2: pos = array([ 0.2, -0.2])
249.4409 	EXP 	grid_lines_2: autoDraw = True
249.4409 	EXP 	target_square_2: autoDraw = True
250.0093 	DATA 	Mouse: Left button down, pos=(912,840)
250.1910 	DATA 	Mouse:  Left button up, pos=(912,840)
250.4242 	EXP 	fixation_3: autoDraw = True
250.4409 	EXP 	target_square_2: autoDraw = False
251.4242 	EXP 	fixation_3: autoDraw = False
251.4268 	EXP 	New trial (rep=0, index=66): {'square': 7, 'location': [-0.2, -0.2], 'corrAns': None}
251.4271 	EXP 	window1: mouseVisible = False
251.4409 	EXP 	grid_lines_2: autoDraw = False
251.4409 	EXP 	target_square_2: autoDraw = False
251.4409 	EXP 	fixation_3: autoDraw = False
251.4409 	EXP 	target_square_2: pos = array([-0.2, -0.2])
251.4409 	EXP 	grid_lines_2: autoDraw = True
251.4409 	EXP 	target_square_2: autoDraw = True
252.4242 	EXP 	fixation_3: autoDraw = True
252.4409 	EXP 	target_square_2: autoDraw = False
253.4242 	EXP 	fixation_3: autoDraw = False
253.4271 	EXP 	New trial (rep=0, index=67): {'square': 1, 'location': [-0.2, 0.2], 'corrAns': None}
253.4274 	EXP 	window1: mouseVisible = False
253.4409 	EXP 	grid_lines_2: autoDraw = False
253.4409 	EXP 	target_square_2: autoDraw = False
253.4409 	EXP 	fixation_3: autoDraw = False
253.4409 	EXP 	target_square_2: pos = array([-0.2,  0.2])
253.4409 	EXP 	grid_lines_2: autoDraw = True
253.4409 	EXP 	target_square_2: autoDraw = True
254.4242 	EXP 	fixation_3: autoDraw = True
254.4409 	EXP 	target_square_2: autoDraw = False
255.4242 	EXP 	fixation_3: autoDraw = False
255.4268 	EXP 	New trial (rep=0, index=68): {'square': 5, 'location': [0, 0], 'corrAns': None}
255.4271 	EXP 	window1: mouseVisible = False
255.4409 	EXP 	grid_lines_2: autoDraw = False
255.4409 	EXP 	target_square_2: autoDraw = False
255.4409 	EXP 	fixation_3: autoDraw = False
255.4409 	EXP 	target_square_2: pos = array([0., 0.])
255.4409 	EXP 	grid_lines_2: autoDraw = True
255.4409 	EXP 	target_square_2: autoDraw = True
256.4242 	EXP 	fixation_3: autoDraw = True
256.4409 	EXP 	target_square_2: autoDraw = False
257.4242 	EXP 	fixation_3: autoDraw = False
257.4268 	EXP 	New trial (rep=0, index=69): {'square': 7, 'location': [-0.2, -0.2], 'corrAns': None}
257.4271 	EXP 	window1: mouseVisible = False
257.4409 	EXP 	grid_lines_2: autoDraw = False
257.4409 	EXP 	target_square_2: autoDraw = False
257.4409 	EXP 	fixation_3: autoDraw = False
257.4409 	EXP 	target_square_2: pos = array([-0.2, -0.2])
257.4409 	EXP 	grid_lines_2: autoDraw = True
257.4409 	EXP 	target_square_2: autoDraw = True
258.4243 	EXP 	fixation_3: autoDraw = True
258.4409 	EXP 	target_square_2: autoDraw = False
259.4242 	EXP 	fixation_3: autoDraw = False
259.4269 	EXP 	New trial (rep=0, index=70): {'square': 5, 'location': [0, 0], 'corrAns': 1}
259.4272 	EXP 	window1: mouseVisible = False
259.4408 	EXP 	grid_lines_2: autoDraw = False
259.4408 	EXP 	target_square_2: autoDraw = False
259.4408 	EXP 	fixation_3: autoDraw = False
259.4408 	EXP 	target_square_2: pos = array([0., 0.])
259.4408 	EXP 	grid_lines_2: autoDraw = True
259.4408 	EXP 	target_square_2: autoDraw = True
260.2578 	DATA 	Mouse: Left button down, pos=(912,840)
260.4242 	EXP 	fixation_3: autoDraw = True
260.4244 	DATA 	Mouse:  Left button up, pos=(912,840)
260.4409 	EXP 	target_square_2: autoDraw = False
261.4243 	EXP 	fixation_3: autoDraw = False
261.4268 	EXP 	New trial (rep=0, index=71): {'square': 6, 'location': [0.2, 0], 'corrAns': None}
261.4271 	EXP 	window1: mouseVisible = False
261.4410 	EXP 	grid_lines_2: autoDraw = False
261.4410 	EXP 	target_square_2: autoDraw = False
261.4410 	EXP 	fixation_3: autoDraw = False
261.4410 	EXP 	target_square_2: pos = array([0.2, 0. ])
261.4410 	EXP 	grid_lines_2: autoDraw = True
261.4410 	EXP 	target_square_2: autoDraw = True
262.4243 	EXP 	fixation_3: autoDraw = True
262.4409 	EXP 	target_square_2: autoDraw = False
263.4243 	EXP 	fixation_3: autoDraw = False
263.4269 	EXP 	New trial (rep=0, index=72): {'square': 3, 'location': [0.2, 0.2], 'corrAns': None}
263.4272 	EXP 	window1: mouseVisible = False
263.4409 	EXP 	grid_lines_2: autoDraw = False
263.4409 	EXP 	target_square_2: autoDraw = False
263.4409 	EXP 	fixation_3: autoDraw = False
263.4409 	EXP 	target_square_2: pos = array([0.2, 0.2])
263.4409 	EXP 	grid_lines_2: autoDraw = True
263.4409 	EXP 	target_square_2: autoDraw = True
264.4243 	EXP 	fixation_3: autoDraw = True
264.4410 	EXP 	target_square_2: autoDraw = False
265.4243 	EXP 	fixation_3: autoDraw = False
265.4270 	EXP 	New trial (rep=0, index=73): {'square': 6, 'location': [0.2, 0], 'corrAns': 1}
265.4273 	EXP 	window1: mouseVisible = False
265.4410 	EXP 	grid_lines_2: autoDraw = False
265.4410 	EXP 	target_square_2: autoDraw = False
265.4410 	EXP 	fixation_3: autoDraw = False
265.4410 	EXP 	target_square_2: pos = array([0.2, 0. ])
265.4410 	EXP 	grid_lines_2: autoDraw = True
265.4410 	EXP 	target_square_2: autoDraw = True
266.1746 	DATA 	Mouse: Left button down, pos=(912,840)
266.3411 	DATA 	Mouse:  Left button up, pos=(912,840)
266.4243 	EXP 	fixation_3: autoDraw = True
266.4410 	EXP 	target_square_2: autoDraw = False
267.4243 	EXP 	fixation_3: autoDraw = False
267.4269 	EXP 	New trial (rep=0, index=74): {'square': 8, 'location': [0, -0.2], 'corrAns': None}
267.4272 	EXP 	window1: mouseVisible = False
267.4410 	EXP 	grid_lines_2: autoDraw = False
267.4410 	EXP 	target_square_2: autoDraw = False
267.4410 	EXP 	fixation_3: autoDraw = False
267.4410 	EXP 	target_square_2: pos = array([ 0. , -0.2])
267.4410 	EXP 	grid_lines_2: autoDraw = True
267.4410 	EXP 	target_square_2: autoDraw = True
268.4243 	EXP 	fixation_3: autoDraw = True
268.4410 	EXP 	target_square_2: autoDraw = False
269.4243 	EXP 	fixation_3: autoDraw = False
269.4270 	EXP 	New trial (rep=0, index=75): {'square': 9, 'location': [0.2, -0.2], 'corrAns': None}
269.4273 	EXP 	window1: mouseVisible = False
269.4410 	EXP 	grid_lines_2: autoDraw = False
269.4410 	EXP 	target_square_2: autoDraw = False
269.4410 	EXP 	fixation_3: autoDraw = False
269.4410 	EXP 	target_square_2: pos = array([ 0.2, -0.2])
269.4410 	EXP 	grid_lines_2: autoDraw = True
269.4410 	EXP 	target_square_2: autoDraw = True
270.4243 	EXP 	fixation_3: autoDraw = True
270.4410 	EXP 	target_square_2: autoDraw = False
271.4243 	EXP 	fixation_3: autoDraw = False
271.4270 	EXP 	New trial (rep=0, index=76): {'square': 9, 'location': [0.2, -0.2], 'corrAns': None}
271.4273 	EXP 	window1: mouseVisible = False
271.4410 	EXP 	grid_lines_2: autoDraw = False
271.4410 	EXP 	target_square_2: autoDraw = False
271.4410 	EXP 	fixation_3: autoDraw = False
271.4410 	EXP 	target_square_2: pos = array([ 0.2, -0.2])
271.4410 	EXP 	grid_lines_2: autoDraw = True
271.4410 	EXP 	target_square_2: autoDraw = True
272.4243 	EXP 	fixation_3: autoDraw = True
272.4410 	EXP 	target_square_2: autoDraw = False
273.4244 	EXP 	fixation_3: autoDraw = False
273.4269 	EXP 	New trial (rep=0, index=77): {'square': 1, 'location': [-0.2, 0.2], 'corrAns': None}
273.4272 	EXP 	window1: mouseVisible = False
273.4410 	EXP 	grid_lines_2: autoDraw = False
273.4410 	EXP 	target_square_2: autoDraw = False
273.4410 	EXP 	fixation_3: autoDraw = False
273.4410 	EXP 	target_square_2: pos = array([-0.2,  0.2])
273.4410 	EXP 	grid_lines_2: autoDraw = True
273.4410 	EXP 	target_square_2: autoDraw = True
274.4243 	EXP 	fixation_3: autoDraw = True
274.4410 	EXP 	target_square_2: autoDraw = False
275.4244 	EXP 	fixation_3: autoDraw = False
275.4270 	EXP 	New trial (rep=0, index=78): {'square': 3, 'location': [0.2, 0.2], 'corrAns': None}
275.4273 	EXP 	window1: mouseVisible = False
275.4410 	EXP 	grid_lines_2: autoDraw = False
275.4410 	EXP 	target_square_2: autoDraw = False
275.4410 	EXP 	fixation_3: autoDraw = False
275.4410 	EXP 	target_square_2: pos = array([0.2, 0.2])
275.4410 	EXP 	grid_lines_2: autoDraw = True
275.4410 	EXP 	target_square_2: autoDraw = True
276.4244 	EXP 	fixation_3: autoDraw = True
276.4411 	EXP 	target_square_2: autoDraw = False
277.4244 	EXP 	fixation_3: autoDraw = False
277.4270 	EXP 	New trial (rep=0, index=79): {'square': 5, 'location': [0, 0], 'corrAns': None}
277.4273 	EXP 	window1: mouseVisible = False
277.4411 	EXP 	grid_lines_2: autoDraw = False
277.4411 	EXP 	target_square_2: autoDraw = False
277.4411 	EXP 	fixation_3: autoDraw = False
277.4411 	EXP 	target_square_2: pos = array([0., 0.])
277.4411 	EXP 	grid_lines_2: autoDraw = True
277.4411 	EXP 	target_square_2: autoDraw = True
278.4244 	EXP 	fixation_3: autoDraw = True
278.4411 	EXP 	target_square_2: autoDraw = False
279.4244 	EXP 	fixation_3: autoDraw = False
279.4271 	EXP 	New trial (rep=0, index=80): {'square': 3, 'location': [0.2, 0.2], 'corrAns': 1}
279.4274 	EXP 	window1: mouseVisible = False
279.4411 	EXP 	grid_lines_2: autoDraw = False
279.4411 	EXP 	target_square_2: autoDraw = False
279.4411 	EXP 	fixation_3: autoDraw = False
279.4411 	EXP 	target_square_2: pos = array([0.2, 0.2])
279.4411 	EXP 	grid_lines_2: autoDraw = True
279.4411 	EXP 	target_square_2: autoDraw = True
279.9080 	DATA 	Mouse: Left button down, pos=(912,840)
280.0913 	DATA 	Mouse:  Left button up, pos=(912,840)
280.4244 	EXP 	fixation_3: autoDraw = True
280.4411 	EXP 	target_square_2: autoDraw = False
281.4244 	EXP 	fixation_3: autoDraw = False
281.4270 	EXP 	New trial (rep=0, index=81): {'square': 4, 'location': [-0.2, 0], 'corrAns': None}
281.4273 	EXP 	window1: mouseVisible = False
281.4411 	EXP 	grid_lines_2: autoDraw = False
281.4411 	EXP 	target_square_2: autoDraw = False
281.4411 	EXP 	fixation_3: autoDraw = False
281.4411 	EXP 	target_square_2: pos = array([-0.2,  0. ])
281.4411 	EXP 	grid_lines_2: autoDraw = True
281.4411 	EXP 	target_square_2: autoDraw = True
282.4244 	EXP 	fixation_3: autoDraw = True
282.4411 	EXP 	target_square_2: autoDraw = False
283.4244 	EXP 	fixation_3: autoDraw = False
283.4271 	EXP 	New trial (rep=0, index=82): {'square': 7, 'location': [-0.2, -0.2], 'corrAns': None}
283.4273 	EXP 	window1: mouseVisible = False
283.4411 	EXP 	grid_lines_2: autoDraw = False
283.4411 	EXP 	target_square_2: autoDraw = False
283.4411 	EXP 	fixation_3: autoDraw = False
283.4411 	EXP 	target_square_2: pos = array([-0.2, -0.2])
283.4411 	EXP 	grid_lines_2: autoDraw = True
283.4411 	EXP 	target_square_2: autoDraw = True
284.4244 	EXP 	fixation_3: autoDraw = True
284.4411 	EXP 	target_square_2: autoDraw = False
285.4245 	EXP 	fixation_3: autoDraw = False
285.4271 	EXP 	New trial (rep=0, index=83): {'square': 4, 'location': [-0.2, 0], 'corrAns': 1}
285.4274 	EXP 	window1: mouseVisible = False
285.4411 	EXP 	grid_lines_2: autoDraw = False
285.4411 	EXP 	target_square_2: autoDraw = False
285.4411 	EXP 	fixation_3: autoDraw = False
285.4411 	EXP 	target_square_2: pos = array([-0.2,  0. ])
285.4411 	EXP 	grid_lines_2: autoDraw = True
285.4411 	EXP 	target_square_2: autoDraw = True
285.9580 	DATA 	Mouse: Left button down, pos=(912,840)
286.1247 	DATA 	Mouse:  Left button up, pos=(912,840)
286.4245 	EXP 	fixation_3: autoDraw = True
286.4411 	EXP 	target_square_2: autoDraw = False
287.4245 	EXP 	fixation_3: autoDraw = False
287.4271 	EXP 	New trial (rep=0, index=84): {'square': 4, 'location': [-0.2, 0], 'corrAns': None}
287.4274 	EXP 	window1: mouseVisible = False
287.4411 	EXP 	grid_lines_2: autoDraw = False
287.4411 	EXP 	target_square_2: autoDraw = False
287.4411 	EXP 	fixation_3: autoDraw = False
287.4411 	EXP 	target_square_2: pos = array([-0.2,  0. ])
287.4411 	EXP 	grid_lines_2: autoDraw = True
287.4411 	EXP 	target_square_2: autoDraw = True
288.4245 	EXP 	fixation_3: autoDraw = True
288.4411 	EXP 	target_square_2: autoDraw = False
289.4245 	EXP 	fixation_3: autoDraw = False
289.4272 	EXP 	New trial (rep=0, index=85): {'square': 5, 'location': [0, 0], 'corrAns': None}
289.4274 	EXP 	window1: mouseVisible = False
289.4411 	EXP 	grid_lines_2: autoDraw = False
289.4411 	EXP 	target_square_2: autoDraw = False
289.4411 	EXP 	fixation_3: autoDraw = False
289.4411 	EXP 	target_square_2: pos = array([0., 0.])
289.4411 	EXP 	grid_lines_2: autoDraw = True
289.4411 	EXP 	target_square_2: autoDraw = True
290.4245 	EXP 	fixation_3: autoDraw = True
290.4411 	EXP 	target_square_2: autoDraw = False
291.4245 	EXP 	fixation_3: autoDraw = False
291.4271 	EXP 	New trial (rep=0, index=86): {'square': 2, 'location': [0, 0.2], 'corrAns': None}
291.4274 	EXP 	window1: mouseVisible = False
291.4412 	EXP 	grid_lines_2: autoDraw = False
291.4412 	EXP 	target_square_2: autoDraw = False
291.4412 	EXP 	fixation_3: autoDraw = False
291.4412 	EXP 	target_square_2: pos = array([0. , 0.2])
291.4412 	EXP 	grid_lines_2: autoDraw = True
291.4412 	EXP 	target_square_2: autoDraw = True
292.4245 	EXP 	fixation_3: autoDraw = True
292.4412 	EXP 	target_square_2: autoDraw = False
293.4245 	EXP 	fixation_3: autoDraw = False
293.4271 	EXP 	New trial (rep=0, index=87): {'square': 6, 'location': [0.2, 0], 'corrAns': None}
293.4274 	EXP 	window1: mouseVisible = False
293.4412 	EXP 	grid_lines_2: autoDraw = False
293.4412 	EXP 	target_square_2: autoDraw = False
293.4412 	EXP 	fixation_3: autoDraw = False
293.4412 	EXP 	target_square_2: pos = array([0.2, 0. ])
293.4412 	EXP 	grid_lines_2: autoDraw = True
293.4412 	EXP 	target_square_2: autoDraw = True
294.4245 	EXP 	fixation_3: autoDraw = True
294.4412 	EXP 	target_square_2: autoDraw = False
295.4245 	EXP 	fixation_3: autoDraw = False
295.4271 	EXP 	New trial (rep=0, index=88): {'square': 7, 'location': [-0.2, -0.2], 'corrAns': None}
295.4274 	EXP 	window1: mouseVisible = False
295.4412 	EXP 	grid_lines_2: autoDraw = False
295.4412 	EXP 	target_square_2: autoDraw = False
295.4412 	EXP 	fixation_3: autoDraw = False
295.4412 	EXP 	target_square_2: pos = array([-0.2, -0.2])
295.4412 	EXP 	grid_lines_2: autoDraw = True
295.4412 	EXP 	target_square_2: autoDraw = True
296.4245 	EXP 	fixation_3: autoDraw = True
296.4412 	EXP 	target_square_2: autoDraw = False
297.4245 	EXP 	fixation_3: autoDraw = False
297.4271 	EXP 	New trial (rep=0, index=89): {'square': 6, 'location': [0.2, 0], 'corrAns': 1}
297.4274 	EXP 	window1: mouseVisible = False
297.4412 	EXP 	grid_lines_2: autoDraw = False
297.4412 	EXP 	target_square_2: autoDraw = False
297.4412 	EXP 	fixation_3: autoDraw = False
297.4412 	EXP 	target_square_2: pos = array([0.2, 0. ])
297.4412 	EXP 	grid_lines_2: autoDraw = True
297.4412 	EXP 	target_square_2: autoDraw = True
297.9748 	DATA 	Mouse: Left button down, pos=(912,840)
298.1414 	DATA 	Mouse:  Left button up, pos=(912,840)
298.4245 	EXP 	fixation_3: autoDraw = True
298.4412 	EXP 	target_square_2: autoDraw = False
299.4246 	EXP 	fixation_3: autoDraw = False
299.4272 	EXP 	New trial (rep=0, index=90): {'square': 6, 'location': [0.2, 0], 'corrAns': None}
299.4275 	EXP 	window1: mouseVisible = False
299.4412 	EXP 	grid_lines_2: autoDraw = False
299.4412 	EXP 	target_square_2: autoDraw = False
299.4412 	EXP 	fixation_3: autoDraw = False
299.4412 	EXP 	target_square_2: pos = array([0.2, 0. ])
299.4412 	EXP 	grid_lines_2: autoDraw = True
299.4412 	EXP 	target_square_2: autoDraw = True
300.4246 	EXP 	fixation_3: autoDraw = True
300.4412 	EXP 	target_square_2: autoDraw = False
301.4246 	EXP 	fixation_3: autoDraw = False
301.4272 	EXP 	New trial (rep=0, index=91): {'square': 7, 'location': [-0.2, -0.2], 'corrAns': None}
301.4275 	EXP 	window1: mouseVisible = False
301.4412 	EXP 	grid_lines_2: autoDraw = False
301.4412 	EXP 	target_square_2: autoDraw = False
301.4412 	EXP 	fixation_3: autoDraw = False
301.4412 	EXP 	target_square_2: pos = array([-0.2, -0.2])
301.4412 	EXP 	grid_lines_2: autoDraw = True
301.4412 	EXP 	target_square_2: autoDraw = True
302.4246 	EXP 	fixation_3: autoDraw = True
302.4413 	EXP 	target_square_2: autoDraw = False
303.4246 	EXP 	fixation_3: autoDraw = False
303.4272 	EXP 	New trial (rep=0, index=92): {'square': 6, 'location': [0.2, 0], 'corrAns': 1}
303.4275 	EXP 	window1: mouseVisible = False
303.4413 	EXP 	grid_lines_2: autoDraw = False
303.4413 	EXP 	target_square_2: autoDraw = False
303.4413 	EXP 	fixation_3: autoDraw = False
303.4413 	EXP 	target_square_2: pos = array([0.2, 0. ])
303.4413 	EXP 	grid_lines_2: autoDraw = True
303.4413 	EXP 	target_square_2: autoDraw = True
304.3082 	DATA 	Mouse: Left button down, pos=(912,840)
304.4246 	EXP 	fixation_3: autoDraw = True
304.4413 	EXP 	target_square_2: autoDraw = False
304.5248 	DATA 	Mouse:  Left button up, pos=(912,840)
305.4246 	EXP 	fixation_3: autoDraw = False
305.4272 	EXP 	New trial (rep=0, index=93): {'square': 2, 'location': [0, 0.2], 'corrAns': None}
305.4275 	EXP 	window1: mouseVisible = False
305.4413 	EXP 	grid_lines_2: autoDraw = False
305.4413 	EXP 	target_square_2: autoDraw = False
305.4413 	EXP 	fixation_3: autoDraw = False
305.4413 	EXP 	target_square_2: pos = array([0. , 0.2])
305.4413 	EXP 	grid_lines_2: autoDraw = True
305.4413 	EXP 	target_square_2: autoDraw = True
306.4247 	EXP 	fixation_3: autoDraw = True
306.4413 	EXP 	target_square_2: autoDraw = False
307.4246 	EXP 	fixation_3: autoDraw = False
307.4272 	EXP 	New trial (rep=0, index=94): {'square': 5, 'location': [0, 0], 'corrAns': None}
307.4275 	EXP 	window1: mouseVisible = False
307.4413 	EXP 	grid_lines_2: autoDraw = False
307.4413 	EXP 	target_square_2: autoDraw = False
307.4413 	EXP 	fixation_3: autoDraw = False
307.4413 	EXP 	target_square_2: pos = array([0., 0.])
307.4413 	EXP 	grid_lines_2: autoDraw = True
307.4413 	EXP 	target_square_2: autoDraw = True
308.4246 	EXP 	fixation_3: autoDraw = True
308.4413 	EXP 	target_square_2: autoDraw = False
309.4246 	EXP 	fixation_3: autoDraw = False
309.4274 	EXP 	New trial (rep=0, index=95): {'square': 4, 'location': [-0.2, 0], 'corrAns': None}
309.4277 	EXP 	window1: mouseVisible = False
309.4413 	EXP 	grid_lines_2: autoDraw = False
309.4413 	EXP 	target_square_2: autoDraw = False
309.4413 	EXP 	fixation_3: autoDraw = False
309.4413 	EXP 	target_square_2: pos = array([-0.2,  0. ])
309.4413 	EXP 	grid_lines_2: autoDraw = True
309.4413 	EXP 	target_square_2: autoDraw = True
310.4246 	EXP 	fixation_3: autoDraw = True
310.4413 	EXP 	target_square_2: autoDraw = False
311.4247 	EXP 	fixation_3: autoDraw = False
311.4272 	EXP 	New trial (rep=0, index=96): {'square': 4, 'location': [-0.2, 0], 'corrAns': None}
311.4275 	EXP 	window1: mouseVisible = False
311.4413 	EXP 	grid_lines_2: autoDraw = False
311.4413 	EXP 	target_square_2: autoDraw = False
311.4413 	EXP 	fixation_3: autoDraw = False
311.4413 	EXP 	target_square_2: pos = array([-0.2,  0. ])
311.4413 	EXP 	grid_lines_2: autoDraw = True
311.4413 	EXP 	target_square_2: autoDraw = True
312.4246 	EXP 	fixation_3: autoDraw = True
312.4413 	EXP 	target_square_2: autoDraw = False
313.4247 	EXP 	fixation_3: autoDraw = False
313.4272 	EXP 	New trial (rep=0, index=97): {'square': 7, 'location': [-0.2, -0.2], 'corrAns': None}
313.4275 	EXP 	window1: mouseVisible = False
313.4413 	EXP 	grid_lines_2: autoDraw = False
313.4413 	EXP 	target_square_2: autoDraw = False
313.4413 	EXP 	fixation_3: autoDraw = False
313.4413 	EXP 	target_square_2: pos = array([-0.2, -0.2])
313.4413 	EXP 	grid_lines_2: autoDraw = True
313.4413 	EXP 	target_square_2: autoDraw = True
314.4247 	EXP 	fixation_3: autoDraw = True
314.4413 	EXP 	target_square_2: autoDraw = False
315.4247 	EXP 	fixation_3: autoDraw = False
315.4272 	EXP 	New trial (rep=0, index=98): {'square': 4, 'location': [-0.2, 0], 'corrAns': 1}
315.4275 	EXP 	window1: mouseVisible = False
315.4413 	EXP 	grid_lines_2: autoDraw = False
315.4413 	EXP 	target_square_2: autoDraw = False
315.4413 	EXP 	fixation_3: autoDraw = False
315.4413 	EXP 	target_square_2: pos = array([-0.2,  0. ])
315.4413 	EXP 	grid_lines_2: autoDraw = True
315.4413 	EXP 	target_square_2: autoDraw = True
315.7772 	DATA 	Mouse: Left button down, pos=(912,840)
316.0082 	DATA 	Mouse:  Left button up, pos=(912,840)
316.4247 	EXP 	fixation_3: autoDraw = True
316.4414 	EXP 	target_square_2: autoDraw = False
317.4247 	EXP 	fixation_3: autoDraw = False
317.4272 	EXP 	New trial (rep=0, index=99): {'square': 3, 'location': [0.2, 0.2], 'corrAns': None}
317.4275 	EXP 	window1: mouseVisible = False
317.4414 	EXP 	grid_lines_2: autoDraw = False
317.4414 	EXP 	target_square_2: autoDraw = False
317.4414 	EXP 	fixation_3: autoDraw = False
317.4414 	EXP 	target_square_2: pos = array([0.2, 0.2])
317.4414 	EXP 	grid_lines_2: autoDraw = True
317.4414 	EXP 	target_square_2: autoDraw = True
318.4247 	EXP 	fixation_3: autoDraw = True
318.4414 	EXP 	target_square_2: autoDraw = False
319.4247 	EXP 	fixation_3: autoDraw = False
319.4276 	EXP 	New trial (rep=0, index=100): {'square': 5, 'location': [0, 0], 'corrAns': None}
319.4279 	EXP 	window1: mouseVisible = False
319.4414 	EXP 	grid_lines_2: autoDraw = False
319.4414 	EXP 	target_square_2: autoDraw = False
319.4414 	EXP 	fixation_3: autoDraw = False
319.4414 	EXP 	target_square_2: pos = array([0., 0.])
319.4414 	EXP 	grid_lines_2: autoDraw = True
319.4414 	EXP 	target_square_2: autoDraw = True
320.4247 	EXP 	fixation_3: autoDraw = True
320.4414 	EXP 	target_square_2: autoDraw = False
321.4247 	EXP 	fixation_3: autoDraw = False
321.4273 	EXP 	New trial (rep=0, index=101): {'square': 3, 'location': [0.2, 0.2], 'corrAns': 1}
321.4276 	EXP 	window1: mouseVisible = False
321.4414 	EXP 	grid_lines_2: autoDraw = False
321.4414 	EXP 	target_square_2: autoDraw = False
321.4414 	EXP 	fixation_3: autoDraw = False
321.4414 	EXP 	target_square_2: pos = array([0.2, 0.2])
321.4414 	EXP 	grid_lines_2: autoDraw = True
321.4414 	EXP 	target_square_2: autoDraw = True
321.9750 	DATA 	Mouse: Left button down, pos=(912,840)
322.1583 	DATA 	Mouse:  Left button up, pos=(912,840)
322.4246 	EXP 	fixation_3: autoDraw = True
322.4413 	EXP 	target_square_2: autoDraw = False
323.4247 	EXP 	fixation_3: autoDraw = False
323.4273 	EXP 	New trial (rep=0, index=102): {'square': 1, 'location': [-0.2, 0.2], 'corrAns': None}
323.4276 	EXP 	window1: mouseVisible = False
323.4414 	EXP 	grid_lines_2: autoDraw = False
323.4414 	EXP 	target_square_2: autoDraw = False
323.4414 	EXP 	fixation_3: autoDraw = False
323.4414 	EXP 	target_square_2: pos = array([-0.2,  0.2])
323.4414 	EXP 	grid_lines_2: autoDraw = True
323.4414 	EXP 	target_square_2: autoDraw = True
324.4247 	EXP 	fixation_3: autoDraw = True
324.4414 	EXP 	target_square_2: autoDraw = False
325.4248 	EXP 	fixation_3: autoDraw = False
325.4273 	EXP 	New trial (rep=0, index=103): {'square': 9, 'location': [0.2, -0.2], 'corrAns': None}
325.4277 	EXP 	window1: mouseVisible = False
325.4414 	EXP 	grid_lines_2: autoDraw = False
325.4414 	EXP 	target_square_2: autoDraw = False
325.4414 	EXP 	fixation_3: autoDraw = False
325.4414 	EXP 	target_square_2: pos = array([ 0.2, -0.2])
325.4414 	EXP 	grid_lines_2: autoDraw = True
325.4414 	EXP 	target_square_2: autoDraw = True
326.4248 	EXP 	fixation_3: autoDraw = True
326.4414 	EXP 	target_square_2: autoDraw = False
327.4248 	EXP 	fixation_3: autoDraw = False
327.4275 	EXP 	New trial (rep=0, index=104): {'square': 9, 'location': [0.2, -0.2], 'corrAns': None}
327.4278 	EXP 	window1: mouseVisible = False
327.4414 	EXP 	grid_lines_2: autoDraw = False
327.4414 	EXP 	target_square_2: autoDraw = False
327.4414 	EXP 	fixation_3: autoDraw = False
327.4414 	EXP 	target_square_2: pos = array([ 0.2, -0.2])
327.4414 	EXP 	grid_lines_2: autoDraw = True
327.4414 	EXP 	target_square_2: autoDraw = True
328.4248 	EXP 	fixation_3: autoDraw = True
328.4414 	EXP 	target_square_2: autoDraw = False
329.4248 	EXP 	fixation_3: autoDraw = False
329.4275 	EXP 	New trial (rep=0, index=105): {'square': 8, 'location': [0, -0.2], 'corrAns': None}
329.4278 	EXP 	window1: mouseVisible = False
329.4414 	EXP 	grid_lines_2: autoDraw = False
329.4414 	EXP 	target_square_2: autoDraw = False
329.4414 	EXP 	fixation_3: autoDraw = False
329.4414 	EXP 	target_square_2: pos = array([ 0. , -0.2])
329.4414 	EXP 	grid_lines_2: autoDraw = True
329.4414 	EXP 	target_square_2: autoDraw = True
330.4248 	EXP 	fixation_3: autoDraw = True
330.4415 	EXP 	target_square_2: autoDraw = False
331.4248 	EXP 	fixation_3: autoDraw = False
331.4275 	EXP 	New trial (rep=0, index=106): {'square': 6, 'location': [0.2, 0], 'corrAns': None}
331.4278 	EXP 	window1: mouseVisible = False
331.4415 	EXP 	grid_lines_2: autoDraw = False
331.4415 	EXP 	target_square_2: autoDraw = False
331.4415 	EXP 	fixation_3: autoDraw = False
331.4415 	EXP 	target_square_2: pos = array([0.2, 0. ])
331.4415 	EXP 	grid_lines_2: autoDraw = True
331.4415 	EXP 	target_square_2: autoDraw = True
332.4248 	EXP 	fixation_3: autoDraw = True
332.4415 	EXP 	target_square_2: autoDraw = False
333.4248 	EXP 	fixation_3: autoDraw = False
333.4274 	EXP 	New trial (rep=0, index=107): {'square': 3, 'location': [0.2, 0.2], 'corrAns': None}
333.4277 	EXP 	window1: mouseVisible = False
333.4415 	EXP 	grid_lines_2: autoDraw = False
333.4415 	EXP 	target_square_2: autoDraw = False
333.4415 	EXP 	fixation_3: autoDraw = False
333.4415 	EXP 	target_square_2: pos = array([0.2, 0.2])
333.4415 	EXP 	grid_lines_2: autoDraw = True
333.4415 	EXP 	target_square_2: autoDraw = True
334.4248 	EXP 	fixation_3: autoDraw = True
334.4415 	EXP 	target_square_2: autoDraw = False
335.4247 	EXP 	fixation_3: autoDraw = False
335.4276 	EXP 	New trial (rep=0, index=108): {'square': 6, 'location': [0.2, 0], 'corrAns': 1}
335.4279 	EXP 	window1: mouseVisible = False
335.4415 	EXP 	grid_lines_2: autoDraw = False
335.4415 	EXP 	target_square_2: autoDraw = False
335.4415 	EXP 	fixation_3: autoDraw = False
335.4415 	EXP 	target_square_2: pos = array([0.2, 0. ])
335.4415 	EXP 	grid_lines_2: autoDraw = True
335.4415 	EXP 	target_square_2: autoDraw = True
336.1751 	DATA 	Mouse: Left button down, pos=(912,840)
336.3418 	DATA 	Mouse:  Left button up, pos=(912,840)
336.4248 	EXP 	fixation_3: autoDraw = True
336.4415 	EXP 	target_square_2: autoDraw = False
337.4249 	EXP 	fixation_3: autoDraw = False
337.4274 	EXP 	New trial (rep=0, index=109): {'square': 5, 'location': [0, 0], 'corrAns': None}
337.4277 	EXP 	window1: mouseVisible = False
337.4415 	EXP 	grid_lines_2: autoDraw = False
337.4415 	EXP 	target_square_2: autoDraw = False
337.4415 	EXP 	fixation_3: autoDraw = False
337.4415 	EXP 	target_square_2: pos = array([0., 0.])
337.4415 	EXP 	grid_lines_2: autoDraw = True
337.4415 	EXP 	target_square_2: autoDraw = True
338.4249 	EXP 	fixation_3: autoDraw = True
338.4415 	EXP 	target_square_2: autoDraw = False
339.4249 	EXP 	fixation_3: autoDraw = False
339.4276 	EXP 	New trial (rep=0, index=110): {'square': 7, 'location': [-0.2, -0.2], 'corrAns': None}
339.4279 	EXP 	window1: mouseVisible = False
339.4415 	EXP 	grid_lines_2: autoDraw = False
339.4415 	EXP 	target_square_2: autoDraw = False
339.4415 	EXP 	fixation_3: autoDraw = False
339.4415 	EXP 	target_square_2: pos = array([-0.2, -0.2])
339.4415 	EXP 	grid_lines_2: autoDraw = True
339.4415 	EXP 	target_square_2: autoDraw = True
340.4249 	EXP 	fixation_3: autoDraw = True
340.4415 	EXP 	target_square_2: autoDraw = False
341.4249 	EXP 	fixation_3: autoDraw = False
341.4274 	EXP 	New trial (rep=0, index=111): {'square': 5, 'location': [0, 0], 'corrAns': 1}
341.4276 	EXP 	window1: mouseVisible = False
341.4416 	EXP 	grid_lines_2: autoDraw = False
341.4416 	EXP 	target_square_2: autoDraw = False
341.4416 	EXP 	fixation_3: autoDraw = False
341.4416 	EXP 	target_square_2: pos = array([0., 0.])
341.4416 	EXP 	grid_lines_2: autoDraw = True
341.4416 	EXP 	target_square_2: autoDraw = True
341.9085 	DATA 	Mouse: Left button down, pos=(912,840)
342.0751 	DATA 	Mouse:  Left button up, pos=(912,840)
342.4249 	EXP 	fixation_3: autoDraw = True
342.4416 	EXP 	target_square_2: autoDraw = False
343.4249 	EXP 	fixation_3: autoDraw = False
343.4275 	EXP 	New trial (rep=0, index=112): {'square': 1, 'location': [-0.2, 0.2], 'corrAns': None}
343.4278 	EXP 	window1: mouseVisible = False
343.4416 	EXP 	grid_lines_2: autoDraw = False
343.4416 	EXP 	target_square_2: autoDraw = False
343.4416 	EXP 	fixation_3: autoDraw = False
343.4416 	EXP 	target_square_2: pos = array([-0.2,  0.2])
343.4416 	EXP 	grid_lines_2: autoDraw = True
343.4416 	EXP 	target_square_2: autoDraw = True
344.4249 	EXP 	fixation_3: autoDraw = True
344.4416 	EXP 	target_square_2: autoDraw = False
345.4249 	EXP 	fixation_3: autoDraw = False
345.4275 	EXP 	New trial (rep=0, index=113): {'square': 7, 'location': [-0.2, -0.2], 'corrAns': None}
345.4278 	EXP 	window1: mouseVisible = False
345.4416 	EXP 	grid_lines_2: autoDraw = False
345.4416 	EXP 	target_square_2: autoDraw = False
345.4416 	EXP 	fixation_3: autoDraw = False
345.4416 	EXP 	target_square_2: pos = array([-0.2, -0.2])
345.4416 	EXP 	grid_lines_2: autoDraw = True
345.4416 	EXP 	target_square_2: autoDraw = True
346.4249 	EXP 	fixation_3: autoDraw = True
346.4416 	EXP 	target_square_2: autoDraw = False
346.4752 	DATA 	Mouse: Left button down, pos=(912,840)
346.6251 	DATA 	Mouse:  Left button up, pos=(912,840)
347.4249 	EXP 	fixation_3: autoDraw = False
347.4276 	EXP 	New trial (rep=0, index=114): {'square': 9, 'location': [0.2, -0.2], 'corrAns': None}
347.4279 	EXP 	window1: mouseVisible = False
347.4416 	EXP 	grid_lines_2: autoDraw = False
347.4416 	EXP 	target_square_2: autoDraw = False
347.4416 	EXP 	fixation_3: autoDraw = False
347.4416 	EXP 	target_square_2: pos = array([ 0.2, -0.2])
347.4416 	EXP 	grid_lines_2: autoDraw = True
347.4416 	EXP 	target_square_2: autoDraw = True
348.4249 	EXP 	fixation_3: autoDraw = True
348.4416 	EXP 	target_square_2: autoDraw = False
349.4249 	EXP 	fixation_3: autoDraw = False
349.4276 	EXP 	New trial (rep=0, index=115): {'square': 3, 'location': [0.2, 0.2], 'corrAns': None}
349.4279 	EXP 	window1: mouseVisible = False
349.4416 	EXP 	grid_lines_2: autoDraw = False
349.4416 	EXP 	target_square_2: autoDraw = False
349.4416 	EXP 	fixation_3: autoDraw = False
349.4416 	EXP 	target_square_2: pos = array([0.2, 0.2])
349.4416 	EXP 	grid_lines_2: autoDraw = True
349.4416 	EXP 	target_square_2: autoDraw = True
350.4250 	EXP 	fixation_3: autoDraw = True
350.4416 	EXP 	target_square_2: autoDraw = False
351.4250 	EXP 	fixation_3: autoDraw = False
351.4276 	EXP 	New trial (rep=0, index=116): {'square': 9, 'location': [0.2, -0.2], 'corrAns': 1}
351.4279 	EXP 	window1: mouseVisible = False
351.4416 	EXP 	grid_lines_2: autoDraw = False
351.4416 	EXP 	target_square_2: autoDraw = False
351.4416 	EXP 	fixation_3: autoDraw = False
351.4416 	EXP 	target_square_2: pos = array([ 0.2, -0.2])
351.4416 	EXP 	grid_lines_2: autoDraw = True
351.4416 	EXP 	target_square_2: autoDraw = True
351.9085 	DATA 	Mouse: Left button down, pos=(912,840)
352.0752 	DATA 	Mouse:  Left button up, pos=(912,840)
352.4250 	EXP 	fixation_3: autoDraw = True
352.4416 	EXP 	target_square_2: autoDraw = False
353.4250 	EXP 	fixation_3: autoDraw = False
353.4277 	EXP 	New trial (rep=0, index=117): {'square': 6, 'location': [0.2, 0], 'corrAns': None}
353.4280 	EXP 	window1: mouseVisible = False
353.4416 	EXP 	grid_lines_2: autoDraw = False
353.4416 	EXP 	target_square_2: autoDraw = False
353.4416 	EXP 	fixation_3: autoDraw = False
353.4416 	EXP 	target_square_2: pos = array([0.2, 0. ])
353.4416 	EXP 	grid_lines_2: autoDraw = True
353.4416 	EXP 	target_square_2: autoDraw = True
354.4250 	EXP 	fixation_3: autoDraw = True
354.4416 	EXP 	target_square_2: autoDraw = False
355.4250 	EXP 	fixation_3: autoDraw = False
355.4277 	EXP 	New trial (rep=0, index=118): {'square': 2, 'location': [0, 0.2], 'corrAns': None}
355.4280 	EXP 	window1: mouseVisible = False
355.4417 	EXP 	grid_lines_2: autoDraw = False
355.4417 	EXP 	target_square_2: autoDraw = False
355.4417 	EXP 	fixation_3: autoDraw = False
355.4417 	EXP 	target_square_2: pos = array([0. , 0.2])
355.4417 	EXP 	grid_lines_2: autoDraw = True
355.4417 	EXP 	target_square_2: autoDraw = True
356.4250 	EXP 	fixation_3: autoDraw = True
356.4417 	EXP 	target_square_2: autoDraw = False
357.4250 	EXP 	fixation_3: autoDraw = False
357.4278 	EXP 	New trial (rep=0, index=119): {'square': 5, 'location': [0, 0], 'corrAns': None}
357.4280 	EXP 	window1: mouseVisible = False
357.4417 	EXP 	grid_lines_2: autoDraw = False
357.4417 	EXP 	target_square_2: autoDraw = False
357.4417 	EXP 	fixation_3: autoDraw = False
357.4417 	EXP 	target_square_2: pos = array([0., 0.])
357.4417 	EXP 	grid_lines_2: autoDraw = True
357.4417 	EXP 	target_square_2: autoDraw = True
358.4250 	EXP 	fixation_3: autoDraw = True
358.4417 	EXP 	target_square_2: autoDraw = False
359.4250 	EXP 	fixation_3: autoDraw = False
359.4345 	EXP 	Created unnamed TextStim = TextStim(__class__=<class 'psychopy.visual.text.TextStim'>, alignHoriz=method-wrapper(...), alignText='center', alignVert=method-wrapper(...), anchorHoriz='center', anchorVert='center', antialias=True, autoLog=True, bold=False, color=array([1., 1., 1.]), colorSpace='rgb', contrast=1.0, depth=0, flipHoriz=False, flipVert=False, font='', fontFiles=[], height=0.05, italic=False, languageStyle='LTR', name='unnamed TextStim', opacity=1.0, ori=0.0, pos=array([0., 0.]), rgb=UNKNOWN, text=str(...), units='height', win=Window(...), wrapWidth=1)
359.4417 	EXP 	grid_lines_2: autoDraw = False
359.4417 	EXP 	target_square_2: autoDraw = False
359.4417 	EXP 	fixation_3: autoDraw = False
408.9771 	DATA 	Keypress: e
408.9775 	EXP 	New trial (rep=0, index=1): OrderedDict([('RestT1', 1), ('TaskT1', 0)])
408.9779 	EXP 	Created sequence: random, trialTypes=1, nReps=1, seed=None
408.9780 	EXP 	New trial (rep=0, index=0): None
408.9828 	EXP 	Created unnamed TextStim = TextStim(__class__=<class 'psychopy.visual.text.TextStim'>, alignHoriz=method-wrapper(...), alignText='center', alignVert=method-wrapper(...), anchorHoriz='center', anchorVert='center', antialias=True, autoLog=True, bold=False, color=array([-0.5, -0.5, -0.5]), colorSpace='rgb', contrast=1.0, depth=0, flipHoriz=False, flipVert=False, font='', fontFiles=[], height=0.05, italic=False, languageStyle='LTR', name='unnamed TextStim', opacity=1.0, ori=0.0, pos=array([0., 0.]), rgb=UNKNOWN, text=str(...), units='height', win=Window(...), wrapWidth=1)
418.0171 	DATA 	Keypress: s
418.0255 	EXP 	fixation_2: autoDraw = True
686.0264 	EXP 	Created unnamed TextStim = TextStim(__class__=<class 'psychopy.visual.text.TextStim'>, alignHoriz=method-wrapper(...), alignText='center', alignVert=method-wrapper(...), anchorHoriz='center', anchorVert='center', antialias=True, autoLog=True, bold=False, color=array([1., 1., 1.]), colorSpace='rgb', contrast=1.0, depth=0, flipHoriz=False, flipVert=False, font='', fontFiles=[], height=0.05, italic=False, languageStyle='LTR', name='unnamed TextStim', opacity=1.0, ori=0.0, pos=array([0., 0.]), rgb=UNKNOWN, text=str(...), units='height', win=Window(...), wrapWidth=1)
686.0442 	EXP 	fixation_2: autoDraw = False
686.0442 	EXP 	fixation_2: autoDraw = False
693.1613 	DATA 	Keypress: e
693.1617 	EXP 	Created sequence: random, trialTypes=1, nReps=0, seed=None
693.2316 	EXP 	Created unnamed TextStim = TextStim(__class__=<class 'psychopy.visual.text.TextStim'>, alignHoriz=method-wrapper(...), alignText='center', alignVert=method-wrapper(...), anchorHoriz='center', anchorVert='center', antialias=True, autoLog=True, bold=False, color=array([1., 1., 1.]), colorSpace='rgb', contrast=1.0, depth=0, flipHoriz=False, flipVert=False, font='', fontFiles=[], height=0.05, italic=False, languageStyle='LTR', name='unnamed TextStim', opacity=1.0, ori=0.0, pos=array([0., 0.]), rgb=UNKNOWN, text=str(...), units='height', win=Window(...), wrapWidth=1)
693.3004 	EXP 	window1: mouseVisible = True
