0.5782 	WARNING 	We strongly recommend you activate the PTB sound engine in PsychoPy prefs as the preferred audio engine. Its timing is vastly superior. Your prefs are currently set to use ['sounddevice', 'PTB', 'pyo', 'pygame'] (in that order).
18.9550 	EXP 	Created fixation_2 = TextStim(__class__=<class 'psychopy.visual.text.TextStim'>, alignHoriz=method-wrapper(...), alignText='center', alignVert=method-wrapper(...), anchorHoriz='center', anchorVert='center', antialias=True, autoLog=True, bold=False, color=array([1, 1, 1]), colorSpace='rgb', contrast=1.0, depth=-2.0, flipHoriz=False, flipVert=False, font='Arial', fontFiles=[], height=0.05, italic=False, languageStyle='LTR', name='fixation_2', opacity=1, ori=0, pos=array([0., 0.]), rgb=UNKNOWN, text='+', units='height', win=Window(...), wrapWidth=1)
19.0290 	EXP 	Created Nbackinstructions = TextStim(__class__=<class 'psychopy.visual.text.TextStim'>, alignHoriz=method-wrapper(...), alignText='center', alignVert=method-wrapper(...), anchorHoriz='center', anchorVert='center', antialias=True, autoLog=True, bold=False, color=array([1, 1, 1]), colorSpace='rgb', contrast=1.0, depth=0, flipHoriz=False, flipVert=False, font='Arial', fontFiles=[], height=0.05, italic=False, languageStyle='LTR', name='Nbackinstructions', opacity=1, ori=0.0, pos=array([0., 0.]), rgb=UNKNOWN, text=str(...), units='height', win=Window(...), wrapWidth=1)
19.0328 	EXP 	Created fixation_2 = TextStim(__class__=<class 'psychopy.visual.text.TextStim'>, alignHoriz=method-wrapper(...), alignText='center', alignVert=method-wrapper(...), anchorHoriz='center', anchorVert='center', antialias=True, autoLog=True, bold=False, color=array([1, 1, 1]), colorSpace='rgb', contrast=1.0, depth=-2.0, flipHoriz=False, flipVert=False, font='Arial', fontFiles=[], height=0.05, italic=False, languageStyle='LTR', name='fixation_2', opacity=1, ori=0, pos=array([0., 0.]), rgb=UNKNOWN, text='+', units='height', win=Window(...), wrapWidth=1)
19.4635 	EXP 	Created grid_lines_2 = ImageStim(__class__=<class 'psychopy.visual.image.ImageStim'>, autoLog=True, color=array([1, 1, 1]), colorSpace='rgb', contrast=1.0, depth=0.0, flipHoriz=False, flipVert=False, image='grid.png', interpolate=True, mask=None, maskParams=None, name='grid_lines_2', opacity=1, ori=0.0, pos=array([0., 0.]), size=array([0.6, 0.6]), texRes=128, units='height', win=Window(...))
19.4673 	EXP 	Created target_square_2 = Rect(__class__=<class 'psychopy.visual.rect.Rect'>, autoDraw=False, autoLog=True, closeShape=True, color=method-wrapper(...), colorSpace='rgb', contrast=None, depth=-1.0, fillColor=array([1., 1., 1.]), fillColorSpace='rgb', fillRGB=UNKNOWN, interpolate=True, lineColor=array([0, 0, 0]), lineColorSpace='rgb', lineRGB=UNKNOWN, lineWidth=1, name='target_square_2', opacity=0.5, ori=0.0, pos=array([0., 0.]), size=array([0.15, 0.15]), units='height', vertices=ndarray(...), win=Window(...))
19.4711 	EXP 	Created fixation_3 = TextStim(__class__=<class 'psychopy.visual.text.TextStim'>, alignHoriz=method-wrapper(...), alignText='center', alignVert=method-wrapper(...), anchorHoriz='center', anchorVert='center', antialias=True, autoLog=True, bold=False, color=array([1, 1, 1]), colorSpace='rgb', contrast=1.0, depth=-2.0, flipHoriz=False, flipVert=False, font='Arial', fontFiles=[], height=0.05, italic=False, languageStyle='LTR', name='fixation_3', opacity=1, ori=0, pos=array([0., 0.]), rgb=UNKNOWN, text='+', units='height', win=Window(...), wrapWidth=1)
19.4719 	EXP 	window1: mouseVisible = True
19.4765 	EXP 	window1: mouseVisible = False
19.4770 	EXP 	Created sequence: sequential, trialTypes=2, nReps=1, seed=None
19.4776 	EXP 	New trial (rep=0, index=0): OrderedDict([('RestT1', 0), ('TaskT1', 1)])
19.4779 	EXP 	Created sequence: random, trialTypes=1, nReps=0, seed=None
19.4785 	EXP 	Created sequence: random, trialTypes=1, nReps=1, seed=None
19.4787 	EXP 	New trial (rep=0, index=0): None
19.5556 	EXP 	Nbackinstructions: autoDraw = True
98.0494 	DATA 	Keypress: space
98.0906 	EXP 	Created unnamed TextStim = TextStim(__class__=<class 'psychopy.visual.text.TextStim'>, alignHoriz=method-wrapper(...), alignText='center', alignVert=method-wrapper(...), anchorHoriz='center', anchorVert='center', antialias=True, autoLog=True, bold=False, color=array([-0.5, -0.5, -0.5]), colorSpace='rgb', contrast=1.0, depth=0, flipHoriz=False, flipVert=False, font='', fontFiles=[], height=0.05, italic=False, languageStyle='LTR', name='unnamed TextStim', opacity=1.0, ori=0.0, pos=array([0., 0.]), rgb=UNKNOWN, text=str(...), units='height', win=Window(...), wrapWidth=1)
98.1106 	EXP 	Nbackinstructions: autoDraw = False
99.3918 	DATA 	Keypress: s
99.4486 	EXP 	Imported c:\Users\Dartmouth\Documents\GitHub\canlab\WASABI_public\fMRI Tasks\WASABI Task-T1\N-back-2.xlsx as conditions, 120 conditions, 3 params
99.4493 	EXP 	Created sequence: sequential, trialTypes=120, nReps=1, seed=None
99.4497 	EXP 	New trial (rep=0, index=0): {'square': 5, 'location': [0, 0], 'corrAns': None}
99.4501 	EXP 	window1: mouseVisible = False
99.4773 	EXP 	fixation_2: autoDraw = False
99.4773 	EXP 	target_square_2: pos = array([0., 0.])
99.4773 	EXP 	grid_lines_2: autoDraw = True
99.4773 	EXP 	target_square_2: autoDraw = True
100.4439 	EXP 	fixation_3: autoDraw = True
100.4773 	EXP 	target_square_2: autoDraw = False
101.0823 	EXP 	New trial (rep=0, index=1): {'square': 2, 'location': [0, 0.2], 'corrAns': None}
101.0828 	EXP 	window1: mouseVisible = False
101.0940 	EXP 	grid_lines_2: autoDraw = False
101.0940 	EXP 	target_square_2: autoDraw = False
101.0940 	EXP 	fixation_3: autoDraw = False
101.0940 	EXP 	target_square_2: pos = array([0. , 0.2])
101.0940 	EXP 	grid_lines_2: autoDraw = True
101.0940 	EXP 	target_square_2: autoDraw = True
102.0773 	EXP 	fixation_3: autoDraw = True
102.0940 	EXP 	target_square_2: autoDraw = False
103.0773 	EXP 	fixation_3: autoDraw = False
103.0811 	EXP 	New trial (rep=0, index=2): {'square': 6, 'location': [0.2, 0], 'corrAns': None}
103.0816 	EXP 	window1: mouseVisible = False
103.0940 	EXP 	grid_lines_2: autoDraw = False
103.0940 	EXP 	target_square_2: autoDraw = False
103.0940 	EXP 	fixation_3: autoDraw = False
103.0940 	EXP 	target_square_2: pos = array([0.2, 0. ])
103.0940 	EXP 	grid_lines_2: autoDraw = True
103.0940 	EXP 	target_square_2: autoDraw = True
104.0773 	EXP 	fixation_3: autoDraw = True
104.0940 	EXP 	target_square_2: autoDraw = False
105.0773 	EXP 	fixation_3: autoDraw = False
105.0813 	EXP 	New trial (rep=0, index=3): {'square': 9, 'location': [0.2, -0.2], 'corrAns': None}
105.0818 	EXP 	window1: mouseVisible = False
105.0940 	EXP 	grid_lines_2: autoDraw = False
105.0940 	EXP 	target_square_2: autoDraw = False
105.0940 	EXP 	fixation_3: autoDraw = False
105.0940 	EXP 	target_square_2: pos = array([ 0.2, -0.2])
105.0940 	EXP 	grid_lines_2: autoDraw = True
105.0940 	EXP 	target_square_2: autoDraw = True
106.0772 	EXP 	fixation_3: autoDraw = True
106.0940 	EXP 	target_square_2: autoDraw = False
107.0773 	EXP 	fixation_3: autoDraw = False
107.0813 	EXP 	New trial (rep=0, index=4): {'square': 3, 'location': [0.2, 0.2], 'corrAns': None}
107.0818 	EXP 	window1: mouseVisible = False
107.0940 	EXP 	grid_lines_2: autoDraw = False
107.0940 	EXP 	target_square_2: autoDraw = False
107.0940 	EXP 	fixation_3: autoDraw = False
107.0940 	EXP 	target_square_2: pos = array([0.2, 0.2])
107.0940 	EXP 	grid_lines_2: autoDraw = True
107.0940 	EXP 	target_square_2: autoDraw = True
108.0773 	EXP 	fixation_3: autoDraw = True
108.0940 	EXP 	target_square_2: autoDraw = False
109.0774 	EXP 	fixation_3: autoDraw = False
109.0813 	EXP 	New trial (rep=0, index=5): {'square': 9, 'location': [0.2, -0.2], 'corrAns': 1}
109.0817 	EXP 	window1: mouseVisible = False
109.0940 	EXP 	grid_lines_2: autoDraw = False
109.0940 	EXP 	target_square_2: autoDraw = False
109.0940 	EXP 	fixation_3: autoDraw = False
109.0940 	EXP 	target_square_2: pos = array([ 0.2, -0.2])
109.0940 	EXP 	grid_lines_2: autoDraw = True
109.0940 	EXP 	target_square_2: autoDraw = True
109.5778 	DATA 	Mouse: Left button down, pos=(857,576)
109.7444 	DATA 	Mouse:  Left button up, pos=(857,576)
110.0774 	EXP 	fixation_3: autoDraw = True
110.0940 	EXP 	target_square_2: autoDraw = False
111.0774 	EXP 	fixation_3: autoDraw = False
111.0813 	EXP 	New trial (rep=0, index=6): {'square': 7, 'location': [-0.2, -0.2], 'corrAns': None}
111.0818 	EXP 	window1: mouseVisible = False
111.0940 	EXP 	grid_lines_2: autoDraw = False
111.0940 	EXP 	target_square_2: autoDraw = False
111.0940 	EXP 	fixation_3: autoDraw = False
111.0940 	EXP 	target_square_2: pos = array([-0.2, -0.2])
111.0940 	EXP 	grid_lines_2: autoDraw = True
111.0940 	EXP 	target_square_2: autoDraw = True
112.0774 	EXP 	fixation_3: autoDraw = True
112.0940 	EXP 	target_square_2: autoDraw = False
113.0774 	EXP 	fixation_3: autoDraw = False
113.0813 	EXP 	New trial (rep=0, index=7): {'square': 1, 'location': [-0.2, 0.2], 'corrAns': None}
113.0818 	EXP 	window1: mouseVisible = False
113.0940 	EXP 	grid_lines_2: autoDraw = False
113.0940 	EXP 	target_square_2: autoDraw = False
113.0940 	EXP 	fixation_3: autoDraw = False
113.0940 	EXP 	target_square_2: pos = array([-0.2,  0.2])
113.0940 	EXP 	grid_lines_2: autoDraw = True
113.0940 	EXP 	target_square_2: autoDraw = True
114.0774 	EXP 	fixation_3: autoDraw = True
114.0941 	EXP 	target_square_2: autoDraw = False
115.0774 	EXP 	fixation_3: autoDraw = False
115.0813 	EXP 	New trial (rep=0, index=8): {'square': 5, 'location': [0, 0], 'corrAns': None}
115.0817 	EXP 	window1: mouseVisible = False
115.0941 	EXP 	grid_lines_2: autoDraw = False
115.0941 	EXP 	target_square_2: autoDraw = False
115.0941 	EXP 	fixation_3: autoDraw = False
115.0941 	EXP 	target_square_2: pos = array([0., 0.])
115.0941 	EXP 	grid_lines_2: autoDraw = True
115.0941 	EXP 	target_square_2: autoDraw = True
116.0774 	EXP 	fixation_3: autoDraw = True
116.0941 	EXP 	target_square_2: autoDraw = False
117.0774 	EXP 	fixation_3: autoDraw = False
117.0813 	EXP 	New trial (rep=0, index=9): {'square': 7, 'location': [-0.2, -0.2], 'corrAns': None}
117.0818 	EXP 	window1: mouseVisible = False
117.0941 	EXP 	grid_lines_2: autoDraw = False
117.0941 	EXP 	target_square_2: autoDraw = False
117.0941 	EXP 	fixation_3: autoDraw = False
117.0941 	EXP 	target_square_2: pos = array([-0.2, -0.2])
117.0941 	EXP 	grid_lines_2: autoDraw = True
117.0941 	EXP 	target_square_2: autoDraw = True
118.0774 	EXP 	fixation_3: autoDraw = True
118.0941 	EXP 	target_square_2: autoDraw = False
119.0775 	EXP 	fixation_3: autoDraw = False
119.0814 	EXP 	New trial (rep=0, index=10): {'square': 5, 'location': [0, 0], 'corrAns': 1}
119.0818 	EXP 	window1: mouseVisible = False
119.0941 	EXP 	grid_lines_2: autoDraw = False
119.0941 	EXP 	target_square_2: autoDraw = False
119.0941 	EXP 	fixation_3: autoDraw = False
119.0941 	EXP 	target_square_2: pos = array([0., 0.])
119.0941 	EXP 	grid_lines_2: autoDraw = True
119.0941 	EXP 	target_square_2: autoDraw = True
119.5944 	DATA 	Mouse: Left button down, pos=(857,576)
119.7944 	DATA 	Mouse:  Left button up, pos=(858,579)
120.0775 	EXP 	fixation_3: autoDraw = True
120.0941 	EXP 	target_square_2: autoDraw = False
121.0775 	EXP 	fixation_3: autoDraw = False
121.0818 	EXP 	New trial (rep=0, index=11): {'square': 6, 'location': [0.2, 0], 'corrAns': None}
121.0822 	EXP 	window1: mouseVisible = False
121.0941 	EXP 	grid_lines_2: autoDraw = False
121.0941 	EXP 	target_square_2: autoDraw = False
121.0941 	EXP 	fixation_3: autoDraw = False
121.0941 	EXP 	target_square_2: pos = array([0.2, 0. ])
121.0941 	EXP 	grid_lines_2: autoDraw = True
121.0941 	EXP 	target_square_2: autoDraw = True
122.0775 	EXP 	fixation_3: autoDraw = True
122.0941 	EXP 	target_square_2: autoDraw = False
123.0775 	EXP 	fixation_3: autoDraw = False
123.0813 	EXP 	New trial (rep=0, index=12): {'square': 3, 'location': [0.2, 0.2], 'corrAns': None}
123.0817 	EXP 	window1: mouseVisible = False
123.0941 	EXP 	grid_lines_2: autoDraw = False
123.0941 	EXP 	target_square_2: autoDraw = False
123.0941 	EXP 	fixation_3: autoDraw = False
123.0941 	EXP 	target_square_2: pos = array([0.2, 0.2])
123.0941 	EXP 	grid_lines_2: autoDraw = True
123.0941 	EXP 	target_square_2: autoDraw = True
124.0775 	EXP 	fixation_3: autoDraw = True
124.0941 	EXP 	target_square_2: autoDraw = False
125.0775 	EXP 	fixation_3: autoDraw = False
125.0813 	EXP 	New trial (rep=0, index=13): {'square': 6, 'location': [0.2, 0], 'corrAns': 1}
125.0818 	EXP 	window1: mouseVisible = False
125.0942 	EXP 	grid_lines_2: autoDraw = False
125.0942 	EXP 	target_square_2: autoDraw = False
125.0942 	EXP 	fixation_3: autoDraw = False
125.0942 	EXP 	target_square_2: pos = array([0.2, 0. ])
125.0942 	EXP 	grid_lines_2: autoDraw = True
125.0942 	EXP 	target_square_2: autoDraw = True
125.4945 	DATA 	Mouse: Left button down, pos=(858,579)
125.6778 	DATA 	Mouse:  Left button up, pos=(858,579)
126.0775 	EXP 	fixation_3: autoDraw = True
126.0942 	EXP 	target_square_2: autoDraw = False
127.0775 	EXP 	fixation_3: autoDraw = False
127.0813 	EXP 	New trial (rep=0, index=14): {'square': 8, 'location': [0, -0.2], 'corrAns': None}
127.0818 	EXP 	window1: mouseVisible = False
127.0942 	EXP 	grid_lines_2: autoDraw = False
127.0942 	EXP 	target_square_2: autoDraw = False
127.0942 	EXP 	fixation_3: autoDraw = False
127.0942 	EXP 	target_square_2: pos = array([ 0. , -0.2])
127.0942 	EXP 	grid_lines_2: autoDraw = True
127.0942 	EXP 	target_square_2: autoDraw = True
128.0775 	EXP 	fixation_3: autoDraw = True
128.0942 	EXP 	target_square_2: autoDraw = False
129.0775 	EXP 	fixation_3: autoDraw = False
129.0820 	EXP 	New trial (rep=0, index=15): {'square': 9, 'location': [0.2, -0.2], 'corrAns': None}
129.0824 	EXP 	window1: mouseVisible = False
129.0942 	EXP 	grid_lines_2: autoDraw = False
129.0942 	EXP 	target_square_2: autoDraw = False
129.0942 	EXP 	fixation_3: autoDraw = False
129.0942 	EXP 	target_square_2: pos = array([ 0.2, -0.2])
129.0942 	EXP 	grid_lines_2: autoDraw = True
129.0942 	EXP 	target_square_2: autoDraw = True
130.0775 	EXP 	fixation_3: autoDraw = True
130.0942 	EXP 	target_square_2: autoDraw = False
131.0775 	EXP 	fixation_3: autoDraw = False
131.0814 	EXP 	New trial (rep=0, index=16): {'square': 9, 'location': [0.2, -0.2], 'corrAns': None}
131.0819 	EXP 	window1: mouseVisible = False
131.0942 	EXP 	grid_lines_2: autoDraw = False
131.0942 	EXP 	target_square_2: autoDraw = False
131.0942 	EXP 	fixation_3: autoDraw = False
131.0942 	EXP 	target_square_2: pos = array([ 0.2, -0.2])
131.0942 	EXP 	grid_lines_2: autoDraw = True
131.0942 	EXP 	target_square_2: autoDraw = True
131.7779 	DATA 	Mouse: Left button down, pos=(858,579)
131.9111 	DATA 	Mouse:  Left button up, pos=(858,579)
132.0775 	EXP 	fixation_3: autoDraw = True
132.0942 	EXP 	target_square_2: autoDraw = False
133.0775 	EXP 	fixation_3: autoDraw = False
133.0814 	EXP 	New trial (rep=0, index=17): {'square': 1, 'location': [-0.2, 0.2], 'corrAns': None}
133.0818 	EXP 	window1: mouseVisible = False
133.0942 	EXP 	grid_lines_2: autoDraw = False
133.0942 	EXP 	target_square_2: autoDraw = False
133.0942 	EXP 	fixation_3: autoDraw = False
133.0942 	EXP 	target_square_2: pos = array([-0.2,  0.2])
133.0942 	EXP 	grid_lines_2: autoDraw = True
133.0942 	EXP 	target_square_2: autoDraw = True
134.0776 	EXP 	fixation_3: autoDraw = True
134.0942 	EXP 	target_square_2: autoDraw = False
135.0776 	EXP 	fixation_3: autoDraw = False
135.0814 	EXP 	New trial (rep=0, index=18): {'square': 3, 'location': [0.2, 0.2], 'corrAns': None}
135.0818 	EXP 	window1: mouseVisible = False
135.0942 	EXP 	grid_lines_2: autoDraw = False
135.0942 	EXP 	target_square_2: autoDraw = False
135.0942 	EXP 	fixation_3: autoDraw = False
135.0942 	EXP 	target_square_2: pos = array([0.2, 0.2])
135.0942 	EXP 	grid_lines_2: autoDraw = True
135.0942 	EXP 	target_square_2: autoDraw = True
136.0776 	EXP 	fixation_3: autoDraw = True
136.0942 	EXP 	target_square_2: autoDraw = False
137.0776 	EXP 	fixation_3: autoDraw = False
137.0816 	EXP 	New trial (rep=0, index=19): {'square': 5, 'location': [0, 0], 'corrAns': None}
137.0820 	EXP 	window1: mouseVisible = False
137.0943 	EXP 	grid_lines_2: autoDraw = False
137.0943 	EXP 	target_square_2: autoDraw = False
137.0943 	EXP 	fixation_3: autoDraw = False
137.0943 	EXP 	target_square_2: pos = array([0., 0.])
137.0943 	EXP 	grid_lines_2: autoDraw = True
137.0943 	EXP 	target_square_2: autoDraw = True
138.0771 	EXP 	fixation_3: autoDraw = True
138.0942 	EXP 	target_square_2: autoDraw = False
139.0776 	EXP 	fixation_3: autoDraw = False
139.0818 	EXP 	New trial (rep=0, index=20): {'square': 3, 'location': [0.2, 0.2], 'corrAns': 1}
139.0822 	EXP 	window1: mouseVisible = False
139.0943 	EXP 	grid_lines_2: autoDraw = False
139.0943 	EXP 	target_square_2: autoDraw = False
139.0943 	EXP 	fixation_3: autoDraw = False
139.0943 	EXP 	target_square_2: pos = array([0.2, 0.2])
139.0943 	EXP 	grid_lines_2: autoDraw = True
139.0943 	EXP 	target_square_2: autoDraw = True
139.5613 	DATA 	Mouse: Left button down, pos=(863,576)
139.7445 	DATA 	Mouse:  Left button up, pos=(863,576)
140.0776 	EXP 	fixation_3: autoDraw = True
140.0942 	EXP 	target_square_2: autoDraw = False
141.0776 	EXP 	fixation_3: autoDraw = False
141.0817 	EXP 	New trial (rep=0, index=21): {'square': 4, 'location': [-0.2, 0], 'corrAns': None}
141.0821 	EXP 	window1: mouseVisible = False
141.0943 	EXP 	grid_lines_2: autoDraw = False
141.0943 	EXP 	target_square_2: autoDraw = False
141.0943 	EXP 	fixation_3: autoDraw = False
141.0943 	EXP 	target_square_2: pos = array([-0.2,  0. ])
141.0943 	EXP 	grid_lines_2: autoDraw = True
141.0943 	EXP 	target_square_2: autoDraw = True
142.0776 	EXP 	fixation_3: autoDraw = True
142.0943 	EXP 	target_square_2: autoDraw = False
143.0776 	EXP 	fixation_3: autoDraw = False
143.0816 	EXP 	New trial (rep=0, index=22): {'square': 7, 'location': [-0.2, -0.2], 'corrAns': None}
143.0820 	EXP 	window1: mouseVisible = False
143.0943 	EXP 	grid_lines_2: autoDraw = False
143.0943 	EXP 	target_square_2: autoDraw = False
143.0943 	EXP 	fixation_3: autoDraw = False
143.0943 	EXP 	target_square_2: pos = array([-0.2, -0.2])
143.0943 	EXP 	grid_lines_2: autoDraw = True
143.0943 	EXP 	target_square_2: autoDraw = True
144.0776 	EXP 	fixation_3: autoDraw = True
144.0943 	EXP 	target_square_2: autoDraw = False
145.0777 	EXP 	fixation_3: autoDraw = False
145.0816 	EXP 	New trial (rep=0, index=23): {'square': 4, 'location': [-0.2, 0], 'corrAns': 1}
145.0820 	EXP 	window1: mouseVisible = False
145.0943 	EXP 	grid_lines_2: autoDraw = False
145.0943 	EXP 	target_square_2: autoDraw = False
145.0943 	EXP 	fixation_3: autoDraw = False
145.0943 	EXP 	target_square_2: pos = array([-0.2,  0. ])
145.0943 	EXP 	grid_lines_2: autoDraw = True
145.0943 	EXP 	target_square_2: autoDraw = True
145.5280 	DATA 	Mouse: Left button down, pos=(863,576)
145.7113 	DATA 	Mouse:  Left button up, pos=(863,576)
146.0777 	EXP 	fixation_3: autoDraw = True
146.0943 	EXP 	target_square_2: autoDraw = False
147.0777 	EXP 	fixation_3: autoDraw = False
147.0816 	EXP 	New trial (rep=0, index=24): {'square': 4, 'location': [-0.2, 0], 'corrAns': None}
147.0821 	EXP 	window1: mouseVisible = False
147.0943 	EXP 	grid_lines_2: autoDraw = False
147.0943 	EXP 	target_square_2: autoDraw = False
147.0943 	EXP 	fixation_3: autoDraw = False
147.0943 	EXP 	target_square_2: pos = array([-0.2,  0. ])
147.0943 	EXP 	grid_lines_2: autoDraw = True
147.0943 	EXP 	target_square_2: autoDraw = True
148.0777 	EXP 	fixation_3: autoDraw = True
148.0943 	EXP 	target_square_2: autoDraw = False
149.0777 	EXP 	fixation_3: autoDraw = False
149.0817 	EXP 	New trial (rep=0, index=25): {'square': 5, 'location': [0, 0], 'corrAns': None}
149.0821 	EXP 	window1: mouseVisible = False
149.0944 	EXP 	grid_lines_2: autoDraw = False
149.0944 	EXP 	target_square_2: autoDraw = False
149.0944 	EXP 	fixation_3: autoDraw = False
149.0944 	EXP 	target_square_2: pos = array([0., 0.])
149.0944 	EXP 	grid_lines_2: autoDraw = True
149.0944 	EXP 	target_square_2: autoDraw = True
150.0777 	EXP 	fixation_3: autoDraw = True
150.0944 	EXP 	target_square_2: autoDraw = False
151.0777 	EXP 	fixation_3: autoDraw = False
151.0816 	EXP 	New trial (rep=0, index=26): {'square': 2, 'location': [0, 0.2], 'corrAns': None}
151.0820 	EXP 	window1: mouseVisible = False
151.0944 	EXP 	grid_lines_2: autoDraw = False
151.0944 	EXP 	target_square_2: autoDraw = False
151.0944 	EXP 	fixation_3: autoDraw = False
151.0944 	EXP 	target_square_2: pos = array([0. , 0.2])
151.0944 	EXP 	grid_lines_2: autoDraw = True
151.0944 	EXP 	target_square_2: autoDraw = True
152.0777 	EXP 	fixation_3: autoDraw = True
152.0944 	EXP 	target_square_2: autoDraw = False
153.0777 	EXP 	fixation_3: autoDraw = False
153.0816 	EXP 	New trial (rep=0, index=27): {'square': 6, 'location': [0.2, 0], 'corrAns': None}
153.0820 	EXP 	window1: mouseVisible = False
153.0944 	EXP 	grid_lines_2: autoDraw = False
153.0944 	EXP 	target_square_2: autoDraw = False
153.0944 	EXP 	fixation_3: autoDraw = False
153.0944 	EXP 	target_square_2: pos = array([0.2, 0. ])
153.0944 	EXP 	grid_lines_2: autoDraw = True
153.0944 	EXP 	target_square_2: autoDraw = True
154.0777 	EXP 	fixation_3: autoDraw = True
154.0944 	EXP 	target_square_2: autoDraw = False
155.0777 	EXP 	fixation_3: autoDraw = False
155.0816 	EXP 	New trial (rep=0, index=28): {'square': 7, 'location': [-0.2, -0.2], 'corrAns': None}
155.0820 	EXP 	window1: mouseVisible = False
155.0944 	EXP 	grid_lines_2: autoDraw = False
155.0944 	EXP 	target_square_2: autoDraw = False
155.0944 	EXP 	fixation_3: autoDraw = False
155.0944 	EXP 	target_square_2: pos = array([-0.2, -0.2])
155.0944 	EXP 	grid_lines_2: autoDraw = True
155.0944 	EXP 	target_square_2: autoDraw = True
156.0778 	EXP 	fixation_3: autoDraw = True
156.0944 	EXP 	target_square_2: autoDraw = False
157.0777 	EXP 	fixation_3: autoDraw = False
157.0816 	EXP 	New trial (rep=0, index=29): {'square': 6, 'location': [0.2, 0], 'corrAns': 1}
157.0820 	EXP 	window1: mouseVisible = False
157.0944 	EXP 	grid_lines_2: autoDraw = False
157.0944 	EXP 	target_square_2: autoDraw = False
157.0944 	EXP 	fixation_3: autoDraw = False
157.0944 	EXP 	target_square_2: pos = array([0.2, 0. ])
157.0944 	EXP 	grid_lines_2: autoDraw = True
157.0944 	EXP 	target_square_2: autoDraw = True
157.6781 	DATA 	Mouse: Left button down, pos=(863,576)
157.8447 	DATA 	Mouse:  Left button up, pos=(863,576)
158.0778 	EXP 	fixation_3: autoDraw = True
158.0944 	EXP 	target_square_2: autoDraw = False
159.0778 	EXP 	fixation_3: autoDraw = False
159.0817 	EXP 	New trial (rep=0, index=30): {'square': 6, 'location': [0.2, 0], 'corrAns': None}
159.0822 	EXP 	window1: mouseVisible = False
159.0944 	EXP 	grid_lines_2: autoDraw = False
159.0944 	EXP 	target_square_2: autoDraw = False
159.0944 	EXP 	fixation_3: autoDraw = False
159.0944 	EXP 	target_square_2: pos = array([0.2, 0. ])
159.0944 	EXP 	grid_lines_2: autoDraw = True
159.0944 	EXP 	target_square_2: autoDraw = True
160.0778 	EXP 	fixation_3: autoDraw = True
160.0944 	EXP 	target_square_2: autoDraw = False
161.0778 	EXP 	fixation_3: autoDraw = False
161.0818 	EXP 	New trial (rep=0, index=31): {'square': 7, 'location': [-0.2, -0.2], 'corrAns': None}
161.0823 	EXP 	window1: mouseVisible = False
161.0945 	EXP 	grid_lines_2: autoDraw = False
161.0945 	EXP 	target_square_2: autoDraw = False
161.0945 	EXP 	fixation_3: autoDraw = False
161.0945 	EXP 	target_square_2: pos = array([-0.2, -0.2])
161.0945 	EXP 	grid_lines_2: autoDraw = True
161.0945 	EXP 	target_square_2: autoDraw = True
162.0778 	EXP 	fixation_3: autoDraw = True
162.0945 	EXP 	target_square_2: autoDraw = False
163.0778 	EXP 	fixation_3: autoDraw = False
163.0816 	EXP 	New trial (rep=0, index=32): {'square': 6, 'location': [0.2, 0], 'corrAns': 1}
163.0820 	EXP 	window1: mouseVisible = False
163.0945 	EXP 	grid_lines_2: autoDraw = False
163.0945 	EXP 	target_square_2: autoDraw = False
163.0945 	EXP 	fixation_3: autoDraw = False
163.0945 	EXP 	target_square_2: pos = array([0.2, 0. ])
163.0945 	EXP 	grid_lines_2: autoDraw = True
163.0945 	EXP 	target_square_2: autoDraw = True
163.7115 	DATA 	Mouse: Left button down, pos=(863,576)
163.8780 	DATA 	Mouse:  Left button up, pos=(863,576)
164.0778 	EXP 	fixation_3: autoDraw = True
164.0945 	EXP 	target_square_2: autoDraw = False
165.0778 	EXP 	fixation_3: autoDraw = False
165.0817 	EXP 	New trial (rep=0, index=33): {'square': 2, 'location': [0, 0.2], 'corrAns': None}
165.0822 	EXP 	window1: mouseVisible = False
165.0945 	EXP 	grid_lines_2: autoDraw = False
165.0945 	EXP 	target_square_2: autoDraw = False
165.0945 	EXP 	fixation_3: autoDraw = False
165.0945 	EXP 	target_square_2: pos = array([0. , 0.2])
165.0945 	EXP 	grid_lines_2: autoDraw = True
165.0945 	EXP 	target_square_2: autoDraw = True
166.0778 	EXP 	fixation_3: autoDraw = True
166.0945 	EXP 	target_square_2: autoDraw = False
167.0778 	EXP 	fixation_3: autoDraw = False
167.0817 	EXP 	New trial (rep=0, index=34): {'square': 5, 'location': [0, 0], 'corrAns': None}
167.0821 	EXP 	window1: mouseVisible = False
167.0945 	EXP 	grid_lines_2: autoDraw = False
167.0945 	EXP 	target_square_2: autoDraw = False
167.0945 	EXP 	fixation_3: autoDraw = False
167.0945 	EXP 	target_square_2: pos = array([0., 0.])
167.0945 	EXP 	grid_lines_2: autoDraw = True
167.0945 	EXP 	target_square_2: autoDraw = True
168.0778 	EXP 	fixation_3: autoDraw = True
168.0945 	EXP 	target_square_2: autoDraw = False
169.0778 	EXP 	fixation_3: autoDraw = False
169.0818 	EXP 	New trial (rep=0, index=35): {'square': 4, 'location': [-0.2, 0], 'corrAns': None}
169.0823 	EXP 	window1: mouseVisible = False
169.0945 	EXP 	grid_lines_2: autoDraw = False
169.0945 	EXP 	target_square_2: autoDraw = False
169.0945 	EXP 	fixation_3: autoDraw = False
169.0945 	EXP 	target_square_2: pos = array([-0.2,  0. ])
169.0945 	EXP 	grid_lines_2: autoDraw = True
169.0945 	EXP 	target_square_2: autoDraw = True
170.0779 	EXP 	fixation_3: autoDraw = True
170.0945 	EXP 	target_square_2: autoDraw = False
171.0779 	EXP 	fixation_3: autoDraw = False
171.0816 	EXP 	New trial (rep=0, index=36): {'square': 4, 'location': [-0.2, 0], 'corrAns': None}
171.0820 	EXP 	window1: mouseVisible = False
171.0945 	EXP 	grid_lines_2: autoDraw = False
171.0945 	EXP 	target_square_2: autoDraw = False
171.0945 	EXP 	fixation_3: autoDraw = False
171.0945 	EXP 	target_square_2: pos = array([-0.2,  0. ])
171.0945 	EXP 	grid_lines_2: autoDraw = True
171.0945 	EXP 	target_square_2: autoDraw = True
172.0779 	EXP 	fixation_3: autoDraw = True
172.0946 	EXP 	target_square_2: autoDraw = False
173.0779 	EXP 	fixation_3: autoDraw = False
173.0818 	EXP 	New trial (rep=0, index=37): {'square': 7, 'location': [-0.2, -0.2], 'corrAns': None}
173.0823 	EXP 	window1: mouseVisible = False
173.0946 	EXP 	grid_lines_2: autoDraw = False
173.0946 	EXP 	target_square_2: autoDraw = False
173.0946 	EXP 	fixation_3: autoDraw = False
173.0946 	EXP 	target_square_2: pos = array([-0.2, -0.2])
173.0946 	EXP 	grid_lines_2: autoDraw = True
173.0946 	EXP 	target_square_2: autoDraw = True
174.0779 	EXP 	fixation_3: autoDraw = True
174.0946 	EXP 	target_square_2: autoDraw = False
175.0779 	EXP 	fixation_3: autoDraw = False
175.0818 	EXP 	New trial (rep=0, index=38): {'square': 4, 'location': [-0.2, 0], 'corrAns': 1}
175.0822 	EXP 	window1: mouseVisible = False
175.0946 	EXP 	grid_lines_2: autoDraw = False
175.0946 	EXP 	target_square_2: autoDraw = False
175.0946 	EXP 	fixation_3: autoDraw = False
175.0946 	EXP 	target_square_2: pos = array([-0.2,  0. ])
175.0946 	EXP 	grid_lines_2: autoDraw = True
175.0946 	EXP 	target_square_2: autoDraw = True
175.5282 	DATA 	Mouse: Left button down, pos=(863,576)
175.7115 	DATA 	Mouse:  Left button up, pos=(863,576)
176.0779 	EXP 	fixation_3: autoDraw = True
176.0946 	EXP 	target_square_2: autoDraw = False
177.0779 	EXP 	fixation_3: autoDraw = False
177.0818 	EXP 	New trial (rep=0, index=39): {'square': 3, 'location': [0.2, 0.2], 'corrAns': None}
177.0823 	EXP 	window1: mouseVisible = False
177.0946 	EXP 	grid_lines_2: autoDraw = False
177.0946 	EXP 	target_square_2: autoDraw = False
177.0946 	EXP 	fixation_3: autoDraw = False
177.0946 	EXP 	target_square_2: pos = array([0.2, 0.2])
177.0946 	EXP 	grid_lines_2: autoDraw = True
177.0946 	EXP 	target_square_2: autoDraw = True
178.0779 	EXP 	fixation_3: autoDraw = True
178.0946 	EXP 	target_square_2: autoDraw = False
179.0779 	EXP 	fixation_3: autoDraw = False
179.0820 	EXP 	New trial (rep=0, index=40): {'square': 5, 'location': [0, 0], 'corrAns': None}
179.0824 	EXP 	window1: mouseVisible = False
179.0946 	EXP 	grid_lines_2: autoDraw = False
179.0946 	EXP 	target_square_2: autoDraw = False
179.0946 	EXP 	fixation_3: autoDraw = False
179.0946 	EXP 	target_square_2: pos = array([0., 0.])
179.0946 	EXP 	grid_lines_2: autoDraw = True
179.0946 	EXP 	target_square_2: autoDraw = True
180.0779 	EXP 	fixation_3: autoDraw = True
180.0946 	EXP 	target_square_2: autoDraw = False
181.0779 	EXP 	fixation_3: autoDraw = False
181.0818 	EXP 	New trial (rep=0, index=41): {'square': 3, 'location': [0.2, 0.2], 'corrAns': 1}
181.0822 	EXP 	window1: mouseVisible = False
181.0946 	EXP 	grid_lines_2: autoDraw = False
181.0946 	EXP 	target_square_2: autoDraw = False
181.0946 	EXP 	fixation_3: autoDraw = False
181.0946 	EXP 	target_square_2: pos = array([0.2, 0.2])
181.0946 	EXP 	grid_lines_2: autoDraw = True
181.0946 	EXP 	target_square_2: autoDraw = True
181.4116 	DATA 	Mouse: Left button down, pos=(863,576)
181.6115 	DATA 	Mouse:  Left button up, pos=(863,576)
182.0780 	EXP 	fixation_3: autoDraw = True
182.0946 	EXP 	target_square_2: autoDraw = False
183.0780 	EXP 	fixation_3: autoDraw = False
183.0818 	EXP 	New trial (rep=0, index=42): {'square': 1, 'location': [-0.2, 0.2], 'corrAns': None}
183.0823 	EXP 	window1: mouseVisible = False
183.0946 	EXP 	grid_lines_2: autoDraw = False
183.0946 	EXP 	target_square_2: autoDraw = False
183.0946 	EXP 	fixation_3: autoDraw = False
183.0946 	EXP 	target_square_2: pos = array([-0.2,  0.2])
183.0946 	EXP 	grid_lines_2: autoDraw = True
183.0946 	EXP 	target_square_2: autoDraw = True
184.0780 	EXP 	fixation_3: autoDraw = True
184.0946 	EXP 	target_square_2: autoDraw = False
185.0780 	EXP 	fixation_3: autoDraw = False
185.0818 	EXP 	New trial (rep=0, index=43): {'square': 9, 'location': [0.2, -0.2], 'corrAns': None}
185.0823 	EXP 	window1: mouseVisible = False
185.0946 	EXP 	grid_lines_2: autoDraw = False
185.0946 	EXP 	target_square_2: autoDraw = False
185.0946 	EXP 	fixation_3: autoDraw = False
185.0946 	EXP 	target_square_2: pos = array([ 0.2, -0.2])
185.0946 	EXP 	grid_lines_2: autoDraw = True
185.0946 	EXP 	target_square_2: autoDraw = True
186.0780 	EXP 	fixation_3: autoDraw = True
186.0947 	EXP 	target_square_2: autoDraw = False
187.0780 	EXP 	fixation_3: autoDraw = False
187.0818 	EXP 	New trial (rep=0, index=44): {'square': 9, 'location': [0.2, -0.2], 'corrAns': None}
187.0823 	EXP 	window1: mouseVisible = False
187.0947 	EXP 	grid_lines_2: autoDraw = False
187.0947 	EXP 	target_square_2: autoDraw = False
187.0947 	EXP 	fixation_3: autoDraw = False
187.0947 	EXP 	target_square_2: pos = array([ 0.2, -0.2])
187.0947 	EXP 	grid_lines_2: autoDraw = True
187.0947 	EXP 	target_square_2: autoDraw = True
188.0780 	EXP 	fixation_3: autoDraw = True
188.0947 	EXP 	target_square_2: autoDraw = False
189.0780 	EXP 	fixation_3: autoDraw = False
189.0819 	EXP 	New trial (rep=0, index=45): {'square': 8, 'location': [0, -0.2], 'corrAns': None}
189.0824 	EXP 	window1: mouseVisible = False
189.0947 	EXP 	grid_lines_2: autoDraw = False
189.0947 	EXP 	target_square_2: autoDraw = False
189.0947 	EXP 	fixation_3: autoDraw = False
189.0947 	EXP 	target_square_2: pos = array([ 0. , -0.2])
189.0947 	EXP 	grid_lines_2: autoDraw = True
189.0947 	EXP 	target_square_2: autoDraw = True
190.0780 	EXP 	fixation_3: autoDraw = True
190.0947 	EXP 	target_square_2: autoDraw = False
191.0780 	EXP 	fixation_3: autoDraw = False
191.0820 	EXP 	New trial (rep=0, index=46): {'square': 6, 'location': [0.2, 0], 'corrAns': None}
191.0824 	EXP 	window1: mouseVisible = False
191.0947 	EXP 	grid_lines_2: autoDraw = False
191.0947 	EXP 	target_square_2: autoDraw = False
191.0947 	EXP 	fixation_3: autoDraw = False
191.0947 	EXP 	target_square_2: pos = array([0.2, 0. ])
191.0947 	EXP 	grid_lines_2: autoDraw = True
191.0947 	EXP 	target_square_2: autoDraw = True
192.0780 	EXP 	fixation_3: autoDraw = True
192.0947 	EXP 	target_square_2: autoDraw = False
193.0780 	EXP 	fixation_3: autoDraw = False
193.0824 	EXP 	New trial (rep=0, index=47): {'square': 3, 'location': [0.2, 0.2], 'corrAns': None}
193.0828 	EXP 	window1: mouseVisible = False
193.0947 	EXP 	grid_lines_2: autoDraw = False
193.0947 	EXP 	target_square_2: autoDraw = False
193.0947 	EXP 	fixation_3: autoDraw = False
193.0947 	EXP 	target_square_2: pos = array([0.2, 0.2])
193.0947 	EXP 	grid_lines_2: autoDraw = True
193.0947 	EXP 	target_square_2: autoDraw = True
194.0780 	EXP 	fixation_3: autoDraw = True
194.0947 	EXP 	target_square_2: autoDraw = False
195.0781 	EXP 	fixation_3: autoDraw = False
195.0818 	EXP 	New trial (rep=0, index=48): {'square': 6, 'location': [0.2, 0], 'corrAns': 1}
195.0823 	EXP 	window1: mouseVisible = False
195.0947 	EXP 	grid_lines_2: autoDraw = False
195.0947 	EXP 	target_square_2: autoDraw = False
195.0947 	EXP 	fixation_3: autoDraw = False
195.0947 	EXP 	target_square_2: pos = array([0.2, 0. ])
195.0947 	EXP 	grid_lines_2: autoDraw = True
195.0947 	EXP 	target_square_2: autoDraw = True
195.4951 	DATA 	Mouse: Left button down, pos=(863,576)
195.6784 	DATA 	Mouse:  Left button up, pos=(863,576)
196.0781 	EXP 	fixation_3: autoDraw = True
196.0947 	EXP 	target_square_2: autoDraw = False
197.0781 	EXP 	fixation_3: autoDraw = False
197.0819 	EXP 	New trial (rep=0, index=49): {'square': 5, 'location': [0, 0], 'corrAns': None}
197.0822 	EXP 	window1: mouseVisible = False
197.0947 	EXP 	grid_lines_2: autoDraw = False
197.0947 	EXP 	target_square_2: autoDraw = False
197.0947 	EXP 	fixation_3: autoDraw = False
197.0947 	EXP 	target_square_2: pos = array([0., 0.])
197.0947 	EXP 	grid_lines_2: autoDraw = True
197.0947 	EXP 	target_square_2: autoDraw = True
198.0781 	EXP 	fixation_3: autoDraw = True
198.0948 	EXP 	target_square_2: autoDraw = False
199.0781 	EXP 	fixation_3: autoDraw = False
199.0824 	EXP 	New trial (rep=0, index=50): {'square': 7, 'location': [-0.2, -0.2], 'corrAns': None}
199.0829 	EXP 	window1: mouseVisible = False
199.0948 	EXP 	grid_lines_2: autoDraw = False
199.0948 	EXP 	target_square_2: autoDraw = False
199.0948 	EXP 	fixation_3: autoDraw = False
199.0948 	EXP 	target_square_2: pos = array([-0.2, -0.2])
199.0948 	EXP 	grid_lines_2: autoDraw = True
199.0948 	EXP 	target_square_2: autoDraw = True
200.0781 	EXP 	fixation_3: autoDraw = True
200.0947 	EXP 	target_square_2: autoDraw = False
201.0781 	EXP 	fixation_3: autoDraw = False
201.0820 	EXP 	New trial (rep=0, index=51): {'square': 5, 'location': [0, 0], 'corrAns': 1}
201.0824 	EXP 	window1: mouseVisible = False
201.0948 	EXP 	grid_lines_2: autoDraw = False
201.0948 	EXP 	target_square_2: autoDraw = False
201.0948 	EXP 	fixation_3: autoDraw = False
201.0948 	EXP 	target_square_2: pos = array([0., 0.])
201.0948 	EXP 	grid_lines_2: autoDraw = True
201.0948 	EXP 	target_square_2: autoDraw = True
201.4951 	DATA 	Mouse: Left button down, pos=(863,576)
201.6950 	DATA 	Mouse:  Left button up, pos=(863,576)
202.0781 	EXP 	fixation_3: autoDraw = True
202.0948 	EXP 	target_square_2: autoDraw = False
203.0781 	EXP 	fixation_3: autoDraw = False
203.0819 	EXP 	New trial (rep=0, index=52): {'square': 1, 'location': [-0.2, 0.2], 'corrAns': None}
203.0824 	EXP 	window1: mouseVisible = False
203.0948 	EXP 	grid_lines_2: autoDraw = False
203.0948 	EXP 	target_square_2: autoDraw = False
203.0948 	EXP 	fixation_3: autoDraw = False
203.0948 	EXP 	target_square_2: pos = array([-0.2,  0.2])
203.0948 	EXP 	grid_lines_2: autoDraw = True
203.0948 	EXP 	target_square_2: autoDraw = True
204.0781 	EXP 	fixation_3: autoDraw = True
204.0948 	EXP 	target_square_2: autoDraw = False
205.0781 	EXP 	fixation_3: autoDraw = False
205.0821 	EXP 	New trial (rep=0, index=53): {'square': 7, 'location': [-0.2, -0.2], 'corrAns': None}
205.0826 	EXP 	window1: mouseVisible = False
205.0948 	EXP 	grid_lines_2: autoDraw = False
205.0948 	EXP 	target_square_2: autoDraw = False
205.0948 	EXP 	fixation_3: autoDraw = False
205.0948 	EXP 	target_square_2: pos = array([-0.2, -0.2])
205.0948 	EXP 	grid_lines_2: autoDraw = True
205.0948 	EXP 	target_square_2: autoDraw = True
206.0782 	EXP 	fixation_3: autoDraw = True
206.0948 	EXP 	target_square_2: autoDraw = False
207.0781 	EXP 	fixation_3: autoDraw = False
207.0820 	EXP 	New trial (rep=0, index=54): {'square': 9, 'location': [0.2, -0.2], 'corrAns': None}
207.0824 	EXP 	window1: mouseVisible = False
207.0948 	EXP 	grid_lines_2: autoDraw = False
207.0948 	EXP 	target_square_2: autoDraw = False
207.0948 	EXP 	fixation_3: autoDraw = False
207.0948 	EXP 	target_square_2: pos = array([ 0.2, -0.2])
207.0948 	EXP 	grid_lines_2: autoDraw = True
207.0948 	EXP 	target_square_2: autoDraw = True
208.0782 	EXP 	fixation_3: autoDraw = True
208.0948 	EXP 	target_square_2: autoDraw = False
209.0782 	EXP 	fixation_3: autoDraw = False
209.0821 	EXP 	New trial (rep=0, index=55): {'square': 3, 'location': [0.2, 0.2], 'corrAns': None}
209.0826 	EXP 	window1: mouseVisible = False
209.0948 	EXP 	grid_lines_2: autoDraw = False
209.0948 	EXP 	target_square_2: autoDraw = False
209.0948 	EXP 	fixation_3: autoDraw = False
209.0948 	EXP 	target_square_2: pos = array([0.2, 0.2])
209.0948 	EXP 	grid_lines_2: autoDraw = True
209.0948 	EXP 	target_square_2: autoDraw = True
210.0782 	EXP 	fixation_3: autoDraw = True
210.0948 	EXP 	target_square_2: autoDraw = False
211.0782 	EXP 	fixation_3: autoDraw = False
211.0820 	EXP 	New trial (rep=0, index=56): {'square': 9, 'location': [0.2, -0.2], 'corrAns': 1}
211.0825 	EXP 	window1: mouseVisible = False
211.0949 	EXP 	grid_lines_2: autoDraw = False
211.0949 	EXP 	target_square_2: autoDraw = False
211.0949 	EXP 	fixation_3: autoDraw = False
211.0949 	EXP 	target_square_2: pos = array([ 0.2, -0.2])
211.0949 	EXP 	grid_lines_2: autoDraw = True
211.0949 	EXP 	target_square_2: autoDraw = True
211.3952 	DATA 	Mouse: Left button down, pos=(863,576)
211.6118 	DATA 	Mouse:  Left button up, pos=(863,576)
212.0782 	EXP 	fixation_3: autoDraw = True
212.0949 	EXP 	target_square_2: autoDraw = False
213.0781 	EXP 	fixation_3: autoDraw = False
213.0819 	EXP 	New trial (rep=0, index=57): {'square': 6, 'location': [0.2, 0], 'corrAns': None}
213.0824 	EXP 	window1: mouseVisible = False
213.0949 	EXP 	grid_lines_2: autoDraw = False
213.0949 	EXP 	target_square_2: autoDraw = False
213.0949 	EXP 	fixation_3: autoDraw = False
213.0949 	EXP 	target_square_2: pos = array([0.2, 0. ])
213.0949 	EXP 	grid_lines_2: autoDraw = True
213.0949 	EXP 	target_square_2: autoDraw = True
214.0782 	EXP 	fixation_3: autoDraw = True
214.0949 	EXP 	target_square_2: autoDraw = False
215.0782 	EXP 	fixation_3: autoDraw = False
215.0821 	EXP 	New trial (rep=0, index=58): {'square': 2, 'location': [0, 0.2], 'corrAns': None}
215.0825 	EXP 	window1: mouseVisible = False
215.0949 	EXP 	grid_lines_2: autoDraw = False
215.0949 	EXP 	target_square_2: autoDraw = False
215.0949 	EXP 	fixation_3: autoDraw = False
215.0949 	EXP 	target_square_2: pos = array([0. , 0.2])
215.0949 	EXP 	grid_lines_2: autoDraw = True
215.0949 	EXP 	target_square_2: autoDraw = True
216.0782 	EXP 	fixation_3: autoDraw = True
216.0948 	EXP 	target_square_2: autoDraw = False
217.0782 	EXP 	fixation_3: autoDraw = False
217.0821 	EXP 	New trial (rep=0, index=59): {'square': 5, 'location': [0, 0], 'corrAns': None}
217.0825 	EXP 	window1: mouseVisible = False
217.0949 	EXP 	grid_lines_2: autoDraw = False
217.0949 	EXP 	target_square_2: autoDraw = False
217.0949 	EXP 	fixation_3: autoDraw = False
217.0949 	EXP 	target_square_2: pos = array([0., 0.])
217.0949 	EXP 	grid_lines_2: autoDraw = True
217.0949 	EXP 	target_square_2: autoDraw = True
218.0783 	EXP 	fixation_3: autoDraw = True
218.0949 	EXP 	target_square_2: autoDraw = False
219.0783 	EXP 	fixation_3: autoDraw = False
219.0822 	EXP 	New trial (rep=0, index=60): {'square': 5, 'location': [0, 0], 'corrAns': None}
219.0826 	EXP 	window1: mouseVisible = False
219.0949 	EXP 	grid_lines_2: autoDraw = False
219.0949 	EXP 	target_square_2: autoDraw = False
219.0949 	EXP 	fixation_3: autoDraw = False
219.0949 	EXP 	target_square_2: pos = array([0., 0.])
219.0949 	EXP 	grid_lines_2: autoDraw = True
219.0949 	EXP 	target_square_2: autoDraw = True
220.0783 	EXP 	fixation_3: autoDraw = True
220.0949 	EXP 	target_square_2: autoDraw = False
221.0783 	EXP 	fixation_3: autoDraw = False
221.0822 	EXP 	New trial (rep=0, index=61): {'square': 2, 'location': [0, 0.2], 'corrAns': None}
221.0826 	EXP 	window1: mouseVisible = False
221.0950 	EXP 	grid_lines_2: autoDraw = False
221.0950 	EXP 	target_square_2: autoDraw = False
221.0950 	EXP 	fixation_3: autoDraw = False
221.0950 	EXP 	target_square_2: pos = array([0. , 0.2])
221.0950 	EXP 	grid_lines_2: autoDraw = True
221.0950 	EXP 	target_square_2: autoDraw = True
222.0783 	EXP 	fixation_3: autoDraw = True
222.0950 	EXP 	target_square_2: autoDraw = False
223.0783 	EXP 	fixation_3: autoDraw = False
223.0821 	EXP 	New trial (rep=0, index=62): {'square': 6, 'location': [0.2, 0], 'corrAns': None}
223.0825 	EXP 	window1: mouseVisible = False
223.0950 	EXP 	grid_lines_2: autoDraw = False
223.0950 	EXP 	target_square_2: autoDraw = False
223.0950 	EXP 	fixation_3: autoDraw = False
223.0950 	EXP 	target_square_2: pos = array([0.2, 0. ])
223.0950 	EXP 	grid_lines_2: autoDraw = True
223.0950 	EXP 	target_square_2: autoDraw = True
224.0783 	EXP 	fixation_3: autoDraw = True
224.0950 	EXP 	target_square_2: autoDraw = False
225.0783 	EXP 	fixation_3: autoDraw = False
225.0821 	EXP 	New trial (rep=0, index=63): {'square': 9, 'location': [0.2, -0.2], 'corrAns': None}
225.0825 	EXP 	window1: mouseVisible = False
225.0950 	EXP 	grid_lines_2: autoDraw = False
225.0950 	EXP 	target_square_2: autoDraw = False
225.0950 	EXP 	fixation_3: autoDraw = False
225.0950 	EXP 	target_square_2: pos = array([ 0.2, -0.2])
225.0950 	EXP 	grid_lines_2: autoDraw = True
225.0950 	EXP 	target_square_2: autoDraw = True
226.0783 	EXP 	fixation_3: autoDraw = True
226.0950 	EXP 	target_square_2: autoDraw = False
227.0783 	EXP 	fixation_3: autoDraw = False
227.0822 	EXP 	New trial (rep=0, index=64): {'square': 3, 'location': [0.2, 0.2], 'corrAns': None}
227.0826 	EXP 	window1: mouseVisible = False
227.0950 	EXP 	grid_lines_2: autoDraw = False
227.0950 	EXP 	target_square_2: autoDraw = False
227.0950 	EXP 	fixation_3: autoDraw = False
227.0950 	EXP 	target_square_2: pos = array([0.2, 0.2])
227.0950 	EXP 	grid_lines_2: autoDraw = True
227.0950 	EXP 	target_square_2: autoDraw = True
228.0783 	EXP 	fixation_3: autoDraw = True
228.0950 	EXP 	target_square_2: autoDraw = False
229.0783 	EXP 	fixation_3: autoDraw = False
229.0821 	EXP 	New trial (rep=0, index=65): {'square': 9, 'location': [0.2, -0.2], 'corrAns': 1}
229.0827 	EXP 	window1: mouseVisible = False
229.0949 	EXP 	grid_lines_2: autoDraw = False
229.0949 	EXP 	target_square_2: autoDraw = False
229.0949 	EXP 	fixation_3: autoDraw = False
229.0949 	EXP 	target_square_2: pos = array([ 0.2, -0.2])
229.0949 	EXP 	grid_lines_2: autoDraw = True
229.0949 	EXP 	target_square_2: autoDraw = True
230.0784 	EXP 	fixation_3: autoDraw = True
230.0950 	EXP 	target_square_2: autoDraw = False
231.0784 	EXP 	fixation_3: autoDraw = False
231.0822 	EXP 	New trial (rep=0, index=66): {'square': 7, 'location': [-0.2, -0.2], 'corrAns': None}
231.0826 	EXP 	window1: mouseVisible = False
231.0950 	EXP 	grid_lines_2: autoDraw = False
231.0950 	EXP 	target_square_2: autoDraw = False
231.0950 	EXP 	fixation_3: autoDraw = False
231.0950 	EXP 	target_square_2: pos = array([-0.2, -0.2])
231.0950 	EXP 	grid_lines_2: autoDraw = True
231.0950 	EXP 	target_square_2: autoDraw = True
232.0784 	EXP 	fixation_3: autoDraw = True
232.0950 	EXP 	target_square_2: autoDraw = False
233.0784 	EXP 	fixation_3: autoDraw = False
233.0823 	EXP 	New trial (rep=0, index=67): {'square': 1, 'location': [-0.2, 0.2], 'corrAns': None}
233.0827 	EXP 	window1: mouseVisible = False
233.0950 	EXP 	grid_lines_2: autoDraw = False
233.0950 	EXP 	target_square_2: autoDraw = False
233.0950 	EXP 	fixation_3: autoDraw = False
233.0950 	EXP 	target_square_2: pos = array([-0.2,  0.2])
233.0950 	EXP 	grid_lines_2: autoDraw = True
233.0950 	EXP 	target_square_2: autoDraw = True
234.0784 	EXP 	fixation_3: autoDraw = True
234.0950 	EXP 	target_square_2: autoDraw = False
235.0784 	EXP 	fixation_3: autoDraw = False
235.0823 	EXP 	New trial (rep=0, index=68): {'square': 5, 'location': [0, 0], 'corrAns': None}
235.0827 	EXP 	window1: mouseVisible = False
235.0951 	EXP 	grid_lines_2: autoDraw = False
235.0951 	EXP 	target_square_2: autoDraw = False
235.0951 	EXP 	fixation_3: autoDraw = False
235.0951 	EXP 	target_square_2: pos = array([0., 0.])
235.0951 	EXP 	grid_lines_2: autoDraw = True
235.0951 	EXP 	target_square_2: autoDraw = True
236.0784 	EXP 	fixation_3: autoDraw = True
236.0951 	EXP 	target_square_2: autoDraw = False
237.0784 	EXP 	fixation_3: autoDraw = False
237.0822 	EXP 	New trial (rep=0, index=69): {'square': 7, 'location': [-0.2, -0.2], 'corrAns': None}
237.0826 	EXP 	window1: mouseVisible = False
237.0951 	EXP 	grid_lines_2: autoDraw = False
237.0951 	EXP 	target_square_2: autoDraw = False
237.0951 	EXP 	fixation_3: autoDraw = False
237.0951 	EXP 	target_square_2: pos = array([-0.2, -0.2])
237.0951 	EXP 	grid_lines_2: autoDraw = True
237.0951 	EXP 	target_square_2: autoDraw = True
238.0784 	EXP 	fixation_3: autoDraw = True
238.0951 	EXP 	target_square_2: autoDraw = False
239.0784 	EXP 	fixation_3: autoDraw = False
239.0823 	EXP 	New trial (rep=0, index=70): {'square': 5, 'location': [0, 0], 'corrAns': 1}
239.0828 	EXP 	window1: mouseVisible = False
239.0951 	EXP 	grid_lines_2: autoDraw = False
239.0951 	EXP 	target_square_2: autoDraw = False
239.0951 	EXP 	fixation_3: autoDraw = False
239.0951 	EXP 	target_square_2: pos = array([0., 0.])
239.0951 	EXP 	grid_lines_2: autoDraw = True
239.0951 	EXP 	target_square_2: autoDraw = True
239.8788 	DATA 	Mouse: Left button down, pos=(863,576)
240.0658 	DATA 	Mouse:  Left button up, pos=(863,576)
240.0785 	EXP 	fixation_3: autoDraw = True
240.0951 	EXP 	target_square_2: autoDraw = False
241.0784 	EXP 	fixation_3: autoDraw = False
241.0823 	EXP 	New trial (rep=0, index=71): {'square': 6, 'location': [0.2, 0], 'corrAns': None}
241.0828 	EXP 	window1: mouseVisible = False
241.0951 	EXP 	grid_lines_2: autoDraw = False
241.0951 	EXP 	target_square_2: autoDraw = False
241.0951 	EXP 	fixation_3: autoDraw = False
241.0951 	EXP 	target_square_2: pos = array([0.2, 0. ])
241.0951 	EXP 	grid_lines_2: autoDraw = True
241.0951 	EXP 	target_square_2: autoDraw = True
242.0785 	EXP 	fixation_3: autoDraw = True
242.0951 	EXP 	target_square_2: autoDraw = False
243.0785 	EXP 	fixation_3: autoDraw = False
243.0823 	EXP 	New trial (rep=0, index=72): {'square': 3, 'location': [0.2, 0.2], 'corrAns': None}
243.0828 	EXP 	window1: mouseVisible = False
243.0951 	EXP 	grid_lines_2: autoDraw = False
243.0951 	EXP 	target_square_2: autoDraw = False
243.0951 	EXP 	fixation_3: autoDraw = False
243.0951 	EXP 	target_square_2: pos = array([0.2, 0.2])
243.0951 	EXP 	grid_lines_2: autoDraw = True
243.0951 	EXP 	target_square_2: autoDraw = True
244.0785 	EXP 	fixation_3: autoDraw = True
244.0951 	EXP 	target_square_2: autoDraw = False
245.0785 	EXP 	fixation_3: autoDraw = False
245.0825 	EXP 	New trial (rep=0, index=73): {'square': 6, 'location': [0.2, 0], 'corrAns': 1}
245.0830 	EXP 	window1: mouseVisible = False
245.0951 	EXP 	grid_lines_2: autoDraw = False
245.0951 	EXP 	target_square_2: autoDraw = False
245.0951 	EXP 	fixation_3: autoDraw = False
245.0951 	EXP 	target_square_2: pos = array([0.2, 0. ])
245.0951 	EXP 	grid_lines_2: autoDraw = True
245.0951 	EXP 	target_square_2: autoDraw = True
245.5122 	DATA 	Mouse: Left button down, pos=(863,576)
245.7121 	DATA 	Mouse:  Left button up, pos=(862,576)
246.0785 	EXP 	fixation_3: autoDraw = True
246.0952 	EXP 	target_square_2: autoDraw = False
247.0785 	EXP 	fixation_3: autoDraw = False
247.0823 	EXP 	New trial (rep=0, index=74): {'square': 8, 'location': [0, -0.2], 'corrAns': None}
247.0828 	EXP 	window1: mouseVisible = False
247.0952 	EXP 	grid_lines_2: autoDraw = False
247.0952 	EXP 	target_square_2: autoDraw = False
247.0952 	EXP 	fixation_3: autoDraw = False
247.0952 	EXP 	target_square_2: pos = array([ 0. , -0.2])
247.0952 	EXP 	grid_lines_2: autoDraw = True
247.0952 	EXP 	target_square_2: autoDraw = True
248.0785 	EXP 	fixation_3: autoDraw = True
248.0952 	EXP 	target_square_2: autoDraw = False
249.0785 	EXP 	fixation_3: autoDraw = False
249.0826 	EXP 	New trial (rep=0, index=75): {'square': 9, 'location': [0.2, -0.2], 'corrAns': None}
249.0830 	EXP 	window1: mouseVisible = False
249.0952 	EXP 	grid_lines_2: autoDraw = False
249.0952 	EXP 	target_square_2: autoDraw = False
249.0952 	EXP 	fixation_3: autoDraw = False
249.0952 	EXP 	target_square_2: pos = array([ 0.2, -0.2])
249.0952 	EXP 	grid_lines_2: autoDraw = True
249.0952 	EXP 	target_square_2: autoDraw = True
250.0785 	EXP 	fixation_3: autoDraw = True
250.0952 	EXP 	target_square_2: autoDraw = False
251.0785 	EXP 	fixation_3: autoDraw = False
251.0825 	EXP 	New trial (rep=0, index=76): {'square': 9, 'location': [0.2, -0.2], 'corrAns': None}
251.0829 	EXP 	window1: mouseVisible = False
251.0952 	EXP 	grid_lines_2: autoDraw = False
251.0952 	EXP 	target_square_2: autoDraw = False
251.0952 	EXP 	fixation_3: autoDraw = False
251.0952 	EXP 	target_square_2: pos = array([ 0.2, -0.2])
251.0952 	EXP 	grid_lines_2: autoDraw = True
251.0952 	EXP 	target_square_2: autoDraw = True
252.0785 	EXP 	fixation_3: autoDraw = True
252.0952 	EXP 	target_square_2: autoDraw = False
253.0785 	EXP 	fixation_3: autoDraw = False
253.0824 	EXP 	New trial (rep=0, index=77): {'square': 1, 'location': [-0.2, 0.2], 'corrAns': None}
253.0829 	EXP 	window1: mouseVisible = False
253.0951 	EXP 	grid_lines_2: autoDraw = False
253.0951 	EXP 	target_square_2: autoDraw = False
253.0951 	EXP 	fixation_3: autoDraw = False
253.0951 	EXP 	target_square_2: pos = array([-0.2,  0.2])
253.0951 	EXP 	grid_lines_2: autoDraw = True
253.0951 	EXP 	target_square_2: autoDraw = True
254.0786 	EXP 	fixation_3: autoDraw = True
254.0952 	EXP 	target_square_2: autoDraw = False
255.0785 	EXP 	fixation_3: autoDraw = False
255.0823 	EXP 	New trial (rep=0, index=78): {'square': 3, 'location': [0.2, 0.2], 'corrAns': None}
255.0828 	EXP 	window1: mouseVisible = False
255.0952 	EXP 	grid_lines_2: autoDraw = False
255.0952 	EXP 	target_square_2: autoDraw = False
255.0952 	EXP 	fixation_3: autoDraw = False
255.0952 	EXP 	target_square_2: pos = array([0.2, 0.2])
255.0952 	EXP 	grid_lines_2: autoDraw = True
255.0952 	EXP 	target_square_2: autoDraw = True
256.0786 	EXP 	fixation_3: autoDraw = True
256.0952 	EXP 	target_square_2: autoDraw = False
257.0786 	EXP 	fixation_3: autoDraw = False
257.0825 	EXP 	New trial (rep=0, index=79): {'square': 5, 'location': [0, 0], 'corrAns': None}
257.0828 	EXP 	window1: mouseVisible = False
257.0953 	EXP 	grid_lines_2: autoDraw = False
257.0953 	EXP 	target_square_2: autoDraw = False
257.0953 	EXP 	fixation_3: autoDraw = False
257.0953 	EXP 	target_square_2: pos = array([0., 0.])
257.0953 	EXP 	grid_lines_2: autoDraw = True
257.0953 	EXP 	target_square_2: autoDraw = True
258.0786 	EXP 	fixation_3: autoDraw = True
258.0952 	EXP 	target_square_2: autoDraw = False
259.0786 	EXP 	fixation_3: autoDraw = False
259.0826 	EXP 	New trial (rep=0, index=80): {'square': 3, 'location': [0.2, 0.2], 'corrAns': 1}
259.0830 	EXP 	window1: mouseVisible = False
259.0953 	EXP 	grid_lines_2: autoDraw = False
259.0953 	EXP 	target_square_2: autoDraw = False
259.0953 	EXP 	fixation_3: autoDraw = False
259.0953 	EXP 	target_square_2: pos = array([0.2, 0.2])
259.0953 	EXP 	grid_lines_2: autoDraw = True
259.0953 	EXP 	target_square_2: autoDraw = True
259.7646 	DATA 	Mouse: Left button down, pos=(860,576)
259.9622 	DATA 	Mouse:  Left button up, pos=(860,576)
260.0786 	EXP 	fixation_3: autoDraw = True
260.0953 	EXP 	target_square_2: autoDraw = False
261.0786 	EXP 	fixation_3: autoDraw = False
261.0828 	EXP 	New trial (rep=0, index=81): {'square': 4, 'location': [-0.2, 0], 'corrAns': None}
261.0832 	EXP 	window1: mouseVisible = False
261.0953 	EXP 	grid_lines_2: autoDraw = False
261.0953 	EXP 	target_square_2: autoDraw = False
261.0953 	EXP 	fixation_3: autoDraw = False
261.0953 	EXP 	target_square_2: pos = array([-0.2,  0. ])
261.0953 	EXP 	grid_lines_2: autoDraw = True
261.0953 	EXP 	target_square_2: autoDraw = True
262.0786 	EXP 	fixation_3: autoDraw = True
262.0953 	EXP 	target_square_2: autoDraw = False
263.0786 	EXP 	fixation_3: autoDraw = False
263.0825 	EXP 	New trial (rep=0, index=82): {'square': 7, 'location': [-0.2, -0.2], 'corrAns': None}
263.0830 	EXP 	window1: mouseVisible = False
263.0953 	EXP 	grid_lines_2: autoDraw = False
263.0953 	EXP 	target_square_2: autoDraw = False
263.0953 	EXP 	fixation_3: autoDraw = False
263.0953 	EXP 	target_square_2: pos = array([-0.2, -0.2])
263.0953 	EXP 	grid_lines_2: autoDraw = True
263.0953 	EXP 	target_square_2: autoDraw = True
264.0786 	EXP 	fixation_3: autoDraw = True
264.0953 	EXP 	target_square_2: autoDraw = False
265.0786 	EXP 	fixation_3: autoDraw = False
265.0824 	EXP 	New trial (rep=0, index=83): {'square': 4, 'location': [-0.2, 0], 'corrAns': 1}
265.0829 	EXP 	window1: mouseVisible = False
265.0953 	EXP 	grid_lines_2: autoDraw = False
265.0953 	EXP 	target_square_2: autoDraw = False
265.0953 	EXP 	fixation_3: autoDraw = False
265.0953 	EXP 	target_square_2: pos = array([-0.2,  0. ])
265.0953 	EXP 	grid_lines_2: autoDraw = True
265.0953 	EXP 	target_square_2: autoDraw = True
265.4790 	DATA 	Mouse: Left button down, pos=(860,576)
265.6622 	DATA 	Mouse:  Left button up, pos=(860,576)
266.0787 	EXP 	fixation_3: autoDraw = True
266.0953 	EXP 	target_square_2: autoDraw = False
267.0787 	EXP 	fixation_3: autoDraw = False
267.0827 	EXP 	New trial (rep=0, index=84): {'square': 4, 'location': [-0.2, 0], 'corrAns': None}
267.0832 	EXP 	window1: mouseVisible = False
267.0953 	EXP 	grid_lines_2: autoDraw = False
267.0953 	EXP 	target_square_2: autoDraw = False
267.0953 	EXP 	fixation_3: autoDraw = False
267.0953 	EXP 	target_square_2: pos = array([-0.2,  0. ])
267.0953 	EXP 	grid_lines_2: autoDraw = True
267.0953 	EXP 	target_square_2: autoDraw = True
268.0787 	EXP 	fixation_3: autoDraw = True
268.0953 	EXP 	target_square_2: autoDraw = False
269.0787 	EXP 	fixation_3: autoDraw = False
269.0826 	EXP 	New trial (rep=0, index=85): {'square': 5, 'location': [0, 0], 'corrAns': None}
269.0830 	EXP 	window1: mouseVisible = False
269.0953 	EXP 	grid_lines_2: autoDraw = False
269.0953 	EXP 	target_square_2: autoDraw = False
269.0953 	EXP 	fixation_3: autoDraw = False
269.0953 	EXP 	target_square_2: pos = array([0., 0.])
269.0953 	EXP 	grid_lines_2: autoDraw = True
269.0953 	EXP 	target_square_2: autoDraw = True
270.0787 	EXP 	fixation_3: autoDraw = True
270.0953 	EXP 	target_square_2: autoDraw = False
271.0787 	EXP 	fixation_3: autoDraw = False
271.0825 	EXP 	New trial (rep=0, index=86): {'square': 2, 'location': [0, 0.2], 'corrAns': None}
271.0829 	EXP 	window1: mouseVisible = False
271.0954 	EXP 	grid_lines_2: autoDraw = False
271.0954 	EXP 	target_square_2: autoDraw = False
271.0954 	EXP 	fixation_3: autoDraw = False
271.0954 	EXP 	target_square_2: pos = array([0. , 0.2])
271.0954 	EXP 	grid_lines_2: autoDraw = True
271.0954 	EXP 	target_square_2: autoDraw = True
272.0787 	EXP 	fixation_3: autoDraw = True
272.0954 	EXP 	target_square_2: autoDraw = False
273.0787 	EXP 	fixation_3: autoDraw = False
273.0825 	EXP 	New trial (rep=0, index=87): {'square': 6, 'location': [0.2, 0], 'corrAns': None}
273.0829 	EXP 	window1: mouseVisible = False
273.0954 	EXP 	grid_lines_2: autoDraw = False
273.0954 	EXP 	target_square_2: autoDraw = False
273.0954 	EXP 	fixation_3: autoDraw = False
273.0954 	EXP 	target_square_2: pos = array([0.2, 0. ])
273.0954 	EXP 	grid_lines_2: autoDraw = True
273.0954 	EXP 	target_square_2: autoDraw = True
274.0787 	EXP 	fixation_3: autoDraw = True
274.0954 	EXP 	target_square_2: autoDraw = False
275.0787 	EXP 	fixation_3: autoDraw = False
275.0827 	EXP 	New trial (rep=0, index=88): {'square': 7, 'location': [-0.2, -0.2], 'corrAns': None}
275.0831 	EXP 	window1: mouseVisible = False
275.0954 	EXP 	grid_lines_2: autoDraw = False
275.0954 	EXP 	target_square_2: autoDraw = False
275.0954 	EXP 	fixation_3: autoDraw = False
275.0954 	EXP 	target_square_2: pos = array([-0.2, -0.2])
275.0954 	EXP 	grid_lines_2: autoDraw = True
275.0954 	EXP 	target_square_2: autoDraw = True
276.0787 	EXP 	fixation_3: autoDraw = True
276.0954 	EXP 	target_square_2: autoDraw = False
277.0787 	EXP 	fixation_3: autoDraw = False
277.0826 	EXP 	New trial (rep=0, index=89): {'square': 6, 'location': [0.2, 0], 'corrAns': 1}
277.0830 	EXP 	window1: mouseVisible = False
277.0954 	EXP 	grid_lines_2: autoDraw = False
277.0954 	EXP 	target_square_2: autoDraw = False
277.0954 	EXP 	fixation_3: autoDraw = False
277.0954 	EXP 	target_square_2: pos = array([0.2, 0. ])
277.0954 	EXP 	grid_lines_2: autoDraw = True
277.0954 	EXP 	target_square_2: autoDraw = True
277.4624 	DATA 	Mouse: Left button down, pos=(860,576)
277.6457 	DATA 	Mouse:  Left button up, pos=(860,576)
278.0787 	EXP 	fixation_3: autoDraw = True
278.0954 	EXP 	target_square_2: autoDraw = False
279.0788 	EXP 	fixation_3: autoDraw = False
279.0828 	EXP 	New trial (rep=0, index=90): {'square': 6, 'location': [0.2, 0], 'corrAns': None}
279.0832 	EXP 	window1: mouseVisible = False
279.0954 	EXP 	grid_lines_2: autoDraw = False
279.0954 	EXP 	target_square_2: autoDraw = False
279.0954 	EXP 	fixation_3: autoDraw = False
279.0954 	EXP 	target_square_2: pos = array([0.2, 0. ])
279.0954 	EXP 	grid_lines_2: autoDraw = True
279.0954 	EXP 	target_square_2: autoDraw = True
280.0788 	EXP 	fixation_3: autoDraw = True
280.0954 	EXP 	target_square_2: autoDraw = False
281.0788 	EXP 	fixation_3: autoDraw = False
281.0828 	EXP 	New trial (rep=0, index=91): {'square': 7, 'location': [-0.2, -0.2], 'corrAns': None}
281.0833 	EXP 	window1: mouseVisible = False
281.0955 	EXP 	grid_lines_2: autoDraw = False
281.0955 	EXP 	target_square_2: autoDraw = False
281.0955 	EXP 	fixation_3: autoDraw = False
281.0955 	EXP 	target_square_2: pos = array([-0.2, -0.2])
281.0955 	EXP 	grid_lines_2: autoDraw = True
281.0955 	EXP 	target_square_2: autoDraw = True
282.0788 	EXP 	fixation_3: autoDraw = True
282.0955 	EXP 	target_square_2: autoDraw = False
283.0788 	EXP 	fixation_3: autoDraw = False
283.0826 	EXP 	New trial (rep=0, index=92): {'square': 6, 'location': [0.2, 0], 'corrAns': 1}
283.0830 	EXP 	window1: mouseVisible = False
283.0954 	EXP 	grid_lines_2: autoDraw = False
283.0954 	EXP 	target_square_2: autoDraw = False
283.0954 	EXP 	fixation_3: autoDraw = False
283.0954 	EXP 	target_square_2: pos = array([0.2, 0. ])
283.0954 	EXP 	grid_lines_2: autoDraw = True
283.0954 	EXP 	target_square_2: autoDraw = True
283.6792 	DATA 	Mouse: Left button down, pos=(860,576)
283.8291 	DATA 	Mouse:  Left button up, pos=(859,574)
284.0788 	EXP 	fixation_3: autoDraw = True
284.0955 	EXP 	target_square_2: autoDraw = False
285.0788 	EXP 	fixation_3: autoDraw = False
285.0831 	EXP 	New trial (rep=0, index=93): {'square': 2, 'location': [0, 0.2], 'corrAns': None}
285.0835 	EXP 	window1: mouseVisible = False
285.0955 	EXP 	grid_lines_2: autoDraw = False
285.0955 	EXP 	target_square_2: autoDraw = False
285.0955 	EXP 	fixation_3: autoDraw = False
285.0955 	EXP 	target_square_2: pos = array([0. , 0.2])
285.0955 	EXP 	grid_lines_2: autoDraw = True
285.0955 	EXP 	target_square_2: autoDraw = True
286.0788 	EXP 	fixation_3: autoDraw = True
286.0955 	EXP 	target_square_2: autoDraw = False
287.0788 	EXP 	fixation_3: autoDraw = False
287.0827 	EXP 	New trial (rep=0, index=94): {'square': 5, 'location': [0, 0], 'corrAns': None}
287.0831 	EXP 	window1: mouseVisible = False
287.0955 	EXP 	grid_lines_2: autoDraw = False
287.0955 	EXP 	target_square_2: autoDraw = False
287.0955 	EXP 	fixation_3: autoDraw = False
287.0955 	EXP 	target_square_2: pos = array([0., 0.])
287.0955 	EXP 	grid_lines_2: autoDraw = True
287.0955 	EXP 	target_square_2: autoDraw = True
288.0788 	EXP 	fixation_3: autoDraw = True
288.0955 	EXP 	target_square_2: autoDraw = False
289.0788 	EXP 	fixation_3: autoDraw = False
289.0828 	EXP 	New trial (rep=0, index=95): {'square': 4, 'location': [-0.2, 0], 'corrAns': None}
289.0833 	EXP 	window1: mouseVisible = False
289.0955 	EXP 	grid_lines_2: autoDraw = False
289.0955 	EXP 	target_square_2: autoDraw = False
289.0955 	EXP 	fixation_3: autoDraw = False
289.0955 	EXP 	target_square_2: pos = array([-0.2,  0. ])
289.0955 	EXP 	grid_lines_2: autoDraw = True
289.0955 	EXP 	target_square_2: autoDraw = True
290.0789 	EXP 	fixation_3: autoDraw = True
290.0955 	EXP 	target_square_2: autoDraw = False
291.0789 	EXP 	fixation_3: autoDraw = False
291.0827 	EXP 	New trial (rep=0, index=96): {'square': 4, 'location': [-0.2, 0], 'corrAns': None}
291.0831 	EXP 	window1: mouseVisible = False
291.0955 	EXP 	grid_lines_2: autoDraw = False
291.0955 	EXP 	target_square_2: autoDraw = False
291.0955 	EXP 	fixation_3: autoDraw = False
291.0955 	EXP 	target_square_2: pos = array([-0.2,  0. ])
291.0955 	EXP 	grid_lines_2: autoDraw = True
291.0955 	EXP 	target_square_2: autoDraw = True
292.0789 	EXP 	fixation_3: autoDraw = True
292.0955 	EXP 	target_square_2: autoDraw = False
293.0789 	EXP 	fixation_3: autoDraw = False
293.0827 	EXP 	New trial (rep=0, index=97): {'square': 7, 'location': [-0.2, -0.2], 'corrAns': None}
293.0832 	EXP 	window1: mouseVisible = False
293.0955 	EXP 	grid_lines_2: autoDraw = False
293.0955 	EXP 	target_square_2: autoDraw = False
293.0955 	EXP 	fixation_3: autoDraw = False
293.0955 	EXP 	target_square_2: pos = array([-0.2, -0.2])
293.0955 	EXP 	grid_lines_2: autoDraw = True
293.0955 	EXP 	target_square_2: autoDraw = True
294.0789 	EXP 	fixation_3: autoDraw = True
294.0955 	EXP 	target_square_2: autoDraw = False
295.0789 	EXP 	fixation_3: autoDraw = False
295.0827 	EXP 	New trial (rep=0, index=98): {'square': 4, 'location': [-0.2, 0], 'corrAns': 1}
295.0832 	EXP 	window1: mouseVisible = False
295.0956 	EXP 	grid_lines_2: autoDraw = False
295.0956 	EXP 	target_square_2: autoDraw = False
295.0956 	EXP 	fixation_3: autoDraw = False
295.0956 	EXP 	target_square_2: pos = array([-0.2,  0. ])
295.0956 	EXP 	grid_lines_2: autoDraw = True
295.0956 	EXP 	target_square_2: autoDraw = True
295.4125 	DATA 	Mouse: Left button down, pos=(859,574)
295.5958 	DATA 	Mouse:  Left button up, pos=(859,574)
296.0789 	EXP 	fixation_3: autoDraw = True
296.0956 	EXP 	target_square_2: autoDraw = False
297.0789 	EXP 	fixation_3: autoDraw = False
297.0827 	EXP 	New trial (rep=0, index=99): {'square': 3, 'location': [0.2, 0.2], 'corrAns': None}
297.0831 	EXP 	window1: mouseVisible = False
297.0955 	EXP 	grid_lines_2: autoDraw = False
297.0955 	EXP 	target_square_2: autoDraw = False
297.0955 	EXP 	fixation_3: autoDraw = False
297.0955 	EXP 	target_square_2: pos = array([0.2, 0.2])
297.0955 	EXP 	grid_lines_2: autoDraw = True
297.0955 	EXP 	target_square_2: autoDraw = True
298.0789 	EXP 	fixation_3: autoDraw = True
298.0956 	EXP 	target_square_2: autoDraw = False
299.0789 	EXP 	fixation_3: autoDraw = False
299.0829 	EXP 	New trial (rep=0, index=100): {'square': 5, 'location': [0, 0], 'corrAns': None}
299.0833 	EXP 	window1: mouseVisible = False
299.0956 	EXP 	grid_lines_2: autoDraw = False
299.0956 	EXP 	target_square_2: autoDraw = False
299.0956 	EXP 	fixation_3: autoDraw = False
299.0956 	EXP 	target_square_2: pos = array([0., 0.])
299.0956 	EXP 	grid_lines_2: autoDraw = True
299.0956 	EXP 	target_square_2: autoDraw = True
300.0789 	EXP 	fixation_3: autoDraw = True
300.0956 	EXP 	target_square_2: autoDraw = False
301.0789 	EXP 	fixation_3: autoDraw = False
301.0827 	EXP 	New trial (rep=0, index=101): {'square': 3, 'location': [0.2, 0.2], 'corrAns': 1}
301.0832 	EXP 	window1: mouseVisible = False
301.0956 	EXP 	grid_lines_2: autoDraw = False
301.0956 	EXP 	target_square_2: autoDraw = False
301.0956 	EXP 	fixation_3: autoDraw = False
301.0956 	EXP 	target_square_2: pos = array([0.2, 0.2])
301.0956 	EXP 	grid_lines_2: autoDraw = True
301.0956 	EXP 	target_square_2: autoDraw = True
301.4960 	DATA 	Mouse: Left button down, pos=(859,574)
301.6792 	DATA 	Mouse:  Left button up, pos=(859,574)
302.0789 	EXP 	fixation_3: autoDraw = True
302.0956 	EXP 	target_square_2: autoDraw = False
303.0789 	EXP 	fixation_3: autoDraw = False
303.0828 	EXP 	New trial (rep=0, index=102): {'square': 1, 'location': [-0.2, 0.2], 'corrAns': None}
303.0833 	EXP 	window1: mouseVisible = False
303.0956 	EXP 	grid_lines_2: autoDraw = False
303.0956 	EXP 	target_square_2: autoDraw = False
303.0956 	EXP 	fixation_3: autoDraw = False
303.0956 	EXP 	target_square_2: pos = array([-0.2,  0.2])
303.0956 	EXP 	grid_lines_2: autoDraw = True
303.0956 	EXP 	target_square_2: autoDraw = True
304.0790 	EXP 	fixation_3: autoDraw = True
304.0956 	EXP 	target_square_2: autoDraw = False
305.0790 	EXP 	fixation_3: autoDraw = False
305.0827 	EXP 	New trial (rep=0, index=103): {'square': 9, 'location': [0.2, -0.2], 'corrAns': None}
305.0832 	EXP 	window1: mouseVisible = False
305.0956 	EXP 	grid_lines_2: autoDraw = False
305.0956 	EXP 	target_square_2: autoDraw = False
305.0956 	EXP 	fixation_3: autoDraw = False
305.0956 	EXP 	target_square_2: pos = array([ 0.2, -0.2])
305.0956 	EXP 	grid_lines_2: autoDraw = True
305.0956 	EXP 	target_square_2: autoDraw = True
306.0790 	EXP 	fixation_3: autoDraw = True
306.0957 	EXP 	target_square_2: autoDraw = False
307.0790 	EXP 	fixation_3: autoDraw = False
307.0828 	EXP 	New trial (rep=0, index=104): {'square': 9, 'location': [0.2, -0.2], 'corrAns': None}
307.0832 	EXP 	window1: mouseVisible = False
307.0957 	EXP 	grid_lines_2: autoDraw = False
307.0957 	EXP 	target_square_2: autoDraw = False
307.0957 	EXP 	fixation_3: autoDraw = False
307.0957 	EXP 	target_square_2: pos = array([ 0.2, -0.2])
307.0957 	EXP 	grid_lines_2: autoDraw = True
307.0957 	EXP 	target_square_2: autoDraw = True
308.0790 	EXP 	fixation_3: autoDraw = True
308.0957 	EXP 	target_square_2: autoDraw = False
309.0790 	EXP 	fixation_3: autoDraw = False
309.0831 	EXP 	New trial (rep=0, index=105): {'square': 8, 'location': [0, -0.2], 'corrAns': None}
309.0835 	EXP 	window1: mouseVisible = False
309.0957 	EXP 	grid_lines_2: autoDraw = False
309.0957 	EXP 	target_square_2: autoDraw = False
309.0957 	EXP 	fixation_3: autoDraw = False
309.0957 	EXP 	target_square_2: pos = array([ 0. , -0.2])
309.0957 	EXP 	grid_lines_2: autoDraw = True
309.0957 	EXP 	target_square_2: autoDraw = True
310.0790 	EXP 	fixation_3: autoDraw = True
310.0957 	EXP 	target_square_2: autoDraw = False
311.0790 	EXP 	fixation_3: autoDraw = False
311.0832 	EXP 	New trial (rep=0, index=106): {'square': 6, 'location': [0.2, 0], 'corrAns': None}
311.0837 	EXP 	window1: mouseVisible = False
311.0957 	EXP 	grid_lines_2: autoDraw = False
311.0957 	EXP 	target_square_2: autoDraw = False
311.0957 	EXP 	fixation_3: autoDraw = False
311.0957 	EXP 	target_square_2: pos = array([0.2, 0. ])
311.0957 	EXP 	grid_lines_2: autoDraw = True
311.0957 	EXP 	target_square_2: autoDraw = True
312.0790 	EXP 	fixation_3: autoDraw = True
312.0957 	EXP 	target_square_2: autoDraw = False
313.0790 	EXP 	fixation_3: autoDraw = False
313.0830 	EXP 	New trial (rep=0, index=107): {'square': 3, 'location': [0.2, 0.2], 'corrAns': None}
313.0834 	EXP 	window1: mouseVisible = False
313.0957 	EXP 	grid_lines_2: autoDraw = False
313.0957 	EXP 	target_square_2: autoDraw = False
313.0957 	EXP 	fixation_3: autoDraw = False
313.0957 	EXP 	target_square_2: pos = array([0.2, 0.2])
313.0957 	EXP 	grid_lines_2: autoDraw = True
313.0957 	EXP 	target_square_2: autoDraw = True
314.0790 	EXP 	fixation_3: autoDraw = True
314.0957 	EXP 	target_square_2: autoDraw = False
315.0791 	EXP 	fixation_3: autoDraw = False
315.0828 	EXP 	New trial (rep=0, index=108): {'square': 6, 'location': [0.2, 0], 'corrAns': 1}
315.0833 	EXP 	window1: mouseVisible = False
315.0957 	EXP 	grid_lines_2: autoDraw = False
315.0957 	EXP 	target_square_2: autoDraw = False
315.0957 	EXP 	fixation_3: autoDraw = False
315.0957 	EXP 	target_square_2: pos = array([0.2, 0. ])
315.0957 	EXP 	grid_lines_2: autoDraw = True
315.0957 	EXP 	target_square_2: autoDraw = True
315.4461 	DATA 	Mouse: Left button down, pos=(859,574)
315.6460 	DATA 	Mouse:  Left button up, pos=(859,574)
316.0791 	EXP 	fixation_3: autoDraw = True
316.0957 	EXP 	target_square_2: autoDraw = False
317.0791 	EXP 	fixation_3: autoDraw = False
317.0832 	EXP 	New trial (rep=0, index=109): {'square': 5, 'location': [0, 0], 'corrAns': None}
317.0836 	EXP 	window1: mouseVisible = False
317.0958 	EXP 	grid_lines_2: autoDraw = False
317.0958 	EXP 	target_square_2: autoDraw = False
317.0958 	EXP 	fixation_3: autoDraw = False
317.0958 	EXP 	target_square_2: pos = array([0., 0.])
317.0958 	EXP 	grid_lines_2: autoDraw = True
317.0958 	EXP 	target_square_2: autoDraw = True
318.0791 	EXP 	fixation_3: autoDraw = True
318.0958 	EXP 	target_square_2: autoDraw = False
319.0791 	EXP 	fixation_3: autoDraw = False
319.0831 	EXP 	New trial (rep=0, index=110): {'square': 7, 'location': [-0.2, -0.2], 'corrAns': None}
319.0835 	EXP 	window1: mouseVisible = False
319.0958 	EXP 	grid_lines_2: autoDraw = False
319.0958 	EXP 	target_square_2: autoDraw = False
319.0958 	EXP 	fixation_3: autoDraw = False
319.0958 	EXP 	target_square_2: pos = array([-0.2, -0.2])
319.0958 	EXP 	grid_lines_2: autoDraw = True
319.0958 	EXP 	target_square_2: autoDraw = True
320.0791 	EXP 	fixation_3: autoDraw = True
320.0958 	EXP 	target_square_2: autoDraw = False
321.0791 	EXP 	fixation_3: autoDraw = False
321.0830 	EXP 	New trial (rep=0, index=111): {'square': 5, 'location': [0, 0], 'corrAns': 1}
321.0834 	EXP 	window1: mouseVisible = False
321.0958 	EXP 	grid_lines_2: autoDraw = False
321.0958 	EXP 	target_square_2: autoDraw = False
321.0958 	EXP 	fixation_3: autoDraw = False
321.0958 	EXP 	target_square_2: pos = array([0., 0.])
321.0958 	EXP 	grid_lines_2: autoDraw = True
321.0958 	EXP 	target_square_2: autoDraw = True
321.4628 	DATA 	Mouse: Left button down, pos=(859,574)
321.6794 	DATA 	Mouse:  Left button up, pos=(856,573)
322.0791 	EXP 	fixation_3: autoDraw = True
322.0958 	EXP 	target_square_2: autoDraw = False
323.0791 	EXP 	fixation_3: autoDraw = False
323.0830 	EXP 	New trial (rep=0, index=112): {'square': 1, 'location': [-0.2, 0.2], 'corrAns': None}
323.0834 	EXP 	window1: mouseVisible = False
323.0958 	EXP 	grid_lines_2: autoDraw = False
323.0958 	EXP 	target_square_2: autoDraw = False
323.0958 	EXP 	fixation_3: autoDraw = False
323.0958 	EXP 	target_square_2: pos = array([-0.2,  0.2])
323.0958 	EXP 	grid_lines_2: autoDraw = True
323.0958 	EXP 	target_square_2: autoDraw = True
324.0791 	EXP 	fixation_3: autoDraw = True
324.0958 	EXP 	target_square_2: autoDraw = False
325.0791 	EXP 	fixation_3: autoDraw = False
325.0829 	EXP 	New trial (rep=0, index=113): {'square': 7, 'location': [-0.2, -0.2], 'corrAns': None}
325.0834 	EXP 	window1: mouseVisible = False
325.0958 	EXP 	grid_lines_2: autoDraw = False
325.0958 	EXP 	target_square_2: autoDraw = False
325.0958 	EXP 	fixation_3: autoDraw = False
325.0958 	EXP 	target_square_2: pos = array([-0.2, -0.2])
325.0958 	EXP 	grid_lines_2: autoDraw = True
325.0958 	EXP 	target_square_2: autoDraw = True
326.0791 	EXP 	fixation_3: autoDraw = True
326.0958 	EXP 	target_square_2: autoDraw = False
327.0791 	EXP 	fixation_3: autoDraw = False
327.0835 	EXP 	New trial (rep=0, index=114): {'square': 9, 'location': [0.2, -0.2], 'corrAns': None}
327.0840 	EXP 	window1: mouseVisible = False
327.0958 	EXP 	grid_lines_2: autoDraw = False
327.0958 	EXP 	target_square_2: autoDraw = False
327.0958 	EXP 	fixation_3: autoDraw = False
327.0958 	EXP 	target_square_2: pos = array([ 0.2, -0.2])
327.0958 	EXP 	grid_lines_2: autoDraw = True
327.0958 	EXP 	target_square_2: autoDraw = True
328.0792 	EXP 	fixation_3: autoDraw = True
328.0958 	EXP 	target_square_2: autoDraw = False
329.0792 	EXP 	fixation_3: autoDraw = False
329.0832 	EXP 	New trial (rep=0, index=115): {'square': 3, 'location': [0.2, 0.2], 'corrAns': None}
329.0836 	EXP 	window1: mouseVisible = False
329.0959 	EXP 	grid_lines_2: autoDraw = False
329.0959 	EXP 	target_square_2: autoDraw = False
329.0959 	EXP 	fixation_3: autoDraw = False
329.0959 	EXP 	target_square_2: pos = array([0.2, 0.2])
329.0959 	EXP 	grid_lines_2: autoDraw = True
329.0959 	EXP 	target_square_2: autoDraw = True
330.0792 	EXP 	fixation_3: autoDraw = True
330.0959 	EXP 	target_square_2: autoDraw = False
331.0792 	EXP 	fixation_3: autoDraw = False
331.0830 	EXP 	New trial (rep=0, index=116): {'square': 9, 'location': [0.2, -0.2], 'corrAns': 1}
331.0835 	EXP 	window1: mouseVisible = False
331.0959 	EXP 	grid_lines_2: autoDraw = False
331.0959 	EXP 	target_square_2: autoDraw = False
331.0959 	EXP 	fixation_3: autoDraw = False
331.0959 	EXP 	target_square_2: pos = array([ 0.2, -0.2])
331.0959 	EXP 	grid_lines_2: autoDraw = True
331.0959 	EXP 	target_square_2: autoDraw = True
331.4295 	DATA 	Mouse: Left button down, pos=(856,573)
331.6295 	DATA 	Mouse:  Left button up, pos=(854,574)
332.0792 	EXP 	fixation_3: autoDraw = True
332.0959 	EXP 	target_square_2: autoDraw = False
333.0792 	EXP 	fixation_3: autoDraw = False
333.0830 	EXP 	New trial (rep=0, index=117): {'square': 6, 'location': [0.2, 0], 'corrAns': None}
333.0834 	EXP 	window1: mouseVisible = False
333.0959 	EXP 	grid_lines_2: autoDraw = False
333.0959 	EXP 	target_square_2: autoDraw = False
333.0959 	EXP 	fixation_3: autoDraw = False
333.0959 	EXP 	target_square_2: pos = array([0.2, 0. ])
333.0959 	EXP 	grid_lines_2: autoDraw = True
333.0959 	EXP 	target_square_2: autoDraw = True
334.0792 	EXP 	fixation_3: autoDraw = True
334.0959 	EXP 	target_square_2: autoDraw = False
335.0792 	EXP 	fixation_3: autoDraw = False
335.0830 	EXP 	New trial (rep=0, index=118): {'square': 2, 'location': [0, 0.2], 'corrAns': None}
335.0834 	EXP 	window1: mouseVisible = False
335.0959 	EXP 	grid_lines_2: autoDraw = False
335.0959 	EXP 	target_square_2: autoDraw = False
335.0959 	EXP 	fixation_3: autoDraw = False
335.0959 	EXP 	target_square_2: pos = array([0. , 0.2])
335.0959 	EXP 	grid_lines_2: autoDraw = True
335.0959 	EXP 	target_square_2: autoDraw = True
336.0792 	EXP 	fixation_3: autoDraw = True
336.0959 	EXP 	target_square_2: autoDraw = False
337.0792 	EXP 	fixation_3: autoDraw = False
337.0830 	EXP 	New trial (rep=0, index=119): {'square': 5, 'location': [0, 0], 'corrAns': None}
337.0834 	EXP 	window1: mouseVisible = False
337.0959 	EXP 	grid_lines_2: autoDraw = False
337.0959 	EXP 	target_square_2: autoDraw = False
337.0959 	EXP 	fixation_3: autoDraw = False
337.0959 	EXP 	target_square_2: pos = array([0., 0.])
337.0959 	EXP 	grid_lines_2: autoDraw = True
337.0959 	EXP 	target_square_2: autoDraw = True
338.0792 	EXP 	fixation_3: autoDraw = True
338.0959 	EXP 	target_square_2: autoDraw = False
339.0793 	EXP 	fixation_3: autoDraw = False
339.0979 	EXP 	Created unnamed TextStim = TextStim(__class__=<class 'psychopy.visual.text.TextStim'>, alignHoriz=method-wrapper(...), alignText='center', alignVert=method-wrapper(...), anchorHoriz='center', anchorVert='center', antialias=True, autoLog=True, bold=False, color=array([1., 1., 1.]), colorSpace='rgb', contrast=1.0, depth=0, flipHoriz=False, flipVert=False, font='', fontFiles=[], height=0.05, italic=False, languageStyle='LTR', name='unnamed TextStim', opacity=1.0, ori=0.0, pos=array([0., 0.]), rgb=UNKNOWN, text=str(...), units='height', win=Window(...), wrapWidth=1)
339.1126 	EXP 	grid_lines_2: autoDraw = False
339.1126 	EXP 	target_square_2: autoDraw = False
339.1126 	EXP 	fixation_3: autoDraw = False
370.4801 	DATA 	Keypress: e
370.4806 	EXP 	New trial (rep=0, index=1): OrderedDict([('RestT1', 1), ('TaskT1', 0)])
370.4811 	EXP 	Created sequence: random, trialTypes=1, nReps=1, seed=None
370.4813 	EXP 	New trial (rep=0, index=0): None
370.4929 	EXP 	Created unnamed TextStim = TextStim(__class__=<class 'psychopy.visual.text.TextStim'>, alignHoriz=method-wrapper(...), alignText='center', alignVert=method-wrapper(...), anchorHoriz='center', anchorVert='center', antialias=True, autoLog=True, bold=False, color=array([-0.5, -0.5, -0.5]), colorSpace='rgb', contrast=1.0, depth=0, flipHoriz=False, flipVert=False, font='', fontFiles=[], height=0.05, italic=False, languageStyle='LTR', name='unnamed TextStim', opacity=1.0, ori=0.0, pos=array([0., 0.]), rgb=UNKNOWN, text=str(...), units='height', win=Window(...), wrapWidth=1)
371.3121 	DATA 	Keypress: s
371.3295 	EXP 	fixation_2: autoDraw = True
639.3370 	EXP 	Created unnamed TextStim = TextStim(__class__=<class 'psychopy.visual.text.TextStim'>, alignHoriz=method-wrapper(...), alignText='center', alignVert=method-wrapper(...), anchorHoriz='center', anchorVert='center', antialias=True, autoLog=True, bold=False, color=array([1., 1., 1.]), colorSpace='rgb', contrast=1.0, depth=0, flipHoriz=False, flipVert=False, font='', fontFiles=[], height=0.05, italic=False, languageStyle='LTR', name='unnamed TextStim', opacity=1.0, ori=0.0, pos=array([0., 0.]), rgb=UNKNOWN, text=str(...), units='height', win=Window(...), wrapWidth=1)
639.3484 	EXP 	fixation_2: autoDraw = False
647.7124 	DATA 	Keypress: e
647.7130 	EXP 	Created sequence: random, trialTypes=1, nReps=0, seed=None
647.8252 	EXP 	Created unnamed TextStim = TextStim(__class__=<class 'psychopy.visual.text.TextStim'>, alignHoriz=method-wrapper(...), alignText='center', alignVert=method-wrapper(...), anchorHoriz='center', anchorVert='center', antialias=True, autoLog=True, bold=False, color=array([1., 1., 1.]), colorSpace='rgb', contrast=1.0, depth=0, flipHoriz=False, flipVert=False, font='', fontFiles=[], height=0.05, italic=False, languageStyle='LTR', name='unnamed TextStim', opacity=1.0, ori=0.0, pos=array([0., 0.]), rgb=UNKNOWN, text=str(...), units='height', win=Window(...), wrapWidth=1)
647.8957 	EXP 	window1: mouseVisible = True
