0.6128 	WARNING 	We strongly recommend you activate the PTB sound engine in PsychoPy prefs as the preferred audio engine. Its timing is vastly superior. Your prefs are currently set to use ['sounddevice', 'PTB', 'pyo', 'pygame'] (in that order).
16.5306 	EXP 	Created fixation_2 = TextStim(__class__=<class 'psychopy.visual.text.TextStim'>, alignHoriz=method-wrapper(...), alignText='center', alignVert=method-wrapper(...), anchorHoriz='center', anchorVert='center', antialias=True, autoLog=True, bold=False, color=array([1, 1, 1]), colorSpace='rgb', contrast=1.0, depth=-2.0, flipHoriz=False, flipVert=False, font='Arial', fontFiles=[], height=0.05, italic=False, languageStyle='LTR', name='fixation_2', opacity=1, ori=0, pos=array([0., 0.]), rgb=UNKNOWN, text='+', units='height', win=Window(...), wrapWidth=1)
16.6151 	EXP 	Created Nbackinstructions = TextStim(__class__=<class 'psychopy.visual.text.TextStim'>, alignHoriz=method-wrapper(...), alignText='center', alignVert=method-wrapper(...), anchorHoriz='center', anchorVert='center', antialias=True, autoLog=True, bold=False, color=array([1, 1, 1]), colorSpace='rgb', contrast=1.0, depth=0, flipHoriz=False, flipVert=False, font='Arial', fontFiles=[], height=0.05, italic=False, languageStyle='LTR', name='Nbackinstructions', opacity=1, ori=0.0, pos=array([0., 0.]), rgb=UNKNOWN, text=str(...), units='height', win=Window(...), wrapWidth=1)
16.6190 	EXP 	Created fixation_2 = TextStim(__class__=<class 'psychopy.visual.text.TextStim'>, alignHoriz=method-wrapper(...), alignText='center', alignVert=method-wrapper(...), anchorHoriz='center', anchorVert='center', antialias=True, autoLog=True, bold=False, color=array([1, 1, 1]), colorSpace='rgb', contrast=1.0, depth=-2.0, flipHoriz=False, flipVert=False, font='Arial', fontFiles=[], height=0.05, italic=False, languageStyle='LTR', name='fixation_2', opacity=1, ori=0, pos=array([0., 0.]), rgb=UNKNOWN, text='+', units='height', win=Window(...), wrapWidth=1)
17.0824 	EXP 	Created grid_lines_2 = ImageStim(__class__=<class 'psychopy.visual.image.ImageStim'>, autoLog=True, color=array([1, 1, 1]), colorSpace='rgb', contrast=1.0, depth=0.0, flipHoriz=False, flipVert=False, image='grid.png', interpolate=True, mask=None, maskParams=None, name='grid_lines_2', opacity=1, ori=0.0, pos=array([0., 0.]), size=array([0.6, 0.6]), texRes=128, units='height', win=Window(...))
17.0866 	EXP 	Created target_square_2 = Rect(__class__=<class 'psychopy.visual.rect.Rect'>, autoDraw=False, autoLog=True, closeShape=True, color=method-wrapper(...), colorSpace='rgb', contrast=None, depth=-1.0, fillColor=array([1., 1., 1.]), fillColorSpace='rgb', fillRGB=UNKNOWN, interpolate=True, lineColor=array([0, 0, 0]), lineColorSpace='rgb', lineRGB=UNKNOWN, lineWidth=1, name='target_square_2', opacity=0.5, ori=0.0, pos=array([0., 0.]), size=array([0.15, 0.15]), units='height', vertices=ndarray(...), win=Window(...))
17.0911 	EXP 	Created fixation_3 = TextStim(__class__=<class 'psychopy.visual.text.TextStim'>, alignHoriz=method-wrapper(...), alignText='center', alignVert=method-wrapper(...), anchorHoriz='center', anchorVert='center', antialias=True, autoLog=True, bold=False, color=array([1, 1, 1]), colorSpace='rgb', contrast=1.0, depth=-2.0, flipHoriz=False, flipVert=False, font='Arial', fontFiles=[], height=0.05, italic=False, languageStyle='LTR', name='fixation_3', opacity=1, ori=0, pos=array([0., 0.]), rgb=UNKNOWN, text='+', units='height', win=Window(...), wrapWidth=1)
17.0920 	EXP 	window1: mouseVisible = True
17.0965 	EXP 	window1: mouseVisible = False
17.0970 	EXP 	Created sequence: sequential, trialTypes=2, nReps=1, seed=None
17.0976 	EXP 	New trial (rep=0, index=0): OrderedDict([('RestT1', 1), ('TaskT1', 0)])
17.0981 	EXP 	Created sequence: random, trialTypes=1, nReps=1, seed=None
17.0984 	EXP 	New trial (rep=0, index=0): None
17.1279 	EXP 	Created unnamed TextStim = TextStim(__class__=<class 'psychopy.visual.text.TextStim'>, alignHoriz=method-wrapper(...), alignText='center', alignVert=method-wrapper(...), anchorHoriz='center', anchorVert='center', antialias=True, autoLog=True, bold=False, color=array([-0.5, -0.5, -0.5]), colorSpace='rgb', contrast=1.0, depth=0, flipHoriz=False, flipVert=False, font='', fontFiles=[], height=0.05, italic=False, languageStyle='LTR', name='unnamed TextStim', opacity=1.0, ori=0.0, pos=array([0., 0.]), rgb=UNKNOWN, text=str(...), units='height', win=Window(...), wrapWidth=1)
67.8268 	DATA 	Keypress: s
67.8704 	EXP 	fixation_2: autoDraw = True
335.8580 	EXP 	Created unnamed TextStim = TextStim(__class__=<class 'psychopy.visual.text.TextStim'>, alignHoriz=method-wrapper(...), alignText='center', alignVert=method-wrapper(...), anchorHoriz='center', anchorVert='center', antialias=True, autoLog=True, bold=False, color=array([1., 1., 1.]), colorSpace='rgb', contrast=1.0, depth=0, flipHoriz=False, flipVert=False, font='', fontFiles=[], height=0.05, italic=False, languageStyle='LTR', name='unnamed TextStim', opacity=1.0, ori=0.0, pos=array([0., 0.]), rgb=UNKNOWN, text=str(...), units='height', win=Window(...), wrapWidth=1)
335.8724 	EXP 	fixation_2: autoDraw = False
343.1868 	DATA 	Keypress: e
343.1876 	EXP 	Created sequence: random, trialTypes=1, nReps=0, seed=None
343.1879 	EXP 	New trial (rep=0, index=1): OrderedDict([('RestT1', 0), ('TaskT1', 1)])
343.1883 	EXP 	Created sequence: random, trialTypes=1, nReps=0, seed=None
343.1887 	EXP 	Created sequence: random, trialTypes=1, nReps=1, seed=None
343.1889 	EXP 	New trial (rep=0, index=0): None
343.2058 	EXP 	Nbackinstructions: autoDraw = True
375.7149 	EXP 	Created unnamed TextStim = TextStim(__class__=<class 'psychopy.visual.text.TextStim'>, alignHoriz=method-wrapper(...), alignText='center', alignVert=method-wrapper(...), anchorHoriz='center', anchorVert='center', antialias=True, autoLog=True, bold=False, color=array([-0.5, -0.5, -0.5]), colorSpace='rgb', contrast=1.0, depth=0, flipHoriz=False, flipVert=False, font='', fontFiles=[], height=0.05, italic=False, languageStyle='LTR', name='unnamed TextStim', opacity=1.0, ori=0.0, pos=array([0., 0.]), rgb=UNKNOWN, text=str(...), units='height', win=Window(...), wrapWidth=1)
375.7166 	DATA 	Keypress: space
375.7227 	EXP 	Nbackinstructions: autoDraw = False
392.9628 	DATA 	Keypress: s
393.0228 	EXP 	Imported c:\Users\Dartmouth\Documents\GitHub\canlab\WASABI_public\fMRI Tasks\WASABI Task-T1\N-back-2.xlsx as conditions, 120 conditions, 3 params
393.0235 	EXP 	Created sequence: sequential, trialTypes=120, nReps=1, seed=None
393.0239 	EXP 	New trial (rep=0, index=0): {'square': 5, 'location': [0, 0], 'corrAns': None}
393.0244 	EXP 	window1: mouseVisible = False
393.0300 	EXP 	New trial (rep=0, index=1): {'square': 2, 'location': [0, 0.2], 'corrAns': None}
393.0304 	EXP 	window1: mouseVisible = False
393.0345 	EXP 	New trial (rep=0, index=2): {'square': 6, 'location': [0.2, 0], 'corrAns': None}
393.0349 	EXP 	window1: mouseVisible = False
393.0389 	EXP 	New trial (rep=0, index=3): {'square': 9, 'location': [0.2, -0.2], 'corrAns': None}
393.0394 	EXP 	window1: mouseVisible = False
393.0433 	EXP 	New trial (rep=0, index=4): {'square': 3, 'location': [0.2, 0.2], 'corrAns': None}
393.0437 	EXP 	window1: mouseVisible = False
393.0476 	EXP 	New trial (rep=0, index=5): {'square': 9, 'location': [0.2, -0.2], 'corrAns': 1}
393.0480 	EXP 	window1: mouseVisible = False
393.0519 	EXP 	New trial (rep=0, index=6): {'square': 7, 'location': [-0.2, -0.2], 'corrAns': None}
393.0524 	EXP 	window1: mouseVisible = False
393.0563 	EXP 	New trial (rep=0, index=7): {'square': 1, 'location': [-0.2, 0.2], 'corrAns': None}
393.0567 	EXP 	window1: mouseVisible = False
393.0606 	EXP 	New trial (rep=0, index=8): {'square': 5, 'location': [0, 0], 'corrAns': None}
393.0610 	EXP 	window1: mouseVisible = False
393.0729 	EXP 	fixation_2: autoDraw = False
393.0729 	EXP 	target_square_2: pos = array([0., 0.])
393.0729 	EXP 	grid_lines_2: autoDraw = False
393.0729 	EXP 	target_square_2: autoDraw = False
393.0729 	EXP 	fixation_3: autoDraw = False
393.0729 	EXP 	target_square_2: pos = array([0. , 0.2])
393.0729 	EXP 	grid_lines_2: autoDraw = False
393.0729 	EXP 	target_square_2: autoDraw = False
393.0729 	EXP 	fixation_3: autoDraw = False
393.0729 	EXP 	target_square_2: pos = array([0.2, 0. ])
393.0729 	EXP 	grid_lines_2: autoDraw = False
393.0729 	EXP 	target_square_2: autoDraw = False
393.0729 	EXP 	fixation_3: autoDraw = False
393.0729 	EXP 	target_square_2: pos = array([ 0.2, -0.2])
393.0729 	EXP 	grid_lines_2: autoDraw = False
393.0729 	EXP 	target_square_2: autoDraw = False
393.0729 	EXP 	fixation_3: autoDraw = False
393.0729 	EXP 	target_square_2: pos = array([0.2, 0.2])
393.0729 	EXP 	grid_lines_2: autoDraw = False
393.0729 	EXP 	target_square_2: autoDraw = False
393.0729 	EXP 	fixation_3: autoDraw = False
393.0729 	EXP 	target_square_2: pos = array([ 0.2, -0.2])
393.0729 	EXP 	grid_lines_2: autoDraw = False
393.0729 	EXP 	target_square_2: autoDraw = False
393.0729 	EXP 	fixation_3: autoDraw = False
393.0729 	EXP 	target_square_2: pos = array([-0.2, -0.2])
393.0729 	EXP 	grid_lines_2: autoDraw = False
393.0729 	EXP 	target_square_2: autoDraw = False
393.0729 	EXP 	fixation_3: autoDraw = False
393.0729 	EXP 	target_square_2: pos = array([-0.2,  0.2])
393.0729 	EXP 	grid_lines_2: autoDraw = False
393.0729 	EXP 	target_square_2: autoDraw = False
393.0729 	EXP 	fixation_3: autoDraw = False
393.0729 	EXP 	target_square_2: pos = array([0., 0.])
393.0729 	EXP 	grid_lines_2: autoDraw = True
393.0729 	EXP 	target_square_2: autoDraw = True
394.0561 	EXP 	fixation_3: autoDraw = True
394.0728 	EXP 	target_square_2: autoDraw = False
394.7101 	EXP 	New trial (rep=0, index=9): {'square': 7, 'location': [-0.2, -0.2], 'corrAns': None}
394.7106 	EXP 	window1: mouseVisible = False
394.7229 	EXP 	grid_lines_2: autoDraw = False
394.7229 	EXP 	target_square_2: autoDraw = False
394.7229 	EXP 	fixation_3: autoDraw = False
394.7229 	EXP 	target_square_2: pos = array([-0.2, -0.2])
394.7229 	EXP 	grid_lines_2: autoDraw = True
394.7229 	EXP 	target_square_2: autoDraw = True
395.7061 	EXP 	fixation_3: autoDraw = True
395.7228 	EXP 	target_square_2: autoDraw = False
396.7062 	EXP 	fixation_3: autoDraw = False
396.7102 	EXP 	New trial (rep=0, index=10): {'square': 5, 'location': [0, 0], 'corrAns': 1}
396.7106 	EXP 	window1: mouseVisible = False
396.7228 	EXP 	grid_lines_2: autoDraw = False
396.7228 	EXP 	target_square_2: autoDraw = False
396.7228 	EXP 	fixation_3: autoDraw = False
396.7228 	EXP 	target_square_2: pos = array([0., 0.])
396.7228 	EXP 	grid_lines_2: autoDraw = True
396.7228 	EXP 	target_square_2: autoDraw = True
397.7062 	EXP 	fixation_3: autoDraw = True
397.7228 	EXP 	target_square_2: autoDraw = False
398.7062 	EXP 	fixation_3: autoDraw = False
398.7102 	EXP 	New trial (rep=0, index=11): {'square': 6, 'location': [0.2, 0], 'corrAns': None}
398.7107 	EXP 	window1: mouseVisible = False
398.7229 	EXP 	grid_lines_2: autoDraw = False
398.7229 	EXP 	target_square_2: autoDraw = False
398.7229 	EXP 	fixation_3: autoDraw = False
398.7229 	EXP 	target_square_2: pos = array([0.2, 0. ])
398.7229 	EXP 	grid_lines_2: autoDraw = True
398.7229 	EXP 	target_square_2: autoDraw = True
398.8234 	DATA 	Mouse: Left button down, pos=(892,611)
399.0400 	DATA 	Mouse:  Left button up, pos=(892,611)
399.7062 	EXP 	fixation_3: autoDraw = True
399.7229 	EXP 	target_square_2: autoDraw = False
400.7062 	EXP 	fixation_3: autoDraw = False
400.7102 	EXP 	New trial (rep=0, index=12): {'square': 3, 'location': [0.2, 0.2], 'corrAns': None}
400.7107 	EXP 	window1: mouseVisible = False
400.7229 	EXP 	grid_lines_2: autoDraw = False
400.7229 	EXP 	target_square_2: autoDraw = False
400.7229 	EXP 	fixation_3: autoDraw = False
400.7229 	EXP 	target_square_2: pos = array([0.2, 0.2])
400.7229 	EXP 	grid_lines_2: autoDraw = True
400.7229 	EXP 	target_square_2: autoDraw = True
401.7062 	EXP 	fixation_3: autoDraw = True
401.7229 	EXP 	target_square_2: autoDraw = False
402.7063 	EXP 	fixation_3: autoDraw = False
402.7101 	EXP 	New trial (rep=0, index=13): {'square': 6, 'location': [0.2, 0], 'corrAns': 1}
402.7106 	EXP 	window1: mouseVisible = False
402.7229 	EXP 	grid_lines_2: autoDraw = False
402.7229 	EXP 	target_square_2: autoDraw = False
402.7229 	EXP 	fixation_3: autoDraw = False
402.7229 	EXP 	target_square_2: pos = array([0.2, 0. ])
402.7229 	EXP 	grid_lines_2: autoDraw = True
402.7229 	EXP 	target_square_2: autoDraw = True
403.3733 	DATA 	Mouse: Left button down, pos=(892,611)
403.6733 	DATA 	Mouse:  Left button up, pos=(892,611)
403.7062 	EXP 	fixation_3: autoDraw = True
403.7229 	EXP 	target_square_2: autoDraw = False
404.7062 	EXP 	fixation_3: autoDraw = False
404.7102 	EXP 	New trial (rep=0, index=14): {'square': 8, 'location': [0, -0.2], 'corrAns': None}
404.7107 	EXP 	window1: mouseVisible = False
404.7229 	EXP 	grid_lines_2: autoDraw = False
404.7229 	EXP 	target_square_2: autoDraw = False
404.7229 	EXP 	fixation_3: autoDraw = False
404.7229 	EXP 	target_square_2: pos = array([ 0. , -0.2])
404.7229 	EXP 	grid_lines_2: autoDraw = True
404.7229 	EXP 	target_square_2: autoDraw = True
405.7062 	EXP 	fixation_3: autoDraw = True
405.7229 	EXP 	target_square_2: autoDraw = False
406.7062 	EXP 	fixation_3: autoDraw = False
406.7101 	EXP 	New trial (rep=0, index=15): {'square': 9, 'location': [0.2, -0.2], 'corrAns': None}
406.7106 	EXP 	window1: mouseVisible = False
406.7229 	EXP 	grid_lines_2: autoDraw = False
406.7229 	EXP 	target_square_2: autoDraw = False
406.7229 	EXP 	fixation_3: autoDraw = False
406.7229 	EXP 	target_square_2: pos = array([ 0.2, -0.2])
406.7229 	EXP 	grid_lines_2: autoDraw = True
406.7229 	EXP 	target_square_2: autoDraw = True
407.7063 	EXP 	fixation_3: autoDraw = True
407.7229 	EXP 	target_square_2: autoDraw = False
408.7062 	EXP 	fixation_3: autoDraw = False
408.7101 	EXP 	New trial (rep=0, index=16): {'square': 9, 'location': [0.2, -0.2], 'corrAns': None}
408.7106 	EXP 	window1: mouseVisible = False
408.7229 	EXP 	grid_lines_2: autoDraw = False
408.7229 	EXP 	target_square_2: autoDraw = False
408.7229 	EXP 	fixation_3: autoDraw = False
408.7229 	EXP 	target_square_2: pos = array([ 0.2, -0.2])
408.7229 	EXP 	grid_lines_2: autoDraw = True
408.7229 	EXP 	target_square_2: autoDraw = True
409.7063 	EXP 	fixation_3: autoDraw = True
409.7229 	EXP 	target_square_2: autoDraw = False
410.7063 	EXP 	fixation_3: autoDraw = False
410.7109 	EXP 	New trial (rep=0, index=17): {'square': 1, 'location': [-0.2, 0.2], 'corrAns': None}
410.7114 	EXP 	window1: mouseVisible = False
410.7230 	EXP 	grid_lines_2: autoDraw = False
410.7230 	EXP 	target_square_2: autoDraw = False
410.7230 	EXP 	fixation_3: autoDraw = False
410.7230 	EXP 	target_square_2: pos = array([-0.2,  0.2])
410.7230 	EXP 	grid_lines_2: autoDraw = True
410.7230 	EXP 	target_square_2: autoDraw = True
411.7063 	EXP 	fixation_3: autoDraw = True
411.7230 	EXP 	target_square_2: autoDraw = False
412.7063 	EXP 	fixation_3: autoDraw = False
412.7107 	EXP 	New trial (rep=0, index=18): {'square': 3, 'location': [0.2, 0.2], 'corrAns': None}
412.7111 	EXP 	window1: mouseVisible = False
412.7229 	EXP 	grid_lines_2: autoDraw = False
412.7229 	EXP 	target_square_2: autoDraw = False
412.7229 	EXP 	fixation_3: autoDraw = False
412.7229 	EXP 	target_square_2: pos = array([0.2, 0.2])
412.7229 	EXP 	grid_lines_2: autoDraw = True
412.7229 	EXP 	target_square_2: autoDraw = True
413.7063 	EXP 	fixation_3: autoDraw = True
413.7230 	EXP 	target_square_2: autoDraw = False
414.7063 	EXP 	fixation_3: autoDraw = False
414.7104 	EXP 	New trial (rep=0, index=19): {'square': 5, 'location': [0, 0], 'corrAns': None}
414.7109 	EXP 	window1: mouseVisible = False
414.7230 	EXP 	grid_lines_2: autoDraw = False
414.7230 	EXP 	target_square_2: autoDraw = False
414.7230 	EXP 	fixation_3: autoDraw = False
414.7230 	EXP 	target_square_2: pos = array([0., 0.])
414.7230 	EXP 	grid_lines_2: autoDraw = True
414.7230 	EXP 	target_square_2: autoDraw = True
415.7063 	EXP 	fixation_3: autoDraw = True
415.7230 	EXP 	target_square_2: autoDraw = False
416.7064 	EXP 	fixation_3: autoDraw = False
416.7106 	EXP 	New trial (rep=0, index=20): {'square': 3, 'location': [0.2, 0.2], 'corrAns': 1}
416.7111 	EXP 	window1: mouseVisible = False
416.7230 	EXP 	grid_lines_2: autoDraw = False
416.7230 	EXP 	target_square_2: autoDraw = False
416.7230 	EXP 	fixation_3: autoDraw = False
416.7230 	EXP 	target_square_2: pos = array([0.2, 0.2])
416.7230 	EXP 	grid_lines_2: autoDraw = True
416.7230 	EXP 	target_square_2: autoDraw = True
417.3567 	DATA 	Mouse: Left button down, pos=(892,611)
417.6233 	DATA 	Mouse:  Left button up, pos=(892,611)
417.7063 	EXP 	fixation_3: autoDraw = True
417.7230 	EXP 	target_square_2: autoDraw = False
418.7064 	EXP 	fixation_3: autoDraw = False
418.7103 	EXP 	New trial (rep=0, index=21): {'square': 4, 'location': [-0.2, 0], 'corrAns': None}
418.7108 	EXP 	window1: mouseVisible = False
418.7230 	EXP 	grid_lines_2: autoDraw = False
418.7230 	EXP 	target_square_2: autoDraw = False
418.7230 	EXP 	fixation_3: autoDraw = False
418.7230 	EXP 	target_square_2: pos = array([-0.2,  0. ])
418.7230 	EXP 	grid_lines_2: autoDraw = True
418.7230 	EXP 	target_square_2: autoDraw = True
419.7064 	EXP 	fixation_3: autoDraw = True
419.7230 	EXP 	target_square_2: autoDraw = False
420.7064 	EXP 	fixation_3: autoDraw = False
420.7105 	EXP 	New trial (rep=0, index=22): {'square': 7, 'location': [-0.2, -0.2], 'corrAns': None}
420.7109 	EXP 	window1: mouseVisible = False
420.7230 	EXP 	grid_lines_2: autoDraw = False
420.7230 	EXP 	target_square_2: autoDraw = False
420.7230 	EXP 	fixation_3: autoDraw = False
420.7230 	EXP 	target_square_2: pos = array([-0.2, -0.2])
420.7230 	EXP 	grid_lines_2: autoDraw = True
420.7230 	EXP 	target_square_2: autoDraw = True
421.7064 	EXP 	fixation_3: autoDraw = True
421.7230 	EXP 	target_square_2: autoDraw = False
422.7064 	EXP 	fixation_3: autoDraw = False
422.7105 	EXP 	New trial (rep=0, index=23): {'square': 4, 'location': [-0.2, 0], 'corrAns': 1}
422.7110 	EXP 	window1: mouseVisible = False
422.7231 	EXP 	grid_lines_2: autoDraw = False
422.7231 	EXP 	target_square_2: autoDraw = False
422.7231 	EXP 	fixation_3: autoDraw = False
422.7231 	EXP 	target_square_2: pos = array([-0.2,  0. ])
422.7231 	EXP 	grid_lines_2: autoDraw = True
422.7231 	EXP 	target_square_2: autoDraw = True
423.5403 	DATA 	Mouse: Left button down, pos=(892,611)
423.7064 	EXP 	fixation_3: autoDraw = True
423.7231 	EXP 	target_square_2: autoDraw = False
423.7901 	DATA 	Mouse:  Left button up, pos=(892,611)
424.7064 	EXP 	fixation_3: autoDraw = False
424.7104 	EXP 	New trial (rep=0, index=24): {'square': 4, 'location': [-0.2, 0], 'corrAns': None}
424.7109 	EXP 	window1: mouseVisible = False
424.7231 	EXP 	grid_lines_2: autoDraw = False
424.7231 	EXP 	target_square_2: autoDraw = False
424.7231 	EXP 	fixation_3: autoDraw = False
424.7231 	EXP 	target_square_2: pos = array([-0.2,  0. ])
424.7231 	EXP 	grid_lines_2: autoDraw = True
424.7231 	EXP 	target_square_2: autoDraw = True
425.7064 	EXP 	fixation_3: autoDraw = True
425.7231 	EXP 	target_square_2: autoDraw = False
426.7064 	EXP 	fixation_3: autoDraw = False
426.7103 	EXP 	New trial (rep=0, index=25): {'square': 5, 'location': [0, 0], 'corrAns': None}
426.7108 	EXP 	window1: mouseVisible = False
426.7231 	EXP 	grid_lines_2: autoDraw = False
426.7231 	EXP 	target_square_2: autoDraw = False
426.7231 	EXP 	fixation_3: autoDraw = False
426.7231 	EXP 	target_square_2: pos = array([0., 0.])
426.7231 	EXP 	grid_lines_2: autoDraw = True
426.7231 	EXP 	target_square_2: autoDraw = True
427.7064 	EXP 	fixation_3: autoDraw = True
427.7231 	EXP 	target_square_2: autoDraw = False
428.7064 	EXP 	fixation_3: autoDraw = False
428.7104 	EXP 	New trial (rep=0, index=26): {'square': 2, 'location': [0, 0.2], 'corrAns': None}
428.7109 	EXP 	window1: mouseVisible = False
428.7231 	EXP 	grid_lines_2: autoDraw = False
428.7231 	EXP 	target_square_2: autoDraw = False
428.7231 	EXP 	fixation_3: autoDraw = False
428.7231 	EXP 	target_square_2: pos = array([0. , 0.2])
428.7231 	EXP 	grid_lines_2: autoDraw = True
428.7231 	EXP 	target_square_2: autoDraw = True
429.7064 	EXP 	fixation_3: autoDraw = True
429.7231 	EXP 	target_square_2: autoDraw = False
430.7065 	EXP 	fixation_3: autoDraw = False
430.7106 	EXP 	New trial (rep=0, index=27): {'square': 6, 'location': [0.2, 0], 'corrAns': None}
430.7111 	EXP 	window1: mouseVisible = False
430.7231 	EXP 	grid_lines_2: autoDraw = False
430.7231 	EXP 	target_square_2: autoDraw = False
430.7231 	EXP 	fixation_3: autoDraw = False
430.7231 	EXP 	target_square_2: pos = array([0.2, 0. ])
430.7231 	EXP 	grid_lines_2: autoDraw = True
430.7231 	EXP 	target_square_2: autoDraw = True
431.7065 	EXP 	fixation_3: autoDraw = True
431.7231 	EXP 	target_square_2: autoDraw = False
432.7065 	EXP 	fixation_3: autoDraw = False
432.7105 	EXP 	New trial (rep=0, index=28): {'square': 7, 'location': [-0.2, -0.2], 'corrAns': None}
432.7110 	EXP 	window1: mouseVisible = False
432.7231 	EXP 	grid_lines_2: autoDraw = False
432.7231 	EXP 	target_square_2: autoDraw = False
432.7231 	EXP 	fixation_3: autoDraw = False
432.7231 	EXP 	target_square_2: pos = array([-0.2, -0.2])
432.7231 	EXP 	grid_lines_2: autoDraw = True
432.7231 	EXP 	target_square_2: autoDraw = True
433.7064 	EXP 	fixation_3: autoDraw = True
433.7231 	EXP 	target_square_2: autoDraw = False
434.7065 	EXP 	fixation_3: autoDraw = False
434.7106 	EXP 	New trial (rep=0, index=29): {'square': 6, 'location': [0.2, 0], 'corrAns': 1}
434.7111 	EXP 	window1: mouseVisible = False
434.7231 	EXP 	grid_lines_2: autoDraw = False
434.7231 	EXP 	target_square_2: autoDraw = False
434.7231 	EXP 	fixation_3: autoDraw = False
434.7231 	EXP 	target_square_2: pos = array([0.2, 0. ])
434.7231 	EXP 	grid_lines_2: autoDraw = True
434.7231 	EXP 	target_square_2: autoDraw = True
435.3424 	DATA 	Mouse: Left button down, pos=(892,611)
435.6070 	DATA 	Mouse:  Left button up, pos=(892,611)
435.7065 	EXP 	fixation_3: autoDraw = True
435.7231 	EXP 	target_square_2: autoDraw = False
436.7065 	EXP 	fixation_3: autoDraw = False
436.7103 	EXP 	New trial (rep=0, index=30): {'square': 6, 'location': [0.2, 0], 'corrAns': None}
436.7108 	EXP 	window1: mouseVisible = False
436.7232 	EXP 	grid_lines_2: autoDraw = False
436.7232 	EXP 	target_square_2: autoDraw = False
436.7232 	EXP 	fixation_3: autoDraw = False
436.7232 	EXP 	target_square_2: pos = array([0.2, 0. ])
436.7232 	EXP 	grid_lines_2: autoDraw = True
436.7232 	EXP 	target_square_2: autoDraw = True
437.7065 	EXP 	fixation_3: autoDraw = True
437.7232 	EXP 	target_square_2: autoDraw = False
438.7065 	EXP 	fixation_3: autoDraw = False
438.7103 	EXP 	New trial (rep=0, index=31): {'square': 7, 'location': [-0.2, -0.2], 'corrAns': None}
438.7108 	EXP 	window1: mouseVisible = False
438.7232 	EXP 	grid_lines_2: autoDraw = False
438.7232 	EXP 	target_square_2: autoDraw = False
438.7232 	EXP 	fixation_3: autoDraw = False
438.7232 	EXP 	target_square_2: pos = array([-0.2, -0.2])
438.7232 	EXP 	grid_lines_2: autoDraw = True
438.7232 	EXP 	target_square_2: autoDraw = True
439.7065 	EXP 	fixation_3: autoDraw = True
439.7232 	EXP 	target_square_2: autoDraw = False
440.7065 	EXP 	fixation_3: autoDraw = False
440.7106 	EXP 	New trial (rep=0, index=32): {'square': 6, 'location': [0.2, 0], 'corrAns': 1}
440.7111 	EXP 	window1: mouseVisible = False
440.7232 	EXP 	grid_lines_2: autoDraw = False
440.7232 	EXP 	target_square_2: autoDraw = False
440.7232 	EXP 	fixation_3: autoDraw = False
440.7232 	EXP 	target_square_2: pos = array([0.2, 0. ])
440.7232 	EXP 	grid_lines_2: autoDraw = True
440.7232 	EXP 	target_square_2: autoDraw = True
441.7065 	EXP 	fixation_3: autoDraw = True
441.7232 	EXP 	target_square_2: autoDraw = False
442.2236 	DATA 	Mouse: Left button down, pos=(892,611)
442.4736 	DATA 	Mouse:  Left button up, pos=(892,611)
442.7065 	EXP 	fixation_3: autoDraw = False
442.7104 	EXP 	New trial (rep=0, index=33): {'square': 2, 'location': [0, 0.2], 'corrAns': None}
442.7108 	EXP 	window1: mouseVisible = False
442.7232 	EXP 	grid_lines_2: autoDraw = False
442.7232 	EXP 	target_square_2: autoDraw = False
442.7232 	EXP 	fixation_3: autoDraw = False
442.7232 	EXP 	target_square_2: pos = array([0. , 0.2])
442.7232 	EXP 	grid_lines_2: autoDraw = True
442.7232 	EXP 	target_square_2: autoDraw = True
443.7066 	EXP 	fixation_3: autoDraw = True
443.7233 	EXP 	target_square_2: autoDraw = False
444.7065 	EXP 	fixation_3: autoDraw = False
444.7103 	EXP 	New trial (rep=0, index=34): {'square': 5, 'location': [0, 0], 'corrAns': None}
444.7107 	EXP 	window1: mouseVisible = False
444.7232 	EXP 	grid_lines_2: autoDraw = False
444.7232 	EXP 	target_square_2: autoDraw = False
444.7232 	EXP 	fixation_3: autoDraw = False
444.7232 	EXP 	target_square_2: pos = array([0., 0.])
444.7232 	EXP 	grid_lines_2: autoDraw = True
444.7232 	EXP 	target_square_2: autoDraw = True
445.7066 	EXP 	fixation_3: autoDraw = True
445.7232 	EXP 	target_square_2: autoDraw = False
446.7067 	EXP 	fixation_3: autoDraw = False
446.7107 	EXP 	New trial (rep=0, index=35): {'square': 4, 'location': [-0.2, 0], 'corrAns': None}
446.7112 	EXP 	window1: mouseVisible = False
446.7233 	EXP 	grid_lines_2: autoDraw = False
446.7233 	EXP 	target_square_2: autoDraw = False
446.7233 	EXP 	fixation_3: autoDraw = False
446.7233 	EXP 	target_square_2: pos = array([-0.2,  0. ])
446.7233 	EXP 	grid_lines_2: autoDraw = True
446.7233 	EXP 	target_square_2: autoDraw = True
447.7066 	EXP 	fixation_3: autoDraw = True
447.7233 	EXP 	target_square_2: autoDraw = False
448.7066 	EXP 	fixation_3: autoDraw = False
448.7104 	EXP 	New trial (rep=0, index=36): {'square': 4, 'location': [-0.2, 0], 'corrAns': None}
448.7109 	EXP 	window1: mouseVisible = False
448.7233 	EXP 	grid_lines_2: autoDraw = False
448.7233 	EXP 	target_square_2: autoDraw = False
448.7233 	EXP 	fixation_3: autoDraw = False
448.7233 	EXP 	target_square_2: pos = array([-0.2,  0. ])
448.7233 	EXP 	grid_lines_2: autoDraw = True
448.7233 	EXP 	target_square_2: autoDraw = True
449.7066 	EXP 	fixation_3: autoDraw = True
449.7232 	EXP 	target_square_2: autoDraw = False
450.7066 	EXP 	fixation_3: autoDraw = False
450.7108 	EXP 	New trial (rep=0, index=37): {'square': 7, 'location': [-0.2, -0.2], 'corrAns': None}
450.7113 	EXP 	window1: mouseVisible = False
450.7233 	EXP 	grid_lines_2: autoDraw = False
450.7233 	EXP 	target_square_2: autoDraw = False
450.7233 	EXP 	fixation_3: autoDraw = False
450.7233 	EXP 	target_square_2: pos = array([-0.2, -0.2])
450.7233 	EXP 	grid_lines_2: autoDraw = True
450.7233 	EXP 	target_square_2: autoDraw = True
451.7066 	EXP 	fixation_3: autoDraw = True
451.7233 	EXP 	target_square_2: autoDraw = False
452.7066 	EXP 	fixation_3: autoDraw = False
452.7105 	EXP 	New trial (rep=0, index=38): {'square': 4, 'location': [-0.2, 0], 'corrAns': 1}
452.7109 	EXP 	window1: mouseVisible = False
452.7233 	EXP 	grid_lines_2: autoDraw = False
452.7233 	EXP 	target_square_2: autoDraw = False
452.7233 	EXP 	fixation_3: autoDraw = False
452.7233 	EXP 	target_square_2: pos = array([-0.2,  0. ])
452.7233 	EXP 	grid_lines_2: autoDraw = True
452.7233 	EXP 	target_square_2: autoDraw = True
453.5904 	DATA 	Mouse: Left button down, pos=(892,611)
453.7066 	EXP 	fixation_3: autoDraw = True
453.7233 	EXP 	target_square_2: autoDraw = False
453.8403 	DATA 	Mouse:  Left button up, pos=(892,611)
454.7066 	EXP 	fixation_3: autoDraw = False
454.7105 	EXP 	New trial (rep=0, index=39): {'square': 3, 'location': [0.2, 0.2], 'corrAns': None}
454.7110 	EXP 	window1: mouseVisible = False
454.7233 	EXP 	grid_lines_2: autoDraw = False
454.7233 	EXP 	target_square_2: autoDraw = False
454.7233 	EXP 	fixation_3: autoDraw = False
454.7233 	EXP 	target_square_2: pos = array([0.2, 0.2])
454.7233 	EXP 	grid_lines_2: autoDraw = True
454.7233 	EXP 	target_square_2: autoDraw = True
455.7066 	EXP 	fixation_3: autoDraw = True
455.7233 	EXP 	target_square_2: autoDraw = False
456.7066 	EXP 	fixation_3: autoDraw = False
456.7104 	EXP 	New trial (rep=0, index=40): {'square': 5, 'location': [0, 0], 'corrAns': None}
456.7108 	EXP 	window1: mouseVisible = False
456.7233 	EXP 	grid_lines_2: autoDraw = False
456.7233 	EXP 	target_square_2: autoDraw = False
456.7233 	EXP 	fixation_3: autoDraw = False
456.7233 	EXP 	target_square_2: pos = array([0., 0.])
456.7233 	EXP 	grid_lines_2: autoDraw = True
456.7233 	EXP 	target_square_2: autoDraw = True
457.7067 	EXP 	fixation_3: autoDraw = True
457.7233 	EXP 	target_square_2: autoDraw = False
458.7067 	EXP 	fixation_3: autoDraw = False
458.7105 	EXP 	New trial (rep=0, index=41): {'square': 3, 'location': [0.2, 0.2], 'corrAns': 1}
458.7109 	EXP 	window1: mouseVisible = False
458.7233 	EXP 	grid_lines_2: autoDraw = False
458.7233 	EXP 	target_square_2: autoDraw = False
458.7233 	EXP 	fixation_3: autoDraw = False
458.7233 	EXP 	target_square_2: pos = array([0.2, 0.2])
458.7233 	EXP 	grid_lines_2: autoDraw = True
458.7233 	EXP 	target_square_2: autoDraw = True
459.4092 	DATA 	Mouse: Left button down, pos=(892,611)
459.6738 	DATA 	Mouse:  Left button up, pos=(892,611)
459.7067 	EXP 	fixation_3: autoDraw = True
459.7233 	EXP 	target_square_2: autoDraw = False
460.7067 	EXP 	fixation_3: autoDraw = False
460.7107 	EXP 	New trial (rep=0, index=42): {'square': 1, 'location': [-0.2, 0.2], 'corrAns': None}
460.7112 	EXP 	window1: mouseVisible = False
460.7233 	EXP 	grid_lines_2: autoDraw = False
460.7233 	EXP 	target_square_2: autoDraw = False
460.7233 	EXP 	fixation_3: autoDraw = False
460.7233 	EXP 	target_square_2: pos = array([-0.2,  0.2])
460.7233 	EXP 	grid_lines_2: autoDraw = True
460.7233 	EXP 	target_square_2: autoDraw = True
461.7067 	EXP 	fixation_3: autoDraw = True
461.7234 	EXP 	target_square_2: autoDraw = False
462.7066 	EXP 	fixation_3: autoDraw = False
462.7106 	EXP 	New trial (rep=0, index=43): {'square': 9, 'location': [0.2, -0.2], 'corrAns': None}
462.7111 	EXP 	window1: mouseVisible = False
462.7233 	EXP 	grid_lines_2: autoDraw = False
462.7233 	EXP 	target_square_2: autoDraw = False
462.7233 	EXP 	fixation_3: autoDraw = False
462.7233 	EXP 	target_square_2: pos = array([ 0.2, -0.2])
462.7233 	EXP 	grid_lines_2: autoDraw = True
462.7233 	EXP 	target_square_2: autoDraw = True
463.7067 	EXP 	fixation_3: autoDraw = True
463.7234 	EXP 	target_square_2: autoDraw = False
464.7067 	EXP 	fixation_3: autoDraw = False
464.7107 	EXP 	New trial (rep=0, index=44): {'square': 9, 'location': [0.2, -0.2], 'corrAns': None}
464.7112 	EXP 	window1: mouseVisible = False
464.7234 	EXP 	grid_lines_2: autoDraw = False
464.7234 	EXP 	target_square_2: autoDraw = False
464.7234 	EXP 	fixation_3: autoDraw = False
464.7234 	EXP 	target_square_2: pos = array([ 0.2, -0.2])
464.7234 	EXP 	grid_lines_2: autoDraw = True
464.7234 	EXP 	target_square_2: autoDraw = True
465.7067 	EXP 	fixation_3: autoDraw = True
465.7234 	EXP 	target_square_2: autoDraw = False
466.7067 	EXP 	fixation_3: autoDraw = False
466.7107 	EXP 	New trial (rep=0, index=45): {'square': 8, 'location': [0, -0.2], 'corrAns': None}
466.7112 	EXP 	window1: mouseVisible = False
466.7234 	EXP 	grid_lines_2: autoDraw = False
466.7234 	EXP 	target_square_2: autoDraw = False
466.7234 	EXP 	fixation_3: autoDraw = False
466.7234 	EXP 	target_square_2: pos = array([ 0. , -0.2])
466.7234 	EXP 	grid_lines_2: autoDraw = True
466.7234 	EXP 	target_square_2: autoDraw = True
467.7067 	EXP 	fixation_3: autoDraw = True
467.7234 	EXP 	target_square_2: autoDraw = False
468.7067 	EXP 	fixation_3: autoDraw = False
468.7104 	EXP 	New trial (rep=0, index=46): {'square': 6, 'location': [0.2, 0], 'corrAns': None}
468.7109 	EXP 	window1: mouseVisible = False
468.7234 	EXP 	grid_lines_2: autoDraw = False
468.7234 	EXP 	target_square_2: autoDraw = False
468.7234 	EXP 	fixation_3: autoDraw = False
468.7234 	EXP 	target_square_2: pos = array([0.2, 0. ])
468.7234 	EXP 	grid_lines_2: autoDraw = True
468.7234 	EXP 	target_square_2: autoDraw = True
469.7067 	EXP 	fixation_3: autoDraw = True
469.7234 	EXP 	target_square_2: autoDraw = False
470.7067 	EXP 	fixation_3: autoDraw = False
470.7106 	EXP 	New trial (rep=0, index=47): {'square': 3, 'location': [0.2, 0.2], 'corrAns': None}
470.7111 	EXP 	window1: mouseVisible = False
470.7234 	EXP 	grid_lines_2: autoDraw = False
470.7234 	EXP 	target_square_2: autoDraw = False
470.7234 	EXP 	fixation_3: autoDraw = False
470.7234 	EXP 	target_square_2: pos = array([0.2, 0.2])
470.7234 	EXP 	grid_lines_2: autoDraw = True
470.7234 	EXP 	target_square_2: autoDraw = True
471.7068 	EXP 	fixation_3: autoDraw = True
471.7234 	EXP 	target_square_2: autoDraw = False
472.7068 	EXP 	fixation_3: autoDraw = False
472.7108 	EXP 	New trial (rep=0, index=48): {'square': 6, 'location': [0.2, 0], 'corrAns': 1}
472.7114 	EXP 	window1: mouseVisible = False
472.7234 	EXP 	grid_lines_2: autoDraw = False
472.7234 	EXP 	target_square_2: autoDraw = False
472.7234 	EXP 	fixation_3: autoDraw = False
472.7234 	EXP 	target_square_2: pos = array([0.2, 0. ])
472.7234 	EXP 	grid_lines_2: autoDraw = True
472.7234 	EXP 	target_square_2: autoDraw = True
473.3239 	DATA 	Mouse: Left button down, pos=(892,611)
473.7068 	EXP 	fixation_3: autoDraw = True
473.7234 	EXP 	target_square_2: autoDraw = False
473.8571 	DATA 	Mouse:  Left button up, pos=(892,611)
474.7068 	EXP 	fixation_3: autoDraw = False
474.7106 	EXP 	New trial (rep=0, index=49): {'square': 5, 'location': [0, 0], 'corrAns': None}
474.7110 	EXP 	window1: mouseVisible = False
474.7235 	EXP 	grid_lines_2: autoDraw = False
474.7235 	EXP 	target_square_2: autoDraw = False
474.7235 	EXP 	fixation_3: autoDraw = False
474.7235 	EXP 	target_square_2: pos = array([0., 0.])
474.7235 	EXP 	grid_lines_2: autoDraw = True
474.7235 	EXP 	target_square_2: autoDraw = True
475.2238 	DATA 	Mouse: Left button down, pos=(816,621)
475.4071 	DATA 	Mouse:  Left button up, pos=(816,621)
475.7068 	EXP 	fixation_3: autoDraw = True
475.7235 	EXP 	target_square_2: autoDraw = False
476.7068 	EXP 	fixation_3: autoDraw = False
476.7106 	EXP 	New trial (rep=0, index=50): {'square': 7, 'location': [-0.2, -0.2], 'corrAns': None}
476.7110 	EXP 	window1: mouseVisible = False
476.7235 	EXP 	grid_lines_2: autoDraw = False
476.7235 	EXP 	target_square_2: autoDraw = False
476.7235 	EXP 	fixation_3: autoDraw = False
476.7235 	EXP 	target_square_2: pos = array([-0.2, -0.2])
476.7235 	EXP 	grid_lines_2: autoDraw = True
476.7235 	EXP 	target_square_2: autoDraw = True
477.7068 	EXP 	fixation_3: autoDraw = True
477.7235 	EXP 	target_square_2: autoDraw = False
478.7068 	EXP 	fixation_3: autoDraw = False
478.7107 	EXP 	New trial (rep=0, index=51): {'square': 5, 'location': [0, 0], 'corrAns': 1}
478.7111 	EXP 	window1: mouseVisible = False
478.7235 	EXP 	grid_lines_2: autoDraw = False
478.7235 	EXP 	target_square_2: autoDraw = False
478.7235 	EXP 	fixation_3: autoDraw = False
478.7235 	EXP 	target_square_2: pos = array([0., 0.])
478.7235 	EXP 	grid_lines_2: autoDraw = True
478.7235 	EXP 	target_square_2: autoDraw = True
479.3239 	DATA 	Mouse: Left button down, pos=(829,627)
479.6738 	DATA 	Mouse:  Left button up, pos=(829,627)
479.7069 	EXP 	fixation_3: autoDraw = True
479.7235 	EXP 	target_square_2: autoDraw = False
480.7068 	EXP 	fixation_3: autoDraw = False
480.7108 	EXP 	New trial (rep=0, index=52): {'square': 1, 'location': [-0.2, 0.2], 'corrAns': None}
480.7113 	EXP 	window1: mouseVisible = False
480.7235 	EXP 	grid_lines_2: autoDraw = False
480.7235 	EXP 	target_square_2: autoDraw = False
480.7235 	EXP 	fixation_3: autoDraw = False
480.7235 	EXP 	target_square_2: pos = array([-0.2,  0.2])
480.7235 	EXP 	grid_lines_2: autoDraw = True
480.7235 	EXP 	target_square_2: autoDraw = True
481.7068 	EXP 	fixation_3: autoDraw = True
481.7235 	EXP 	target_square_2: autoDraw = False
482.7068 	EXP 	fixation_3: autoDraw = False
482.7107 	EXP 	New trial (rep=0, index=53): {'square': 7, 'location': [-0.2, -0.2], 'corrAns': None}
482.7112 	EXP 	window1: mouseVisible = False
482.7235 	EXP 	grid_lines_2: autoDraw = False
482.7235 	EXP 	target_square_2: autoDraw = False
482.7235 	EXP 	fixation_3: autoDraw = False
482.7235 	EXP 	target_square_2: pos = array([-0.2, -0.2])
482.7235 	EXP 	grid_lines_2: autoDraw = True
482.7235 	EXP 	target_square_2: autoDraw = True
483.4738 	DATA 	Mouse: Left button down, pos=(829,627)
483.7068 	EXP 	fixation_3: autoDraw = True
483.7235 	EXP 	target_square_2: autoDraw = False
483.8572 	DATA 	Mouse:  Left button up, pos=(829,627)
484.7069 	EXP 	fixation_3: autoDraw = False
484.7106 	EXP 	New trial (rep=0, index=54): {'square': 9, 'location': [0.2, -0.2], 'corrAns': None}
484.7111 	EXP 	window1: mouseVisible = False
484.7235 	EXP 	grid_lines_2: autoDraw = False
484.7235 	EXP 	target_square_2: autoDraw = False
484.7235 	EXP 	fixation_3: autoDraw = False
484.7235 	EXP 	target_square_2: pos = array([ 0.2, -0.2])
484.7235 	EXP 	grid_lines_2: autoDraw = True
484.7235 	EXP 	target_square_2: autoDraw = True
485.7069 	EXP 	fixation_3: autoDraw = True
485.7235 	EXP 	target_square_2: autoDraw = False
486.7069 	EXP 	fixation_3: autoDraw = False
486.7106 	EXP 	New trial (rep=0, index=55): {'square': 3, 'location': [0.2, 0.2], 'corrAns': None}
486.7111 	EXP 	window1: mouseVisible = False
486.7235 	EXP 	grid_lines_2: autoDraw = False
486.7235 	EXP 	target_square_2: autoDraw = False
486.7235 	EXP 	fixation_3: autoDraw = False
486.7235 	EXP 	target_square_2: pos = array([0.2, 0.2])
486.7235 	EXP 	grid_lines_2: autoDraw = True
486.7235 	EXP 	target_square_2: autoDraw = True
487.7069 	EXP 	fixation_3: autoDraw = True
487.7236 	EXP 	target_square_2: autoDraw = False
488.7069 	EXP 	fixation_3: autoDraw = False
488.7108 	EXP 	New trial (rep=0, index=56): {'square': 9, 'location': [0.2, -0.2], 'corrAns': 1}
488.7113 	EXP 	window1: mouseVisible = False
488.7236 	EXP 	grid_lines_2: autoDraw = False
488.7236 	EXP 	target_square_2: autoDraw = False
488.7236 	EXP 	fixation_3: autoDraw = False
488.7236 	EXP 	target_square_2: pos = array([ 0.2, -0.2])
488.7236 	EXP 	grid_lines_2: autoDraw = True
488.7236 	EXP 	target_square_2: autoDraw = True
489.2908 	DATA 	Mouse: Left button down, pos=(829,627)
489.5906 	DATA 	Mouse:  Left button up, pos=(829,627)
489.7069 	EXP 	fixation_3: autoDraw = True
489.7236 	EXP 	target_square_2: autoDraw = False
490.7069 	EXP 	fixation_3: autoDraw = False
490.7107 	EXP 	New trial (rep=0, index=57): {'square': 6, 'location': [0.2, 0], 'corrAns': None}
490.7112 	EXP 	window1: mouseVisible = False
490.7236 	EXP 	grid_lines_2: autoDraw = False
490.7236 	EXP 	target_square_2: autoDraw = False
490.7236 	EXP 	fixation_3: autoDraw = False
490.7236 	EXP 	target_square_2: pos = array([0.2, 0. ])
490.7236 	EXP 	grid_lines_2: autoDraw = True
490.7236 	EXP 	target_square_2: autoDraw = True
491.7069 	EXP 	fixation_3: autoDraw = True
491.7236 	EXP 	target_square_2: autoDraw = False
492.7069 	EXP 	fixation_3: autoDraw = False
492.7109 	EXP 	New trial (rep=0, index=58): {'square': 2, 'location': [0, 0.2], 'corrAns': None}
492.7115 	EXP 	window1: mouseVisible = False
492.7236 	EXP 	grid_lines_2: autoDraw = False
492.7236 	EXP 	target_square_2: autoDraw = False
492.7236 	EXP 	fixation_3: autoDraw = False
492.7236 	EXP 	target_square_2: pos = array([0. , 0.2])
492.7236 	EXP 	grid_lines_2: autoDraw = True
492.7236 	EXP 	target_square_2: autoDraw = True
493.7068 	EXP 	fixation_3: autoDraw = True
493.7236 	EXP 	target_square_2: autoDraw = False
494.7069 	EXP 	fixation_3: autoDraw = False
494.7107 	EXP 	New trial (rep=0, index=59): {'square': 5, 'location': [0, 0], 'corrAns': None}
494.7111 	EXP 	window1: mouseVisible = False
494.7236 	EXP 	grid_lines_2: autoDraw = False
494.7236 	EXP 	target_square_2: autoDraw = False
494.7236 	EXP 	fixation_3: autoDraw = False
494.7236 	EXP 	target_square_2: pos = array([0., 0.])
494.7236 	EXP 	grid_lines_2: autoDraw = True
494.7236 	EXP 	target_square_2: autoDraw = True
495.7070 	EXP 	fixation_3: autoDraw = True
495.7236 	EXP 	target_square_2: autoDraw = False
496.7069 	EXP 	fixation_3: autoDraw = False
496.7111 	EXP 	New trial (rep=0, index=60): {'square': 5, 'location': [0, 0], 'corrAns': None}
496.7115 	EXP 	window1: mouseVisible = False
496.7236 	EXP 	grid_lines_2: autoDraw = False
496.7236 	EXP 	target_square_2: autoDraw = False
496.7236 	EXP 	fixation_3: autoDraw = False
496.7236 	EXP 	target_square_2: pos = array([0., 0.])
496.7236 	EXP 	grid_lines_2: autoDraw = True
496.7236 	EXP 	target_square_2: autoDraw = True
497.7070 	EXP 	fixation_3: autoDraw = True
497.7236 	EXP 	target_square_2: autoDraw = False
498.7070 	EXP 	fixation_3: autoDraw = False
498.7107 	EXP 	New trial (rep=0, index=61): {'square': 2, 'location': [0, 0.2], 'corrAns': None}
498.7111 	EXP 	window1: mouseVisible = False
498.7236 	EXP 	grid_lines_2: autoDraw = False
498.7236 	EXP 	target_square_2: autoDraw = False
498.7236 	EXP 	fixation_3: autoDraw = False
498.7236 	EXP 	target_square_2: pos = array([0. , 0.2])
498.7236 	EXP 	grid_lines_2: autoDraw = True
498.7236 	EXP 	target_square_2: autoDraw = True
499.7070 	EXP 	fixation_3: autoDraw = True
499.7236 	EXP 	target_square_2: autoDraw = False
500.7070 	EXP 	fixation_3: autoDraw = False
500.7108 	EXP 	New trial (rep=0, index=62): {'square': 6, 'location': [0.2, 0], 'corrAns': None}
500.7114 	EXP 	window1: mouseVisible = False
500.7236 	EXP 	grid_lines_2: autoDraw = False
500.7236 	EXP 	target_square_2: autoDraw = False
500.7236 	EXP 	fixation_3: autoDraw = False
500.7236 	EXP 	target_square_2: pos = array([0.2, 0. ])
500.7236 	EXP 	grid_lines_2: autoDraw = True
500.7236 	EXP 	target_square_2: autoDraw = True
501.7070 	EXP 	fixation_3: autoDraw = True
501.7237 	EXP 	target_square_2: autoDraw = False
502.7070 	EXP 	fixation_3: autoDraw = False
502.7108 	EXP 	New trial (rep=0, index=63): {'square': 9, 'location': [0.2, -0.2], 'corrAns': None}
502.7113 	EXP 	window1: mouseVisible = False
502.7237 	EXP 	grid_lines_2: autoDraw = False
502.7237 	EXP 	target_square_2: autoDraw = False
502.7237 	EXP 	fixation_3: autoDraw = False
502.7237 	EXP 	target_square_2: pos = array([ 0.2, -0.2])
502.7237 	EXP 	grid_lines_2: autoDraw = True
502.7237 	EXP 	target_square_2: autoDraw = True
503.7070 	EXP 	fixation_3: autoDraw = True
503.7237 	EXP 	target_square_2: autoDraw = False
504.7070 	EXP 	fixation_3: autoDraw = False
504.7108 	EXP 	New trial (rep=0, index=64): {'square': 3, 'location': [0.2, 0.2], 'corrAns': None}
504.7113 	EXP 	window1: mouseVisible = False
504.7237 	EXP 	grid_lines_2: autoDraw = False
504.7237 	EXP 	target_square_2: autoDraw = False
504.7237 	EXP 	fixation_3: autoDraw = False
504.7237 	EXP 	target_square_2: pos = array([0.2, 0.2])
504.7237 	EXP 	grid_lines_2: autoDraw = True
504.7237 	EXP 	target_square_2: autoDraw = True
505.7071 	EXP 	fixation_3: autoDraw = True
505.7237 	EXP 	target_square_2: autoDraw = False
506.7070 	EXP 	fixation_3: autoDraw = False
506.7109 	EXP 	New trial (rep=0, index=65): {'square': 9, 'location': [0.2, -0.2], 'corrAns': 1}
506.7114 	EXP 	window1: mouseVisible = False
506.7237 	EXP 	grid_lines_2: autoDraw = False
506.7237 	EXP 	target_square_2: autoDraw = False
506.7237 	EXP 	fixation_3: autoDraw = False
506.7237 	EXP 	target_square_2: pos = array([ 0.2, -0.2])
506.7237 	EXP 	grid_lines_2: autoDraw = True
506.7237 	EXP 	target_square_2: autoDraw = True
507.7070 	EXP 	fixation_3: autoDraw = True
507.7237 	EXP 	target_square_2: autoDraw = False
508.0409 	DATA 	Mouse: Left button down, pos=(829,627)
508.3408 	DATA 	Mouse:  Left button up, pos=(829,627)
508.7070 	EXP 	fixation_3: autoDraw = False
508.7109 	EXP 	New trial (rep=0, index=66): {'square': 7, 'location': [-0.2, -0.2], 'corrAns': None}
508.7114 	EXP 	window1: mouseVisible = False
508.7237 	EXP 	grid_lines_2: autoDraw = False
508.7237 	EXP 	target_square_2: autoDraw = False
508.7237 	EXP 	fixation_3: autoDraw = False
508.7237 	EXP 	target_square_2: pos = array([-0.2, -0.2])
508.7237 	EXP 	grid_lines_2: autoDraw = True
508.7237 	EXP 	target_square_2: autoDraw = True
509.7070 	EXP 	fixation_3: autoDraw = True
509.7237 	EXP 	target_square_2: autoDraw = False
510.7071 	EXP 	fixation_3: autoDraw = False
510.7110 	EXP 	New trial (rep=0, index=67): {'square': 1, 'location': [-0.2, 0.2], 'corrAns': None}
510.7115 	EXP 	window1: mouseVisible = False
510.7237 	EXP 	grid_lines_2: autoDraw = False
510.7237 	EXP 	target_square_2: autoDraw = False
510.7237 	EXP 	fixation_3: autoDraw = False
510.7237 	EXP 	target_square_2: pos = array([-0.2,  0.2])
510.7237 	EXP 	grid_lines_2: autoDraw = True
510.7237 	EXP 	target_square_2: autoDraw = True
511.7071 	EXP 	fixation_3: autoDraw = True
511.7237 	EXP 	target_square_2: autoDraw = False
512.7071 	EXP 	fixation_3: autoDraw = False
512.7110 	EXP 	New trial (rep=0, index=68): {'square': 5, 'location': [0, 0], 'corrAns': None}
512.7114 	EXP 	window1: mouseVisible = False
512.7238 	EXP 	grid_lines_2: autoDraw = False
512.7238 	EXP 	target_square_2: autoDraw = False
512.7238 	EXP 	fixation_3: autoDraw = False
512.7238 	EXP 	target_square_2: pos = array([0., 0.])
512.7238 	EXP 	grid_lines_2: autoDraw = True
512.7238 	EXP 	target_square_2: autoDraw = True
513.7071 	EXP 	fixation_3: autoDraw = True
513.7237 	EXP 	target_square_2: autoDraw = False
514.7071 	EXP 	fixation_3: autoDraw = False
514.7109 	EXP 	New trial (rep=0, index=69): {'square': 7, 'location': [-0.2, -0.2], 'corrAns': None}
514.7114 	EXP 	window1: mouseVisible = False
514.7238 	EXP 	grid_lines_2: autoDraw = False
514.7238 	EXP 	target_square_2: autoDraw = False
514.7238 	EXP 	fixation_3: autoDraw = False
514.7238 	EXP 	target_square_2: pos = array([-0.2, -0.2])
514.7238 	EXP 	grid_lines_2: autoDraw = True
514.7238 	EXP 	target_square_2: autoDraw = True
515.3242 	DATA 	Mouse: Left button down, pos=(829,627)
515.6075 	DATA 	Mouse:  Left button up, pos=(829,627)
515.7071 	EXP 	fixation_3: autoDraw = True
515.7238 	EXP 	target_square_2: autoDraw = False
516.7071 	EXP 	fixation_3: autoDraw = False
516.7110 	EXP 	New trial (rep=0, index=70): {'square': 5, 'location': [0, 0], 'corrAns': 1}
516.7115 	EXP 	window1: mouseVisible = False
516.7238 	EXP 	grid_lines_2: autoDraw = False
516.7238 	EXP 	target_square_2: autoDraw = False
516.7238 	EXP 	fixation_3: autoDraw = False
516.7238 	EXP 	target_square_2: pos = array([0., 0.])
516.7238 	EXP 	grid_lines_2: autoDraw = True
516.7238 	EXP 	target_square_2: autoDraw = True
517.7071 	EXP 	fixation_3: autoDraw = True
517.7238 	EXP 	target_square_2: autoDraw = False
518.7071 	EXP 	fixation_3: autoDraw = False
518.7110 	EXP 	New trial (rep=0, index=71): {'square': 6, 'location': [0.2, 0], 'corrAns': None}
518.7114 	EXP 	window1: mouseVisible = False
518.7238 	EXP 	grid_lines_2: autoDraw = False
518.7238 	EXP 	target_square_2: autoDraw = False
518.7238 	EXP 	fixation_3: autoDraw = False
518.7238 	EXP 	target_square_2: pos = array([0.2, 0. ])
518.7238 	EXP 	grid_lines_2: autoDraw = True
518.7238 	EXP 	target_square_2: autoDraw = True
519.7071 	EXP 	fixation_3: autoDraw = True
519.7238 	EXP 	target_square_2: autoDraw = False
520.7072 	EXP 	fixation_3: autoDraw = False
520.7111 	EXP 	New trial (rep=0, index=72): {'square': 3, 'location': [0.2, 0.2], 'corrAns': None}
520.7116 	EXP 	window1: mouseVisible = False
520.7238 	EXP 	grid_lines_2: autoDraw = False
520.7238 	EXP 	target_square_2: autoDraw = False
520.7238 	EXP 	fixation_3: autoDraw = False
520.7238 	EXP 	target_square_2: pos = array([0.2, 0.2])
520.7238 	EXP 	grid_lines_2: autoDraw = True
520.7238 	EXP 	target_square_2: autoDraw = True
521.7071 	EXP 	fixation_3: autoDraw = True
521.7238 	EXP 	target_square_2: autoDraw = False
522.7072 	EXP 	fixation_3: autoDraw = False
522.7109 	EXP 	New trial (rep=0, index=73): {'square': 6, 'location': [0.2, 0], 'corrAns': 1}
522.7114 	EXP 	window1: mouseVisible = False
522.7238 	EXP 	grid_lines_2: autoDraw = False
522.7238 	EXP 	target_square_2: autoDraw = False
522.7238 	EXP 	fixation_3: autoDraw = False
522.7238 	EXP 	target_square_2: pos = array([0.2, 0. ])
522.7238 	EXP 	grid_lines_2: autoDraw = True
522.7238 	EXP 	target_square_2: autoDraw = True
523.7072 	EXP 	fixation_3: autoDraw = True
523.7238 	EXP 	target_square_2: autoDraw = False
523.8940 	DATA 	Mouse: Left button down, pos=(829,627)
524.1743 	DATA 	Mouse:  Left button up, pos=(829,627)
524.7072 	EXP 	fixation_3: autoDraw = False
524.7109 	EXP 	New trial (rep=0, index=74): {'square': 8, 'location': [0, -0.2], 'corrAns': None}
524.7113 	EXP 	window1: mouseVisible = False
524.7238 	EXP 	grid_lines_2: autoDraw = False
524.7238 	EXP 	target_square_2: autoDraw = False
524.7238 	EXP 	fixation_3: autoDraw = False
524.7238 	EXP 	target_square_2: pos = array([ 0. , -0.2])
524.7238 	EXP 	grid_lines_2: autoDraw = True
524.7238 	EXP 	target_square_2: autoDraw = True
525.7072 	EXP 	fixation_3: autoDraw = True
525.7238 	EXP 	target_square_2: autoDraw = False
526.7072 	EXP 	fixation_3: autoDraw = False
526.7109 	EXP 	New trial (rep=0, index=75): {'square': 9, 'location': [0.2, -0.2], 'corrAns': None}
526.7114 	EXP 	window1: mouseVisible = False
526.7239 	EXP 	grid_lines_2: autoDraw = False
526.7239 	EXP 	target_square_2: autoDraw = False
526.7239 	EXP 	fixation_3: autoDraw = False
526.7239 	EXP 	target_square_2: pos = array([ 0.2, -0.2])
526.7239 	EXP 	grid_lines_2: autoDraw = True
526.7239 	EXP 	target_square_2: autoDraw = True
527.7072 	EXP 	fixation_3: autoDraw = True
527.7239 	EXP 	target_square_2: autoDraw = False
528.7072 	EXP 	fixation_3: autoDraw = False
528.7110 	EXP 	New trial (rep=0, index=76): {'square': 9, 'location': [0.2, -0.2], 'corrAns': None}
528.7115 	EXP 	window1: mouseVisible = False
528.7239 	EXP 	grid_lines_2: autoDraw = False
528.7239 	EXP 	target_square_2: autoDraw = False
528.7239 	EXP 	fixation_3: autoDraw = False
528.7239 	EXP 	target_square_2: pos = array([ 0.2, -0.2])
528.7239 	EXP 	grid_lines_2: autoDraw = True
528.7239 	EXP 	target_square_2: autoDraw = True
529.7072 	EXP 	fixation_3: autoDraw = True
529.7239 	EXP 	target_square_2: autoDraw = False
530.7072 	EXP 	fixation_3: autoDraw = False
530.7112 	EXP 	New trial (rep=0, index=77): {'square': 1, 'location': [-0.2, 0.2], 'corrAns': None}
530.7116 	EXP 	window1: mouseVisible = False
530.7239 	EXP 	grid_lines_2: autoDraw = False
530.7239 	EXP 	target_square_2: autoDraw = False
530.7239 	EXP 	fixation_3: autoDraw = False
530.7239 	EXP 	target_square_2: pos = array([-0.2,  0.2])
530.7239 	EXP 	grid_lines_2: autoDraw = True
530.7239 	EXP 	target_square_2: autoDraw = True
531.7072 	EXP 	fixation_3: autoDraw = True
531.7239 	EXP 	target_square_2: autoDraw = False
532.7072 	EXP 	fixation_3: autoDraw = False
532.7110 	EXP 	New trial (rep=0, index=78): {'square': 3, 'location': [0.2, 0.2], 'corrAns': None}
532.7116 	EXP 	window1: mouseVisible = False
532.7239 	EXP 	grid_lines_2: autoDraw = False
532.7239 	EXP 	target_square_2: autoDraw = False
532.7239 	EXP 	fixation_3: autoDraw = False
532.7239 	EXP 	target_square_2: pos = array([0.2, 0.2])
532.7239 	EXP 	grid_lines_2: autoDraw = True
532.7239 	EXP 	target_square_2: autoDraw = True
533.7072 	EXP 	fixation_3: autoDraw = True
533.7239 	EXP 	target_square_2: autoDraw = False
534.7072 	EXP 	fixation_3: autoDraw = False
534.7112 	EXP 	New trial (rep=0, index=79): {'square': 5, 'location': [0, 0], 'corrAns': None}
534.7116 	EXP 	window1: mouseVisible = False
534.7239 	EXP 	grid_lines_2: autoDraw = False
534.7239 	EXP 	target_square_2: autoDraw = False
534.7239 	EXP 	fixation_3: autoDraw = False
534.7239 	EXP 	target_square_2: pos = array([0., 0.])
534.7239 	EXP 	grid_lines_2: autoDraw = True
534.7239 	EXP 	target_square_2: autoDraw = True
535.7073 	EXP 	fixation_3: autoDraw = True
535.7239 	EXP 	target_square_2: autoDraw = False
536.7072 	EXP 	fixation_3: autoDraw = False
536.7111 	EXP 	New trial (rep=0, index=80): {'square': 3, 'location': [0.2, 0.2], 'corrAns': 1}
536.7116 	EXP 	window1: mouseVisible = False
536.7240 	EXP 	grid_lines_2: autoDraw = False
536.7240 	EXP 	target_square_2: autoDraw = False
536.7240 	EXP 	fixation_3: autoDraw = False
536.7240 	EXP 	target_square_2: pos = array([0.2, 0.2])
536.7240 	EXP 	grid_lines_2: autoDraw = True
536.7240 	EXP 	target_square_2: autoDraw = True
537.2244 	DATA 	Mouse: Left button down, pos=(829,627)
537.4910 	DATA 	Mouse:  Left button up, pos=(829,627)
537.7073 	EXP 	fixation_3: autoDraw = True
537.7238 	EXP 	target_square_2: autoDraw = False
538.7073 	EXP 	fixation_3: autoDraw = False
538.7111 	EXP 	New trial (rep=0, index=81): {'square': 4, 'location': [-0.2, 0], 'corrAns': None}
538.7116 	EXP 	window1: mouseVisible = False
538.7240 	EXP 	grid_lines_2: autoDraw = False
538.7240 	EXP 	target_square_2: autoDraw = False
538.7240 	EXP 	fixation_3: autoDraw = False
538.7240 	EXP 	target_square_2: pos = array([-0.2,  0. ])
538.7240 	EXP 	grid_lines_2: autoDraw = True
538.7240 	EXP 	target_square_2: autoDraw = True
539.7073 	EXP 	fixation_3: autoDraw = True
539.7239 	EXP 	target_square_2: autoDraw = False
540.7073 	EXP 	fixation_3: autoDraw = False
540.7112 	EXP 	New trial (rep=0, index=82): {'square': 7, 'location': [-0.2, -0.2], 'corrAns': None}
540.7117 	EXP 	window1: mouseVisible = False
540.7240 	EXP 	grid_lines_2: autoDraw = False
540.7240 	EXP 	target_square_2: autoDraw = False
540.7240 	EXP 	fixation_3: autoDraw = False
540.7240 	EXP 	target_square_2: pos = array([-0.2, -0.2])
540.7240 	EXP 	grid_lines_2: autoDraw = True
540.7240 	EXP 	target_square_2: autoDraw = True
541.7073 	EXP 	fixation_3: autoDraw = True
541.7240 	EXP 	target_square_2: autoDraw = False
542.7073 	EXP 	fixation_3: autoDraw = False
542.7112 	EXP 	New trial (rep=0, index=83): {'square': 4, 'location': [-0.2, 0], 'corrAns': 1}
542.7117 	EXP 	window1: mouseVisible = False
542.7240 	EXP 	grid_lines_2: autoDraw = False
542.7240 	EXP 	target_square_2: autoDraw = False
542.7240 	EXP 	fixation_3: autoDraw = False
542.7240 	EXP 	target_square_2: pos = array([-0.2,  0. ])
542.7240 	EXP 	grid_lines_2: autoDraw = True
542.7240 	EXP 	target_square_2: autoDraw = True
543.7073 	EXP 	fixation_3: autoDraw = True
543.7240 	EXP 	target_square_2: autoDraw = False
544.1611 	DATA 	Mouse: Left button down, pos=(829,627)
544.4244 	DATA 	Mouse:  Left button up, pos=(829,627)
544.7073 	EXP 	fixation_3: autoDraw = False
544.7111 	EXP 	New trial (rep=0, index=84): {'square': 4, 'location': [-0.2, 0], 'corrAns': None}
544.7116 	EXP 	window1: mouseVisible = False
544.7240 	EXP 	grid_lines_2: autoDraw = False
544.7240 	EXP 	target_square_2: autoDraw = False
544.7240 	EXP 	fixation_3: autoDraw = False
544.7240 	EXP 	target_square_2: pos = array([-0.2,  0. ])
544.7240 	EXP 	grid_lines_2: autoDraw = True
544.7240 	EXP 	target_square_2: autoDraw = True
545.7073 	EXP 	fixation_3: autoDraw = True
545.7240 	EXP 	target_square_2: autoDraw = False
546.7073 	EXP 	fixation_3: autoDraw = False
546.7114 	EXP 	New trial (rep=0, index=85): {'square': 5, 'location': [0, 0], 'corrAns': None}
546.7118 	EXP 	window1: mouseVisible = False
546.7240 	EXP 	grid_lines_2: autoDraw = False
546.7240 	EXP 	target_square_2: autoDraw = False
546.7240 	EXP 	fixation_3: autoDraw = False
546.7240 	EXP 	target_square_2: pos = array([0., 0.])
546.7240 	EXP 	grid_lines_2: autoDraw = True
546.7240 	EXP 	target_square_2: autoDraw = True
547.7073 	EXP 	fixation_3: autoDraw = True
547.7240 	EXP 	target_square_2: autoDraw = False
548.7073 	EXP 	fixation_3: autoDraw = False
548.7111 	EXP 	New trial (rep=0, index=86): {'square': 2, 'location': [0, 0.2], 'corrAns': None}
548.7116 	EXP 	window1: mouseVisible = False
548.7240 	EXP 	grid_lines_2: autoDraw = False
548.7240 	EXP 	target_square_2: autoDraw = False
548.7240 	EXP 	fixation_3: autoDraw = False
548.7240 	EXP 	target_square_2: pos = array([0. , 0.2])
548.7240 	EXP 	grid_lines_2: autoDraw = True
548.7240 	EXP 	target_square_2: autoDraw = True
549.7074 	EXP 	fixation_3: autoDraw = True
549.7240 	EXP 	target_square_2: autoDraw = False
550.7074 	EXP 	fixation_3: autoDraw = False
550.7113 	EXP 	New trial (rep=0, index=87): {'square': 6, 'location': [0.2, 0], 'corrAns': None}
550.7118 	EXP 	window1: mouseVisible = False
550.7241 	EXP 	grid_lines_2: autoDraw = False
550.7241 	EXP 	target_square_2: autoDraw = False
550.7241 	EXP 	fixation_3: autoDraw = False
550.7241 	EXP 	target_square_2: pos = array([0.2, 0. ])
550.7241 	EXP 	grid_lines_2: autoDraw = True
550.7241 	EXP 	target_square_2: autoDraw = True
551.7074 	EXP 	fixation_3: autoDraw = True
551.7240 	EXP 	target_square_2: autoDraw = False
552.7074 	EXP 	fixation_3: autoDraw = False
552.7113 	EXP 	New trial (rep=0, index=88): {'square': 7, 'location': [-0.2, -0.2], 'corrAns': None}
552.7118 	EXP 	window1: mouseVisible = False
552.7241 	EXP 	grid_lines_2: autoDraw = False
552.7241 	EXP 	target_square_2: autoDraw = False
552.7241 	EXP 	fixation_3: autoDraw = False
552.7241 	EXP 	target_square_2: pos = array([-0.2, -0.2])
552.7241 	EXP 	grid_lines_2: autoDraw = True
552.7241 	EXP 	target_square_2: autoDraw = True
553.7074 	EXP 	fixation_3: autoDraw = True
553.7241 	EXP 	target_square_2: autoDraw = False
554.7074 	EXP 	fixation_3: autoDraw = False
554.7112 	EXP 	New trial (rep=0, index=89): {'square': 6, 'location': [0.2, 0], 'corrAns': 1}
554.7116 	EXP 	window1: mouseVisible = False
554.7241 	EXP 	grid_lines_2: autoDraw = False
554.7241 	EXP 	target_square_2: autoDraw = False
554.7241 	EXP 	fixation_3: autoDraw = False
554.7241 	EXP 	target_square_2: pos = array([0.2, 0. ])
554.7241 	EXP 	grid_lines_2: autoDraw = True
554.7241 	EXP 	target_square_2: autoDraw = True
555.7074 	EXP 	fixation_3: autoDraw = True
555.7241 	EXP 	target_square_2: autoDraw = False
555.7745 	DATA 	Mouse: Left button down, pos=(829,627)
556.0578 	DATA 	Mouse:  Left button up, pos=(829,627)
556.7074 	EXP 	fixation_3: autoDraw = False
556.7111 	EXP 	New trial (rep=0, index=90): {'square': 6, 'location': [0.2, 0], 'corrAns': None}
556.7116 	EXP 	window1: mouseVisible = False
556.7241 	EXP 	grid_lines_2: autoDraw = False
556.7241 	EXP 	target_square_2: autoDraw = False
556.7241 	EXP 	fixation_3: autoDraw = False
556.7241 	EXP 	target_square_2: pos = array([0.2, 0. ])
556.7241 	EXP 	grid_lines_2: autoDraw = True
556.7241 	EXP 	target_square_2: autoDraw = True
557.7074 	EXP 	fixation_3: autoDraw = True
557.7241 	EXP 	target_square_2: autoDraw = False
558.7074 	EXP 	fixation_3: autoDraw = False
558.7112 	EXP 	New trial (rep=0, index=91): {'square': 7, 'location': [-0.2, -0.2], 'corrAns': None}
558.7117 	EXP 	window1: mouseVisible = False
558.7241 	EXP 	grid_lines_2: autoDraw = False
558.7241 	EXP 	target_square_2: autoDraw = False
558.7241 	EXP 	fixation_3: autoDraw = False
558.7241 	EXP 	target_square_2: pos = array([-0.2, -0.2])
558.7241 	EXP 	grid_lines_2: autoDraw = True
558.7241 	EXP 	target_square_2: autoDraw = True
559.7074 	EXP 	fixation_3: autoDraw = True
559.7241 	EXP 	target_square_2: autoDraw = False
560.7074 	EXP 	fixation_3: autoDraw = False
560.7113 	EXP 	New trial (rep=0, index=92): {'square': 6, 'location': [0.2, 0], 'corrAns': 1}
560.7117 	EXP 	window1: mouseVisible = False
560.7241 	EXP 	grid_lines_2: autoDraw = False
560.7241 	EXP 	target_square_2: autoDraw = False
560.7241 	EXP 	fixation_3: autoDraw = False
560.7241 	EXP 	target_square_2: pos = array([0.2, 0. ])
560.7241 	EXP 	grid_lines_2: autoDraw = True
560.7241 	EXP 	target_square_2: autoDraw = True
561.7073 	EXP 	fixation_3: autoDraw = True
561.7241 	EXP 	target_square_2: autoDraw = False
561.9284 	DATA 	Mouse: Left button down, pos=(829,627)
562.2579 	DATA 	Mouse:  Left button up, pos=(829,627)
562.7075 	EXP 	fixation_3: autoDraw = False
562.7114 	EXP 	New trial (rep=0, index=93): {'square': 2, 'location': [0, 0.2], 'corrAns': None}
562.7119 	EXP 	window1: mouseVisible = False
562.7241 	EXP 	grid_lines_2: autoDraw = False
562.7241 	EXP 	target_square_2: autoDraw = False
562.7241 	EXP 	fixation_3: autoDraw = False
562.7241 	EXP 	target_square_2: pos = array([0. , 0.2])
562.7241 	EXP 	grid_lines_2: autoDraw = True
562.7241 	EXP 	target_square_2: autoDraw = True
563.7075 	EXP 	fixation_3: autoDraw = True
563.7241 	EXP 	target_square_2: autoDraw = False
564.7075 	EXP 	fixation_3: autoDraw = False
564.7114 	EXP 	New trial (rep=0, index=94): {'square': 5, 'location': [0, 0], 'corrAns': None}
564.7119 	EXP 	window1: mouseVisible = False
564.7242 	EXP 	grid_lines_2: autoDraw = False
564.7242 	EXP 	target_square_2: autoDraw = False
564.7242 	EXP 	fixation_3: autoDraw = False
564.7242 	EXP 	target_square_2: pos = array([0., 0.])
564.7242 	EXP 	grid_lines_2: autoDraw = True
564.7242 	EXP 	target_square_2: autoDraw = True
565.7075 	EXP 	fixation_3: autoDraw = True
565.7242 	EXP 	target_square_2: autoDraw = False
566.7075 	EXP 	fixation_3: autoDraw = False
566.7113 	EXP 	New trial (rep=0, index=95): {'square': 4, 'location': [-0.2, 0], 'corrAns': None}
566.7117 	EXP 	window1: mouseVisible = False
566.7242 	EXP 	grid_lines_2: autoDraw = False
566.7242 	EXP 	target_square_2: autoDraw = False
566.7242 	EXP 	fixation_3: autoDraw = False
566.7242 	EXP 	target_square_2: pos = array([-0.2,  0. ])
566.7242 	EXP 	grid_lines_2: autoDraw = True
566.7242 	EXP 	target_square_2: autoDraw = True
567.7075 	EXP 	fixation_3: autoDraw = True
567.7242 	EXP 	target_square_2: autoDraw = False
568.7075 	EXP 	fixation_3: autoDraw = False
568.7115 	EXP 	New trial (rep=0, index=96): {'square': 4, 'location': [-0.2, 0], 'corrAns': None}
568.7120 	EXP 	window1: mouseVisible = False
568.7241 	EXP 	grid_lines_2: autoDraw = False
568.7241 	EXP 	target_square_2: autoDraw = False
568.7241 	EXP 	fixation_3: autoDraw = False
568.7241 	EXP 	target_square_2: pos = array([-0.2,  0. ])
568.7241 	EXP 	grid_lines_2: autoDraw = True
568.7241 	EXP 	target_square_2: autoDraw = True
569.7075 	EXP 	fixation_3: autoDraw = True
569.7242 	EXP 	target_square_2: autoDraw = False
570.7075 	EXP 	fixation_3: autoDraw = False
570.7118 	EXP 	New trial (rep=0, index=97): {'square': 7, 'location': [-0.2, -0.2], 'corrAns': None}
570.7122 	EXP 	window1: mouseVisible = False
570.7242 	EXP 	grid_lines_2: autoDraw = False
570.7242 	EXP 	target_square_2: autoDraw = False
570.7242 	EXP 	fixation_3: autoDraw = False
570.7242 	EXP 	target_square_2: pos = array([-0.2, -0.2])
570.7242 	EXP 	grid_lines_2: autoDraw = True
570.7242 	EXP 	target_square_2: autoDraw = True
571.7075 	EXP 	fixation_3: autoDraw = True
571.7242 	EXP 	target_square_2: autoDraw = False
572.7076 	EXP 	fixation_3: autoDraw = False
572.7114 	EXP 	New trial (rep=0, index=98): {'square': 4, 'location': [-0.2, 0], 'corrAns': 1}
572.7119 	EXP 	window1: mouseVisible = False
572.7242 	EXP 	grid_lines_2: autoDraw = False
572.7242 	EXP 	target_square_2: autoDraw = False
572.7242 	EXP 	fixation_3: autoDraw = False
572.7242 	EXP 	target_square_2: pos = array([-0.2,  0. ])
572.7242 	EXP 	grid_lines_2: autoDraw = True
572.7242 	EXP 	target_square_2: autoDraw = True
573.5080 	DATA 	Mouse: Left button down, pos=(829,627)
573.7076 	EXP 	fixation_3: autoDraw = True
573.7242 	EXP 	target_square_2: autoDraw = False
573.7412 	DATA 	Mouse:  Left button up, pos=(824,627)
574.7076 	EXP 	fixation_3: autoDraw = False
574.7114 	EXP 	New trial (rep=0, index=99): {'square': 3, 'location': [0.2, 0.2], 'corrAns': None}
574.7118 	EXP 	window1: mouseVisible = False
574.7242 	EXP 	grid_lines_2: autoDraw = False
574.7242 	EXP 	target_square_2: autoDraw = False
574.7242 	EXP 	fixation_3: autoDraw = False
574.7242 	EXP 	target_square_2: pos = array([0.2, 0.2])
574.7242 	EXP 	grid_lines_2: autoDraw = True
574.7242 	EXP 	target_square_2: autoDraw = True
575.7076 	EXP 	fixation_3: autoDraw = True
575.7242 	EXP 	target_square_2: autoDraw = False
576.7076 	EXP 	fixation_3: autoDraw = False
576.7114 	EXP 	New trial (rep=0, index=100): {'square': 5, 'location': [0, 0], 'corrAns': None}
576.7118 	EXP 	window1: mouseVisible = False
576.7243 	EXP 	grid_lines_2: autoDraw = False
576.7243 	EXP 	target_square_2: autoDraw = False
576.7243 	EXP 	fixation_3: autoDraw = False
576.7243 	EXP 	target_square_2: pos = array([0., 0.])
576.7243 	EXP 	grid_lines_2: autoDraw = True
576.7243 	EXP 	target_square_2: autoDraw = True
577.7076 	EXP 	fixation_3: autoDraw = True
577.7243 	EXP 	target_square_2: autoDraw = False
578.7076 	EXP 	fixation_3: autoDraw = False
578.7114 	EXP 	New trial (rep=0, index=101): {'square': 3, 'location': [0.2, 0.2], 'corrAns': 1}
578.7119 	EXP 	window1: mouseVisible = False
578.7242 	EXP 	grid_lines_2: autoDraw = False
578.7242 	EXP 	target_square_2: autoDraw = False
578.7242 	EXP 	fixation_3: autoDraw = False
578.7242 	EXP 	target_square_2: pos = array([0.2, 0.2])
578.7242 	EXP 	grid_lines_2: autoDraw = True
578.7242 	EXP 	target_square_2: autoDraw = True
579.4580 	DATA 	Mouse: Left button down, pos=(824,627)
579.7076 	EXP 	fixation_3: autoDraw = True
579.7243 	EXP 	target_square_2: autoDraw = False
579.7747 	DATA 	Mouse:  Left button up, pos=(824,627)
580.7076 	EXP 	fixation_3: autoDraw = False
580.7116 	EXP 	New trial (rep=0, index=102): {'square': 1, 'location': [-0.2, 0.2], 'corrAns': None}
580.7120 	EXP 	window1: mouseVisible = False
580.7243 	EXP 	grid_lines_2: autoDraw = False
580.7243 	EXP 	target_square_2: autoDraw = False
580.7243 	EXP 	fixation_3: autoDraw = False
580.7243 	EXP 	target_square_2: pos = array([-0.2,  0.2])
580.7243 	EXP 	grid_lines_2: autoDraw = True
580.7243 	EXP 	target_square_2: autoDraw = True
581.7076 	EXP 	fixation_3: autoDraw = True
581.7242 	EXP 	target_square_2: autoDraw = False
582.7076 	EXP 	fixation_3: autoDraw = False
582.7115 	EXP 	New trial (rep=0, index=103): {'square': 9, 'location': [0.2, -0.2], 'corrAns': None}
582.7119 	EXP 	window1: mouseVisible = False
582.7243 	EXP 	grid_lines_2: autoDraw = False
582.7243 	EXP 	target_square_2: autoDraw = False
582.7243 	EXP 	fixation_3: autoDraw = False
582.7243 	EXP 	target_square_2: pos = array([ 0.2, -0.2])
582.7243 	EXP 	grid_lines_2: autoDraw = True
582.7243 	EXP 	target_square_2: autoDraw = True
583.7076 	EXP 	fixation_3: autoDraw = True
583.7242 	EXP 	target_square_2: autoDraw = False
584.7077 	EXP 	fixation_3: autoDraw = False
584.7116 	EXP 	New trial (rep=0, index=104): {'square': 9, 'location': [0.2, -0.2], 'corrAns': None}
584.7121 	EXP 	window1: mouseVisible = False
584.7243 	EXP 	grid_lines_2: autoDraw = False
584.7243 	EXP 	target_square_2: autoDraw = False
584.7243 	EXP 	fixation_3: autoDraw = False
584.7243 	EXP 	target_square_2: pos = array([ 0.2, -0.2])
584.7243 	EXP 	grid_lines_2: autoDraw = True
584.7243 	EXP 	target_square_2: autoDraw = True
585.7077 	EXP 	fixation_3: autoDraw = True
585.7243 	EXP 	target_square_2: autoDraw = False
586.7076 	EXP 	fixation_3: autoDraw = False
586.7114 	EXP 	New trial (rep=0, index=105): {'square': 8, 'location': [0, -0.2], 'corrAns': None}
586.7118 	EXP 	window1: mouseVisible = False
586.7243 	EXP 	grid_lines_2: autoDraw = False
586.7243 	EXP 	target_square_2: autoDraw = False
586.7243 	EXP 	fixation_3: autoDraw = False
586.7243 	EXP 	target_square_2: pos = array([ 0. , -0.2])
586.7243 	EXP 	grid_lines_2: autoDraw = True
586.7243 	EXP 	target_square_2: autoDraw = True
587.7077 	EXP 	fixation_3: autoDraw = True
587.7243 	EXP 	target_square_2: autoDraw = False
588.7077 	EXP 	fixation_3: autoDraw = False
588.7114 	EXP 	New trial (rep=0, index=106): {'square': 6, 'location': [0.2, 0], 'corrAns': None}
588.7118 	EXP 	window1: mouseVisible = False
588.7243 	EXP 	grid_lines_2: autoDraw = False
588.7243 	EXP 	target_square_2: autoDraw = False
588.7243 	EXP 	fixation_3: autoDraw = False
588.7243 	EXP 	target_square_2: pos = array([0.2, 0. ])
588.7243 	EXP 	grid_lines_2: autoDraw = True
588.7243 	EXP 	target_square_2: autoDraw = True
589.7077 	EXP 	fixation_3: autoDraw = True
589.7244 	EXP 	target_square_2: autoDraw = False
590.7077 	EXP 	fixation_3: autoDraw = False
590.7116 	EXP 	New trial (rep=0, index=107): {'square': 3, 'location': [0.2, 0.2], 'corrAns': None}
590.7120 	EXP 	window1: mouseVisible = False
590.7243 	EXP 	grid_lines_2: autoDraw = False
590.7243 	EXP 	target_square_2: autoDraw = False
590.7243 	EXP 	fixation_3: autoDraw = False
590.7243 	EXP 	target_square_2: pos = array([0.2, 0.2])
590.7243 	EXP 	grid_lines_2: autoDraw = True
590.7243 	EXP 	target_square_2: autoDraw = True
591.7077 	EXP 	fixation_3: autoDraw = True
591.7243 	EXP 	target_square_2: autoDraw = False
592.7077 	EXP 	fixation_3: autoDraw = False
592.7117 	EXP 	New trial (rep=0, index=108): {'square': 6, 'location': [0.2, 0], 'corrAns': 1}
592.7122 	EXP 	window1: mouseVisible = False
592.7244 	EXP 	grid_lines_2: autoDraw = False
592.7244 	EXP 	target_square_2: autoDraw = False
592.7244 	EXP 	fixation_3: autoDraw = False
592.7244 	EXP 	target_square_2: pos = array([0.2, 0. ])
592.7244 	EXP 	grid_lines_2: autoDraw = True
592.7244 	EXP 	target_square_2: autoDraw = True
593.7077 	EXP 	fixation_3: autoDraw = True
593.7244 	EXP 	target_square_2: autoDraw = False
593.7415 	DATA 	Mouse: Left button down, pos=(842,651)
593.9914 	DATA 	Mouse:  Left button up, pos=(842,651)
594.7077 	EXP 	fixation_3: autoDraw = False
594.7115 	EXP 	New trial (rep=0, index=109): {'square': 5, 'location': [0, 0], 'corrAns': None}
594.7119 	EXP 	window1: mouseVisible = False
594.7243 	EXP 	grid_lines_2: autoDraw = False
594.7243 	EXP 	target_square_2: autoDraw = False
594.7243 	EXP 	fixation_3: autoDraw = False
594.7243 	EXP 	target_square_2: pos = array([0., 0.])
594.7243 	EXP 	grid_lines_2: autoDraw = True
594.7243 	EXP 	target_square_2: autoDraw = True
595.7077 	EXP 	fixation_3: autoDraw = True
595.7244 	EXP 	target_square_2: autoDraw = False
596.7077 	EXP 	fixation_3: autoDraw = False
596.7119 	EXP 	New trial (rep=0, index=110): {'square': 7, 'location': [-0.2, -0.2], 'corrAns': None}
596.7124 	EXP 	window1: mouseVisible = False
596.7244 	EXP 	grid_lines_2: autoDraw = False
596.7244 	EXP 	target_square_2: autoDraw = False
596.7244 	EXP 	fixation_3: autoDraw = False
596.7244 	EXP 	target_square_2: pos = array([-0.2, -0.2])
596.7244 	EXP 	grid_lines_2: autoDraw = True
596.7244 	EXP 	target_square_2: autoDraw = True
597.7078 	EXP 	fixation_3: autoDraw = True
597.7244 	EXP 	target_square_2: autoDraw = False
598.7077 	EXP 	fixation_3: autoDraw = False
598.7115 	EXP 	New trial (rep=0, index=111): {'square': 5, 'location': [0, 0], 'corrAns': 1}
598.7119 	EXP 	window1: mouseVisible = False
598.7244 	EXP 	grid_lines_2: autoDraw = False
598.7244 	EXP 	target_square_2: autoDraw = False
598.7244 	EXP 	fixation_3: autoDraw = False
598.7244 	EXP 	target_square_2: pos = array([0., 0.])
598.7244 	EXP 	grid_lines_2: autoDraw = True
598.7244 	EXP 	target_square_2: autoDraw = True
599.7077 	EXP 	fixation_3: autoDraw = True
599.7244 	EXP 	target_square_2: autoDraw = False
599.7415 	DATA 	Mouse: Left button down, pos=(842,651)
600.0081 	DATA 	Mouse:  Left button up, pos=(842,651)
600.7078 	EXP 	fixation_3: autoDraw = False
600.7116 	EXP 	New trial (rep=0, index=112): {'square': 1, 'location': [-0.2, 0.2], 'corrAns': None}
600.7121 	EXP 	window1: mouseVisible = False
600.7244 	EXP 	grid_lines_2: autoDraw = False
600.7244 	EXP 	target_square_2: autoDraw = False
600.7244 	EXP 	fixation_3: autoDraw = False
600.7244 	EXP 	target_square_2: pos = array([-0.2,  0.2])
600.7244 	EXP 	grid_lines_2: autoDraw = True
600.7244 	EXP 	target_square_2: autoDraw = True
601.7078 	EXP 	fixation_3: autoDraw = True
601.7244 	EXP 	target_square_2: autoDraw = False
602.7078 	EXP 	fixation_3: autoDraw = False
602.7117 	EXP 	New trial (rep=0, index=113): {'square': 7, 'location': [-0.2, -0.2], 'corrAns': None}
602.7122 	EXP 	window1: mouseVisible = False
602.7244 	EXP 	grid_lines_2: autoDraw = False
602.7244 	EXP 	target_square_2: autoDraw = False
602.7244 	EXP 	fixation_3: autoDraw = False
602.7244 	EXP 	target_square_2: pos = array([-0.2, -0.2])
602.7244 	EXP 	grid_lines_2: autoDraw = True
602.7244 	EXP 	target_square_2: autoDraw = True
603.7078 	EXP 	fixation_3: autoDraw = True
603.7244 	EXP 	target_square_2: autoDraw = False
604.7078 	EXP 	fixation_3: autoDraw = False
604.7117 	EXP 	New trial (rep=0, index=114): {'square': 9, 'location': [0.2, -0.2], 'corrAns': None}
604.7122 	EXP 	window1: mouseVisible = False
604.7245 	EXP 	grid_lines_2: autoDraw = False
604.7245 	EXP 	target_square_2: autoDraw = False
604.7245 	EXP 	fixation_3: autoDraw = False
604.7245 	EXP 	target_square_2: pos = array([ 0.2, -0.2])
604.7245 	EXP 	grid_lines_2: autoDraw = True
604.7245 	EXP 	target_square_2: autoDraw = True
605.7078 	EXP 	fixation_3: autoDraw = True
605.7245 	EXP 	target_square_2: autoDraw = False
606.7078 	EXP 	fixation_3: autoDraw = False
606.7116 	EXP 	New trial (rep=0, index=115): {'square': 3, 'location': [0.2, 0.2], 'corrAns': None}
606.7121 	EXP 	window1: mouseVisible = False
606.7245 	EXP 	grid_lines_2: autoDraw = False
606.7245 	EXP 	target_square_2: autoDraw = False
606.7245 	EXP 	fixation_3: autoDraw = False
606.7245 	EXP 	target_square_2: pos = array([0.2, 0.2])
606.7245 	EXP 	grid_lines_2: autoDraw = True
606.7245 	EXP 	target_square_2: autoDraw = True
607.7078 	EXP 	fixation_3: autoDraw = True
607.7245 	EXP 	target_square_2: autoDraw = False
608.7078 	EXP 	fixation_3: autoDraw = False
608.7117 	EXP 	New trial (rep=0, index=116): {'square': 9, 'location': [0.2, -0.2], 'corrAns': 1}
608.7121 	EXP 	window1: mouseVisible = False
608.7245 	EXP 	grid_lines_2: autoDraw = False
608.7245 	EXP 	target_square_2: autoDraw = False
608.7245 	EXP 	fixation_3: autoDraw = False
608.7245 	EXP 	target_square_2: pos = array([ 0.2, -0.2])
608.7245 	EXP 	grid_lines_2: autoDraw = True
608.7245 	EXP 	target_square_2: autoDraw = True
609.7078 	EXP 	fixation_3: autoDraw = True
609.7245 	EXP 	target_square_2: autoDraw = False
610.7078 	EXP 	fixation_3: autoDraw = False
610.7118 	EXP 	New trial (rep=0, index=117): {'square': 6, 'location': [0.2, 0], 'corrAns': None}
610.7123 	EXP 	window1: mouseVisible = False
610.7245 	EXP 	grid_lines_2: autoDraw = False
610.7245 	EXP 	target_square_2: autoDraw = False
610.7245 	EXP 	fixation_3: autoDraw = False
610.7245 	EXP 	target_square_2: pos = array([0.2, 0. ])
610.7245 	EXP 	grid_lines_2: autoDraw = True
610.7245 	EXP 	target_square_2: autoDraw = True
611.7078 	EXP 	fixation_3: autoDraw = True
611.7245 	EXP 	target_square_2: autoDraw = False
612.7079 	EXP 	fixation_3: autoDraw = False
612.7116 	EXP 	New trial (rep=0, index=118): {'square': 2, 'location': [0, 0.2], 'corrAns': None}
612.7121 	EXP 	window1: mouseVisible = False
612.7245 	EXP 	grid_lines_2: autoDraw = False
612.7245 	EXP 	target_square_2: autoDraw = False
612.7245 	EXP 	fixation_3: autoDraw = False
612.7245 	EXP 	target_square_2: pos = array([0. , 0.2])
612.7245 	EXP 	grid_lines_2: autoDraw = True
612.7245 	EXP 	target_square_2: autoDraw = True
613.7079 	EXP 	fixation_3: autoDraw = True
613.7245 	EXP 	target_square_2: autoDraw = False
614.7079 	EXP 	fixation_3: autoDraw = False
614.7117 	EXP 	New trial (rep=0, index=119): {'square': 5, 'location': [0, 0], 'corrAns': None}
614.7120 	EXP 	window1: mouseVisible = False
614.7246 	EXP 	grid_lines_2: autoDraw = False
614.7246 	EXP 	target_square_2: autoDraw = False
614.7246 	EXP 	fixation_3: autoDraw = False
614.7246 	EXP 	target_square_2: pos = array([0., 0.])
614.7246 	EXP 	grid_lines_2: autoDraw = True
614.7246 	EXP 	target_square_2: autoDraw = True
615.7079 	EXP 	fixation_3: autoDraw = True
615.7246 	EXP 	target_square_2: autoDraw = False
616.7079 	EXP 	fixation_3: autoDraw = False
616.7252 	EXP 	Created unnamed TextStim = TextStim(__class__=<class 'psychopy.visual.text.TextStim'>, alignHoriz=method-wrapper(...), alignText='center', alignVert=method-wrapper(...), anchorHoriz='center', anchorVert='center', antialias=True, autoLog=True, bold=False, color=array([1., 1., 1.]), colorSpace='rgb', contrast=1.0, depth=0, flipHoriz=False, flipVert=False, font='', fontFiles=[], height=0.05, italic=False, languageStyle='LTR', name='unnamed TextStim', opacity=1.0, ori=0.0, pos=array([0., 0.]), rgb=UNKNOWN, text=str(...), units='height', win=Window(...), wrapWidth=1)
616.7413 	EXP 	grid_lines_2: autoDraw = False
616.7413 	EXP 	target_square_2: autoDraw = False
616.7413 	EXP 	fixation_3: autoDraw = False
653.1790 	DATA 	Keypress: e
653.2842 	EXP 	Created unnamed TextStim = TextStim(__class__=<class 'psychopy.visual.text.TextStim'>, alignHoriz=method-wrapper(...), alignText='center', alignVert=method-wrapper(...), anchorHoriz='center', anchorVert='center', antialias=True, autoLog=True, bold=False, color=array([1., 1., 1.]), colorSpace='rgb', contrast=1.0, depth=0, flipHoriz=False, flipVert=False, font='', fontFiles=[], height=0.05, italic=False, languageStyle='LTR', name='unnamed TextStim', opacity=1.0, ori=0.0, pos=array([0., 0.]), rgb=UNKNOWN, text=str(...), units='height', win=Window(...), wrapWidth=1)
653.3504 	EXP 	window1: mouseVisible = True
