0.5742 	WARNING 	We strongly recommend you activate the PTB sound engine in PsychoPy prefs as the preferred audio engine. Its timing is vastly superior. Your prefs are currently set to use ['sounddevice', 'PTB', 'pyo', 'pygame'] (in that order).
26.6542 	EXP 	Created fixation_2 = TextStim(__class__=<class 'psychopy.visual.text.TextStim'>, alignHoriz=method-wrapper(...), alignText='center', alignVert=method-wrapper(...), anchorHoriz='center', anchorVert='center', antialias=True, autoLog=True, bold=False, color=array([1, 1, 1]), colorSpace='rgb', contrast=1.0, depth=-2.0, flipHoriz=False, flipVert=False, font='Arial', fontFiles=[], height=0.05, italic=False, languageStyle='LTR', name='fixation_2', opacity=1, ori=0, pos=array([0., 0.]), rgb=UNKNOWN, text='+', units='height', win=Window(...), wrapWidth=1)
26.7254 	EXP 	Created Nbackinstructions = TextStim(__class__=<class 'psychopy.visual.text.TextStim'>, alignHoriz=method-wrapper(...), alignText='center', alignVert=method-wrapper(...), anchorHoriz='center', anchorVert='center', antialias=True, autoLog=True, bold=False, color=array([1, 1, 1]), colorSpace='rgb', contrast=1.0, depth=0, flipHoriz=False, flipVert=False, font='Arial', fontFiles=[], height=0.05, italic=False, languageStyle='LTR', name='Nbackinstructions', opacity=1, ori=0.0, pos=array([0., 0.]), rgb=UNKNOWN, text=str(...), units='height', win=Window(...), wrapWidth=1)
26.7292 	EXP 	Created fixation_2 = TextStim(__class__=<class 'psychopy.visual.text.TextStim'>, alignHoriz=method-wrapper(...), alignText='center', alignVert=method-wrapper(...), anchorHoriz='center', anchorVert='center', antialias=True, autoLog=True, bold=False, color=array([1, 1, 1]), colorSpace='rgb', contrast=1.0, depth=-2.0, flipHoriz=False, flipVert=False, font='Arial', fontFiles=[], height=0.05, italic=False, languageStyle='LTR', name='fixation_2', opacity=1, ori=0, pos=array([0., 0.]), rgb=UNKNOWN, text='+', units='height', win=Window(...), wrapWidth=1)
27.1608 	EXP 	Created grid_lines_2 = ImageStim(__class__=<class 'psychopy.visual.image.ImageStim'>, autoLog=True, color=array([1, 1, 1]), colorSpace='rgb', contrast=1.0, depth=0.0, flipHoriz=False, flipVert=False, image='grid.png', interpolate=True, mask=None, maskParams=None, name='grid_lines_2', opacity=1, ori=0.0, pos=array([0., 0.]), size=array([0.6, 0.6]), texRes=128, units='height', win=Window(...))
27.1643 	EXP 	Created target_square_2 = Rect(__class__=<class 'psychopy.visual.rect.Rect'>, autoDraw=False, autoLog=True, closeShape=True, color=method-wrapper(...), colorSpace='rgb', contrast=None, depth=-1.0, fillColor=array([1., 1., 1.]), fillColorSpace='rgb', fillRGB=UNKNOWN, interpolate=True, lineColor=array([0, 0, 0]), lineColorSpace='rgb', lineRGB=UNKNOWN, lineWidth=1, name='target_square_2', opacity=0.5, ori=0.0, pos=array([0., 0.]), size=array([0.15, 0.15]), units='height', vertices=ndarray(...), win=Window(...))
27.1680 	EXP 	Created fixation_3 = TextStim(__class__=<class 'psychopy.visual.text.TextStim'>, alignHoriz=method-wrapper(...), alignText='center', alignVert=method-wrapper(...), anchorHoriz='center', anchorVert='center', antialias=True, autoLog=True, bold=False, color=array([1, 1, 1]), colorSpace='rgb', contrast=1.0, depth=-2.0, flipHoriz=False, flipVert=False, font='Arial', fontFiles=[], height=0.05, italic=False, languageStyle='LTR', name='fixation_3', opacity=1, ori=0, pos=array([0., 0.]), rgb=UNKNOWN, text='+', units='height', win=Window(...), wrapWidth=1)
27.1688 	EXP 	window1: mouseVisible = True
27.1731 	EXP 	window1: mouseVisible = False
27.1736 	EXP 	Created sequence: sequential, trialTypes=2, nReps=1, seed=None
27.1741 	EXP 	New trial (rep=0, index=0): OrderedDict([('RestT1', 1), ('TaskT1', 0)])
27.1746 	EXP 	Created sequence: random, trialTypes=1, nReps=1, seed=None
27.1749 	EXP 	New trial (rep=0, index=0): None
27.2022 	EXP 	Created unnamed TextStim = TextStim(__class__=<class 'psychopy.visual.text.TextStim'>, alignHoriz=method-wrapper(...), alignText='center', alignVert=method-wrapper(...), anchorHoriz='center', anchorVert='center', antialias=True, autoLog=True, bold=False, color=array([-0.5, -0.5, -0.5]), colorSpace='rgb', contrast=1.0, depth=0, flipHoriz=False, flipVert=False, font='', fontFiles=[], height=0.05, italic=False, languageStyle='LTR', name='unnamed TextStim', opacity=1.0, ori=0.0, pos=array([0., 0.]), rgb=UNKNOWN, text=str(...), units='height', win=Window(...), wrapWidth=1)
67.8052 	DATA 	Keypress: s
67.8435 	EXP 	fixation_2: autoDraw = True
335.8299 	EXP 	Created unnamed TextStim = TextStim(__class__=<class 'psychopy.visual.text.TextStim'>, alignHoriz=method-wrapper(...), alignText='center', alignVert=method-wrapper(...), anchorHoriz='center', anchorVert='center', antialias=True, autoLog=True, bold=False, color=array([1., 1., 1.]), colorSpace='rgb', contrast=1.0, depth=0, flipHoriz=False, flipVert=False, font='', fontFiles=[], height=0.05, italic=False, languageStyle='LTR', name='unnamed TextStim', opacity=1.0, ori=0.0, pos=array([0., 0.]), rgb=UNKNOWN, text=str(...), units='height', win=Window(...), wrapWidth=1)
335.8455 	EXP 	fixation_2: autoDraw = False
350.7973 	DATA 	Keypress: e
350.7980 	EXP 	Created sequence: random, trialTypes=1, nReps=0, seed=None
350.7983 	EXP 	New trial (rep=0, index=1): OrderedDict([('RestT1', 0), ('TaskT1', 1)])
350.7986 	EXP 	Created sequence: random, trialTypes=1, nReps=0, seed=None
350.7990 	EXP 	Created sequence: random, trialTypes=1, nReps=1, seed=None
350.7992 	EXP 	New trial (rep=0, index=0): None
350.8123 	EXP 	Nbackinstructions: autoDraw = True
382.4871 	EXP 	Created unnamed TextStim = TextStim(__class__=<class 'psychopy.visual.text.TextStim'>, alignHoriz=method-wrapper(...), alignText='center', alignVert=method-wrapper(...), anchorHoriz='center', anchorVert='center', antialias=True, autoLog=True, bold=False, color=array([-0.5, -0.5, -0.5]), colorSpace='rgb', contrast=1.0, depth=0, flipHoriz=False, flipVert=False, font='', fontFiles=[], height=0.05, italic=False, languageStyle='LTR', name='unnamed TextStim', opacity=1.0, ori=0.0, pos=array([0., 0.]), rgb=UNKNOWN, text=str(...), units='height', win=Window(...), wrapWidth=1)
382.4886 	DATA 	Keypress: space
382.4959 	EXP 	Nbackinstructions: autoDraw = False
384.1973 	DATA 	Keypress: s
384.2540 	EXP 	Imported c:\Users\Dartmouth\Documents\GitHub\canlab\WASABI_public\fMRI Tasks\WASABI Task-T1\N-back-2.xlsx as conditions, 120 conditions, 3 params
384.2546 	EXP 	Created sequence: sequential, trialTypes=120, nReps=1, seed=None
384.2550 	EXP 	New trial (rep=0, index=0): {'square': 5, 'location': [0, 0], 'corrAns': None}
384.2554 	EXP 	window1: mouseVisible = False
384.2792 	EXP 	fixation_2: autoDraw = False
384.2792 	EXP 	target_square_2: pos = array([0., 0.])
384.2792 	EXP 	grid_lines_2: autoDraw = True
384.2792 	EXP 	target_square_2: autoDraw = True
385.2626 	EXP 	fixation_3: autoDraw = True
385.2792 	EXP 	target_square_2: autoDraw = False
385.4841 	EXP 	New trial (rep=0, index=1): {'square': 2, 'location': [0, 0.2], 'corrAns': None}
385.4845 	EXP 	window1: mouseVisible = False
385.4959 	EXP 	grid_lines_2: autoDraw = False
385.4959 	EXP 	target_square_2: autoDraw = False
385.4959 	EXP 	fixation_3: autoDraw = False
385.4959 	EXP 	target_square_2: pos = array([0. , 0.2])
385.4959 	EXP 	grid_lines_2: autoDraw = True
385.4959 	EXP 	target_square_2: autoDraw = True
386.4792 	EXP 	fixation_3: autoDraw = True
386.4959 	EXP 	target_square_2: autoDraw = False
387.4793 	EXP 	fixation_3: autoDraw = False
387.4833 	EXP 	New trial (rep=0, index=2): {'square': 6, 'location': [0.2, 0], 'corrAns': None}
387.4838 	EXP 	window1: mouseVisible = False
387.4958 	EXP 	grid_lines_2: autoDraw = False
387.4958 	EXP 	target_square_2: autoDraw = False
387.4958 	EXP 	fixation_3: autoDraw = False
387.4958 	EXP 	target_square_2: pos = array([0.2, 0. ])
387.4958 	EXP 	grid_lines_2: autoDraw = True
387.4958 	EXP 	target_square_2: autoDraw = True
388.4792 	EXP 	fixation_3: autoDraw = True
388.4959 	EXP 	target_square_2: autoDraw = False
389.4793 	EXP 	fixation_3: autoDraw = False
389.4832 	EXP 	New trial (rep=0, index=3): {'square': 9, 'location': [0.2, -0.2], 'corrAns': None}
389.4836 	EXP 	window1: mouseVisible = False
389.4959 	EXP 	grid_lines_2: autoDraw = False
389.4959 	EXP 	target_square_2: autoDraw = False
389.4959 	EXP 	fixation_3: autoDraw = False
389.4959 	EXP 	target_square_2: pos = array([ 0.2, -0.2])
389.4959 	EXP 	grid_lines_2: autoDraw = True
389.4959 	EXP 	target_square_2: autoDraw = True
390.4793 	EXP 	fixation_3: autoDraw = True
390.4959 	EXP 	target_square_2: autoDraw = False
391.4793 	EXP 	fixation_3: autoDraw = False
391.4833 	EXP 	New trial (rep=0, index=4): {'square': 3, 'location': [0.2, 0.2], 'corrAns': None}
391.4837 	EXP 	window1: mouseVisible = False
391.4959 	EXP 	grid_lines_2: autoDraw = False
391.4959 	EXP 	target_square_2: autoDraw = False
391.4959 	EXP 	fixation_3: autoDraw = False
391.4959 	EXP 	target_square_2: pos = array([0.2, 0.2])
391.4959 	EXP 	grid_lines_2: autoDraw = True
391.4959 	EXP 	target_square_2: autoDraw = True
392.4793 	EXP 	fixation_3: autoDraw = True
392.4960 	EXP 	target_square_2: autoDraw = False
393.4793 	EXP 	fixation_3: autoDraw = False
393.4832 	EXP 	New trial (rep=0, index=5): {'square': 9, 'location': [0.2, -0.2], 'corrAns': 1}
393.4837 	EXP 	window1: mouseVisible = False
393.4959 	EXP 	grid_lines_2: autoDraw = False
393.4959 	EXP 	target_square_2: autoDraw = False
393.4959 	EXP 	fixation_3: autoDraw = False
393.4959 	EXP 	target_square_2: pos = array([ 0.2, -0.2])
393.4959 	EXP 	grid_lines_2: autoDraw = True
393.4959 	EXP 	target_square_2: autoDraw = True
394.3631 	DATA 	Mouse: Left button down, pos=(892,561)
394.4793 	EXP 	fixation_3: autoDraw = True
394.4960 	EXP 	target_square_2: autoDraw = False
394.7630 	DATA 	Mouse:  Left button up, pos=(892,561)
395.4793 	EXP 	fixation_3: autoDraw = False
395.4831 	EXP 	New trial (rep=0, index=6): {'square': 7, 'location': [-0.2, -0.2], 'corrAns': None}
395.4836 	EXP 	window1: mouseVisible = False
395.4960 	EXP 	grid_lines_2: autoDraw = False
395.4960 	EXP 	target_square_2: autoDraw = False
395.4960 	EXP 	fixation_3: autoDraw = False
395.4960 	EXP 	target_square_2: pos = array([-0.2, -0.2])
395.4960 	EXP 	grid_lines_2: autoDraw = True
395.4960 	EXP 	target_square_2: autoDraw = True
396.4793 	EXP 	fixation_3: autoDraw = True
396.4960 	EXP 	target_square_2: autoDraw = False
397.4793 	EXP 	fixation_3: autoDraw = False
397.4831 	EXP 	New trial (rep=0, index=7): {'square': 1, 'location': [-0.2, 0.2], 'corrAns': None}
397.4836 	EXP 	window1: mouseVisible = False
397.4960 	EXP 	grid_lines_2: autoDraw = False
397.4960 	EXP 	target_square_2: autoDraw = False
397.4960 	EXP 	fixation_3: autoDraw = False
397.4960 	EXP 	target_square_2: pos = array([-0.2,  0.2])
397.4960 	EXP 	grid_lines_2: autoDraw = True
397.4960 	EXP 	target_square_2: autoDraw = True
398.4793 	EXP 	fixation_3: autoDraw = True
398.4960 	EXP 	target_square_2: autoDraw = False
399.4793 	EXP 	fixation_3: autoDraw = False
399.4831 	EXP 	New trial (rep=0, index=8): {'square': 5, 'location': [0, 0], 'corrAns': None}
399.4835 	EXP 	window1: mouseVisible = False
399.4960 	EXP 	grid_lines_2: autoDraw = False
399.4960 	EXP 	target_square_2: autoDraw = False
399.4960 	EXP 	fixation_3: autoDraw = False
399.4960 	EXP 	target_square_2: pos = array([0., 0.])
399.4960 	EXP 	grid_lines_2: autoDraw = True
399.4960 	EXP 	target_square_2: autoDraw = True
400.4793 	EXP 	fixation_3: autoDraw = True
400.4960 	EXP 	target_square_2: autoDraw = False
401.4794 	EXP 	fixation_3: autoDraw = False
401.4832 	EXP 	New trial (rep=0, index=9): {'square': 7, 'location': [-0.2, -0.2], 'corrAns': None}
401.4837 	EXP 	window1: mouseVisible = False
401.4960 	EXP 	grid_lines_2: autoDraw = False
401.4960 	EXP 	target_square_2: autoDraw = False
401.4960 	EXP 	fixation_3: autoDraw = False
401.4960 	EXP 	target_square_2: pos = array([-0.2, -0.2])
401.4960 	EXP 	grid_lines_2: autoDraw = True
401.4960 	EXP 	target_square_2: autoDraw = True
402.4793 	EXP 	fixation_3: autoDraw = True
402.4960 	EXP 	target_square_2: autoDraw = False
403.4793 	EXP 	fixation_3: autoDraw = False
403.4832 	EXP 	New trial (rep=0, index=10): {'square': 5, 'location': [0, 0], 'corrAns': 1}
403.4836 	EXP 	window1: mouseVisible = False
403.4960 	EXP 	grid_lines_2: autoDraw = False
403.4960 	EXP 	target_square_2: autoDraw = False
403.4960 	EXP 	fixation_3: autoDraw = False
403.4960 	EXP 	target_square_2: pos = array([0., 0.])
403.4960 	EXP 	grid_lines_2: autoDraw = True
403.4960 	EXP 	target_square_2: autoDraw = True
403.8987 	DATA 	Mouse: Left button down, pos=(889,558)
404.4794 	EXP 	fixation_3: autoDraw = True
404.4960 	EXP 	target_square_2: autoDraw = False
404.6296 	DATA 	Mouse:  Left button up, pos=(889,558)
404.7630 	DATA 	Mouse: Left button down, pos=(889,558)
405.2463 	DATA 	Mouse:  Left button up, pos=(889,558)
405.4794 	EXP 	fixation_3: autoDraw = False
405.4832 	EXP 	New trial (rep=0, index=11): {'square': 6, 'location': [0.2, 0], 'corrAns': None}
405.4837 	EXP 	window1: mouseVisible = False
405.4960 	EXP 	grid_lines_2: autoDraw = False
405.4960 	EXP 	target_square_2: autoDraw = False
405.4960 	EXP 	fixation_3: autoDraw = False
405.4960 	EXP 	target_square_2: pos = array([0.2, 0. ])
405.4960 	EXP 	grid_lines_2: autoDraw = True
405.4960 	EXP 	target_square_2: autoDraw = True
406.4794 	EXP 	fixation_3: autoDraw = True
406.4961 	EXP 	target_square_2: autoDraw = False
407.4794 	EXP 	fixation_3: autoDraw = False
407.4833 	EXP 	New trial (rep=0, index=12): {'square': 3, 'location': [0.2, 0.2], 'corrAns': None}
407.4837 	EXP 	window1: mouseVisible = False
407.4961 	EXP 	grid_lines_2: autoDraw = False
407.4961 	EXP 	target_square_2: autoDraw = False
407.4961 	EXP 	fixation_3: autoDraw = False
407.4961 	EXP 	target_square_2: pos = array([0.2, 0.2])
407.4961 	EXP 	grid_lines_2: autoDraw = True
407.4961 	EXP 	target_square_2: autoDraw = True
408.4794 	EXP 	fixation_3: autoDraw = True
408.4961 	EXP 	target_square_2: autoDraw = False
409.4794 	EXP 	fixation_3: autoDraw = False
409.4834 	EXP 	New trial (rep=0, index=13): {'square': 6, 'location': [0.2, 0], 'corrAns': 1}
409.4838 	EXP 	window1: mouseVisible = False
409.4961 	EXP 	grid_lines_2: autoDraw = False
409.4961 	EXP 	target_square_2: autoDraw = False
409.4961 	EXP 	fixation_3: autoDraw = False
409.4961 	EXP 	target_square_2: pos = array([0.2, 0. ])
409.4961 	EXP 	grid_lines_2: autoDraw = True
409.4961 	EXP 	target_square_2: autoDraw = True
409.8131 	DATA 	Mouse: Left button down, pos=(889,558)
410.1297 	DATA 	Mouse:  Left button up, pos=(890,558)
410.4794 	EXP 	fixation_3: autoDraw = True
410.4961 	EXP 	target_square_2: autoDraw = False
411.4794 	EXP 	fixation_3: autoDraw = False
411.4833 	EXP 	New trial (rep=0, index=14): {'square': 8, 'location': [0, -0.2], 'corrAns': None}
411.4838 	EXP 	window1: mouseVisible = False
411.4961 	EXP 	grid_lines_2: autoDraw = False
411.4961 	EXP 	target_square_2: autoDraw = False
411.4961 	EXP 	fixation_3: autoDraw = False
411.4961 	EXP 	target_square_2: pos = array([ 0. , -0.2])
411.4961 	EXP 	grid_lines_2: autoDraw = True
411.4961 	EXP 	target_square_2: autoDraw = True
412.4794 	EXP 	fixation_3: autoDraw = True
412.4961 	EXP 	target_square_2: autoDraw = False
413.4795 	EXP 	fixation_3: autoDraw = False
413.4833 	EXP 	New trial (rep=0, index=15): {'square': 9, 'location': [0.2, -0.2], 'corrAns': None}
413.4838 	EXP 	window1: mouseVisible = False
413.4961 	EXP 	grid_lines_2: autoDraw = False
413.4961 	EXP 	target_square_2: autoDraw = False
413.4961 	EXP 	fixation_3: autoDraw = False
413.4961 	EXP 	target_square_2: pos = array([ 0.2, -0.2])
413.4961 	EXP 	grid_lines_2: autoDraw = True
413.4961 	EXP 	target_square_2: autoDraw = True
414.4795 	EXP 	fixation_3: autoDraw = True
414.4961 	EXP 	target_square_2: autoDraw = False
415.4795 	EXP 	fixation_3: autoDraw = False
415.4832 	EXP 	New trial (rep=0, index=16): {'square': 9, 'location': [0.2, -0.2], 'corrAns': None}
415.4837 	EXP 	window1: mouseVisible = False
415.4961 	EXP 	grid_lines_2: autoDraw = False
415.4961 	EXP 	target_square_2: autoDraw = False
415.4961 	EXP 	fixation_3: autoDraw = False
415.4961 	EXP 	target_square_2: pos = array([ 0.2, -0.2])
415.4961 	EXP 	grid_lines_2: autoDraw = True
415.4961 	EXP 	target_square_2: autoDraw = True
416.4795 	EXP 	fixation_3: autoDraw = True
416.4961 	EXP 	target_square_2: autoDraw = False
417.4795 	EXP 	fixation_3: autoDraw = False
417.4833 	EXP 	New trial (rep=0, index=17): {'square': 1, 'location': [-0.2, 0.2], 'corrAns': None}
417.4838 	EXP 	window1: mouseVisible = False
417.4961 	EXP 	grid_lines_2: autoDraw = False
417.4961 	EXP 	target_square_2: autoDraw = False
417.4961 	EXP 	fixation_3: autoDraw = False
417.4961 	EXP 	target_square_2: pos = array([-0.2,  0.2])
417.4961 	EXP 	grid_lines_2: autoDraw = True
417.4961 	EXP 	target_square_2: autoDraw = True
418.4795 	EXP 	fixation_3: autoDraw = True
418.4962 	EXP 	target_square_2: autoDraw = False
419.4795 	EXP 	fixation_3: autoDraw = False
419.4833 	EXP 	New trial (rep=0, index=18): {'square': 3, 'location': [0.2, 0.2], 'corrAns': None}
419.4838 	EXP 	window1: mouseVisible = False
419.4962 	EXP 	grid_lines_2: autoDraw = False
419.4962 	EXP 	target_square_2: autoDraw = False
419.4962 	EXP 	fixation_3: autoDraw = False
419.4962 	EXP 	target_square_2: pos = array([0.2, 0.2])
419.4962 	EXP 	grid_lines_2: autoDraw = True
419.4962 	EXP 	target_square_2: autoDraw = True
420.4795 	EXP 	fixation_3: autoDraw = True
420.4962 	EXP 	target_square_2: autoDraw = False
421.4795 	EXP 	fixation_3: autoDraw = False
421.4833 	EXP 	New trial (rep=0, index=19): {'square': 5, 'location': [0, 0], 'corrAns': None}
421.4837 	EXP 	window1: mouseVisible = False
421.4962 	EXP 	grid_lines_2: autoDraw = False
421.4962 	EXP 	target_square_2: autoDraw = False
421.4962 	EXP 	fixation_3: autoDraw = False
421.4962 	EXP 	target_square_2: pos = array([0., 0.])
421.4962 	EXP 	grid_lines_2: autoDraw = True
421.4962 	EXP 	target_square_2: autoDraw = True
422.4795 	EXP 	fixation_3: autoDraw = True
422.4962 	EXP 	target_square_2: autoDraw = False
423.4795 	EXP 	fixation_3: autoDraw = False
423.4835 	EXP 	New trial (rep=0, index=20): {'square': 3, 'location': [0.2, 0.2], 'corrAns': 1}
423.4840 	EXP 	window1: mouseVisible = False
423.4962 	EXP 	grid_lines_2: autoDraw = False
423.4962 	EXP 	target_square_2: autoDraw = False
423.4962 	EXP 	fixation_3: autoDraw = False
423.4962 	EXP 	target_square_2: pos = array([0.2, 0.2])
423.4962 	EXP 	grid_lines_2: autoDraw = True
423.4962 	EXP 	target_square_2: autoDraw = True
424.4795 	EXP 	fixation_3: autoDraw = True
424.4962 	EXP 	target_square_2: autoDraw = False
425.4796 	EXP 	fixation_3: autoDraw = False
425.4833 	EXP 	New trial (rep=0, index=21): {'square': 4, 'location': [-0.2, 0], 'corrAns': None}
425.4838 	EXP 	window1: mouseVisible = False
425.4962 	EXP 	grid_lines_2: autoDraw = False
425.4962 	EXP 	target_square_2: autoDraw = False
425.4962 	EXP 	fixation_3: autoDraw = False
425.4962 	EXP 	target_square_2: pos = array([-0.2,  0. ])
425.4962 	EXP 	grid_lines_2: autoDraw = True
425.4962 	EXP 	target_square_2: autoDraw = True
426.4795 	EXP 	fixation_3: autoDraw = True
426.4962 	EXP 	target_square_2: autoDraw = False
427.4796 	EXP 	fixation_3: autoDraw = False
427.4833 	EXP 	New trial (rep=0, index=22): {'square': 7, 'location': [-0.2, -0.2], 'corrAns': None}
427.4838 	EXP 	window1: mouseVisible = False
427.4962 	EXP 	grid_lines_2: autoDraw = False
427.4962 	EXP 	target_square_2: autoDraw = False
427.4962 	EXP 	fixation_3: autoDraw = False
427.4962 	EXP 	target_square_2: pos = array([-0.2, -0.2])
427.4962 	EXP 	grid_lines_2: autoDraw = True
427.4962 	EXP 	target_square_2: autoDraw = True
428.4796 	EXP 	fixation_3: autoDraw = True
428.4962 	EXP 	target_square_2: autoDraw = False
429.4796 	EXP 	fixation_3: autoDraw = False
429.4834 	EXP 	New trial (rep=0, index=23): {'square': 4, 'location': [-0.2, 0], 'corrAns': 1}
429.4839 	EXP 	window1: mouseVisible = False
429.4962 	EXP 	grid_lines_2: autoDraw = False
429.4962 	EXP 	target_square_2: autoDraw = False
429.4962 	EXP 	fixation_3: autoDraw = False
429.4962 	EXP 	target_square_2: pos = array([-0.2,  0. ])
429.4962 	EXP 	grid_lines_2: autoDraw = True
429.4962 	EXP 	target_square_2: autoDraw = True
430.4796 	EXP 	fixation_3: autoDraw = True
430.4963 	EXP 	target_square_2: autoDraw = False
431.4796 	EXP 	fixation_3: autoDraw = False
431.4835 	EXP 	New trial (rep=0, index=24): {'square': 4, 'location': [-0.2, 0], 'corrAns': None}
431.4840 	EXP 	window1: mouseVisible = False
431.4963 	EXP 	grid_lines_2: autoDraw = False
431.4963 	EXP 	target_square_2: autoDraw = False
431.4963 	EXP 	fixation_3: autoDraw = False
431.4963 	EXP 	target_square_2: pos = array([-0.2,  0. ])
431.4963 	EXP 	grid_lines_2: autoDraw = True
431.4963 	EXP 	target_square_2: autoDraw = True
432.4796 	EXP 	fixation_3: autoDraw = True
432.4962 	EXP 	target_square_2: autoDraw = False
433.4796 	EXP 	fixation_3: autoDraw = False
433.4835 	EXP 	New trial (rep=0, index=25): {'square': 5, 'location': [0, 0], 'corrAns': None}
433.4844 	EXP 	window1: mouseVisible = False
433.4963 	EXP 	grid_lines_2: autoDraw = False
433.4963 	EXP 	target_square_2: autoDraw = False
433.4963 	EXP 	fixation_3: autoDraw = False
433.4963 	EXP 	target_square_2: pos = array([0., 0.])
433.4963 	EXP 	grid_lines_2: autoDraw = True
433.4963 	EXP 	target_square_2: autoDraw = True
434.4796 	EXP 	fixation_3: autoDraw = True
434.4962 	EXP 	target_square_2: autoDraw = False
435.4796 	EXP 	fixation_3: autoDraw = False
435.4834 	EXP 	New trial (rep=0, index=26): {'square': 2, 'location': [0, 0.2], 'corrAns': None}
435.4839 	EXP 	window1: mouseVisible = False
435.4963 	EXP 	grid_lines_2: autoDraw = False
435.4963 	EXP 	target_square_2: autoDraw = False
435.4963 	EXP 	fixation_3: autoDraw = False
435.4963 	EXP 	target_square_2: pos = array([0. , 0.2])
435.4963 	EXP 	grid_lines_2: autoDraw = True
435.4963 	EXP 	target_square_2: autoDraw = True
436.4796 	EXP 	fixation_3: autoDraw = True
436.4963 	EXP 	target_square_2: autoDraw = False
437.4800 	EXP 	fixation_3: autoDraw = False
437.4839 	EXP 	New trial (rep=0, index=27): {'square': 6, 'location': [0.2, 0], 'corrAns': None}
437.4843 	EXP 	window1: mouseVisible = False
437.4963 	EXP 	grid_lines_2: autoDraw = False
437.4963 	EXP 	target_square_2: autoDraw = False
437.4963 	EXP 	fixation_3: autoDraw = False
437.4963 	EXP 	target_square_2: pos = array([0.2, 0. ])
437.4963 	EXP 	grid_lines_2: autoDraw = True
437.4963 	EXP 	target_square_2: autoDraw = True
438.4796 	EXP 	fixation_3: autoDraw = True
438.4963 	EXP 	target_square_2: autoDraw = False
439.4796 	EXP 	fixation_3: autoDraw = False
439.4834 	EXP 	New trial (rep=0, index=28): {'square': 7, 'location': [-0.2, -0.2], 'corrAns': None}
439.4839 	EXP 	window1: mouseVisible = False
439.4963 	EXP 	grid_lines_2: autoDraw = False
439.4963 	EXP 	target_square_2: autoDraw = False
439.4963 	EXP 	fixation_3: autoDraw = False
439.4963 	EXP 	target_square_2: pos = array([-0.2, -0.2])
439.4963 	EXP 	grid_lines_2: autoDraw = True
439.4963 	EXP 	target_square_2: autoDraw = True
440.4797 	EXP 	fixation_3: autoDraw = True
440.4963 	EXP 	target_square_2: autoDraw = False
441.4797 	EXP 	fixation_3: autoDraw = False
441.4834 	EXP 	New trial (rep=0, index=29): {'square': 6, 'location': [0.2, 0], 'corrAns': 1}
441.4839 	EXP 	window1: mouseVisible = False
441.4963 	EXP 	grid_lines_2: autoDraw = False
441.4963 	EXP 	target_square_2: autoDraw = False
441.4963 	EXP 	fixation_3: autoDraw = False
441.4963 	EXP 	target_square_2: pos = array([0.2, 0. ])
441.4963 	EXP 	grid_lines_2: autoDraw = True
441.4963 	EXP 	target_square_2: autoDraw = True
442.4797 	EXP 	fixation_3: autoDraw = True
442.4964 	EXP 	target_square_2: autoDraw = False
443.4797 	EXP 	fixation_3: autoDraw = False
443.4836 	EXP 	New trial (rep=0, index=30): {'square': 6, 'location': [0.2, 0], 'corrAns': None}
443.4841 	EXP 	window1: mouseVisible = False
443.4963 	EXP 	grid_lines_2: autoDraw = False
443.4963 	EXP 	target_square_2: autoDraw = False
443.4963 	EXP 	fixation_3: autoDraw = False
443.4963 	EXP 	target_square_2: pos = array([0.2, 0. ])
443.4963 	EXP 	grid_lines_2: autoDraw = True
443.4963 	EXP 	target_square_2: autoDraw = True
444.4797 	EXP 	fixation_3: autoDraw = True
444.4963 	EXP 	target_square_2: autoDraw = False
445.4797 	EXP 	fixation_3: autoDraw = False
445.4836 	EXP 	New trial (rep=0, index=31): {'square': 7, 'location': [-0.2, -0.2], 'corrAns': None}
445.4840 	EXP 	window1: mouseVisible = False
445.4964 	EXP 	grid_lines_2: autoDraw = False
445.4964 	EXP 	target_square_2: autoDraw = False
445.4964 	EXP 	fixation_3: autoDraw = False
445.4964 	EXP 	target_square_2: pos = array([-0.2, -0.2])
445.4964 	EXP 	grid_lines_2: autoDraw = True
445.4964 	EXP 	target_square_2: autoDraw = True
446.4797 	EXP 	fixation_3: autoDraw = True
446.4964 	EXP 	target_square_2: autoDraw = False
447.4797 	EXP 	fixation_3: autoDraw = False
447.4836 	EXP 	New trial (rep=0, index=32): {'square': 6, 'location': [0.2, 0], 'corrAns': 1}
447.4841 	EXP 	window1: mouseVisible = False
447.4964 	EXP 	grid_lines_2: autoDraw = False
447.4964 	EXP 	target_square_2: autoDraw = False
447.4964 	EXP 	fixation_3: autoDraw = False
447.4964 	EXP 	target_square_2: pos = array([0.2, 0. ])
447.4964 	EXP 	grid_lines_2: autoDraw = True
447.4964 	EXP 	target_square_2: autoDraw = True
448.0134 	DATA 	Mouse: Left button down, pos=(890,558)
448.3134 	DATA 	Mouse:  Left button up, pos=(890,558)
448.4797 	EXP 	fixation_3: autoDraw = True
448.4964 	EXP 	target_square_2: autoDraw = False
449.4797 	EXP 	fixation_3: autoDraw = False
449.4835 	EXP 	New trial (rep=0, index=33): {'square': 2, 'location': [0, 0.2], 'corrAns': None}
449.4840 	EXP 	window1: mouseVisible = False
449.4964 	EXP 	grid_lines_2: autoDraw = False
449.4964 	EXP 	target_square_2: autoDraw = False
449.4964 	EXP 	fixation_3: autoDraw = False
449.4964 	EXP 	target_square_2: pos = array([0. , 0.2])
449.4964 	EXP 	grid_lines_2: autoDraw = True
449.4964 	EXP 	target_square_2: autoDraw = True
450.4797 	EXP 	fixation_3: autoDraw = True
450.4964 	EXP 	target_square_2: autoDraw = False
451.4797 	EXP 	fixation_3: autoDraw = False
451.4836 	EXP 	New trial (rep=0, index=34): {'square': 5, 'location': [0, 0], 'corrAns': None}
451.4840 	EXP 	window1: mouseVisible = False
451.4964 	EXP 	grid_lines_2: autoDraw = False
451.4964 	EXP 	target_square_2: autoDraw = False
451.4964 	EXP 	fixation_3: autoDraw = False
451.4964 	EXP 	target_square_2: pos = array([0., 0.])
451.4964 	EXP 	grid_lines_2: autoDraw = True
451.4964 	EXP 	target_square_2: autoDraw = True
452.4797 	EXP 	fixation_3: autoDraw = True
452.4964 	EXP 	target_square_2: autoDraw = False
453.4797 	EXP 	fixation_3: autoDraw = False
453.4837 	EXP 	New trial (rep=0, index=35): {'square': 4, 'location': [-0.2, 0], 'corrAns': None}
453.4842 	EXP 	window1: mouseVisible = False
453.4964 	EXP 	grid_lines_2: autoDraw = False
453.4964 	EXP 	target_square_2: autoDraw = False
453.4964 	EXP 	fixation_3: autoDraw = False
453.4964 	EXP 	target_square_2: pos = array([-0.2,  0. ])
453.4964 	EXP 	grid_lines_2: autoDraw = True
453.4964 	EXP 	target_square_2: autoDraw = True
454.4798 	EXP 	fixation_3: autoDraw = True
454.4964 	EXP 	target_square_2: autoDraw = False
455.4798 	EXP 	fixation_3: autoDraw = False
455.4836 	EXP 	New trial (rep=0, index=36): {'square': 4, 'location': [-0.2, 0], 'corrAns': None}
455.4841 	EXP 	window1: mouseVisible = False
455.4964 	EXP 	grid_lines_2: autoDraw = False
455.4964 	EXP 	target_square_2: autoDraw = False
455.4964 	EXP 	fixation_3: autoDraw = False
455.4964 	EXP 	target_square_2: pos = array([-0.2,  0. ])
455.4964 	EXP 	grid_lines_2: autoDraw = True
455.4964 	EXP 	target_square_2: autoDraw = True
456.4797 	EXP 	fixation_3: autoDraw = True
456.4964 	EXP 	target_square_2: autoDraw = False
457.4798 	EXP 	fixation_3: autoDraw = False
457.4836 	EXP 	New trial (rep=0, index=37): {'square': 7, 'location': [-0.2, -0.2], 'corrAns': None}
457.4841 	EXP 	window1: mouseVisible = False
457.4965 	EXP 	grid_lines_2: autoDraw = False
457.4965 	EXP 	target_square_2: autoDraw = False
457.4965 	EXP 	fixation_3: autoDraw = False
457.4965 	EXP 	target_square_2: pos = array([-0.2, -0.2])
457.4965 	EXP 	grid_lines_2: autoDraw = True
457.4965 	EXP 	target_square_2: autoDraw = True
458.4798 	EXP 	fixation_3: autoDraw = True
458.4965 	EXP 	target_square_2: autoDraw = False
459.4798 	EXP 	fixation_3: autoDraw = False
459.4836 	EXP 	New trial (rep=0, index=38): {'square': 4, 'location': [-0.2, 0], 'corrAns': 1}
459.4841 	EXP 	window1: mouseVisible = False
459.4965 	EXP 	grid_lines_2: autoDraw = False
459.4965 	EXP 	target_square_2: autoDraw = False
459.4965 	EXP 	fixation_3: autoDraw = False
459.4965 	EXP 	target_square_2: pos = array([-0.2,  0. ])
459.4965 	EXP 	grid_lines_2: autoDraw = True
459.4965 	EXP 	target_square_2: autoDraw = True
459.8135 	DATA 	Mouse: Left button down, pos=(890,558)
460.0801 	DATA 	Mouse:  Left button up, pos=(890,558)
460.4798 	EXP 	fixation_3: autoDraw = True
460.4965 	EXP 	target_square_2: autoDraw = False
461.4798 	EXP 	fixation_3: autoDraw = False
461.4837 	EXP 	New trial (rep=0, index=39): {'square': 3, 'location': [0.2, 0.2], 'corrAns': None}
461.4842 	EXP 	window1: mouseVisible = False
461.4965 	EXP 	grid_lines_2: autoDraw = False
461.4965 	EXP 	target_square_2: autoDraw = False
461.4965 	EXP 	fixation_3: autoDraw = False
461.4965 	EXP 	target_square_2: pos = array([0.2, 0.2])
461.4965 	EXP 	grid_lines_2: autoDraw = True
461.4965 	EXP 	target_square_2: autoDraw = True
462.4798 	EXP 	fixation_3: autoDraw = True
462.4965 	EXP 	target_square_2: autoDraw = False
463.4798 	EXP 	fixation_3: autoDraw = False
463.4839 	EXP 	New trial (rep=0, index=40): {'square': 5, 'location': [0, 0], 'corrAns': None}
463.4843 	EXP 	window1: mouseVisible = False
463.4965 	EXP 	grid_lines_2: autoDraw = False
463.4965 	EXP 	target_square_2: autoDraw = False
463.4965 	EXP 	fixation_3: autoDraw = False
463.4965 	EXP 	target_square_2: pos = array([0., 0.])
463.4965 	EXP 	grid_lines_2: autoDraw = True
463.4965 	EXP 	target_square_2: autoDraw = True
464.4798 	EXP 	fixation_3: autoDraw = True
464.4965 	EXP 	target_square_2: autoDraw = False
465.4798 	EXP 	fixation_3: autoDraw = False
465.4838 	EXP 	New trial (rep=0, index=41): {'square': 3, 'location': [0.2, 0.2], 'corrAns': 1}
465.4843 	EXP 	window1: mouseVisible = False
465.4965 	EXP 	grid_lines_2: autoDraw = False
465.4965 	EXP 	target_square_2: autoDraw = False
465.4965 	EXP 	fixation_3: autoDraw = False
465.4965 	EXP 	target_square_2: pos = array([0.2, 0.2])
465.4965 	EXP 	grid_lines_2: autoDraw = True
465.4965 	EXP 	target_square_2: autoDraw = True
465.9802 	DATA 	Mouse: Left button down, pos=(890,558)
466.2468 	DATA 	Mouse:  Left button up, pos=(890,558)
466.4798 	EXP 	fixation_3: autoDraw = True
466.4965 	EXP 	target_square_2: autoDraw = False
467.4798 	EXP 	fixation_3: autoDraw = False
467.4837 	EXP 	New trial (rep=0, index=42): {'square': 1, 'location': [-0.2, 0.2], 'corrAns': None}
467.4842 	EXP 	window1: mouseVisible = False
467.4965 	EXP 	grid_lines_2: autoDraw = False
467.4965 	EXP 	target_square_2: autoDraw = False
467.4965 	EXP 	fixation_3: autoDraw = False
467.4965 	EXP 	target_square_2: pos = array([-0.2,  0.2])
467.4965 	EXP 	grid_lines_2: autoDraw = True
467.4965 	EXP 	target_square_2: autoDraw = True
468.4799 	EXP 	fixation_3: autoDraw = True
468.4965 	EXP 	target_square_2: autoDraw = False
469.4799 	EXP 	fixation_3: autoDraw = False
469.4837 	EXP 	New trial (rep=0, index=43): {'square': 9, 'location': [0.2, -0.2], 'corrAns': None}
469.4842 	EXP 	window1: mouseVisible = False
469.4966 	EXP 	grid_lines_2: autoDraw = False
469.4966 	EXP 	target_square_2: autoDraw = False
469.4966 	EXP 	fixation_3: autoDraw = False
469.4966 	EXP 	target_square_2: pos = array([ 0.2, -0.2])
469.4966 	EXP 	grid_lines_2: autoDraw = True
469.4966 	EXP 	target_square_2: autoDraw = True
470.4799 	EXP 	fixation_3: autoDraw = True
470.4966 	EXP 	target_square_2: autoDraw = False
471.4799 	EXP 	fixation_3: autoDraw = False
471.4837 	EXP 	New trial (rep=0, index=44): {'square': 9, 'location': [0.2, -0.2], 'corrAns': None}
471.4842 	EXP 	window1: mouseVisible = False
471.4965 	EXP 	grid_lines_2: autoDraw = False
471.4965 	EXP 	target_square_2: autoDraw = False
471.4965 	EXP 	fixation_3: autoDraw = False
471.4965 	EXP 	target_square_2: pos = array([ 0.2, -0.2])
471.4965 	EXP 	grid_lines_2: autoDraw = True
471.4965 	EXP 	target_square_2: autoDraw = True
472.2803 	DATA 	Mouse: Left button down, pos=(890,558)
472.4799 	EXP 	fixation_3: autoDraw = True
472.4966 	EXP 	target_square_2: autoDraw = False
472.5802 	DATA 	Mouse:  Left button up, pos=(890,558)
473.4799 	EXP 	fixation_3: autoDraw = False
473.4838 	EXP 	New trial (rep=0, index=45): {'square': 8, 'location': [0, -0.2], 'corrAns': None}
473.4843 	EXP 	window1: mouseVisible = False
473.4966 	EXP 	grid_lines_2: autoDraw = False
473.4966 	EXP 	target_square_2: autoDraw = False
473.4966 	EXP 	fixation_3: autoDraw = False
473.4966 	EXP 	target_square_2: pos = array([ 0. , -0.2])
473.4966 	EXP 	grid_lines_2: autoDraw = True
473.4966 	EXP 	target_square_2: autoDraw = True
474.4799 	EXP 	fixation_3: autoDraw = True
474.4966 	EXP 	target_square_2: autoDraw = False
475.4799 	EXP 	fixation_3: autoDraw = False
475.4839 	EXP 	New trial (rep=0, index=46): {'square': 6, 'location': [0.2, 0], 'corrAns': None}
475.4843 	EXP 	window1: mouseVisible = False
475.4966 	EXP 	grid_lines_2: autoDraw = False
475.4966 	EXP 	target_square_2: autoDraw = False
475.4966 	EXP 	fixation_3: autoDraw = False
475.4966 	EXP 	target_square_2: pos = array([0.2, 0. ])
475.4966 	EXP 	grid_lines_2: autoDraw = True
475.4966 	EXP 	target_square_2: autoDraw = True
476.4799 	EXP 	fixation_3: autoDraw = True
476.4966 	EXP 	target_square_2: autoDraw = False
477.4799 	EXP 	fixation_3: autoDraw = False
477.4838 	EXP 	New trial (rep=0, index=47): {'square': 3, 'location': [0.2, 0.2], 'corrAns': None}
477.4843 	EXP 	window1: mouseVisible = False
477.4966 	EXP 	grid_lines_2: autoDraw = False
477.4966 	EXP 	target_square_2: autoDraw = False
477.4966 	EXP 	fixation_3: autoDraw = False
477.4966 	EXP 	target_square_2: pos = array([0.2, 0.2])
477.4966 	EXP 	grid_lines_2: autoDraw = True
477.4966 	EXP 	target_square_2: autoDraw = True
478.4799 	EXP 	fixation_3: autoDraw = True
478.4966 	EXP 	target_square_2: autoDraw = False
479.4800 	EXP 	fixation_3: autoDraw = False
479.4838 	EXP 	New trial (rep=0, index=48): {'square': 6, 'location': [0.2, 0], 'corrAns': 1}
479.4843 	EXP 	window1: mouseVisible = False
479.4966 	EXP 	grid_lines_2: autoDraw = False
479.4966 	EXP 	target_square_2: autoDraw = False
479.4966 	EXP 	fixation_3: autoDraw = False
479.4966 	EXP 	target_square_2: pos = array([0.2, 0. ])
479.4966 	EXP 	grid_lines_2: autoDraw = True
479.4966 	EXP 	target_square_2: autoDraw = True
480.4800 	EXP 	fixation_3: autoDraw = True
480.4966 	EXP 	target_square_2: autoDraw = False
481.4800 	EXP 	fixation_3: autoDraw = False
481.4838 	EXP 	New trial (rep=0, index=49): {'square': 5, 'location': [0, 0], 'corrAns': None}
481.4842 	EXP 	window1: mouseVisible = False
481.4966 	EXP 	grid_lines_2: autoDraw = False
481.4966 	EXP 	target_square_2: autoDraw = False
481.4966 	EXP 	fixation_3: autoDraw = False
481.4966 	EXP 	target_square_2: pos = array([0., 0.])
481.4966 	EXP 	grid_lines_2: autoDraw = True
481.4966 	EXP 	target_square_2: autoDraw = True
482.4800 	EXP 	fixation_3: autoDraw = True
482.4966 	EXP 	target_square_2: autoDraw = False
483.4800 	EXP 	fixation_3: autoDraw = False
483.4839 	EXP 	New trial (rep=0, index=50): {'square': 7, 'location': [-0.2, -0.2], 'corrAns': None}
483.4845 	EXP 	window1: mouseVisible = False
483.4967 	EXP 	grid_lines_2: autoDraw = False
483.4967 	EXP 	target_square_2: autoDraw = False
483.4967 	EXP 	fixation_3: autoDraw = False
483.4967 	EXP 	target_square_2: pos = array([-0.2, -0.2])
483.4967 	EXP 	grid_lines_2: autoDraw = True
483.4967 	EXP 	target_square_2: autoDraw = True
484.4800 	EXP 	fixation_3: autoDraw = True
484.4967 	EXP 	target_square_2: autoDraw = False
485.4800 	EXP 	fixation_3: autoDraw = False
485.4838 	EXP 	New trial (rep=0, index=51): {'square': 5, 'location': [0, 0], 'corrAns': 1}
485.4842 	EXP 	window1: mouseVisible = False
485.4967 	EXP 	grid_lines_2: autoDraw = False
485.4967 	EXP 	target_square_2: autoDraw = False
485.4967 	EXP 	fixation_3: autoDraw = False
485.4967 	EXP 	target_square_2: pos = array([0., 0.])
485.4967 	EXP 	grid_lines_2: autoDraw = True
485.4967 	EXP 	target_square_2: autoDraw = True
486.4800 	EXP 	fixation_3: autoDraw = True
486.4967 	EXP 	target_square_2: autoDraw = False
487.4800 	EXP 	fixation_3: autoDraw = False
487.4839 	EXP 	New trial (rep=0, index=52): {'square': 1, 'location': [-0.2, 0.2], 'corrAns': None}
487.4844 	EXP 	window1: mouseVisible = False
487.4967 	EXP 	grid_lines_2: autoDraw = False
487.4967 	EXP 	target_square_2: autoDraw = False
487.4967 	EXP 	fixation_3: autoDraw = False
487.4967 	EXP 	target_square_2: pos = array([-0.2,  0.2])
487.4967 	EXP 	grid_lines_2: autoDraw = True
487.4967 	EXP 	target_square_2: autoDraw = True
488.4800 	EXP 	fixation_3: autoDraw = True
488.4967 	EXP 	target_square_2: autoDraw = False
489.4801 	EXP 	fixation_3: autoDraw = False
489.4840 	EXP 	New trial (rep=0, index=53): {'square': 7, 'location': [-0.2, -0.2], 'corrAns': None}
489.4844 	EXP 	window1: mouseVisible = False
489.4967 	EXP 	grid_lines_2: autoDraw = False
489.4967 	EXP 	target_square_2: autoDraw = False
489.4967 	EXP 	fixation_3: autoDraw = False
489.4967 	EXP 	target_square_2: pos = array([-0.2, -0.2])
489.4967 	EXP 	grid_lines_2: autoDraw = True
489.4967 	EXP 	target_square_2: autoDraw = True
490.4800 	EXP 	fixation_3: autoDraw = True
490.4967 	EXP 	target_square_2: autoDraw = False
491.4800 	EXP 	fixation_3: autoDraw = False
491.4839 	EXP 	New trial (rep=0, index=54): {'square': 9, 'location': [0.2, -0.2], 'corrAns': None}
491.4844 	EXP 	window1: mouseVisible = False
491.4967 	EXP 	grid_lines_2: autoDraw = False
491.4967 	EXP 	target_square_2: autoDraw = False
491.4967 	EXP 	fixation_3: autoDraw = False
491.4967 	EXP 	target_square_2: pos = array([ 0.2, -0.2])
491.4967 	EXP 	grid_lines_2: autoDraw = True
491.4967 	EXP 	target_square_2: autoDraw = True
492.4801 	EXP 	fixation_3: autoDraw = True
492.4967 	EXP 	target_square_2: autoDraw = False
493.4801 	EXP 	fixation_3: autoDraw = False
493.4838 	EXP 	New trial (rep=0, index=55): {'square': 3, 'location': [0.2, 0.2], 'corrAns': None}
493.4844 	EXP 	window1: mouseVisible = False
493.4967 	EXP 	grid_lines_2: autoDraw = False
493.4967 	EXP 	target_square_2: autoDraw = False
493.4967 	EXP 	fixation_3: autoDraw = False
493.4967 	EXP 	target_square_2: pos = array([0.2, 0.2])
493.4967 	EXP 	grid_lines_2: autoDraw = True
493.4967 	EXP 	target_square_2: autoDraw = True
494.4801 	EXP 	fixation_3: autoDraw = True
494.4967 	EXP 	target_square_2: autoDraw = False
495.4801 	EXP 	fixation_3: autoDraw = False
495.4840 	EXP 	New trial (rep=0, index=56): {'square': 9, 'location': [0.2, -0.2], 'corrAns': 1}
495.4844 	EXP 	window1: mouseVisible = False
495.4967 	EXP 	grid_lines_2: autoDraw = False
495.4967 	EXP 	target_square_2: autoDraw = False
495.4967 	EXP 	fixation_3: autoDraw = False
495.4967 	EXP 	target_square_2: pos = array([ 0.2, -0.2])
495.4967 	EXP 	grid_lines_2: autoDraw = True
495.4967 	EXP 	target_square_2: autoDraw = True
496.4801 	EXP 	fixation_3: autoDraw = True
496.4968 	EXP 	target_square_2: autoDraw = False
497.4801 	EXP 	fixation_3: autoDraw = False
497.4840 	EXP 	New trial (rep=0, index=57): {'square': 6, 'location': [0.2, 0], 'corrAns': None}
497.4844 	EXP 	window1: mouseVisible = False
497.4968 	EXP 	grid_lines_2: autoDraw = False
497.4968 	EXP 	target_square_2: autoDraw = False
497.4968 	EXP 	fixation_3: autoDraw = False
497.4968 	EXP 	target_square_2: pos = array([0.2, 0. ])
497.4968 	EXP 	grid_lines_2: autoDraw = True
497.4968 	EXP 	target_square_2: autoDraw = True
498.4801 	EXP 	fixation_3: autoDraw = True
498.4968 	EXP 	target_square_2: autoDraw = False
499.4801 	EXP 	fixation_3: autoDraw = False
499.4839 	EXP 	New trial (rep=0, index=58): {'square': 2, 'location': [0, 0.2], 'corrAns': None}
499.4844 	EXP 	window1: mouseVisible = False
499.4967 	EXP 	grid_lines_2: autoDraw = False
499.4967 	EXP 	target_square_2: autoDraw = False
499.4967 	EXP 	fixation_3: autoDraw = False
499.4967 	EXP 	target_square_2: pos = array([0. , 0.2])
499.4967 	EXP 	grid_lines_2: autoDraw = True
499.4967 	EXP 	target_square_2: autoDraw = True
500.4801 	EXP 	fixation_3: autoDraw = True
500.4968 	EXP 	target_square_2: autoDraw = False
501.4801 	EXP 	fixation_3: autoDraw = False
501.4841 	EXP 	New trial (rep=0, index=59): {'square': 5, 'location': [0, 0], 'corrAns': None}
501.4845 	EXP 	window1: mouseVisible = False
501.4968 	EXP 	grid_lines_2: autoDraw = False
501.4968 	EXP 	target_square_2: autoDraw = False
501.4968 	EXP 	fixation_3: autoDraw = False
501.4968 	EXP 	target_square_2: pos = array([0., 0.])
501.4968 	EXP 	grid_lines_2: autoDraw = True
501.4968 	EXP 	target_square_2: autoDraw = True
502.4801 	EXP 	fixation_3: autoDraw = True
502.4968 	EXP 	target_square_2: autoDraw = False
503.4801 	EXP 	fixation_3: autoDraw = False
503.4842 	EXP 	New trial (rep=0, index=60): {'square': 5, 'location': [0, 0], 'corrAns': None}
503.4847 	EXP 	window1: mouseVisible = False
503.4968 	EXP 	grid_lines_2: autoDraw = False
503.4968 	EXP 	target_square_2: autoDraw = False
503.4968 	EXP 	fixation_3: autoDraw = False
503.4968 	EXP 	target_square_2: pos = array([0., 0.])
503.4968 	EXP 	grid_lines_2: autoDraw = True
503.4968 	EXP 	target_square_2: autoDraw = True
504.4802 	EXP 	fixation_3: autoDraw = True
504.4968 	EXP 	target_square_2: autoDraw = False
505.4801 	EXP 	fixation_3: autoDraw = False
505.4839 	EXP 	New trial (rep=0, index=61): {'square': 2, 'location': [0, 0.2], 'corrAns': None}
505.4844 	EXP 	window1: mouseVisible = False
505.4968 	EXP 	grid_lines_2: autoDraw = False
505.4968 	EXP 	target_square_2: autoDraw = False
505.4968 	EXP 	fixation_3: autoDraw = False
505.4968 	EXP 	target_square_2: pos = array([0. , 0.2])
505.4968 	EXP 	grid_lines_2: autoDraw = True
505.4968 	EXP 	target_square_2: autoDraw = True
506.4802 	EXP 	fixation_3: autoDraw = True
506.4968 	EXP 	target_square_2: autoDraw = False
507.4802 	EXP 	fixation_3: autoDraw = False
507.4841 	EXP 	New trial (rep=0, index=62): {'square': 6, 'location': [0.2, 0], 'corrAns': None}
507.4846 	EXP 	window1: mouseVisible = False
507.4967 	EXP 	grid_lines_2: autoDraw = False
507.4967 	EXP 	target_square_2: autoDraw = False
507.4967 	EXP 	fixation_3: autoDraw = False
507.4967 	EXP 	target_square_2: pos = array([0.2, 0. ])
507.4967 	EXP 	grid_lines_2: autoDraw = True
507.4967 	EXP 	target_square_2: autoDraw = True
508.4801 	EXP 	fixation_3: autoDraw = True
508.4969 	EXP 	target_square_2: autoDraw = False
509.4802 	EXP 	fixation_3: autoDraw = False
509.4840 	EXP 	New trial (rep=0, index=63): {'square': 9, 'location': [0.2, -0.2], 'corrAns': None}
509.4845 	EXP 	window1: mouseVisible = False
509.4969 	EXP 	grid_lines_2: autoDraw = False
509.4969 	EXP 	target_square_2: autoDraw = False
509.4969 	EXP 	fixation_3: autoDraw = False
509.4969 	EXP 	target_square_2: pos = array([ 0.2, -0.2])
509.4969 	EXP 	grid_lines_2: autoDraw = True
509.4969 	EXP 	target_square_2: autoDraw = True
510.4802 	EXP 	fixation_3: autoDraw = True
510.4968 	EXP 	target_square_2: autoDraw = False
511.4802 	EXP 	fixation_3: autoDraw = False
511.4842 	EXP 	New trial (rep=0, index=64): {'square': 3, 'location': [0.2, 0.2], 'corrAns': None}
511.4846 	EXP 	window1: mouseVisible = False
511.4969 	EXP 	grid_lines_2: autoDraw = False
511.4969 	EXP 	target_square_2: autoDraw = False
511.4969 	EXP 	fixation_3: autoDraw = False
511.4969 	EXP 	target_square_2: pos = array([0.2, 0.2])
511.4969 	EXP 	grid_lines_2: autoDraw = True
511.4969 	EXP 	target_square_2: autoDraw = True
512.4802 	EXP 	fixation_3: autoDraw = True
512.4968 	EXP 	target_square_2: autoDraw = False
513.4802 	EXP 	fixation_3: autoDraw = False
513.4841 	EXP 	New trial (rep=0, index=65): {'square': 9, 'location': [0.2, -0.2], 'corrAns': 1}
513.4846 	EXP 	window1: mouseVisible = False
513.4969 	EXP 	grid_lines_2: autoDraw = False
513.4969 	EXP 	target_square_2: autoDraw = False
513.4969 	EXP 	fixation_3: autoDraw = False
513.4969 	EXP 	target_square_2: pos = array([ 0.2, -0.2])
513.4969 	EXP 	grid_lines_2: autoDraw = True
513.4969 	EXP 	target_square_2: autoDraw = True
514.4802 	EXP 	fixation_3: autoDraw = True
514.4969 	EXP 	target_square_2: autoDraw = False
515.4802 	EXP 	fixation_3: autoDraw = False
515.4841 	EXP 	New trial (rep=0, index=66): {'square': 7, 'location': [-0.2, -0.2], 'corrAns': None}
515.4846 	EXP 	window1: mouseVisible = False
515.4969 	EXP 	grid_lines_2: autoDraw = False
515.4969 	EXP 	target_square_2: autoDraw = False
515.4969 	EXP 	fixation_3: autoDraw = False
515.4969 	EXP 	target_square_2: pos = array([-0.2, -0.2])
515.4969 	EXP 	grid_lines_2: autoDraw = True
515.4969 	EXP 	target_square_2: autoDraw = True
516.4803 	EXP 	fixation_3: autoDraw = True
516.4969 	EXP 	target_square_2: autoDraw = False
517.4803 	EXP 	fixation_3: autoDraw = False
517.4842 	EXP 	New trial (rep=0, index=67): {'square': 1, 'location': [-0.2, 0.2], 'corrAns': None}
517.4847 	EXP 	window1: mouseVisible = False
517.4969 	EXP 	grid_lines_2: autoDraw = False
517.4969 	EXP 	target_square_2: autoDraw = False
517.4969 	EXP 	fixation_3: autoDraw = False
517.4969 	EXP 	target_square_2: pos = array([-0.2,  0.2])
517.4969 	EXP 	grid_lines_2: autoDraw = True
517.4969 	EXP 	target_square_2: autoDraw = True
518.4802 	EXP 	fixation_3: autoDraw = True
518.4969 	EXP 	target_square_2: autoDraw = False
519.4803 	EXP 	fixation_3: autoDraw = False
519.4841 	EXP 	New trial (rep=0, index=68): {'square': 5, 'location': [0, 0], 'corrAns': None}
519.4845 	EXP 	window1: mouseVisible = False
519.4969 	EXP 	grid_lines_2: autoDraw = False
519.4969 	EXP 	target_square_2: autoDraw = False
519.4969 	EXP 	fixation_3: autoDraw = False
519.4969 	EXP 	target_square_2: pos = array([0., 0.])
519.4969 	EXP 	grid_lines_2: autoDraw = True
519.4969 	EXP 	target_square_2: autoDraw = True
520.4803 	EXP 	fixation_3: autoDraw = True
520.4970 	EXP 	target_square_2: autoDraw = False
521.4803 	EXP 	fixation_3: autoDraw = False
521.4841 	EXP 	New trial (rep=0, index=69): {'square': 7, 'location': [-0.2, -0.2], 'corrAns': None}
521.4845 	EXP 	window1: mouseVisible = False
521.4969 	EXP 	grid_lines_2: autoDraw = False
521.4969 	EXP 	target_square_2: autoDraw = False
521.4969 	EXP 	fixation_3: autoDraw = False
521.4969 	EXP 	target_square_2: pos = array([-0.2, -0.2])
521.4969 	EXP 	grid_lines_2: autoDraw = True
521.4969 	EXP 	target_square_2: autoDraw = True
522.4803 	EXP 	fixation_3: autoDraw = True
522.4969 	EXP 	target_square_2: autoDraw = False
523.4803 	EXP 	fixation_3: autoDraw = False
523.4841 	EXP 	New trial (rep=0, index=70): {'square': 5, 'location': [0, 0], 'corrAns': 1}
523.4846 	EXP 	window1: mouseVisible = False
523.4970 	EXP 	grid_lines_2: autoDraw = False
523.4970 	EXP 	target_square_2: autoDraw = False
523.4970 	EXP 	fixation_3: autoDraw = False
523.4970 	EXP 	target_square_2: pos = array([0., 0.])
523.4970 	EXP 	grid_lines_2: autoDraw = True
523.4970 	EXP 	target_square_2: autoDraw = True
524.4803 	EXP 	fixation_3: autoDraw = True
524.4970 	EXP 	target_square_2: autoDraw = False
525.4803 	EXP 	fixation_3: autoDraw = False
525.4841 	EXP 	New trial (rep=0, index=71): {'square': 6, 'location': [0.2, 0], 'corrAns': None}
525.4846 	EXP 	window1: mouseVisible = False
525.4970 	EXP 	grid_lines_2: autoDraw = False
525.4970 	EXP 	target_square_2: autoDraw = False
525.4970 	EXP 	fixation_3: autoDraw = False
525.4970 	EXP 	target_square_2: pos = array([0.2, 0. ])
525.4970 	EXP 	grid_lines_2: autoDraw = True
525.4970 	EXP 	target_square_2: autoDraw = True
526.4804 	EXP 	fixation_3: autoDraw = True
526.4970 	EXP 	target_square_2: autoDraw = False
527.4803 	EXP 	fixation_3: autoDraw = False
527.4841 	EXP 	New trial (rep=0, index=72): {'square': 3, 'location': [0.2, 0.2], 'corrAns': None}
527.4846 	EXP 	window1: mouseVisible = False
527.4970 	EXP 	grid_lines_2: autoDraw = False
527.4970 	EXP 	target_square_2: autoDraw = False
527.4970 	EXP 	fixation_3: autoDraw = False
527.4970 	EXP 	target_square_2: pos = array([0.2, 0.2])
527.4970 	EXP 	grid_lines_2: autoDraw = True
527.4970 	EXP 	target_square_2: autoDraw = True
528.4803 	EXP 	fixation_3: autoDraw = True
528.4970 	EXP 	target_square_2: autoDraw = False
529.4803 	EXP 	fixation_3: autoDraw = False
529.4842 	EXP 	New trial (rep=0, index=73): {'square': 6, 'location': [0.2, 0], 'corrAns': 1}
529.4847 	EXP 	window1: mouseVisible = False
529.4970 	EXP 	grid_lines_2: autoDraw = False
529.4970 	EXP 	target_square_2: autoDraw = False
529.4970 	EXP 	fixation_3: autoDraw = False
529.4970 	EXP 	target_square_2: pos = array([0.2, 0. ])
529.4970 	EXP 	grid_lines_2: autoDraw = True
529.4970 	EXP 	target_square_2: autoDraw = True
530.4804 	EXP 	fixation_3: autoDraw = True
530.4970 	EXP 	target_square_2: autoDraw = False
531.4804 	EXP 	fixation_3: autoDraw = False
531.4843 	EXP 	New trial (rep=0, index=74): {'square': 8, 'location': [0, -0.2], 'corrAns': None}
531.4848 	EXP 	window1: mouseVisible = False
531.4970 	EXP 	grid_lines_2: autoDraw = False
531.4970 	EXP 	target_square_2: autoDraw = False
531.4970 	EXP 	fixation_3: autoDraw = False
531.4970 	EXP 	target_square_2: pos = array([ 0. , -0.2])
531.4970 	EXP 	grid_lines_2: autoDraw = True
531.4970 	EXP 	target_square_2: autoDraw = True
532.4802 	EXP 	fixation_3: autoDraw = True
532.4970 	EXP 	target_square_2: autoDraw = False
533.4804 	EXP 	fixation_3: autoDraw = False
533.4844 	EXP 	New trial (rep=0, index=75): {'square': 9, 'location': [0.2, -0.2], 'corrAns': None}
533.4850 	EXP 	window1: mouseVisible = False
533.4970 	EXP 	grid_lines_2: autoDraw = False
533.4970 	EXP 	target_square_2: autoDraw = False
533.4970 	EXP 	fixation_3: autoDraw = False
533.4970 	EXP 	target_square_2: pos = array([ 0.2, -0.2])
533.4970 	EXP 	grid_lines_2: autoDraw = True
533.4970 	EXP 	target_square_2: autoDraw = True
534.4804 	EXP 	fixation_3: autoDraw = True
534.4970 	EXP 	target_square_2: autoDraw = False
535.4804 	EXP 	fixation_3: autoDraw = False
535.4844 	EXP 	New trial (rep=0, index=76): {'square': 9, 'location': [0.2, -0.2], 'corrAns': None}
535.4849 	EXP 	window1: mouseVisible = False
535.4971 	EXP 	grid_lines_2: autoDraw = False
535.4971 	EXP 	target_square_2: autoDraw = False
535.4971 	EXP 	fixation_3: autoDraw = False
535.4971 	EXP 	target_square_2: pos = array([ 0.2, -0.2])
535.4971 	EXP 	grid_lines_2: autoDraw = True
535.4971 	EXP 	target_square_2: autoDraw = True
536.4804 	EXP 	fixation_3: autoDraw = True
536.4971 	EXP 	target_square_2: autoDraw = False
537.4804 	EXP 	fixation_3: autoDraw = False
537.4842 	EXP 	New trial (rep=0, index=77): {'square': 1, 'location': [-0.2, 0.2], 'corrAns': None}
537.4847 	EXP 	window1: mouseVisible = False
537.4971 	EXP 	grid_lines_2: autoDraw = False
537.4971 	EXP 	target_square_2: autoDraw = False
537.4971 	EXP 	fixation_3: autoDraw = False
537.4971 	EXP 	target_square_2: pos = array([-0.2,  0.2])
537.4971 	EXP 	grid_lines_2: autoDraw = True
537.4971 	EXP 	target_square_2: autoDraw = True
538.4804 	EXP 	fixation_3: autoDraw = True
538.4971 	EXP 	target_square_2: autoDraw = False
539.4804 	EXP 	fixation_3: autoDraw = False
539.4844 	EXP 	New trial (rep=0, index=78): {'square': 3, 'location': [0.2, 0.2], 'corrAns': None}
539.4848 	EXP 	window1: mouseVisible = False
539.4971 	EXP 	grid_lines_2: autoDraw = False
539.4971 	EXP 	target_square_2: autoDraw = False
539.4971 	EXP 	fixation_3: autoDraw = False
539.4971 	EXP 	target_square_2: pos = array([0.2, 0.2])
539.4971 	EXP 	grid_lines_2: autoDraw = True
539.4971 	EXP 	target_square_2: autoDraw = True
540.4804 	EXP 	fixation_3: autoDraw = True
540.4971 	EXP 	target_square_2: autoDraw = False
541.4804 	EXP 	fixation_3: autoDraw = False
541.4843 	EXP 	New trial (rep=0, index=79): {'square': 5, 'location': [0, 0], 'corrAns': None}
541.4847 	EXP 	window1: mouseVisible = False
541.4971 	EXP 	grid_lines_2: autoDraw = False
541.4971 	EXP 	target_square_2: autoDraw = False
541.4971 	EXP 	fixation_3: autoDraw = False
541.4971 	EXP 	target_square_2: pos = array([0., 0.])
541.4971 	EXP 	grid_lines_2: autoDraw = True
541.4971 	EXP 	target_square_2: autoDraw = True
542.4805 	EXP 	fixation_3: autoDraw = True
542.4971 	EXP 	target_square_2: autoDraw = False
543.4805 	EXP 	fixation_3: autoDraw = False
543.4843 	EXP 	New trial (rep=0, index=80): {'square': 3, 'location': [0.2, 0.2], 'corrAns': 1}
543.4849 	EXP 	window1: mouseVisible = False
543.4971 	EXP 	grid_lines_2: autoDraw = False
543.4971 	EXP 	target_square_2: autoDraw = False
543.4971 	EXP 	fixation_3: autoDraw = False
543.4971 	EXP 	target_square_2: pos = array([0.2, 0.2])
543.4971 	EXP 	grid_lines_2: autoDraw = True
543.4971 	EXP 	target_square_2: autoDraw = True
544.4805 	EXP 	fixation_3: autoDraw = True
544.4971 	EXP 	target_square_2: autoDraw = False
545.4805 	EXP 	fixation_3: autoDraw = False
545.4843 	EXP 	New trial (rep=0, index=81): {'square': 4, 'location': [-0.2, 0], 'corrAns': None}
545.4847 	EXP 	window1: mouseVisible = False
545.4971 	EXP 	grid_lines_2: autoDraw = False
545.4971 	EXP 	target_square_2: autoDraw = False
545.4971 	EXP 	fixation_3: autoDraw = False
545.4971 	EXP 	target_square_2: pos = array([-0.2,  0. ])
545.4971 	EXP 	grid_lines_2: autoDraw = True
545.4971 	EXP 	target_square_2: autoDraw = True
546.4805 	EXP 	fixation_3: autoDraw = True
546.4971 	EXP 	target_square_2: autoDraw = False
547.4805 	EXP 	fixation_3: autoDraw = False
547.4843 	EXP 	New trial (rep=0, index=82): {'square': 7, 'location': [-0.2, -0.2], 'corrAns': None}
547.4847 	EXP 	window1: mouseVisible = False
547.4971 	EXP 	grid_lines_2: autoDraw = False
547.4971 	EXP 	target_square_2: autoDraw = False
547.4971 	EXP 	fixation_3: autoDraw = False
547.4971 	EXP 	target_square_2: pos = array([-0.2, -0.2])
547.4971 	EXP 	grid_lines_2: autoDraw = True
547.4971 	EXP 	target_square_2: autoDraw = True
548.4805 	EXP 	fixation_3: autoDraw = True
548.4972 	EXP 	target_square_2: autoDraw = False
549.4805 	EXP 	fixation_3: autoDraw = False
549.4845 	EXP 	New trial (rep=0, index=83): {'square': 4, 'location': [-0.2, 0], 'corrAns': 1}
549.4849 	EXP 	window1: mouseVisible = False
549.4972 	EXP 	grid_lines_2: autoDraw = False
549.4972 	EXP 	target_square_2: autoDraw = False
549.4972 	EXP 	fixation_3: autoDraw = False
549.4972 	EXP 	target_square_2: pos = array([-0.2,  0. ])
549.4972 	EXP 	grid_lines_2: autoDraw = True
549.4972 	EXP 	target_square_2: autoDraw = True
550.4805 	EXP 	fixation_3: autoDraw = True
550.4971 	EXP 	target_square_2: autoDraw = False
550.7142 	DATA 	Mouse: Left button down, pos=(890,558)
550.9641 	DATA 	Mouse:  Left button up, pos=(890,558)
551.4805 	EXP 	fixation_3: autoDraw = False
551.4843 	EXP 	New trial (rep=0, index=84): {'square': 4, 'location': [-0.2, 0], 'corrAns': None}
551.4848 	EXP 	window1: mouseVisible = False
551.4972 	EXP 	grid_lines_2: autoDraw = False
551.4972 	EXP 	target_square_2: autoDraw = False
551.4972 	EXP 	fixation_3: autoDraw = False
551.4972 	EXP 	target_square_2: pos = array([-0.2,  0. ])
551.4972 	EXP 	grid_lines_2: autoDraw = True
551.4972 	EXP 	target_square_2: autoDraw = True
552.4805 	EXP 	fixation_3: autoDraw = True
552.4972 	EXP 	target_square_2: autoDraw = False
553.4805 	EXP 	fixation_3: autoDraw = False
553.4847 	EXP 	New trial (rep=0, index=85): {'square': 5, 'location': [0, 0], 'corrAns': None}
553.4851 	EXP 	window1: mouseVisible = False
553.4972 	EXP 	grid_lines_2: autoDraw = False
553.4972 	EXP 	target_square_2: autoDraw = False
553.4972 	EXP 	fixation_3: autoDraw = False
553.4972 	EXP 	target_square_2: pos = array([0., 0.])
553.4972 	EXP 	grid_lines_2: autoDraw = True
553.4972 	EXP 	target_square_2: autoDraw = True
554.4805 	EXP 	fixation_3: autoDraw = True
554.4972 	EXP 	target_square_2: autoDraw = False
555.4805 	EXP 	fixation_3: autoDraw = False
555.4844 	EXP 	New trial (rep=0, index=86): {'square': 2, 'location': [0, 0.2], 'corrAns': None}
555.4849 	EXP 	window1: mouseVisible = False
555.4972 	EXP 	grid_lines_2: autoDraw = False
555.4972 	EXP 	target_square_2: autoDraw = False
555.4972 	EXP 	fixation_3: autoDraw = False
555.4972 	EXP 	target_square_2: pos = array([0. , 0.2])
555.4972 	EXP 	grid_lines_2: autoDraw = True
555.4972 	EXP 	target_square_2: autoDraw = True
556.4806 	EXP 	fixation_3: autoDraw = True
556.4972 	EXP 	target_square_2: autoDraw = False
557.4806 	EXP 	fixation_3: autoDraw = False
557.4844 	EXP 	New trial (rep=0, index=87): {'square': 6, 'location': [0.2, 0], 'corrAns': None}
557.4849 	EXP 	window1: mouseVisible = False
557.4972 	EXP 	grid_lines_2: autoDraw = False
557.4972 	EXP 	target_square_2: autoDraw = False
557.4972 	EXP 	fixation_3: autoDraw = False
557.4972 	EXP 	target_square_2: pos = array([0.2, 0. ])
557.4972 	EXP 	grid_lines_2: autoDraw = True
557.4972 	EXP 	target_square_2: autoDraw = True
558.4806 	EXP 	fixation_3: autoDraw = True
558.4972 	EXP 	target_square_2: autoDraw = False
559.4806 	EXP 	fixation_3: autoDraw = False
559.4844 	EXP 	New trial (rep=0, index=88): {'square': 7, 'location': [-0.2, -0.2], 'corrAns': None}
559.4848 	EXP 	window1: mouseVisible = False
559.4968 	EXP 	grid_lines_2: autoDraw = False
559.4968 	EXP 	target_square_2: autoDraw = False
559.4968 	EXP 	fixation_3: autoDraw = False
559.4968 	EXP 	target_square_2: pos = array([-0.2, -0.2])
559.4968 	EXP 	grid_lines_2: autoDraw = True
559.4968 	EXP 	target_square_2: autoDraw = True
560.4806 	EXP 	fixation_3: autoDraw = True
560.4973 	EXP 	target_square_2: autoDraw = False
561.4806 	EXP 	fixation_3: autoDraw = False
561.4846 	EXP 	New trial (rep=0, index=89): {'square': 6, 'location': [0.2, 0], 'corrAns': 1}
561.4851 	EXP 	window1: mouseVisible = False
561.4973 	EXP 	grid_lines_2: autoDraw = False
561.4973 	EXP 	target_square_2: autoDraw = False
561.4973 	EXP 	fixation_3: autoDraw = False
561.4973 	EXP 	target_square_2: pos = array([0.2, 0. ])
561.4973 	EXP 	grid_lines_2: autoDraw = True
561.4973 	EXP 	target_square_2: autoDraw = True
562.0810 	DATA 	Mouse: Left button down, pos=(890,558)
562.4142 	DATA 	Mouse:  Left button up, pos=(890,558)
562.4806 	EXP 	fixation_3: autoDraw = True
562.4973 	EXP 	target_square_2: autoDraw = False
563.4806 	EXP 	fixation_3: autoDraw = False
563.4845 	EXP 	New trial (rep=0, index=90): {'square': 6, 'location': [0.2, 0], 'corrAns': None}
563.4850 	EXP 	window1: mouseVisible = False
563.4973 	EXP 	grid_lines_2: autoDraw = False
563.4973 	EXP 	target_square_2: autoDraw = False
563.4973 	EXP 	fixation_3: autoDraw = False
563.4973 	EXP 	target_square_2: pos = array([0.2, 0. ])
563.4973 	EXP 	grid_lines_2: autoDraw = True
563.4973 	EXP 	target_square_2: autoDraw = True
564.4806 	EXP 	fixation_3: autoDraw = True
564.4973 	EXP 	target_square_2: autoDraw = False
565.4806 	EXP 	fixation_3: autoDraw = False
565.4844 	EXP 	New trial (rep=0, index=91): {'square': 7, 'location': [-0.2, -0.2], 'corrAns': None}
565.4848 	EXP 	window1: mouseVisible = False
565.4973 	EXP 	grid_lines_2: autoDraw = False
565.4973 	EXP 	target_square_2: autoDraw = False
565.4973 	EXP 	fixation_3: autoDraw = False
565.4973 	EXP 	target_square_2: pos = array([-0.2, -0.2])
565.4973 	EXP 	grid_lines_2: autoDraw = True
565.4973 	EXP 	target_square_2: autoDraw = True
566.4806 	EXP 	fixation_3: autoDraw = True
566.4973 	EXP 	target_square_2: autoDraw = False
567.4806 	EXP 	fixation_3: autoDraw = False
567.4844 	EXP 	New trial (rep=0, index=92): {'square': 6, 'location': [0.2, 0], 'corrAns': 1}
567.4849 	EXP 	window1: mouseVisible = False
567.4973 	EXP 	grid_lines_2: autoDraw = False
567.4973 	EXP 	target_square_2: autoDraw = False
567.4973 	EXP 	fixation_3: autoDraw = False
567.4973 	EXP 	target_square_2: pos = array([0.2, 0. ])
567.4973 	EXP 	grid_lines_2: autoDraw = True
567.4973 	EXP 	target_square_2: autoDraw = True
568.0310 	DATA 	Mouse: Left button down, pos=(890,558)
568.3809 	DATA 	Mouse:  Left button up, pos=(890,558)
568.4807 	EXP 	fixation_3: autoDraw = True
568.4973 	EXP 	target_square_2: autoDraw = False
569.4806 	EXP 	fixation_3: autoDraw = False
569.4844 	EXP 	New trial (rep=0, index=93): {'square': 2, 'location': [0, 0.2], 'corrAns': None}
569.4849 	EXP 	window1: mouseVisible = False
569.4973 	EXP 	grid_lines_2: autoDraw = False
569.4973 	EXP 	target_square_2: autoDraw = False
569.4973 	EXP 	fixation_3: autoDraw = False
569.4973 	EXP 	target_square_2: pos = array([0. , 0.2])
569.4973 	EXP 	grid_lines_2: autoDraw = True
569.4973 	EXP 	target_square_2: autoDraw = True
570.4807 	EXP 	fixation_3: autoDraw = True
570.4973 	EXP 	target_square_2: autoDraw = False
571.4807 	EXP 	fixation_3: autoDraw = False
571.4845 	EXP 	New trial (rep=0, index=94): {'square': 5, 'location': [0, 0], 'corrAns': None}
571.4849 	EXP 	window1: mouseVisible = False
571.4973 	EXP 	grid_lines_2: autoDraw = False
571.4973 	EXP 	target_square_2: autoDraw = False
571.4973 	EXP 	fixation_3: autoDraw = False
571.4973 	EXP 	target_square_2: pos = array([0., 0.])
571.4973 	EXP 	grid_lines_2: autoDraw = True
571.4973 	EXP 	target_square_2: autoDraw = True
572.4807 	EXP 	fixation_3: autoDraw = True
572.4973 	EXP 	target_square_2: autoDraw = False
573.4807 	EXP 	fixation_3: autoDraw = False
573.4847 	EXP 	New trial (rep=0, index=95): {'square': 4, 'location': [-0.2, 0], 'corrAns': None}
573.4852 	EXP 	window1: mouseVisible = False
573.4974 	EXP 	grid_lines_2: autoDraw = False
573.4974 	EXP 	target_square_2: autoDraw = False
573.4974 	EXP 	fixation_3: autoDraw = False
573.4974 	EXP 	target_square_2: pos = array([-0.2,  0. ])
573.4974 	EXP 	grid_lines_2: autoDraw = True
573.4974 	EXP 	target_square_2: autoDraw = True
574.1144 	DATA 	Mouse: Left button down, pos=(890,558)
574.4310 	DATA 	Mouse:  Left button up, pos=(890,558)
574.4807 	EXP 	fixation_3: autoDraw = True
574.4974 	EXP 	target_square_2: autoDraw = False
575.4808 	EXP 	fixation_3: autoDraw = False
575.4847 	EXP 	New trial (rep=0, index=96): {'square': 4, 'location': [-0.2, 0], 'corrAns': None}
575.4851 	EXP 	window1: mouseVisible = False
575.4974 	EXP 	grid_lines_2: autoDraw = False
575.4974 	EXP 	target_square_2: autoDraw = False
575.4974 	EXP 	fixation_3: autoDraw = False
575.4974 	EXP 	target_square_2: pos = array([-0.2,  0. ])
575.4974 	EXP 	grid_lines_2: autoDraw = True
575.4974 	EXP 	target_square_2: autoDraw = True
576.4807 	EXP 	fixation_3: autoDraw = True
576.4974 	EXP 	target_square_2: autoDraw = False
577.4807 	EXP 	fixation_3: autoDraw = False
577.4845 	EXP 	New trial (rep=0, index=97): {'square': 7, 'location': [-0.2, -0.2], 'corrAns': None}
577.4850 	EXP 	window1: mouseVisible = False
577.4974 	EXP 	grid_lines_2: autoDraw = False
577.4974 	EXP 	target_square_2: autoDraw = False
577.4974 	EXP 	fixation_3: autoDraw = False
577.4974 	EXP 	target_square_2: pos = array([-0.2, -0.2])
577.4974 	EXP 	grid_lines_2: autoDraw = True
577.4974 	EXP 	target_square_2: autoDraw = True
578.4807 	EXP 	fixation_3: autoDraw = True
578.4974 	EXP 	target_square_2: autoDraw = False
579.4807 	EXP 	fixation_3: autoDraw = False
579.4846 	EXP 	New trial (rep=0, index=98): {'square': 4, 'location': [-0.2, 0], 'corrAns': 1}
579.4850 	EXP 	window1: mouseVisible = False
579.4974 	EXP 	grid_lines_2: autoDraw = False
579.4974 	EXP 	target_square_2: autoDraw = False
579.4974 	EXP 	fixation_3: autoDraw = False
579.4974 	EXP 	target_square_2: pos = array([-0.2,  0. ])
579.4974 	EXP 	grid_lines_2: autoDraw = True
579.4974 	EXP 	target_square_2: autoDraw = True
579.8644 	DATA 	Mouse: Left button down, pos=(890,558)
580.1977 	DATA 	Mouse:  Left button up, pos=(890,558)
580.4807 	EXP 	fixation_3: autoDraw = True
580.4974 	EXP 	target_square_2: autoDraw = False
581.4807 	EXP 	fixation_3: autoDraw = False
581.4845 	EXP 	New trial (rep=0, index=99): {'square': 3, 'location': [0.2, 0.2], 'corrAns': None}
581.4850 	EXP 	window1: mouseVisible = False
581.4974 	EXP 	grid_lines_2: autoDraw = False
581.4974 	EXP 	target_square_2: autoDraw = False
581.4974 	EXP 	fixation_3: autoDraw = False
581.4974 	EXP 	target_square_2: pos = array([0.2, 0.2])
581.4974 	EXP 	grid_lines_2: autoDraw = True
581.4974 	EXP 	target_square_2: autoDraw = True
582.4807 	EXP 	fixation_3: autoDraw = True
582.4974 	EXP 	target_square_2: autoDraw = False
583.4808 	EXP 	fixation_3: autoDraw = False
583.4848 	EXP 	New trial (rep=0, index=100): {'square': 5, 'location': [0, 0], 'corrAns': None}
583.4852 	EXP 	window1: mouseVisible = False
583.4974 	EXP 	grid_lines_2: autoDraw = False
583.4974 	EXP 	target_square_2: autoDraw = False
583.4974 	EXP 	fixation_3: autoDraw = False
583.4974 	EXP 	target_square_2: pos = array([0., 0.])
583.4974 	EXP 	grid_lines_2: autoDraw = True
583.4974 	EXP 	target_square_2: autoDraw = True
584.4808 	EXP 	fixation_3: autoDraw = True
584.4975 	EXP 	target_square_2: autoDraw = False
585.4808 	EXP 	fixation_3: autoDraw = False
585.4848 	EXP 	New trial (rep=0, index=101): {'square': 3, 'location': [0.2, 0.2], 'corrAns': 1}
585.4852 	EXP 	window1: mouseVisible = False
585.4974 	EXP 	grid_lines_2: autoDraw = False
585.4974 	EXP 	target_square_2: autoDraw = False
585.4974 	EXP 	fixation_3: autoDraw = False
585.4974 	EXP 	target_square_2: pos = array([0.2, 0.2])
585.4974 	EXP 	grid_lines_2: autoDraw = True
585.4974 	EXP 	target_square_2: autoDraw = True
585.8478 	DATA 	Mouse: Left button down, pos=(890,558)
586.1478 	DATA 	Mouse:  Left button up, pos=(890,558)
586.4808 	EXP 	fixation_3: autoDraw = True
586.4975 	EXP 	target_square_2: autoDraw = False
587.4808 	EXP 	fixation_3: autoDraw = False
587.4848 	EXP 	New trial (rep=0, index=102): {'square': 1, 'location': [-0.2, 0.2], 'corrAns': None}
587.4852 	EXP 	window1: mouseVisible = False
587.4975 	EXP 	grid_lines_2: autoDraw = False
587.4975 	EXP 	target_square_2: autoDraw = False
587.4975 	EXP 	fixation_3: autoDraw = False
587.4975 	EXP 	target_square_2: pos = array([-0.2,  0.2])
587.4975 	EXP 	grid_lines_2: autoDraw = True
587.4975 	EXP 	target_square_2: autoDraw = True
588.4808 	EXP 	fixation_3: autoDraw = True
588.4975 	EXP 	target_square_2: autoDraw = False
589.4808 	EXP 	fixation_3: autoDraw = False
589.4846 	EXP 	New trial (rep=0, index=103): {'square': 9, 'location': [0.2, -0.2], 'corrAns': None}
589.4851 	EXP 	window1: mouseVisible = False
589.4974 	EXP 	grid_lines_2: autoDraw = False
589.4974 	EXP 	target_square_2: autoDraw = False
589.4974 	EXP 	fixation_3: autoDraw = False
589.4974 	EXP 	target_square_2: pos = array([ 0.2, -0.2])
589.4974 	EXP 	grid_lines_2: autoDraw = True
589.4974 	EXP 	target_square_2: autoDraw = True
590.4808 	EXP 	fixation_3: autoDraw = True
590.4975 	EXP 	target_square_2: autoDraw = False
591.4809 	EXP 	fixation_3: autoDraw = False
591.4850 	EXP 	New trial (rep=0, index=104): {'square': 9, 'location': [0.2, -0.2], 'corrAns': None}
591.4855 	EXP 	window1: mouseVisible = False
591.4975 	EXP 	grid_lines_2: autoDraw = False
591.4975 	EXP 	target_square_2: autoDraw = False
591.4975 	EXP 	fixation_3: autoDraw = False
591.4975 	EXP 	target_square_2: pos = array([ 0.2, -0.2])
591.4975 	EXP 	grid_lines_2: autoDraw = True
591.4975 	EXP 	target_square_2: autoDraw = True
592.4645 	DATA 	Mouse: Left button down, pos=(890,558)
592.4808 	EXP 	fixation_3: autoDraw = True
592.4975 	EXP 	target_square_2: autoDraw = False
592.8311 	DATA 	Mouse:  Left button up, pos=(890,558)
593.4809 	EXP 	fixation_3: autoDraw = False
593.4848 	EXP 	New trial (rep=0, index=105): {'square': 8, 'location': [0, -0.2], 'corrAns': None}
593.4853 	EXP 	window1: mouseVisible = False
593.4975 	EXP 	grid_lines_2: autoDraw = False
593.4975 	EXP 	target_square_2: autoDraw = False
593.4975 	EXP 	fixation_3: autoDraw = False
593.4975 	EXP 	target_square_2: pos = array([ 0. , -0.2])
593.4975 	EXP 	grid_lines_2: autoDraw = True
593.4975 	EXP 	target_square_2: autoDraw = True
594.4808 	EXP 	fixation_3: autoDraw = True
594.4975 	EXP 	target_square_2: autoDraw = False
595.4809 	EXP 	fixation_3: autoDraw = False
595.4846 	EXP 	New trial (rep=0, index=106): {'square': 6, 'location': [0.2, 0], 'corrAns': None}
595.4851 	EXP 	window1: mouseVisible = False
595.4975 	EXP 	grid_lines_2: autoDraw = False
595.4975 	EXP 	target_square_2: autoDraw = False
595.4975 	EXP 	fixation_3: autoDraw = False
595.4975 	EXP 	target_square_2: pos = array([0.2, 0. ])
595.4975 	EXP 	grid_lines_2: autoDraw = True
595.4975 	EXP 	target_square_2: autoDraw = True
596.4809 	EXP 	fixation_3: autoDraw = True
596.4975 	EXP 	target_square_2: autoDraw = False
597.4809 	EXP 	fixation_3: autoDraw = False
597.4847 	EXP 	New trial (rep=0, index=107): {'square': 3, 'location': [0.2, 0.2], 'corrAns': None}
597.4852 	EXP 	window1: mouseVisible = False
597.4975 	EXP 	grid_lines_2: autoDraw = False
597.4975 	EXP 	target_square_2: autoDraw = False
597.4975 	EXP 	fixation_3: autoDraw = False
597.4975 	EXP 	target_square_2: pos = array([0.2, 0.2])
597.4975 	EXP 	grid_lines_2: autoDraw = True
597.4975 	EXP 	target_square_2: autoDraw = True
598.4809 	EXP 	fixation_3: autoDraw = True
598.4976 	EXP 	target_square_2: autoDraw = False
599.4809 	EXP 	fixation_3: autoDraw = False
599.4848 	EXP 	New trial (rep=0, index=108): {'square': 6, 'location': [0.2, 0], 'corrAns': 1}
599.4853 	EXP 	window1: mouseVisible = False
599.4976 	EXP 	grid_lines_2: autoDraw = False
599.4976 	EXP 	target_square_2: autoDraw = False
599.4976 	EXP 	fixation_3: autoDraw = False
599.4976 	EXP 	target_square_2: pos = array([0.2, 0. ])
599.4976 	EXP 	grid_lines_2: autoDraw = True
599.4976 	EXP 	target_square_2: autoDraw = True
600.4809 	EXP 	fixation_3: autoDraw = True
600.4976 	EXP 	target_square_2: autoDraw = False
601.4809 	EXP 	fixation_3: autoDraw = False
601.4848 	EXP 	New trial (rep=0, index=109): {'square': 5, 'location': [0, 0], 'corrAns': None}
601.4852 	EXP 	window1: mouseVisible = False
601.4976 	EXP 	grid_lines_2: autoDraw = False
601.4976 	EXP 	target_square_2: autoDraw = False
601.4976 	EXP 	fixation_3: autoDraw = False
601.4976 	EXP 	target_square_2: pos = array([0., 0.])
601.4976 	EXP 	grid_lines_2: autoDraw = True
601.4976 	EXP 	target_square_2: autoDraw = True
602.4809 	EXP 	fixation_3: autoDraw = True
602.4976 	EXP 	target_square_2: autoDraw = False
603.4809 	EXP 	fixation_3: autoDraw = False
603.4849 	EXP 	New trial (rep=0, index=110): {'square': 7, 'location': [-0.2, -0.2], 'corrAns': None}
603.4854 	EXP 	window1: mouseVisible = False
603.4976 	EXP 	grid_lines_2: autoDraw = False
603.4976 	EXP 	target_square_2: autoDraw = False
603.4976 	EXP 	fixation_3: autoDraw = False
603.4976 	EXP 	target_square_2: pos = array([-0.2, -0.2])
603.4976 	EXP 	grid_lines_2: autoDraw = True
603.4976 	EXP 	target_square_2: autoDraw = True
604.4809 	EXP 	fixation_3: autoDraw = True
604.4976 	EXP 	target_square_2: autoDraw = False
605.4810 	EXP 	fixation_3: autoDraw = False
605.4849 	EXP 	New trial (rep=0, index=111): {'square': 5, 'location': [0, 0], 'corrAns': 1}
605.4853 	EXP 	window1: mouseVisible = False
605.4976 	EXP 	grid_lines_2: autoDraw = False
605.4976 	EXP 	target_square_2: autoDraw = False
605.4976 	EXP 	fixation_3: autoDraw = False
605.4976 	EXP 	target_square_2: pos = array([0., 0.])
605.4976 	EXP 	grid_lines_2: autoDraw = True
605.4976 	EXP 	target_square_2: autoDraw = True
606.4809 	EXP 	fixation_3: autoDraw = True
606.4976 	EXP 	target_square_2: autoDraw = False
607.4809 	EXP 	fixation_3: autoDraw = False
607.4848 	EXP 	New trial (rep=0, index=112): {'square': 1, 'location': [-0.2, 0.2], 'corrAns': None}
607.4852 	EXP 	window1: mouseVisible = False
607.4976 	EXP 	grid_lines_2: autoDraw = False
607.4976 	EXP 	target_square_2: autoDraw = False
607.4976 	EXP 	fixation_3: autoDraw = False
607.4976 	EXP 	target_square_2: pos = array([-0.2,  0.2])
607.4976 	EXP 	grid_lines_2: autoDraw = True
607.4976 	EXP 	target_square_2: autoDraw = True
608.4809 	EXP 	fixation_3: autoDraw = True
608.4977 	EXP 	target_square_2: autoDraw = False
609.4810 	EXP 	fixation_3: autoDraw = False
609.4848 	EXP 	New trial (rep=0, index=113): {'square': 7, 'location': [-0.2, -0.2], 'corrAns': None}
609.4853 	EXP 	window1: mouseVisible = False
609.4976 	EXP 	grid_lines_2: autoDraw = False
609.4976 	EXP 	target_square_2: autoDraw = False
609.4976 	EXP 	fixation_3: autoDraw = False
609.4976 	EXP 	target_square_2: pos = array([-0.2, -0.2])
609.4976 	EXP 	grid_lines_2: autoDraw = True
609.4976 	EXP 	target_square_2: autoDraw = True
610.4810 	EXP 	fixation_3: autoDraw = True
610.4976 	EXP 	target_square_2: autoDraw = False
611.4809 	EXP 	fixation_3: autoDraw = False
611.4847 	EXP 	New trial (rep=0, index=114): {'square': 9, 'location': [0.2, -0.2], 'corrAns': None}
611.4852 	EXP 	window1: mouseVisible = False
611.4977 	EXP 	grid_lines_2: autoDraw = False
611.4977 	EXP 	target_square_2: autoDraw = False
611.4977 	EXP 	fixation_3: autoDraw = False
611.4977 	EXP 	target_square_2: pos = array([ 0.2, -0.2])
611.4977 	EXP 	grid_lines_2: autoDraw = True
611.4977 	EXP 	target_square_2: autoDraw = True
612.4810 	EXP 	fixation_3: autoDraw = True
612.4977 	EXP 	target_square_2: autoDraw = False
613.4810 	EXP 	fixation_3: autoDraw = False
613.4849 	EXP 	New trial (rep=0, index=115): {'square': 3, 'location': [0.2, 0.2], 'corrAns': None}
613.4855 	EXP 	window1: mouseVisible = False
613.4977 	EXP 	grid_lines_2: autoDraw = False
613.4977 	EXP 	target_square_2: autoDraw = False
613.4977 	EXP 	fixation_3: autoDraw = False
613.4977 	EXP 	target_square_2: pos = array([0.2, 0.2])
613.4977 	EXP 	grid_lines_2: autoDraw = True
613.4977 	EXP 	target_square_2: autoDraw = True
614.4810 	EXP 	fixation_3: autoDraw = True
614.4977 	EXP 	target_square_2: autoDraw = False
615.4810 	EXP 	fixation_3: autoDraw = False
615.4850 	EXP 	New trial (rep=0, index=116): {'square': 9, 'location': [0.2, -0.2], 'corrAns': 1}
615.4855 	EXP 	window1: mouseVisible = False
615.4977 	EXP 	grid_lines_2: autoDraw = False
615.4977 	EXP 	target_square_2: autoDraw = False
615.4977 	EXP 	fixation_3: autoDraw = False
615.4977 	EXP 	target_square_2: pos = array([ 0.2, -0.2])
615.4977 	EXP 	grid_lines_2: autoDraw = True
615.4977 	EXP 	target_square_2: autoDraw = True
616.4810 	EXP 	fixation_3: autoDraw = True
616.4977 	EXP 	target_square_2: autoDraw = False
617.4810 	EXP 	fixation_3: autoDraw = False
617.4850 	EXP 	New trial (rep=0, index=117): {'square': 6, 'location': [0.2, 0], 'corrAns': None}
617.4854 	EXP 	window1: mouseVisible = False
617.4977 	EXP 	grid_lines_2: autoDraw = False
617.4977 	EXP 	target_square_2: autoDraw = False
617.4977 	EXP 	fixation_3: autoDraw = False
617.4977 	EXP 	target_square_2: pos = array([0.2, 0. ])
617.4977 	EXP 	grid_lines_2: autoDraw = True
617.4977 	EXP 	target_square_2: autoDraw = True
618.4810 	EXP 	fixation_3: autoDraw = True
618.4977 	EXP 	target_square_2: autoDraw = False
619.4810 	EXP 	fixation_3: autoDraw = False
619.4849 	EXP 	New trial (rep=0, index=118): {'square': 2, 'location': [0, 0.2], 'corrAns': None}
619.4853 	EXP 	window1: mouseVisible = False
619.4977 	EXP 	grid_lines_2: autoDraw = False
619.4977 	EXP 	target_square_2: autoDraw = False
619.4977 	EXP 	fixation_3: autoDraw = False
619.4977 	EXP 	target_square_2: pos = array([0. , 0.2])
619.4977 	EXP 	grid_lines_2: autoDraw = True
619.4977 	EXP 	target_square_2: autoDraw = True
620.4810 	EXP 	fixation_3: autoDraw = True
620.4977 	EXP 	target_square_2: autoDraw = False
621.4811 	EXP 	fixation_3: autoDraw = False
621.4851 	EXP 	New trial (rep=0, index=119): {'square': 5, 'location': [0, 0], 'corrAns': None}
621.4855 	EXP 	window1: mouseVisible = False
621.4978 	EXP 	grid_lines_2: autoDraw = False
621.4978 	EXP 	target_square_2: autoDraw = False
621.4978 	EXP 	fixation_3: autoDraw = False
621.4978 	EXP 	target_square_2: pos = array([0., 0.])
621.4978 	EXP 	grid_lines_2: autoDraw = True
621.4978 	EXP 	target_square_2: autoDraw = True
622.4810 	EXP 	fixation_3: autoDraw = True
622.4977 	EXP 	target_square_2: autoDraw = False
623.4811 	EXP 	fixation_3: autoDraw = False
623.4976 	EXP 	Created unnamed TextStim = TextStim(__class__=<class 'psychopy.visual.text.TextStim'>, alignHoriz=method-wrapper(...), alignText='center', alignVert=method-wrapper(...), anchorHoriz='center', anchorVert='center', antialias=True, autoLog=True, bold=False, color=array([1., 1., 1.]), colorSpace='rgb', contrast=1.0, depth=0, flipHoriz=False, flipVert=False, font='', fontFiles=[], height=0.05, italic=False, languageStyle='LTR', name='unnamed TextStim', opacity=1.0, ori=0.0, pos=array([0., 0.]), rgb=UNKNOWN, text=str(...), units='height', win=Window(...), wrapWidth=1)
623.5144 	EXP 	grid_lines_2: autoDraw = False
623.5144 	EXP 	target_square_2: autoDraw = False
623.5144 	EXP 	fixation_3: autoDraw = False
655.7574 	DATA 	Keypress: e
655.8549 	EXP 	Created unnamed TextStim = TextStim(__class__=<class 'psychopy.visual.text.TextStim'>, alignHoriz=method-wrapper(...), alignText='center', alignVert=method-wrapper(...), anchorHoriz='center', anchorVert='center', antialias=True, autoLog=True, bold=False, color=array([1., 1., 1.]), colorSpace='rgb', contrast=1.0, depth=0, flipHoriz=False, flipVert=False, font='', fontFiles=[], height=0.05, italic=False, languageStyle='LTR', name='unnamed TextStim', opacity=1.0, ori=0.0, pos=array([0., 0.]), rgb=UNKNOWN, text=str(...), units='height', win=Window(...), wrapWidth=1)
655.9283 	EXP 	window1: mouseVisible = True
