33.9880 	EXP 	Created Begin = TextStim(__class__=<class 'psychopy.visual.text.TextStim'>, alignHoriz=method-wrapper(...), alignText='center', alignVert=method-wrapper(...), anchorHoriz='center', anchorVert='center', antialias=True, autoLog=True, bold=False, color='white', colorSpace='named', contrast=1.0, depth=0.0, flipHoriz=False, flipVert=False, font='Arial', fontFiles=[], height=0.05, italic=False, languageStyle='LTR', name='Begin', opacity=1.0, ori=0, pos=array([0., 0.]), rgb=array([255., 255., 255.]), text=str(...), units='height', win=Window(...), wrapWidth=1)
34.2107 	EXP 	Created movie = MovieStim3(__class__=<class 'psychopy.visual.movie3.MovieStim3'>, autoLog=True, color=UNKNOWN, colorSpace=UNKNOWN, depth=-1.0, filename=str(...), flipHoriz=False, flipVert=False, fps=UNKNOWN, interpolate=True, loop=False, name='movie', noAudio=False, opacity=1.0, ori=method-wrapper(...), pos=array([0., 0.]), size=method-wrapper(...), units='pix', vframe_callback=UNKNOWN, volume=UNKNOWN, win=Window(...))
44.5361 	EXP 	Created movie = MovieStim3(__class__=<class 'psychopy.visual.movie3.MovieStim3'>, autoLog=True, color=UNKNOWN, colorSpace=UNKNOWN, depth=-1.0, filename=str(...), flipHoriz=False, flipVert=False, fps=UNKNOWN, interpolate=True, loop=False, name='movie', noAudio=False, opacity=1.0, ori=method-wrapper(...), pos=array([0., 0.]), size=method-wrapper(...), units='pix', vframe_callback=UNKNOWN, volume=UNKNOWN, win=Window(...))
47.0571 	EXP 	Created unnamed TextStim = TextStim(__class__=<class 'psychopy.visual.text.TextStim'>, alignHoriz=method-wrapper(...), alignText='center', alignVert=method-wrapper(...), anchorHoriz='center', anchorVert='center', antialias=True, autoLog=True, bold=False, color=array([1., 1., 1.]), colorSpace='rgb', contrast=1.0, depth=0, flipHoriz=False, flipVert=False, font='', fontFiles=[], height=0.3, italic=False, languageStyle='LTR', name='unnamed TextStim', opacity=1.0, ori=0.0, pos=array([0., 0.]), rgb=array([1., 1., 1.]), text='+', units='height', win=Window(...), wrapWidth=1)
47.0574 	EXP 	window1: mouseVisible = False
47.1542 	EXP 	movie: autoLog = True
47.1542 	EXP 	movie: movie = 'C:\\Users\\Dartmouth\\Documents\\GitHub\\canlab\\WASABI_public\\fMRI Tasks\\N-Of-Few\\WASABI hyperalignment\\stimuli\\videos\\kungfury.mp4'
47.1542 	EXP 	movie: size = array([1920., 1080.])
47.1542 	EXP 	movie: ori = 0
47.1542 	EXP 	movie: autoLog = True
47.1542 	EXP 	movie: movie = 'C:\\Users\\Dartmouth\\Documents\\GitHub\\canlab\\WASABI_public\\fMRI Tasks\\N-Of-Few\\WASABI hyperalignment\\stimuli\\videos\\01_Inscapes_NoScannerSound_h264.wmv'
47.1542 	EXP 	movie: size = array([1024.,  800.])
47.1542 	EXP 	movie: ori = 0
47.1542 	EXP 	Begin: autoDraw = True
160.3551 	DATA 	Keypress: 5
167.5722 	DATA 	Keypress: 5
184.4380 	DATA 	Keypress: 5
191.6550 	DATA 	Keypress: 5
226.8551 	DATA 	Keypress: space
226.8727 	EXP 	Created sequence: sequential, trialTypes=1, nReps=1, seed=None
227.5762 	EXP 	Created unnamed TextStim = TextStim(__class__=<class 'psychopy.visual.text.TextStim'>, alignHoriz=method-wrapper(...), alignText='center', alignVert=method-wrapper(...), anchorHoriz='center', anchorVert='center', antialias=True, autoLog=True, bold=False, color=array([-0.5, -0.5, -0.5]), colorSpace='rgb', contrast=1.0, depth=0, flipHoriz=False, flipVert=False, font='', fontFiles=[], height=0.05, italic=False, languageStyle='LTR', name='unnamed TextStim', opacity=1.0, ori=0.0, pos=array([0., 0.]), rgb=array([-0.5, -0.5, -0.5]), text=str(...), units='height', win=Window(...), wrapWidth=1)
227.5843 	EXP 	Begin: autoDraw = False
230.5906 	DATA 	Keypress: s
243.2537 	DATA 	Keypress: 5
245.8142 	DATA 	Keypress: 5
245.8146 	DATA 	Keypress: 5
245.8150 	DATA 	Keypress: 5
245.8153 	DATA 	Keypress: 5
245.8156 	DATA 	Keypress: 5
246.0136 	DATA 	Keypress: 5
246.0344 	EXP 	unnamed TextStim: autoDraw = True
246.4873 	DATA 	Keypress: 5
246.9375 	DATA 	Keypress: 5
247.4032 	DATA 	Keypress: 5
247.8704 	DATA 	Keypress: 5
248.3205 	DATA 	Keypress: 5
248.7872 	DATA 	Keypress: 5
249.2372 	DATA 	Keypress: 5
249.7032 	DATA 	Keypress: 5
250.1703 	DATA 	Keypress: 5
250.6203 	DATA 	Keypress: 5
251.0872 	DATA 	Keypress: 5
251.5375 	DATA 	Keypress: 5
252.0032 	DATA 	Keypress: 5
252.4703 	DATA 	Keypress: 5
252.9203 	DATA 	Keypress: 5
253.3872 	DATA 	Keypress: 5
253.8372 	DATA 	Keypress: 5
254.3032 	DATA 	Keypress: 5
254.7704 	DATA 	Keypress: 5
255.2202 	DATA 	Keypress: 5
255.6873 	DATA 	Keypress: 5
256.1373 	DATA 	Keypress: 5
256.6034 	DATA 	Keypress: 5
257.0704 	DATA 	Keypress: 5
257.5202 	DATA 	Keypress: 5
257.9872 	DATA 	Keypress: 5
258.4372 	DATA 	Keypress: 5
258.9034 	DATA 	Keypress: 5
259.3706 	DATA 	Keypress: 5
259.8203 	DATA 	Keypress: 5
260.2872 	DATA 	Keypress: 5
260.7375 	DATA 	Keypress: 5
261.2034 	DATA 	Keypress: 5
261.6702 	DATA 	Keypress: 5
262.1205 	DATA 	Keypress: 5
262.5873 	DATA 	Keypress: 5
263.0372 	DATA 	Keypress: 5
263.5033 	DATA 	Keypress: 5
263.9702 	DATA 	Keypress: 5
264.4204 	DATA 	Keypress: 5
264.8875 	DATA 	Keypress: 5
265.3375 	DATA 	Keypress: 5
265.8033 	DATA 	Keypress: 5
266.2702 	DATA 	Keypress: 5
266.7204 	DATA 	Keypress: 5
267.1873 	DATA 	Keypress: 5
267.6372 	DATA 	Keypress: 5
268.1033 	DATA 	Keypress: 5
268.5703 	DATA 	Keypress: 5
269.0202 	DATA 	Keypress: 5
269.4872 	DATA 	Keypress: 5
269.9372 	DATA 	Keypress: 5
270.4032 	DATA 	Keypress: 5
270.8543 	DATA 	Keypress: 5
271.3202 	DATA 	Keypress: 5
271.7874 	DATA 	Keypress: 5
272.2374 	DATA 	Keypress: 5
272.7043 	DATA 	Keypress: 5
273.1542 	DATA 	Keypress: 5
273.6205 	DATA 	Keypress: 5
274.0873 	DATA 	Keypress: 5
274.5372 	DATA 	Keypress: 5
275.0042 	DATA 	Keypress: 5
275.4543 	DATA 	Keypress: 5
275.9202 	DATA 	Keypress: 5
276.3872 	DATA 	Keypress: 5
276.8372 	DATA 	Keypress: 5
277.3042 	DATA 	Keypress: 5
277.7542 	DATA 	Keypress: 5
278.2202 	DATA 	Keypress: 5
278.6875 	DATA 	Keypress: 5
279.1373 	DATA 	Keypress: 5
279.6044 	DATA 	Keypress: 5
280.0543 	DATA 	Keypress: 5
280.5202 	DATA 	Keypress: 5
280.9873 	DATA 	Keypress: 5
281.4373 	DATA 	Keypress: 5
281.9042 	DATA 	Keypress: 5
282.3542 	DATA 	Keypress: 5
282.8205 	DATA 	Keypress: 5
283.2872 	DATA 	Keypress: 5
283.7372 	DATA 	Keypress: 5
284.2042 	DATA 	Keypress: 5
284.6542 	DATA 	Keypress: 5
285.1202 	DATA 	Keypress: 5
285.5874 	DATA 	Keypress: 5
286.0373 	DATA 	Keypress: 5
286.5042 	DATA 	Keypress: 5
286.9542 	DATA 	Keypress: 5
287.4203 	DATA 	Keypress: 5
287.8872 	DATA 	Keypress: 5
288.3374 	DATA 	Keypress: 5
288.8042 	DATA 	Keypress: 5
289.2544 	DATA 	Keypress: 5
289.7202 	DATA 	Keypress: 5
290.1873 	DATA 	Keypress: 5
290.6373 	DATA 	Keypress: 5
291.1042 	DATA 	Keypress: 5
291.5702 	DATA 	Keypress: 5
292.0203 	DATA 	Keypress: 5
292.4874 	DATA 	Keypress: 5
292.9375 	DATA 	Keypress: 5
293.4042 	DATA 	Keypress: 5
293.8703 	DATA 	Keypress: 5
294.3204 	DATA 	Keypress: 5
294.7877 	DATA 	Keypress: 5
295.2373 	DATA 	Keypress: 5
295.7042 	DATA 	Keypress: 5
296.1704 	DATA 	Keypress: 5
296.6204 	DATA 	Keypress: 5
297.0875 	DATA 	Keypress: 5
297.5372 	DATA 	Keypress: 5
298.0043 	DATA 	Keypress: 5
298.4706 	DATA 	Keypress: 5
298.9202 	DATA 	Keypress: 5
299.3873 	DATA 	Keypress: 5
299.8372 	DATA 	Keypress: 5
300.3044 	DATA 	Keypress: 5
300.7704 	DATA 	Keypress: 5
301.2203 	DATA 	Keypress: 5
301.6875 	DATA 	Keypress: 5
302.1373 	DATA 	Keypress: 5
302.6043 	DATA 	Keypress: 5
303.0702 	DATA 	Keypress: 5
303.5203 	DATA 	Keypress: 5
303.9872 	DATA 	Keypress: 5
304.4374 	DATA 	Keypress: 5
304.9043 	DATA 	Keypress: 5
305.3702 	DATA 	Keypress: 5
305.8205 	DATA 	Keypress: 5
306.2872 	DATA 	Keypress: 5
306.7375 	DATA 	Keypress: 5
307.2043 	DATA 	Keypress: 5
307.6712 	DATA 	Keypress: 5
308.1213 	DATA 	Keypress: 5
308.5873 	DATA 	Keypress: 5
309.0372 	DATA 	Keypress: 5
309.5043 	DATA 	Keypress: 5
309.9713 	DATA 	Keypress: 5
310.4212 	DATA 	Keypress: 5
310.8873 	DATA 	Keypress: 5
311.3373 	DATA 	Keypress: 5
311.8043 	DATA 	Keypress: 5
312.2712 	DATA 	Keypress: 5
312.7214 	DATA 	Keypress: 5
313.1875 	DATA 	Keypress: 5
313.6376 	DATA 	Keypress: 5
314.1043 	DATA 	Keypress: 5
314.5714 	DATA 	Keypress: 5
315.0215 	DATA 	Keypress: 5
315.4874 	DATA 	Keypress: 5
315.9372 	DATA 	Keypress: 5
316.4046 	DATA 	Keypress: 5
316.8714 	DATA 	Keypress: 5
317.3213 	DATA 	Keypress: 5
317.7872 	DATA 	Keypress: 5
318.2372 	DATA 	Keypress: 5
318.7046 	DATA 	Keypress: 5
319.1713 	DATA 	Keypress: 5
319.6212 	DATA 	Keypress: 5
320.0874 	DATA 	Keypress: 5
320.5373 	DATA 	Keypress: 5
321.0043 	DATA 	Keypress: 5
321.4714 	DATA 	Keypress: 5
321.9212 	DATA 	Keypress: 5
322.3873 	DATA 	Keypress: 5
322.8376 	DATA 	Keypress: 5
323.3044 	DATA 	Keypress: 5
323.7714 	DATA 	Keypress: 5
324.2215 	DATA 	Keypress: 5
324.6873 	DATA 	Keypress: 5
325.1372 	DATA 	Keypress: 5
325.6045 	DATA 	Keypress: 5
326.0712 	DATA 	Keypress: 5
326.5216 	DATA 	Keypress: 5
326.9874 	DATA 	Keypress: 5
327.4372 	DATA 	Keypress: 5
327.9044 	DATA 	Keypress: 5
328.3713 	DATA 	Keypress: 5
328.8217 	DATA 	Keypress: 5
329.2874 	DATA 	Keypress: 5
329.7375 	DATA 	Keypress: 5
330.2043 	DATA 	Keypress: 5
330.6715 	DATA 	Keypress: 5
331.1216 	DATA 	Keypress: 5
331.5873 	DATA 	Keypress: 5
332.0375 	DATA 	Keypress: 5
332.5046 	DATA 	Keypress: 5
332.9714 	DATA 	Keypress: 5
333.4214 	DATA 	Keypress: 5
333.8875 	DATA 	Keypress: 5
334.3373 	DATA 	Keypress: 5
334.8043 	DATA 	Keypress: 5
335.2715 	DATA 	Keypress: 5
335.7213 	DATA 	Keypress: 5
336.1873 	DATA 	Keypress: 5
336.6373 	DATA 	Keypress: 5
337.1046 	DATA 	Keypress: 5
337.5715 	DATA 	Keypress: 5
338.0213 	DATA 	Keypress: 5
338.4875 	DATA 	Keypress: 5
338.9373 	DATA 	Keypress: 5
339.4047 	DATA 	Keypress: 5
339.8713 	DATA 	Keypress: 5
340.3213 	DATA 	Keypress: 5
340.7875 	DATA 	Keypress: 5
341.2373 	DATA 	Keypress: 5
341.7044 	DATA 	Keypress: 5
342.1715 	DATA 	Keypress: 5
342.6216 	DATA 	Keypress: 5
343.0886 	DATA 	Keypress: 5
343.5384 	DATA 	Keypress: 5
344.0046 	DATA 	Keypress: 5
344.4715 	DATA 	Keypress: 5
344.9214 	DATA 	Keypress: 5
345.3885 	DATA 	Keypress: 5
345.8387 	DATA 	Keypress: 5
346.3046 	DATA 	Keypress: 5
346.7716 	DATA 	Keypress: 5
347.2213 	DATA 	Keypress: 5
347.6884 	DATA 	Keypress: 5
348.1383 	DATA 	Keypress: 5
348.6046 	DATA 	Keypress: 5
349.0713 	DATA 	Keypress: 5
349.5216 	DATA 	Keypress: 5
349.9885 	DATA 	Keypress: 5
350.4383 	DATA 	Keypress: 5
350.9044 	DATA 	Keypress: 5
351.3715 	DATA 	Keypress: 5
351.8214 	DATA 	Keypress: 5
352.2885 	DATA 	Keypress: 5
352.7383 	DATA 	Keypress: 5
353.2044 	DATA 	Keypress: 5
353.6716 	DATA 	Keypress: 5
354.1215 	DATA 	Keypress: 5
354.5884 	DATA 	Keypress: 5
355.0386 	DATA 	Keypress: 5
355.5044 	DATA 	Keypress: 5
355.9716 	DATA 	Keypress: 5
356.4217 	DATA 	Keypress: 5
356.8886 	DATA 	Keypress: 5
357.3383 	DATA 	Keypress: 5
357.8043 	DATA 	Keypress: 5
358.2547 	DATA 	Keypress: 5
358.7217 	DATA 	Keypress: 5
359.1885 	DATA 	Keypress: 5
359.6384 	DATA 	Keypress: 5
360.1045 	DATA 	Keypress: 5
360.5716 	DATA 	Keypress: 5
361.0215 	DATA 	Keypress: 5
361.4885 	DATA 	Keypress: 5
361.9385 	DATA 	Keypress: 5
362.4045 	DATA 	Keypress: 5
362.8713 	DATA 	Keypress: 5
363.3216 	DATA 	Keypress: 5
363.7886 	DATA 	Keypress: 5
364.2383 	DATA 	Keypress: 5
364.7043 	DATA 	Keypress: 5
365.1713 	DATA 	Keypress: 5
365.6217 	DATA 	Keypress: 5
366.0885 	DATA 	Keypress: 5
366.5383 	DATA 	Keypress: 5
367.0043 	DATA 	Keypress: 5
367.4716 	DATA 	Keypress: 5
367.9215 	DATA 	Keypress: 5
368.3884 	DATA 	Keypress: 5
368.8384 	DATA 	Keypress: 5
369.3045 	DATA 	Keypress: 5
369.7713 	DATA 	Keypress: 5
370.2216 	DATA 	Keypress: 5
370.6885 	DATA 	Keypress: 5
371.1384 	DATA 	Keypress: 5
371.6045 	DATA 	Keypress: 5
372.0718 	DATA 	Keypress: 5
372.5214 	DATA 	Keypress: 5
372.9886 	DATA 	Keypress: 5
373.4383 	DATA 	Keypress: 5
373.9044 	DATA 	Keypress: 5
374.3713 	DATA 	Keypress: 5
374.8216 	DATA 	Keypress: 5
375.2885 	DATA 	Keypress: 5
375.7384 	DATA 	Keypress: 5
376.2055 	DATA 	Keypress: 5
376.6714 	DATA 	Keypress: 5
377.1215 	DATA 	Keypress: 5
377.5886 	DATA 	Keypress: 5
378.0383 	DATA 	Keypress: 5
378.5056 	DATA 	Keypress: 5
378.9714 	DATA 	Keypress: 5
379.4216 	DATA 	Keypress: 5
379.8886 	DATA 	Keypress: 5
380.3384 	DATA 	Keypress: 5
380.8056 	DATA 	Keypress: 5
381.2556 	DATA 	Keypress: 5
381.7213 	DATA 	Keypress: 5
382.1885 	DATA 	Keypress: 5
382.6385 	DATA 	Keypress: 5
383.1055 	DATA 	Keypress: 5
383.5554 	DATA 	Keypress: 5
384.0214 	DATA 	Keypress: 5
384.4883 	DATA 	Keypress: 5
384.9386 	DATA 	Keypress: 5
385.4054 	DATA 	Keypress: 5
385.8555 	DATA 	Keypress: 5
386.3214 	DATA 	Keypress: 5
386.7886 	DATA 	Keypress: 5
387.2384 	DATA 	Keypress: 5
387.7058 	DATA 	Keypress: 5
388.1553 	DATA 	Keypress: 5
388.6214 	DATA 	Keypress: 5
389.0883 	DATA 	Keypress: 5
389.5385 	DATA 	Keypress: 5
390.0053 	DATA 	Keypress: 5
390.4716 	DATA 	Keypress: 5
390.9215 	DATA 	Keypress: 5
391.3887 	DATA 	Keypress: 5
391.8386 	DATA 	Keypress: 5
392.3054 	DATA 	Keypress: 5
392.7713 	DATA 	Keypress: 5
393.2213 	DATA 	Keypress: 5
393.6886 	DATA 	Keypress: 5
394.1386 	DATA 	Keypress: 5
394.6055 	DATA 	Keypress: 5
395.0714 	DATA 	Keypress: 5
395.5213 	DATA 	Keypress: 5
395.9886 	DATA 	Keypress: 5
396.4387 	DATA 	Keypress: 5
396.9056 	DATA 	Keypress: 5
397.3715 	DATA 	Keypress: 5
397.8214 	DATA 	Keypress: 5
398.2884 	DATA 	Keypress: 5
398.7387 	DATA 	Keypress: 5
399.2057 	DATA 	Keypress: 5
399.6715 	DATA 	Keypress: 5
400.1214 	DATA 	Keypress: 5
400.5884 	DATA 	Keypress: 5
401.0387 	DATA 	Keypress: 5
401.5055 	DATA 	Keypress: 5
401.9713 	DATA 	Keypress: 5
402.4213 	DATA 	Keypress: 5
402.8883 	DATA 	Keypress: 5
403.3387 	DATA 	Keypress: 5
403.8054 	DATA 	Keypress: 5
404.2715 	DATA 	Keypress: 5
404.7216 	DATA 	Keypress: 5
405.1886 	DATA 	Keypress: 5
405.6387 	DATA 	Keypress: 5
406.1055 	DATA 	Keypress: 5
406.5727 	DATA 	Keypress: 5
407.0214 	DATA 	Keypress: 5
407.4885 	DATA 	Keypress: 5
407.9385 	DATA 	Keypress: 5
408.4053 	DATA 	Keypress: 5
408.8557 	DATA 	Keypress: 5
409.3214 	DATA 	Keypress: 5
409.7885 	DATA 	Keypress: 5
410.2386 	DATA 	Keypress: 5
410.7054 	DATA 	Keypress: 5
411.1727 	DATA 	Keypress: 5
411.6224 	DATA 	Keypress: 5
412.0884 	DATA 	Keypress: 5
412.5386 	DATA 	Keypress: 5
413.0053 	DATA 	Keypress: 5
413.4723 	DATA 	Keypress: 5
413.9226 	DATA 	Keypress: 5
414.3883 	DATA 	Keypress: 5
414.8384 	DATA 	Keypress: 5
415.3054 	DATA 	Keypress: 5
415.7723 	DATA 	Keypress: 5
416.2224 	DATA 	Keypress: 5
416.6887 	DATA 	Keypress: 5
417.1384 	DATA 	Keypress: 5
417.6057 	DATA 	Keypress: 5
418.0724 	DATA 	Keypress: 5
418.5226 	DATA 	Keypress: 5
418.9883 	DATA 	Keypress: 5
419.4387 	DATA 	Keypress: 5
419.9053 	DATA 	Keypress: 5
420.3557 	DATA 	Keypress: 5
420.8225 	DATA 	Keypress: 5
421.2883 	DATA 	Keypress: 5
421.7383 	DATA 	Keypress: 5
422.2055 	DATA 	Keypress: 5
422.6723 	DATA 	Keypress: 5
423.1225 	DATA 	Keypress: 5
423.5884 	DATA 	Keypress: 5
424.0385 	DATA 	Keypress: 5
424.5054 	DATA 	Keypress: 5
424.9724 	DATA 	Keypress: 5
425.4225 	DATA 	Keypress: 5
425.8883 	DATA 	Keypress: 5
426.3384 	DATA 	Keypress: 5
426.8057 	DATA 	Keypress: 5
427.2557 	DATA 	Keypress: 5
427.7227 	DATA 	Keypress: 5
428.1884 	DATA 	Keypress: 5
428.6384 	DATA 	Keypress: 5
429.1054 	DATA 	Keypress: 5
429.5727 	DATA 	Keypress: 5
430.0224 	DATA 	Keypress: 5
430.4887 	DATA 	Keypress: 5
430.9386 	DATA 	Keypress: 5
431.4057 	DATA 	Keypress: 5
431.8558 	DATA 	Keypress: 5
432.3226 	DATA 	Keypress: 5
432.7884 	DATA 	Keypress: 5
433.2383 	DATA 	Keypress: 5
433.7053 	DATA 	Keypress: 5
434.1725 	DATA 	Keypress: 5
434.6224 	DATA 	Keypress: 5
435.0884 	DATA 	Keypress: 5
435.5383 	DATA 	Keypress: 5
436.0056 	DATA 	Keypress: 5
436.4724 	DATA 	Keypress: 5
436.9224 	DATA 	Keypress: 5
437.3885 	DATA 	Keypress: 5
437.8386 	DATA 	Keypress: 5
438.3055 	DATA 	Keypress: 5
438.7724 	DATA 	Keypress: 5
439.2224 	DATA 	Keypress: 5
439.6884 	DATA 	Keypress: 5
440.1387 	DATA 	Keypress: 5
440.6054 	DATA 	Keypress: 5
441.0726 	DATA 	Keypress: 5
441.5224 	DATA 	Keypress: 5
441.9883 	DATA 	Keypress: 5
442.4383 	DATA 	Keypress: 5
442.9057 	DATA 	Keypress: 5
443.3723 	DATA 	Keypress: 5
443.8226 	DATA 	Keypress: 5
444.2883 	DATA 	Keypress: 5
444.7397 	DATA 	Keypress: 5
445.2053 	DATA 	Keypress: 5
445.6726 	DATA 	Keypress: 5
446.1227 	DATA 	Keypress: 5
446.5894 	DATA 	Keypress: 5
447.0397 	DATA 	Keypress: 5
447.5055 	DATA 	Keypress: 5
447.9724 	DATA 	Keypress: 5
448.4226 	DATA 	Keypress: 5
448.8893 	DATA 	Keypress: 5
449.3395 	DATA 	Keypress: 5
449.8056 	DATA 	Keypress: 5
450.2557 	DATA 	Keypress: 5
450.7225 	DATA 	Keypress: 5
451.1897 	DATA 	Keypress: 5
451.6394 	DATA 	Keypress: 5
452.1053 	DATA 	Keypress: 5
452.5724 	DATA 	Keypress: 5
453.0225 	DATA 	Keypress: 5
453.4894 	DATA 	Keypress: 5
453.9396 	DATA 	Keypress: 5
454.4053 	DATA 	Keypress: 5
454.8725 	DATA 	Keypress: 5
455.3226 	DATA 	Keypress: 5
455.7893 	DATA 	Keypress: 5
456.2395 	DATA 	Keypress: 5
456.7054 	DATA 	Keypress: 5
457.1726 	DATA 	Keypress: 5
457.6226 	DATA 	Keypress: 5
458.0895 	DATA 	Keypress: 5
458.5396 	DATA 	Keypress: 5
459.0057 	DATA 	Keypress: 5
459.4724 	DATA 	Keypress: 5
459.9225 	DATA 	Keypress: 5
460.3893 	DATA 	Keypress: 5
460.8394 	DATA 	Keypress: 5
461.3053 	DATA 	Keypress: 5
461.7724 	DATA 	Keypress: 5
462.2225 	DATA 	Keypress: 5
462.6897 	DATA 	Keypress: 5
463.1396 	DATA 	Keypress: 5
463.6053 	DATA 	Keypress: 5
464.0726 	DATA 	Keypress: 5
464.5227 	DATA 	Keypress: 5
464.9896 	DATA 	Keypress: 5
465.4395 	DATA 	Keypress: 5
465.9055 	DATA 	Keypress: 5
466.3726 	DATA 	Keypress: 5
466.8225 	DATA 	Keypress: 5
467.2896 	DATA 	Keypress: 5
467.7394 	DATA 	Keypress: 5
468.2054 	DATA 	Keypress: 5
468.6725 	DATA 	Keypress: 5
469.1225 	DATA 	Keypress: 5
469.5897 	DATA 	Keypress: 5
470.0395 	DATA 	Keypress: 5
470.5057 	DATA 	Keypress: 5
470.9724 	DATA 	Keypress: 5
471.4225 	DATA 	Keypress: 5
471.8894 	DATA 	Keypress: 5
472.3397 	DATA 	Keypress: 5
472.8056 	DATA 	Keypress: 5
473.2724 	DATA 	Keypress: 5
473.7224 	DATA 	Keypress: 5
474.1894 	DATA 	Keypress: 5
474.6394 	DATA 	Keypress: 5
475.1067 	DATA 	Keypress: 5
475.5728 	DATA 	Keypress: 5
476.0224 	DATA 	Keypress: 5
476.4896 	DATA 	Keypress: 5
476.9396 	DATA 	Keypress: 5
477.4053 	DATA 	Keypress: 5
477.8727 	DATA 	Keypress: 5
478.3227 	DATA 	Keypress: 5
478.7894 	DATA 	Keypress: 5
479.2397 	DATA 	Keypress: 5
479.7065 	DATA 	Keypress: 5
480.1566 	DATA 	Keypress: 5
480.6224 	DATA 	Keypress: 5
481.0894 	DATA 	Keypress: 5
481.5394 	DATA 	Keypress: 5
482.0067 	DATA 	Keypress: 5
482.4567 	DATA 	Keypress: 5
482.9225 	DATA 	Keypress: 5
483.3894 	DATA 	Keypress: 5
483.8397 	DATA 	Keypress: 5
484.3066 	DATA 	Keypress: 5
484.7567 	DATA 	Keypress: 5
485.2227 	DATA 	Keypress: 5
485.6896 	DATA 	Keypress: 5
486.1393 	DATA 	Keypress: 5
486.6064 	DATA 	Keypress: 5
487.0565 	DATA 	Keypress: 5
487.5225 	DATA 	Keypress: 5
487.9897 	DATA 	Keypress: 5
488.4395 	DATA 	Keypress: 5
488.9065 	DATA 	Keypress: 5
489.3725 	DATA 	Keypress: 5
489.8224 	DATA 	Keypress: 5
490.2894 	DATA 	Keypress: 5
490.7395 	DATA 	Keypress: 5
491.2064 	DATA 	Keypress: 5
491.6568 	DATA 	Keypress: 5
492.1226 	DATA 	Keypress: 5
492.5894 	DATA 	Keypress: 5
493.0394 	DATA 	Keypress: 5
493.5064 	DATA 	Keypress: 5
493.9568 	DATA 	Keypress: 5
494.4227 	DATA 	Keypress: 5
494.8894 	DATA 	Keypress: 5
495.3394 	DATA 	Keypress: 5
495.8064 	DATA 	Keypress: 5
496.2724 	DATA 	Keypress: 5
496.7224 	DATA 	Keypress: 5
497.1896 	DATA 	Keypress: 5
497.6397 	DATA 	Keypress: 5
498.1064 	DATA 	Keypress: 5
498.5725 	DATA 	Keypress: 5
499.0226 	DATA 	Keypress: 5
499.4896 	DATA 	Keypress: 5
499.9395 	DATA 	Keypress: 5
500.4064 	DATA 	Keypress: 5
500.8727 	DATA 	Keypress: 5
501.3225 	DATA 	Keypress: 5
501.7894 	DATA 	Keypress: 5
502.2397 	DATA 	Keypress: 5
502.7066 	DATA 	Keypress: 5
503.1728 	DATA 	Keypress: 5
503.6227 	DATA 	Keypress: 5
504.0898 	DATA 	Keypress: 5
504.5394 	DATA 	Keypress: 5
505.0065 	DATA 	Keypress: 5
505.4727 	DATA 	Keypress: 5
505.9226 	DATA 	Keypress: 5
506.3896 	DATA 	Keypress: 5
506.8396 	DATA 	Keypress: 5
507.3066 	DATA 	Keypress: 5
507.7724 	DATA 	Keypress: 5
508.2225 	DATA 	Keypress: 5
508.6897 	DATA 	Keypress: 5
509.1394 	DATA 	Keypress: 5
509.6064 	DATA 	Keypress: 5
510.0724 	DATA 	Keypress: 5
510.5227 	DATA 	Keypress: 5
510.9896 	DATA 	Keypress: 5
511.4394 	DATA 	Keypress: 5
511.9065 	DATA 	Keypress: 5
512.3734 	DATA 	Keypress: 5
512.8224 	DATA 	Keypress: 5
513.2895 	DATA 	Keypress: 5
513.7396 	DATA 	Keypress: 5
514.2064 	DATA 	Keypress: 5
514.6734 	DATA 	Keypress: 5
515.1237 	DATA 	Keypress: 5
515.5898 	DATA 	Keypress: 5
516.0394 	DATA 	Keypress: 5
516.5064 	DATA 	Keypress: 5
516.9728 	DATA 	Keypress: 5
517.4236 	DATA 	Keypress: 5
517.8896 	DATA 	Keypress: 5
518.3394 	DATA 	Keypress: 5
518.8066 	DATA 	Keypress: 5
519.2734 	DATA 	Keypress: 5
519.7236 	DATA 	Keypress: 5
520.1895 	DATA 	Keypress: 5
520.6394 	DATA 	Keypress: 5
521.1066 	DATA 	Keypress: 5
521.5738 	DATA 	Keypress: 5
522.0235 	DATA 	Keypress: 5
522.4894 	DATA 	Keypress: 5
522.9396 	DATA 	Keypress: 5
523.4064 	DATA 	Keypress: 5
523.8568 	DATA 	Keypress: 5
524.3237 	DATA 	Keypress: 5
524.7894 	DATA 	Keypress: 5
525.2395 	DATA 	Keypress: 5
525.7066 	DATA 	Keypress: 5
526.1735 	DATA 	Keypress: 5
526.6234 	DATA 	Keypress: 5
527.0896 	DATA 	Keypress: 5
527.5398 	DATA 	Keypress: 5
528.0064 	DATA 	Keypress: 5
528.4737 	DATA 	Keypress: 5
528.9234 	DATA 	Keypress: 5
529.3895 	DATA 	Keypress: 5
529.8395 	DATA 	Keypress: 5
530.3064 	DATA 	Keypress: 5
530.7738 	DATA 	Keypress: 5
531.2236 	DATA 	Keypress: 5
531.6894 	DATA 	Keypress: 5
532.1396 	DATA 	Keypress: 5
532.6064 	DATA 	Keypress: 5
533.0737 	DATA 	Keypress: 5
533.5234 	DATA 	Keypress: 5
533.9896 	DATA 	Keypress: 5
534.4395 	DATA 	Keypress: 5
534.9064 	DATA 	Keypress: 5
535.3738 	DATA 	Keypress: 5
535.8236 	DATA 	Keypress: 5
536.2896 	DATA 	Keypress: 5
536.7396 	DATA 	Keypress: 5
537.2064 	DATA 	Keypress: 5
537.6737 	DATA 	Keypress: 5
538.1234 	DATA 	Keypress: 5
538.5898 	DATA 	Keypress: 5
539.0396 	DATA 	Keypress: 5
539.5066 	DATA 	Keypress: 5
539.9737 	DATA 	Keypress: 5
540.4234 	DATA 	Keypress: 5
540.8894 	DATA 	Keypress: 5
541.3396 	DATA 	Keypress: 5
541.8066 	DATA 	Keypress: 5
542.2736 	DATA 	Keypress: 5
542.7235 	DATA 	Keypress: 5
543.1896 	DATA 	Keypress: 5
543.6394 	DATA 	Keypress: 5
544.1067 	DATA 	Keypress: 5
544.5569 	DATA 	Keypress: 5
545.0237 	DATA 	Keypress: 5
545.4907 	DATA 	Keypress: 5
545.9404 	DATA 	Keypress: 5
546.4068 	DATA 	Keypress: 5
546.8737 	DATA 	Keypress: 5
547.3236 	DATA 	Keypress: 5
547.7907 	DATA 	Keypress: 5
548.2407 	DATA 	Keypress: 5
548.7067 	DATA 	Keypress: 5
549.1734 	DATA 	Keypress: 5
549.6236 	DATA 	Keypress: 5
550.0906 	DATA 	Keypress: 5
550.5407 	DATA 	Keypress: 5
551.0067 	DATA 	Keypress: 5
551.4736 	DATA 	Keypress: 5
551.9234 	DATA 	Keypress: 5
552.3904 	DATA 	Keypress: 5
552.8407 	DATA 	Keypress: 5
553.3064 	DATA 	Keypress: 5
553.7736 	DATA 	Keypress: 5
554.2234 	DATA 	Keypress: 5
554.6908 	DATA 	Keypress: 5
555.1406 	DATA 	Keypress: 5
555.6067 	DATA 	Keypress: 5
556.0736 	DATA 	Keypress: 5
556.5234 	DATA 	Keypress: 5
556.9905 	DATA 	Keypress: 5
557.4407 	DATA 	Keypress: 5
557.9065 	DATA 	Keypress: 5
558.3734 	DATA 	Keypress: 5
558.8238 	DATA 	Keypress: 5
559.2908 	DATA 	Keypress: 5
559.7405 	DATA 	Keypress: 5
560.2065 	DATA 	Keypress: 5
560.6735 	DATA 	Keypress: 5
561.1234 	DATA 	Keypress: 5
561.5907 	DATA 	Keypress: 5
562.0406 	DATA 	Keypress: 5
562.5065 	DATA 	Keypress: 5
562.9737 	DATA 	Keypress: 5
563.4235 	DATA 	Keypress: 5
563.8905 	DATA 	Keypress: 5
564.3405 	DATA 	Keypress: 5
564.8067 	DATA 	Keypress: 5
565.2735 	DATA 	Keypress: 5
565.7237 	DATA 	Keypress: 5
566.1905 	DATA 	Keypress: 5
566.6404 	DATA 	Keypress: 5
567.1064 	DATA 	Keypress: 5
567.5738 	DATA 	Keypress: 5
568.0235 	DATA 	Keypress: 5
568.4906 	DATA 	Keypress: 5
568.9405 	DATA 	Keypress: 5
569.4066 	DATA 	Keypress: 5
569.8734 	DATA 	Keypress: 5
570.3234 	DATA 	Keypress: 5
570.7906 	DATA 	Keypress: 5
571.2407 	DATA 	Keypress: 5
571.7066 	DATA 	Keypress: 5
572.1568 	DATA 	Keypress: 5
572.6235 	DATA 	Keypress: 5
573.0906 	DATA 	Keypress: 5
573.5407 	DATA 	Keypress: 5
574.0075 	DATA 	Keypress: 5
574.4735 	DATA 	Keypress: 5
574.9235 	DATA 	Keypress: 5
575.3908 	DATA 	Keypress: 5
575.8407 	DATA 	Keypress: 5
576.3067 	DATA 	Keypress: 5
576.7579 	DATA 	Keypress: 5
577.2236 	DATA 	Keypress: 5
577.6906 	DATA 	Keypress: 5
578.1408 	DATA 	Keypress: 5
578.6071 	DATA 	Keypress: 5
579.0575 	DATA 	Keypress: 5
579.5236 	DATA 	Keypress: 5
579.9907 	DATA 	Keypress: 5
580.4408 	DATA 	Keypress: 5
580.9076 	DATA 	Keypress: 5
581.3576 	DATA 	Keypress: 5
581.8234 	DATA 	Keypress: 5
582.2908 	DATA 	Keypress: 5
582.7404 	DATA 	Keypress: 5
583.2075 	DATA 	Keypress: 5
583.6574 	DATA 	Keypress: 5
584.1235 	DATA 	Keypress: 5
584.5908 	DATA 	Keypress: 5
585.0407 	DATA 	Keypress: 5
585.5064 	DATA 	Keypress: 5
585.9574 	DATA 	Keypress: 5
586.4236 	DATA 	Keypress: 5
586.8906 	DATA 	Keypress: 5
587.3405 	DATA 	Keypress: 5
587.8077 	DATA 	Keypress: 5
588.2738 	DATA 	Keypress: 5
588.7235 	DATA 	Keypress: 5
589.1905 	DATA 	Keypress: 5
589.6406 	DATA 	Keypress: 5
590.1076 	DATA 	Keypress: 5
590.5736 	DATA 	Keypress: 5
591.0235 	DATA 	Keypress: 5
591.4908 	DATA 	Keypress: 5
591.9405 	DATA 	Keypress: 5
592.4077 	DATA 	Keypress: 5
592.8734 	DATA 	Keypress: 5
593.3235 	DATA 	Keypress: 5
593.7906 	DATA 	Keypress: 5
594.2405 	DATA 	Keypress: 5
594.7079 	DATA 	Keypress: 5
595.1735 	DATA 	Keypress: 5
595.6235 	DATA 	Keypress: 5
596.0908 	DATA 	Keypress: 5
596.5405 	DATA 	Keypress: 5
597.0075 	DATA 	Keypress: 5
597.4736 	DATA 	Keypress: 5
597.9235 	DATA 	Keypress: 5
598.3905 	DATA 	Keypress: 5
598.8405 	DATA 	Keypress: 5
599.3078 	DATA 	Keypress: 5
599.7734 	DATA 	Keypress: 5
600.2237 	DATA 	Keypress: 5
600.6906 	DATA 	Keypress: 5
601.1404 	DATA 	Keypress: 5
601.6076 	DATA 	Keypress: 5
602.0734 	DATA 	Keypress: 5
602.5235 	DATA 	Keypress: 5
602.9905 	DATA 	Keypress: 5
603.4408 	DATA 	Keypress: 5
603.9078 	DATA 	Keypress: 5
604.3737 	DATA 	Keypress: 5
604.8245 	DATA 	Keypress: 5
605.2906 	DATA 	Keypress: 5
605.7408 	DATA 	Keypress: 5
606.2078 	DATA 	Keypress: 5
606.6734 	DATA 	Keypress: 5
607.1237 	DATA 	Keypress: 5
607.5907 	DATA 	Keypress: 5
608.0404 	DATA 	Keypress: 5
608.5077 	DATA 	Keypress: 5
608.9735 	DATA 	Keypress: 5
609.4235 	DATA 	Keypress: 5
609.8907 	DATA 	Keypress: 5
610.3408 	DATA 	Keypress: 5
610.8077 	DATA 	Keypress: 5
611.2734 	DATA 	Keypress: 5
611.7244 	DATA 	Keypress: 5
612.1907 	DATA 	Keypress: 5
612.6405 	DATA 	Keypress: 5
613.1078 	DATA 	Keypress: 5
613.5735 	DATA 	Keypress: 5
614.0245 	DATA 	Keypress: 5
614.4907 	DATA 	Keypress: 5
614.9406 	DATA 	Keypress: 5
615.4075 	DATA 	Keypress: 5
615.8746 	DATA 	Keypress: 5
616.3245 	DATA 	Keypress: 5
616.7908 	DATA 	Keypress: 5
617.2405 	DATA 	Keypress: 5
617.7078 	DATA 	Keypress: 5
618.1747 	DATA 	Keypress: 5
618.6245 	DATA 	Keypress: 5
619.0905 	DATA 	Keypress: 5
619.5405 	DATA 	Keypress: 5
620.0075 	DATA 	Keypress: 5
620.4746 	DATA 	Keypress: 5
620.9247 	DATA 	Keypress: 5
621.3905 	DATA 	Keypress: 5
621.8405 	DATA 	Keypress: 5
622.3075 	DATA 	Keypress: 5
622.7746 	DATA 	Keypress: 5
623.2246 	DATA 	Keypress: 5
623.6907 	DATA 	Keypress: 5
624.1408 	DATA 	Keypress: 5
624.6077 	DATA 	Keypress: 5
625.0745 	DATA 	Keypress: 5
625.5246 	DATA 	Keypress: 5
625.9906 	DATA 	Keypress: 5
626.4406 	DATA 	Keypress: 5
626.9076 	DATA 	Keypress: 5
627.3748 	DATA 	Keypress: 5
627.8246 	DATA 	Keypress: 5
628.2908 	DATA 	Keypress: 5
628.7408 	DATA 	Keypress: 5
629.2078 	DATA 	Keypress: 5
629.6746 	DATA 	Keypress: 5
630.1248 	DATA 	Keypress: 5
630.5907 	DATA 	Keypress: 5
631.0406 	DATA 	Keypress: 5
631.5076 	DATA 	Keypress: 5
631.9745 	DATA 	Keypress: 5
632.4248 	DATA 	Keypress: 5
632.8904 	DATA 	Keypress: 5
633.3405 	DATA 	Keypress: 5
633.8076 	DATA 	Keypress: 5
634.2747 	DATA 	Keypress: 5
634.7246 	DATA 	Keypress: 5
635.1905 	DATA 	Keypress: 5
635.6407 	DATA 	Keypress: 5
636.1077 	DATA 	Keypress: 5
636.5747 	DATA 	Keypress: 5
637.0248 	DATA 	Keypress: 5
637.4908 	DATA 	Keypress: 5
637.9405 	DATA 	Keypress: 5
638.4075 	DATA 	Keypress: 5
638.8744 	DATA 	Keypress: 5
639.3246 	DATA 	Keypress: 5
639.7908 	DATA 	Keypress: 5
640.2405 	DATA 	Keypress: 5
640.7075 	DATA 	Keypress: 5
641.1746 	DATA 	Keypress: 5
641.6247 	DATA 	Keypress: 5
642.0905 	DATA 	Keypress: 5
642.5407 	DATA 	Keypress: 5
643.0077 	DATA 	Keypress: 5
643.4745 	DATA 	Keypress: 5
643.9245 	DATA 	Keypress: 5
644.3905 	DATA 	Keypress: 5
644.8409 	DATA 	Keypress: 5
645.3076 	DATA 	Keypress: 5
645.7746 	DATA 	Keypress: 5
646.2247 	DATA 	Keypress: 5
646.6915 	DATA 	Keypress: 5
647.1415 	DATA 	Keypress: 5
647.6077 	DATA 	Keypress: 5
648.0748 	DATA 	Keypress: 5
648.5247 	DATA 	Keypress: 5
648.9916 	DATA 	Keypress: 5
649.4405 	DATA 	Keypress: 5
649.9076 	DATA 	Keypress: 5
650.3744 	DATA 	Keypress: 5
650.8249 	DATA 	Keypress: 5
651.2915 	DATA 	Keypress: 5
651.7415 	DATA 	Keypress: 5
652.2076 	DATA 	Keypress: 5
652.6748 	DATA 	Keypress: 5
653.1245 	DATA 	Keypress: 5
653.5917 	DATA 	Keypress: 5
654.0415 	DATA 	Keypress: 5
654.5076 	DATA 	Keypress: 5
654.9745 	DATA 	Keypress: 5
655.4248 	DATA 	Keypress: 5
655.8916 	DATA 	Keypress: 5
656.3415 	DATA 	Keypress: 5
656.8077 	DATA 	Keypress: 5
669.8886 	EXP 	unnamed TextStim: autoDraw = False
670.0479 	EXP 	Created unnamed TextStim = TextStim(__class__=<class 'psychopy.visual.text.TextStim'>, alignHoriz=method-wrapper(...), alignText='center', alignVert=method-wrapper(...), anchorHoriz='center', anchorVert='center', antialias=True, autoLog=True, bold=False, color=array([1., 1., 1.]), colorSpace='rgb', contrast=1.0, depth=0, flipHoriz=False, flipVert=False, font='', fontFiles=[], height=0.2, italic=False, languageStyle='LTR', name='unnamed TextStim', opacity=1.0, ori=0.0, pos=array([0., 0.]), rgb=array([1., 1., 1.]), text=str(...), units='height', win=Window(...), wrapWidth=1)
670.1332 	EXP 	window1: mouseVisible = True
