0.6023 	WARNING 	We strongly recommend you activate the PTB sound engine in PsychoPy prefs as the preferred audio engine. Its timing is vastly superior. Your prefs are currently set to use ['sounddevice', 'PTB', 'pyo', 'pygame'] (in that order).
24.1083 	EXP 	Created fixation_2 = TextStim(__class__=<class 'psychopy.visual.text.TextStim'>, alignHoriz=method-wrapper(...), alignText='center', alignVert=method-wrapper(...), anchorHoriz='center', anchorVert='center', antialias=True, autoLog=True, bold=False, color=array([1, 1, 1]), colorSpace='rgb', contrast=1.0, depth=-2.0, flipHoriz=False, flipVert=False, font='Arial', fontFiles=[], height=0.05, italic=False, languageStyle='LTR', name='fixation_2', opacity=1, ori=0, pos=array([0., 0.]), rgb=UNKNOWN, text='+', units='height', win=Window(...), wrapWidth=1)
24.1815 	EXP 	Created Nbackinstructions = TextStim(__class__=<class 'psychopy.visual.text.TextStim'>, alignHoriz=method-wrapper(...), alignText='center', alignVert=method-wrapper(...), anchorHoriz='center', anchorVert='center', antialias=True, autoLog=True, bold=False, color=array([1, 1, 1]), colorSpace='rgb', contrast=1.0, depth=0, flipHoriz=False, flipVert=False, font='Arial', fontFiles=[], height=0.05, italic=False, languageStyle='LTR', name='Nbackinstructions', opacity=1, ori=0.0, pos=array([0., 0.]), rgb=UNKNOWN, text=str(...), units='height', win=Window(...), wrapWidth=1)
24.1851 	EXP 	Created fixation_2 = TextStim(__class__=<class 'psychopy.visual.text.TextStim'>, alignHoriz=method-wrapper(...), alignText='center', alignVert=method-wrapper(...), anchorHoriz='center', anchorVert='center', antialias=True, autoLog=True, bold=False, color=array([1, 1, 1]), colorSpace='rgb', contrast=1.0, depth=-2.0, flipHoriz=False, flipVert=False, font='Arial', fontFiles=[], height=0.05, italic=False, languageStyle='LTR', name='fixation_2', opacity=1, ori=0, pos=array([0., 0.]), rgb=UNKNOWN, text='+', units='height', win=Window(...), wrapWidth=1)
24.6129 	EXP 	Created grid_lines_2 = ImageStim(__class__=<class 'psychopy.visual.image.ImageStim'>, autoLog=True, color=array([1, 1, 1]), colorSpace='rgb', contrast=1.0, depth=0.0, flipHoriz=False, flipVert=False, image='grid.png', interpolate=True, mask=None, maskParams=None, name='grid_lines_2', opacity=1, ori=0.0, pos=array([0., 0.]), size=array([0.6, 0.6]), texRes=128, units='height', win=Window(...))
24.6167 	EXP 	Created target_square_2 = Rect(__class__=<class 'psychopy.visual.rect.Rect'>, autoDraw=False, autoLog=True, closeShape=True, color=method-wrapper(...), colorSpace='rgb', contrast=None, depth=-1.0, fillColor=array([1., 1., 1.]), fillColorSpace='rgb', fillRGB=UNKNOWN, interpolate=True, lineColor=array([0, 0, 0]), lineColorSpace='rgb', lineRGB=UNKNOWN, lineWidth=1, name='target_square_2', opacity=0.5, ori=0.0, pos=array([0., 0.]), size=array([0.15, 0.15]), units='height', vertices=ndarray(...), win=Window(...))
24.6204 	EXP 	Created fixation_3 = TextStim(__class__=<class 'psychopy.visual.text.TextStim'>, alignHoriz=method-wrapper(...), alignText='center', alignVert=method-wrapper(...), anchorHoriz='center', anchorVert='center', antialias=True, autoLog=True, bold=False, color=array([1, 1, 1]), colorSpace='rgb', contrast=1.0, depth=-2.0, flipHoriz=False, flipVert=False, font='Arial', fontFiles=[], height=0.05, italic=False, languageStyle='LTR', name='fixation_3', opacity=1, ori=0, pos=array([0., 0.]), rgb=UNKNOWN, text='+', units='height', win=Window(...), wrapWidth=1)
24.6212 	EXP 	window1: mouseVisible = True
24.6255 	EXP 	window1: mouseVisible = False
24.6260 	EXP 	Created sequence: sequential, trialTypes=2, nReps=1, seed=None
24.6265 	EXP 	New trial (rep=0, index=0): OrderedDict([('RestT1', 1), ('TaskT1', 0)])
24.6270 	EXP 	Created sequence: random, trialTypes=1, nReps=1, seed=None
24.6273 	EXP 	New trial (rep=0, index=0): None
24.6558 	EXP 	Created unnamed TextStim = TextStim(__class__=<class 'psychopy.visual.text.TextStim'>, alignHoriz=method-wrapper(...), alignText='center', alignVert=method-wrapper(...), anchorHoriz='center', anchorVert='center', antialias=True, autoLog=True, bold=False, color=array([-0.5, -0.5, -0.5]), colorSpace='rgb', contrast=1.0, depth=0, flipHoriz=False, flipVert=False, font='', fontFiles=[], height=0.05, italic=False, languageStyle='LTR', name='unnamed TextStim', opacity=1.0, ori=0.0, pos=array([0., 0.]), rgb=UNKNOWN, text=str(...), units='height', win=Window(...), wrapWidth=1)
74.0049 	DATA 	Keypress: s
74.0466 	EXP 	fixation_2: autoDraw = True
342.0332 	EXP 	Created unnamed TextStim = TextStim(__class__=<class 'psychopy.visual.text.TextStim'>, alignHoriz=method-wrapper(...), alignText='center', alignVert=method-wrapper(...), anchorHoriz='center', anchorVert='center', antialias=True, autoLog=True, bold=False, color=array([1., 1., 1.]), colorSpace='rgb', contrast=1.0, depth=0, flipHoriz=False, flipVert=False, font='', fontFiles=[], height=0.05, italic=False, languageStyle='LTR', name='unnamed TextStim', opacity=1.0, ori=0.0, pos=array([0., 0.]), rgb=UNKNOWN, text=str(...), units='height', win=Window(...), wrapWidth=1)
342.0486 	EXP 	fixation_2: autoDraw = False
358.6769 	DATA 	Keypress: e
358.6776 	EXP 	Created sequence: random, trialTypes=1, nReps=0, seed=None
358.6779 	EXP 	New trial (rep=0, index=1): OrderedDict([('RestT1', 0), ('TaskT1', 1)])
358.6783 	EXP 	Created sequence: random, trialTypes=1, nReps=0, seed=None
358.6786 	EXP 	Created sequence: random, trialTypes=1, nReps=1, seed=None
358.6789 	EXP 	New trial (rep=0, index=0): None
358.6987 	EXP 	Nbackinstructions: autoDraw = True
400.4898 	EXP 	Created unnamed TextStim = TextStim(__class__=<class 'psychopy.visual.text.TextStim'>, alignHoriz=method-wrapper(...), alignText='center', alignVert=method-wrapper(...), anchorHoriz='center', anchorVert='center', antialias=True, autoLog=True, bold=False, color=array([-0.5, -0.5, -0.5]), colorSpace='rgb', contrast=1.0, depth=0, flipHoriz=False, flipVert=False, font='', fontFiles=[], height=0.05, italic=False, languageStyle='LTR', name='unnamed TextStim', opacity=1.0, ori=0.0, pos=array([0., 0.]), rgb=UNKNOWN, text=str(...), units='height', win=Window(...), wrapWidth=1)
400.4912 	DATA 	Keypress: space
400.4990 	EXP 	Nbackinstructions: autoDraw = False
402.3089 	DATA 	Keypress: s
402.3665 	EXP 	Imported c:\Users\Dartmouth\Documents\GitHub\canlab\WASABI_public\fMRI Tasks\WASABI Task-T1\N-back-2.xlsx as conditions, 120 conditions, 3 params
402.3671 	EXP 	Created sequence: sequential, trialTypes=120, nReps=1, seed=None
402.3675 	EXP 	New trial (rep=0, index=0): {'square': 5, 'location': [0, 0], 'corrAns': None}
402.3679 	EXP 	window1: mouseVisible = False
402.3824 	EXP 	fixation_2: autoDraw = False
402.3824 	EXP 	target_square_2: pos = array([0., 0.])
402.3824 	EXP 	grid_lines_2: autoDraw = True
402.3824 	EXP 	target_square_2: autoDraw = True
403.3656 	EXP 	fixation_3: autoDraw = True
403.3824 	EXP 	target_square_2: autoDraw = False
403.4873 	EXP 	New trial (rep=0, index=1): {'square': 2, 'location': [0, 0.2], 'corrAns': None}
403.4877 	EXP 	window1: mouseVisible = False
403.4990 	EXP 	grid_lines_2: autoDraw = False
403.4990 	EXP 	target_square_2: autoDraw = False
403.4990 	EXP 	fixation_3: autoDraw = False
403.4990 	EXP 	target_square_2: pos = array([0. , 0.2])
403.4990 	EXP 	grid_lines_2: autoDraw = True
403.4990 	EXP 	target_square_2: autoDraw = True
404.4824 	EXP 	fixation_3: autoDraw = True
404.4990 	EXP 	target_square_2: autoDraw = False
405.4824 	EXP 	fixation_3: autoDraw = False
405.4862 	EXP 	New trial (rep=0, index=2): {'square': 6, 'location': [0.2, 0], 'corrAns': None}
405.4867 	EXP 	window1: mouseVisible = False
405.4991 	EXP 	grid_lines_2: autoDraw = False
405.4991 	EXP 	target_square_2: autoDraw = False
405.4991 	EXP 	fixation_3: autoDraw = False
405.4991 	EXP 	target_square_2: pos = array([0.2, 0. ])
405.4991 	EXP 	grid_lines_2: autoDraw = True
405.4991 	EXP 	target_square_2: autoDraw = True
406.4824 	EXP 	fixation_3: autoDraw = True
406.4991 	EXP 	target_square_2: autoDraw = False
407.4824 	EXP 	fixation_3: autoDraw = False
407.4862 	EXP 	New trial (rep=0, index=3): {'square': 9, 'location': [0.2, -0.2], 'corrAns': None}
407.4867 	EXP 	window1: mouseVisible = False
407.4991 	EXP 	grid_lines_2: autoDraw = False
407.4991 	EXP 	target_square_2: autoDraw = False
407.4991 	EXP 	fixation_3: autoDraw = False
407.4991 	EXP 	target_square_2: pos = array([ 0.2, -0.2])
407.4991 	EXP 	grid_lines_2: autoDraw = True
407.4991 	EXP 	target_square_2: autoDraw = True
408.4824 	EXP 	fixation_3: autoDraw = True
408.4991 	EXP 	target_square_2: autoDraw = False
409.4824 	EXP 	fixation_3: autoDraw = False
409.4862 	EXP 	New trial (rep=0, index=4): {'square': 3, 'location': [0.2, 0.2], 'corrAns': None}
409.4867 	EXP 	window1: mouseVisible = False
409.4991 	EXP 	grid_lines_2: autoDraw = False
409.4991 	EXP 	target_square_2: autoDraw = False
409.4991 	EXP 	fixation_3: autoDraw = False
409.4991 	EXP 	target_square_2: pos = array([0.2, 0.2])
409.4991 	EXP 	grid_lines_2: autoDraw = True
409.4991 	EXP 	target_square_2: autoDraw = True
410.4824 	EXP 	fixation_3: autoDraw = True
410.4991 	EXP 	target_square_2: autoDraw = False
411.4824 	EXP 	fixation_3: autoDraw = False
411.4864 	EXP 	New trial (rep=0, index=5): {'square': 9, 'location': [0.2, -0.2], 'corrAns': 1}
411.4868 	EXP 	window1: mouseVisible = False
411.4991 	EXP 	grid_lines_2: autoDraw = False
411.4991 	EXP 	target_square_2: autoDraw = False
411.4991 	EXP 	fixation_3: autoDraw = False
411.4991 	EXP 	target_square_2: pos = array([ 0.2, -0.2])
411.4991 	EXP 	grid_lines_2: autoDraw = True
411.4991 	EXP 	target_square_2: autoDraw = True
412.1329 	DATA 	Mouse: Left button down, pos=(964,519)
412.4824 	EXP 	fixation_3: autoDraw = True
412.4991 	EXP 	target_square_2: autoDraw = False
412.6161 	DATA 	Mouse:  Left button up, pos=(964,519)
413.4824 	EXP 	fixation_3: autoDraw = False
413.4863 	EXP 	New trial (rep=0, index=6): {'square': 7, 'location': [-0.2, -0.2], 'corrAns': None}
413.4867 	EXP 	window1: mouseVisible = False
413.4991 	EXP 	grid_lines_2: autoDraw = False
413.4991 	EXP 	target_square_2: autoDraw = False
413.4991 	EXP 	fixation_3: autoDraw = False
413.4991 	EXP 	target_square_2: pos = array([-0.2, -0.2])
413.4991 	EXP 	grid_lines_2: autoDraw = True
413.4991 	EXP 	target_square_2: autoDraw = True
414.4825 	EXP 	fixation_3: autoDraw = True
414.4991 	EXP 	target_square_2: autoDraw = False
415.4825 	EXP 	fixation_3: autoDraw = False
415.4865 	EXP 	New trial (rep=0, index=7): {'square': 1, 'location': [-0.2, 0.2], 'corrAns': None}
415.4869 	EXP 	window1: mouseVisible = False
415.4991 	EXP 	grid_lines_2: autoDraw = False
415.4991 	EXP 	target_square_2: autoDraw = False
415.4991 	EXP 	fixation_3: autoDraw = False
415.4991 	EXP 	target_square_2: pos = array([-0.2,  0.2])
415.4991 	EXP 	grid_lines_2: autoDraw = True
415.4991 	EXP 	target_square_2: autoDraw = True
416.4825 	EXP 	fixation_3: autoDraw = True
416.4991 	EXP 	target_square_2: autoDraw = False
417.4825 	EXP 	fixation_3: autoDraw = False
417.4864 	EXP 	New trial (rep=0, index=8): {'square': 5, 'location': [0, 0], 'corrAns': None}
417.4868 	EXP 	window1: mouseVisible = False
417.4991 	EXP 	grid_lines_2: autoDraw = False
417.4991 	EXP 	target_square_2: autoDraw = False
417.4991 	EXP 	fixation_3: autoDraw = False
417.4991 	EXP 	target_square_2: pos = array([0., 0.])
417.4991 	EXP 	grid_lines_2: autoDraw = True
417.4991 	EXP 	target_square_2: autoDraw = True
418.4825 	EXP 	fixation_3: autoDraw = True
418.4991 	EXP 	target_square_2: autoDraw = False
419.4825 	EXP 	fixation_3: autoDraw = False
419.4863 	EXP 	New trial (rep=0, index=9): {'square': 7, 'location': [-0.2, -0.2], 'corrAns': None}
419.4868 	EXP 	window1: mouseVisible = False
419.4992 	EXP 	grid_lines_2: autoDraw = False
419.4992 	EXP 	target_square_2: autoDraw = False
419.4992 	EXP 	fixation_3: autoDraw = False
419.4992 	EXP 	target_square_2: pos = array([-0.2, -0.2])
419.4992 	EXP 	grid_lines_2: autoDraw = True
419.4992 	EXP 	target_square_2: autoDraw = True
420.4825 	EXP 	fixation_3: autoDraw = True
420.4992 	EXP 	target_square_2: autoDraw = False
421.4825 	EXP 	fixation_3: autoDraw = False
421.4865 	EXP 	New trial (rep=0, index=10): {'square': 5, 'location': [0, 0], 'corrAns': 1}
421.4868 	EXP 	window1: mouseVisible = False
421.4992 	EXP 	grid_lines_2: autoDraw = False
421.4992 	EXP 	target_square_2: autoDraw = False
421.4992 	EXP 	fixation_3: autoDraw = False
421.4992 	EXP 	target_square_2: pos = array([0., 0.])
421.4992 	EXP 	grid_lines_2: autoDraw = True
421.4992 	EXP 	target_square_2: autoDraw = True
421.9161 	DATA 	Mouse: Left button down, pos=(969,514)
422.4825 	EXP 	fixation_3: autoDraw = True
422.4992 	EXP 	target_square_2: autoDraw = False
422.5828 	DATA 	Mouse:  Left button up, pos=(969,514)
423.4825 	EXP 	fixation_3: autoDraw = False
423.4865 	EXP 	New trial (rep=0, index=11): {'square': 6, 'location': [0.2, 0], 'corrAns': None}
423.4869 	EXP 	window1: mouseVisible = False
423.4992 	EXP 	grid_lines_2: autoDraw = False
423.4992 	EXP 	target_square_2: autoDraw = False
423.4992 	EXP 	fixation_3: autoDraw = False
423.4992 	EXP 	target_square_2: pos = array([0.2, 0. ])
423.4992 	EXP 	grid_lines_2: autoDraw = True
423.4992 	EXP 	target_square_2: autoDraw = True
424.4825 	EXP 	fixation_3: autoDraw = True
424.4992 	EXP 	target_square_2: autoDraw = False
425.4825 	EXP 	fixation_3: autoDraw = False
425.4864 	EXP 	New trial (rep=0, index=12): {'square': 3, 'location': [0.2, 0.2], 'corrAns': None}
425.4869 	EXP 	window1: mouseVisible = False
425.4992 	EXP 	grid_lines_2: autoDraw = False
425.4992 	EXP 	target_square_2: autoDraw = False
425.4992 	EXP 	fixation_3: autoDraw = False
425.4992 	EXP 	target_square_2: pos = array([0.2, 0.2])
425.4992 	EXP 	grid_lines_2: autoDraw = True
425.4992 	EXP 	target_square_2: autoDraw = True
426.4825 	EXP 	fixation_3: autoDraw = True
426.4992 	EXP 	target_square_2: autoDraw = False
427.4826 	EXP 	fixation_3: autoDraw = False
427.4869 	EXP 	New trial (rep=0, index=13): {'square': 6, 'location': [0.2, 0], 'corrAns': 1}
427.4874 	EXP 	window1: mouseVisible = False
427.4992 	EXP 	grid_lines_2: autoDraw = False
427.4992 	EXP 	target_square_2: autoDraw = False
427.4992 	EXP 	fixation_3: autoDraw = False
427.4992 	EXP 	target_square_2: pos = array([0.2, 0. ])
427.4992 	EXP 	grid_lines_2: autoDraw = True
427.4992 	EXP 	target_square_2: autoDraw = True
428.0995 	DATA 	Mouse: Left button down, pos=(972,511)
428.4826 	EXP 	fixation_3: autoDraw = True
428.4992 	EXP 	target_square_2: autoDraw = False
428.5662 	DATA 	Mouse:  Left button up, pos=(971,509)
429.4826 	EXP 	fixation_3: autoDraw = False
429.4865 	EXP 	New trial (rep=0, index=14): {'square': 8, 'location': [0, -0.2], 'corrAns': None}
429.4869 	EXP 	window1: mouseVisible = False
429.4993 	EXP 	grid_lines_2: autoDraw = False
429.4993 	EXP 	target_square_2: autoDraw = False
429.4993 	EXP 	fixation_3: autoDraw = False
429.4993 	EXP 	target_square_2: pos = array([ 0. , -0.2])
429.4993 	EXP 	grid_lines_2: autoDraw = True
429.4993 	EXP 	target_square_2: autoDraw = True
430.4826 	EXP 	fixation_3: autoDraw = True
430.4993 	EXP 	target_square_2: autoDraw = False
431.4826 	EXP 	fixation_3: autoDraw = False
431.4866 	EXP 	New trial (rep=0, index=15): {'square': 9, 'location': [0.2, -0.2], 'corrAns': None}
431.4870 	EXP 	window1: mouseVisible = False
431.4993 	EXP 	grid_lines_2: autoDraw = False
431.4993 	EXP 	target_square_2: autoDraw = False
431.4993 	EXP 	fixation_3: autoDraw = False
431.4993 	EXP 	target_square_2: pos = array([ 0.2, -0.2])
431.4993 	EXP 	grid_lines_2: autoDraw = True
431.4993 	EXP 	target_square_2: autoDraw = True
432.4826 	EXP 	fixation_3: autoDraw = True
432.4993 	EXP 	target_square_2: autoDraw = False
433.4826 	EXP 	fixation_3: autoDraw = False
433.4866 	EXP 	New trial (rep=0, index=16): {'square': 9, 'location': [0.2, -0.2], 'corrAns': None}
433.4870 	EXP 	window1: mouseVisible = False
433.4993 	EXP 	grid_lines_2: autoDraw = False
433.4993 	EXP 	target_square_2: autoDraw = False
433.4993 	EXP 	fixation_3: autoDraw = False
433.4993 	EXP 	target_square_2: pos = array([ 0.2, -0.2])
433.4993 	EXP 	grid_lines_2: autoDraw = True
433.4993 	EXP 	target_square_2: autoDraw = True
434.4826 	EXP 	fixation_3: autoDraw = True
434.4993 	EXP 	target_square_2: autoDraw = False
435.4826 	EXP 	fixation_3: autoDraw = False
435.4865 	EXP 	New trial (rep=0, index=17): {'square': 1, 'location': [-0.2, 0.2], 'corrAns': None}
435.4869 	EXP 	window1: mouseVisible = False
435.4993 	EXP 	grid_lines_2: autoDraw = False
435.4993 	EXP 	target_square_2: autoDraw = False
435.4993 	EXP 	fixation_3: autoDraw = False
435.4993 	EXP 	target_square_2: pos = array([-0.2,  0.2])
435.4993 	EXP 	grid_lines_2: autoDraw = True
435.4993 	EXP 	target_square_2: autoDraw = True
436.4826 	EXP 	fixation_3: autoDraw = True
436.4993 	EXP 	target_square_2: autoDraw = False
437.4827 	EXP 	fixation_3: autoDraw = False
437.4866 	EXP 	New trial (rep=0, index=18): {'square': 3, 'location': [0.2, 0.2], 'corrAns': None}
437.4871 	EXP 	window1: mouseVisible = False
437.4993 	EXP 	grid_lines_2: autoDraw = False
437.4993 	EXP 	target_square_2: autoDraw = False
437.4993 	EXP 	fixation_3: autoDraw = False
437.4993 	EXP 	target_square_2: pos = array([0.2, 0.2])
437.4993 	EXP 	grid_lines_2: autoDraw = True
437.4993 	EXP 	target_square_2: autoDraw = True
438.4826 	EXP 	fixation_3: autoDraw = True
438.4993 	EXP 	target_square_2: autoDraw = False
439.4827 	EXP 	fixation_3: autoDraw = False
439.4865 	EXP 	New trial (rep=0, index=19): {'square': 5, 'location': [0, 0], 'corrAns': None}
439.4869 	EXP 	window1: mouseVisible = False
439.4993 	EXP 	grid_lines_2: autoDraw = False
439.4993 	EXP 	target_square_2: autoDraw = False
439.4993 	EXP 	fixation_3: autoDraw = False
439.4993 	EXP 	target_square_2: pos = array([0., 0.])
439.4993 	EXP 	grid_lines_2: autoDraw = True
439.4993 	EXP 	target_square_2: autoDraw = True
440.4827 	EXP 	fixation_3: autoDraw = True
440.4993 	EXP 	target_square_2: autoDraw = False
441.4827 	EXP 	fixation_3: autoDraw = False
441.4871 	EXP 	New trial (rep=0, index=20): {'square': 3, 'location': [0.2, 0.2], 'corrAns': 1}
441.4875 	EXP 	window1: mouseVisible = False
441.4993 	EXP 	grid_lines_2: autoDraw = False
441.4993 	EXP 	target_square_2: autoDraw = False
441.4993 	EXP 	fixation_3: autoDraw = False
441.4993 	EXP 	target_square_2: pos = array([0.2, 0.2])
441.4993 	EXP 	grid_lines_2: autoDraw = True
441.4993 	EXP 	target_square_2: autoDraw = True
442.0330 	DATA 	Mouse: Left button down, pos=(971,509)
442.4827 	EXP 	fixation_3: autoDraw = True
442.4993 	EXP 	target_square_2: autoDraw = False
442.6330 	DATA 	Mouse:  Left button up, pos=(971,509)
443.4827 	EXP 	fixation_3: autoDraw = False
443.4866 	EXP 	New trial (rep=0, index=21): {'square': 4, 'location': [-0.2, 0], 'corrAns': None}
443.4871 	EXP 	window1: mouseVisible = False
443.4993 	EXP 	grid_lines_2: autoDraw = False
443.4993 	EXP 	target_square_2: autoDraw = False
443.4993 	EXP 	fixation_3: autoDraw = False
443.4993 	EXP 	target_square_2: pos = array([-0.2,  0. ])
443.4993 	EXP 	grid_lines_2: autoDraw = True
443.4993 	EXP 	target_square_2: autoDraw = True
444.4827 	EXP 	fixation_3: autoDraw = True
444.4994 	EXP 	target_square_2: autoDraw = False
445.4826 	EXP 	fixation_3: autoDraw = False
445.4866 	EXP 	New trial (rep=0, index=22): {'square': 7, 'location': [-0.2, -0.2], 'corrAns': None}
445.4870 	EXP 	window1: mouseVisible = False
445.4994 	EXP 	grid_lines_2: autoDraw = False
445.4994 	EXP 	target_square_2: autoDraw = False
445.4994 	EXP 	fixation_3: autoDraw = False
445.4994 	EXP 	target_square_2: pos = array([-0.2, -0.2])
445.4994 	EXP 	grid_lines_2: autoDraw = True
445.4994 	EXP 	target_square_2: autoDraw = True
446.4827 	EXP 	fixation_3: autoDraw = True
446.4994 	EXP 	target_square_2: autoDraw = False
447.4827 	EXP 	fixation_3: autoDraw = False
447.4865 	EXP 	New trial (rep=0, index=23): {'square': 4, 'location': [-0.2, 0], 'corrAns': 1}
447.4870 	EXP 	window1: mouseVisible = False
447.4994 	EXP 	grid_lines_2: autoDraw = False
447.4994 	EXP 	target_square_2: autoDraw = False
447.4994 	EXP 	fixation_3: autoDraw = False
447.4994 	EXP 	target_square_2: pos = array([-0.2,  0. ])
447.4994 	EXP 	grid_lines_2: autoDraw = True
447.4994 	EXP 	target_square_2: autoDraw = True
448.4827 	EXP 	fixation_3: autoDraw = True
448.4831 	DATA 	Mouse: Left button down, pos=(971,509)
448.4994 	EXP 	target_square_2: autoDraw = False
448.8997 	DATA 	Mouse:  Left button up, pos=(971,509)
449.4827 	EXP 	fixation_3: autoDraw = False
449.4866 	EXP 	New trial (rep=0, index=24): {'square': 4, 'location': [-0.2, 0], 'corrAns': None}
449.4870 	EXP 	window1: mouseVisible = False
449.4994 	EXP 	grid_lines_2: autoDraw = False
449.4994 	EXP 	target_square_2: autoDraw = False
449.4994 	EXP 	fixation_3: autoDraw = False
449.4994 	EXP 	target_square_2: pos = array([-0.2,  0. ])
449.4994 	EXP 	grid_lines_2: autoDraw = True
449.4994 	EXP 	target_square_2: autoDraw = True
450.4827 	EXP 	fixation_3: autoDraw = True
450.4994 	EXP 	target_square_2: autoDraw = False
451.4827 	EXP 	fixation_3: autoDraw = False
451.4867 	EXP 	New trial (rep=0, index=25): {'square': 5, 'location': [0, 0], 'corrAns': None}
451.4871 	EXP 	window1: mouseVisible = False
451.4994 	EXP 	grid_lines_2: autoDraw = False
451.4994 	EXP 	target_square_2: autoDraw = False
451.4994 	EXP 	fixation_3: autoDraw = False
451.4994 	EXP 	target_square_2: pos = array([0., 0.])
451.4994 	EXP 	grid_lines_2: autoDraw = True
451.4994 	EXP 	target_square_2: autoDraw = True
452.4828 	EXP 	fixation_3: autoDraw = True
452.4994 	EXP 	target_square_2: autoDraw = False
453.4828 	EXP 	fixation_3: autoDraw = False
453.4866 	EXP 	New trial (rep=0, index=26): {'square': 2, 'location': [0, 0.2], 'corrAns': None}
453.4870 	EXP 	window1: mouseVisible = False
453.4994 	EXP 	grid_lines_2: autoDraw = False
453.4994 	EXP 	target_square_2: autoDraw = False
453.4994 	EXP 	fixation_3: autoDraw = False
453.4994 	EXP 	target_square_2: pos = array([0. , 0.2])
453.4994 	EXP 	grid_lines_2: autoDraw = True
453.4994 	EXP 	target_square_2: autoDraw = True
454.4828 	EXP 	fixation_3: autoDraw = True
454.4994 	EXP 	target_square_2: autoDraw = False
455.4828 	EXP 	fixation_3: autoDraw = False
455.4866 	EXP 	New trial (rep=0, index=27): {'square': 6, 'location': [0.2, 0], 'corrAns': None}
455.4871 	EXP 	window1: mouseVisible = False
455.4994 	EXP 	grid_lines_2: autoDraw = False
455.4994 	EXP 	target_square_2: autoDraw = False
455.4994 	EXP 	fixation_3: autoDraw = False
455.4994 	EXP 	target_square_2: pos = array([0.2, 0. ])
455.4994 	EXP 	grid_lines_2: autoDraw = True
455.4994 	EXP 	target_square_2: autoDraw = True
456.4828 	EXP 	fixation_3: autoDraw = True
456.4994 	EXP 	target_square_2: autoDraw = False
457.4828 	EXP 	fixation_3: autoDraw = False
457.4868 	EXP 	New trial (rep=0, index=28): {'square': 7, 'location': [-0.2, -0.2], 'corrAns': None}
457.4873 	EXP 	window1: mouseVisible = False
457.4995 	EXP 	grid_lines_2: autoDraw = False
457.4995 	EXP 	target_square_2: autoDraw = False
457.4995 	EXP 	fixation_3: autoDraw = False
457.4995 	EXP 	target_square_2: pos = array([-0.2, -0.2])
457.4995 	EXP 	grid_lines_2: autoDraw = True
457.4995 	EXP 	target_square_2: autoDraw = True
458.4828 	EXP 	fixation_3: autoDraw = True
458.4995 	EXP 	target_square_2: autoDraw = False
459.4828 	EXP 	fixation_3: autoDraw = False
459.4867 	EXP 	New trial (rep=0, index=29): {'square': 6, 'location': [0.2, 0], 'corrAns': 1}
459.4871 	EXP 	window1: mouseVisible = False
459.4995 	EXP 	grid_lines_2: autoDraw = False
459.4995 	EXP 	target_square_2: autoDraw = False
459.4995 	EXP 	fixation_3: autoDraw = False
459.4995 	EXP 	target_square_2: pos = array([0.2, 0. ])
459.4995 	EXP 	grid_lines_2: autoDraw = True
459.4995 	EXP 	target_square_2: autoDraw = True
460.0165 	DATA 	Mouse: Left button down, pos=(971,509)
460.4829 	EXP 	fixation_3: autoDraw = True
460.4995 	EXP 	target_square_2: autoDraw = False
460.5831 	DATA 	Mouse:  Left button up, pos=(971,509)
461.4828 	EXP 	fixation_3: autoDraw = False
461.4868 	EXP 	New trial (rep=0, index=30): {'square': 6, 'location': [0.2, 0], 'corrAns': None}
461.4873 	EXP 	window1: mouseVisible = False
461.4995 	EXP 	grid_lines_2: autoDraw = False
461.4995 	EXP 	target_square_2: autoDraw = False
461.4995 	EXP 	fixation_3: autoDraw = False
461.4995 	EXP 	target_square_2: pos = array([0.2, 0. ])
461.4995 	EXP 	grid_lines_2: autoDraw = True
461.4995 	EXP 	target_square_2: autoDraw = True
462.4828 	EXP 	fixation_3: autoDraw = True
462.4995 	EXP 	target_square_2: autoDraw = False
463.4829 	EXP 	fixation_3: autoDraw = False
463.4868 	EXP 	New trial (rep=0, index=31): {'square': 7, 'location': [-0.2, -0.2], 'corrAns': None}
463.4873 	EXP 	window1: mouseVisible = False
463.4995 	EXP 	grid_lines_2: autoDraw = False
463.4995 	EXP 	target_square_2: autoDraw = False
463.4995 	EXP 	fixation_3: autoDraw = False
463.4995 	EXP 	target_square_2: pos = array([-0.2, -0.2])
463.4995 	EXP 	grid_lines_2: autoDraw = True
463.4995 	EXP 	target_square_2: autoDraw = True
464.4828 	EXP 	fixation_3: autoDraw = True
464.4995 	EXP 	target_square_2: autoDraw = False
465.4829 	EXP 	fixation_3: autoDraw = False
465.4870 	EXP 	New trial (rep=0, index=32): {'square': 6, 'location': [0.2, 0], 'corrAns': 1}
465.4874 	EXP 	window1: mouseVisible = False
465.4995 	EXP 	grid_lines_2: autoDraw = False
465.4995 	EXP 	target_square_2: autoDraw = False
465.4995 	EXP 	fixation_3: autoDraw = False
465.4995 	EXP 	target_square_2: pos = array([0.2, 0. ])
465.4995 	EXP 	grid_lines_2: autoDraw = True
465.4995 	EXP 	target_square_2: autoDraw = True
466.0665 	DATA 	Mouse: Left button down, pos=(971,509)
466.4829 	EXP 	fixation_3: autoDraw = True
466.4995 	EXP 	target_square_2: autoDraw = False
466.7165 	DATA 	Mouse:  Left button up, pos=(971,509)
467.4829 	EXP 	fixation_3: autoDraw = False
467.4868 	EXP 	New trial (rep=0, index=33): {'square': 2, 'location': [0, 0.2], 'corrAns': None}
467.4872 	EXP 	window1: mouseVisible = False
467.4995 	EXP 	grid_lines_2: autoDraw = False
467.4995 	EXP 	target_square_2: autoDraw = False
467.4995 	EXP 	fixation_3: autoDraw = False
467.4995 	EXP 	target_square_2: pos = array([0. , 0.2])
467.4995 	EXP 	grid_lines_2: autoDraw = True
467.4995 	EXP 	target_square_2: autoDraw = True
468.4829 	EXP 	fixation_3: autoDraw = True
468.4995 	EXP 	target_square_2: autoDraw = False
469.4829 	EXP 	fixation_3: autoDraw = False
469.4868 	EXP 	New trial (rep=0, index=34): {'square': 5, 'location': [0, 0], 'corrAns': None}
469.4872 	EXP 	window1: mouseVisible = False
469.4995 	EXP 	grid_lines_2: autoDraw = False
469.4995 	EXP 	target_square_2: autoDraw = False
469.4995 	EXP 	fixation_3: autoDraw = False
469.4995 	EXP 	target_square_2: pos = array([0., 0.])
469.4995 	EXP 	grid_lines_2: autoDraw = True
469.4995 	EXP 	target_square_2: autoDraw = True
470.4829 	EXP 	fixation_3: autoDraw = True
470.4996 	EXP 	target_square_2: autoDraw = False
471.4829 	EXP 	fixation_3: autoDraw = False
471.4869 	EXP 	New trial (rep=0, index=35): {'square': 4, 'location': [-0.2, 0], 'corrAns': None}
471.4874 	EXP 	window1: mouseVisible = False
471.4996 	EXP 	grid_lines_2: autoDraw = False
471.4996 	EXP 	target_square_2: autoDraw = False
471.4996 	EXP 	fixation_3: autoDraw = False
471.4996 	EXP 	target_square_2: pos = array([-0.2,  0. ])
471.4996 	EXP 	grid_lines_2: autoDraw = True
471.4996 	EXP 	target_square_2: autoDraw = True
472.4829 	EXP 	fixation_3: autoDraw = True
472.4995 	EXP 	target_square_2: autoDraw = False
473.4829 	EXP 	fixation_3: autoDraw = False
473.4868 	EXP 	New trial (rep=0, index=36): {'square': 4, 'location': [-0.2, 0], 'corrAns': None}
473.4872 	EXP 	window1: mouseVisible = False
473.4996 	EXP 	grid_lines_2: autoDraw = False
473.4996 	EXP 	target_square_2: autoDraw = False
473.4996 	EXP 	fixation_3: autoDraw = False
473.4996 	EXP 	target_square_2: pos = array([-0.2,  0. ])
473.4996 	EXP 	grid_lines_2: autoDraw = True
473.4996 	EXP 	target_square_2: autoDraw = True
474.4829 	EXP 	fixation_3: autoDraw = True
474.4996 	EXP 	target_square_2: autoDraw = False
475.4829 	EXP 	fixation_3: autoDraw = False
475.4868 	EXP 	New trial (rep=0, index=37): {'square': 7, 'location': [-0.2, -0.2], 'corrAns': None}
475.4872 	EXP 	window1: mouseVisible = False
475.4996 	EXP 	grid_lines_2: autoDraw = False
475.4996 	EXP 	target_square_2: autoDraw = False
475.4996 	EXP 	fixation_3: autoDraw = False
475.4996 	EXP 	target_square_2: pos = array([-0.2, -0.2])
475.4996 	EXP 	grid_lines_2: autoDraw = True
475.4996 	EXP 	target_square_2: autoDraw = True
476.4829 	EXP 	fixation_3: autoDraw = True
476.4996 	EXP 	target_square_2: autoDraw = False
477.4829 	EXP 	fixation_3: autoDraw = False
477.4869 	EXP 	New trial (rep=0, index=38): {'square': 4, 'location': [-0.2, 0], 'corrAns': 1}
477.4873 	EXP 	window1: mouseVisible = False
477.4996 	EXP 	grid_lines_2: autoDraw = False
477.4996 	EXP 	target_square_2: autoDraw = False
477.4996 	EXP 	fixation_3: autoDraw = False
477.4996 	EXP 	target_square_2: pos = array([-0.2,  0. ])
477.4996 	EXP 	grid_lines_2: autoDraw = True
477.4996 	EXP 	target_square_2: autoDraw = True
478.4666 	DATA 	Mouse: Left button down, pos=(971,509)
478.4829 	EXP 	fixation_3: autoDraw = True
478.4996 	EXP 	target_square_2: autoDraw = False
478.8666 	DATA 	Mouse:  Left button up, pos=(971,509)
479.4830 	EXP 	fixation_3: autoDraw = False
479.4870 	EXP 	New trial (rep=0, index=39): {'square': 3, 'location': [0.2, 0.2], 'corrAns': None}
479.4875 	EXP 	window1: mouseVisible = False
479.4996 	EXP 	grid_lines_2: autoDraw = False
479.4996 	EXP 	target_square_2: autoDraw = False
479.4996 	EXP 	fixation_3: autoDraw = False
479.4996 	EXP 	target_square_2: pos = array([0.2, 0.2])
479.4996 	EXP 	grid_lines_2: autoDraw = True
479.4996 	EXP 	target_square_2: autoDraw = True
480.4830 	EXP 	fixation_3: autoDraw = True
480.4996 	EXP 	target_square_2: autoDraw = False
481.4830 	EXP 	fixation_3: autoDraw = False
481.4870 	EXP 	New trial (rep=0, index=40): {'square': 5, 'location': [0, 0], 'corrAns': None}
481.4874 	EXP 	window1: mouseVisible = False
481.4996 	EXP 	grid_lines_2: autoDraw = False
481.4996 	EXP 	target_square_2: autoDraw = False
481.4996 	EXP 	fixation_3: autoDraw = False
481.4996 	EXP 	target_square_2: pos = array([0., 0.])
481.4996 	EXP 	grid_lines_2: autoDraw = True
481.4996 	EXP 	target_square_2: autoDraw = True
482.4830 	EXP 	fixation_3: autoDraw = True
482.4996 	EXP 	target_square_2: autoDraw = False
483.4830 	EXP 	fixation_3: autoDraw = False
483.4869 	EXP 	New trial (rep=0, index=41): {'square': 3, 'location': [0.2, 0.2], 'corrAns': 1}
483.4873 	EXP 	window1: mouseVisible = False
483.4997 	EXP 	grid_lines_2: autoDraw = False
483.4997 	EXP 	target_square_2: autoDraw = False
483.4997 	EXP 	fixation_3: autoDraw = False
483.4997 	EXP 	target_square_2: pos = array([0.2, 0.2])
483.4997 	EXP 	grid_lines_2: autoDraw = True
483.4997 	EXP 	target_square_2: autoDraw = True
483.9500 	DATA 	Mouse: Left button down, pos=(971,509)
484.4829 	EXP 	fixation_3: autoDraw = True
484.4997 	EXP 	target_square_2: autoDraw = False
484.6166 	DATA 	Mouse:  Left button up, pos=(971,509)
485.4830 	EXP 	fixation_3: autoDraw = False
485.4869 	EXP 	New trial (rep=0, index=42): {'square': 1, 'location': [-0.2, 0.2], 'corrAns': None}
485.4873 	EXP 	window1: mouseVisible = False
485.4997 	EXP 	grid_lines_2: autoDraw = False
485.4997 	EXP 	target_square_2: autoDraw = False
485.4997 	EXP 	fixation_3: autoDraw = False
485.4997 	EXP 	target_square_2: pos = array([-0.2,  0.2])
485.4997 	EXP 	grid_lines_2: autoDraw = True
485.4997 	EXP 	target_square_2: autoDraw = True
486.4830 	EXP 	fixation_3: autoDraw = True
486.4997 	EXP 	target_square_2: autoDraw = False
487.4830 	EXP 	fixation_3: autoDraw = False
487.4868 	EXP 	New trial (rep=0, index=43): {'square': 9, 'location': [0.2, -0.2], 'corrAns': None}
487.4873 	EXP 	window1: mouseVisible = False
487.4997 	EXP 	grid_lines_2: autoDraw = False
487.4997 	EXP 	target_square_2: autoDraw = False
487.4997 	EXP 	fixation_3: autoDraw = False
487.4997 	EXP 	target_square_2: pos = array([ 0.2, -0.2])
487.4997 	EXP 	grid_lines_2: autoDraw = True
487.4997 	EXP 	target_square_2: autoDraw = True
488.4830 	EXP 	fixation_3: autoDraw = True
488.4997 	EXP 	target_square_2: autoDraw = False
489.4830 	EXP 	fixation_3: autoDraw = False
489.4868 	EXP 	New trial (rep=0, index=44): {'square': 9, 'location': [0.2, -0.2], 'corrAns': None}
489.4873 	EXP 	window1: mouseVisible = False
489.4997 	EXP 	grid_lines_2: autoDraw = False
489.4997 	EXP 	target_square_2: autoDraw = False
489.4997 	EXP 	fixation_3: autoDraw = False
489.4997 	EXP 	target_square_2: pos = array([ 0.2, -0.2])
489.4997 	EXP 	grid_lines_2: autoDraw = True
489.4997 	EXP 	target_square_2: autoDraw = True
490.4830 	EXP 	fixation_3: autoDraw = True
490.4996 	EXP 	target_square_2: autoDraw = False
491.4831 	EXP 	fixation_3: autoDraw = False
491.4870 	EXP 	New trial (rep=0, index=45): {'square': 8, 'location': [0, -0.2], 'corrAns': None}
491.4875 	EXP 	window1: mouseVisible = False
491.4997 	EXP 	grid_lines_2: autoDraw = False
491.4997 	EXP 	target_square_2: autoDraw = False
491.4997 	EXP 	fixation_3: autoDraw = False
491.4997 	EXP 	target_square_2: pos = array([ 0. , -0.2])
491.4997 	EXP 	grid_lines_2: autoDraw = True
491.4997 	EXP 	target_square_2: autoDraw = True
492.4831 	EXP 	fixation_3: autoDraw = True
492.4998 	EXP 	target_square_2: autoDraw = False
493.4831 	EXP 	fixation_3: autoDraw = False
493.4870 	EXP 	New trial (rep=0, index=46): {'square': 6, 'location': [0.2, 0], 'corrAns': None}
493.4875 	EXP 	window1: mouseVisible = False
493.4996 	EXP 	grid_lines_2: autoDraw = False
493.4996 	EXP 	target_square_2: autoDraw = False
493.4996 	EXP 	fixation_3: autoDraw = False
493.4996 	EXP 	target_square_2: pos = array([0.2, 0. ])
493.4996 	EXP 	grid_lines_2: autoDraw = True
493.4996 	EXP 	target_square_2: autoDraw = True
494.4831 	EXP 	fixation_3: autoDraw = True
494.4997 	EXP 	target_square_2: autoDraw = False
495.4831 	EXP 	fixation_3: autoDraw = False
495.4871 	EXP 	New trial (rep=0, index=47): {'square': 3, 'location': [0.2, 0.2], 'corrAns': None}
495.4876 	EXP 	window1: mouseVisible = False
495.4998 	EXP 	grid_lines_2: autoDraw = False
495.4998 	EXP 	target_square_2: autoDraw = False
495.4998 	EXP 	fixation_3: autoDraw = False
495.4998 	EXP 	target_square_2: pos = array([0.2, 0.2])
495.4998 	EXP 	grid_lines_2: autoDraw = True
495.4998 	EXP 	target_square_2: autoDraw = True
496.4831 	EXP 	fixation_3: autoDraw = True
496.4998 	EXP 	target_square_2: autoDraw = False
497.4831 	EXP 	fixation_3: autoDraw = False
497.4870 	EXP 	New trial (rep=0, index=48): {'square': 6, 'location': [0.2, 0], 'corrAns': 1}
497.4875 	EXP 	window1: mouseVisible = False
497.4998 	EXP 	grid_lines_2: autoDraw = False
497.4998 	EXP 	target_square_2: autoDraw = False
497.4998 	EXP 	fixation_3: autoDraw = False
497.4998 	EXP 	target_square_2: pos = array([0.2, 0. ])
497.4998 	EXP 	grid_lines_2: autoDraw = True
497.4998 	EXP 	target_square_2: autoDraw = True
498.0501 	DATA 	Mouse: Left button down, pos=(971,509)
498.4831 	EXP 	fixation_3: autoDraw = True
498.4998 	EXP 	target_square_2: autoDraw = False
498.5001 	DATA 	Mouse:  Left button up, pos=(971,509)
499.4831 	EXP 	fixation_3: autoDraw = False
499.4870 	EXP 	New trial (rep=0, index=49): {'square': 5, 'location': [0, 0], 'corrAns': None}
499.4874 	EXP 	window1: mouseVisible = False
499.4998 	EXP 	grid_lines_2: autoDraw = False
499.4998 	EXP 	target_square_2: autoDraw = False
499.4998 	EXP 	fixation_3: autoDraw = False
499.4998 	EXP 	target_square_2: pos = array([0., 0.])
499.4998 	EXP 	grid_lines_2: autoDraw = True
499.4998 	EXP 	target_square_2: autoDraw = True
500.4831 	EXP 	fixation_3: autoDraw = True
500.4998 	EXP 	target_square_2: autoDraw = False
501.4831 	EXP 	fixation_3: autoDraw = False
501.4871 	EXP 	New trial (rep=0, index=50): {'square': 7, 'location': [-0.2, -0.2], 'corrAns': None}
501.4876 	EXP 	window1: mouseVisible = False
501.4998 	EXP 	grid_lines_2: autoDraw = False
501.4998 	EXP 	target_square_2: autoDraw = False
501.4998 	EXP 	fixation_3: autoDraw = False
501.4998 	EXP 	target_square_2: pos = array([-0.2, -0.2])
501.4998 	EXP 	grid_lines_2: autoDraw = True
501.4998 	EXP 	target_square_2: autoDraw = True
502.4831 	EXP 	fixation_3: autoDraw = True
502.4998 	EXP 	target_square_2: autoDraw = False
503.4831 	EXP 	fixation_3: autoDraw = False
503.4870 	EXP 	New trial (rep=0, index=51): {'square': 5, 'location': [0, 0], 'corrAns': 1}
503.4874 	EXP 	window1: mouseVisible = False
503.4998 	EXP 	grid_lines_2: autoDraw = False
503.4998 	EXP 	target_square_2: autoDraw = False
503.4998 	EXP 	fixation_3: autoDraw = False
503.4998 	EXP 	target_square_2: pos = array([0., 0.])
503.4998 	EXP 	grid_lines_2: autoDraw = True
503.4998 	EXP 	target_square_2: autoDraw = True
504.0002 	DATA 	Mouse: Left button down, pos=(971,509)
504.4832 	EXP 	fixation_3: autoDraw = True
504.4998 	EXP 	target_square_2: autoDraw = False
504.7501 	DATA 	Mouse:  Left button up, pos=(971,509)
505.4832 	EXP 	fixation_3: autoDraw = False
505.4872 	EXP 	New trial (rep=0, index=52): {'square': 1, 'location': [-0.2, 0.2], 'corrAns': None}
505.4877 	EXP 	window1: mouseVisible = False
505.4998 	EXP 	grid_lines_2: autoDraw = False
505.4998 	EXP 	target_square_2: autoDraw = False
505.4998 	EXP 	fixation_3: autoDraw = False
505.4998 	EXP 	target_square_2: pos = array([-0.2,  0.2])
505.4998 	EXP 	grid_lines_2: autoDraw = True
505.4998 	EXP 	target_square_2: autoDraw = True
506.4832 	EXP 	fixation_3: autoDraw = True
506.4998 	EXP 	target_square_2: autoDraw = False
507.4832 	EXP 	fixation_3: autoDraw = False
507.4871 	EXP 	New trial (rep=0, index=53): {'square': 7, 'location': [-0.2, -0.2], 'corrAns': None}
507.4876 	EXP 	window1: mouseVisible = False
507.4999 	EXP 	grid_lines_2: autoDraw = False
507.4999 	EXP 	target_square_2: autoDraw = False
507.4999 	EXP 	fixation_3: autoDraw = False
507.4999 	EXP 	target_square_2: pos = array([-0.2, -0.2])
507.4999 	EXP 	grid_lines_2: autoDraw = True
507.4999 	EXP 	target_square_2: autoDraw = True
508.4832 	EXP 	fixation_3: autoDraw = True
508.4999 	EXP 	target_square_2: autoDraw = False
509.4832 	EXP 	fixation_3: autoDraw = False
509.4870 	EXP 	New trial (rep=0, index=54): {'square': 9, 'location': [0.2, -0.2], 'corrAns': None}
509.4875 	EXP 	window1: mouseVisible = False
509.4999 	EXP 	grid_lines_2: autoDraw = False
509.4999 	EXP 	target_square_2: autoDraw = False
509.4999 	EXP 	fixation_3: autoDraw = False
509.4999 	EXP 	target_square_2: pos = array([ 0.2, -0.2])
509.4999 	EXP 	grid_lines_2: autoDraw = True
509.4999 	EXP 	target_square_2: autoDraw = True
510.4832 	EXP 	fixation_3: autoDraw = True
510.4999 	EXP 	target_square_2: autoDraw = False
511.4832 	EXP 	fixation_3: autoDraw = False
511.4871 	EXP 	New trial (rep=0, index=55): {'square': 3, 'location': [0.2, 0.2], 'corrAns': None}
511.4876 	EXP 	window1: mouseVisible = False
511.4999 	EXP 	grid_lines_2: autoDraw = False
511.4999 	EXP 	target_square_2: autoDraw = False
511.4999 	EXP 	fixation_3: autoDraw = False
511.4999 	EXP 	target_square_2: pos = array([0.2, 0.2])
511.4999 	EXP 	grid_lines_2: autoDraw = True
511.4999 	EXP 	target_square_2: autoDraw = True
512.4832 	EXP 	fixation_3: autoDraw = True
512.4999 	EXP 	target_square_2: autoDraw = False
513.4832 	EXP 	fixation_3: autoDraw = False
513.4870 	EXP 	New trial (rep=0, index=56): {'square': 9, 'location': [0.2, -0.2], 'corrAns': 1}
513.4875 	EXP 	window1: mouseVisible = False
513.4999 	EXP 	grid_lines_2: autoDraw = False
513.4999 	EXP 	target_square_2: autoDraw = False
513.4999 	EXP 	fixation_3: autoDraw = False
513.4999 	EXP 	target_square_2: pos = array([ 0.2, -0.2])
513.4999 	EXP 	grid_lines_2: autoDraw = True
513.4999 	EXP 	target_square_2: autoDraw = True
513.9836 	DATA 	Mouse: Left button down, pos=(971,509)
514.4832 	EXP 	fixation_3: autoDraw = True
514.4999 	EXP 	target_square_2: autoDraw = False
514.5835 	DATA 	Mouse:  Left button up, pos=(971,509)
515.4832 	EXP 	fixation_3: autoDraw = False
515.4870 	EXP 	New trial (rep=0, index=57): {'square': 6, 'location': [0.2, 0], 'corrAns': None}
515.4875 	EXP 	window1: mouseVisible = False
515.4999 	EXP 	grid_lines_2: autoDraw = False
515.4999 	EXP 	target_square_2: autoDraw = False
515.4999 	EXP 	fixation_3: autoDraw = False
515.4999 	EXP 	target_square_2: pos = array([0.2, 0. ])
515.4999 	EXP 	grid_lines_2: autoDraw = True
515.4999 	EXP 	target_square_2: autoDraw = True
516.4833 	EXP 	fixation_3: autoDraw = True
516.4999 	EXP 	target_square_2: autoDraw = False
517.4832 	EXP 	fixation_3: autoDraw = False
517.4872 	EXP 	New trial (rep=0, index=58): {'square': 2, 'location': [0, 0.2], 'corrAns': None}
517.4876 	EXP 	window1: mouseVisible = False
517.4999 	EXP 	grid_lines_2: autoDraw = False
517.4999 	EXP 	target_square_2: autoDraw = False
517.4999 	EXP 	fixation_3: autoDraw = False
517.4999 	EXP 	target_square_2: pos = array([0. , 0.2])
517.4999 	EXP 	grid_lines_2: autoDraw = True
517.4999 	EXP 	target_square_2: autoDraw = True
518.4833 	EXP 	fixation_3: autoDraw = True
518.4999 	EXP 	target_square_2: autoDraw = False
519.4833 	EXP 	fixation_3: autoDraw = False
519.4875 	EXP 	New trial (rep=0, index=59): {'square': 5, 'location': [0, 0], 'corrAns': None}
519.4879 	EXP 	window1: mouseVisible = False
519.5000 	EXP 	grid_lines_2: autoDraw = False
519.5000 	EXP 	target_square_2: autoDraw = False
519.5000 	EXP 	fixation_3: autoDraw = False
519.5000 	EXP 	target_square_2: pos = array([0., 0.])
519.5000 	EXP 	grid_lines_2: autoDraw = True
519.5000 	EXP 	target_square_2: autoDraw = True
520.4833 	EXP 	fixation_3: autoDraw = True
520.4999 	EXP 	target_square_2: autoDraw = False
521.4833 	EXP 	fixation_3: autoDraw = False
521.4873 	EXP 	New trial (rep=0, index=60): {'square': 5, 'location': [0, 0], 'corrAns': None}
521.4877 	EXP 	window1: mouseVisible = False
521.4999 	EXP 	grid_lines_2: autoDraw = False
521.4999 	EXP 	target_square_2: autoDraw = False
521.4999 	EXP 	fixation_3: autoDraw = False
521.4999 	EXP 	target_square_2: pos = array([0., 0.])
521.4999 	EXP 	grid_lines_2: autoDraw = True
521.4999 	EXP 	target_square_2: autoDraw = True
522.4833 	EXP 	fixation_3: autoDraw = True
522.5000 	EXP 	target_square_2: autoDraw = False
523.4832 	EXP 	fixation_3: autoDraw = False
523.4871 	EXP 	New trial (rep=0, index=61): {'square': 2, 'location': [0, 0.2], 'corrAns': None}
523.4875 	EXP 	window1: mouseVisible = False
523.4999 	EXP 	grid_lines_2: autoDraw = False
523.4999 	EXP 	target_square_2: autoDraw = False
523.4999 	EXP 	fixation_3: autoDraw = False
523.4999 	EXP 	target_square_2: pos = array([0. , 0.2])
523.4999 	EXP 	grid_lines_2: autoDraw = True
523.4999 	EXP 	target_square_2: autoDraw = True
524.4833 	EXP 	fixation_3: autoDraw = True
524.5000 	EXP 	target_square_2: autoDraw = False
525.4833 	EXP 	fixation_3: autoDraw = False
525.4871 	EXP 	New trial (rep=0, index=62): {'square': 6, 'location': [0.2, 0], 'corrAns': None}
525.4876 	EXP 	window1: mouseVisible = False
525.5000 	EXP 	grid_lines_2: autoDraw = False
525.5000 	EXP 	target_square_2: autoDraw = False
525.5000 	EXP 	fixation_3: autoDraw = False
525.5000 	EXP 	target_square_2: pos = array([0.2, 0. ])
525.5000 	EXP 	grid_lines_2: autoDraw = True
525.5000 	EXP 	target_square_2: autoDraw = True
526.4833 	EXP 	fixation_3: autoDraw = True
526.5000 	EXP 	target_square_2: autoDraw = False
527.4833 	EXP 	fixation_3: autoDraw = False
527.4873 	EXP 	New trial (rep=0, index=63): {'square': 9, 'location': [0.2, -0.2], 'corrAns': None}
527.4878 	EXP 	window1: mouseVisible = False
527.5000 	EXP 	grid_lines_2: autoDraw = False
527.5000 	EXP 	target_square_2: autoDraw = False
527.5000 	EXP 	fixation_3: autoDraw = False
527.5000 	EXP 	target_square_2: pos = array([ 0.2, -0.2])
527.5000 	EXP 	grid_lines_2: autoDraw = True
527.5000 	EXP 	target_square_2: autoDraw = True
528.4833 	EXP 	fixation_3: autoDraw = True
528.5000 	EXP 	target_square_2: autoDraw = False
529.4833 	EXP 	fixation_3: autoDraw = False
529.4873 	EXP 	New trial (rep=0, index=64): {'square': 3, 'location': [0.2, 0.2], 'corrAns': None}
529.4878 	EXP 	window1: mouseVisible = False
529.5000 	EXP 	grid_lines_2: autoDraw = False
529.5000 	EXP 	target_square_2: autoDraw = False
529.5000 	EXP 	fixation_3: autoDraw = False
529.5000 	EXP 	target_square_2: pos = array([0.2, 0.2])
529.5000 	EXP 	grid_lines_2: autoDraw = True
529.5000 	EXP 	target_square_2: autoDraw = True
530.4834 	EXP 	fixation_3: autoDraw = True
530.5000 	EXP 	target_square_2: autoDraw = False
531.4834 	EXP 	fixation_3: autoDraw = False
531.4872 	EXP 	New trial (rep=0, index=65): {'square': 9, 'location': [0.2, -0.2], 'corrAns': 1}
531.4877 	EXP 	window1: mouseVisible = False
531.5000 	EXP 	grid_lines_2: autoDraw = False
531.5000 	EXP 	target_square_2: autoDraw = False
531.5000 	EXP 	fixation_3: autoDraw = False
531.5000 	EXP 	target_square_2: pos = array([ 0.2, -0.2])
531.5000 	EXP 	grid_lines_2: autoDraw = True
531.5000 	EXP 	target_square_2: autoDraw = True
531.8171 	DATA 	Mouse: Left button down, pos=(971,509)
532.4834 	EXP 	fixation_3: autoDraw = True
532.5000 	EXP 	target_square_2: autoDraw = False
532.5836 	DATA 	Mouse:  Left button up, pos=(971,509)
533.4834 	EXP 	fixation_3: autoDraw = False
533.4874 	EXP 	New trial (rep=0, index=66): {'square': 7, 'location': [-0.2, -0.2], 'corrAns': None}
533.4878 	EXP 	window1: mouseVisible = False
533.5000 	EXP 	grid_lines_2: autoDraw = False
533.5000 	EXP 	target_square_2: autoDraw = False
533.5000 	EXP 	fixation_3: autoDraw = False
533.5000 	EXP 	target_square_2: pos = array([-0.2, -0.2])
533.5000 	EXP 	grid_lines_2: autoDraw = True
533.5000 	EXP 	target_square_2: autoDraw = True
534.4834 	EXP 	fixation_3: autoDraw = True
534.5001 	EXP 	target_square_2: autoDraw = False
535.4834 	EXP 	fixation_3: autoDraw = False
535.4873 	EXP 	New trial (rep=0, index=67): {'square': 1, 'location': [-0.2, 0.2], 'corrAns': None}
535.4878 	EXP 	window1: mouseVisible = False
535.5001 	EXP 	grid_lines_2: autoDraw = False
535.5001 	EXP 	target_square_2: autoDraw = False
535.5001 	EXP 	fixation_3: autoDraw = False
535.5001 	EXP 	target_square_2: pos = array([-0.2,  0.2])
535.5001 	EXP 	grid_lines_2: autoDraw = True
535.5001 	EXP 	target_square_2: autoDraw = True
536.4834 	EXP 	fixation_3: autoDraw = True
536.5001 	EXP 	target_square_2: autoDraw = False
537.4834 	EXP 	fixation_3: autoDraw = False
537.4873 	EXP 	New trial (rep=0, index=68): {'square': 5, 'location': [0, 0], 'corrAns': None}
537.4877 	EXP 	window1: mouseVisible = False
537.5001 	EXP 	grid_lines_2: autoDraw = False
537.5001 	EXP 	target_square_2: autoDraw = False
537.5001 	EXP 	fixation_3: autoDraw = False
537.5001 	EXP 	target_square_2: pos = array([0., 0.])
537.5001 	EXP 	grid_lines_2: autoDraw = True
537.5001 	EXP 	target_square_2: autoDraw = True
538.4834 	EXP 	fixation_3: autoDraw = True
538.5001 	EXP 	target_square_2: autoDraw = False
539.4834 	EXP 	fixation_3: autoDraw = False
539.4873 	EXP 	New trial (rep=0, index=69): {'square': 7, 'location': [-0.2, -0.2], 'corrAns': None}
539.4878 	EXP 	window1: mouseVisible = False
539.5001 	EXP 	grid_lines_2: autoDraw = False
539.5001 	EXP 	target_square_2: autoDraw = False
539.5001 	EXP 	fixation_3: autoDraw = False
539.5001 	EXP 	target_square_2: pos = array([-0.2, -0.2])
539.5001 	EXP 	grid_lines_2: autoDraw = True
539.5001 	EXP 	target_square_2: autoDraw = True
540.4834 	EXP 	fixation_3: autoDraw = True
540.5001 	EXP 	target_square_2: autoDraw = False
541.4834 	EXP 	fixation_3: autoDraw = False
541.4875 	EXP 	New trial (rep=0, index=70): {'square': 5, 'location': [0, 0], 'corrAns': 1}
541.4879 	EXP 	window1: mouseVisible = False
541.5001 	EXP 	grid_lines_2: autoDraw = False
541.5001 	EXP 	target_square_2: autoDraw = False
541.5001 	EXP 	fixation_3: autoDraw = False
541.5001 	EXP 	target_square_2: pos = array([0., 0.])
541.5001 	EXP 	grid_lines_2: autoDraw = True
541.5001 	EXP 	target_square_2: autoDraw = True
542.0504 	DATA 	Mouse: Left button down, pos=(971,509)
542.4834 	EXP 	fixation_3: autoDraw = True
542.5001 	EXP 	target_square_2: autoDraw = False
542.5504 	DATA 	Mouse:  Left button up, pos=(971,509)
543.4834 	EXP 	fixation_3: autoDraw = False
543.4873 	EXP 	New trial (rep=0, index=71): {'square': 6, 'location': [0.2, 0], 'corrAns': None}
543.4877 	EXP 	window1: mouseVisible = False
543.5001 	EXP 	grid_lines_2: autoDraw = False
543.5001 	EXP 	target_square_2: autoDraw = False
543.5001 	EXP 	fixation_3: autoDraw = False
543.5001 	EXP 	target_square_2: pos = array([0.2, 0. ])
543.5001 	EXP 	grid_lines_2: autoDraw = True
543.5001 	EXP 	target_square_2: autoDraw = True
544.4834 	EXP 	fixation_3: autoDraw = True
544.5001 	EXP 	target_square_2: autoDraw = False
545.4835 	EXP 	fixation_3: autoDraw = False
545.4873 	EXP 	New trial (rep=0, index=72): {'square': 3, 'location': [0.2, 0.2], 'corrAns': None}
545.4878 	EXP 	window1: mouseVisible = False
545.5001 	EXP 	grid_lines_2: autoDraw = False
545.5001 	EXP 	target_square_2: autoDraw = False
545.5001 	EXP 	fixation_3: autoDraw = False
545.5001 	EXP 	target_square_2: pos = array([0.2, 0.2])
545.5001 	EXP 	grid_lines_2: autoDraw = True
545.5001 	EXP 	target_square_2: autoDraw = True
546.4835 	EXP 	fixation_3: autoDraw = True
546.5001 	EXP 	target_square_2: autoDraw = False
547.4835 	EXP 	fixation_3: autoDraw = False
547.4873 	EXP 	New trial (rep=0, index=73): {'square': 6, 'location': [0.2, 0], 'corrAns': 1}
547.4878 	EXP 	window1: mouseVisible = False
547.5002 	EXP 	grid_lines_2: autoDraw = False
547.5002 	EXP 	target_square_2: autoDraw = False
547.5002 	EXP 	fixation_3: autoDraw = False
547.5002 	EXP 	target_square_2: pos = array([0.2, 0. ])
547.5002 	EXP 	grid_lines_2: autoDraw = True
547.5002 	EXP 	target_square_2: autoDraw = True
548.0172 	DATA 	Mouse: Left button down, pos=(971,509)
548.3838 	DATA 	Mouse:  Left button up, pos=(971,509)
548.4835 	EXP 	fixation_3: autoDraw = True
548.5002 	EXP 	target_square_2: autoDraw = False
549.4835 	EXP 	fixation_3: autoDraw = False
549.4874 	EXP 	New trial (rep=0, index=74): {'square': 8, 'location': [0, -0.2], 'corrAns': None}
549.4878 	EXP 	window1: mouseVisible = False
549.5002 	EXP 	grid_lines_2: autoDraw = False
549.5002 	EXP 	target_square_2: autoDraw = False
549.5002 	EXP 	fixation_3: autoDraw = False
549.5002 	EXP 	target_square_2: pos = array([ 0. , -0.2])
549.5002 	EXP 	grid_lines_2: autoDraw = True
549.5002 	EXP 	target_square_2: autoDraw = True
550.4835 	EXP 	fixation_3: autoDraw = True
550.5002 	EXP 	target_square_2: autoDraw = False
551.4835 	EXP 	fixation_3: autoDraw = False
551.4875 	EXP 	New trial (rep=0, index=75): {'square': 9, 'location': [0.2, -0.2], 'corrAns': None}
551.4880 	EXP 	window1: mouseVisible = False
551.5002 	EXP 	grid_lines_2: autoDraw = False
551.5002 	EXP 	target_square_2: autoDraw = False
551.5002 	EXP 	fixation_3: autoDraw = False
551.5002 	EXP 	target_square_2: pos = array([ 0.2, -0.2])
551.5002 	EXP 	grid_lines_2: autoDraw = True
551.5002 	EXP 	target_square_2: autoDraw = True
552.4835 	EXP 	fixation_3: autoDraw = True
552.5002 	EXP 	target_square_2: autoDraw = False
553.4835 	EXP 	fixation_3: autoDraw = False
553.4874 	EXP 	New trial (rep=0, index=76): {'square': 9, 'location': [0.2, -0.2], 'corrAns': None}
553.4879 	EXP 	window1: mouseVisible = False
553.5002 	EXP 	grid_lines_2: autoDraw = False
553.5002 	EXP 	target_square_2: autoDraw = False
553.5002 	EXP 	fixation_3: autoDraw = False
553.5002 	EXP 	target_square_2: pos = array([ 0.2, -0.2])
553.5002 	EXP 	grid_lines_2: autoDraw = True
553.5002 	EXP 	target_square_2: autoDraw = True
554.4835 	EXP 	fixation_3: autoDraw = True
554.5002 	EXP 	target_square_2: autoDraw = False
555.4835 	EXP 	fixation_3: autoDraw = False
555.4874 	EXP 	New trial (rep=0, index=77): {'square': 1, 'location': [-0.2, 0.2], 'corrAns': None}
555.4878 	EXP 	window1: mouseVisible = False
555.5001 	EXP 	grid_lines_2: autoDraw = False
555.5001 	EXP 	target_square_2: autoDraw = False
555.5001 	EXP 	fixation_3: autoDraw = False
555.5001 	EXP 	target_square_2: pos = array([-0.2,  0.2])
555.5001 	EXP 	grid_lines_2: autoDraw = True
555.5001 	EXP 	target_square_2: autoDraw = True
556.4835 	EXP 	fixation_3: autoDraw = True
556.5002 	EXP 	target_square_2: autoDraw = False
557.4836 	EXP 	fixation_3: autoDraw = False
557.4874 	EXP 	New trial (rep=0, index=78): {'square': 3, 'location': [0.2, 0.2], 'corrAns': None}
557.4878 	EXP 	window1: mouseVisible = False
557.5002 	EXP 	grid_lines_2: autoDraw = False
557.5002 	EXP 	target_square_2: autoDraw = False
557.5002 	EXP 	fixation_3: autoDraw = False
557.5002 	EXP 	target_square_2: pos = array([0.2, 0.2])
557.5002 	EXP 	grid_lines_2: autoDraw = True
557.5002 	EXP 	target_square_2: autoDraw = True
558.4836 	EXP 	fixation_3: autoDraw = True
558.5003 	EXP 	target_square_2: autoDraw = False
559.4836 	EXP 	fixation_3: autoDraw = False
559.4874 	EXP 	New trial (rep=0, index=79): {'square': 5, 'location': [0, 0], 'corrAns': None}
559.4878 	EXP 	window1: mouseVisible = False
559.5002 	EXP 	grid_lines_2: autoDraw = False
559.5002 	EXP 	target_square_2: autoDraw = False
559.5002 	EXP 	fixation_3: autoDraw = False
559.5002 	EXP 	target_square_2: pos = array([0., 0.])
559.5002 	EXP 	grid_lines_2: autoDraw = True
559.5002 	EXP 	target_square_2: autoDraw = True
560.4836 	EXP 	fixation_3: autoDraw = True
560.5002 	EXP 	target_square_2: autoDraw = False
561.4836 	EXP 	fixation_3: autoDraw = False
561.4876 	EXP 	New trial (rep=0, index=80): {'square': 3, 'location': [0.2, 0.2], 'corrAns': 1}
561.4881 	EXP 	window1: mouseVisible = False
561.5003 	EXP 	grid_lines_2: autoDraw = False
561.5003 	EXP 	target_square_2: autoDraw = False
561.5003 	EXP 	fixation_3: autoDraw = False
561.5003 	EXP 	target_square_2: pos = array([0.2, 0.2])
561.5003 	EXP 	grid_lines_2: autoDraw = True
561.5003 	EXP 	target_square_2: autoDraw = True
562.0673 	DATA 	Mouse: Left button down, pos=(971,509)
562.4836 	EXP 	fixation_3: autoDraw = True
562.5003 	EXP 	target_square_2: autoDraw = False
562.5672 	DATA 	Mouse:  Left button up, pos=(971,509)
563.4836 	EXP 	fixation_3: autoDraw = False
563.4874 	EXP 	New trial (rep=0, index=81): {'square': 4, 'location': [-0.2, 0], 'corrAns': None}
563.4879 	EXP 	window1: mouseVisible = False
563.5003 	EXP 	grid_lines_2: autoDraw = False
563.5003 	EXP 	target_square_2: autoDraw = False
563.5003 	EXP 	fixation_3: autoDraw = False
563.5003 	EXP 	target_square_2: pos = array([-0.2,  0. ])
563.5003 	EXP 	grid_lines_2: autoDraw = True
563.5003 	EXP 	target_square_2: autoDraw = True
564.4836 	EXP 	fixation_3: autoDraw = True
564.5003 	EXP 	target_square_2: autoDraw = False
565.4836 	EXP 	fixation_3: autoDraw = False
565.4874 	EXP 	New trial (rep=0, index=82): {'square': 7, 'location': [-0.2, -0.2], 'corrAns': None}
565.4879 	EXP 	window1: mouseVisible = False
565.5003 	EXP 	grid_lines_2: autoDraw = False
565.5003 	EXP 	target_square_2: autoDraw = False
565.5003 	EXP 	fixation_3: autoDraw = False
565.5003 	EXP 	target_square_2: pos = array([-0.2, -0.2])
565.5003 	EXP 	grid_lines_2: autoDraw = True
565.5003 	EXP 	target_square_2: autoDraw = True
566.4837 	EXP 	fixation_3: autoDraw = True
566.5003 	EXP 	target_square_2: autoDraw = False
567.4836 	EXP 	fixation_3: autoDraw = False
567.4876 	EXP 	New trial (rep=0, index=83): {'square': 4, 'location': [-0.2, 0], 'corrAns': 1}
567.4881 	EXP 	window1: mouseVisible = False
567.5003 	EXP 	grid_lines_2: autoDraw = False
567.5003 	EXP 	target_square_2: autoDraw = False
567.5003 	EXP 	fixation_3: autoDraw = False
567.5003 	EXP 	target_square_2: pos = array([-0.2,  0. ])
567.5003 	EXP 	grid_lines_2: autoDraw = True
567.5003 	EXP 	target_square_2: autoDraw = True
567.9006 	DATA 	Mouse: Left button down, pos=(971,509)
568.4339 	DATA 	Mouse:  Left button up, pos=(971,509)
568.4836 	EXP 	fixation_3: autoDraw = True
568.5003 	EXP 	target_square_2: autoDraw = False
569.4837 	EXP 	fixation_3: autoDraw = False
569.4875 	EXP 	New trial (rep=0, index=84): {'square': 4, 'location': [-0.2, 0], 'corrAns': None}
569.4880 	EXP 	window1: mouseVisible = False
569.5003 	EXP 	grid_lines_2: autoDraw = False
569.5003 	EXP 	target_square_2: autoDraw = False
569.5003 	EXP 	fixation_3: autoDraw = False
569.5003 	EXP 	target_square_2: pos = array([-0.2,  0. ])
569.5003 	EXP 	grid_lines_2: autoDraw = True
569.5003 	EXP 	target_square_2: autoDraw = True
570.4837 	EXP 	fixation_3: autoDraw = True
570.5003 	EXP 	target_square_2: autoDraw = False
571.4837 	EXP 	fixation_3: autoDraw = False
571.4878 	EXP 	New trial (rep=0, index=85): {'square': 5, 'location': [0, 0], 'corrAns': None}
571.4881 	EXP 	window1: mouseVisible = False
571.5003 	EXP 	grid_lines_2: autoDraw = False
571.5003 	EXP 	target_square_2: autoDraw = False
571.5003 	EXP 	fixation_3: autoDraw = False
571.5003 	EXP 	target_square_2: pos = array([0., 0.])
571.5003 	EXP 	grid_lines_2: autoDraw = True
571.5003 	EXP 	target_square_2: autoDraw = True
572.4837 	EXP 	fixation_3: autoDraw = True
572.5003 	EXP 	target_square_2: autoDraw = False
573.4837 	EXP 	fixation_3: autoDraw = False
573.4876 	EXP 	New trial (rep=0, index=86): {'square': 2, 'location': [0, 0.2], 'corrAns': None}
573.4880 	EXP 	window1: mouseVisible = False
573.5003 	EXP 	grid_lines_2: autoDraw = False
573.5003 	EXP 	target_square_2: autoDraw = False
573.5003 	EXP 	fixation_3: autoDraw = False
573.5003 	EXP 	target_square_2: pos = array([0. , 0.2])
573.5003 	EXP 	grid_lines_2: autoDraw = True
573.5003 	EXP 	target_square_2: autoDraw = True
574.4837 	EXP 	fixation_3: autoDraw = True
574.5004 	EXP 	target_square_2: autoDraw = False
575.4837 	EXP 	fixation_3: autoDraw = False
575.4877 	EXP 	New trial (rep=0, index=87): {'square': 6, 'location': [0.2, 0], 'corrAns': None}
575.4881 	EXP 	window1: mouseVisible = False
575.5007 	EXP 	grid_lines_2: autoDraw = False
575.5007 	EXP 	target_square_2: autoDraw = False
575.5007 	EXP 	fixation_3: autoDraw = False
575.5007 	EXP 	target_square_2: pos = array([0.2, 0. ])
575.5007 	EXP 	grid_lines_2: autoDraw = True
575.5007 	EXP 	target_square_2: autoDraw = True
576.4837 	EXP 	fixation_3: autoDraw = True
576.5004 	EXP 	target_square_2: autoDraw = False
577.4837 	EXP 	fixation_3: autoDraw = False
577.4876 	EXP 	New trial (rep=0, index=88): {'square': 7, 'location': [-0.2, -0.2], 'corrAns': None}
577.4881 	EXP 	window1: mouseVisible = False
577.5004 	EXP 	grid_lines_2: autoDraw = False
577.5004 	EXP 	target_square_2: autoDraw = False
577.5004 	EXP 	fixation_3: autoDraw = False
577.5004 	EXP 	target_square_2: pos = array([-0.2, -0.2])
577.5004 	EXP 	grid_lines_2: autoDraw = True
577.5004 	EXP 	target_square_2: autoDraw = True
578.4837 	EXP 	fixation_3: autoDraw = True
578.5004 	EXP 	target_square_2: autoDraw = False
579.4837 	EXP 	fixation_3: autoDraw = False
579.4875 	EXP 	New trial (rep=0, index=89): {'square': 6, 'location': [0.2, 0], 'corrAns': 1}
579.4880 	EXP 	window1: mouseVisible = False
579.5004 	EXP 	grid_lines_2: autoDraw = False
579.5004 	EXP 	target_square_2: autoDraw = False
579.5004 	EXP 	fixation_3: autoDraw = False
579.5004 	EXP 	target_square_2: pos = array([0.2, 0. ])
579.5004 	EXP 	grid_lines_2: autoDraw = True
579.5004 	EXP 	target_square_2: autoDraw = True
580.1537 	DATA 	Mouse: Left button down, pos=(971,509)
580.4838 	EXP 	fixation_3: autoDraw = True
580.5004 	EXP 	target_square_2: autoDraw = False
580.6340 	DATA 	Mouse:  Left button up, pos=(971,509)
581.4837 	EXP 	fixation_3: autoDraw = False
581.4878 	EXP 	New trial (rep=0, index=90): {'square': 6, 'location': [0.2, 0], 'corrAns': None}
581.4882 	EXP 	window1: mouseVisible = False
581.5004 	EXP 	grid_lines_2: autoDraw = False
581.5004 	EXP 	target_square_2: autoDraw = False
581.5004 	EXP 	fixation_3: autoDraw = False
581.5004 	EXP 	target_square_2: pos = array([0.2, 0. ])
581.5004 	EXP 	grid_lines_2: autoDraw = True
581.5004 	EXP 	target_square_2: autoDraw = True
582.4838 	EXP 	fixation_3: autoDraw = True
582.5004 	EXP 	target_square_2: autoDraw = False
583.4838 	EXP 	fixation_3: autoDraw = False
583.4876 	EXP 	New trial (rep=0, index=91): {'square': 7, 'location': [-0.2, -0.2], 'corrAns': None}
583.4881 	EXP 	window1: mouseVisible = False
583.5004 	EXP 	grid_lines_2: autoDraw = False
583.5004 	EXP 	target_square_2: autoDraw = False
583.5004 	EXP 	fixation_3: autoDraw = False
583.5004 	EXP 	target_square_2: pos = array([-0.2, -0.2])
583.5004 	EXP 	grid_lines_2: autoDraw = True
583.5004 	EXP 	target_square_2: autoDraw = True
584.4838 	EXP 	fixation_3: autoDraw = True
584.5004 	EXP 	target_square_2: autoDraw = False
585.4838 	EXP 	fixation_3: autoDraw = False
585.4876 	EXP 	New trial (rep=0, index=92): {'square': 6, 'location': [0.2, 0], 'corrAns': 1}
585.4881 	EXP 	window1: mouseVisible = False
585.5004 	EXP 	grid_lines_2: autoDraw = False
585.5004 	EXP 	target_square_2: autoDraw = False
585.5004 	EXP 	fixation_3: autoDraw = False
585.5004 	EXP 	target_square_2: pos = array([0.2, 0. ])
585.5004 	EXP 	grid_lines_2: autoDraw = True
585.5004 	EXP 	target_square_2: autoDraw = True
586.1195 	DATA 	Mouse: Left button down, pos=(971,509)
586.4838 	EXP 	fixation_3: autoDraw = True
586.5004 	EXP 	target_square_2: autoDraw = False
586.5674 	DATA 	Mouse:  Left button up, pos=(971,509)
587.4838 	EXP 	fixation_3: autoDraw = False
587.4876 	EXP 	New trial (rep=0, index=93): {'square': 2, 'location': [0, 0.2], 'corrAns': None}
587.4882 	EXP 	window1: mouseVisible = False
587.5005 	EXP 	grid_lines_2: autoDraw = False
587.5005 	EXP 	target_square_2: autoDraw = False
587.5005 	EXP 	fixation_3: autoDraw = False
587.5005 	EXP 	target_square_2: pos = array([0. , 0.2])
587.5005 	EXP 	grid_lines_2: autoDraw = True
587.5005 	EXP 	target_square_2: autoDraw = True
588.4838 	EXP 	fixation_3: autoDraw = True
588.5005 	EXP 	target_square_2: autoDraw = False
589.4838 	EXP 	fixation_3: autoDraw = False
589.4877 	EXP 	New trial (rep=0, index=94): {'square': 5, 'location': [0, 0], 'corrAns': None}
589.4881 	EXP 	window1: mouseVisible = False
589.5005 	EXP 	grid_lines_2: autoDraw = False
589.5005 	EXP 	target_square_2: autoDraw = False
589.5005 	EXP 	fixation_3: autoDraw = False
589.5005 	EXP 	target_square_2: pos = array([0., 0.])
589.5005 	EXP 	grid_lines_2: autoDraw = True
589.5005 	EXP 	target_square_2: autoDraw = True
590.4838 	EXP 	fixation_3: autoDraw = True
590.5005 	EXP 	target_square_2: autoDraw = False
591.4838 	EXP 	fixation_3: autoDraw = False
591.4878 	EXP 	New trial (rep=0, index=95): {'square': 4, 'location': [-0.2, 0], 'corrAns': None}
591.4883 	EXP 	window1: mouseVisible = False
591.5005 	EXP 	grid_lines_2: autoDraw = False
591.5005 	EXP 	target_square_2: autoDraw = False
591.5005 	EXP 	fixation_3: autoDraw = False
591.5005 	EXP 	target_square_2: pos = array([-0.2,  0. ])
591.5005 	EXP 	grid_lines_2: autoDraw = True
591.5005 	EXP 	target_square_2: autoDraw = True
592.4839 	EXP 	fixation_3: autoDraw = True
592.5005 	EXP 	target_square_2: autoDraw = False
593.4839 	EXP 	fixation_3: autoDraw = False
593.4879 	EXP 	New trial (rep=0, index=96): {'square': 4, 'location': [-0.2, 0], 'corrAns': None}
593.4883 	EXP 	window1: mouseVisible = False
593.5005 	EXP 	grid_lines_2: autoDraw = False
593.5005 	EXP 	target_square_2: autoDraw = False
593.5005 	EXP 	fixation_3: autoDraw = False
593.5005 	EXP 	target_square_2: pos = array([-0.2,  0. ])
593.5005 	EXP 	grid_lines_2: autoDraw = True
593.5005 	EXP 	target_square_2: autoDraw = True
594.4839 	EXP 	fixation_3: autoDraw = True
594.5005 	EXP 	target_square_2: autoDraw = False
595.4839 	EXP 	fixation_3: autoDraw = False
595.4880 	EXP 	New trial (rep=0, index=97): {'square': 7, 'location': [-0.2, -0.2], 'corrAns': None}
595.4885 	EXP 	window1: mouseVisible = False
595.5005 	EXP 	grid_lines_2: autoDraw = False
595.5005 	EXP 	target_square_2: autoDraw = False
595.5005 	EXP 	fixation_3: autoDraw = False
595.5005 	EXP 	target_square_2: pos = array([-0.2, -0.2])
595.5005 	EXP 	grid_lines_2: autoDraw = True
595.5005 	EXP 	target_square_2: autoDraw = True
596.4839 	EXP 	fixation_3: autoDraw = True
596.5005 	EXP 	target_square_2: autoDraw = False
597.4839 	EXP 	fixation_3: autoDraw = False
597.4878 	EXP 	New trial (rep=0, index=98): {'square': 4, 'location': [-0.2, 0], 'corrAns': 1}
597.4882 	EXP 	window1: mouseVisible = False
597.5005 	EXP 	grid_lines_2: autoDraw = False
597.5005 	EXP 	target_square_2: autoDraw = False
597.5005 	EXP 	fixation_3: autoDraw = False
597.5005 	EXP 	target_square_2: pos = array([-0.2,  0. ])
597.5005 	EXP 	grid_lines_2: autoDraw = True
597.5005 	EXP 	target_square_2: autoDraw = True
598.0009 	DATA 	Mouse: Left button down, pos=(971,509)
598.4675 	DATA 	Mouse:  Left button up, pos=(971,509)
598.4839 	EXP 	fixation_3: autoDraw = True
598.5005 	EXP 	target_square_2: autoDraw = False
599.4839 	EXP 	fixation_3: autoDraw = False
599.4879 	EXP 	New trial (rep=0, index=99): {'square': 3, 'location': [0.2, 0.2], 'corrAns': None}
599.4883 	EXP 	window1: mouseVisible = False
599.5006 	EXP 	grid_lines_2: autoDraw = False
599.5006 	EXP 	target_square_2: autoDraw = False
599.5006 	EXP 	fixation_3: autoDraw = False
599.5006 	EXP 	target_square_2: pos = array([0.2, 0.2])
599.5006 	EXP 	grid_lines_2: autoDraw = True
599.5006 	EXP 	target_square_2: autoDraw = True
600.4839 	EXP 	fixation_3: autoDraw = True
600.5006 	EXP 	target_square_2: autoDraw = False
601.4839 	EXP 	fixation_3: autoDraw = False
601.4880 	EXP 	New trial (rep=0, index=100): {'square': 5, 'location': [0, 0], 'corrAns': None}
601.4884 	EXP 	window1: mouseVisible = False
601.5006 	EXP 	grid_lines_2: autoDraw = False
601.5006 	EXP 	target_square_2: autoDraw = False
601.5006 	EXP 	fixation_3: autoDraw = False
601.5006 	EXP 	target_square_2: pos = array([0., 0.])
601.5006 	EXP 	grid_lines_2: autoDraw = True
601.5006 	EXP 	target_square_2: autoDraw = True
602.4839 	EXP 	fixation_3: autoDraw = True
602.5006 	EXP 	target_square_2: autoDraw = False
603.4839 	EXP 	fixation_3: autoDraw = False
603.4879 	EXP 	New trial (rep=0, index=101): {'square': 3, 'location': [0.2, 0.2], 'corrAns': 1}
603.4883 	EXP 	window1: mouseVisible = False
603.5005 	EXP 	grid_lines_2: autoDraw = False
603.5005 	EXP 	target_square_2: autoDraw = False
603.5005 	EXP 	fixation_3: autoDraw = False
603.5005 	EXP 	target_square_2: pos = array([0.2, 0.2])
603.5005 	EXP 	grid_lines_2: autoDraw = True
603.5005 	EXP 	target_square_2: autoDraw = True
603.8843 	DATA 	Mouse: Left button down, pos=(971,509)
604.4009 	DATA 	Mouse:  Left button up, pos=(971,509)
604.4839 	EXP 	fixation_3: autoDraw = True
604.5006 	EXP 	target_square_2: autoDraw = False
605.4839 	EXP 	fixation_3: autoDraw = False
605.4879 	EXP 	New trial (rep=0, index=102): {'square': 1, 'location': [-0.2, 0.2], 'corrAns': None}
605.4884 	EXP 	window1: mouseVisible = False
605.5006 	EXP 	grid_lines_2: autoDraw = False
605.5006 	EXP 	target_square_2: autoDraw = False
605.5006 	EXP 	fixation_3: autoDraw = False
605.5006 	EXP 	target_square_2: pos = array([-0.2,  0.2])
605.5006 	EXP 	grid_lines_2: autoDraw = True
605.5006 	EXP 	target_square_2: autoDraw = True
606.4840 	EXP 	fixation_3: autoDraw = True
606.5006 	EXP 	target_square_2: autoDraw = False
607.4840 	EXP 	fixation_3: autoDraw = False
607.4879 	EXP 	New trial (rep=0, index=103): {'square': 9, 'location': [0.2, -0.2], 'corrAns': None}
607.4883 	EXP 	window1: mouseVisible = False
607.5006 	EXP 	grid_lines_2: autoDraw = False
607.5006 	EXP 	target_square_2: autoDraw = False
607.5006 	EXP 	fixation_3: autoDraw = False
607.5006 	EXP 	target_square_2: pos = array([ 0.2, -0.2])
607.5006 	EXP 	grid_lines_2: autoDraw = True
607.5006 	EXP 	target_square_2: autoDraw = True
608.4840 	EXP 	fixation_3: autoDraw = True
608.5006 	EXP 	target_square_2: autoDraw = False
609.4840 	EXP 	fixation_3: autoDraw = False
609.4880 	EXP 	New trial (rep=0, index=104): {'square': 9, 'location': [0.2, -0.2], 'corrAns': None}
609.4885 	EXP 	window1: mouseVisible = False
609.5006 	EXP 	grid_lines_2: autoDraw = False
609.5006 	EXP 	target_square_2: autoDraw = False
609.5006 	EXP 	fixation_3: autoDraw = False
609.5006 	EXP 	target_square_2: pos = array([ 0.2, -0.2])
609.5006 	EXP 	grid_lines_2: autoDraw = True
609.5006 	EXP 	target_square_2: autoDraw = True
610.4840 	EXP 	fixation_3: autoDraw = True
610.5006 	EXP 	target_square_2: autoDraw = False
611.4840 	EXP 	fixation_3: autoDraw = False
611.4880 	EXP 	New trial (rep=0, index=105): {'square': 8, 'location': [0, -0.2], 'corrAns': None}
611.4884 	EXP 	window1: mouseVisible = False
611.5007 	EXP 	grid_lines_2: autoDraw = False
611.5007 	EXP 	target_square_2: autoDraw = False
611.5007 	EXP 	fixation_3: autoDraw = False
611.5007 	EXP 	target_square_2: pos = array([ 0. , -0.2])
611.5007 	EXP 	grid_lines_2: autoDraw = True
611.5007 	EXP 	target_square_2: autoDraw = True
612.4840 	EXP 	fixation_3: autoDraw = True
612.5007 	EXP 	target_square_2: autoDraw = False
613.4840 	EXP 	fixation_3: autoDraw = False
613.4879 	EXP 	New trial (rep=0, index=106): {'square': 6, 'location': [0.2, 0], 'corrAns': None}
613.4883 	EXP 	window1: mouseVisible = False
613.5007 	EXP 	grid_lines_2: autoDraw = False
613.5007 	EXP 	target_square_2: autoDraw = False
613.5007 	EXP 	fixation_3: autoDraw = False
613.5007 	EXP 	target_square_2: pos = array([0.2, 0. ])
613.5007 	EXP 	grid_lines_2: autoDraw = True
613.5007 	EXP 	target_square_2: autoDraw = True
614.4840 	EXP 	fixation_3: autoDraw = True
614.5007 	EXP 	target_square_2: autoDraw = False
615.4840 	EXP 	fixation_3: autoDraw = False
615.4879 	EXP 	New trial (rep=0, index=107): {'square': 3, 'location': [0.2, 0.2], 'corrAns': None}
615.4884 	EXP 	window1: mouseVisible = False
615.5007 	EXP 	grid_lines_2: autoDraw = False
615.5007 	EXP 	target_square_2: autoDraw = False
615.5007 	EXP 	fixation_3: autoDraw = False
615.5007 	EXP 	target_square_2: pos = array([0.2, 0.2])
615.5007 	EXP 	grid_lines_2: autoDraw = True
615.5007 	EXP 	target_square_2: autoDraw = True
616.4840 	EXP 	fixation_3: autoDraw = True
616.5007 	EXP 	target_square_2: autoDraw = False
617.4839 	EXP 	fixation_3: autoDraw = False
617.4879 	EXP 	New trial (rep=0, index=108): {'square': 6, 'location': [0.2, 0], 'corrAns': 1}
617.4883 	EXP 	window1: mouseVisible = False
617.5007 	EXP 	grid_lines_2: autoDraw = False
617.5007 	EXP 	target_square_2: autoDraw = False
617.5007 	EXP 	fixation_3: autoDraw = False
617.5007 	EXP 	target_square_2: pos = array([0.2, 0. ])
617.5007 	EXP 	grid_lines_2: autoDraw = True
617.5007 	EXP 	target_square_2: autoDraw = True
618.0344 	DATA 	Mouse: Left button down, pos=(971,509)
618.4840 	EXP 	fixation_3: autoDraw = True
618.5007 	EXP 	target_square_2: autoDraw = False
618.5676 	DATA 	Mouse:  Left button up, pos=(971,509)
619.4840 	EXP 	fixation_3: autoDraw = False
619.4880 	EXP 	New trial (rep=0, index=109): {'square': 5, 'location': [0, 0], 'corrAns': None}
619.4884 	EXP 	window1: mouseVisible = False
619.5007 	EXP 	grid_lines_2: autoDraw = False
619.5007 	EXP 	target_square_2: autoDraw = False
619.5007 	EXP 	fixation_3: autoDraw = False
619.5007 	EXP 	target_square_2: pos = array([0., 0.])
619.5007 	EXP 	grid_lines_2: autoDraw = True
619.5007 	EXP 	target_square_2: autoDraw = True
620.4840 	EXP 	fixation_3: autoDraw = True
620.5007 	EXP 	target_square_2: autoDraw = False
621.4841 	EXP 	fixation_3: autoDraw = False
621.4881 	EXP 	New trial (rep=0, index=110): {'square': 7, 'location': [-0.2, -0.2], 'corrAns': None}
621.4886 	EXP 	window1: mouseVisible = False
621.5007 	EXP 	grid_lines_2: autoDraw = False
621.5007 	EXP 	target_square_2: autoDraw = False
621.5007 	EXP 	fixation_3: autoDraw = False
621.5007 	EXP 	target_square_2: pos = array([-0.2, -0.2])
621.5007 	EXP 	grid_lines_2: autoDraw = True
621.5007 	EXP 	target_square_2: autoDraw = True
622.4841 	EXP 	fixation_3: autoDraw = True
622.5007 	EXP 	target_square_2: autoDraw = False
623.4841 	EXP 	fixation_3: autoDraw = False
623.4879 	EXP 	New trial (rep=0, index=111): {'square': 5, 'location': [0, 0], 'corrAns': 1}
623.4883 	EXP 	window1: mouseVisible = False
623.5007 	EXP 	grid_lines_2: autoDraw = False
623.5007 	EXP 	target_square_2: autoDraw = False
623.5007 	EXP 	fixation_3: autoDraw = False
623.5007 	EXP 	target_square_2: pos = array([0., 0.])
623.5007 	EXP 	grid_lines_2: autoDraw = True
623.5007 	EXP 	target_square_2: autoDraw = True
623.9536 	DATA 	Mouse: Left button down, pos=(971,509)
624.4010 	DATA 	Mouse:  Left button up, pos=(971,509)
624.4841 	EXP 	fixation_3: autoDraw = True
624.5008 	EXP 	target_square_2: autoDraw = False
625.4841 	EXP 	fixation_3: autoDraw = False
625.4879 	EXP 	New trial (rep=0, index=112): {'square': 1, 'location': [-0.2, 0.2], 'corrAns': None}
625.4884 	EXP 	window1: mouseVisible = False
625.5008 	EXP 	grid_lines_2: autoDraw = False
625.5008 	EXP 	target_square_2: autoDraw = False
625.5008 	EXP 	fixation_3: autoDraw = False
625.5008 	EXP 	target_square_2: pos = array([-0.2,  0.2])
625.5008 	EXP 	grid_lines_2: autoDraw = True
625.5008 	EXP 	target_square_2: autoDraw = True
626.4841 	EXP 	fixation_3: autoDraw = True
626.5008 	EXP 	target_square_2: autoDraw = False
627.4841 	EXP 	fixation_3: autoDraw = False
627.4881 	EXP 	New trial (rep=0, index=113): {'square': 7, 'location': [-0.2, -0.2], 'corrAns': None}
627.4886 	EXP 	window1: mouseVisible = False
627.5008 	EXP 	grid_lines_2: autoDraw = False
627.5008 	EXP 	target_square_2: autoDraw = False
627.5008 	EXP 	fixation_3: autoDraw = False
627.5008 	EXP 	target_square_2: pos = array([-0.2, -0.2])
627.5008 	EXP 	grid_lines_2: autoDraw = True
627.5008 	EXP 	target_square_2: autoDraw = True
628.4841 	EXP 	fixation_3: autoDraw = True
628.5008 	EXP 	target_square_2: autoDraw = False
629.4841 	EXP 	fixation_3: autoDraw = False
629.4881 	EXP 	New trial (rep=0, index=114): {'square': 9, 'location': [0.2, -0.2], 'corrAns': None}
629.4886 	EXP 	window1: mouseVisible = False
629.5008 	EXP 	grid_lines_2: autoDraw = False
629.5008 	EXP 	target_square_2: autoDraw = False
629.5008 	EXP 	fixation_3: autoDraw = False
629.5008 	EXP 	target_square_2: pos = array([ 0.2, -0.2])
629.5008 	EXP 	grid_lines_2: autoDraw = True
629.5008 	EXP 	target_square_2: autoDraw = True
630.4841 	EXP 	fixation_3: autoDraw = True
630.5008 	EXP 	target_square_2: autoDraw = False
631.4841 	EXP 	fixation_3: autoDraw = False
631.4883 	EXP 	New trial (rep=0, index=115): {'square': 3, 'location': [0.2, 0.2], 'corrAns': None}
631.4887 	EXP 	window1: mouseVisible = False
631.5008 	EXP 	grid_lines_2: autoDraw = False
631.5008 	EXP 	target_square_2: autoDraw = False
631.5008 	EXP 	fixation_3: autoDraw = False
631.5008 	EXP 	target_square_2: pos = array([0.2, 0.2])
631.5008 	EXP 	grid_lines_2: autoDraw = True
631.5008 	EXP 	target_square_2: autoDraw = True
632.4842 	EXP 	fixation_3: autoDraw = True
632.5008 	EXP 	target_square_2: autoDraw = False
633.4842 	EXP 	fixation_3: autoDraw = False
633.4882 	EXP 	New trial (rep=0, index=116): {'square': 9, 'location': [0.2, -0.2], 'corrAns': 1}
633.4886 	EXP 	window1: mouseVisible = False
633.5008 	EXP 	grid_lines_2: autoDraw = False
633.5008 	EXP 	target_square_2: autoDraw = False
633.5008 	EXP 	fixation_3: autoDraw = False
633.5008 	EXP 	target_square_2: pos = array([ 0.2, -0.2])
633.5008 	EXP 	grid_lines_2: autoDraw = True
633.5008 	EXP 	target_square_2: autoDraw = True
633.9845 	DATA 	Mouse: Left button down, pos=(971,509)
634.4842 	EXP 	fixation_3: autoDraw = True
634.5007 	EXP 	target_square_2: autoDraw = False
634.5845 	DATA 	Mouse:  Left button up, pos=(971,509)
635.4842 	EXP 	fixation_3: autoDraw = False
635.4881 	EXP 	New trial (rep=0, index=117): {'square': 6, 'location': [0.2, 0], 'corrAns': None}
635.4886 	EXP 	window1: mouseVisible = False
635.5009 	EXP 	grid_lines_2: autoDraw = False
635.5009 	EXP 	target_square_2: autoDraw = False
635.5009 	EXP 	fixation_3: autoDraw = False
635.5009 	EXP 	target_square_2: pos = array([0.2, 0. ])
635.5009 	EXP 	grid_lines_2: autoDraw = True
635.5009 	EXP 	target_square_2: autoDraw = True
636.4842 	EXP 	fixation_3: autoDraw = True
636.5009 	EXP 	target_square_2: autoDraw = False
637.4842 	EXP 	fixation_3: autoDraw = False
637.4881 	EXP 	New trial (rep=0, index=118): {'square': 2, 'location': [0, 0.2], 'corrAns': None}
637.4886 	EXP 	window1: mouseVisible = False
637.5009 	EXP 	grid_lines_2: autoDraw = False
637.5009 	EXP 	target_square_2: autoDraw = False
637.5009 	EXP 	fixation_3: autoDraw = False
637.5009 	EXP 	target_square_2: pos = array([0. , 0.2])
637.5009 	EXP 	grid_lines_2: autoDraw = True
637.5009 	EXP 	target_square_2: autoDraw = True
638.4842 	EXP 	fixation_3: autoDraw = True
638.5009 	EXP 	target_square_2: autoDraw = False
639.4842 	EXP 	fixation_3: autoDraw = False
639.4882 	EXP 	New trial (rep=0, index=119): {'square': 5, 'location': [0, 0], 'corrAns': None}
639.4886 	EXP 	window1: mouseVisible = False
639.5009 	EXP 	grid_lines_2: autoDraw = False
639.5009 	EXP 	target_square_2: autoDraw = False
639.5009 	EXP 	fixation_3: autoDraw = False
639.5009 	EXP 	target_square_2: pos = array([0., 0.])
639.5009 	EXP 	grid_lines_2: autoDraw = True
639.5009 	EXP 	target_square_2: autoDraw = True
640.4842 	EXP 	fixation_3: autoDraw = True
640.5009 	EXP 	target_square_2: autoDraw = False
641.4842 	EXP 	fixation_3: autoDraw = False
641.5014 	EXP 	Created unnamed TextStim = TextStim(__class__=<class 'psychopy.visual.text.TextStim'>, alignHoriz=method-wrapper(...), alignText='center', alignVert=method-wrapper(...), anchorHoriz='center', anchorVert='center', antialias=True, autoLog=True, bold=False, color=array([1., 1., 1.]), colorSpace='rgb', contrast=1.0, depth=0, flipHoriz=False, flipVert=False, font='', fontFiles=[], height=0.05, italic=False, languageStyle='LTR', name='unnamed TextStim', opacity=1.0, ori=0.0, pos=array([0., 0.]), rgb=UNKNOWN, text=str(...), units='height', win=Window(...), wrapWidth=1)
641.5176 	EXP 	grid_lines_2: autoDraw = False
641.5176 	EXP 	target_square_2: autoDraw = False
641.5176 	EXP 	fixation_3: autoDraw = False
731.1962 	DATA 	Mouse: Left button down, pos=(946,415)
731.4670 	DATA 	Mouse:  Left button up, pos=(947,425)
1549.7499 	DATA 	Keypress: e
1549.8511 	EXP 	Created unnamed TextStim = TextStim(__class__=<class 'psychopy.visual.text.TextStim'>, alignHoriz=method-wrapper(...), alignText='center', alignVert=method-wrapper(...), anchorHoriz='center', anchorVert='center', antialias=True, autoLog=True, bold=False, color=array([1., 1., 1.]), colorSpace='rgb', contrast=1.0, depth=0, flipHoriz=False, flipVert=False, font='', fontFiles=[], height=0.05, italic=False, languageStyle='LTR', name='unnamed TextStim', opacity=1.0, ori=0.0, pos=array([0., 0.]), rgb=UNKNOWN, text=str(...), units='height', win=Window(...), wrapWidth=1)
1549.9158 	EXP 	window1: mouseVisible = True
