0.5980 	WARNING 	We strongly recommend you activate the PTB sound engine in PsychoPy prefs as the preferred audio engine. Its timing is vastly superior. Your prefs are currently set to use ['sounddevice', 'PTB', 'pyo', 'pygame'] (in that order).
20.7833 	EXP 	Created fixation_2 = TextStim(__class__=<class 'psychopy.visual.text.TextStim'>, alignHoriz=method-wrapper(...), alignText='center', alignVert=method-wrapper(...), anchorHoriz='center', anchorVert='center', antialias=True, autoLog=True, bold=False, color=array([1, 1, 1]), colorSpace='rgb', contrast=1.0, depth=-2.0, flipHoriz=False, flipVert=False, font='Arial', fontFiles=[], height=0.05, italic=False, languageStyle='LTR', name='fixation_2', opacity=1, ori=0, pos=array([0., 0.]), rgb=UNKNOWN, text='+', units='height', win=Window(...), wrapWidth=1)
20.8571 	EXP 	Created Nbackinstructions = TextStim(__class__=<class 'psychopy.visual.text.TextStim'>, alignHoriz=method-wrapper(...), alignText='center', alignVert=method-wrapper(...), anchorHoriz='center', anchorVert='center', antialias=True, autoLog=True, bold=False, color=array([1, 1, 1]), colorSpace='rgb', contrast=1.0, depth=0, flipHoriz=False, flipVert=False, font='Arial', fontFiles=[], height=0.05, italic=False, languageStyle='LTR', name='Nbackinstructions', opacity=1, ori=0.0, pos=array([0., 0.]), rgb=UNKNOWN, text=str(...), units='height', win=Window(...), wrapWidth=1)
20.8608 	EXP 	Created fixation_2 = TextStim(__class__=<class 'psychopy.visual.text.TextStim'>, alignHoriz=method-wrapper(...), alignText='center', alignVert=method-wrapper(...), anchorHoriz='center', anchorVert='center', antialias=True, autoLog=True, bold=False, color=array([1, 1, 1]), colorSpace='rgb', contrast=1.0, depth=-2.0, flipHoriz=False, flipVert=False, font='Arial', fontFiles=[], height=0.05, italic=False, languageStyle='LTR', name='fixation_2', opacity=1, ori=0, pos=array([0., 0.]), rgb=UNKNOWN, text='+', units='height', win=Window(...), wrapWidth=1)
21.2886 	EXP 	Created grid_lines_2 = ImageStim(__class__=<class 'psychopy.visual.image.ImageStim'>, autoLog=True, color=array([1, 1, 1]), colorSpace='rgb', contrast=1.0, depth=0.0, flipHoriz=False, flipVert=False, image='grid.png', interpolate=True, mask=None, maskParams=None, name='grid_lines_2', opacity=1, ori=0.0, pos=array([0., 0.]), size=array([0.6, 0.6]), texRes=128, units='height', win=Window(...))
21.2923 	EXP 	Created target_square_2 = Rect(__class__=<class 'psychopy.visual.rect.Rect'>, autoDraw=False, autoLog=True, closeShape=True, color=method-wrapper(...), colorSpace='rgb', contrast=None, depth=-1.0, fillColor=array([1., 1., 1.]), fillColorSpace='rgb', fillRGB=UNKNOWN, interpolate=True, lineColor=array([0, 0, 0]), lineColorSpace='rgb', lineRGB=UNKNOWN, lineWidth=1, name='target_square_2', opacity=0.5, ori=0.0, pos=array([0., 0.]), size=array([0.15, 0.15]), units='height', vertices=ndarray(...), win=Window(...))
21.2961 	EXP 	Created fixation_3 = TextStim(__class__=<class 'psychopy.visual.text.TextStim'>, alignHoriz=method-wrapper(...), alignText='center', alignVert=method-wrapper(...), anchorHoriz='center', anchorVert='center', antialias=True, autoLog=True, bold=False, color=array([1, 1, 1]), colorSpace='rgb', contrast=1.0, depth=-2.0, flipHoriz=False, flipVert=False, font='Arial', fontFiles=[], height=0.05, italic=False, languageStyle='LTR', name='fixation_3', opacity=1, ori=0, pos=array([0., 0.]), rgb=UNKNOWN, text='+', units='height', win=Window(...), wrapWidth=1)
21.2969 	EXP 	window1: mouseVisible = True
21.3015 	EXP 	window1: mouseVisible = False
21.3020 	EXP 	Created sequence: sequential, trialTypes=2, nReps=1, seed=None
21.3026 	EXP 	New trial (rep=0, index=0): OrderedDict([('RestT1', 0), ('TaskT1', 1)])
21.3030 	EXP 	Created sequence: random, trialTypes=1, nReps=0, seed=None
21.3035 	EXP 	Created sequence: random, trialTypes=1, nReps=1, seed=None
21.3038 	EXP 	New trial (rep=0, index=0): None
21.3799 	EXP 	Nbackinstructions: autoDraw = True
79.4181 	EXP 	Created unnamed TextStim = TextStim(__class__=<class 'psychopy.visual.text.TextStim'>, alignHoriz=method-wrapper(...), alignText='center', alignVert=method-wrapper(...), anchorHoriz='center', anchorVert='center', antialias=True, autoLog=True, bold=False, color=array([-0.5, -0.5, -0.5]), colorSpace='rgb', contrast=1.0, depth=0, flipHoriz=False, flipVert=False, font='', fontFiles=[], height=0.05, italic=False, languageStyle='LTR', name='unnamed TextStim', opacity=1.0, ori=0.0, pos=array([0., 0.]), rgb=UNKNOWN, text=str(...), units='height', win=Window(...), wrapWidth=1)
79.4196 	DATA 	Keypress: space
79.4390 	EXP 	Nbackinstructions: autoDraw = False
85.4819 	DATA 	Keypress: s
85.5395 	EXP 	Imported c:\Users\Dartmouth\Documents\GitHub\canlab\WASABI_public\fMRI Tasks\WASABI Task-T1\N-back-2.xlsx as conditions, 120 conditions, 3 params
85.5402 	EXP 	Created sequence: sequential, trialTypes=120, nReps=1, seed=None
85.5405 	EXP 	New trial (rep=0, index=0): {'square': 5, 'location': [0, 0], 'corrAns': None}
85.5409 	EXP 	window1: mouseVisible = False
85.5466 	EXP 	New trial (rep=0, index=1): {'square': 2, 'location': [0, 0.2], 'corrAns': None}
85.5469 	EXP 	window1: mouseVisible = False
85.5507 	EXP 	New trial (rep=0, index=2): {'square': 6, 'location': [0.2, 0], 'corrAns': None}
85.5511 	EXP 	window1: mouseVisible = False
85.5724 	EXP 	fixation_2: autoDraw = False
85.5724 	EXP 	target_square_2: pos = array([0., 0.])
85.5724 	EXP 	grid_lines_2: autoDraw = False
85.5724 	EXP 	target_square_2: autoDraw = False
85.5724 	EXP 	fixation_3: autoDraw = False
85.5724 	EXP 	target_square_2: pos = array([0. , 0.2])
85.5724 	EXP 	grid_lines_2: autoDraw = False
85.5724 	EXP 	target_square_2: autoDraw = False
85.5724 	EXP 	fixation_3: autoDraw = False
85.5724 	EXP 	target_square_2: pos = array([0.2, 0. ])
85.5724 	EXP 	grid_lines_2: autoDraw = True
85.5724 	EXP 	target_square_2: autoDraw = True
86.4096 	EXP 	New trial (rep=0, index=3): {'square': 9, 'location': [0.2, -0.2], 'corrAns': None}
86.4101 	EXP 	window1: mouseVisible = False
86.4224 	EXP 	grid_lines_2: autoDraw = False
86.4224 	EXP 	target_square_2: autoDraw = False
86.4224 	EXP 	fixation_3: autoDraw = False
86.4224 	EXP 	target_square_2: pos = array([ 0.2, -0.2])
86.4224 	EXP 	grid_lines_2: autoDraw = True
86.4224 	EXP 	target_square_2: autoDraw = True
87.4058 	EXP 	fixation_3: autoDraw = True
87.4224 	EXP 	target_square_2: autoDraw = False
88.4057 	EXP 	fixation_3: autoDraw = False
88.4097 	EXP 	New trial (rep=0, index=4): {'square': 3, 'location': [0.2, 0.2], 'corrAns': None}
88.4102 	EXP 	window1: mouseVisible = False
88.4224 	EXP 	grid_lines_2: autoDraw = False
88.4224 	EXP 	target_square_2: autoDraw = False
88.4224 	EXP 	fixation_3: autoDraw = False
88.4224 	EXP 	target_square_2: pos = array([0.2, 0.2])
88.4224 	EXP 	grid_lines_2: autoDraw = True
88.4224 	EXP 	target_square_2: autoDraw = True
89.4058 	EXP 	fixation_3: autoDraw = True
89.4224 	EXP 	target_square_2: autoDraw = False
90.4058 	EXP 	fixation_3: autoDraw = False
90.4098 	EXP 	New trial (rep=0, index=5): {'square': 9, 'location': [0.2, -0.2], 'corrAns': 1}
90.4103 	EXP 	window1: mouseVisible = False
90.4224 	EXP 	grid_lines_2: autoDraw = False
90.4224 	EXP 	target_square_2: autoDraw = False
90.4224 	EXP 	fixation_3: autoDraw = False
90.4224 	EXP 	target_square_2: pos = array([ 0.2, -0.2])
90.4224 	EXP 	grid_lines_2: autoDraw = True
90.4224 	EXP 	target_square_2: autoDraw = True
91.2584 	DATA 	Mouse: Left button down, pos=(841,590)
91.4058 	EXP 	fixation_3: autoDraw = True
91.4224 	EXP 	target_square_2: autoDraw = False
91.5228 	DATA 	Mouse:  Left button up, pos=(845,595)
92.4058 	EXP 	fixation_3: autoDraw = False
92.4097 	EXP 	New trial (rep=0, index=6): {'square': 7, 'location': [-0.2, -0.2], 'corrAns': None}
92.4101 	EXP 	window1: mouseVisible = False
92.4225 	EXP 	grid_lines_2: autoDraw = False
92.4225 	EXP 	target_square_2: autoDraw = False
92.4225 	EXP 	fixation_3: autoDraw = False
92.4225 	EXP 	target_square_2: pos = array([-0.2, -0.2])
92.4225 	EXP 	grid_lines_2: autoDraw = True
92.4225 	EXP 	target_square_2: autoDraw = True
93.4058 	EXP 	fixation_3: autoDraw = True
93.4225 	EXP 	target_square_2: autoDraw = False
94.4058 	EXP 	fixation_3: autoDraw = False
94.4098 	EXP 	New trial (rep=0, index=7): {'square': 1, 'location': [-0.2, 0.2], 'corrAns': None}
94.4103 	EXP 	window1: mouseVisible = False
94.4225 	EXP 	grid_lines_2: autoDraw = False
94.4225 	EXP 	target_square_2: autoDraw = False
94.4225 	EXP 	fixation_3: autoDraw = False
94.4225 	EXP 	target_square_2: pos = array([-0.2,  0.2])
94.4225 	EXP 	grid_lines_2: autoDraw = True
94.4225 	EXP 	target_square_2: autoDraw = True
95.4058 	EXP 	fixation_3: autoDraw = True
95.4224 	EXP 	target_square_2: autoDraw = False
96.4058 	EXP 	fixation_3: autoDraw = False
96.4097 	EXP 	New trial (rep=0, index=8): {'square': 5, 'location': [0, 0], 'corrAns': None}
96.4101 	EXP 	window1: mouseVisible = False
96.4225 	EXP 	grid_lines_2: autoDraw = False
96.4225 	EXP 	target_square_2: autoDraw = False
96.4225 	EXP 	fixation_3: autoDraw = False
96.4225 	EXP 	target_square_2: pos = array([0., 0.])
96.4225 	EXP 	grid_lines_2: autoDraw = True
96.4225 	EXP 	target_square_2: autoDraw = True
97.4058 	EXP 	fixation_3: autoDraw = True
97.4225 	EXP 	target_square_2: autoDraw = False
98.4058 	EXP 	fixation_3: autoDraw = False
98.4098 	EXP 	New trial (rep=0, index=9): {'square': 7, 'location': [-0.2, -0.2], 'corrAns': None}
98.4102 	EXP 	window1: mouseVisible = False
98.4224 	EXP 	grid_lines_2: autoDraw = False
98.4224 	EXP 	target_square_2: autoDraw = False
98.4224 	EXP 	fixation_3: autoDraw = False
98.4224 	EXP 	target_square_2: pos = array([-0.2, -0.2])
98.4224 	EXP 	grid_lines_2: autoDraw = True
98.4224 	EXP 	target_square_2: autoDraw = True
99.4058 	EXP 	fixation_3: autoDraw = True
99.4224 	EXP 	target_square_2: autoDraw = False
100.4058 	EXP 	fixation_3: autoDraw = False
100.4097 	EXP 	New trial (rep=0, index=10): {'square': 5, 'location': [0, 0], 'corrAns': 1}
100.4101 	EXP 	window1: mouseVisible = False
100.4225 	EXP 	grid_lines_2: autoDraw = False
100.4225 	EXP 	target_square_2: autoDraw = False
100.4225 	EXP 	fixation_3: autoDraw = False
100.4225 	EXP 	target_square_2: pos = array([0., 0.])
100.4225 	EXP 	grid_lines_2: autoDraw = True
100.4225 	EXP 	target_square_2: autoDraw = True
100.9729 	DATA 	Mouse: Left button down, pos=(839,597)
101.2923 	DATA 	Mouse:  Left button up, pos=(837,601)
101.4058 	EXP 	fixation_3: autoDraw = True
101.4225 	EXP 	target_square_2: autoDraw = False
102.4058 	EXP 	fixation_3: autoDraw = False
102.4098 	EXP 	New trial (rep=0, index=11): {'square': 6, 'location': [0.2, 0], 'corrAns': None}
102.4102 	EXP 	window1: mouseVisible = False
102.4225 	EXP 	grid_lines_2: autoDraw = False
102.4225 	EXP 	target_square_2: autoDraw = False
102.4225 	EXP 	fixation_3: autoDraw = False
102.4225 	EXP 	target_square_2: pos = array([0.2, 0. ])
102.4225 	EXP 	grid_lines_2: autoDraw = True
102.4225 	EXP 	target_square_2: autoDraw = True
103.4059 	EXP 	fixation_3: autoDraw = True
103.4225 	EXP 	target_square_2: autoDraw = False
104.4059 	EXP 	fixation_3: autoDraw = False
104.4099 	EXP 	New trial (rep=0, index=12): {'square': 3, 'location': [0.2, 0.2], 'corrAns': None}
104.4103 	EXP 	window1: mouseVisible = False
104.4226 	EXP 	grid_lines_2: autoDraw = False
104.4226 	EXP 	target_square_2: autoDraw = False
104.4226 	EXP 	fixation_3: autoDraw = False
104.4226 	EXP 	target_square_2: pos = array([0.2, 0.2])
104.4226 	EXP 	grid_lines_2: autoDraw = True
104.4226 	EXP 	target_square_2: autoDraw = True
105.4059 	EXP 	fixation_3: autoDraw = True
105.4225 	EXP 	target_square_2: autoDraw = False
106.4059 	EXP 	fixation_3: autoDraw = False
106.4097 	EXP 	New trial (rep=0, index=13): {'square': 6, 'location': [0.2, 0], 'corrAns': 1}
106.4102 	EXP 	window1: mouseVisible = False
106.4225 	EXP 	grid_lines_2: autoDraw = False
106.4225 	EXP 	target_square_2: autoDraw = False
106.4225 	EXP 	fixation_3: autoDraw = False
106.4225 	EXP 	target_square_2: pos = array([0.2, 0. ])
106.4225 	EXP 	grid_lines_2: autoDraw = True
106.4225 	EXP 	target_square_2: autoDraw = True
106.8562 	DATA 	Mouse: Left button down, pos=(833,607)
107.1729 	DATA 	Mouse:  Left button up, pos=(836,606)
107.4059 	EXP 	fixation_3: autoDraw = True
107.4226 	EXP 	target_square_2: autoDraw = False
108.4059 	EXP 	fixation_3: autoDraw = False
108.4098 	EXP 	New trial (rep=0, index=14): {'square': 8, 'location': [0, -0.2], 'corrAns': None}
108.4102 	EXP 	window1: mouseVisible = False
108.4226 	EXP 	grid_lines_2: autoDraw = False
108.4226 	EXP 	target_square_2: autoDraw = False
108.4226 	EXP 	fixation_3: autoDraw = False
108.4226 	EXP 	target_square_2: pos = array([ 0. , -0.2])
108.4226 	EXP 	grid_lines_2: autoDraw = True
108.4226 	EXP 	target_square_2: autoDraw = True
109.4059 	EXP 	fixation_3: autoDraw = True
109.4226 	EXP 	target_square_2: autoDraw = False
110.4059 	EXP 	fixation_3: autoDraw = False
110.4098 	EXP 	New trial (rep=0, index=15): {'square': 9, 'location': [0.2, -0.2], 'corrAns': None}
110.4102 	EXP 	window1: mouseVisible = False
110.4226 	EXP 	grid_lines_2: autoDraw = False
110.4226 	EXP 	target_square_2: autoDraw = False
110.4226 	EXP 	fixation_3: autoDraw = False
110.4226 	EXP 	target_square_2: pos = array([ 0.2, -0.2])
110.4226 	EXP 	grid_lines_2: autoDraw = True
110.4226 	EXP 	target_square_2: autoDraw = True
111.4059 	EXP 	fixation_3: autoDraw = True
111.4226 	EXP 	target_square_2: autoDraw = False
112.4059 	EXP 	fixation_3: autoDraw = False
112.4099 	EXP 	New trial (rep=0, index=16): {'square': 9, 'location': [0.2, -0.2], 'corrAns': None}
112.4103 	EXP 	window1: mouseVisible = False
112.4226 	EXP 	grid_lines_2: autoDraw = False
112.4226 	EXP 	target_square_2: autoDraw = False
112.4226 	EXP 	fixation_3: autoDraw = False
112.4226 	EXP 	target_square_2: pos = array([ 0.2, -0.2])
112.4226 	EXP 	grid_lines_2: autoDraw = True
112.4226 	EXP 	target_square_2: autoDraw = True
113.4059 	EXP 	fixation_3: autoDraw = True
113.4226 	EXP 	target_square_2: autoDraw = False
114.4060 	EXP 	fixation_3: autoDraw = False
114.4109 	EXP 	New trial (rep=0, index=17): {'square': 1, 'location': [-0.2, 0.2], 'corrAns': None}
114.4114 	EXP 	window1: mouseVisible = False
114.4226 	EXP 	grid_lines_2: autoDraw = False
114.4226 	EXP 	target_square_2: autoDraw = False
114.4226 	EXP 	fixation_3: autoDraw = False
114.4226 	EXP 	target_square_2: pos = array([-0.2,  0.2])
114.4226 	EXP 	grid_lines_2: autoDraw = True
114.4226 	EXP 	target_square_2: autoDraw = True
115.4060 	EXP 	fixation_3: autoDraw = True
115.4226 	EXP 	target_square_2: autoDraw = False
116.4059 	EXP 	fixation_3: autoDraw = False
116.4100 	EXP 	New trial (rep=0, index=18): {'square': 3, 'location': [0.2, 0.2], 'corrAns': None}
116.4104 	EXP 	window1: mouseVisible = False
116.4226 	EXP 	grid_lines_2: autoDraw = False
116.4226 	EXP 	target_square_2: autoDraw = False
116.4226 	EXP 	fixation_3: autoDraw = False
116.4226 	EXP 	target_square_2: pos = array([0.2, 0.2])
116.4226 	EXP 	grid_lines_2: autoDraw = True
116.4226 	EXP 	target_square_2: autoDraw = True
117.4060 	EXP 	fixation_3: autoDraw = True
117.4226 	EXP 	target_square_2: autoDraw = False
118.4060 	EXP 	fixation_3: autoDraw = False
118.4100 	EXP 	New trial (rep=0, index=19): {'square': 5, 'location': [0, 0], 'corrAns': None}
118.4103 	EXP 	window1: mouseVisible = False
118.4227 	EXP 	grid_lines_2: autoDraw = False
118.4227 	EXP 	target_square_2: autoDraw = False
118.4227 	EXP 	fixation_3: autoDraw = False
118.4227 	EXP 	target_square_2: pos = array([0., 0.])
118.4227 	EXP 	grid_lines_2: autoDraw = True
118.4227 	EXP 	target_square_2: autoDraw = True
119.4060 	EXP 	fixation_3: autoDraw = True
119.4227 	EXP 	target_square_2: autoDraw = False
120.4060 	EXP 	fixation_3: autoDraw = False
120.4099 	EXP 	New trial (rep=0, index=20): {'square': 3, 'location': [0.2, 0.2], 'corrAns': 1}
120.4104 	EXP 	window1: mouseVisible = False
120.4227 	EXP 	grid_lines_2: autoDraw = False
120.4227 	EXP 	target_square_2: autoDraw = False
120.4227 	EXP 	fixation_3: autoDraw = False
120.4227 	EXP 	target_square_2: pos = array([0.2, 0.2])
120.4227 	EXP 	grid_lines_2: autoDraw = True
120.4227 	EXP 	target_square_2: autoDraw = True
120.9563 	DATA 	Mouse: Left button down, pos=(840,602)
121.2729 	DATA 	Mouse:  Left button up, pos=(840,599)
121.4060 	EXP 	fixation_3: autoDraw = True
121.4227 	EXP 	target_square_2: autoDraw = False
122.4060 	EXP 	fixation_3: autoDraw = False
122.4099 	EXP 	New trial (rep=0, index=21): {'square': 4, 'location': [-0.2, 0], 'corrAns': None}
122.4103 	EXP 	window1: mouseVisible = False
122.4227 	EXP 	grid_lines_2: autoDraw = False
122.4227 	EXP 	target_square_2: autoDraw = False
122.4227 	EXP 	fixation_3: autoDraw = False
122.4227 	EXP 	target_square_2: pos = array([-0.2,  0. ])
122.4227 	EXP 	grid_lines_2: autoDraw = True
122.4227 	EXP 	target_square_2: autoDraw = True
123.4059 	EXP 	fixation_3: autoDraw = True
123.4227 	EXP 	target_square_2: autoDraw = False
124.4060 	EXP 	fixation_3: autoDraw = False
124.4100 	EXP 	New trial (rep=0, index=22): {'square': 7, 'location': [-0.2, -0.2], 'corrAns': None}
124.4105 	EXP 	window1: mouseVisible = False
124.4227 	EXP 	grid_lines_2: autoDraw = False
124.4227 	EXP 	target_square_2: autoDraw = False
124.4227 	EXP 	fixation_3: autoDraw = False
124.4227 	EXP 	target_square_2: pos = array([-0.2, -0.2])
124.4227 	EXP 	grid_lines_2: autoDraw = True
124.4227 	EXP 	target_square_2: autoDraw = True
125.4060 	EXP 	fixation_3: autoDraw = True
125.4227 	EXP 	target_square_2: autoDraw = False
126.4060 	EXP 	fixation_3: autoDraw = False
126.4099 	EXP 	New trial (rep=0, index=23): {'square': 4, 'location': [-0.2, 0], 'corrAns': 1}
126.4104 	EXP 	window1: mouseVisible = False
126.4227 	EXP 	grid_lines_2: autoDraw = False
126.4227 	EXP 	target_square_2: autoDraw = False
126.4227 	EXP 	fixation_3: autoDraw = False
126.4227 	EXP 	target_square_2: pos = array([-0.2,  0. ])
126.4227 	EXP 	grid_lines_2: autoDraw = True
126.4227 	EXP 	target_square_2: autoDraw = True
126.8897 	DATA 	Mouse: Left button down, pos=(831,593)
127.1730 	DATA 	Mouse:  Left button up, pos=(829,591)
127.4060 	EXP 	fixation_3: autoDraw = True
127.4227 	EXP 	target_square_2: autoDraw = False
128.4060 	EXP 	fixation_3: autoDraw = False
128.4099 	EXP 	New trial (rep=0, index=24): {'square': 4, 'location': [-0.2, 0], 'corrAns': None}
128.4104 	EXP 	window1: mouseVisible = False
128.4227 	EXP 	grid_lines_2: autoDraw = False
128.4227 	EXP 	target_square_2: autoDraw = False
128.4227 	EXP 	fixation_3: autoDraw = False
128.4227 	EXP 	target_square_2: pos = array([-0.2,  0. ])
128.4227 	EXP 	grid_lines_2: autoDraw = True
128.4227 	EXP 	target_square_2: autoDraw = True
129.4061 	EXP 	fixation_3: autoDraw = True
129.4227 	EXP 	target_square_2: autoDraw = False
130.4060 	EXP 	fixation_3: autoDraw = False
130.4100 	EXP 	New trial (rep=0, index=25): {'square': 5, 'location': [0, 0], 'corrAns': None}
130.4104 	EXP 	window1: mouseVisible = False
130.4227 	EXP 	grid_lines_2: autoDraw = False
130.4227 	EXP 	target_square_2: autoDraw = False
130.4227 	EXP 	fixation_3: autoDraw = False
130.4227 	EXP 	target_square_2: pos = array([0., 0.])
130.4227 	EXP 	grid_lines_2: autoDraw = True
130.4227 	EXP 	target_square_2: autoDraw = True
131.4061 	EXP 	fixation_3: autoDraw = True
131.4227 	EXP 	target_square_2: autoDraw = False
132.4061 	EXP 	fixation_3: autoDraw = False
132.4100 	EXP 	New trial (rep=0, index=26): {'square': 2, 'location': [0, 0.2], 'corrAns': None}
132.4104 	EXP 	window1: mouseVisible = False
132.4227 	EXP 	grid_lines_2: autoDraw = False
132.4227 	EXP 	target_square_2: autoDraw = False
132.4227 	EXP 	fixation_3: autoDraw = False
132.4227 	EXP 	target_square_2: pos = array([0. , 0.2])
132.4227 	EXP 	grid_lines_2: autoDraw = True
132.4227 	EXP 	target_square_2: autoDraw = True
133.4061 	EXP 	fixation_3: autoDraw = True
133.4227 	EXP 	target_square_2: autoDraw = False
134.4061 	EXP 	fixation_3: autoDraw = False
134.4109 	EXP 	New trial (rep=0, index=27): {'square': 6, 'location': [0.2, 0], 'corrAns': None}
134.4114 	EXP 	window1: mouseVisible = False
134.4227 	EXP 	grid_lines_2: autoDraw = False
134.4227 	EXP 	target_square_2: autoDraw = False
134.4227 	EXP 	fixation_3: autoDraw = False
134.4227 	EXP 	target_square_2: pos = array([0.2, 0. ])
134.4227 	EXP 	grid_lines_2: autoDraw = True
134.4227 	EXP 	target_square_2: autoDraw = True
135.4061 	EXP 	fixation_3: autoDraw = True
135.4228 	EXP 	target_square_2: autoDraw = False
136.4061 	EXP 	fixation_3: autoDraw = False
136.4101 	EXP 	New trial (rep=0, index=28): {'square': 7, 'location': [-0.2, -0.2], 'corrAns': None}
136.4105 	EXP 	window1: mouseVisible = False
136.4228 	EXP 	grid_lines_2: autoDraw = False
136.4228 	EXP 	target_square_2: autoDraw = False
136.4228 	EXP 	fixation_3: autoDraw = False
136.4228 	EXP 	target_square_2: pos = array([-0.2, -0.2])
136.4228 	EXP 	grid_lines_2: autoDraw = True
136.4228 	EXP 	target_square_2: autoDraw = True
137.4061 	EXP 	fixation_3: autoDraw = True
137.4228 	EXP 	target_square_2: autoDraw = False
138.4061 	EXP 	fixation_3: autoDraw = False
138.4100 	EXP 	New trial (rep=0, index=29): {'square': 6, 'location': [0.2, 0], 'corrAns': 1}
138.4104 	EXP 	window1: mouseVisible = False
138.4228 	EXP 	grid_lines_2: autoDraw = False
138.4228 	EXP 	target_square_2: autoDraw = False
138.4228 	EXP 	fixation_3: autoDraw = False
138.4228 	EXP 	target_square_2: pos = array([0.2, 0. ])
138.4228 	EXP 	grid_lines_2: autoDraw = True
138.4228 	EXP 	target_square_2: autoDraw = True
138.8398 	DATA 	Mouse: Left button down, pos=(816,588)
139.1397 	DATA 	Mouse:  Left button up, pos=(813,586)
139.4061 	EXP 	fixation_3: autoDraw = True
139.4228 	EXP 	target_square_2: autoDraw = False
140.4061 	EXP 	fixation_3: autoDraw = False
140.4101 	EXP 	New trial (rep=0, index=30): {'square': 6, 'location': [0.2, 0], 'corrAns': None}
140.4105 	EXP 	window1: mouseVisible = False
140.4228 	EXP 	grid_lines_2: autoDraw = False
140.4228 	EXP 	target_square_2: autoDraw = False
140.4228 	EXP 	fixation_3: autoDraw = False
140.4228 	EXP 	target_square_2: pos = array([0.2, 0. ])
140.4228 	EXP 	grid_lines_2: autoDraw = True
140.4228 	EXP 	target_square_2: autoDraw = True
141.4061 	EXP 	fixation_3: autoDraw = True
141.4228 	EXP 	target_square_2: autoDraw = False
142.4062 	EXP 	fixation_3: autoDraw = False
142.4100 	EXP 	New trial (rep=0, index=31): {'square': 7, 'location': [-0.2, -0.2], 'corrAns': None}
142.4105 	EXP 	window1: mouseVisible = False
142.4228 	EXP 	grid_lines_2: autoDraw = False
142.4228 	EXP 	target_square_2: autoDraw = False
142.4228 	EXP 	fixation_3: autoDraw = False
142.4228 	EXP 	target_square_2: pos = array([-0.2, -0.2])
142.4228 	EXP 	grid_lines_2: autoDraw = True
142.4228 	EXP 	target_square_2: autoDraw = True
143.0233 	DATA 	Mouse: Left button down, pos=(807,579)
143.2564 	DATA 	Mouse:  Left button up, pos=(807,579)
143.4062 	EXP 	fixation_3: autoDraw = True
143.4228 	EXP 	target_square_2: autoDraw = False
144.4062 	EXP 	fixation_3: autoDraw = False
144.4102 	EXP 	New trial (rep=0, index=32): {'square': 6, 'location': [0.2, 0], 'corrAns': 1}
144.4106 	EXP 	window1: mouseVisible = False
144.4228 	EXP 	grid_lines_2: autoDraw = False
144.4228 	EXP 	target_square_2: autoDraw = False
144.4228 	EXP 	fixation_3: autoDraw = False
144.4228 	EXP 	target_square_2: pos = array([0.2, 0. ])
144.4228 	EXP 	grid_lines_2: autoDraw = True
144.4228 	EXP 	target_square_2: autoDraw = True
145.4062 	EXP 	fixation_3: autoDraw = True
145.4228 	EXP 	target_square_2: autoDraw = False
145.6899 	DATA 	Mouse: Left button down, pos=(798,577)
145.8731 	DATA 	Mouse:  Left button up, pos=(794,576)
146.4062 	EXP 	fixation_3: autoDraw = False
146.4102 	EXP 	New trial (rep=0, index=33): {'square': 2, 'location': [0, 0.2], 'corrAns': None}
146.4106 	EXP 	window1: mouseVisible = False
146.4229 	EXP 	grid_lines_2: autoDraw = False
146.4229 	EXP 	target_square_2: autoDraw = False
146.4229 	EXP 	fixation_3: autoDraw = False
146.4229 	EXP 	target_square_2: pos = array([0. , 0.2])
146.4229 	EXP 	grid_lines_2: autoDraw = True
146.4229 	EXP 	target_square_2: autoDraw = True
147.4062 	EXP 	fixation_3: autoDraw = True
147.4229 	EXP 	target_square_2: autoDraw = False
148.4062 	EXP 	fixation_3: autoDraw = False
148.4102 	EXP 	New trial (rep=0, index=34): {'square': 5, 'location': [0, 0], 'corrAns': None}
148.4105 	EXP 	window1: mouseVisible = False
148.4229 	EXP 	grid_lines_2: autoDraw = False
148.4229 	EXP 	target_square_2: autoDraw = False
148.4229 	EXP 	fixation_3: autoDraw = False
148.4229 	EXP 	target_square_2: pos = array([0., 0.])
148.4229 	EXP 	grid_lines_2: autoDraw = True
148.4229 	EXP 	target_square_2: autoDraw = True
149.4062 	EXP 	fixation_3: autoDraw = True
149.4229 	EXP 	target_square_2: autoDraw = False
150.4062 	EXP 	fixation_3: autoDraw = False
150.4102 	EXP 	New trial (rep=0, index=35): {'square': 4, 'location': [-0.2, 0], 'corrAns': None}
150.4106 	EXP 	window1: mouseVisible = False
150.4229 	EXP 	grid_lines_2: autoDraw = False
150.4229 	EXP 	target_square_2: autoDraw = False
150.4229 	EXP 	fixation_3: autoDraw = False
150.4229 	EXP 	target_square_2: pos = array([-0.2,  0. ])
150.4229 	EXP 	grid_lines_2: autoDraw = True
150.4229 	EXP 	target_square_2: autoDraw = True
151.4062 	EXP 	fixation_3: autoDraw = True
151.4229 	EXP 	target_square_2: autoDraw = False
152.4062 	EXP 	fixation_3: autoDraw = False
152.4101 	EXP 	New trial (rep=0, index=36): {'square': 4, 'location': [-0.2, 0], 'corrAns': None}
152.4106 	EXP 	window1: mouseVisible = False
152.4229 	EXP 	grid_lines_2: autoDraw = False
152.4229 	EXP 	target_square_2: autoDraw = False
152.4229 	EXP 	fixation_3: autoDraw = False
152.4229 	EXP 	target_square_2: pos = array([-0.2,  0. ])
152.4229 	EXP 	grid_lines_2: autoDraw = True
152.4229 	EXP 	target_square_2: autoDraw = True
153.4062 	EXP 	fixation_3: autoDraw = True
153.4229 	EXP 	target_square_2: autoDraw = False
154.4062 	EXP 	fixation_3: autoDraw = False
154.4103 	EXP 	New trial (rep=0, index=37): {'square': 7, 'location': [-0.2, -0.2], 'corrAns': None}
154.4107 	EXP 	window1: mouseVisible = False
154.4229 	EXP 	grid_lines_2: autoDraw = False
154.4229 	EXP 	target_square_2: autoDraw = False
154.4229 	EXP 	fixation_3: autoDraw = False
154.4229 	EXP 	target_square_2: pos = array([-0.2, -0.2])
154.4229 	EXP 	grid_lines_2: autoDraw = True
154.4229 	EXP 	target_square_2: autoDraw = True
155.4063 	EXP 	fixation_3: autoDraw = True
155.4229 	EXP 	target_square_2: autoDraw = False
156.4063 	EXP 	fixation_3: autoDraw = False
156.4102 	EXP 	New trial (rep=0, index=38): {'square': 4, 'location': [-0.2, 0], 'corrAns': 1}
156.4106 	EXP 	window1: mouseVisible = False
156.4229 	EXP 	grid_lines_2: autoDraw = False
156.4229 	EXP 	target_square_2: autoDraw = False
156.4229 	EXP 	fixation_3: autoDraw = False
156.4229 	EXP 	target_square_2: pos = array([-0.2,  0. ])
156.4229 	EXP 	grid_lines_2: autoDraw = True
156.4229 	EXP 	target_square_2: autoDraw = True
156.9233 	DATA 	Mouse: Left button down, pos=(786,575)
157.2399 	DATA 	Mouse:  Left button up, pos=(782,575)
157.4063 	EXP 	fixation_3: autoDraw = True
157.4229 	EXP 	target_square_2: autoDraw = False
158.4063 	EXP 	fixation_3: autoDraw = False
158.4102 	EXP 	New trial (rep=0, index=39): {'square': 3, 'location': [0.2, 0.2], 'corrAns': None}
158.4107 	EXP 	window1: mouseVisible = False
158.4229 	EXP 	grid_lines_2: autoDraw = False
158.4229 	EXP 	target_square_2: autoDraw = False
158.4229 	EXP 	fixation_3: autoDraw = False
158.4229 	EXP 	target_square_2: pos = array([0.2, 0.2])
158.4229 	EXP 	grid_lines_2: autoDraw = True
158.4229 	EXP 	target_square_2: autoDraw = True
159.4063 	EXP 	fixation_3: autoDraw = True
159.4229 	EXP 	target_square_2: autoDraw = False
160.4063 	EXP 	fixation_3: autoDraw = False
160.4102 	EXP 	New trial (rep=0, index=40): {'square': 5, 'location': [0, 0], 'corrAns': None}
160.4106 	EXP 	window1: mouseVisible = False
160.4230 	EXP 	grid_lines_2: autoDraw = False
160.4230 	EXP 	target_square_2: autoDraw = False
160.4230 	EXP 	fixation_3: autoDraw = False
160.4230 	EXP 	target_square_2: pos = array([0., 0.])
160.4230 	EXP 	grid_lines_2: autoDraw = True
160.4230 	EXP 	target_square_2: autoDraw = True
161.4063 	EXP 	fixation_3: autoDraw = True
161.4229 	EXP 	target_square_2: autoDraw = False
162.4062 	EXP 	fixation_3: autoDraw = False
162.4101 	EXP 	New trial (rep=0, index=41): {'square': 3, 'location': [0.2, 0.2], 'corrAns': 1}
162.4106 	EXP 	window1: mouseVisible = False
162.4230 	EXP 	grid_lines_2: autoDraw = False
162.4230 	EXP 	target_square_2: autoDraw = False
162.4230 	EXP 	fixation_3: autoDraw = False
162.4230 	EXP 	target_square_2: pos = array([0.2, 0.2])
162.4230 	EXP 	grid_lines_2: autoDraw = True
162.4230 	EXP 	target_square_2: autoDraw = True
162.9066 	DATA 	Mouse: Left button down, pos=(774,577)
163.2399 	DATA 	Mouse:  Left button up, pos=(774,577)
163.4063 	EXP 	fixation_3: autoDraw = True
163.4230 	EXP 	target_square_2: autoDraw = False
164.4063 	EXP 	fixation_3: autoDraw = False
164.4104 	EXP 	New trial (rep=0, index=42): {'square': 1, 'location': [-0.2, 0.2], 'corrAns': None}
164.4109 	EXP 	window1: mouseVisible = False
164.4230 	EXP 	grid_lines_2: autoDraw = False
164.4230 	EXP 	target_square_2: autoDraw = False
164.4230 	EXP 	fixation_3: autoDraw = False
164.4230 	EXP 	target_square_2: pos = array([-0.2,  0.2])
164.4230 	EXP 	grid_lines_2: autoDraw = True
164.4230 	EXP 	target_square_2: autoDraw = True
165.4063 	EXP 	fixation_3: autoDraw = True
165.4229 	EXP 	target_square_2: autoDraw = False
166.4063 	EXP 	fixation_3: autoDraw = False
166.4102 	EXP 	New trial (rep=0, index=43): {'square': 9, 'location': [0.2, -0.2], 'corrAns': None}
166.4107 	EXP 	window1: mouseVisible = False
166.4230 	EXP 	grid_lines_2: autoDraw = False
166.4230 	EXP 	target_square_2: autoDraw = False
166.4230 	EXP 	fixation_3: autoDraw = False
166.4230 	EXP 	target_square_2: pos = array([ 0.2, -0.2])
166.4230 	EXP 	grid_lines_2: autoDraw = True
166.4230 	EXP 	target_square_2: autoDraw = True
167.4063 	EXP 	fixation_3: autoDraw = True
167.4230 	EXP 	target_square_2: autoDraw = False
168.4063 	EXP 	fixation_3: autoDraw = False
168.4102 	EXP 	New trial (rep=0, index=44): {'square': 9, 'location': [0.2, -0.2], 'corrAns': None}
168.4107 	EXP 	window1: mouseVisible = False
168.4230 	EXP 	grid_lines_2: autoDraw = False
168.4230 	EXP 	target_square_2: autoDraw = False
168.4230 	EXP 	fixation_3: autoDraw = False
168.4230 	EXP 	target_square_2: pos = array([ 0.2, -0.2])
168.4230 	EXP 	grid_lines_2: autoDraw = True
168.4230 	EXP 	target_square_2: autoDraw = True
169.4064 	EXP 	fixation_3: autoDraw = True
169.4230 	EXP 	target_square_2: autoDraw = False
170.4064 	EXP 	fixation_3: autoDraw = False
170.4102 	EXP 	New trial (rep=0, index=45): {'square': 8, 'location': [0, -0.2], 'corrAns': None}
170.4107 	EXP 	window1: mouseVisible = False
170.4230 	EXP 	grid_lines_2: autoDraw = False
170.4230 	EXP 	target_square_2: autoDraw = False
170.4230 	EXP 	fixation_3: autoDraw = False
170.4230 	EXP 	target_square_2: pos = array([ 0. , -0.2])
170.4230 	EXP 	grid_lines_2: autoDraw = True
170.4230 	EXP 	target_square_2: autoDraw = True
171.4064 	EXP 	fixation_3: autoDraw = True
171.4231 	EXP 	target_square_2: autoDraw = False
172.4064 	EXP 	fixation_3: autoDraw = False
172.4103 	EXP 	New trial (rep=0, index=46): {'square': 6, 'location': [0.2, 0], 'corrAns': None}
172.4107 	EXP 	window1: mouseVisible = False
172.4230 	EXP 	grid_lines_2: autoDraw = False
172.4230 	EXP 	target_square_2: autoDraw = False
172.4230 	EXP 	fixation_3: autoDraw = False
172.4230 	EXP 	target_square_2: pos = array([0.2, 0. ])
172.4230 	EXP 	grid_lines_2: autoDraw = True
172.4230 	EXP 	target_square_2: autoDraw = True
173.4064 	EXP 	fixation_3: autoDraw = True
173.4230 	EXP 	target_square_2: autoDraw = False
174.4064 	EXP 	fixation_3: autoDraw = False
174.4104 	EXP 	New trial (rep=0, index=47): {'square': 3, 'location': [0.2, 0.2], 'corrAns': None}
174.4110 	EXP 	window1: mouseVisible = False
174.4231 	EXP 	grid_lines_2: autoDraw = False
174.4231 	EXP 	target_square_2: autoDraw = False
174.4231 	EXP 	fixation_3: autoDraw = False
174.4231 	EXP 	target_square_2: pos = array([0.2, 0.2])
174.4231 	EXP 	grid_lines_2: autoDraw = True
174.4231 	EXP 	target_square_2: autoDraw = True
175.4064 	EXP 	fixation_3: autoDraw = True
175.4231 	EXP 	target_square_2: autoDraw = False
176.4064 	EXP 	fixation_3: autoDraw = False
176.4103 	EXP 	New trial (rep=0, index=48): {'square': 6, 'location': [0.2, 0], 'corrAns': 1}
176.4107 	EXP 	window1: mouseVisible = False
176.4231 	EXP 	grid_lines_2: autoDraw = False
176.4231 	EXP 	target_square_2: autoDraw = False
176.4231 	EXP 	fixation_3: autoDraw = False
176.4231 	EXP 	target_square_2: pos = array([0.2, 0. ])
176.4231 	EXP 	grid_lines_2: autoDraw = True
176.4231 	EXP 	target_square_2: autoDraw = True
176.8400 	DATA 	Mouse: Left button down, pos=(758,579)
177.1067 	DATA 	Mouse:  Left button up, pos=(758,579)
177.4064 	EXP 	fixation_3: autoDraw = True
177.4231 	EXP 	target_square_2: autoDraw = False
178.4064 	EXP 	fixation_3: autoDraw = False
178.4104 	EXP 	New trial (rep=0, index=49): {'square': 5, 'location': [0, 0], 'corrAns': None}
178.4108 	EXP 	window1: mouseVisible = False
178.4231 	EXP 	grid_lines_2: autoDraw = False
178.4231 	EXP 	target_square_2: autoDraw = False
178.4231 	EXP 	fixation_3: autoDraw = False
178.4231 	EXP 	target_square_2: pos = array([0., 0.])
178.4231 	EXP 	grid_lines_2: autoDraw = True
178.4231 	EXP 	target_square_2: autoDraw = True
179.4064 	EXP 	fixation_3: autoDraw = True
179.4231 	EXP 	target_square_2: autoDraw = False
180.4065 	EXP 	fixation_3: autoDraw = False
180.4104 	EXP 	New trial (rep=0, index=50): {'square': 7, 'location': [-0.2, -0.2], 'corrAns': None}
180.4108 	EXP 	window1: mouseVisible = False
180.4231 	EXP 	grid_lines_2: autoDraw = False
180.4231 	EXP 	target_square_2: autoDraw = False
180.4231 	EXP 	fixation_3: autoDraw = False
180.4231 	EXP 	target_square_2: pos = array([-0.2, -0.2])
180.4231 	EXP 	grid_lines_2: autoDraw = True
180.4231 	EXP 	target_square_2: autoDraw = True
181.4064 	EXP 	fixation_3: autoDraw = True
181.4231 	EXP 	target_square_2: autoDraw = False
182.4065 	EXP 	fixation_3: autoDraw = False
182.4104 	EXP 	New trial (rep=0, index=51): {'square': 5, 'location': [0, 0], 'corrAns': 1}
182.4108 	EXP 	window1: mouseVisible = False
182.4231 	EXP 	grid_lines_2: autoDraw = False
182.4231 	EXP 	target_square_2: autoDraw = False
182.4231 	EXP 	fixation_3: autoDraw = False
182.4231 	EXP 	target_square_2: pos = array([0., 0.])
182.4231 	EXP 	grid_lines_2: autoDraw = True
182.4231 	EXP 	target_square_2: autoDraw = True
182.8423 	DATA 	Mouse: Left button down, pos=(747,570)
183.1400 	DATA 	Mouse:  Left button up, pos=(747,570)
183.4065 	EXP 	fixation_3: autoDraw = True
183.4231 	EXP 	target_square_2: autoDraw = False
184.4065 	EXP 	fixation_3: autoDraw = False
184.4106 	EXP 	New trial (rep=0, index=52): {'square': 1, 'location': [-0.2, 0.2], 'corrAns': None}
184.4111 	EXP 	window1: mouseVisible = False
184.4232 	EXP 	grid_lines_2: autoDraw = False
184.4232 	EXP 	target_square_2: autoDraw = False
184.4232 	EXP 	fixation_3: autoDraw = False
184.4232 	EXP 	target_square_2: pos = array([-0.2,  0.2])
184.4232 	EXP 	grid_lines_2: autoDraw = True
184.4232 	EXP 	target_square_2: autoDraw = True
185.4065 	EXP 	fixation_3: autoDraw = True
185.4231 	EXP 	target_square_2: autoDraw = False
186.4065 	EXP 	fixation_3: autoDraw = False
186.4105 	EXP 	New trial (rep=0, index=53): {'square': 7, 'location': [-0.2, -0.2], 'corrAns': None}
186.4109 	EXP 	window1: mouseVisible = False
186.4232 	EXP 	grid_lines_2: autoDraw = False
186.4232 	EXP 	target_square_2: autoDraw = False
186.4232 	EXP 	fixation_3: autoDraw = False
186.4232 	EXP 	target_square_2: pos = array([-0.2, -0.2])
186.4232 	EXP 	grid_lines_2: autoDraw = True
186.4232 	EXP 	target_square_2: autoDraw = True
187.4065 	EXP 	fixation_3: autoDraw = True
187.4232 	EXP 	target_square_2: autoDraw = False
188.4065 	EXP 	fixation_3: autoDraw = False
188.4105 	EXP 	New trial (rep=0, index=54): {'square': 9, 'location': [0.2, -0.2], 'corrAns': None}
188.4109 	EXP 	window1: mouseVisible = False
188.4232 	EXP 	grid_lines_2: autoDraw = False
188.4232 	EXP 	target_square_2: autoDraw = False
188.4232 	EXP 	fixation_3: autoDraw = False
188.4232 	EXP 	target_square_2: pos = array([ 0.2, -0.2])
188.4232 	EXP 	grid_lines_2: autoDraw = True
188.4232 	EXP 	target_square_2: autoDraw = True
189.4065 	EXP 	fixation_3: autoDraw = True
189.4232 	EXP 	target_square_2: autoDraw = False
190.4065 	EXP 	fixation_3: autoDraw = False
190.4104 	EXP 	New trial (rep=0, index=55): {'square': 3, 'location': [0.2, 0.2], 'corrAns': None}
190.4109 	EXP 	window1: mouseVisible = False
190.4232 	EXP 	grid_lines_2: autoDraw = False
190.4232 	EXP 	target_square_2: autoDraw = False
190.4232 	EXP 	fixation_3: autoDraw = False
190.4232 	EXP 	target_square_2: pos = array([0.2, 0.2])
190.4232 	EXP 	grid_lines_2: autoDraw = True
190.4232 	EXP 	target_square_2: autoDraw = True
191.4065 	EXP 	fixation_3: autoDraw = True
191.4232 	EXP 	target_square_2: autoDraw = False
192.4065 	EXP 	fixation_3: autoDraw = False
192.4106 	EXP 	New trial (rep=0, index=56): {'square': 9, 'location': [0.2, -0.2], 'corrAns': 1}
192.4110 	EXP 	window1: mouseVisible = False
192.4232 	EXP 	grid_lines_2: autoDraw = False
192.4232 	EXP 	target_square_2: autoDraw = False
192.4232 	EXP 	fixation_3: autoDraw = False
192.4232 	EXP 	target_square_2: pos = array([ 0.2, -0.2])
192.4232 	EXP 	grid_lines_2: autoDraw = True
192.4232 	EXP 	target_square_2: autoDraw = True
192.8568 	DATA 	Mouse: Left button down, pos=(741,570)
193.1401 	DATA 	Mouse:  Left button up, pos=(739,570)
193.4065 	EXP 	fixation_3: autoDraw = True
193.4232 	EXP 	target_square_2: autoDraw = False
194.4066 	EXP 	fixation_3: autoDraw = False
194.4106 	EXP 	New trial (rep=0, index=57): {'square': 6, 'location': [0.2, 0], 'corrAns': None}
194.4110 	EXP 	window1: mouseVisible = False
194.4232 	EXP 	grid_lines_2: autoDraw = False
194.4232 	EXP 	target_square_2: autoDraw = False
194.4232 	EXP 	fixation_3: autoDraw = False
194.4232 	EXP 	target_square_2: pos = array([0.2, 0. ])
194.4232 	EXP 	grid_lines_2: autoDraw = True
194.4232 	EXP 	target_square_2: autoDraw = True
195.4066 	EXP 	fixation_3: autoDraw = True
195.4231 	EXP 	target_square_2: autoDraw = False
196.4066 	EXP 	fixation_3: autoDraw = False
196.4104 	EXP 	New trial (rep=0, index=58): {'square': 2, 'location': [0, 0.2], 'corrAns': None}
196.4109 	EXP 	window1: mouseVisible = False
196.4232 	EXP 	grid_lines_2: autoDraw = False
196.4232 	EXP 	target_square_2: autoDraw = False
196.4232 	EXP 	fixation_3: autoDraw = False
196.4232 	EXP 	target_square_2: pos = array([0. , 0.2])
196.4232 	EXP 	grid_lines_2: autoDraw = True
196.4232 	EXP 	target_square_2: autoDraw = True
197.4066 	EXP 	fixation_3: autoDraw = True
197.4232 	EXP 	target_square_2: autoDraw = False
198.4066 	EXP 	fixation_3: autoDraw = False
198.4105 	EXP 	New trial (rep=0, index=59): {'square': 5, 'location': [0, 0], 'corrAns': None}
198.4109 	EXP 	window1: mouseVisible = False
198.4232 	EXP 	grid_lines_2: autoDraw = False
198.4232 	EXP 	target_square_2: autoDraw = False
198.4232 	EXP 	fixation_3: autoDraw = False
198.4232 	EXP 	target_square_2: pos = array([0., 0.])
198.4232 	EXP 	grid_lines_2: autoDraw = True
198.4232 	EXP 	target_square_2: autoDraw = True
199.4066 	EXP 	fixation_3: autoDraw = True
199.4233 	EXP 	target_square_2: autoDraw = False
200.4066 	EXP 	fixation_3: autoDraw = False
200.4105 	EXP 	New trial (rep=0, index=60): {'square': 5, 'location': [0, 0], 'corrAns': None}
200.4109 	EXP 	window1: mouseVisible = False
200.4232 	EXP 	grid_lines_2: autoDraw = False
200.4232 	EXP 	target_square_2: autoDraw = False
200.4232 	EXP 	fixation_3: autoDraw = False
200.4232 	EXP 	target_square_2: pos = array([0., 0.])
200.4232 	EXP 	grid_lines_2: autoDraw = True
200.4232 	EXP 	target_square_2: autoDraw = True
201.4066 	EXP 	fixation_3: autoDraw = True
201.4233 	EXP 	target_square_2: autoDraw = False
202.4066 	EXP 	fixation_3: autoDraw = False
202.4108 	EXP 	New trial (rep=0, index=61): {'square': 2, 'location': [0, 0.2], 'corrAns': None}
202.4112 	EXP 	window1: mouseVisible = False
202.4233 	EXP 	grid_lines_2: autoDraw = False
202.4233 	EXP 	target_square_2: autoDraw = False
202.4233 	EXP 	fixation_3: autoDraw = False
202.4233 	EXP 	target_square_2: pos = array([0. , 0.2])
202.4233 	EXP 	grid_lines_2: autoDraw = True
202.4233 	EXP 	target_square_2: autoDraw = True
202.9568 	DATA 	Mouse: Left button down, pos=(735,570)
203.2402 	DATA 	Mouse:  Left button up, pos=(733,569)
203.4066 	EXP 	fixation_3: autoDraw = True
203.4233 	EXP 	target_square_2: autoDraw = False
204.4066 	EXP 	fixation_3: autoDraw = False
204.4106 	EXP 	New trial (rep=0, index=62): {'square': 6, 'location': [0.2, 0], 'corrAns': None}
204.4110 	EXP 	window1: mouseVisible = False
204.4233 	EXP 	grid_lines_2: autoDraw = False
204.4233 	EXP 	target_square_2: autoDraw = False
204.4233 	EXP 	fixation_3: autoDraw = False
204.4233 	EXP 	target_square_2: pos = array([0.2, 0. ])
204.4233 	EXP 	grid_lines_2: autoDraw = True
204.4233 	EXP 	target_square_2: autoDraw = True
205.4066 	EXP 	fixation_3: autoDraw = True
205.4233 	EXP 	target_square_2: autoDraw = False
206.4066 	EXP 	fixation_3: autoDraw = False
206.4105 	EXP 	New trial (rep=0, index=63): {'square': 9, 'location': [0.2, -0.2], 'corrAns': None}
206.4110 	EXP 	window1: mouseVisible = False
206.4233 	EXP 	grid_lines_2: autoDraw = False
206.4233 	EXP 	target_square_2: autoDraw = False
206.4233 	EXP 	fixation_3: autoDraw = False
206.4233 	EXP 	target_square_2: pos = array([ 0.2, -0.2])
206.4233 	EXP 	grid_lines_2: autoDraw = True
206.4233 	EXP 	target_square_2: autoDraw = True
207.4066 	EXP 	fixation_3: autoDraw = True
207.4233 	EXP 	target_square_2: autoDraw = False
208.4067 	EXP 	fixation_3: autoDraw = False
208.4106 	EXP 	New trial (rep=0, index=64): {'square': 3, 'location': [0.2, 0.2], 'corrAns': None}
208.4110 	EXP 	window1: mouseVisible = False
208.4233 	EXP 	grid_lines_2: autoDraw = False
208.4233 	EXP 	target_square_2: autoDraw = False
208.4233 	EXP 	fixation_3: autoDraw = False
208.4233 	EXP 	target_square_2: pos = array([0.2, 0.2])
208.4233 	EXP 	grid_lines_2: autoDraw = True
208.4233 	EXP 	target_square_2: autoDraw = True
209.4067 	EXP 	fixation_3: autoDraw = True
209.4234 	EXP 	target_square_2: autoDraw = False
210.4066 	EXP 	fixation_3: autoDraw = False
210.4106 	EXP 	New trial (rep=0, index=65): {'square': 9, 'location': [0.2, -0.2], 'corrAns': 1}
210.4111 	EXP 	window1: mouseVisible = False
210.4233 	EXP 	grid_lines_2: autoDraw = False
210.4233 	EXP 	target_square_2: autoDraw = False
210.4233 	EXP 	fixation_3: autoDraw = False
210.4233 	EXP 	target_square_2: pos = array([ 0.2, -0.2])
210.4233 	EXP 	grid_lines_2: autoDraw = True
210.4233 	EXP 	target_square_2: autoDraw = True
210.8237 	DATA 	Mouse: Left button down, pos=(723,567)
211.1569 	DATA 	Mouse:  Left button up, pos=(723,567)
211.4067 	EXP 	fixation_3: autoDraw = True
211.4234 	EXP 	target_square_2: autoDraw = False
212.4067 	EXP 	fixation_3: autoDraw = False
212.4110 	EXP 	New trial (rep=0, index=66): {'square': 7, 'location': [-0.2, -0.2], 'corrAns': None}
212.4115 	EXP 	window1: mouseVisible = False
212.4234 	EXP 	grid_lines_2: autoDraw = False
212.4234 	EXP 	target_square_2: autoDraw = False
212.4234 	EXP 	fixation_3: autoDraw = False
212.4234 	EXP 	target_square_2: pos = array([-0.2, -0.2])
212.4234 	EXP 	grid_lines_2: autoDraw = True
212.4234 	EXP 	target_square_2: autoDraw = True
213.4067 	EXP 	fixation_3: autoDraw = True
213.4234 	EXP 	target_square_2: autoDraw = False
214.4067 	EXP 	fixation_3: autoDraw = False
214.4109 	EXP 	New trial (rep=0, index=67): {'square': 1, 'location': [-0.2, 0.2], 'corrAns': None}
214.4114 	EXP 	window1: mouseVisible = False
214.4234 	EXP 	grid_lines_2: autoDraw = False
214.4234 	EXP 	target_square_2: autoDraw = False
214.4234 	EXP 	fixation_3: autoDraw = False
214.4234 	EXP 	target_square_2: pos = array([-0.2,  0.2])
214.4234 	EXP 	grid_lines_2: autoDraw = True
214.4234 	EXP 	target_square_2: autoDraw = True
215.4067 	EXP 	fixation_3: autoDraw = True
215.4234 	EXP 	target_square_2: autoDraw = False
216.4067 	EXP 	fixation_3: autoDraw = False
216.4106 	EXP 	New trial (rep=0, index=68): {'square': 5, 'location': [0, 0], 'corrAns': None}
216.4110 	EXP 	window1: mouseVisible = False
216.4234 	EXP 	grid_lines_2: autoDraw = False
216.4234 	EXP 	target_square_2: autoDraw = False
216.4234 	EXP 	fixation_3: autoDraw = False
216.4234 	EXP 	target_square_2: pos = array([0., 0.])
216.4234 	EXP 	grid_lines_2: autoDraw = True
216.4234 	EXP 	target_square_2: autoDraw = True
217.4067 	EXP 	fixation_3: autoDraw = True
217.4234 	EXP 	target_square_2: autoDraw = False
218.4067 	EXP 	fixation_3: autoDraw = False
218.4106 	EXP 	New trial (rep=0, index=69): {'square': 7, 'location': [-0.2, -0.2], 'corrAns': None}
218.4111 	EXP 	window1: mouseVisible = False
218.4234 	EXP 	grid_lines_2: autoDraw = False
218.4234 	EXP 	target_square_2: autoDraw = False
218.4234 	EXP 	fixation_3: autoDraw = False
218.4234 	EXP 	target_square_2: pos = array([-0.2, -0.2])
218.4234 	EXP 	grid_lines_2: autoDraw = True
218.4234 	EXP 	target_square_2: autoDraw = True
219.4067 	EXP 	fixation_3: autoDraw = True
219.4234 	EXP 	target_square_2: autoDraw = False
220.4067 	EXP 	fixation_3: autoDraw = False
220.4107 	EXP 	New trial (rep=0, index=70): {'square': 5, 'location': [0, 0], 'corrAns': 1}
220.4111 	EXP 	window1: mouseVisible = False
220.4234 	EXP 	grid_lines_2: autoDraw = False
220.4234 	EXP 	target_square_2: autoDraw = False
220.4234 	EXP 	fixation_3: autoDraw = False
220.4234 	EXP 	target_square_2: pos = array([0., 0.])
220.4234 	EXP 	grid_lines_2: autoDraw = True
220.4234 	EXP 	target_square_2: autoDraw = True
221.0737 	DATA 	Mouse: Left button down, pos=(708,567)
221.1737 	DATA 	Mouse:  Left button up, pos=(708,567)
221.4067 	EXP 	fixation_3: autoDraw = True
221.4234 	EXP 	target_square_2: autoDraw = False
222.4067 	EXP 	fixation_3: autoDraw = False
222.4107 	EXP 	New trial (rep=0, index=71): {'square': 6, 'location': [0.2, 0], 'corrAns': None}
222.4113 	EXP 	window1: mouseVisible = False
222.4234 	EXP 	grid_lines_2: autoDraw = False
222.4234 	EXP 	target_square_2: autoDraw = False
222.4234 	EXP 	fixation_3: autoDraw = False
222.4234 	EXP 	target_square_2: pos = array([0.2, 0. ])
222.4234 	EXP 	grid_lines_2: autoDraw = True
222.4234 	EXP 	target_square_2: autoDraw = True
223.4068 	EXP 	fixation_3: autoDraw = True
223.4234 	EXP 	target_square_2: autoDraw = False
224.4068 	EXP 	fixation_3: autoDraw = False
224.4108 	EXP 	New trial (rep=0, index=72): {'square': 3, 'location': [0.2, 0.2], 'corrAns': None}
224.4112 	EXP 	window1: mouseVisible = False
224.4234 	EXP 	grid_lines_2: autoDraw = False
224.4234 	EXP 	target_square_2: autoDraw = False
224.4234 	EXP 	fixation_3: autoDraw = False
224.4234 	EXP 	target_square_2: pos = array([0.2, 0.2])
224.4234 	EXP 	grid_lines_2: autoDraw = True
224.4234 	EXP 	target_square_2: autoDraw = True
225.4068 	EXP 	fixation_3: autoDraw = True
225.4234 	EXP 	target_square_2: autoDraw = False
226.4068 	EXP 	fixation_3: autoDraw = False
226.4107 	EXP 	New trial (rep=0, index=73): {'square': 6, 'location': [0.2, 0], 'corrAns': 1}
226.4111 	EXP 	window1: mouseVisible = False
226.4233 	EXP 	grid_lines_2: autoDraw = False
226.4233 	EXP 	target_square_2: autoDraw = False
226.4233 	EXP 	fixation_3: autoDraw = False
226.4233 	EXP 	target_square_2: pos = array([0.2, 0. ])
226.4233 	EXP 	grid_lines_2: autoDraw = True
226.4233 	EXP 	target_square_2: autoDraw = True
227.4068 	EXP 	fixation_3: autoDraw = True
227.4235 	EXP 	target_square_2: autoDraw = False
228.4068 	EXP 	fixation_3: autoDraw = False
228.4107 	EXP 	New trial (rep=0, index=74): {'square': 8, 'location': [0, -0.2], 'corrAns': None}
228.4111 	EXP 	window1: mouseVisible = False
228.4235 	EXP 	grid_lines_2: autoDraw = False
228.4235 	EXP 	target_square_2: autoDraw = False
228.4235 	EXP 	fixation_3: autoDraw = False
228.4235 	EXP 	target_square_2: pos = array([ 0. , -0.2])
228.4235 	EXP 	grid_lines_2: autoDraw = True
228.4235 	EXP 	target_square_2: autoDraw = True
229.4068 	EXP 	fixation_3: autoDraw = True
229.4235 	EXP 	target_square_2: autoDraw = False
230.4068 	EXP 	fixation_3: autoDraw = False
230.4107 	EXP 	New trial (rep=0, index=75): {'square': 9, 'location': [0.2, -0.2], 'corrAns': None}
230.4111 	EXP 	window1: mouseVisible = False
230.4234 	EXP 	grid_lines_2: autoDraw = False
230.4234 	EXP 	target_square_2: autoDraw = False
230.4234 	EXP 	fixation_3: autoDraw = False
230.4234 	EXP 	target_square_2: pos = array([ 0.2, -0.2])
230.4234 	EXP 	grid_lines_2: autoDraw = True
230.4234 	EXP 	target_square_2: autoDraw = True
231.4068 	EXP 	fixation_3: autoDraw = True
231.4235 	EXP 	target_square_2: autoDraw = False
232.4068 	EXP 	fixation_3: autoDraw = False
232.4108 	EXP 	New trial (rep=0, index=76): {'square': 9, 'location': [0.2, -0.2], 'corrAns': None}
232.4112 	EXP 	window1: mouseVisible = False
232.4235 	EXP 	grid_lines_2: autoDraw = False
232.4235 	EXP 	target_square_2: autoDraw = False
232.4235 	EXP 	fixation_3: autoDraw = False
232.4235 	EXP 	target_square_2: pos = array([ 0.2, -0.2])
232.4235 	EXP 	grid_lines_2: autoDraw = True
232.4235 	EXP 	target_square_2: autoDraw = True
233.4068 	EXP 	fixation_3: autoDraw = True
233.4235 	EXP 	target_square_2: autoDraw = False
234.4068 	EXP 	fixation_3: autoDraw = False
234.4108 	EXP 	New trial (rep=0, index=77): {'square': 1, 'location': [-0.2, 0.2], 'corrAns': None}
234.4115 	EXP 	window1: mouseVisible = False
234.4235 	EXP 	grid_lines_2: autoDraw = False
234.4235 	EXP 	target_square_2: autoDraw = False
234.4235 	EXP 	fixation_3: autoDraw = False
234.4235 	EXP 	target_square_2: pos = array([-0.2,  0.2])
234.4235 	EXP 	grid_lines_2: autoDraw = True
234.4235 	EXP 	target_square_2: autoDraw = True
235.4068 	EXP 	fixation_3: autoDraw = True
235.4235 	EXP 	target_square_2: autoDraw = False
236.4069 	EXP 	fixation_3: autoDraw = False
236.4108 	EXP 	New trial (rep=0, index=78): {'square': 3, 'location': [0.2, 0.2], 'corrAns': None}
236.4113 	EXP 	window1: mouseVisible = False
236.4235 	EXP 	grid_lines_2: autoDraw = False
236.4235 	EXP 	target_square_2: autoDraw = False
236.4235 	EXP 	fixation_3: autoDraw = False
236.4235 	EXP 	target_square_2: pos = array([0.2, 0.2])
236.4235 	EXP 	grid_lines_2: autoDraw = True
236.4235 	EXP 	target_square_2: autoDraw = True
237.4069 	EXP 	fixation_3: autoDraw = True
237.4235 	EXP 	target_square_2: autoDraw = False
238.4069 	EXP 	fixation_3: autoDraw = False
238.4108 	EXP 	New trial (rep=0, index=79): {'square': 5, 'location': [0, 0], 'corrAns': None}
238.4112 	EXP 	window1: mouseVisible = False
238.4236 	EXP 	grid_lines_2: autoDraw = False
238.4236 	EXP 	target_square_2: autoDraw = False
238.4236 	EXP 	fixation_3: autoDraw = False
238.4236 	EXP 	target_square_2: pos = array([0., 0.])
238.4236 	EXP 	grid_lines_2: autoDraw = True
238.4236 	EXP 	target_square_2: autoDraw = True
239.4069 	EXP 	fixation_3: autoDraw = True
239.4236 	EXP 	target_square_2: autoDraw = False
240.4069 	EXP 	fixation_3: autoDraw = False
240.4108 	EXP 	New trial (rep=0, index=80): {'square': 3, 'location': [0.2, 0.2], 'corrAns': 1}
240.4112 	EXP 	window1: mouseVisible = False
240.4236 	EXP 	grid_lines_2: autoDraw = False
240.4236 	EXP 	target_square_2: autoDraw = False
240.4236 	EXP 	fixation_3: autoDraw = False
240.4236 	EXP 	target_square_2: pos = array([0.2, 0.2])
240.4236 	EXP 	grid_lines_2: autoDraw = True
240.4236 	EXP 	target_square_2: autoDraw = True
241.0072 	DATA 	Mouse: Left button down, pos=(694,566)
241.2238 	DATA 	Mouse:  Left button up, pos=(694,566)
241.4069 	EXP 	fixation_3: autoDraw = True
241.4236 	EXP 	target_square_2: autoDraw = False
242.4069 	EXP 	fixation_3: autoDraw = False
242.4110 	EXP 	New trial (rep=0, index=81): {'square': 4, 'location': [-0.2, 0], 'corrAns': None}
242.4114 	EXP 	window1: mouseVisible = False
242.4236 	EXP 	grid_lines_2: autoDraw = False
242.4236 	EXP 	target_square_2: autoDraw = False
242.4236 	EXP 	fixation_3: autoDraw = False
242.4236 	EXP 	target_square_2: pos = array([-0.2,  0. ])
242.4236 	EXP 	grid_lines_2: autoDraw = True
242.4236 	EXP 	target_square_2: autoDraw = True
243.4069 	EXP 	fixation_3: autoDraw = True
243.4236 	EXP 	target_square_2: autoDraw = False
244.4069 	EXP 	fixation_3: autoDraw = False
244.4109 	EXP 	New trial (rep=0, index=82): {'square': 7, 'location': [-0.2, -0.2], 'corrAns': None}
244.4114 	EXP 	window1: mouseVisible = False
244.4236 	EXP 	grid_lines_2: autoDraw = False
244.4236 	EXP 	target_square_2: autoDraw = False
244.4236 	EXP 	fixation_3: autoDraw = False
244.4236 	EXP 	target_square_2: pos = array([-0.2, -0.2])
244.4236 	EXP 	grid_lines_2: autoDraw = True
244.4236 	EXP 	target_square_2: autoDraw = True
245.4069 	EXP 	fixation_3: autoDraw = True
245.4236 	EXP 	target_square_2: autoDraw = False
246.4069 	EXP 	fixation_3: autoDraw = False
246.4108 	EXP 	New trial (rep=0, index=83): {'square': 4, 'location': [-0.2, 0], 'corrAns': 1}
246.4113 	EXP 	window1: mouseVisible = False
246.4237 	EXP 	grid_lines_2: autoDraw = False
246.4237 	EXP 	target_square_2: autoDraw = False
246.4237 	EXP 	fixation_3: autoDraw = False
246.4237 	EXP 	target_square_2: pos = array([-0.2,  0. ])
246.4237 	EXP 	grid_lines_2: autoDraw = True
246.4237 	EXP 	target_square_2: autoDraw = True
247.4069 	EXP 	fixation_3: autoDraw = True
247.4236 	EXP 	target_square_2: autoDraw = False
248.4069 	EXP 	fixation_3: autoDraw = False
248.4108 	EXP 	New trial (rep=0, index=84): {'square': 4, 'location': [-0.2, 0], 'corrAns': None}
248.4112 	EXP 	window1: mouseVisible = False
248.4236 	EXP 	grid_lines_2: autoDraw = False
248.4236 	EXP 	target_square_2: autoDraw = False
248.4236 	EXP 	fixation_3: autoDraw = False
248.4236 	EXP 	target_square_2: pos = array([-0.2,  0. ])
248.4236 	EXP 	grid_lines_2: autoDraw = True
248.4236 	EXP 	target_square_2: autoDraw = True
249.4070 	EXP 	fixation_3: autoDraw = True
249.4236 	EXP 	target_square_2: autoDraw = False
250.4070 	EXP 	fixation_3: autoDraw = False
250.4109 	EXP 	New trial (rep=0, index=85): {'square': 5, 'location': [0, 0], 'corrAns': None}
250.4112 	EXP 	window1: mouseVisible = False
250.4236 	EXP 	grid_lines_2: autoDraw = False
250.4236 	EXP 	target_square_2: autoDraw = False
250.4236 	EXP 	fixation_3: autoDraw = False
250.4236 	EXP 	target_square_2: pos = array([0., 0.])
250.4236 	EXP 	grid_lines_2: autoDraw = True
250.4236 	EXP 	target_square_2: autoDraw = True
251.4069 	EXP 	fixation_3: autoDraw = True
251.4235 	EXP 	target_square_2: autoDraw = False
252.4070 	EXP 	fixation_3: autoDraw = False
252.4109 	EXP 	New trial (rep=0, index=86): {'square': 2, 'location': [0, 0.2], 'corrAns': None}
252.4113 	EXP 	window1: mouseVisible = False
252.4236 	EXP 	grid_lines_2: autoDraw = False
252.4236 	EXP 	target_square_2: autoDraw = False
252.4236 	EXP 	fixation_3: autoDraw = False
252.4236 	EXP 	target_square_2: pos = array([0. , 0.2])
252.4236 	EXP 	grid_lines_2: autoDraw = True
252.4236 	EXP 	target_square_2: autoDraw = True
253.4070 	EXP 	fixation_3: autoDraw = True
253.4237 	EXP 	target_square_2: autoDraw = False
254.4070 	EXP 	fixation_3: autoDraw = False
254.4109 	EXP 	New trial (rep=0, index=87): {'square': 6, 'location': [0.2, 0], 'corrAns': None}
254.4115 	EXP 	window1: mouseVisible = False
254.4237 	EXP 	grid_lines_2: autoDraw = False
254.4237 	EXP 	target_square_2: autoDraw = False
254.4237 	EXP 	fixation_3: autoDraw = False
254.4237 	EXP 	target_square_2: pos = array([0.2, 0. ])
254.4237 	EXP 	grid_lines_2: autoDraw = True
254.4237 	EXP 	target_square_2: autoDraw = True
255.4070 	EXP 	fixation_3: autoDraw = True
255.4237 	EXP 	target_square_2: autoDraw = False
256.4070 	EXP 	fixation_3: autoDraw = False
256.4110 	EXP 	New trial (rep=0, index=88): {'square': 7, 'location': [-0.2, -0.2], 'corrAns': None}
256.4114 	EXP 	window1: mouseVisible = False
256.4237 	EXP 	grid_lines_2: autoDraw = False
256.4237 	EXP 	target_square_2: autoDraw = False
256.4237 	EXP 	fixation_3: autoDraw = False
256.4237 	EXP 	target_square_2: pos = array([-0.2, -0.2])
256.4237 	EXP 	grid_lines_2: autoDraw = True
256.4237 	EXP 	target_square_2: autoDraw = True
257.4070 	EXP 	fixation_3: autoDraw = True
257.4237 	EXP 	target_square_2: autoDraw = False
258.4070 	EXP 	fixation_3: autoDraw = False
258.4109 	EXP 	New trial (rep=0, index=89): {'square': 6, 'location': [0.2, 0], 'corrAns': 1}
258.4114 	EXP 	window1: mouseVisible = False
258.4237 	EXP 	grid_lines_2: autoDraw = False
258.4237 	EXP 	target_square_2: autoDraw = False
258.4237 	EXP 	fixation_3: autoDraw = False
258.4237 	EXP 	target_square_2: pos = array([0.2, 0. ])
258.4237 	EXP 	grid_lines_2: autoDraw = True
258.4237 	EXP 	target_square_2: autoDraw = True
259.0434 	DATA 	Mouse: Left button down, pos=(671,568)
259.1740 	DATA 	Mouse:  Left button up, pos=(671,568)
259.4070 	EXP 	fixation_3: autoDraw = True
259.4237 	EXP 	target_square_2: autoDraw = False
260.4070 	EXP 	fixation_3: autoDraw = False
260.4114 	EXP 	New trial (rep=0, index=90): {'square': 6, 'location': [0.2, 0], 'corrAns': None}
260.4118 	EXP 	window1: mouseVisible = False
260.4237 	EXP 	grid_lines_2: autoDraw = False
260.4237 	EXP 	target_square_2: autoDraw = False
260.4237 	EXP 	fixation_3: autoDraw = False
260.4237 	EXP 	target_square_2: pos = array([0.2, 0. ])
260.4237 	EXP 	grid_lines_2: autoDraw = True
260.4237 	EXP 	target_square_2: autoDraw = True
261.4070 	EXP 	fixation_3: autoDraw = True
261.4237 	EXP 	target_square_2: autoDraw = False
262.4071 	EXP 	fixation_3: autoDraw = False
262.4109 	EXP 	New trial (rep=0, index=91): {'square': 7, 'location': [-0.2, -0.2], 'corrAns': None}
262.4114 	EXP 	window1: mouseVisible = False
262.4237 	EXP 	grid_lines_2: autoDraw = False
262.4237 	EXP 	target_square_2: autoDraw = False
262.4237 	EXP 	fixation_3: autoDraw = False
262.4237 	EXP 	target_square_2: pos = array([-0.2, -0.2])
262.4237 	EXP 	grid_lines_2: autoDraw = True
262.4237 	EXP 	target_square_2: autoDraw = True
263.2074 	DATA 	Mouse: Left button down, pos=(669,568)
263.4070 	EXP 	fixation_3: autoDraw = True
263.4073 	DATA 	Mouse:  Left button up, pos=(669,568)
263.4237 	EXP 	target_square_2: autoDraw = False
264.4071 	EXP 	fixation_3: autoDraw = False
264.4112 	EXP 	New trial (rep=0, index=92): {'square': 6, 'location': [0.2, 0], 'corrAns': 1}
264.4116 	EXP 	window1: mouseVisible = False
264.4237 	EXP 	grid_lines_2: autoDraw = False
264.4237 	EXP 	target_square_2: autoDraw = False
264.4237 	EXP 	fixation_3: autoDraw = False
264.4237 	EXP 	target_square_2: pos = array([0.2, 0. ])
264.4237 	EXP 	grid_lines_2: autoDraw = True
264.4237 	EXP 	target_square_2: autoDraw = True
265.4071 	EXP 	fixation_3: autoDraw = True
265.4238 	EXP 	target_square_2: autoDraw = False
266.4071 	EXP 	fixation_3: autoDraw = False
266.4110 	EXP 	New trial (rep=0, index=93): {'square': 2, 'location': [0, 0.2], 'corrAns': None}
266.4115 	EXP 	window1: mouseVisible = False
266.4237 	EXP 	grid_lines_2: autoDraw = False
266.4237 	EXP 	target_square_2: autoDraw = False
266.4237 	EXP 	fixation_3: autoDraw = False
266.4237 	EXP 	target_square_2: pos = array([0. , 0.2])
266.4237 	EXP 	grid_lines_2: autoDraw = True
266.4237 	EXP 	target_square_2: autoDraw = True
267.4071 	EXP 	fixation_3: autoDraw = True
267.4238 	EXP 	target_square_2: autoDraw = False
268.4071 	EXP 	fixation_3: autoDraw = False
268.4117 	EXP 	New trial (rep=0, index=94): {'square': 5, 'location': [0, 0], 'corrAns': None}
268.4121 	EXP 	window1: mouseVisible = False
268.4238 	EXP 	grid_lines_2: autoDraw = False
268.4238 	EXP 	target_square_2: autoDraw = False
268.4238 	EXP 	fixation_3: autoDraw = False
268.4238 	EXP 	target_square_2: pos = array([0., 0.])
268.4238 	EXP 	grid_lines_2: autoDraw = True
268.4238 	EXP 	target_square_2: autoDraw = True
269.4071 	EXP 	fixation_3: autoDraw = True
269.4238 	EXP 	target_square_2: autoDraw = False
270.4071 	EXP 	fixation_3: autoDraw = False
270.4110 	EXP 	New trial (rep=0, index=95): {'square': 4, 'location': [-0.2, 0], 'corrAns': None}
270.4114 	EXP 	window1: mouseVisible = False
270.4238 	EXP 	grid_lines_2: autoDraw = False
270.4238 	EXP 	target_square_2: autoDraw = False
270.4238 	EXP 	fixation_3: autoDraw = False
270.4238 	EXP 	target_square_2: pos = array([-0.2,  0. ])
270.4238 	EXP 	grid_lines_2: autoDraw = True
270.4238 	EXP 	target_square_2: autoDraw = True
271.4071 	EXP 	fixation_3: autoDraw = True
271.4238 	EXP 	target_square_2: autoDraw = False
272.4071 	EXP 	fixation_3: autoDraw = False
272.4110 	EXP 	New trial (rep=0, index=96): {'square': 4, 'location': [-0.2, 0], 'corrAns': None}
272.4115 	EXP 	window1: mouseVisible = False
272.4238 	EXP 	grid_lines_2: autoDraw = False
272.4238 	EXP 	target_square_2: autoDraw = False
272.4238 	EXP 	fixation_3: autoDraw = False
272.4238 	EXP 	target_square_2: pos = array([-0.2,  0. ])
272.4238 	EXP 	grid_lines_2: autoDraw = True
272.4238 	EXP 	target_square_2: autoDraw = True
273.4071 	EXP 	fixation_3: autoDraw = True
273.4238 	EXP 	target_square_2: autoDraw = False
274.4071 	EXP 	fixation_3: autoDraw = False
274.4111 	EXP 	New trial (rep=0, index=97): {'square': 7, 'location': [-0.2, -0.2], 'corrAns': None}
274.4116 	EXP 	window1: mouseVisible = False
274.4238 	EXP 	grid_lines_2: autoDraw = False
274.4238 	EXP 	target_square_2: autoDraw = False
274.4238 	EXP 	fixation_3: autoDraw = False
274.4238 	EXP 	target_square_2: pos = array([-0.2, -0.2])
274.4238 	EXP 	grid_lines_2: autoDraw = True
274.4238 	EXP 	target_square_2: autoDraw = True
275.4072 	EXP 	fixation_3: autoDraw = True
275.4239 	EXP 	target_square_2: autoDraw = False
276.4072 	EXP 	fixation_3: autoDraw = False
276.4110 	EXP 	New trial (rep=0, index=98): {'square': 4, 'location': [-0.2, 0], 'corrAns': 1}
276.4115 	EXP 	window1: mouseVisible = False
276.4238 	EXP 	grid_lines_2: autoDraw = False
276.4238 	EXP 	target_square_2: autoDraw = False
276.4238 	EXP 	fixation_3: autoDraw = False
276.4238 	EXP 	target_square_2: pos = array([-0.2,  0. ])
276.4238 	EXP 	grid_lines_2: autoDraw = True
276.4238 	EXP 	target_square_2: autoDraw = True
276.9435 	DATA 	Mouse: Left button down, pos=(661,545)
277.2074 	DATA 	Mouse:  Left button up, pos=(658,545)
277.4072 	EXP 	fixation_3: autoDraw = True
277.4238 	EXP 	target_square_2: autoDraw = False
278.4072 	EXP 	fixation_3: autoDraw = False
278.4110 	EXP 	New trial (rep=0, index=99): {'square': 3, 'location': [0.2, 0.2], 'corrAns': None}
278.4115 	EXP 	window1: mouseVisible = False
278.4238 	EXP 	grid_lines_2: autoDraw = False
278.4238 	EXP 	target_square_2: autoDraw = False
278.4238 	EXP 	fixation_3: autoDraw = False
278.4238 	EXP 	target_square_2: pos = array([0.2, 0.2])
278.4238 	EXP 	grid_lines_2: autoDraw = True
278.4238 	EXP 	target_square_2: autoDraw = True
279.4072 	EXP 	fixation_3: autoDraw = True
279.4238 	EXP 	target_square_2: autoDraw = False
280.4072 	EXP 	fixation_3: autoDraw = False
280.4110 	EXP 	New trial (rep=0, index=100): {'square': 5, 'location': [0, 0], 'corrAns': None}
280.4114 	EXP 	window1: mouseVisible = False
280.4238 	EXP 	grid_lines_2: autoDraw = False
280.4238 	EXP 	target_square_2: autoDraw = False
280.4238 	EXP 	fixation_3: autoDraw = False
280.4238 	EXP 	target_square_2: pos = array([0., 0.])
280.4238 	EXP 	grid_lines_2: autoDraw = True
280.4238 	EXP 	target_square_2: autoDraw = True
281.4072 	EXP 	fixation_3: autoDraw = True
281.4239 	EXP 	target_square_2: autoDraw = False
282.4073 	EXP 	fixation_3: autoDraw = False
282.4111 	EXP 	New trial (rep=0, index=101): {'square': 3, 'location': [0.2, 0.2], 'corrAns': 1}
282.4116 	EXP 	window1: mouseVisible = False
282.4239 	EXP 	grid_lines_2: autoDraw = False
282.4239 	EXP 	target_square_2: autoDraw = False
282.4239 	EXP 	fixation_3: autoDraw = False
282.4239 	EXP 	target_square_2: pos = array([0.2, 0.2])
282.4239 	EXP 	grid_lines_2: autoDraw = True
282.4239 	EXP 	target_square_2: autoDraw = True
282.8575 	DATA 	Mouse: Left button down, pos=(658,545)
283.1408 	DATA 	Mouse:  Left button up, pos=(657,545)
283.4072 	EXP 	fixation_3: autoDraw = True
283.4239 	EXP 	target_square_2: autoDraw = False
284.4072 	EXP 	fixation_3: autoDraw = False
284.4113 	EXP 	New trial (rep=0, index=102): {'square': 1, 'location': [-0.2, 0.2], 'corrAns': None}
284.4118 	EXP 	window1: mouseVisible = False
284.4239 	EXP 	grid_lines_2: autoDraw = False
284.4239 	EXP 	target_square_2: autoDraw = False
284.4239 	EXP 	fixation_3: autoDraw = False
284.4239 	EXP 	target_square_2: pos = array([-0.2,  0.2])
284.4239 	EXP 	grid_lines_2: autoDraw = True
284.4239 	EXP 	target_square_2: autoDraw = True
285.4072 	EXP 	fixation_3: autoDraw = True
285.4239 	EXP 	target_square_2: autoDraw = False
286.4072 	EXP 	fixation_3: autoDraw = False
286.4112 	EXP 	New trial (rep=0, index=103): {'square': 9, 'location': [0.2, -0.2], 'corrAns': None}
286.4117 	EXP 	window1: mouseVisible = False
286.4239 	EXP 	grid_lines_2: autoDraw = False
286.4239 	EXP 	target_square_2: autoDraw = False
286.4239 	EXP 	fixation_3: autoDraw = False
286.4239 	EXP 	target_square_2: pos = array([ 0.2, -0.2])
286.4239 	EXP 	grid_lines_2: autoDraw = True
286.4239 	EXP 	target_square_2: autoDraw = True
287.4072 	EXP 	fixation_3: autoDraw = True
287.4239 	EXP 	target_square_2: autoDraw = False
288.4072 	EXP 	fixation_3: autoDraw = False
288.4113 	EXP 	New trial (rep=0, index=104): {'square': 9, 'location': [0.2, -0.2], 'corrAns': None}
288.4118 	EXP 	window1: mouseVisible = False
288.4239 	EXP 	grid_lines_2: autoDraw = False
288.4239 	EXP 	target_square_2: autoDraw = False
288.4239 	EXP 	fixation_3: autoDraw = False
288.4239 	EXP 	target_square_2: pos = array([ 0.2, -0.2])
288.4239 	EXP 	grid_lines_2: autoDraw = True
288.4239 	EXP 	target_square_2: autoDraw = True
289.4073 	EXP 	fixation_3: autoDraw = True
289.4239 	EXP 	target_square_2: autoDraw = False
290.4073 	EXP 	fixation_3: autoDraw = False
290.4112 	EXP 	New trial (rep=0, index=105): {'square': 8, 'location': [0, -0.2], 'corrAns': None}
290.4116 	EXP 	window1: mouseVisible = False
290.4239 	EXP 	grid_lines_2: autoDraw = False
290.4239 	EXP 	target_square_2: autoDraw = False
290.4239 	EXP 	fixation_3: autoDraw = False
290.4239 	EXP 	target_square_2: pos = array([ 0. , -0.2])
290.4239 	EXP 	grid_lines_2: autoDraw = True
290.4239 	EXP 	target_square_2: autoDraw = True
291.4073 	EXP 	fixation_3: autoDraw = True
291.4239 	EXP 	target_square_2: autoDraw = False
292.4073 	EXP 	fixation_3: autoDraw = False
292.4112 	EXP 	New trial (rep=0, index=106): {'square': 6, 'location': [0.2, 0], 'corrAns': None}
292.4117 	EXP 	window1: mouseVisible = False
292.4240 	EXP 	grid_lines_2: autoDraw = False
292.4240 	EXP 	target_square_2: autoDraw = False
292.4240 	EXP 	fixation_3: autoDraw = False
292.4240 	EXP 	target_square_2: pos = array([0.2, 0. ])
292.4240 	EXP 	grid_lines_2: autoDraw = True
292.4240 	EXP 	target_square_2: autoDraw = True
293.4073 	EXP 	fixation_3: autoDraw = True
293.4239 	EXP 	target_square_2: autoDraw = False
294.4073 	EXP 	fixation_3: autoDraw = False
294.4113 	EXP 	New trial (rep=0, index=107): {'square': 3, 'location': [0.2, 0.2], 'corrAns': None}
294.4117 	EXP 	window1: mouseVisible = False
294.4240 	EXP 	grid_lines_2: autoDraw = False
294.4240 	EXP 	target_square_2: autoDraw = False
294.4240 	EXP 	fixation_3: autoDraw = False
294.4240 	EXP 	target_square_2: pos = array([0.2, 0.2])
294.4240 	EXP 	grid_lines_2: autoDraw = True
294.4240 	EXP 	target_square_2: autoDraw = True
295.4073 	EXP 	fixation_3: autoDraw = True
295.4240 	EXP 	target_square_2: autoDraw = False
296.4073 	EXP 	fixation_3: autoDraw = False
296.4119 	EXP 	New trial (rep=0, index=108): {'square': 6, 'location': [0.2, 0], 'corrAns': 1}
296.4123 	EXP 	window1: mouseVisible = False
296.4240 	EXP 	grid_lines_2: autoDraw = False
296.4240 	EXP 	target_square_2: autoDraw = False
296.4240 	EXP 	fixation_3: autoDraw = False
296.4240 	EXP 	target_square_2: pos = array([0.2, 0. ])
296.4240 	EXP 	grid_lines_2: autoDraw = True
296.4240 	EXP 	target_square_2: autoDraw = True
296.8576 	DATA 	Mouse: Left button down, pos=(657,545)
297.1908 	DATA 	Mouse:  Left button up, pos=(657,545)
297.4073 	EXP 	fixation_3: autoDraw = True
297.4240 	EXP 	target_square_2: autoDraw = False
298.4073 	EXP 	fixation_3: autoDraw = False
298.4112 	EXP 	New trial (rep=0, index=109): {'square': 5, 'location': [0, 0], 'corrAns': None}
298.4116 	EXP 	window1: mouseVisible = False
298.4240 	EXP 	grid_lines_2: autoDraw = False
298.4240 	EXP 	target_square_2: autoDraw = False
298.4240 	EXP 	fixation_3: autoDraw = False
298.4240 	EXP 	target_square_2: pos = array([0., 0.])
298.4240 	EXP 	grid_lines_2: autoDraw = True
298.4240 	EXP 	target_square_2: autoDraw = True
299.4073 	EXP 	fixation_3: autoDraw = True
299.4240 	EXP 	target_square_2: autoDraw = False
300.4074 	EXP 	fixation_3: autoDraw = False
300.4122 	EXP 	New trial (rep=0, index=110): {'square': 7, 'location': [-0.2, -0.2], 'corrAns': None}
300.4127 	EXP 	window1: mouseVisible = False
300.4240 	EXP 	grid_lines_2: autoDraw = False
300.4240 	EXP 	target_square_2: autoDraw = False
300.4240 	EXP 	fixation_3: autoDraw = False
300.4240 	EXP 	target_square_2: pos = array([-0.2, -0.2])
300.4240 	EXP 	grid_lines_2: autoDraw = True
300.4240 	EXP 	target_square_2: autoDraw = True
301.4074 	EXP 	fixation_3: autoDraw = True
301.4240 	EXP 	target_square_2: autoDraw = False
302.4074 	EXP 	fixation_3: autoDraw = False
302.4113 	EXP 	New trial (rep=0, index=111): {'square': 5, 'location': [0, 0], 'corrAns': 1}
302.4116 	EXP 	window1: mouseVisible = False
302.4240 	EXP 	grid_lines_2: autoDraw = False
302.4240 	EXP 	target_square_2: autoDraw = False
302.4240 	EXP 	fixation_3: autoDraw = False
302.4240 	EXP 	target_square_2: pos = array([0., 0.])
302.4240 	EXP 	grid_lines_2: autoDraw = True
302.4240 	EXP 	target_square_2: autoDraw = True
302.8744 	DATA 	Mouse: Left button down, pos=(657,545)
303.1576 	DATA 	Mouse:  Left button up, pos=(657,545)
303.4074 	EXP 	fixation_3: autoDraw = True
303.4241 	EXP 	target_square_2: autoDraw = False
304.4074 	EXP 	fixation_3: autoDraw = False
304.4114 	EXP 	New trial (rep=0, index=112): {'square': 1, 'location': [-0.2, 0.2], 'corrAns': None}
304.4119 	EXP 	window1: mouseVisible = False
304.4240 	EXP 	grid_lines_2: autoDraw = False
304.4240 	EXP 	target_square_2: autoDraw = False
304.4240 	EXP 	fixation_3: autoDraw = False
304.4240 	EXP 	target_square_2: pos = array([-0.2,  0.2])
304.4240 	EXP 	grid_lines_2: autoDraw = True
304.4240 	EXP 	target_square_2: autoDraw = True
305.4074 	EXP 	fixation_3: autoDraw = True
305.4241 	EXP 	target_square_2: autoDraw = False
306.4074 	EXP 	fixation_3: autoDraw = False
306.4113 	EXP 	New trial (rep=0, index=113): {'square': 7, 'location': [-0.2, -0.2], 'corrAns': None}
306.4117 	EXP 	window1: mouseVisible = False
306.4241 	EXP 	grid_lines_2: autoDraw = False
306.4241 	EXP 	target_square_2: autoDraw = False
306.4241 	EXP 	fixation_3: autoDraw = False
306.4241 	EXP 	target_square_2: pos = array([-0.2, -0.2])
306.4241 	EXP 	grid_lines_2: autoDraw = True
306.4241 	EXP 	target_square_2: autoDraw = True
307.4074 	EXP 	fixation_3: autoDraw = True
307.4241 	EXP 	target_square_2: autoDraw = False
308.4074 	EXP 	fixation_3: autoDraw = False
308.4116 	EXP 	New trial (rep=0, index=114): {'square': 9, 'location': [0.2, -0.2], 'corrAns': None}
308.4121 	EXP 	window1: mouseVisible = False
308.4241 	EXP 	grid_lines_2: autoDraw = False
308.4241 	EXP 	target_square_2: autoDraw = False
308.4241 	EXP 	fixation_3: autoDraw = False
308.4241 	EXP 	target_square_2: pos = array([ 0.2, -0.2])
308.4241 	EXP 	grid_lines_2: autoDraw = True
308.4241 	EXP 	target_square_2: autoDraw = True
309.4074 	EXP 	fixation_3: autoDraw = True
309.4241 	EXP 	target_square_2: autoDraw = False
310.4074 	EXP 	fixation_3: autoDraw = False
310.4113 	EXP 	New trial (rep=0, index=115): {'square': 3, 'location': [0.2, 0.2], 'corrAns': None}
310.4118 	EXP 	window1: mouseVisible = False
310.4241 	EXP 	grid_lines_2: autoDraw = False
310.4241 	EXP 	target_square_2: autoDraw = False
310.4241 	EXP 	fixation_3: autoDraw = False
310.4241 	EXP 	target_square_2: pos = array([0.2, 0.2])
310.4241 	EXP 	grid_lines_2: autoDraw = True
310.4241 	EXP 	target_square_2: autoDraw = True
311.4074 	EXP 	fixation_3: autoDraw = True
311.4241 	EXP 	target_square_2: autoDraw = False
312.4074 	EXP 	fixation_3: autoDraw = False
312.4116 	EXP 	New trial (rep=0, index=116): {'square': 9, 'location': [0.2, -0.2], 'corrAns': 1}
312.4121 	EXP 	window1: mouseVisible = False
312.4241 	EXP 	grid_lines_2: autoDraw = False
312.4241 	EXP 	target_square_2: autoDraw = False
312.4241 	EXP 	fixation_3: autoDraw = False
312.4241 	EXP 	target_square_2: pos = array([ 0.2, -0.2])
312.4241 	EXP 	grid_lines_2: autoDraw = True
312.4241 	EXP 	target_square_2: autoDraw = True
312.7910 	DATA 	Mouse: Left button down, pos=(647,545)
313.0577 	DATA 	Mouse:  Left button up, pos=(647,545)
313.4075 	EXP 	fixation_3: autoDraw = True
313.4241 	EXP 	target_square_2: autoDraw = False
314.4075 	EXP 	fixation_3: autoDraw = False
314.4118 	EXP 	New trial (rep=0, index=117): {'square': 6, 'location': [0.2, 0], 'corrAns': None}
314.4123 	EXP 	window1: mouseVisible = False
314.4241 	EXP 	grid_lines_2: autoDraw = False
314.4241 	EXP 	target_square_2: autoDraw = False
314.4241 	EXP 	fixation_3: autoDraw = False
314.4241 	EXP 	target_square_2: pos = array([0.2, 0. ])
314.4241 	EXP 	grid_lines_2: autoDraw = True
314.4241 	EXP 	target_square_2: autoDraw = True
315.4075 	EXP 	fixation_3: autoDraw = True
315.4241 	EXP 	target_square_2: autoDraw = False
316.4075 	EXP 	fixation_3: autoDraw = False
316.4115 	EXP 	New trial (rep=0, index=118): {'square': 2, 'location': [0, 0.2], 'corrAns': None}
316.4119 	EXP 	window1: mouseVisible = False
316.4241 	EXP 	grid_lines_2: autoDraw = False
316.4241 	EXP 	target_square_2: autoDraw = False
316.4241 	EXP 	fixation_3: autoDraw = False
316.4241 	EXP 	target_square_2: pos = array([0. , 0.2])
316.4241 	EXP 	grid_lines_2: autoDraw = True
316.4241 	EXP 	target_square_2: autoDraw = True
317.4075 	EXP 	fixation_3: autoDraw = True
317.4241 	EXP 	target_square_2: autoDraw = False
318.4075 	EXP 	fixation_3: autoDraw = False
318.4114 	EXP 	New trial (rep=0, index=119): {'square': 5, 'location': [0, 0], 'corrAns': None}
318.4118 	EXP 	window1: mouseVisible = False
318.4242 	EXP 	grid_lines_2: autoDraw = False
318.4242 	EXP 	target_square_2: autoDraw = False
318.4242 	EXP 	fixation_3: autoDraw = False
318.4242 	EXP 	target_square_2: pos = array([0., 0.])
318.4242 	EXP 	grid_lines_2: autoDraw = True
318.4242 	EXP 	target_square_2: autoDraw = True
319.4075 	EXP 	fixation_3: autoDraw = True
319.4242 	EXP 	target_square_2: autoDraw = False
320.4075 	EXP 	fixation_3: autoDraw = False
320.4265 	EXP 	Created unnamed TextStim = TextStim(__class__=<class 'psychopy.visual.text.TextStim'>, alignHoriz=method-wrapper(...), alignText='center', alignVert=method-wrapper(...), anchorHoriz='center', anchorVert='center', antialias=True, autoLog=True, bold=False, color=array([1., 1., 1.]), colorSpace='rgb', contrast=1.0, depth=0, flipHoriz=False, flipVert=False, font='', fontFiles=[], height=0.05, italic=False, languageStyle='LTR', name='unnamed TextStim', opacity=1.0, ori=0.0, pos=array([0., 0.]), rgb=UNKNOWN, text=str(...), units='height', win=Window(...), wrapWidth=1)
320.4408 	EXP 	grid_lines_2: autoDraw = False
320.4408 	EXP 	target_square_2: autoDraw = False
320.4408 	EXP 	fixation_3: autoDraw = False
364.4819 	DATA 	Keypress: e
364.4826 	EXP 	New trial (rep=0, index=1): OrderedDict([('RestT1', 1), ('TaskT1', 0)])
364.4831 	EXP 	Created sequence: random, trialTypes=1, nReps=1, seed=None
364.4833 	EXP 	New trial (rep=0, index=0): None
364.4955 	EXP 	Created unnamed TextStim = TextStim(__class__=<class 'psychopy.visual.text.TextStim'>, alignHoriz=method-wrapper(...), alignText='center', alignVert=method-wrapper(...), anchorHoriz='center', anchorVert='center', antialias=True, autoLog=True, bold=False, color=array([-0.5, -0.5, -0.5]), colorSpace='rgb', contrast=1.0, depth=0, flipHoriz=False, flipVert=False, font='', fontFiles=[], height=0.05, italic=False, languageStyle='LTR', name='unnamed TextStim', opacity=1.0, ori=0.0, pos=array([0., 0.]), rgb=UNKNOWN, text=str(...), units='height', win=Window(...), wrapWidth=1)
365.6499 	DATA 	Keypress: s
365.6579 	EXP 	fixation_2: autoDraw = True
633.6679 	EXP 	Created unnamed TextStim = TextStim(__class__=<class 'psychopy.visual.text.TextStim'>, alignHoriz=method-wrapper(...), alignText='center', alignVert=method-wrapper(...), anchorHoriz='center', anchorVert='center', antialias=True, autoLog=True, bold=False, color=array([1., 1., 1.]), colorSpace='rgb', contrast=1.0, depth=0, flipHoriz=False, flipVert=False, font='', fontFiles=[], height=0.05, italic=False, languageStyle='LTR', name='unnamed TextStim', opacity=1.0, ori=0.0, pos=array([0., 0.]), rgb=UNKNOWN, text=str(...), units='height', win=Window(...), wrapWidth=1)
633.6765 	EXP 	fixation_2: autoDraw = False
633.6765 	EXP 	fixation_2: autoDraw = False
835.5061 	DATA 	Mouse: Left button down, pos=(1058,242)
835.6527 	DATA 	Mouse:  Left button up, pos=(1046,230)
1254.1543 	DATA 	Keypress: e
1254.1551 	EXP 	Created sequence: random, trialTypes=1, nReps=0, seed=None
1254.2583 	EXP 	Created unnamed TextStim = TextStim(__class__=<class 'psychopy.visual.text.TextStim'>, alignHoriz=method-wrapper(...), alignText='center', alignVert=method-wrapper(...), anchorHoriz='center', anchorVert='center', antialias=True, autoLog=True, bold=False, color=array([1., 1., 1.]), colorSpace='rgb', contrast=1.0, depth=0, flipHoriz=False, flipVert=False, font='', fontFiles=[], height=0.05, italic=False, languageStyle='LTR', name='unnamed TextStim', opacity=1.0, ori=0.0, pos=array([0., 0.]), rgb=UNKNOWN, text=str(...), units='height', win=Window(...), wrapWidth=1)
1254.3230 	EXP 	window1: mouseVisible = True
