0.5984 	WARNING 	We strongly recommend you activate the PTB sound engine in PsychoPy prefs as the preferred audio engine. Its timing is vastly superior. Your prefs are currently set to use ['sounddevice', 'PTB', 'pyo', 'pygame'] (in that order).
26.0004 	EXP 	Created fixation_2 = TextStim(__class__=<class 'psychopy.visual.text.TextStim'>, alignHoriz=method-wrapper(...), alignText='center', alignVert=method-wrapper(...), anchorHoriz='center', anchorVert='center', antialias=True, autoLog=True, bold=False, color=array([1, 1, 1]), colorSpace='rgb', contrast=1.0, depth=-2.0, flipHoriz=False, flipVert=False, font='Arial', fontFiles=[], height=0.05, italic=False, languageStyle='LTR', name='fixation_2', opacity=1, ori=0, pos=array([0., 0.]), rgb=UNKNOWN, text='+', units='height', win=Window(...), wrapWidth=1)
26.0742 	EXP 	Created Nbackinstructions = TextStim(__class__=<class 'psychopy.visual.text.TextStim'>, alignHoriz=method-wrapper(...), alignText='center', alignVert=method-wrapper(...), anchorHoriz='center', anchorVert='center', antialias=True, autoLog=True, bold=False, color=array([1, 1, 1]), colorSpace='rgb', contrast=1.0, depth=0, flipHoriz=False, flipVert=False, font='Arial', fontFiles=[], height=0.05, italic=False, languageStyle='LTR', name='Nbackinstructions', opacity=1, ori=0.0, pos=array([0., 0.]), rgb=UNKNOWN, text=str(...), units='height', win=Window(...), wrapWidth=1)
26.0780 	EXP 	Created fixation_2 = TextStim(__class__=<class 'psychopy.visual.text.TextStim'>, alignHoriz=method-wrapper(...), alignText='center', alignVert=method-wrapper(...), anchorHoriz='center', anchorVert='center', antialias=True, autoLog=True, bold=False, color=array([1, 1, 1]), colorSpace='rgb', contrast=1.0, depth=-2.0, flipHoriz=False, flipVert=False, font='Arial', fontFiles=[], height=0.05, italic=False, languageStyle='LTR', name='fixation_2', opacity=1, ori=0, pos=array([0., 0.]), rgb=UNKNOWN, text='+', units='height', win=Window(...), wrapWidth=1)
26.5043 	EXP 	Created grid_lines_2 = ImageStim(__class__=<class 'psychopy.visual.image.ImageStim'>, autoLog=True, color=array([1, 1, 1]), colorSpace='rgb', contrast=1.0, depth=0.0, flipHoriz=False, flipVert=False, image='grid.png', interpolate=True, mask=None, maskParams=None, name='grid_lines_2', opacity=1, ori=0.0, pos=array([0., 0.]), size=array([0.6, 0.6]), texRes=128, units='height', win=Window(...))
26.5085 	EXP 	Created target_square_2 = Rect(__class__=<class 'psychopy.visual.rect.Rect'>, autoDraw=False, autoLog=True, closeShape=True, color=method-wrapper(...), colorSpace='rgb', contrast=None, depth=-1.0, fillColor=array([1., 1., 1.]), fillColorSpace='rgb', fillRGB=UNKNOWN, interpolate=True, lineColor=array([0, 0, 0]), lineColorSpace='rgb', lineRGB=UNKNOWN, lineWidth=1, name='target_square_2', opacity=0.5, ori=0.0, pos=array([0., 0.]), size=array([0.15, 0.15]), units='height', vertices=ndarray(...), win=Window(...))
26.5123 	EXP 	Created fixation_3 = TextStim(__class__=<class 'psychopy.visual.text.TextStim'>, alignHoriz=method-wrapper(...), alignText='center', alignVert=method-wrapper(...), anchorHoriz='center', anchorVert='center', antialias=True, autoLog=True, bold=False, color=array([1, 1, 1]), colorSpace='rgb', contrast=1.0, depth=-2.0, flipHoriz=False, flipVert=False, font='Arial', fontFiles=[], height=0.05, italic=False, languageStyle='LTR', name='fixation_3', opacity=1, ori=0, pos=array([0., 0.]), rgb=UNKNOWN, text='+', units='height', win=Window(...), wrapWidth=1)
26.5131 	EXP 	window1: mouseVisible = True
26.5176 	EXP 	window1: mouseVisible = False
26.5182 	EXP 	Created sequence: sequential, trialTypes=2, nReps=1, seed=None
26.5187 	EXP 	New trial (rep=0, index=0): OrderedDict([('RestT1', 1), ('TaskT1', 0)])
26.5194 	EXP 	Created sequence: random, trialTypes=1, nReps=1, seed=None
26.5197 	EXP 	New trial (rep=0, index=0): None
26.5484 	EXP 	Created unnamed TextStim = TextStim(__class__=<class 'psychopy.visual.text.TextStim'>, alignHoriz=method-wrapper(...), alignText='center', alignVert=method-wrapper(...), anchorHoriz='center', anchorVert='center', antialias=True, autoLog=True, bold=False, color=array([-0.5, -0.5, -0.5]), colorSpace='rgb', contrast=1.0, depth=0, flipHoriz=False, flipVert=False, font='', fontFiles=[], height=0.05, italic=False, languageStyle='LTR', name='unnamed TextStim', opacity=1.0, ori=0.0, pos=array([0., 0.]), rgb=UNKNOWN, text=str(...), units='height', win=Window(...), wrapWidth=1)
79.7710 	DATA 	Keypress: s
79.8151 	EXP 	fixation_2: autoDraw = True
347.8020 	EXP 	Created unnamed TextStim = TextStim(__class__=<class 'psychopy.visual.text.TextStim'>, alignHoriz=method-wrapper(...), alignText='center', alignVert=method-wrapper(...), anchorHoriz='center', anchorVert='center', antialias=True, autoLog=True, bold=False, color=array([1., 1., 1.]), colorSpace='rgb', contrast=1.0, depth=0, flipHoriz=False, flipVert=False, font='', fontFiles=[], height=0.05, italic=False, languageStyle='LTR', name='unnamed TextStim', opacity=1.0, ori=0.0, pos=array([0., 0.]), rgb=UNKNOWN, text=str(...), units='height', win=Window(...), wrapWidth=1)
347.8171 	EXP 	fixation_2: autoDraw = False
378.0830 	DATA 	Keypress: e
378.0838 	EXP 	Created sequence: random, trialTypes=1, nReps=0, seed=None
378.0841 	EXP 	New trial (rep=0, index=1): OrderedDict([('RestT1', 0), ('TaskT1', 1)])
378.0844 	EXP 	Created sequence: random, trialTypes=1, nReps=0, seed=None
378.0848 	EXP 	Created sequence: random, trialTypes=1, nReps=1, seed=None
378.0851 	EXP 	New trial (rep=0, index=0): None
378.1008 	EXP 	Nbackinstructions: autoDraw = True
433.8063 	DATA 	Keypress: space
433.8423 	EXP 	Created unnamed TextStim = TextStim(__class__=<class 'psychopy.visual.text.TextStim'>, alignHoriz=method-wrapper(...), alignText='center', alignVert=method-wrapper(...), anchorHoriz='center', anchorVert='center', antialias=True, autoLog=True, bold=False, color=array([-0.5, -0.5, -0.5]), colorSpace='rgb', contrast=1.0, depth=0, flipHoriz=False, flipVert=False, font='', fontFiles=[], height=0.05, italic=False, languageStyle='LTR', name='unnamed TextStim', opacity=1.0, ori=0.0, pos=array([0., 0.]), rgb=UNKNOWN, text=str(...), units='height', win=Window(...), wrapWidth=1)
433.8511 	EXP 	Nbackinstructions: autoDraw = False
435.4669 	DATA 	Keypress: s
435.5274 	EXP 	Imported c:\Users\Dartmouth\Documents\GitHub\canlab\WASABI_public\fMRI Tasks\WASABI Task-T1\N-back-2.xlsx as conditions, 120 conditions, 3 params
435.5281 	EXP 	Created sequence: sequential, trialTypes=120, nReps=1, seed=None
435.5285 	EXP 	New trial (rep=0, index=0): {'square': 5, 'location': [0, 0], 'corrAns': None}
435.5289 	EXP 	window1: mouseVisible = False
435.5512 	EXP 	fixation_2: autoDraw = False
435.5512 	EXP 	target_square_2: pos = array([0., 0.])
435.5512 	EXP 	grid_lines_2: autoDraw = True
435.5512 	EXP 	target_square_2: autoDraw = True
436.5179 	EXP 	fixation_3: autoDraw = True
436.5512 	EXP 	target_square_2: autoDraw = False
436.8394 	EXP 	New trial (rep=0, index=1): {'square': 2, 'location': [0, 0.2], 'corrAns': None}
436.8399 	EXP 	window1: mouseVisible = False
436.8512 	EXP 	grid_lines_2: autoDraw = False
436.8512 	EXP 	target_square_2: autoDraw = False
436.8512 	EXP 	fixation_3: autoDraw = False
436.8512 	EXP 	target_square_2: pos = array([0. , 0.2])
436.8512 	EXP 	grid_lines_2: autoDraw = True
436.8512 	EXP 	target_square_2: autoDraw = True
437.8345 	EXP 	fixation_3: autoDraw = True
437.8512 	EXP 	target_square_2: autoDraw = False
438.8345 	EXP 	fixation_3: autoDraw = False
438.8384 	EXP 	New trial (rep=0, index=2): {'square': 6, 'location': [0.2, 0], 'corrAns': None}
438.8389 	EXP 	window1: mouseVisible = False
438.8512 	EXP 	grid_lines_2: autoDraw = False
438.8512 	EXP 	target_square_2: autoDraw = False
438.8512 	EXP 	fixation_3: autoDraw = False
438.8512 	EXP 	target_square_2: pos = array([0.2, 0. ])
438.8512 	EXP 	grid_lines_2: autoDraw = True
438.8512 	EXP 	target_square_2: autoDraw = True
439.8345 	EXP 	fixation_3: autoDraw = True
439.8512 	EXP 	target_square_2: autoDraw = False
440.8345 	EXP 	fixation_3: autoDraw = False
440.8388 	EXP 	New trial (rep=0, index=3): {'square': 9, 'location': [0.2, -0.2], 'corrAns': None}
440.8392 	EXP 	window1: mouseVisible = False
440.8512 	EXP 	grid_lines_2: autoDraw = False
440.8512 	EXP 	target_square_2: autoDraw = False
440.8512 	EXP 	fixation_3: autoDraw = False
440.8512 	EXP 	target_square_2: pos = array([ 0.2, -0.2])
440.8512 	EXP 	grid_lines_2: autoDraw = True
440.8512 	EXP 	target_square_2: autoDraw = True
441.8345 	EXP 	fixation_3: autoDraw = True
441.8512 	EXP 	target_square_2: autoDraw = False
442.8345 	EXP 	fixation_3: autoDraw = False
442.8384 	EXP 	New trial (rep=0, index=4): {'square': 3, 'location': [0.2, 0.2], 'corrAns': None}
442.8389 	EXP 	window1: mouseVisible = False
442.8512 	EXP 	grid_lines_2: autoDraw = False
442.8512 	EXP 	target_square_2: autoDraw = False
442.8512 	EXP 	fixation_3: autoDraw = False
442.8512 	EXP 	target_square_2: pos = array([0.2, 0.2])
442.8512 	EXP 	grid_lines_2: autoDraw = True
442.8512 	EXP 	target_square_2: autoDraw = True
443.8345 	EXP 	fixation_3: autoDraw = True
443.8512 	EXP 	target_square_2: autoDraw = False
444.8345 	EXP 	fixation_3: autoDraw = False
444.8384 	EXP 	New trial (rep=0, index=5): {'square': 9, 'location': [0.2, -0.2], 'corrAns': 1}
444.8389 	EXP 	window1: mouseVisible = False
444.8512 	EXP 	grid_lines_2: autoDraw = False
444.8512 	EXP 	target_square_2: autoDraw = False
444.8512 	EXP 	fixation_3: autoDraw = False
444.8512 	EXP 	target_square_2: pos = array([ 0.2, -0.2])
444.8512 	EXP 	grid_lines_2: autoDraw = True
444.8512 	EXP 	target_square_2: autoDraw = True
445.5017 	DATA 	Mouse: Left button down, pos=(1135,696)
445.8346 	EXP 	fixation_3: autoDraw = True
445.8512 	EXP 	target_square_2: autoDraw = False
446.0016 	DATA 	Mouse:  Left button up, pos=(1118,676)
446.8346 	EXP 	fixation_3: autoDraw = False
446.8386 	EXP 	New trial (rep=0, index=6): {'square': 7, 'location': [-0.2, -0.2], 'corrAns': None}
446.8391 	EXP 	window1: mouseVisible = False
446.8513 	EXP 	grid_lines_2: autoDraw = False
446.8513 	EXP 	target_square_2: autoDraw = False
446.8513 	EXP 	fixation_3: autoDraw = False
446.8513 	EXP 	target_square_2: pos = array([-0.2, -0.2])
446.8513 	EXP 	grid_lines_2: autoDraw = True
446.8513 	EXP 	target_square_2: autoDraw = True
447.8346 	EXP 	fixation_3: autoDraw = True
447.8513 	EXP 	target_square_2: autoDraw = False
448.8346 	EXP 	fixation_3: autoDraw = False
448.8386 	EXP 	New trial (rep=0, index=7): {'square': 1, 'location': [-0.2, 0.2], 'corrAns': None}
448.8391 	EXP 	window1: mouseVisible = False
448.8513 	EXP 	grid_lines_2: autoDraw = False
448.8513 	EXP 	target_square_2: autoDraw = False
448.8513 	EXP 	fixation_3: autoDraw = False
448.8513 	EXP 	target_square_2: pos = array([-0.2,  0.2])
448.8513 	EXP 	grid_lines_2: autoDraw = True
448.8513 	EXP 	target_square_2: autoDraw = True
449.8346 	EXP 	fixation_3: autoDraw = True
449.8513 	EXP 	target_square_2: autoDraw = False
450.8346 	EXP 	fixation_3: autoDraw = False
450.8384 	EXP 	New trial (rep=0, index=8): {'square': 5, 'location': [0, 0], 'corrAns': None}
450.8389 	EXP 	window1: mouseVisible = False
450.8513 	EXP 	grid_lines_2: autoDraw = False
450.8513 	EXP 	target_square_2: autoDraw = False
450.8513 	EXP 	fixation_3: autoDraw = False
450.8513 	EXP 	target_square_2: pos = array([0., 0.])
450.8513 	EXP 	grid_lines_2: autoDraw = True
450.8513 	EXP 	target_square_2: autoDraw = True
451.2682 	DATA 	Mouse: Left button down, pos=(1117,675)
451.6182 	DATA 	Mouse:  Left button up, pos=(1117,675)
451.8346 	EXP 	fixation_3: autoDraw = True
451.8513 	EXP 	target_square_2: autoDraw = False
452.8346 	EXP 	fixation_3: autoDraw = False
452.8390 	EXP 	New trial (rep=0, index=9): {'square': 7, 'location': [-0.2, -0.2], 'corrAns': None}
452.8394 	EXP 	window1: mouseVisible = False
452.8513 	EXP 	grid_lines_2: autoDraw = False
452.8513 	EXP 	target_square_2: autoDraw = False
452.8513 	EXP 	fixation_3: autoDraw = False
452.8513 	EXP 	target_square_2: pos = array([-0.2, -0.2])
452.8513 	EXP 	grid_lines_2: autoDraw = True
452.8513 	EXP 	target_square_2: autoDraw = True
453.8346 	EXP 	fixation_3: autoDraw = True
453.8513 	EXP 	target_square_2: autoDraw = False
454.8346 	EXP 	fixation_3: autoDraw = False
454.8386 	EXP 	New trial (rep=0, index=10): {'square': 5, 'location': [0, 0], 'corrAns': 1}
454.8390 	EXP 	window1: mouseVisible = False
454.8513 	EXP 	grid_lines_2: autoDraw = False
454.8513 	EXP 	target_square_2: autoDraw = False
454.8513 	EXP 	fixation_3: autoDraw = False
454.8513 	EXP 	target_square_2: pos = array([0., 0.])
454.8513 	EXP 	grid_lines_2: autoDraw = True
454.8513 	EXP 	target_square_2: autoDraw = True
455.8346 	EXP 	fixation_3: autoDraw = True
455.8512 	EXP 	target_square_2: autoDraw = False
456.8346 	EXP 	fixation_3: autoDraw = False
456.8385 	EXP 	New trial (rep=0, index=11): {'square': 6, 'location': [0.2, 0], 'corrAns': None}
456.8390 	EXP 	window1: mouseVisible = False
456.8513 	EXP 	grid_lines_2: autoDraw = False
456.8513 	EXP 	target_square_2: autoDraw = False
456.8513 	EXP 	fixation_3: autoDraw = False
456.8513 	EXP 	target_square_2: pos = array([0.2, 0. ])
456.8513 	EXP 	grid_lines_2: autoDraw = True
456.8513 	EXP 	target_square_2: autoDraw = True
457.8346 	EXP 	fixation_3: autoDraw = True
457.8513 	EXP 	target_square_2: autoDraw = False
458.8347 	EXP 	fixation_3: autoDraw = False
458.8386 	EXP 	New trial (rep=0, index=12): {'square': 3, 'location': [0.2, 0.2], 'corrAns': None}
458.8391 	EXP 	window1: mouseVisible = False
458.8513 	EXP 	grid_lines_2: autoDraw = False
458.8513 	EXP 	target_square_2: autoDraw = False
458.8513 	EXP 	fixation_3: autoDraw = False
458.8513 	EXP 	target_square_2: pos = array([0.2, 0.2])
458.8513 	EXP 	grid_lines_2: autoDraw = True
458.8513 	EXP 	target_square_2: autoDraw = True
459.8347 	EXP 	fixation_3: autoDraw = True
459.8513 	EXP 	target_square_2: autoDraw = False
460.8347 	EXP 	fixation_3: autoDraw = False
460.8386 	EXP 	New trial (rep=0, index=13): {'square': 6, 'location': [0.2, 0], 'corrAns': 1}
460.8391 	EXP 	window1: mouseVisible = False
460.8513 	EXP 	grid_lines_2: autoDraw = False
460.8513 	EXP 	target_square_2: autoDraw = False
460.8513 	EXP 	fixation_3: autoDraw = False
460.8513 	EXP 	target_square_2: pos = array([0.2, 0. ])
460.8513 	EXP 	grid_lines_2: autoDraw = True
460.8513 	EXP 	target_square_2: autoDraw = True
461.3850 	DATA 	Mouse: Left button down, pos=(1117,675)
461.7183 	DATA 	Mouse:  Left button up, pos=(1117,675)
461.8347 	EXP 	fixation_3: autoDraw = True
461.8514 	EXP 	target_square_2: autoDraw = False
462.8347 	EXP 	fixation_3: autoDraw = False
462.8386 	EXP 	New trial (rep=0, index=14): {'square': 8, 'location': [0, -0.2], 'corrAns': None}
462.8391 	EXP 	window1: mouseVisible = False
462.8514 	EXP 	grid_lines_2: autoDraw = False
462.8514 	EXP 	target_square_2: autoDraw = False
462.8514 	EXP 	fixation_3: autoDraw = False
462.8514 	EXP 	target_square_2: pos = array([ 0. , -0.2])
462.8514 	EXP 	grid_lines_2: autoDraw = True
462.8514 	EXP 	target_square_2: autoDraw = True
463.8347 	EXP 	fixation_3: autoDraw = True
463.8513 	EXP 	target_square_2: autoDraw = False
464.8348 	EXP 	fixation_3: autoDraw = False
464.8388 	EXP 	New trial (rep=0, index=15): {'square': 9, 'location': [0.2, -0.2], 'corrAns': None}
464.8392 	EXP 	window1: mouseVisible = False
464.8514 	EXP 	grid_lines_2: autoDraw = False
464.8514 	EXP 	target_square_2: autoDraw = False
464.8514 	EXP 	fixation_3: autoDraw = False
464.8514 	EXP 	target_square_2: pos = array([ 0.2, -0.2])
464.8514 	EXP 	grid_lines_2: autoDraw = True
464.8514 	EXP 	target_square_2: autoDraw = True
465.8348 	EXP 	fixation_3: autoDraw = True
465.8514 	EXP 	target_square_2: autoDraw = False
466.8348 	EXP 	fixation_3: autoDraw = False
466.8388 	EXP 	New trial (rep=0, index=16): {'square': 9, 'location': [0.2, -0.2], 'corrAns': None}
466.8393 	EXP 	window1: mouseVisible = False
466.8514 	EXP 	grid_lines_2: autoDraw = False
466.8514 	EXP 	target_square_2: autoDraw = False
466.8514 	EXP 	fixation_3: autoDraw = False
466.8514 	EXP 	target_square_2: pos = array([ 0.2, -0.2])
466.8514 	EXP 	grid_lines_2: autoDraw = True
466.8514 	EXP 	target_square_2: autoDraw = True
467.8348 	EXP 	fixation_3: autoDraw = True
467.8514 	EXP 	target_square_2: autoDraw = False
468.8348 	EXP 	fixation_3: autoDraw = False
468.8387 	EXP 	New trial (rep=0, index=17): {'square': 1, 'location': [-0.2, 0.2], 'corrAns': None}
468.8392 	EXP 	window1: mouseVisible = False
468.8514 	EXP 	grid_lines_2: autoDraw = False
468.8514 	EXP 	target_square_2: autoDraw = False
468.8514 	EXP 	fixation_3: autoDraw = False
468.8514 	EXP 	target_square_2: pos = array([-0.2,  0.2])
468.8514 	EXP 	grid_lines_2: autoDraw = True
468.8514 	EXP 	target_square_2: autoDraw = True
469.8348 	EXP 	fixation_3: autoDraw = True
469.8514 	EXP 	target_square_2: autoDraw = False
470.8348 	EXP 	fixation_3: autoDraw = False
470.8387 	EXP 	New trial (rep=0, index=18): {'square': 3, 'location': [0.2, 0.2], 'corrAns': None}
470.8392 	EXP 	window1: mouseVisible = False
470.8514 	EXP 	grid_lines_2: autoDraw = False
470.8514 	EXP 	target_square_2: autoDraw = False
470.8514 	EXP 	fixation_3: autoDraw = False
470.8514 	EXP 	target_square_2: pos = array([0.2, 0.2])
470.8514 	EXP 	grid_lines_2: autoDraw = True
470.8514 	EXP 	target_square_2: autoDraw = True
471.8348 	EXP 	fixation_3: autoDraw = True
471.8515 	EXP 	target_square_2: autoDraw = False
472.8348 	EXP 	fixation_3: autoDraw = False
472.8387 	EXP 	New trial (rep=0, index=19): {'square': 5, 'location': [0, 0], 'corrAns': None}
472.8391 	EXP 	window1: mouseVisible = False
472.8515 	EXP 	grid_lines_2: autoDraw = False
472.8515 	EXP 	target_square_2: autoDraw = False
472.8515 	EXP 	fixation_3: autoDraw = False
472.8515 	EXP 	target_square_2: pos = array([0., 0.])
472.8515 	EXP 	grid_lines_2: autoDraw = True
472.8515 	EXP 	target_square_2: autoDraw = True
473.8348 	EXP 	fixation_3: autoDraw = True
473.8515 	EXP 	target_square_2: autoDraw = False
474.8348 	EXP 	fixation_3: autoDraw = False
474.8393 	EXP 	New trial (rep=0, index=20): {'square': 3, 'location': [0.2, 0.2], 'corrAns': 1}
474.8398 	EXP 	window1: mouseVisible = False
474.8515 	EXP 	grid_lines_2: autoDraw = False
474.8515 	EXP 	target_square_2: autoDraw = False
474.8515 	EXP 	fixation_3: autoDraw = False
474.8515 	EXP 	target_square_2: pos = array([0.2, 0.2])
474.8515 	EXP 	grid_lines_2: autoDraw = True
474.8515 	EXP 	target_square_2: autoDraw = True
475.4018 	DATA 	Mouse: Left button down, pos=(1117,675)
475.7184 	DATA 	Mouse:  Left button up, pos=(1117,675)
475.8348 	EXP 	fixation_3: autoDraw = True
475.8515 	EXP 	target_square_2: autoDraw = False
476.8348 	EXP 	fixation_3: autoDraw = False
476.8388 	EXP 	New trial (rep=0, index=21): {'square': 4, 'location': [-0.2, 0], 'corrAns': None}
476.8392 	EXP 	window1: mouseVisible = False
476.8515 	EXP 	grid_lines_2: autoDraw = False
476.8515 	EXP 	target_square_2: autoDraw = False
476.8515 	EXP 	fixation_3: autoDraw = False
476.8515 	EXP 	target_square_2: pos = array([-0.2,  0. ])
476.8515 	EXP 	grid_lines_2: autoDraw = True
476.8515 	EXP 	target_square_2: autoDraw = True
477.8348 	EXP 	fixation_3: autoDraw = True
477.8515 	EXP 	target_square_2: autoDraw = False
478.8348 	EXP 	fixation_3: autoDraw = False
478.8387 	EXP 	New trial (rep=0, index=22): {'square': 7, 'location': [-0.2, -0.2], 'corrAns': None}
478.8392 	EXP 	window1: mouseVisible = False
478.8515 	EXP 	grid_lines_2: autoDraw = False
478.8515 	EXP 	target_square_2: autoDraw = False
478.8515 	EXP 	fixation_3: autoDraw = False
478.8515 	EXP 	target_square_2: pos = array([-0.2, -0.2])
478.8515 	EXP 	grid_lines_2: autoDraw = True
478.8515 	EXP 	target_square_2: autoDraw = True
479.8348 	EXP 	fixation_3: autoDraw = True
479.8515 	EXP 	target_square_2: autoDraw = False
480.8347 	EXP 	fixation_3: autoDraw = False
480.8386 	EXP 	New trial (rep=0, index=23): {'square': 4, 'location': [-0.2, 0], 'corrAns': 1}
480.8391 	EXP 	window1: mouseVisible = False
480.8515 	EXP 	grid_lines_2: autoDraw = False
480.8515 	EXP 	target_square_2: autoDraw = False
480.8515 	EXP 	fixation_3: autoDraw = False
480.8515 	EXP 	target_square_2: pos = array([-0.2,  0. ])
480.8515 	EXP 	grid_lines_2: autoDraw = True
480.8515 	EXP 	target_square_2: autoDraw = True
481.5352 	DATA 	Mouse: Left button down, pos=(1117,675)
481.8017 	DATA 	Mouse:  Left button up, pos=(1117,675)
481.8349 	EXP 	fixation_3: autoDraw = True
481.8515 	EXP 	target_square_2: autoDraw = False
482.8349 	EXP 	fixation_3: autoDraw = False
482.8388 	EXP 	New trial (rep=0, index=24): {'square': 4, 'location': [-0.2, 0], 'corrAns': None}
482.8393 	EXP 	window1: mouseVisible = False
482.8515 	EXP 	grid_lines_2: autoDraw = False
482.8515 	EXP 	target_square_2: autoDraw = False
482.8515 	EXP 	fixation_3: autoDraw = False
482.8515 	EXP 	target_square_2: pos = array([-0.2,  0. ])
482.8515 	EXP 	grid_lines_2: autoDraw = True
482.8515 	EXP 	target_square_2: autoDraw = True
483.8349 	EXP 	fixation_3: autoDraw = True
483.8515 	EXP 	target_square_2: autoDraw = False
484.8349 	EXP 	fixation_3: autoDraw = False
484.8389 	EXP 	New trial (rep=0, index=25): {'square': 5, 'location': [0, 0], 'corrAns': None}
484.8393 	EXP 	window1: mouseVisible = False
484.8515 	EXP 	grid_lines_2: autoDraw = False
484.8515 	EXP 	target_square_2: autoDraw = False
484.8515 	EXP 	fixation_3: autoDraw = False
484.8515 	EXP 	target_square_2: pos = array([0., 0.])
484.8515 	EXP 	grid_lines_2: autoDraw = True
484.8515 	EXP 	target_square_2: autoDraw = True
485.8349 	EXP 	fixation_3: autoDraw = True
485.8515 	EXP 	target_square_2: autoDraw = False
486.8349 	EXP 	fixation_3: autoDraw = False
486.8388 	EXP 	New trial (rep=0, index=26): {'square': 2, 'location': [0, 0.2], 'corrAns': None}
486.8392 	EXP 	window1: mouseVisible = False
486.8515 	EXP 	grid_lines_2: autoDraw = False
486.8515 	EXP 	target_square_2: autoDraw = False
486.8515 	EXP 	fixation_3: autoDraw = False
486.8515 	EXP 	target_square_2: pos = array([0. , 0.2])
486.8515 	EXP 	grid_lines_2: autoDraw = True
486.8515 	EXP 	target_square_2: autoDraw = True
487.8349 	EXP 	fixation_3: autoDraw = True
487.8515 	EXP 	target_square_2: autoDraw = False
488.8349 	EXP 	fixation_3: autoDraw = False
488.8389 	EXP 	New trial (rep=0, index=27): {'square': 6, 'location': [0.2, 0], 'corrAns': None}
488.8393 	EXP 	window1: mouseVisible = False
488.8516 	EXP 	grid_lines_2: autoDraw = False
488.8516 	EXP 	target_square_2: autoDraw = False
488.8516 	EXP 	fixation_3: autoDraw = False
488.8516 	EXP 	target_square_2: pos = array([0.2, 0. ])
488.8516 	EXP 	grid_lines_2: autoDraw = True
488.8516 	EXP 	target_square_2: autoDraw = True
489.8349 	EXP 	fixation_3: autoDraw = True
489.8516 	EXP 	target_square_2: autoDraw = False
490.8349 	EXP 	fixation_3: autoDraw = False
490.8389 	EXP 	New trial (rep=0, index=28): {'square': 7, 'location': [-0.2, -0.2], 'corrAns': None}
490.8393 	EXP 	window1: mouseVisible = False
490.8516 	EXP 	grid_lines_2: autoDraw = False
490.8516 	EXP 	target_square_2: autoDraw = False
490.8516 	EXP 	fixation_3: autoDraw = False
490.8516 	EXP 	target_square_2: pos = array([-0.2, -0.2])
490.8516 	EXP 	grid_lines_2: autoDraw = True
490.8516 	EXP 	target_square_2: autoDraw = True
491.8349 	EXP 	fixation_3: autoDraw = True
491.8516 	EXP 	target_square_2: autoDraw = False
492.8349 	EXP 	fixation_3: autoDraw = False
492.8389 	EXP 	New trial (rep=0, index=29): {'square': 6, 'location': [0.2, 0], 'corrAns': 1}
492.8393 	EXP 	window1: mouseVisible = False
492.8516 	EXP 	grid_lines_2: autoDraw = False
492.8516 	EXP 	target_square_2: autoDraw = False
492.8516 	EXP 	fixation_3: autoDraw = False
492.8516 	EXP 	target_square_2: pos = array([0.2, 0. ])
492.8516 	EXP 	grid_lines_2: autoDraw = True
492.8516 	EXP 	target_square_2: autoDraw = True
493.3352 	DATA 	Mouse: Left button down, pos=(1117,675)
493.5852 	DATA 	Mouse:  Left button up, pos=(1117,675)
493.8349 	EXP 	fixation_3: autoDraw = True
493.8516 	EXP 	target_square_2: autoDraw = False
494.8350 	EXP 	fixation_3: autoDraw = False
494.8391 	EXP 	New trial (rep=0, index=30): {'square': 6, 'location': [0.2, 0], 'corrAns': None}
494.8396 	EXP 	window1: mouseVisible = False
494.8516 	EXP 	grid_lines_2: autoDraw = False
494.8516 	EXP 	target_square_2: autoDraw = False
494.8516 	EXP 	fixation_3: autoDraw = False
494.8516 	EXP 	target_square_2: pos = array([0.2, 0. ])
494.8516 	EXP 	grid_lines_2: autoDraw = True
494.8516 	EXP 	target_square_2: autoDraw = True
495.8350 	EXP 	fixation_3: autoDraw = True
495.8516 	EXP 	target_square_2: autoDraw = False
496.8350 	EXP 	fixation_3: autoDraw = False
496.8389 	EXP 	New trial (rep=0, index=31): {'square': 7, 'location': [-0.2, -0.2], 'corrAns': None}
496.8394 	EXP 	window1: mouseVisible = False
496.8516 	EXP 	grid_lines_2: autoDraw = False
496.8516 	EXP 	target_square_2: autoDraw = False
496.8516 	EXP 	fixation_3: autoDraw = False
496.8516 	EXP 	target_square_2: pos = array([-0.2, -0.2])
496.8516 	EXP 	grid_lines_2: autoDraw = True
496.8516 	EXP 	target_square_2: autoDraw = True
497.6019 	DATA 	Mouse: Left button down, pos=(1117,675)
497.8350 	EXP 	fixation_3: autoDraw = True
497.8516 	EXP 	target_square_2: autoDraw = False
497.9019 	DATA 	Mouse:  Left button up, pos=(1117,675)
498.8350 	EXP 	fixation_3: autoDraw = False
498.8389 	EXP 	New trial (rep=0, index=32): {'square': 6, 'location': [0.2, 0], 'corrAns': 1}
498.8394 	EXP 	window1: mouseVisible = False
498.8516 	EXP 	grid_lines_2: autoDraw = False
498.8516 	EXP 	target_square_2: autoDraw = False
498.8516 	EXP 	fixation_3: autoDraw = False
498.8516 	EXP 	target_square_2: pos = array([0.2, 0. ])
498.8516 	EXP 	grid_lines_2: autoDraw = True
498.8516 	EXP 	target_square_2: autoDraw = True
499.8350 	EXP 	fixation_3: autoDraw = True
499.8516 	EXP 	target_square_2: autoDraw = False
500.8350 	EXP 	fixation_3: autoDraw = False
500.8389 	EXP 	New trial (rep=0, index=33): {'square': 2, 'location': [0, 0.2], 'corrAns': None}
500.8394 	EXP 	window1: mouseVisible = False
500.8517 	EXP 	grid_lines_2: autoDraw = False
500.8517 	EXP 	target_square_2: autoDraw = False
500.8517 	EXP 	fixation_3: autoDraw = False
500.8517 	EXP 	target_square_2: pos = array([0. , 0.2])
500.8517 	EXP 	grid_lines_2: autoDraw = True
500.8517 	EXP 	target_square_2: autoDraw = True
501.8350 	EXP 	fixation_3: autoDraw = True
501.8517 	EXP 	target_square_2: autoDraw = False
502.8350 	EXP 	fixation_3: autoDraw = False
502.8389 	EXP 	New trial (rep=0, index=34): {'square': 5, 'location': [0, 0], 'corrAns': None}
502.8393 	EXP 	window1: mouseVisible = False
502.8517 	EXP 	grid_lines_2: autoDraw = False
502.8517 	EXP 	target_square_2: autoDraw = False
502.8517 	EXP 	fixation_3: autoDraw = False
502.8517 	EXP 	target_square_2: pos = array([0., 0.])
502.8517 	EXP 	grid_lines_2: autoDraw = True
502.8517 	EXP 	target_square_2: autoDraw = True
503.8350 	EXP 	fixation_3: autoDraw = True
503.8517 	EXP 	target_square_2: autoDraw = False
504.8350 	EXP 	fixation_3: autoDraw = False
504.8390 	EXP 	New trial (rep=0, index=35): {'square': 4, 'location': [-0.2, 0], 'corrAns': None}
504.8395 	EXP 	window1: mouseVisible = False
504.8517 	EXP 	grid_lines_2: autoDraw = False
504.8517 	EXP 	target_square_2: autoDraw = False
504.8517 	EXP 	fixation_3: autoDraw = False
504.8517 	EXP 	target_square_2: pos = array([-0.2,  0. ])
504.8517 	EXP 	grid_lines_2: autoDraw = True
504.8517 	EXP 	target_square_2: autoDraw = True
505.8350 	EXP 	fixation_3: autoDraw = True
505.8517 	EXP 	target_square_2: autoDraw = False
506.8350 	EXP 	fixation_3: autoDraw = False
506.8390 	EXP 	New trial (rep=0, index=36): {'square': 4, 'location': [-0.2, 0], 'corrAns': None}
506.8394 	EXP 	window1: mouseVisible = False
506.8517 	EXP 	grid_lines_2: autoDraw = False
506.8517 	EXP 	target_square_2: autoDraw = False
506.8517 	EXP 	fixation_3: autoDraw = False
506.8517 	EXP 	target_square_2: pos = array([-0.2,  0. ])
506.8517 	EXP 	grid_lines_2: autoDraw = True
506.8517 	EXP 	target_square_2: autoDraw = True
507.8351 	EXP 	fixation_3: autoDraw = True
507.8517 	EXP 	target_square_2: autoDraw = False
508.8351 	EXP 	fixation_3: autoDraw = False
508.8390 	EXP 	New trial (rep=0, index=37): {'square': 7, 'location': [-0.2, -0.2], 'corrAns': None}
508.8395 	EXP 	window1: mouseVisible = False
508.8517 	EXP 	grid_lines_2: autoDraw = False
508.8517 	EXP 	target_square_2: autoDraw = False
508.8517 	EXP 	fixation_3: autoDraw = False
508.8517 	EXP 	target_square_2: pos = array([-0.2, -0.2])
508.8517 	EXP 	grid_lines_2: autoDraw = True
508.8517 	EXP 	target_square_2: autoDraw = True
509.8351 	EXP 	fixation_3: autoDraw = True
509.8517 	EXP 	target_square_2: autoDraw = False
510.8351 	EXP 	fixation_3: autoDraw = False
510.8390 	EXP 	New trial (rep=0, index=38): {'square': 4, 'location': [-0.2, 0], 'corrAns': 1}
510.8394 	EXP 	window1: mouseVisible = False
510.8518 	EXP 	grid_lines_2: autoDraw = False
510.8518 	EXP 	target_square_2: autoDraw = False
510.8518 	EXP 	fixation_3: autoDraw = False
510.8518 	EXP 	target_square_2: pos = array([-0.2,  0. ])
510.8518 	EXP 	grid_lines_2: autoDraw = True
510.8518 	EXP 	target_square_2: autoDraw = True
511.8351 	EXP 	fixation_3: autoDraw = True
511.8517 	EXP 	target_square_2: autoDraw = False
512.0187 	DATA 	Mouse: Left button down, pos=(1117,675)
512.2687 	DATA 	Mouse:  Left button up, pos=(1117,675)
512.8351 	EXP 	fixation_3: autoDraw = False
512.8392 	EXP 	New trial (rep=0, index=39): {'square': 3, 'location': [0.2, 0.2], 'corrAns': None}
512.8397 	EXP 	window1: mouseVisible = False
512.8518 	EXP 	grid_lines_2: autoDraw = False
512.8518 	EXP 	target_square_2: autoDraw = False
512.8518 	EXP 	fixation_3: autoDraw = False
512.8518 	EXP 	target_square_2: pos = array([0.2, 0.2])
512.8518 	EXP 	grid_lines_2: autoDraw = True
512.8518 	EXP 	target_square_2: autoDraw = True
513.8351 	EXP 	fixation_3: autoDraw = True
513.8518 	EXP 	target_square_2: autoDraw = False
514.8351 	EXP 	fixation_3: autoDraw = False
514.8393 	EXP 	New trial (rep=0, index=40): {'square': 5, 'location': [0, 0], 'corrAns': None}
514.8397 	EXP 	window1: mouseVisible = False
514.8518 	EXP 	grid_lines_2: autoDraw = False
514.8518 	EXP 	target_square_2: autoDraw = False
514.8518 	EXP 	fixation_3: autoDraw = False
514.8518 	EXP 	target_square_2: pos = array([0., 0.])
514.8518 	EXP 	grid_lines_2: autoDraw = True
514.8518 	EXP 	target_square_2: autoDraw = True
515.8351 	EXP 	fixation_3: autoDraw = True
515.8518 	EXP 	target_square_2: autoDraw = False
516.8351 	EXP 	fixation_3: autoDraw = False
516.8391 	EXP 	New trial (rep=0, index=41): {'square': 3, 'location': [0.2, 0.2], 'corrAns': 1}
516.8396 	EXP 	window1: mouseVisible = False
516.8518 	EXP 	grid_lines_2: autoDraw = False
516.8518 	EXP 	target_square_2: autoDraw = False
516.8518 	EXP 	fixation_3: autoDraw = False
516.8518 	EXP 	target_square_2: pos = array([0.2, 0.2])
516.8518 	EXP 	grid_lines_2: autoDraw = True
516.8518 	EXP 	target_square_2: autoDraw = True
517.6521 	DATA 	Mouse: Left button down, pos=(1117,675)
517.8351 	EXP 	fixation_3: autoDraw = True
517.8518 	EXP 	target_square_2: autoDraw = False
517.9354 	DATA 	Mouse:  Left button up, pos=(1117,675)
518.8352 	EXP 	fixation_3: autoDraw = False
518.8391 	EXP 	New trial (rep=0, index=42): {'square': 1, 'location': [-0.2, 0.2], 'corrAns': None}
518.8396 	EXP 	window1: mouseVisible = False
518.8518 	EXP 	grid_lines_2: autoDraw = False
518.8518 	EXP 	target_square_2: autoDraw = False
518.8518 	EXP 	fixation_3: autoDraw = False
518.8518 	EXP 	target_square_2: pos = array([-0.2,  0.2])
518.8518 	EXP 	grid_lines_2: autoDraw = True
518.8518 	EXP 	target_square_2: autoDraw = True
519.8352 	EXP 	fixation_3: autoDraw = True
519.8518 	EXP 	target_square_2: autoDraw = False
520.8351 	EXP 	fixation_3: autoDraw = False
520.8392 	EXP 	New trial (rep=0, index=43): {'square': 9, 'location': [0.2, -0.2], 'corrAns': None}
520.8397 	EXP 	window1: mouseVisible = False
520.8518 	EXP 	grid_lines_2: autoDraw = False
520.8518 	EXP 	target_square_2: autoDraw = False
520.8518 	EXP 	fixation_3: autoDraw = False
520.8518 	EXP 	target_square_2: pos = array([ 0.2, -0.2])
520.8518 	EXP 	grid_lines_2: autoDraw = True
520.8518 	EXP 	target_square_2: autoDraw = True
521.8352 	EXP 	fixation_3: autoDraw = True
521.8518 	EXP 	target_square_2: autoDraw = False
522.8352 	EXP 	fixation_3: autoDraw = False
522.8391 	EXP 	New trial (rep=0, index=44): {'square': 9, 'location': [0.2, -0.2], 'corrAns': None}
522.8396 	EXP 	window1: mouseVisible = False
522.8518 	EXP 	grid_lines_2: autoDraw = False
522.8518 	EXP 	target_square_2: autoDraw = False
522.8518 	EXP 	fixation_3: autoDraw = False
522.8518 	EXP 	target_square_2: pos = array([ 0.2, -0.2])
522.8518 	EXP 	grid_lines_2: autoDraw = True
522.8518 	EXP 	target_square_2: autoDraw = True
523.8351 	EXP 	fixation_3: autoDraw = True
523.8519 	EXP 	target_square_2: autoDraw = False
524.8352 	EXP 	fixation_3: autoDraw = False
524.8392 	EXP 	New trial (rep=0, index=45): {'square': 8, 'location': [0, -0.2], 'corrAns': None}
524.8397 	EXP 	window1: mouseVisible = False
524.8519 	EXP 	grid_lines_2: autoDraw = False
524.8519 	EXP 	target_square_2: autoDraw = False
524.8519 	EXP 	fixation_3: autoDraw = False
524.8519 	EXP 	target_square_2: pos = array([ 0. , -0.2])
524.8519 	EXP 	grid_lines_2: autoDraw = True
524.8519 	EXP 	target_square_2: autoDraw = True
525.8352 	EXP 	fixation_3: autoDraw = True
525.8519 	EXP 	target_square_2: autoDraw = False
526.8352 	EXP 	fixation_3: autoDraw = False
526.8392 	EXP 	New trial (rep=0, index=46): {'square': 6, 'location': [0.2, 0], 'corrAns': None}
526.8397 	EXP 	window1: mouseVisible = False
526.8519 	EXP 	grid_lines_2: autoDraw = False
526.8519 	EXP 	target_square_2: autoDraw = False
526.8519 	EXP 	fixation_3: autoDraw = False
526.8519 	EXP 	target_square_2: pos = array([0.2, 0. ])
526.8519 	EXP 	grid_lines_2: autoDraw = True
526.8519 	EXP 	target_square_2: autoDraw = True
527.8352 	EXP 	fixation_3: autoDraw = True
527.8519 	EXP 	target_square_2: autoDraw = False
528.8352 	EXP 	fixation_3: autoDraw = False
528.8391 	EXP 	New trial (rep=0, index=47): {'square': 3, 'location': [0.2, 0.2], 'corrAns': None}
528.8396 	EXP 	window1: mouseVisible = False
528.8519 	EXP 	grid_lines_2: autoDraw = False
528.8519 	EXP 	target_square_2: autoDraw = False
528.8519 	EXP 	fixation_3: autoDraw = False
528.8519 	EXP 	target_square_2: pos = array([0.2, 0.2])
528.8519 	EXP 	grid_lines_2: autoDraw = True
528.8519 	EXP 	target_square_2: autoDraw = True
529.8352 	EXP 	fixation_3: autoDraw = True
529.8519 	EXP 	target_square_2: autoDraw = False
530.8352 	EXP 	fixation_3: autoDraw = False
530.8391 	EXP 	New trial (rep=0, index=48): {'square': 6, 'location': [0.2, 0], 'corrAns': 1}
530.8396 	EXP 	window1: mouseVisible = False
530.8519 	EXP 	grid_lines_2: autoDraw = False
530.8519 	EXP 	target_square_2: autoDraw = False
530.8519 	EXP 	fixation_3: autoDraw = False
530.8519 	EXP 	target_square_2: pos = array([0.2, 0. ])
530.8519 	EXP 	grid_lines_2: autoDraw = True
530.8519 	EXP 	target_square_2: autoDraw = True
531.4355 	DATA 	Mouse: Left button down, pos=(1117,675)
531.6855 	DATA 	Mouse:  Left button up, pos=(1117,675)
531.8352 	EXP 	fixation_3: autoDraw = True
531.8519 	EXP 	target_square_2: autoDraw = False
532.8352 	EXP 	fixation_3: autoDraw = False
532.8392 	EXP 	New trial (rep=0, index=49): {'square': 5, 'location': [0, 0], 'corrAns': None}
532.8396 	EXP 	window1: mouseVisible = False
532.8519 	EXP 	grid_lines_2: autoDraw = False
532.8519 	EXP 	target_square_2: autoDraw = False
532.8519 	EXP 	fixation_3: autoDraw = False
532.8519 	EXP 	target_square_2: pos = array([0., 0.])
532.8519 	EXP 	grid_lines_2: autoDraw = True
532.8519 	EXP 	target_square_2: autoDraw = True
533.8353 	EXP 	fixation_3: autoDraw = True
533.8519 	EXP 	target_square_2: autoDraw = False
534.8353 	EXP 	fixation_3: autoDraw = False
534.8393 	EXP 	New trial (rep=0, index=50): {'square': 7, 'location': [-0.2, -0.2], 'corrAns': None}
534.8398 	EXP 	window1: mouseVisible = False
534.8520 	EXP 	grid_lines_2: autoDraw = False
534.8520 	EXP 	target_square_2: autoDraw = False
534.8520 	EXP 	fixation_3: autoDraw = False
534.8520 	EXP 	target_square_2: pos = array([-0.2, -0.2])
534.8520 	EXP 	grid_lines_2: autoDraw = True
534.8520 	EXP 	target_square_2: autoDraw = True
535.8353 	EXP 	fixation_3: autoDraw = True
535.8519 	EXP 	target_square_2: autoDraw = False
536.8353 	EXP 	fixation_3: autoDraw = False
536.8392 	EXP 	New trial (rep=0, index=51): {'square': 5, 'location': [0, 0], 'corrAns': 1}
536.8396 	EXP 	window1: mouseVisible = False
536.8519 	EXP 	grid_lines_2: autoDraw = False
536.8519 	EXP 	target_square_2: autoDraw = False
536.8519 	EXP 	fixation_3: autoDraw = False
536.8519 	EXP 	target_square_2: pos = array([0., 0.])
536.8519 	EXP 	grid_lines_2: autoDraw = True
536.8519 	EXP 	target_square_2: autoDraw = True
537.8353 	EXP 	fixation_3: autoDraw = True
537.8519 	EXP 	target_square_2: autoDraw = False
538.0022 	DATA 	Mouse: Left button down, pos=(1117,675)
538.2522 	DATA 	Mouse:  Left button up, pos=(1117,675)
538.8353 	EXP 	fixation_3: autoDraw = False
538.8396 	EXP 	New trial (rep=0, index=52): {'square': 1, 'location': [-0.2, 0.2], 'corrAns': None}
538.8401 	EXP 	window1: mouseVisible = False
538.8520 	EXP 	grid_lines_2: autoDraw = False
538.8520 	EXP 	target_square_2: autoDraw = False
538.8520 	EXP 	fixation_3: autoDraw = False
538.8520 	EXP 	target_square_2: pos = array([-0.2,  0.2])
538.8520 	EXP 	grid_lines_2: autoDraw = True
538.8520 	EXP 	target_square_2: autoDraw = True
539.8353 	EXP 	fixation_3: autoDraw = True
539.8520 	EXP 	target_square_2: autoDraw = False
540.8353 	EXP 	fixation_3: autoDraw = False
540.8392 	EXP 	New trial (rep=0, index=53): {'square': 7, 'location': [-0.2, -0.2], 'corrAns': None}
540.8397 	EXP 	window1: mouseVisible = False
540.8520 	EXP 	grid_lines_2: autoDraw = False
540.8520 	EXP 	target_square_2: autoDraw = False
540.8520 	EXP 	fixation_3: autoDraw = False
540.8520 	EXP 	target_square_2: pos = array([-0.2, -0.2])
540.8520 	EXP 	grid_lines_2: autoDraw = True
540.8520 	EXP 	target_square_2: autoDraw = True
541.3356 	DATA 	Mouse: Left button down, pos=(1117,675)
541.5856 	DATA 	Mouse:  Left button up, pos=(1117,675)
541.8353 	EXP 	fixation_3: autoDraw = True
541.8520 	EXP 	target_square_2: autoDraw = False
542.8353 	EXP 	fixation_3: autoDraw = False
542.8392 	EXP 	New trial (rep=0, index=54): {'square': 9, 'location': [0.2, -0.2], 'corrAns': None}
542.8397 	EXP 	window1: mouseVisible = False
542.8520 	EXP 	grid_lines_2: autoDraw = False
542.8520 	EXP 	target_square_2: autoDraw = False
542.8520 	EXP 	fixation_3: autoDraw = False
542.8520 	EXP 	target_square_2: pos = array([ 0.2, -0.2])
542.8520 	EXP 	grid_lines_2: autoDraw = True
542.8520 	EXP 	target_square_2: autoDraw = True
543.8353 	EXP 	fixation_3: autoDraw = True
543.8520 	EXP 	target_square_2: autoDraw = False
544.8353 	EXP 	fixation_3: autoDraw = False
544.8393 	EXP 	New trial (rep=0, index=55): {'square': 3, 'location': [0.2, 0.2], 'corrAns': None}
544.8398 	EXP 	window1: mouseVisible = False
544.8520 	EXP 	grid_lines_2: autoDraw = False
544.8520 	EXP 	target_square_2: autoDraw = False
544.8520 	EXP 	fixation_3: autoDraw = False
544.8520 	EXP 	target_square_2: pos = array([0.2, 0.2])
544.8520 	EXP 	grid_lines_2: autoDraw = True
544.8520 	EXP 	target_square_2: autoDraw = True
545.8353 	EXP 	fixation_3: autoDraw = True
545.8520 	EXP 	target_square_2: autoDraw = False
546.8353 	EXP 	fixation_3: autoDraw = False
546.8392 	EXP 	New trial (rep=0, index=56): {'square': 9, 'location': [0.2, -0.2], 'corrAns': 1}
546.8397 	EXP 	window1: mouseVisible = False
546.8520 	EXP 	grid_lines_2: autoDraw = False
546.8520 	EXP 	target_square_2: autoDraw = False
546.8520 	EXP 	fixation_3: autoDraw = False
546.8520 	EXP 	target_square_2: pos = array([ 0.2, -0.2])
546.8520 	EXP 	grid_lines_2: autoDraw = True
546.8520 	EXP 	target_square_2: autoDraw = True
547.5023 	DATA 	Mouse: Left button down, pos=(1117,675)
547.7690 	DATA 	Mouse:  Left button up, pos=(1117,675)
547.8353 	EXP 	fixation_3: autoDraw = True
547.8520 	EXP 	target_square_2: autoDraw = False
548.8354 	EXP 	fixation_3: autoDraw = False
548.8393 	EXP 	New trial (rep=0, index=57): {'square': 6, 'location': [0.2, 0], 'corrAns': None}
548.8398 	EXP 	window1: mouseVisible = False
548.8520 	EXP 	grid_lines_2: autoDraw = False
548.8520 	EXP 	target_square_2: autoDraw = False
548.8520 	EXP 	fixation_3: autoDraw = False
548.8520 	EXP 	target_square_2: pos = array([0.2, 0. ])
548.8520 	EXP 	grid_lines_2: autoDraw = True
548.8520 	EXP 	target_square_2: autoDraw = True
549.8354 	EXP 	fixation_3: autoDraw = True
549.8520 	EXP 	target_square_2: autoDraw = False
550.8354 	EXP 	fixation_3: autoDraw = False
550.8393 	EXP 	New trial (rep=0, index=58): {'square': 2, 'location': [0, 0.2], 'corrAns': None}
550.8398 	EXP 	window1: mouseVisible = False
550.8520 	EXP 	grid_lines_2: autoDraw = False
550.8520 	EXP 	target_square_2: autoDraw = False
550.8520 	EXP 	fixation_3: autoDraw = False
550.8520 	EXP 	target_square_2: pos = array([0. , 0.2])
550.8520 	EXP 	grid_lines_2: autoDraw = True
550.8520 	EXP 	target_square_2: autoDraw = True
551.8354 	EXP 	fixation_3: autoDraw = True
551.8521 	EXP 	target_square_2: autoDraw = False
552.8354 	EXP 	fixation_3: autoDraw = False
552.8393 	EXP 	New trial (rep=0, index=59): {'square': 5, 'location': [0, 0], 'corrAns': None}
552.8397 	EXP 	window1: mouseVisible = False
552.8521 	EXP 	grid_lines_2: autoDraw = False
552.8521 	EXP 	target_square_2: autoDraw = False
552.8521 	EXP 	fixation_3: autoDraw = False
552.8521 	EXP 	target_square_2: pos = array([0., 0.])
552.8521 	EXP 	grid_lines_2: autoDraw = True
552.8521 	EXP 	target_square_2: autoDraw = True
553.8354 	EXP 	fixation_3: autoDraw = True
553.8521 	EXP 	target_square_2: autoDraw = False
554.8355 	EXP 	fixation_3: autoDraw = False
554.8395 	EXP 	New trial (rep=0, index=60): {'square': 5, 'location': [0, 0], 'corrAns': None}
554.8399 	EXP 	window1: mouseVisible = False
554.8521 	EXP 	grid_lines_2: autoDraw = False
554.8521 	EXP 	target_square_2: autoDraw = False
554.8521 	EXP 	fixation_3: autoDraw = False
554.8521 	EXP 	target_square_2: pos = array([0., 0.])
554.8521 	EXP 	grid_lines_2: autoDraw = True
554.8521 	EXP 	target_square_2: autoDraw = True
555.8354 	EXP 	fixation_3: autoDraw = True
555.8521 	EXP 	target_square_2: autoDraw = False
556.8354 	EXP 	fixation_3: autoDraw = False
556.8393 	EXP 	New trial (rep=0, index=61): {'square': 2, 'location': [0, 0.2], 'corrAns': None}
556.8397 	EXP 	window1: mouseVisible = False
556.8521 	EXP 	grid_lines_2: autoDraw = False
556.8521 	EXP 	target_square_2: autoDraw = False
556.8521 	EXP 	fixation_3: autoDraw = False
556.8521 	EXP 	target_square_2: pos = array([0. , 0.2])
556.8521 	EXP 	grid_lines_2: autoDraw = True
556.8521 	EXP 	target_square_2: autoDraw = True
557.4524 	DATA 	Mouse: Left button down, pos=(1117,675)
557.7357 	DATA 	Mouse:  Left button up, pos=(1117,675)
557.8354 	EXP 	fixation_3: autoDraw = True
557.8521 	EXP 	target_square_2: autoDraw = False
558.8355 	EXP 	fixation_3: autoDraw = False
558.8394 	EXP 	New trial (rep=0, index=62): {'square': 6, 'location': [0.2, 0], 'corrAns': None}
558.8399 	EXP 	window1: mouseVisible = False
558.8521 	EXP 	grid_lines_2: autoDraw = False
558.8521 	EXP 	target_square_2: autoDraw = False
558.8521 	EXP 	fixation_3: autoDraw = False
558.8521 	EXP 	target_square_2: pos = array([0.2, 0. ])
558.8521 	EXP 	grid_lines_2: autoDraw = True
558.8521 	EXP 	target_square_2: autoDraw = True
559.8355 	EXP 	fixation_3: autoDraw = True
559.8521 	EXP 	target_square_2: autoDraw = False
560.8355 	EXP 	fixation_3: autoDraw = False
560.8394 	EXP 	New trial (rep=0, index=63): {'square': 9, 'location': [0.2, -0.2], 'corrAns': None}
560.8399 	EXP 	window1: mouseVisible = False
560.8521 	EXP 	grid_lines_2: autoDraw = False
560.8521 	EXP 	target_square_2: autoDraw = False
560.8521 	EXP 	fixation_3: autoDraw = False
560.8521 	EXP 	target_square_2: pos = array([ 0.2, -0.2])
560.8521 	EXP 	grid_lines_2: autoDraw = True
560.8521 	EXP 	target_square_2: autoDraw = True
561.8355 	EXP 	fixation_3: autoDraw = True
561.8521 	EXP 	target_square_2: autoDraw = False
562.8355 	EXP 	fixation_3: autoDraw = False
562.8397 	EXP 	New trial (rep=0, index=64): {'square': 3, 'location': [0.2, 0.2], 'corrAns': None}
562.8402 	EXP 	window1: mouseVisible = False
562.8521 	EXP 	grid_lines_2: autoDraw = False
562.8521 	EXP 	target_square_2: autoDraw = False
562.8521 	EXP 	fixation_3: autoDraw = False
562.8521 	EXP 	target_square_2: pos = array([0.2, 0.2])
562.8521 	EXP 	grid_lines_2: autoDraw = True
562.8521 	EXP 	target_square_2: autoDraw = True
563.8355 	EXP 	fixation_3: autoDraw = True
563.8522 	EXP 	target_square_2: autoDraw = False
564.8355 	EXP 	fixation_3: autoDraw = False
564.8395 	EXP 	New trial (rep=0, index=65): {'square': 9, 'location': [0.2, -0.2], 'corrAns': 1}
564.8400 	EXP 	window1: mouseVisible = False
564.8522 	EXP 	grid_lines_2: autoDraw = False
564.8522 	EXP 	target_square_2: autoDraw = False
564.8522 	EXP 	fixation_3: autoDraw = False
564.8522 	EXP 	target_square_2: pos = array([ 0.2, -0.2])
564.8522 	EXP 	grid_lines_2: autoDraw = True
564.8522 	EXP 	target_square_2: autoDraw = True
565.8355 	EXP 	fixation_3: autoDraw = True
565.8522 	EXP 	target_square_2: autoDraw = False
566.3226 	DATA 	Mouse: Left button down, pos=(1117,675)
566.6191 	DATA 	Mouse:  Left button up, pos=(1117,675)
566.8355 	EXP 	fixation_3: autoDraw = False
566.8394 	EXP 	New trial (rep=0, index=66): {'square': 7, 'location': [-0.2, -0.2], 'corrAns': None}
566.8399 	EXP 	window1: mouseVisible = False
566.8522 	EXP 	grid_lines_2: autoDraw = False
566.8522 	EXP 	target_square_2: autoDraw = False
566.8522 	EXP 	fixation_3: autoDraw = False
566.8522 	EXP 	target_square_2: pos = array([-0.2, -0.2])
566.8522 	EXP 	grid_lines_2: autoDraw = True
566.8522 	EXP 	target_square_2: autoDraw = True
567.8355 	EXP 	fixation_3: autoDraw = True
567.8522 	EXP 	target_square_2: autoDraw = False
568.8355 	EXP 	fixation_3: autoDraw = False
568.8394 	EXP 	New trial (rep=0, index=67): {'square': 1, 'location': [-0.2, 0.2], 'corrAns': None}
568.8399 	EXP 	window1: mouseVisible = False
568.8522 	EXP 	grid_lines_2: autoDraw = False
568.8522 	EXP 	target_square_2: autoDraw = False
568.8522 	EXP 	fixation_3: autoDraw = False
568.8522 	EXP 	target_square_2: pos = array([-0.2,  0.2])
568.8522 	EXP 	grid_lines_2: autoDraw = True
568.8522 	EXP 	target_square_2: autoDraw = True
569.8355 	EXP 	fixation_3: autoDraw = True
569.8522 	EXP 	target_square_2: autoDraw = False
570.8355 	EXP 	fixation_3: autoDraw = False
570.8394 	EXP 	New trial (rep=0, index=68): {'square': 5, 'location': [0, 0], 'corrAns': None}
570.8398 	EXP 	window1: mouseVisible = False
570.8522 	EXP 	grid_lines_2: autoDraw = False
570.8522 	EXP 	target_square_2: autoDraw = False
570.8522 	EXP 	fixation_3: autoDraw = False
570.8522 	EXP 	target_square_2: pos = array([0., 0.])
570.8522 	EXP 	grid_lines_2: autoDraw = True
570.8522 	EXP 	target_square_2: autoDraw = True
571.8355 	EXP 	fixation_3: autoDraw = True
571.8522 	EXP 	target_square_2: autoDraw = False
572.8355 	EXP 	fixation_3: autoDraw = False
572.8395 	EXP 	New trial (rep=0, index=69): {'square': 7, 'location': [-0.2, -0.2], 'corrAns': None}
572.8400 	EXP 	window1: mouseVisible = False
572.8523 	EXP 	grid_lines_2: autoDraw = False
572.8523 	EXP 	target_square_2: autoDraw = False
572.8523 	EXP 	fixation_3: autoDraw = False
572.8523 	EXP 	target_square_2: pos = array([-0.2, -0.2])
572.8523 	EXP 	grid_lines_2: autoDraw = True
572.8523 	EXP 	target_square_2: autoDraw = True
573.3045 	DATA 	Mouse: Left button down, pos=(1117,675)
573.5692 	DATA 	Mouse:  Left button up, pos=(1117,675)
573.8356 	EXP 	fixation_3: autoDraw = True
573.8522 	EXP 	target_square_2: autoDraw = False
574.8356 	EXP 	fixation_3: autoDraw = False
574.8397 	EXP 	New trial (rep=0, index=70): {'square': 5, 'location': [0, 0], 'corrAns': 1}
574.8401 	EXP 	window1: mouseVisible = False
574.8523 	EXP 	grid_lines_2: autoDraw = False
574.8523 	EXP 	target_square_2: autoDraw = False
574.8523 	EXP 	fixation_3: autoDraw = False
574.8523 	EXP 	target_square_2: pos = array([0., 0.])
574.8523 	EXP 	grid_lines_2: autoDraw = True
574.8523 	EXP 	target_square_2: autoDraw = True
575.8356 	EXP 	fixation_3: autoDraw = True
575.8523 	EXP 	target_square_2: autoDraw = False
576.0026 	DATA 	Mouse: Left button down, pos=(1117,675)
576.2525 	DATA 	Mouse:  Left button up, pos=(1117,675)
576.8356 	EXP 	fixation_3: autoDraw = False
576.8395 	EXP 	New trial (rep=0, index=71): {'square': 6, 'location': [0.2, 0], 'corrAns': None}
576.8400 	EXP 	window1: mouseVisible = False
576.8523 	EXP 	grid_lines_2: autoDraw = False
576.8523 	EXP 	target_square_2: autoDraw = False
576.8523 	EXP 	fixation_3: autoDraw = False
576.8523 	EXP 	target_square_2: pos = array([0.2, 0. ])
576.8523 	EXP 	grid_lines_2: autoDraw = True
576.8523 	EXP 	target_square_2: autoDraw = True
577.8356 	EXP 	fixation_3: autoDraw = True
577.8523 	EXP 	target_square_2: autoDraw = False
578.8356 	EXP 	fixation_3: autoDraw = False
578.8395 	EXP 	New trial (rep=0, index=72): {'square': 3, 'location': [0.2, 0.2], 'corrAns': None}
578.8400 	EXP 	window1: mouseVisible = False
578.8523 	EXP 	grid_lines_2: autoDraw = False
578.8523 	EXP 	target_square_2: autoDraw = False
578.8523 	EXP 	fixation_3: autoDraw = False
578.8523 	EXP 	target_square_2: pos = array([0.2, 0.2])
578.8523 	EXP 	grid_lines_2: autoDraw = True
578.8523 	EXP 	target_square_2: autoDraw = True
579.8356 	EXP 	fixation_3: autoDraw = True
579.8523 	EXP 	target_square_2: autoDraw = False
580.8356 	EXP 	fixation_3: autoDraw = False
580.8395 	EXP 	New trial (rep=0, index=73): {'square': 6, 'location': [0.2, 0], 'corrAns': 1}
580.8400 	EXP 	window1: mouseVisible = False
580.8523 	EXP 	grid_lines_2: autoDraw = False
580.8523 	EXP 	target_square_2: autoDraw = False
580.8523 	EXP 	fixation_3: autoDraw = False
580.8523 	EXP 	target_square_2: pos = array([0.2, 0. ])
580.8523 	EXP 	grid_lines_2: autoDraw = True
580.8523 	EXP 	target_square_2: autoDraw = True
581.7526 	DATA 	Mouse: Left button down, pos=(1117,675)
581.8356 	EXP 	fixation_3: autoDraw = True
581.8523 	EXP 	target_square_2: autoDraw = False
582.0026 	DATA 	Mouse:  Left button up, pos=(1117,675)
582.8356 	EXP 	fixation_3: autoDraw = False
582.8395 	EXP 	New trial (rep=0, index=74): {'square': 8, 'location': [0, -0.2], 'corrAns': None}
582.8400 	EXP 	window1: mouseVisible = False
582.8523 	EXP 	grid_lines_2: autoDraw = False
582.8523 	EXP 	target_square_2: autoDraw = False
582.8523 	EXP 	fixation_3: autoDraw = False
582.8523 	EXP 	target_square_2: pos = array([ 0. , -0.2])
582.8523 	EXP 	grid_lines_2: autoDraw = True
582.8523 	EXP 	target_square_2: autoDraw = True
583.8356 	EXP 	fixation_3: autoDraw = True
583.8522 	EXP 	target_square_2: autoDraw = False
584.8356 	EXP 	fixation_3: autoDraw = False
584.8396 	EXP 	New trial (rep=0, index=75): {'square': 9, 'location': [0.2, -0.2], 'corrAns': None}
584.8401 	EXP 	window1: mouseVisible = False
584.8523 	EXP 	grid_lines_2: autoDraw = False
584.8523 	EXP 	target_square_2: autoDraw = False
584.8523 	EXP 	fixation_3: autoDraw = False
584.8523 	EXP 	target_square_2: pos = array([ 0.2, -0.2])
584.8523 	EXP 	grid_lines_2: autoDraw = True
584.8523 	EXP 	target_square_2: autoDraw = True
585.8356 	EXP 	fixation_3: autoDraw = True
585.8523 	EXP 	target_square_2: autoDraw = False
586.8357 	EXP 	fixation_3: autoDraw = False
586.8397 	EXP 	New trial (rep=0, index=76): {'square': 9, 'location': [0.2, -0.2], 'corrAns': None}
586.8401 	EXP 	window1: mouseVisible = False
586.8523 	EXP 	grid_lines_2: autoDraw = False
586.8523 	EXP 	target_square_2: autoDraw = False
586.8523 	EXP 	fixation_3: autoDraw = False
586.8523 	EXP 	target_square_2: pos = array([ 0.2, -0.2])
586.8523 	EXP 	grid_lines_2: autoDraw = True
586.8523 	EXP 	target_square_2: autoDraw = True
587.8357 	EXP 	fixation_3: autoDraw = True
587.8523 	EXP 	target_square_2: autoDraw = False
588.8357 	EXP 	fixation_3: autoDraw = False
588.8397 	EXP 	New trial (rep=0, index=77): {'square': 1, 'location': [-0.2, 0.2], 'corrAns': None}
588.8402 	EXP 	window1: mouseVisible = False
588.8524 	EXP 	grid_lines_2: autoDraw = False
588.8524 	EXP 	target_square_2: autoDraw = False
588.8524 	EXP 	fixation_3: autoDraw = False
588.8524 	EXP 	target_square_2: pos = array([-0.2,  0.2])
588.8524 	EXP 	grid_lines_2: autoDraw = True
588.8524 	EXP 	target_square_2: autoDraw = True
589.8357 	EXP 	fixation_3: autoDraw = True
589.8523 	EXP 	target_square_2: autoDraw = False
590.8357 	EXP 	fixation_3: autoDraw = False
590.8400 	EXP 	New trial (rep=0, index=78): {'square': 3, 'location': [0.2, 0.2], 'corrAns': None}
590.8404 	EXP 	window1: mouseVisible = False
590.8524 	EXP 	grid_lines_2: autoDraw = False
590.8524 	EXP 	target_square_2: autoDraw = False
590.8524 	EXP 	fixation_3: autoDraw = False
590.8524 	EXP 	target_square_2: pos = array([0.2, 0.2])
590.8524 	EXP 	grid_lines_2: autoDraw = True
590.8524 	EXP 	target_square_2: autoDraw = True
591.8357 	EXP 	fixation_3: autoDraw = True
591.8524 	EXP 	target_square_2: autoDraw = False
592.8357 	EXP 	fixation_3: autoDraw = False
592.8396 	EXP 	New trial (rep=0, index=79): {'square': 5, 'location': [0, 0], 'corrAns': None}
592.8400 	EXP 	window1: mouseVisible = False
592.8524 	EXP 	grid_lines_2: autoDraw = False
592.8524 	EXP 	target_square_2: autoDraw = False
592.8524 	EXP 	fixation_3: autoDraw = False
592.8524 	EXP 	target_square_2: pos = array([0., 0.])
592.8524 	EXP 	grid_lines_2: autoDraw = True
592.8524 	EXP 	target_square_2: autoDraw = True
593.8357 	EXP 	fixation_3: autoDraw = True
593.8524 	EXP 	target_square_2: autoDraw = False
594.8357 	EXP 	fixation_3: autoDraw = False
594.8399 	EXP 	New trial (rep=0, index=80): {'square': 3, 'location': [0.2, 0.2], 'corrAns': 1}
594.8404 	EXP 	window1: mouseVisible = False
594.8524 	EXP 	grid_lines_2: autoDraw = False
594.8524 	EXP 	target_square_2: autoDraw = False
594.8524 	EXP 	fixation_3: autoDraw = False
594.8524 	EXP 	target_square_2: pos = array([0.2, 0.2])
594.8524 	EXP 	grid_lines_2: autoDraw = True
594.8524 	EXP 	target_square_2: autoDraw = True
595.8358 	EXP 	fixation_3: autoDraw = True
595.8524 	EXP 	target_square_2: autoDraw = False
596.8358 	EXP 	fixation_3: autoDraw = False
596.8397 	EXP 	New trial (rep=0, index=81): {'square': 4, 'location': [-0.2, 0], 'corrAns': None}
596.8402 	EXP 	window1: mouseVisible = False
596.8524 	EXP 	grid_lines_2: autoDraw = False
596.8524 	EXP 	target_square_2: autoDraw = False
596.8524 	EXP 	fixation_3: autoDraw = False
596.8524 	EXP 	target_square_2: pos = array([-0.2,  0. ])
596.8524 	EXP 	grid_lines_2: autoDraw = True
596.8524 	EXP 	target_square_2: autoDraw = True
597.8357 	EXP 	fixation_3: autoDraw = True
597.8524 	EXP 	target_square_2: autoDraw = False
598.8358 	EXP 	fixation_3: autoDraw = False
598.8397 	EXP 	New trial (rep=0, index=82): {'square': 7, 'location': [-0.2, -0.2], 'corrAns': None}
598.8402 	EXP 	window1: mouseVisible = False
598.8524 	EXP 	grid_lines_2: autoDraw = False
598.8524 	EXP 	target_square_2: autoDraw = False
598.8524 	EXP 	fixation_3: autoDraw = False
598.8524 	EXP 	target_square_2: pos = array([-0.2, -0.2])
598.8524 	EXP 	grid_lines_2: autoDraw = True
598.8524 	EXP 	target_square_2: autoDraw = True
599.8358 	EXP 	fixation_3: autoDraw = True
599.8524 	EXP 	target_square_2: autoDraw = False
600.8358 	EXP 	fixation_3: autoDraw = False
600.8398 	EXP 	New trial (rep=0, index=83): {'square': 4, 'location': [-0.2, 0], 'corrAns': 1}
600.8402 	EXP 	window1: mouseVisible = False
600.8524 	EXP 	grid_lines_2: autoDraw = False
600.8524 	EXP 	target_square_2: autoDraw = False
600.8524 	EXP 	fixation_3: autoDraw = False
600.8524 	EXP 	target_square_2: pos = array([-0.2,  0. ])
600.8524 	EXP 	grid_lines_2: autoDraw = True
600.8524 	EXP 	target_square_2: autoDraw = True
601.4694 	DATA 	Mouse: Left button down, pos=(1117,675)
601.7527 	DATA 	Mouse:  Left button up, pos=(1117,675)
601.8358 	EXP 	fixation_3: autoDraw = True
601.8525 	EXP 	target_square_2: autoDraw = False
602.8357 	EXP 	fixation_3: autoDraw = False
602.8397 	EXP 	New trial (rep=0, index=84): {'square': 4, 'location': [-0.2, 0], 'corrAns': None}
602.8402 	EXP 	window1: mouseVisible = False
602.8525 	EXP 	grid_lines_2: autoDraw = False
602.8525 	EXP 	target_square_2: autoDraw = False
602.8525 	EXP 	fixation_3: autoDraw = False
602.8525 	EXP 	target_square_2: pos = array([-0.2,  0. ])
602.8525 	EXP 	grid_lines_2: autoDraw = True
602.8525 	EXP 	target_square_2: autoDraw = True
603.8358 	EXP 	fixation_3: autoDraw = True
603.8525 	EXP 	target_square_2: autoDraw = False
604.8358 	EXP 	fixation_3: autoDraw = False
604.8399 	EXP 	New trial (rep=0, index=85): {'square': 5, 'location': [0, 0], 'corrAns': None}
604.8402 	EXP 	window1: mouseVisible = False
604.8525 	EXP 	grid_lines_2: autoDraw = False
604.8525 	EXP 	target_square_2: autoDraw = False
604.8525 	EXP 	fixation_3: autoDraw = False
604.8525 	EXP 	target_square_2: pos = array([0., 0.])
604.8525 	EXP 	grid_lines_2: autoDraw = True
604.8525 	EXP 	target_square_2: autoDraw = True
605.8358 	EXP 	fixation_3: autoDraw = True
605.8525 	EXP 	target_square_2: autoDraw = False
606.8358 	EXP 	fixation_3: autoDraw = False
606.8397 	EXP 	New trial (rep=0, index=86): {'square': 2, 'location': [0, 0.2], 'corrAns': None}
606.8402 	EXP 	window1: mouseVisible = False
606.8525 	EXP 	grid_lines_2: autoDraw = False
606.8525 	EXP 	target_square_2: autoDraw = False
606.8525 	EXP 	fixation_3: autoDraw = False
606.8525 	EXP 	target_square_2: pos = array([0. , 0.2])
606.8525 	EXP 	grid_lines_2: autoDraw = True
606.8525 	EXP 	target_square_2: autoDraw = True
607.8359 	EXP 	fixation_3: autoDraw = True
607.8525 	EXP 	target_square_2: autoDraw = False
608.8357 	EXP 	fixation_3: autoDraw = False
608.8396 	EXP 	New trial (rep=0, index=87): {'square': 6, 'location': [0.2, 0], 'corrAns': None}
608.8401 	EXP 	window1: mouseVisible = False
608.8525 	EXP 	grid_lines_2: autoDraw = False
608.8525 	EXP 	target_square_2: autoDraw = False
608.8525 	EXP 	fixation_3: autoDraw = False
608.8525 	EXP 	target_square_2: pos = array([0.2, 0. ])
608.8525 	EXP 	grid_lines_2: autoDraw = True
608.8525 	EXP 	target_square_2: autoDraw = True
609.8359 	EXP 	fixation_3: autoDraw = True
609.8525 	EXP 	target_square_2: autoDraw = False
610.8359 	EXP 	fixation_3: autoDraw = False
610.8398 	EXP 	New trial (rep=0, index=88): {'square': 7, 'location': [-0.2, -0.2], 'corrAns': None}
610.8403 	EXP 	window1: mouseVisible = False
610.8525 	EXP 	grid_lines_2: autoDraw = False
610.8525 	EXP 	target_square_2: autoDraw = False
610.8525 	EXP 	fixation_3: autoDraw = False
610.8525 	EXP 	target_square_2: pos = array([-0.2, -0.2])
610.8525 	EXP 	grid_lines_2: autoDraw = True
610.8525 	EXP 	target_square_2: autoDraw = True
611.8359 	EXP 	fixation_3: autoDraw = True
611.8526 	EXP 	target_square_2: autoDraw = False
612.8359 	EXP 	fixation_3: autoDraw = False
612.8398 	EXP 	New trial (rep=0, index=89): {'square': 6, 'location': [0.2, 0], 'corrAns': 1}
612.8402 	EXP 	window1: mouseVisible = False
612.8525 	EXP 	grid_lines_2: autoDraw = False
612.8525 	EXP 	target_square_2: autoDraw = False
612.8525 	EXP 	fixation_3: autoDraw = False
612.8525 	EXP 	target_square_2: pos = array([0.2, 0. ])
612.8525 	EXP 	grid_lines_2: autoDraw = True
612.8525 	EXP 	target_square_2: autoDraw = True
613.8359 	EXP 	fixation_3: autoDraw = True
613.8525 	EXP 	target_square_2: autoDraw = False
614.8359 	EXP 	fixation_3: autoDraw = False
614.8398 	EXP 	New trial (rep=0, index=90): {'square': 6, 'location': [0.2, 0], 'corrAns': None}
614.8403 	EXP 	window1: mouseVisible = False
614.8525 	EXP 	grid_lines_2: autoDraw = False
614.8525 	EXP 	target_square_2: autoDraw = False
614.8525 	EXP 	fixation_3: autoDraw = False
614.8525 	EXP 	target_square_2: pos = array([0.2, 0. ])
614.8525 	EXP 	grid_lines_2: autoDraw = True
614.8525 	EXP 	target_square_2: autoDraw = True
615.8359 	EXP 	fixation_3: autoDraw = True
615.8525 	EXP 	target_square_2: autoDraw = False
616.8359 	EXP 	fixation_3: autoDraw = False
616.8399 	EXP 	New trial (rep=0, index=91): {'square': 7, 'location': [-0.2, -0.2], 'corrAns': None}
616.8404 	EXP 	window1: mouseVisible = False
616.8526 	EXP 	grid_lines_2: autoDraw = False
616.8526 	EXP 	target_square_2: autoDraw = False
616.8526 	EXP 	fixation_3: autoDraw = False
616.8526 	EXP 	target_square_2: pos = array([-0.2, -0.2])
616.8526 	EXP 	grid_lines_2: autoDraw = True
616.8526 	EXP 	target_square_2: autoDraw = True
617.5696 	DATA 	Mouse: Left button down, pos=(1117,675)
617.8359 	EXP 	fixation_3: autoDraw = True
617.8526 	EXP 	target_square_2: autoDraw = False
617.9362 	DATA 	Mouse:  Left button up, pos=(1117,675)
618.8359 	EXP 	fixation_3: autoDraw = False
618.8399 	EXP 	New trial (rep=0, index=92): {'square': 6, 'location': [0.2, 0], 'corrAns': 1}
618.8404 	EXP 	window1: mouseVisible = False
618.8526 	EXP 	grid_lines_2: autoDraw = False
618.8526 	EXP 	target_square_2: autoDraw = False
618.8526 	EXP 	fixation_3: autoDraw = False
618.8526 	EXP 	target_square_2: pos = array([0.2, 0. ])
618.8526 	EXP 	grid_lines_2: autoDraw = True
618.8526 	EXP 	target_square_2: autoDraw = True
619.8359 	EXP 	fixation_3: autoDraw = True
619.8525 	EXP 	target_square_2: autoDraw = False
619.9029 	DATA 	Mouse: Left button down, pos=(1117,675)
620.1528 	DATA 	Mouse:  Left button up, pos=(1117,675)
620.8359 	EXP 	fixation_3: autoDraw = False
620.8402 	EXP 	New trial (rep=0, index=93): {'square': 2, 'location': [0, 0.2], 'corrAns': None}
620.8407 	EXP 	window1: mouseVisible = False
620.8526 	EXP 	grid_lines_2: autoDraw = False
620.8526 	EXP 	target_square_2: autoDraw = False
620.8526 	EXP 	fixation_3: autoDraw = False
620.8526 	EXP 	target_square_2: pos = array([0. , 0.2])
620.8526 	EXP 	grid_lines_2: autoDraw = True
620.8526 	EXP 	target_square_2: autoDraw = True
621.8359 	EXP 	fixation_3: autoDraw = True
621.8526 	EXP 	target_square_2: autoDraw = False
622.8360 	EXP 	fixation_3: autoDraw = False
622.8399 	EXP 	New trial (rep=0, index=94): {'square': 5, 'location': [0, 0], 'corrAns': None}
622.8404 	EXP 	window1: mouseVisible = False
622.8526 	EXP 	grid_lines_2: autoDraw = False
622.8526 	EXP 	target_square_2: autoDraw = False
622.8526 	EXP 	fixation_3: autoDraw = False
622.8526 	EXP 	target_square_2: pos = array([0., 0.])
622.8526 	EXP 	grid_lines_2: autoDraw = True
622.8526 	EXP 	target_square_2: autoDraw = True
623.8360 	EXP 	fixation_3: autoDraw = True
623.8526 	EXP 	target_square_2: autoDraw = False
624.8359 	EXP 	fixation_3: autoDraw = False
624.8401 	EXP 	New trial (rep=0, index=95): {'square': 4, 'location': [-0.2, 0], 'corrAns': None}
624.8405 	EXP 	window1: mouseVisible = False
624.8526 	EXP 	grid_lines_2: autoDraw = False
624.8526 	EXP 	target_square_2: autoDraw = False
624.8526 	EXP 	fixation_3: autoDraw = False
624.8526 	EXP 	target_square_2: pos = array([-0.2,  0. ])
624.8526 	EXP 	grid_lines_2: autoDraw = True
624.8526 	EXP 	target_square_2: autoDraw = True
625.8360 	EXP 	fixation_3: autoDraw = True
625.8526 	EXP 	target_square_2: autoDraw = False
626.8360 	EXP 	fixation_3: autoDraw = False
626.8399 	EXP 	New trial (rep=0, index=96): {'square': 4, 'location': [-0.2, 0], 'corrAns': None}
626.8404 	EXP 	window1: mouseVisible = False
626.8526 	EXP 	grid_lines_2: autoDraw = False
626.8526 	EXP 	target_square_2: autoDraw = False
626.8526 	EXP 	fixation_3: autoDraw = False
626.8526 	EXP 	target_square_2: pos = array([-0.2,  0. ])
626.8526 	EXP 	grid_lines_2: autoDraw = True
626.8526 	EXP 	target_square_2: autoDraw = True
627.8360 	EXP 	fixation_3: autoDraw = True
627.8526 	EXP 	target_square_2: autoDraw = False
628.8360 	EXP 	fixation_3: autoDraw = False
628.8400 	EXP 	New trial (rep=0, index=97): {'square': 7, 'location': [-0.2, -0.2], 'corrAns': None}
628.8404 	EXP 	window1: mouseVisible = False
628.8527 	EXP 	grid_lines_2: autoDraw = False
628.8527 	EXP 	target_square_2: autoDraw = False
628.8527 	EXP 	fixation_3: autoDraw = False
628.8527 	EXP 	target_square_2: pos = array([-0.2, -0.2])
628.8527 	EXP 	grid_lines_2: autoDraw = True
628.8527 	EXP 	target_square_2: autoDraw = True
629.8360 	EXP 	fixation_3: autoDraw = True
629.8526 	EXP 	target_square_2: autoDraw = False
630.8360 	EXP 	fixation_3: autoDraw = False
630.8399 	EXP 	New trial (rep=0, index=98): {'square': 4, 'location': [-0.2, 0], 'corrAns': 1}
630.8404 	EXP 	window1: mouseVisible = False
630.8527 	EXP 	grid_lines_2: autoDraw = False
630.8527 	EXP 	target_square_2: autoDraw = False
630.8527 	EXP 	fixation_3: autoDraw = False
630.8527 	EXP 	target_square_2: pos = array([-0.2,  0. ])
630.8527 	EXP 	grid_lines_2: autoDraw = True
630.8527 	EXP 	target_square_2: autoDraw = True
631.4530 	DATA 	Mouse: Left button down, pos=(1117,675)
631.7030 	DATA 	Mouse:  Left button up, pos=(1117,675)
631.8360 	EXP 	fixation_3: autoDraw = True
631.8527 	EXP 	target_square_2: autoDraw = False
632.8360 	EXP 	fixation_3: autoDraw = False
632.8399 	EXP 	New trial (rep=0, index=99): {'square': 3, 'location': [0.2, 0.2], 'corrAns': None}
632.8404 	EXP 	window1: mouseVisible = False
632.8527 	EXP 	grid_lines_2: autoDraw = False
632.8527 	EXP 	target_square_2: autoDraw = False
632.8527 	EXP 	fixation_3: autoDraw = False
632.8527 	EXP 	target_square_2: pos = array([0.2, 0.2])
632.8527 	EXP 	grid_lines_2: autoDraw = True
632.8527 	EXP 	target_square_2: autoDraw = True
633.8360 	EXP 	fixation_3: autoDraw = True
633.8527 	EXP 	target_square_2: autoDraw = False
634.8360 	EXP 	fixation_3: autoDraw = False
634.8401 	EXP 	New trial (rep=0, index=100): {'square': 5, 'location': [0, 0], 'corrAns': None}
634.8405 	EXP 	window1: mouseVisible = False
634.8527 	EXP 	grid_lines_2: autoDraw = False
634.8527 	EXP 	target_square_2: autoDraw = False
634.8527 	EXP 	fixation_3: autoDraw = False
634.8527 	EXP 	target_square_2: pos = array([0., 0.])
634.8527 	EXP 	grid_lines_2: autoDraw = True
634.8527 	EXP 	target_square_2: autoDraw = True
635.8360 	EXP 	fixation_3: autoDraw = True
635.8527 	EXP 	target_square_2: autoDraw = False
636.8361 	EXP 	fixation_3: autoDraw = False
636.8400 	EXP 	New trial (rep=0, index=101): {'square': 3, 'location': [0.2, 0.2], 'corrAns': 1}
636.8404 	EXP 	window1: mouseVisible = False
636.8527 	EXP 	grid_lines_2: autoDraw = False
636.8527 	EXP 	target_square_2: autoDraw = False
636.8527 	EXP 	fixation_3: autoDraw = False
636.8527 	EXP 	target_square_2: pos = array([0.2, 0.2])
636.8527 	EXP 	grid_lines_2: autoDraw = True
636.8527 	EXP 	target_square_2: autoDraw = True
637.8361 	EXP 	fixation_3: autoDraw = True
637.8528 	EXP 	target_square_2: autoDraw = False
638.8361 	EXP 	fixation_3: autoDraw = False
638.8400 	EXP 	New trial (rep=0, index=102): {'square': 1, 'location': [-0.2, 0.2], 'corrAns': None}
638.8404 	EXP 	window1: mouseVisible = False
638.8528 	EXP 	grid_lines_2: autoDraw = False
638.8528 	EXP 	target_square_2: autoDraw = False
638.8528 	EXP 	fixation_3: autoDraw = False
638.8528 	EXP 	target_square_2: pos = array([-0.2,  0.2])
638.8528 	EXP 	grid_lines_2: autoDraw = True
638.8528 	EXP 	target_square_2: autoDraw = True
639.8361 	EXP 	fixation_3: autoDraw = True
639.8528 	EXP 	target_square_2: autoDraw = False
640.8361 	EXP 	fixation_3: autoDraw = False
640.8399 	EXP 	New trial (rep=0, index=103): {'square': 9, 'location': [0.2, -0.2], 'corrAns': None}
640.8404 	EXP 	window1: mouseVisible = False
640.8528 	EXP 	grid_lines_2: autoDraw = False
640.8528 	EXP 	target_square_2: autoDraw = False
640.8528 	EXP 	fixation_3: autoDraw = False
640.8528 	EXP 	target_square_2: pos = array([ 0.2, -0.2])
640.8528 	EXP 	grid_lines_2: autoDraw = True
640.8528 	EXP 	target_square_2: autoDraw = True
641.8361 	EXP 	fixation_3: autoDraw = True
641.8528 	EXP 	target_square_2: autoDraw = False
642.8361 	EXP 	fixation_3: autoDraw = False
642.8400 	EXP 	New trial (rep=0, index=104): {'square': 9, 'location': [0.2, -0.2], 'corrAns': None}
642.8404 	EXP 	window1: mouseVisible = False
642.8528 	EXP 	grid_lines_2: autoDraw = False
642.8528 	EXP 	target_square_2: autoDraw = False
642.8528 	EXP 	fixation_3: autoDraw = False
642.8528 	EXP 	target_square_2: pos = array([ 0.2, -0.2])
642.8528 	EXP 	grid_lines_2: autoDraw = True
642.8528 	EXP 	target_square_2: autoDraw = True
643.8361 	EXP 	fixation_3: autoDraw = True
643.8528 	EXP 	target_square_2: autoDraw = False
644.8361 	EXP 	fixation_3: autoDraw = False
644.8400 	EXP 	New trial (rep=0, index=105): {'square': 8, 'location': [0, -0.2], 'corrAns': None}
644.8405 	EXP 	window1: mouseVisible = False
644.8528 	EXP 	grid_lines_2: autoDraw = False
644.8528 	EXP 	target_square_2: autoDraw = False
644.8528 	EXP 	fixation_3: autoDraw = False
644.8528 	EXP 	target_square_2: pos = array([ 0. , -0.2])
644.8528 	EXP 	grid_lines_2: autoDraw = True
644.8528 	EXP 	target_square_2: autoDraw = True
645.8361 	EXP 	fixation_3: autoDraw = True
645.8528 	EXP 	target_square_2: autoDraw = False
646.8361 	EXP 	fixation_3: autoDraw = False
646.8401 	EXP 	New trial (rep=0, index=106): {'square': 6, 'location': [0.2, 0], 'corrAns': None}
646.8405 	EXP 	window1: mouseVisible = False
646.8528 	EXP 	grid_lines_2: autoDraw = False
646.8528 	EXP 	target_square_2: autoDraw = False
646.8528 	EXP 	fixation_3: autoDraw = False
646.8528 	EXP 	target_square_2: pos = array([0.2, 0. ])
646.8528 	EXP 	grid_lines_2: autoDraw = True
646.8528 	EXP 	target_square_2: autoDraw = True
647.8361 	EXP 	fixation_3: autoDraw = True
647.8528 	EXP 	target_square_2: autoDraw = False
648.8362 	EXP 	fixation_3: autoDraw = False
648.8400 	EXP 	New trial (rep=0, index=107): {'square': 3, 'location': [0.2, 0.2], 'corrAns': None}
648.8405 	EXP 	window1: mouseVisible = False
648.8528 	EXP 	grid_lines_2: autoDraw = False
648.8528 	EXP 	target_square_2: autoDraw = False
648.8528 	EXP 	fixation_3: autoDraw = False
648.8528 	EXP 	target_square_2: pos = array([0.2, 0.2])
648.8528 	EXP 	grid_lines_2: autoDraw = True
648.8528 	EXP 	target_square_2: autoDraw = True
649.8362 	EXP 	fixation_3: autoDraw = True
649.8528 	EXP 	target_square_2: autoDraw = False
650.8362 	EXP 	fixation_3: autoDraw = False
650.8400 	EXP 	New trial (rep=0, index=108): {'square': 6, 'location': [0.2, 0], 'corrAns': 1}
650.8405 	EXP 	window1: mouseVisible = False
650.8528 	EXP 	grid_lines_2: autoDraw = False
650.8528 	EXP 	target_square_2: autoDraw = False
650.8528 	EXP 	fixation_3: autoDraw = False
650.8528 	EXP 	target_square_2: pos = array([0.2, 0. ])
650.8528 	EXP 	grid_lines_2: autoDraw = True
650.8528 	EXP 	target_square_2: autoDraw = True
651.8362 	EXP 	fixation_3: autoDraw = True
651.8529 	EXP 	target_square_2: autoDraw = False
652.3865 	DATA 	Mouse: Left button down, pos=(1117,675)
652.6531 	DATA 	Mouse:  Left button up, pos=(1117,675)
652.8362 	EXP 	fixation_3: autoDraw = False
652.8401 	EXP 	New trial (rep=0, index=109): {'square': 5, 'location': [0, 0], 'corrAns': None}
652.8405 	EXP 	window1: mouseVisible = False
652.8529 	EXP 	grid_lines_2: autoDraw = False
652.8529 	EXP 	target_square_2: autoDraw = False
652.8529 	EXP 	fixation_3: autoDraw = False
652.8529 	EXP 	target_square_2: pos = array([0., 0.])
652.8529 	EXP 	grid_lines_2: autoDraw = True
652.8529 	EXP 	target_square_2: autoDraw = True
653.8362 	EXP 	fixation_3: autoDraw = True
653.8529 	EXP 	target_square_2: autoDraw = False
654.8362 	EXP 	fixation_3: autoDraw = False
654.8403 	EXP 	New trial (rep=0, index=110): {'square': 7, 'location': [-0.2, -0.2], 'corrAns': None}
654.8408 	EXP 	window1: mouseVisible = False
654.8529 	EXP 	grid_lines_2: autoDraw = False
654.8529 	EXP 	target_square_2: autoDraw = False
654.8529 	EXP 	fixation_3: autoDraw = False
654.8529 	EXP 	target_square_2: pos = array([-0.2, -0.2])
654.8529 	EXP 	grid_lines_2: autoDraw = True
654.8529 	EXP 	target_square_2: autoDraw = True
655.8362 	EXP 	fixation_3: autoDraw = True
655.8529 	EXP 	target_square_2: autoDraw = False
656.8362 	EXP 	fixation_3: autoDraw = False
656.8402 	EXP 	New trial (rep=0, index=111): {'square': 5, 'location': [0, 0], 'corrAns': 1}
656.8406 	EXP 	window1: mouseVisible = False
656.8529 	EXP 	grid_lines_2: autoDraw = False
656.8529 	EXP 	target_square_2: autoDraw = False
656.8529 	EXP 	fixation_3: autoDraw = False
656.8529 	EXP 	target_square_2: pos = array([0., 0.])
656.8529 	EXP 	grid_lines_2: autoDraw = True
656.8529 	EXP 	target_square_2: autoDraw = True
657.8362 	EXP 	fixation_3: autoDraw = True
657.8529 	EXP 	target_square_2: autoDraw = False
658.4532 	DATA 	Mouse: Left button down, pos=(1117,675)
658.7032 	DATA 	Mouse:  Left button up, pos=(1117,675)
658.8362 	EXP 	fixation_3: autoDraw = False
658.8402 	EXP 	New trial (rep=0, index=112): {'square': 1, 'location': [-0.2, 0.2], 'corrAns': None}
658.8407 	EXP 	window1: mouseVisible = False
658.8529 	EXP 	grid_lines_2: autoDraw = False
658.8529 	EXP 	target_square_2: autoDraw = False
658.8529 	EXP 	fixation_3: autoDraw = False
658.8529 	EXP 	target_square_2: pos = array([-0.2,  0.2])
658.8529 	EXP 	grid_lines_2: autoDraw = True
658.8529 	EXP 	target_square_2: autoDraw = True
659.8362 	EXP 	fixation_3: autoDraw = True
659.8529 	EXP 	target_square_2: autoDraw = False
660.8363 	EXP 	fixation_3: autoDraw = False
660.8402 	EXP 	New trial (rep=0, index=113): {'square': 7, 'location': [-0.2, -0.2], 'corrAns': None}
660.8407 	EXP 	window1: mouseVisible = False
660.8529 	EXP 	grid_lines_2: autoDraw = False
660.8529 	EXP 	target_square_2: autoDraw = False
660.8529 	EXP 	fixation_3: autoDraw = False
660.8529 	EXP 	target_square_2: pos = array([-0.2, -0.2])
660.8529 	EXP 	grid_lines_2: autoDraw = True
660.8529 	EXP 	target_square_2: autoDraw = True
661.5226 	DATA 	Mouse: Left button down, pos=(1117,675)
661.7865 	DATA 	Mouse:  Left button up, pos=(1117,675)
661.8363 	EXP 	fixation_3: autoDraw = True
661.8529 	EXP 	target_square_2: autoDraw = False
662.8362 	EXP 	fixation_3: autoDraw = False
662.8402 	EXP 	New trial (rep=0, index=114): {'square': 9, 'location': [0.2, -0.2], 'corrAns': None}
662.8407 	EXP 	window1: mouseVisible = False
662.8529 	EXP 	grid_lines_2: autoDraw = False
662.8529 	EXP 	target_square_2: autoDraw = False
662.8529 	EXP 	fixation_3: autoDraw = False
662.8529 	EXP 	target_square_2: pos = array([ 0.2, -0.2])
662.8529 	EXP 	grid_lines_2: autoDraw = True
662.8529 	EXP 	target_square_2: autoDraw = True
663.8363 	EXP 	fixation_3: autoDraw = True
663.8530 	EXP 	target_square_2: autoDraw = False
664.8363 	EXP 	fixation_3: autoDraw = False
664.8403 	EXP 	New trial (rep=0, index=115): {'square': 3, 'location': [0.2, 0.2], 'corrAns': None}
664.8408 	EXP 	window1: mouseVisible = False
664.8529 	EXP 	grid_lines_2: autoDraw = False
664.8529 	EXP 	target_square_2: autoDraw = False
664.8529 	EXP 	fixation_3: autoDraw = False
664.8529 	EXP 	target_square_2: pos = array([0.2, 0.2])
664.8529 	EXP 	grid_lines_2: autoDraw = True
664.8529 	EXP 	target_square_2: autoDraw = True
665.8363 	EXP 	fixation_3: autoDraw = True
665.8530 	EXP 	target_square_2: autoDraw = False
666.8363 	EXP 	fixation_3: autoDraw = False
666.8402 	EXP 	New trial (rep=0, index=116): {'square': 9, 'location': [0.2, -0.2], 'corrAns': 1}
666.8407 	EXP 	window1: mouseVisible = False
666.8528 	EXP 	grid_lines_2: autoDraw = False
666.8528 	EXP 	target_square_2: autoDraw = False
666.8528 	EXP 	fixation_3: autoDraw = False
666.8528 	EXP 	target_square_2: pos = array([ 0.2, -0.2])
666.8528 	EXP 	grid_lines_2: autoDraw = True
666.8528 	EXP 	target_square_2: autoDraw = True
667.5866 	DATA 	Mouse: Left button down, pos=(1117,675)
667.8363 	EXP 	fixation_3: autoDraw = True
667.8366 	DATA 	Mouse:  Left button up, pos=(1117,675)
667.8530 	EXP 	target_square_2: autoDraw = False
668.8363 	EXP 	fixation_3: autoDraw = False
668.8402 	EXP 	New trial (rep=0, index=117): {'square': 6, 'location': [0.2, 0], 'corrAns': None}
668.8407 	EXP 	window1: mouseVisible = False
668.8530 	EXP 	grid_lines_2: autoDraw = False
668.8530 	EXP 	target_square_2: autoDraw = False
668.8530 	EXP 	fixation_3: autoDraw = False
668.8530 	EXP 	target_square_2: pos = array([0.2, 0. ])
668.8530 	EXP 	grid_lines_2: autoDraw = True
668.8530 	EXP 	target_square_2: autoDraw = True
669.8363 	EXP 	fixation_3: autoDraw = True
669.8530 	EXP 	target_square_2: autoDraw = False
670.8363 	EXP 	fixation_3: autoDraw = False
670.8402 	EXP 	New trial (rep=0, index=118): {'square': 2, 'location': [0, 0.2], 'corrAns': None}
670.8407 	EXP 	window1: mouseVisible = False
670.8530 	EXP 	grid_lines_2: autoDraw = False
670.8530 	EXP 	target_square_2: autoDraw = False
670.8530 	EXP 	fixation_3: autoDraw = False
670.8530 	EXP 	target_square_2: pos = array([0. , 0.2])
670.8530 	EXP 	grid_lines_2: autoDraw = True
670.8530 	EXP 	target_square_2: autoDraw = True
671.8363 	EXP 	fixation_3: autoDraw = True
671.8529 	EXP 	target_square_2: autoDraw = False
672.8363 	EXP 	fixation_3: autoDraw = False
672.8402 	EXP 	New trial (rep=0, index=119): {'square': 5, 'location': [0, 0], 'corrAns': None}
672.8406 	EXP 	window1: mouseVisible = False
672.8530 	EXP 	grid_lines_2: autoDraw = False
672.8530 	EXP 	target_square_2: autoDraw = False
672.8530 	EXP 	fixation_3: autoDraw = False
672.8530 	EXP 	target_square_2: pos = array([0., 0.])
672.8530 	EXP 	grid_lines_2: autoDraw = True
672.8530 	EXP 	target_square_2: autoDraw = True
673.8363 	EXP 	fixation_3: autoDraw = True
673.8530 	EXP 	target_square_2: autoDraw = False
674.8363 	EXP 	fixation_3: autoDraw = False
674.8535 	EXP 	Created unnamed TextStim = TextStim(__class__=<class 'psychopy.visual.text.TextStim'>, alignHoriz=method-wrapper(...), alignText='center', alignVert=method-wrapper(...), anchorHoriz='center', anchorVert='center', antialias=True, autoLog=True, bold=False, color=array([1., 1., 1.]), colorSpace='rgb', contrast=1.0, depth=0, flipHoriz=False, flipVert=False, font='', fontFiles=[], height=0.05, italic=False, languageStyle='LTR', name='unnamed TextStim', opacity=1.0, ori=0.0, pos=array([0., 0.]), rgb=UNKNOWN, text=str(...), units='height', win=Window(...), wrapWidth=1)
674.8697 	EXP 	grid_lines_2: autoDraw = False
674.8697 	EXP 	target_square_2: autoDraw = False
674.8697 	EXP 	fixation_3: autoDraw = False
697.1632 	DATA 	Keypress: e
697.2687 	EXP 	Created unnamed TextStim = TextStim(__class__=<class 'psychopy.visual.text.TextStim'>, alignHoriz=method-wrapper(...), alignText='center', alignVert=method-wrapper(...), anchorHoriz='center', anchorVert='center', antialias=True, autoLog=True, bold=False, color=array([1., 1., 1.]), colorSpace='rgb', contrast=1.0, depth=0, flipHoriz=False, flipVert=False, font='', fontFiles=[], height=0.05, italic=False, languageStyle='LTR', name='unnamed TextStim', opacity=1.0, ori=0.0, pos=array([0., 0.]), rgb=UNKNOWN, text=str(...), units='height', win=Window(...), wrapWidth=1)
697.3447 	EXP 	window1: mouseVisible = True
