0.5872 	WARNING 	We strongly recommend you activate the PTB sound engine in PsychoPy prefs as the preferred audio engine. Its timing is vastly superior. Your prefs are currently set to use ['sounddevice', 'PTB', 'pyo', 'pygame'] (in that order).
35.3780 	EXP 	Created fixation_2 = TextStim(__class__=<class 'psychopy.visual.text.TextStim'>, alignHoriz=method-wrapper(...), alignText='center', alignVert=method-wrapper(...), anchorHoriz='center', anchorVert='center', antialias=True, autoLog=True, bold=False, color=array([1, 1, 1]), colorSpace='rgb', contrast=1.0, depth=-2.0, flipHoriz=False, flipVert=False, font='Arial', fontFiles=[], height=0.05, italic=False, languageStyle='LTR', name='fixation_2', opacity=1, ori=0, pos=array([0., 0.]), rgb=UNKNOWN, text='+', units='height', win=Window(...), wrapWidth=1)
35.4519 	EXP 	Created Nbackinstructions = TextStim(__class__=<class 'psychopy.visual.text.TextStim'>, alignHoriz=method-wrapper(...), alignText='center', alignVert=method-wrapper(...), anchorHoriz='center', anchorVert='center', antialias=True, autoLog=True, bold=False, color=array([1, 1, 1]), colorSpace='rgb', contrast=1.0, depth=0, flipHoriz=False, flipVert=False, font='Arial', fontFiles=[], height=0.05, italic=False, languageStyle='LTR', name='Nbackinstructions', opacity=1, ori=0.0, pos=array([0., 0.]), rgb=UNKNOWN, text=str(...), units='height', win=Window(...), wrapWidth=1)
35.4557 	EXP 	Created fixation_2 = TextStim(__class__=<class 'psychopy.visual.text.TextStim'>, alignHoriz=method-wrapper(...), alignText='center', alignVert=method-wrapper(...), anchorHoriz='center', anchorVert='center', antialias=True, autoLog=True, bold=False, color=array([1, 1, 1]), colorSpace='rgb', contrast=1.0, depth=-2.0, flipHoriz=False, flipVert=False, font='Arial', fontFiles=[], height=0.05, italic=False, languageStyle='LTR', name='fixation_2', opacity=1, ori=0, pos=array([0., 0.]), rgb=UNKNOWN, text='+', units='height', win=Window(...), wrapWidth=1)
35.8836 	EXP 	Created grid_lines_2 = ImageStim(__class__=<class 'psychopy.visual.image.ImageStim'>, autoLog=True, color=array([1, 1, 1]), colorSpace='rgb', contrast=1.0, depth=0.0, flipHoriz=False, flipVert=False, image='grid.png', interpolate=True, mask=None, maskParams=None, name='grid_lines_2', opacity=1, ori=0.0, pos=array([0., 0.]), size=array([0.6, 0.6]), texRes=128, units='height', win=Window(...))
35.8874 	EXP 	Created target_square_2 = Rect(__class__=<class 'psychopy.visual.rect.Rect'>, autoDraw=False, autoLog=True, closeShape=True, color=method-wrapper(...), colorSpace='rgb', contrast=None, depth=-1.0, fillColor=array([1., 1., 1.]), fillColorSpace='rgb', fillRGB=UNKNOWN, interpolate=True, lineColor=array([0, 0, 0]), lineColorSpace='rgb', lineRGB=UNKNOWN, lineWidth=1, name='target_square_2', opacity=0.5, ori=0.0, pos=array([0., 0.]), size=array([0.15, 0.15]), units='height', vertices=ndarray(...), win=Window(...))
35.8912 	EXP 	Created fixation_3 = TextStim(__class__=<class 'psychopy.visual.text.TextStim'>, alignHoriz=method-wrapper(...), alignText='center', alignVert=method-wrapper(...), anchorHoriz='center', anchorVert='center', antialias=True, autoLog=True, bold=False, color=array([1, 1, 1]), colorSpace='rgb', contrast=1.0, depth=-2.0, flipHoriz=False, flipVert=False, font='Arial', fontFiles=[], height=0.05, italic=False, languageStyle='LTR', name='fixation_3', opacity=1, ori=0, pos=array([0., 0.]), rgb=UNKNOWN, text='+', units='height', win=Window(...), wrapWidth=1)
35.8920 	EXP 	window1: mouseVisible = True
35.8987 	EXP 	window1: mouseVisible = False
35.8992 	EXP 	Created sequence: sequential, trialTypes=2, nReps=1, seed=None
35.8997 	EXP 	New trial (rep=0, index=0): OrderedDict([('RestT1', 1), ('TaskT1', 0)])
35.9003 	EXP 	Created sequence: random, trialTypes=1, nReps=1, seed=None
35.9005 	EXP 	New trial (rep=0, index=0): None
35.9277 	EXP 	Created unnamed TextStim = TextStim(__class__=<class 'psychopy.visual.text.TextStim'>, alignHoriz=method-wrapper(...), alignText='center', alignVert=method-wrapper(...), anchorHoriz='center', anchorVert='center', antialias=True, autoLog=True, bold=False, color=array([-0.5, -0.5, -0.5]), colorSpace='rgb', contrast=1.0, depth=0, flipHoriz=False, flipVert=False, font='', fontFiles=[], height=0.05, italic=False, languageStyle='LTR', name='unnamed TextStim', opacity=1.0, ori=0.0, pos=array([0., 0.]), rgb=UNKNOWN, text=str(...), units='height', win=Window(...), wrapWidth=1)
53.1721 	DATA 	Keypress: s
53.2181 	EXP 	fixation_2: autoDraw = True
311.2056 	EXP 	Created unnamed TextStim = TextStim(__class__=<class 'psychopy.visual.text.TextStim'>, alignHoriz=method-wrapper(...), alignText='center', alignVert=method-wrapper(...), anchorHoriz='center', anchorVert='center', antialias=True, autoLog=True, bold=False, color=array([1., 1., 1.]), colorSpace='rgb', contrast=1.0, depth=0, flipHoriz=False, flipVert=False, font='', fontFiles=[], height=0.05, italic=False, languageStyle='LTR', name='unnamed TextStim', opacity=1.0, ori=0.0, pos=array([0., 0.]), rgb=UNKNOWN, text=str(...), units='height', win=Window(...), wrapWidth=1)
311.2202 	EXP 	fixation_2: autoDraw = False
347.8605 	DATA 	Keypress: e
347.8613 	EXP 	Created sequence: random, trialTypes=1, nReps=0, seed=None
347.8616 	EXP 	New trial (rep=0, index=1): OrderedDict([('RestT1', 0), ('TaskT1', 1)])
347.8620 	EXP 	Created sequence: random, trialTypes=1, nReps=0, seed=None
347.8624 	EXP 	Created sequence: random, trialTypes=1, nReps=1, seed=None
347.8626 	EXP 	New trial (rep=0, index=0): None
347.8706 	EXP 	Nbackinstructions: autoDraw = True
408.5450 	EXP 	Created unnamed TextStim = TextStim(__class__=<class 'psychopy.visual.text.TextStim'>, alignHoriz=method-wrapper(...), alignText='center', alignVert=method-wrapper(...), anchorHoriz='center', anchorVert='center', antialias=True, autoLog=True, bold=False, color=array([-0.5, -0.5, -0.5]), colorSpace='rgb', contrast=1.0, depth=0, flipHoriz=False, flipVert=False, font='', fontFiles=[], height=0.05, italic=False, languageStyle='LTR', name='unnamed TextStim', opacity=1.0, ori=0.0, pos=array([0., 0.]), rgb=UNKNOWN, text=str(...), units='height', win=Window(...), wrapWidth=1)
408.5468 	DATA 	Keypress: space
408.5544 	EXP 	Nbackinstructions: autoDraw = False
409.9006 	DATA 	Keypress: s
409.9579 	EXP 	Imported c:\Users\Dartmouth\Documents\GitHub\canlab\WASABI_public\fMRI Tasks\WASABI Task-T1\N-back-2.xlsx as conditions, 120 conditions, 3 params
409.9586 	EXP 	Created sequence: sequential, trialTypes=120, nReps=1, seed=None
409.9589 	EXP 	New trial (rep=0, index=0): {'square': 5, 'location': [0, 0], 'corrAns': None}
409.9594 	EXP 	window1: mouseVisible = False
409.9710 	EXP 	fixation_2: autoDraw = False
409.9710 	EXP 	target_square_2: pos = array([0., 0.])
409.9710 	EXP 	grid_lines_2: autoDraw = True
409.9710 	EXP 	target_square_2: autoDraw = True
410.9544 	EXP 	fixation_3: autoDraw = True
410.9711 	EXP 	target_square_2: autoDraw = False
411.5423 	EXP 	New trial (rep=0, index=1): {'square': 2, 'location': [0, 0.2], 'corrAns': None}
411.5428 	EXP 	window1: mouseVisible = False
411.5544 	EXP 	grid_lines_2: autoDraw = False
411.5544 	EXP 	target_square_2: autoDraw = False
411.5544 	EXP 	fixation_3: autoDraw = False
411.5544 	EXP 	target_square_2: pos = array([0. , 0.2])
411.5544 	EXP 	grid_lines_2: autoDraw = True
411.5544 	EXP 	target_square_2: autoDraw = True
412.5378 	EXP 	fixation_3: autoDraw = True
412.5544 	EXP 	target_square_2: autoDraw = False
413.5378 	EXP 	fixation_3: autoDraw = False
413.5415 	EXP 	New trial (rep=0, index=2): {'square': 6, 'location': [0.2, 0], 'corrAns': None}
413.5419 	EXP 	window1: mouseVisible = False
413.5545 	EXP 	grid_lines_2: autoDraw = False
413.5545 	EXP 	target_square_2: autoDraw = False
413.5545 	EXP 	fixation_3: autoDraw = False
413.5545 	EXP 	target_square_2: pos = array([0.2, 0. ])
413.5545 	EXP 	grid_lines_2: autoDraw = True
413.5545 	EXP 	target_square_2: autoDraw = True
414.5378 	EXP 	fixation_3: autoDraw = True
414.5545 	EXP 	target_square_2: autoDraw = False
415.5378 	EXP 	fixation_3: autoDraw = False
415.5415 	EXP 	New trial (rep=0, index=3): {'square': 9, 'location': [0.2, -0.2], 'corrAns': None}
415.5420 	EXP 	window1: mouseVisible = False
415.5545 	EXP 	grid_lines_2: autoDraw = False
415.5545 	EXP 	target_square_2: autoDraw = False
415.5545 	EXP 	fixation_3: autoDraw = False
415.5545 	EXP 	target_square_2: pos = array([ 0.2, -0.2])
415.5545 	EXP 	grid_lines_2: autoDraw = True
415.5545 	EXP 	target_square_2: autoDraw = True
416.5377 	EXP 	fixation_3: autoDraw = True
416.5545 	EXP 	target_square_2: autoDraw = False
417.5378 	EXP 	fixation_3: autoDraw = False
417.5415 	EXP 	New trial (rep=0, index=4): {'square': 3, 'location': [0.2, 0.2], 'corrAns': None}
417.5420 	EXP 	window1: mouseVisible = False
417.5545 	EXP 	grid_lines_2: autoDraw = False
417.5545 	EXP 	target_square_2: autoDraw = False
417.5545 	EXP 	fixation_3: autoDraw = False
417.5545 	EXP 	target_square_2: pos = array([0.2, 0.2])
417.5545 	EXP 	grid_lines_2: autoDraw = True
417.5545 	EXP 	target_square_2: autoDraw = True
418.5378 	EXP 	fixation_3: autoDraw = True
418.5545 	EXP 	target_square_2: autoDraw = False
419.5378 	EXP 	fixation_3: autoDraw = False
419.5416 	EXP 	New trial (rep=0, index=5): {'square': 9, 'location': [0.2, -0.2], 'corrAns': 1}
419.5420 	EXP 	window1: mouseVisible = False
419.5545 	EXP 	grid_lines_2: autoDraw = False
419.5545 	EXP 	target_square_2: autoDraw = False
419.5545 	EXP 	fixation_3: autoDraw = False
419.5545 	EXP 	target_square_2: pos = array([ 0.2, -0.2])
419.5545 	EXP 	grid_lines_2: autoDraw = True
419.5545 	EXP 	target_square_2: autoDraw = True
420.5378 	EXP 	fixation_3: autoDraw = True
420.5545 	EXP 	target_square_2: autoDraw = False
420.9883 	DATA 	Mouse: Left button down, pos=(850,580)
421.2215 	DATA 	Mouse:  Left button up, pos=(850,580)
421.5378 	EXP 	fixation_3: autoDraw = False
421.5416 	EXP 	New trial (rep=0, index=6): {'square': 7, 'location': [-0.2, -0.2], 'corrAns': None}
421.5421 	EXP 	window1: mouseVisible = False
421.5545 	EXP 	grid_lines_2: autoDraw = False
421.5545 	EXP 	target_square_2: autoDraw = False
421.5545 	EXP 	fixation_3: autoDraw = False
421.5545 	EXP 	target_square_2: pos = array([-0.2, -0.2])
421.5545 	EXP 	grid_lines_2: autoDraw = True
421.5545 	EXP 	target_square_2: autoDraw = True
422.5379 	EXP 	fixation_3: autoDraw = True
422.5545 	EXP 	target_square_2: autoDraw = False
423.5379 	EXP 	fixation_3: autoDraw = False
423.5415 	EXP 	New trial (rep=0, index=7): {'square': 1, 'location': [-0.2, 0.2], 'corrAns': None}
423.5419 	EXP 	window1: mouseVisible = False
423.5545 	EXP 	grid_lines_2: autoDraw = False
423.5545 	EXP 	target_square_2: autoDraw = False
423.5545 	EXP 	fixation_3: autoDraw = False
423.5545 	EXP 	target_square_2: pos = array([-0.2,  0.2])
423.5545 	EXP 	grid_lines_2: autoDraw = True
423.5545 	EXP 	target_square_2: autoDraw = True
424.5379 	EXP 	fixation_3: autoDraw = True
424.5545 	EXP 	target_square_2: autoDraw = False
425.5378 	EXP 	fixation_3: autoDraw = False
425.5414 	EXP 	New trial (rep=0, index=8): {'square': 5, 'location': [0, 0], 'corrAns': None}
425.5418 	EXP 	window1: mouseVisible = False
425.5546 	EXP 	grid_lines_2: autoDraw = False
425.5546 	EXP 	target_square_2: autoDraw = False
425.5546 	EXP 	fixation_3: autoDraw = False
425.5546 	EXP 	target_square_2: pos = array([0., 0.])
425.5546 	EXP 	grid_lines_2: autoDraw = True
425.5546 	EXP 	target_square_2: autoDraw = True
426.5379 	EXP 	fixation_3: autoDraw = True
426.5546 	EXP 	target_square_2: autoDraw = False
427.5379 	EXP 	fixation_3: autoDraw = False
427.5416 	EXP 	New trial (rep=0, index=9): {'square': 7, 'location': [-0.2, -0.2], 'corrAns': None}
427.5421 	EXP 	window1: mouseVisible = False
427.5546 	EXP 	grid_lines_2: autoDraw = False
427.5546 	EXP 	target_square_2: autoDraw = False
427.5546 	EXP 	fixation_3: autoDraw = False
427.5546 	EXP 	target_square_2: pos = array([-0.2, -0.2])
427.5546 	EXP 	grid_lines_2: autoDraw = True
427.5546 	EXP 	target_square_2: autoDraw = True
428.4216 	DATA 	Mouse: Left button down, pos=(850,580)
428.5379 	EXP 	fixation_3: autoDraw = True
428.5546 	EXP 	target_square_2: autoDraw = False
428.6641 	DATA 	Mouse:  Left button up, pos=(850,580)
429.5379 	EXP 	fixation_3: autoDraw = False
429.5416 	EXP 	New trial (rep=0, index=10): {'square': 5, 'location': [0, 0], 'corrAns': 1}
429.5420 	EXP 	window1: mouseVisible = False
429.5546 	EXP 	grid_lines_2: autoDraw = False
429.5546 	EXP 	target_square_2: autoDraw = False
429.5546 	EXP 	fixation_3: autoDraw = False
429.5546 	EXP 	target_square_2: pos = array([0., 0.])
429.5546 	EXP 	grid_lines_2: autoDraw = True
429.5546 	EXP 	target_square_2: autoDraw = True
430.4049 	DATA 	Mouse: Left button down, pos=(850,580)
430.5379 	EXP 	fixation_3: autoDraw = True
430.5546 	EXP 	target_square_2: autoDraw = False
430.5811 	DATA 	Mouse:  Left button up, pos=(850,580)
431.5379 	EXP 	fixation_3: autoDraw = False
431.5416 	EXP 	New trial (rep=0, index=11): {'square': 6, 'location': [0.2, 0], 'corrAns': None}
431.5421 	EXP 	window1: mouseVisible = False
431.5546 	EXP 	grid_lines_2: autoDraw = False
431.5546 	EXP 	target_square_2: autoDraw = False
431.5546 	EXP 	fixation_3: autoDraw = False
431.5546 	EXP 	target_square_2: pos = array([0.2, 0. ])
431.5546 	EXP 	grid_lines_2: autoDraw = True
431.5546 	EXP 	target_square_2: autoDraw = True
432.5380 	EXP 	fixation_3: autoDraw = True
432.5546 	EXP 	target_square_2: autoDraw = False
433.5379 	EXP 	fixation_3: autoDraw = False
433.5417 	EXP 	New trial (rep=0, index=12): {'square': 3, 'location': [0.2, 0.2], 'corrAns': None}
433.5422 	EXP 	window1: mouseVisible = False
433.5546 	EXP 	grid_lines_2: autoDraw = False
433.5546 	EXP 	target_square_2: autoDraw = False
433.5546 	EXP 	fixation_3: autoDraw = False
433.5546 	EXP 	target_square_2: pos = array([0.2, 0.2])
433.5546 	EXP 	grid_lines_2: autoDraw = True
433.5546 	EXP 	target_square_2: autoDraw = True
434.5380 	EXP 	fixation_3: autoDraw = True
434.5546 	EXP 	target_square_2: autoDraw = False
435.5379 	EXP 	fixation_3: autoDraw = False
435.5417 	EXP 	New trial (rep=0, index=13): {'square': 6, 'location': [0.2, 0], 'corrAns': 1}
435.5422 	EXP 	window1: mouseVisible = False
435.5546 	EXP 	grid_lines_2: autoDraw = False
435.5546 	EXP 	target_square_2: autoDraw = False
435.5546 	EXP 	fixation_3: autoDraw = False
435.5546 	EXP 	target_square_2: pos = array([0.2, 0. ])
435.5546 	EXP 	grid_lines_2: autoDraw = True
435.5546 	EXP 	target_square_2: autoDraw = True
436.1717 	DATA 	Mouse: Left button down, pos=(850,580)
436.3633 	DATA 	Mouse:  Left button up, pos=(850,580)
436.5380 	EXP 	fixation_3: autoDraw = True
436.5546 	EXP 	target_square_2: autoDraw = False
437.5380 	EXP 	fixation_3: autoDraw = False
437.5416 	EXP 	New trial (rep=0, index=14): {'square': 8, 'location': [0, -0.2], 'corrAns': None}
437.5421 	EXP 	window1: mouseVisible = False
437.5547 	EXP 	grid_lines_2: autoDraw = False
437.5547 	EXP 	target_square_2: autoDraw = False
437.5547 	EXP 	fixation_3: autoDraw = False
437.5547 	EXP 	target_square_2: pos = array([ 0. , -0.2])
437.5547 	EXP 	grid_lines_2: autoDraw = True
437.5547 	EXP 	target_square_2: autoDraw = True
438.5380 	EXP 	fixation_3: autoDraw = True
438.5547 	EXP 	target_square_2: autoDraw = False
439.5380 	EXP 	fixation_3: autoDraw = False
439.5418 	EXP 	New trial (rep=0, index=15): {'square': 9, 'location': [0.2, -0.2], 'corrAns': None}
439.5423 	EXP 	window1: mouseVisible = False
439.5547 	EXP 	grid_lines_2: autoDraw = False
439.5547 	EXP 	target_square_2: autoDraw = False
439.5547 	EXP 	fixation_3: autoDraw = False
439.5547 	EXP 	target_square_2: pos = array([ 0.2, -0.2])
439.5547 	EXP 	grid_lines_2: autoDraw = True
439.5547 	EXP 	target_square_2: autoDraw = True
440.5380 	EXP 	fixation_3: autoDraw = True
440.5547 	EXP 	target_square_2: autoDraw = False
441.5380 	EXP 	fixation_3: autoDraw = False
441.5416 	EXP 	New trial (rep=0, index=16): {'square': 9, 'location': [0.2, -0.2], 'corrAns': None}
441.5421 	EXP 	window1: mouseVisible = False
441.5547 	EXP 	grid_lines_2: autoDraw = False
441.5547 	EXP 	target_square_2: autoDraw = False
441.5547 	EXP 	fixation_3: autoDraw = False
441.5547 	EXP 	target_square_2: pos = array([ 0.2, -0.2])
441.5547 	EXP 	grid_lines_2: autoDraw = True
441.5547 	EXP 	target_square_2: autoDraw = True
442.5380 	EXP 	fixation_3: autoDraw = True
442.5547 	EXP 	target_square_2: autoDraw = False
443.5380 	EXP 	fixation_3: autoDraw = False
443.5418 	EXP 	New trial (rep=0, index=17): {'square': 1, 'location': [-0.2, 0.2], 'corrAns': None}
443.5423 	EXP 	window1: mouseVisible = False
443.5547 	EXP 	grid_lines_2: autoDraw = False
443.5547 	EXP 	target_square_2: autoDraw = False
443.5547 	EXP 	fixation_3: autoDraw = False
443.5547 	EXP 	target_square_2: pos = array([-0.2,  0.2])
443.5547 	EXP 	grid_lines_2: autoDraw = True
443.5547 	EXP 	target_square_2: autoDraw = True
444.5380 	EXP 	fixation_3: autoDraw = True
444.5547 	EXP 	target_square_2: autoDraw = False
445.5380 	EXP 	fixation_3: autoDraw = False
445.5417 	EXP 	New trial (rep=0, index=18): {'square': 3, 'location': [0.2, 0.2], 'corrAns': None}
445.5422 	EXP 	window1: mouseVisible = False
445.5547 	EXP 	grid_lines_2: autoDraw = False
445.5547 	EXP 	target_square_2: autoDraw = False
445.5547 	EXP 	fixation_3: autoDraw = False
445.5547 	EXP 	target_square_2: pos = array([0.2, 0.2])
445.5547 	EXP 	grid_lines_2: autoDraw = True
445.5547 	EXP 	target_square_2: autoDraw = True
446.5381 	EXP 	fixation_3: autoDraw = True
446.5547 	EXP 	target_square_2: autoDraw = False
447.5381 	EXP 	fixation_3: autoDraw = False
447.5418 	EXP 	New trial (rep=0, index=19): {'square': 5, 'location': [0, 0], 'corrAns': None}
447.5423 	EXP 	window1: mouseVisible = False
447.5547 	EXP 	grid_lines_2: autoDraw = False
447.5547 	EXP 	target_square_2: autoDraw = False
447.5547 	EXP 	fixation_3: autoDraw = False
447.5547 	EXP 	target_square_2: pos = array([0., 0.])
447.5547 	EXP 	grid_lines_2: autoDraw = True
447.5547 	EXP 	target_square_2: autoDraw = True
448.5381 	EXP 	fixation_3: autoDraw = True
448.5547 	EXP 	target_square_2: autoDraw = False
449.5381 	EXP 	fixation_3: autoDraw = False
449.5419 	EXP 	New trial (rep=0, index=20): {'square': 3, 'location': [0.2, 0.2], 'corrAns': 1}
449.5425 	EXP 	window1: mouseVisible = False
449.5547 	EXP 	grid_lines_2: autoDraw = False
449.5547 	EXP 	target_square_2: autoDraw = False
449.5547 	EXP 	fixation_3: autoDraw = False
449.5547 	EXP 	target_square_2: pos = array([0.2, 0.2])
449.5547 	EXP 	grid_lines_2: autoDraw = True
449.5547 	EXP 	target_square_2: autoDraw = True
450.1885 	DATA 	Mouse: Left button down, pos=(850,580)
450.4217 	DATA 	Mouse:  Left button up, pos=(850,580)
450.5381 	EXP 	fixation_3: autoDraw = True
450.5548 	EXP 	target_square_2: autoDraw = False
451.5381 	EXP 	fixation_3: autoDraw = False
451.5419 	EXP 	New trial (rep=0, index=21): {'square': 4, 'location': [-0.2, 0], 'corrAns': None}
451.5424 	EXP 	window1: mouseVisible = False
451.5548 	EXP 	grid_lines_2: autoDraw = False
451.5548 	EXP 	target_square_2: autoDraw = False
451.5548 	EXP 	fixation_3: autoDraw = False
451.5548 	EXP 	target_square_2: pos = array([-0.2,  0. ])
451.5548 	EXP 	grid_lines_2: autoDraw = True
451.5548 	EXP 	target_square_2: autoDraw = True
452.5381 	EXP 	fixation_3: autoDraw = True
452.5548 	EXP 	target_square_2: autoDraw = False
453.5381 	EXP 	fixation_3: autoDraw = False
453.5419 	EXP 	New trial (rep=0, index=22): {'square': 7, 'location': [-0.2, -0.2], 'corrAns': None}
453.5424 	EXP 	window1: mouseVisible = False
453.5548 	EXP 	grid_lines_2: autoDraw = False
453.5548 	EXP 	target_square_2: autoDraw = False
453.5548 	EXP 	fixation_3: autoDraw = False
453.5548 	EXP 	target_square_2: pos = array([-0.2, -0.2])
453.5548 	EXP 	grid_lines_2: autoDraw = True
453.5548 	EXP 	target_square_2: autoDraw = True
454.5381 	EXP 	fixation_3: autoDraw = True
454.5548 	EXP 	target_square_2: autoDraw = False
455.5381 	EXP 	fixation_3: autoDraw = False
455.5419 	EXP 	New trial (rep=0, index=23): {'square': 4, 'location': [-0.2, 0], 'corrAns': 1}
455.5424 	EXP 	window1: mouseVisible = False
455.5548 	EXP 	grid_lines_2: autoDraw = False
455.5548 	EXP 	target_square_2: autoDraw = False
455.5548 	EXP 	fixation_3: autoDraw = False
455.5548 	EXP 	target_square_2: pos = array([-0.2,  0. ])
455.5548 	EXP 	grid_lines_2: autoDraw = True
455.5548 	EXP 	target_square_2: autoDraw = True
456.0219 	DATA 	Mouse: Left button down, pos=(850,580)
456.1973 	DATA 	Mouse:  Left button up, pos=(850,580)
456.5382 	EXP 	fixation_3: autoDraw = True
456.5548 	EXP 	target_square_2: autoDraw = False
457.5382 	EXP 	fixation_3: autoDraw = False
457.5420 	EXP 	New trial (rep=0, index=24): {'square': 4, 'location': [-0.2, 0], 'corrAns': None}
457.5425 	EXP 	window1: mouseVisible = False
457.5548 	EXP 	grid_lines_2: autoDraw = False
457.5548 	EXP 	target_square_2: autoDraw = False
457.5548 	EXP 	fixation_3: autoDraw = False
457.5548 	EXP 	target_square_2: pos = array([-0.2,  0. ])
457.5548 	EXP 	grid_lines_2: autoDraw = True
457.5548 	EXP 	target_square_2: autoDraw = True
458.5381 	EXP 	fixation_3: autoDraw = True
458.5548 	EXP 	target_square_2: autoDraw = False
459.5382 	EXP 	fixation_3: autoDraw = False
459.5419 	EXP 	New trial (rep=0, index=25): {'square': 5, 'location': [0, 0], 'corrAns': None}
459.5428 	EXP 	window1: mouseVisible = False
459.5548 	EXP 	grid_lines_2: autoDraw = False
459.5548 	EXP 	target_square_2: autoDraw = False
459.5548 	EXP 	fixation_3: autoDraw = False
459.5548 	EXP 	target_square_2: pos = array([0., 0.])
459.5548 	EXP 	grid_lines_2: autoDraw = True
459.5548 	EXP 	target_square_2: autoDraw = True
460.5382 	EXP 	fixation_3: autoDraw = True
460.5548 	EXP 	target_square_2: autoDraw = False
461.5382 	EXP 	fixation_3: autoDraw = False
461.5420 	EXP 	New trial (rep=0, index=26): {'square': 2, 'location': [0, 0.2], 'corrAns': None}
461.5425 	EXP 	window1: mouseVisible = False
461.5548 	EXP 	grid_lines_2: autoDraw = False
461.5548 	EXP 	target_square_2: autoDraw = False
461.5548 	EXP 	fixation_3: autoDraw = False
461.5548 	EXP 	target_square_2: pos = array([0. , 0.2])
461.5548 	EXP 	grid_lines_2: autoDraw = True
461.5548 	EXP 	target_square_2: autoDraw = True
462.5382 	EXP 	fixation_3: autoDraw = True
462.5549 	EXP 	target_square_2: autoDraw = False
463.5382 	EXP 	fixation_3: autoDraw = False
463.5420 	EXP 	New trial (rep=0, index=27): {'square': 6, 'location': [0.2, 0], 'corrAns': None}
463.5425 	EXP 	window1: mouseVisible = False
463.5549 	EXP 	grid_lines_2: autoDraw = False
463.5549 	EXP 	target_square_2: autoDraw = False
463.5549 	EXP 	fixation_3: autoDraw = False
463.5549 	EXP 	target_square_2: pos = array([0.2, 0. ])
463.5549 	EXP 	grid_lines_2: autoDraw = True
463.5549 	EXP 	target_square_2: autoDraw = True
464.5382 	EXP 	fixation_3: autoDraw = True
464.5549 	EXP 	target_square_2: autoDraw = False
465.5382 	EXP 	fixation_3: autoDraw = False
465.5419 	EXP 	New trial (rep=0, index=28): {'square': 7, 'location': [-0.2, -0.2], 'corrAns': None}
465.5424 	EXP 	window1: mouseVisible = False
465.5548 	EXP 	grid_lines_2: autoDraw = False
465.5548 	EXP 	target_square_2: autoDraw = False
465.5548 	EXP 	fixation_3: autoDraw = False
465.5548 	EXP 	target_square_2: pos = array([-0.2, -0.2])
465.5548 	EXP 	grid_lines_2: autoDraw = True
465.5548 	EXP 	target_square_2: autoDraw = True
466.5383 	EXP 	fixation_3: autoDraw = True
466.5549 	EXP 	target_square_2: autoDraw = False
467.5382 	EXP 	fixation_3: autoDraw = False
467.5422 	EXP 	New trial (rep=0, index=29): {'square': 6, 'location': [0.2, 0], 'corrAns': 1}
467.5427 	EXP 	window1: mouseVisible = False
467.5549 	EXP 	grid_lines_2: autoDraw = False
467.5549 	EXP 	target_square_2: autoDraw = False
467.5549 	EXP 	fixation_3: autoDraw = False
467.5549 	EXP 	target_square_2: pos = array([0.2, 0. ])
467.5549 	EXP 	grid_lines_2: autoDraw = True
467.5549 	EXP 	target_square_2: autoDraw = True
468.3220 	DATA 	Mouse: Left button down, pos=(850,580)
468.5219 	DATA 	Mouse:  Left button up, pos=(850,580)
468.5382 	EXP 	fixation_3: autoDraw = True
468.5549 	EXP 	target_square_2: autoDraw = False
469.5382 	EXP 	fixation_3: autoDraw = False
469.5419 	EXP 	New trial (rep=0, index=30): {'square': 6, 'location': [0.2, 0], 'corrAns': None}
469.5426 	EXP 	window1: mouseVisible = False
469.5548 	EXP 	grid_lines_2: autoDraw = False
469.5548 	EXP 	target_square_2: autoDraw = False
469.5548 	EXP 	fixation_3: autoDraw = False
469.5548 	EXP 	target_square_2: pos = array([0.2, 0. ])
469.5548 	EXP 	grid_lines_2: autoDraw = True
469.5548 	EXP 	target_square_2: autoDraw = True
470.5382 	EXP 	fixation_3: autoDraw = True
470.5549 	EXP 	target_square_2: autoDraw = False
471.5383 	EXP 	fixation_3: autoDraw = False
471.5420 	EXP 	New trial (rep=0, index=31): {'square': 7, 'location': [-0.2, -0.2], 'corrAns': None}
471.5425 	EXP 	window1: mouseVisible = False
471.5549 	EXP 	grid_lines_2: autoDraw = False
471.5549 	EXP 	target_square_2: autoDraw = False
471.5549 	EXP 	fixation_3: autoDraw = False
471.5549 	EXP 	target_square_2: pos = array([-0.2, -0.2])
471.5549 	EXP 	grid_lines_2: autoDraw = True
471.5549 	EXP 	target_square_2: autoDraw = True
472.5383 	EXP 	fixation_3: autoDraw = True
472.5549 	EXP 	target_square_2: autoDraw = False
472.9220 	DATA 	Mouse: Left button down, pos=(850,580)
473.0981 	DATA 	Mouse:  Left button up, pos=(850,580)
473.5383 	EXP 	fixation_3: autoDraw = False
473.5420 	EXP 	New trial (rep=0, index=32): {'square': 6, 'location': [0.2, 0], 'corrAns': 1}
473.5424 	EXP 	window1: mouseVisible = False
473.5550 	EXP 	grid_lines_2: autoDraw = False
473.5550 	EXP 	target_square_2: autoDraw = False
473.5550 	EXP 	fixation_3: autoDraw = False
473.5550 	EXP 	target_square_2: pos = array([0.2, 0. ])
473.5550 	EXP 	grid_lines_2: autoDraw = True
473.5550 	EXP 	target_square_2: autoDraw = True
474.5383 	EXP 	fixation_3: autoDraw = True
474.5550 	EXP 	target_square_2: autoDraw = False
475.5383 	EXP 	fixation_3: autoDraw = False
475.5419 	EXP 	New trial (rep=0, index=33): {'square': 2, 'location': [0, 0.2], 'corrAns': None}
475.5424 	EXP 	window1: mouseVisible = False
475.5550 	EXP 	grid_lines_2: autoDraw = False
475.5550 	EXP 	target_square_2: autoDraw = False
475.5550 	EXP 	fixation_3: autoDraw = False
475.5550 	EXP 	target_square_2: pos = array([0. , 0.2])
475.5550 	EXP 	grid_lines_2: autoDraw = True
475.5550 	EXP 	target_square_2: autoDraw = True
476.5383 	EXP 	fixation_3: autoDraw = True
476.5550 	EXP 	target_square_2: autoDraw = False
477.5383 	EXP 	fixation_3: autoDraw = False
477.5419 	EXP 	New trial (rep=0, index=34): {'square': 5, 'location': [0, 0], 'corrAns': None}
477.5424 	EXP 	window1: mouseVisible = False
477.5550 	EXP 	grid_lines_2: autoDraw = False
477.5550 	EXP 	target_square_2: autoDraw = False
477.5550 	EXP 	fixation_3: autoDraw = False
477.5550 	EXP 	target_square_2: pos = array([0., 0.])
477.5550 	EXP 	grid_lines_2: autoDraw = True
477.5550 	EXP 	target_square_2: autoDraw = True
478.5383 	EXP 	fixation_3: autoDraw = True
478.5550 	EXP 	target_square_2: autoDraw = False
479.5383 	EXP 	fixation_3: autoDraw = False
479.5420 	EXP 	New trial (rep=0, index=35): {'square': 4, 'location': [-0.2, 0], 'corrAns': None}
479.5426 	EXP 	window1: mouseVisible = False
479.5550 	EXP 	grid_lines_2: autoDraw = False
479.5550 	EXP 	target_square_2: autoDraw = False
479.5550 	EXP 	fixation_3: autoDraw = False
479.5550 	EXP 	target_square_2: pos = array([-0.2,  0. ])
479.5550 	EXP 	grid_lines_2: autoDraw = True
479.5550 	EXP 	target_square_2: autoDraw = True
480.5383 	EXP 	fixation_3: autoDraw = True
480.5550 	EXP 	target_square_2: autoDraw = False
481.5384 	EXP 	fixation_3: autoDraw = False
481.5421 	EXP 	New trial (rep=0, index=36): {'square': 4, 'location': [-0.2, 0], 'corrAns': None}
481.5426 	EXP 	window1: mouseVisible = False
481.5550 	EXP 	grid_lines_2: autoDraw = False
481.5550 	EXP 	target_square_2: autoDraw = False
481.5550 	EXP 	fixation_3: autoDraw = False
481.5550 	EXP 	target_square_2: pos = array([-0.2,  0. ])
481.5550 	EXP 	grid_lines_2: autoDraw = True
481.5550 	EXP 	target_square_2: autoDraw = True
482.5384 	EXP 	fixation_3: autoDraw = True
482.5550 	EXP 	target_square_2: autoDraw = False
483.5384 	EXP 	fixation_3: autoDraw = False
483.5421 	EXP 	New trial (rep=0, index=37): {'square': 7, 'location': [-0.2, -0.2], 'corrAns': None}
483.5426 	EXP 	window1: mouseVisible = False
483.5550 	EXP 	grid_lines_2: autoDraw = False
483.5550 	EXP 	target_square_2: autoDraw = False
483.5550 	EXP 	fixation_3: autoDraw = False
483.5550 	EXP 	target_square_2: pos = array([-0.2, -0.2])
483.5550 	EXP 	grid_lines_2: autoDraw = True
483.5550 	EXP 	target_square_2: autoDraw = True
484.5384 	EXP 	fixation_3: autoDraw = True
484.5550 	EXP 	target_square_2: autoDraw = False
485.5384 	EXP 	fixation_3: autoDraw = False
485.5423 	EXP 	New trial (rep=0, index=38): {'square': 4, 'location': [-0.2, 0], 'corrAns': 1}
485.5428 	EXP 	window1: mouseVisible = False
485.5551 	EXP 	grid_lines_2: autoDraw = False
485.5551 	EXP 	target_square_2: autoDraw = False
485.5551 	EXP 	fixation_3: autoDraw = False
485.5551 	EXP 	target_square_2: pos = array([-0.2,  0. ])
485.5551 	EXP 	grid_lines_2: autoDraw = True
485.5551 	EXP 	target_square_2: autoDraw = True
486.5384 	EXP 	fixation_3: autoDraw = True
486.5551 	EXP 	target_square_2: autoDraw = False
487.5384 	EXP 	fixation_3: autoDraw = False
487.5420 	EXP 	New trial (rep=0, index=39): {'square': 3, 'location': [0.2, 0.2], 'corrAns': None}
487.5425 	EXP 	window1: mouseVisible = False
487.5551 	EXP 	grid_lines_2: autoDraw = False
487.5551 	EXP 	target_square_2: autoDraw = False
487.5551 	EXP 	fixation_3: autoDraw = False
487.5551 	EXP 	target_square_2: pos = array([0.2, 0.2])
487.5551 	EXP 	grid_lines_2: autoDraw = True
487.5551 	EXP 	target_square_2: autoDraw = True
488.5384 	EXP 	fixation_3: autoDraw = True
488.5551 	EXP 	target_square_2: autoDraw = False
489.5384 	EXP 	fixation_3: autoDraw = False
489.5421 	EXP 	New trial (rep=0, index=40): {'square': 5, 'location': [0, 0], 'corrAns': None}
489.5426 	EXP 	window1: mouseVisible = False
489.5551 	EXP 	grid_lines_2: autoDraw = False
489.5551 	EXP 	target_square_2: autoDraw = False
489.5551 	EXP 	fixation_3: autoDraw = False
489.5551 	EXP 	target_square_2: pos = array([0., 0.])
489.5551 	EXP 	grid_lines_2: autoDraw = True
489.5551 	EXP 	target_square_2: autoDraw = True
490.5384 	EXP 	fixation_3: autoDraw = True
490.5551 	EXP 	target_square_2: autoDraw = False
491.5383 	EXP 	fixation_3: autoDraw = False
491.5420 	EXP 	New trial (rep=0, index=41): {'square': 3, 'location': [0.2, 0.2], 'corrAns': 1}
491.5425 	EXP 	window1: mouseVisible = False
491.5551 	EXP 	grid_lines_2: autoDraw = False
491.5551 	EXP 	target_square_2: autoDraw = False
491.5551 	EXP 	fixation_3: autoDraw = False
491.5551 	EXP 	target_square_2: pos = array([0.2, 0.2])
491.5551 	EXP 	grid_lines_2: autoDraw = True
491.5551 	EXP 	target_square_2: autoDraw = True
491.8721 	DATA 	Mouse: Left button down, pos=(850,580)
492.0554 	DATA 	Mouse:  Left button up, pos=(850,580)
492.5384 	EXP 	fixation_3: autoDraw = True
492.5551 	EXP 	target_square_2: autoDraw = False
493.5385 	EXP 	fixation_3: autoDraw = False
493.5422 	EXP 	New trial (rep=0, index=42): {'square': 1, 'location': [-0.2, 0.2], 'corrAns': None}
493.5426 	EXP 	window1: mouseVisible = False
493.5551 	EXP 	grid_lines_2: autoDraw = False
493.5551 	EXP 	target_square_2: autoDraw = False
493.5551 	EXP 	fixation_3: autoDraw = False
493.5551 	EXP 	target_square_2: pos = array([-0.2,  0.2])
493.5551 	EXP 	grid_lines_2: autoDraw = True
493.5551 	EXP 	target_square_2: autoDraw = True
494.5385 	EXP 	fixation_3: autoDraw = True
494.5551 	EXP 	target_square_2: autoDraw = False
495.5384 	EXP 	fixation_3: autoDraw = False
495.5422 	EXP 	New trial (rep=0, index=43): {'square': 9, 'location': [0.2, -0.2], 'corrAns': None}
495.5427 	EXP 	window1: mouseVisible = False
495.5552 	EXP 	grid_lines_2: autoDraw = False
495.5552 	EXP 	target_square_2: autoDraw = False
495.5552 	EXP 	fixation_3: autoDraw = False
495.5552 	EXP 	target_square_2: pos = array([ 0.2, -0.2])
495.5552 	EXP 	grid_lines_2: autoDraw = True
495.5552 	EXP 	target_square_2: autoDraw = True
496.5385 	EXP 	fixation_3: autoDraw = True
496.5552 	EXP 	target_square_2: autoDraw = False
497.5385 	EXP 	fixation_3: autoDraw = False
497.5422 	EXP 	New trial (rep=0, index=44): {'square': 9, 'location': [0.2, -0.2], 'corrAns': None}
497.5427 	EXP 	window1: mouseVisible = False
497.5552 	EXP 	grid_lines_2: autoDraw = False
497.5552 	EXP 	target_square_2: autoDraw = False
497.5552 	EXP 	fixation_3: autoDraw = False
497.5552 	EXP 	target_square_2: pos = array([ 0.2, -0.2])
497.5552 	EXP 	grid_lines_2: autoDraw = True
497.5552 	EXP 	target_square_2: autoDraw = True
498.5385 	EXP 	fixation_3: autoDraw = True
498.5550 	EXP 	target_square_2: autoDraw = False
499.5385 	EXP 	fixation_3: autoDraw = False
499.5423 	EXP 	New trial (rep=0, index=45): {'square': 8, 'location': [0, -0.2], 'corrAns': None}
499.5429 	EXP 	window1: mouseVisible = False
499.5552 	EXP 	grid_lines_2: autoDraw = False
499.5552 	EXP 	target_square_2: autoDraw = False
499.5552 	EXP 	fixation_3: autoDraw = False
499.5552 	EXP 	target_square_2: pos = array([ 0. , -0.2])
499.5552 	EXP 	grid_lines_2: autoDraw = True
499.5552 	EXP 	target_square_2: autoDraw = True
500.5385 	EXP 	fixation_3: autoDraw = True
500.5552 	EXP 	target_square_2: autoDraw = False
501.5385 	EXP 	fixation_3: autoDraw = False
501.5422 	EXP 	New trial (rep=0, index=46): {'square': 6, 'location': [0.2, 0], 'corrAns': None}
501.5427 	EXP 	window1: mouseVisible = False
501.5552 	EXP 	grid_lines_2: autoDraw = False
501.5552 	EXP 	target_square_2: autoDraw = False
501.5552 	EXP 	fixation_3: autoDraw = False
501.5552 	EXP 	target_square_2: pos = array([0.2, 0. ])
501.5552 	EXP 	grid_lines_2: autoDraw = True
501.5552 	EXP 	target_square_2: autoDraw = True
502.5385 	EXP 	fixation_3: autoDraw = True
502.5552 	EXP 	target_square_2: autoDraw = False
503.5385 	EXP 	fixation_3: autoDraw = False
503.5423 	EXP 	New trial (rep=0, index=47): {'square': 3, 'location': [0.2, 0.2], 'corrAns': None}
503.5428 	EXP 	window1: mouseVisible = False
503.5552 	EXP 	grid_lines_2: autoDraw = False
503.5552 	EXP 	target_square_2: autoDraw = False
503.5552 	EXP 	fixation_3: autoDraw = False
503.5552 	EXP 	target_square_2: pos = array([0.2, 0.2])
503.5552 	EXP 	grid_lines_2: autoDraw = True
503.5552 	EXP 	target_square_2: autoDraw = True
504.5385 	EXP 	fixation_3: autoDraw = True
504.5552 	EXP 	target_square_2: autoDraw = False
505.5386 	EXP 	fixation_3: autoDraw = False
505.5424 	EXP 	New trial (rep=0, index=48): {'square': 6, 'location': [0.2, 0], 'corrAns': 1}
505.5428 	EXP 	window1: mouseVisible = False
505.5552 	EXP 	grid_lines_2: autoDraw = False
505.5552 	EXP 	target_square_2: autoDraw = False
505.5552 	EXP 	fixation_3: autoDraw = False
505.5552 	EXP 	target_square_2: pos = array([0.2, 0. ])
505.5552 	EXP 	grid_lines_2: autoDraw = True
505.5552 	EXP 	target_square_2: autoDraw = True
506.0888 	DATA 	Mouse: Left button down, pos=(850,580)
506.2722 	DATA 	Mouse:  Left button up, pos=(850,580)
506.5386 	EXP 	fixation_3: autoDraw = True
506.5552 	EXP 	target_square_2: autoDraw = False
507.5386 	EXP 	fixation_3: autoDraw = False
507.5423 	EXP 	New trial (rep=0, index=49): {'square': 5, 'location': [0, 0], 'corrAns': None}
507.5427 	EXP 	window1: mouseVisible = False
507.5552 	EXP 	grid_lines_2: autoDraw = False
507.5552 	EXP 	target_square_2: autoDraw = False
507.5552 	EXP 	fixation_3: autoDraw = False
507.5552 	EXP 	target_square_2: pos = array([0., 0.])
507.5552 	EXP 	grid_lines_2: autoDraw = True
507.5552 	EXP 	target_square_2: autoDraw = True
508.5386 	EXP 	fixation_3: autoDraw = True
508.5552 	EXP 	target_square_2: autoDraw = False
509.5386 	EXP 	fixation_3: autoDraw = False
509.5422 	EXP 	New trial (rep=0, index=50): {'square': 7, 'location': [-0.2, -0.2], 'corrAns': None}
509.5428 	EXP 	window1: mouseVisible = False
509.5553 	EXP 	grid_lines_2: autoDraw = False
509.5553 	EXP 	target_square_2: autoDraw = False
509.5553 	EXP 	fixation_3: autoDraw = False
509.5553 	EXP 	target_square_2: pos = array([-0.2, -0.2])
509.5553 	EXP 	grid_lines_2: autoDraw = True
509.5553 	EXP 	target_square_2: autoDraw = True
510.5386 	EXP 	fixation_3: autoDraw = True
510.5553 	EXP 	target_square_2: autoDraw = False
511.5386 	EXP 	fixation_3: autoDraw = False
511.5424 	EXP 	New trial (rep=0, index=51): {'square': 5, 'location': [0, 0], 'corrAns': 1}
511.5428 	EXP 	window1: mouseVisible = False
511.5553 	EXP 	grid_lines_2: autoDraw = False
511.5553 	EXP 	target_square_2: autoDraw = False
511.5553 	EXP 	fixation_3: autoDraw = False
511.5553 	EXP 	target_square_2: pos = array([0., 0.])
511.5553 	EXP 	grid_lines_2: autoDraw = True
511.5553 	EXP 	target_square_2: autoDraw = True
512.3246 	DATA 	Mouse: Left button down, pos=(849,580)
512.5143 	DATA 	Mouse:  Left button up, pos=(842,580)
512.5386 	EXP 	fixation_3: autoDraw = True
512.5553 	EXP 	target_square_2: autoDraw = False
513.5386 	EXP 	fixation_3: autoDraw = False
513.5423 	EXP 	New trial (rep=0, index=52): {'square': 1, 'location': [-0.2, 0.2], 'corrAns': None}
513.5428 	EXP 	window1: mouseVisible = False
513.5553 	EXP 	grid_lines_2: autoDraw = False
513.5553 	EXP 	target_square_2: autoDraw = False
513.5553 	EXP 	fixation_3: autoDraw = False
513.5553 	EXP 	target_square_2: pos = array([-0.2,  0.2])
513.5553 	EXP 	grid_lines_2: autoDraw = True
513.5553 	EXP 	target_square_2: autoDraw = True
514.5386 	EXP 	fixation_3: autoDraw = True
514.5553 	EXP 	target_square_2: autoDraw = False
515.5386 	EXP 	fixation_3: autoDraw = False
515.5423 	EXP 	New trial (rep=0, index=53): {'square': 7, 'location': [-0.2, -0.2], 'corrAns': None}
515.5427 	EXP 	window1: mouseVisible = False
515.5553 	EXP 	grid_lines_2: autoDraw = False
515.5553 	EXP 	target_square_2: autoDraw = False
515.5553 	EXP 	fixation_3: autoDraw = False
515.5553 	EXP 	target_square_2: pos = array([-0.2, -0.2])
515.5553 	EXP 	grid_lines_2: autoDraw = True
515.5553 	EXP 	target_square_2: autoDraw = True
516.5386 	EXP 	fixation_3: autoDraw = True
516.5553 	EXP 	target_square_2: autoDraw = False
517.5387 	EXP 	fixation_3: autoDraw = False
517.5424 	EXP 	New trial (rep=0, index=54): {'square': 9, 'location': [0.2, -0.2], 'corrAns': None}
517.5428 	EXP 	window1: mouseVisible = False
517.5553 	EXP 	grid_lines_2: autoDraw = False
517.5553 	EXP 	target_square_2: autoDraw = False
517.5553 	EXP 	fixation_3: autoDraw = False
517.5553 	EXP 	target_square_2: pos = array([ 0.2, -0.2])
517.5553 	EXP 	grid_lines_2: autoDraw = True
517.5553 	EXP 	target_square_2: autoDraw = True
518.5387 	EXP 	fixation_3: autoDraw = True
518.5553 	EXP 	target_square_2: autoDraw = False
519.5387 	EXP 	fixation_3: autoDraw = False
519.5423 	EXP 	New trial (rep=0, index=55): {'square': 3, 'location': [0.2, 0.2], 'corrAns': None}
519.5429 	EXP 	window1: mouseVisible = False
519.5553 	EXP 	grid_lines_2: autoDraw = False
519.5553 	EXP 	target_square_2: autoDraw = False
519.5553 	EXP 	fixation_3: autoDraw = False
519.5553 	EXP 	target_square_2: pos = array([0.2, 0.2])
519.5553 	EXP 	grid_lines_2: autoDraw = True
519.5553 	EXP 	target_square_2: autoDraw = True
520.5387 	EXP 	fixation_3: autoDraw = True
520.5553 	EXP 	target_square_2: autoDraw = False
521.5387 	EXP 	fixation_3: autoDraw = False
521.5424 	EXP 	New trial (rep=0, index=56): {'square': 9, 'location': [0.2, -0.2], 'corrAns': 1}
521.5429 	EXP 	window1: mouseVisible = False
521.5553 	EXP 	grid_lines_2: autoDraw = False
521.5553 	EXP 	target_square_2: autoDraw = False
521.5553 	EXP 	fixation_3: autoDraw = False
521.5553 	EXP 	target_square_2: pos = array([ 0.2, -0.2])
521.5553 	EXP 	grid_lines_2: autoDraw = True
521.5553 	EXP 	target_square_2: autoDraw = True
522.0724 	DATA 	Mouse: Left button down, pos=(842,580)
522.2556 	DATA 	Mouse:  Left button up, pos=(842,580)
522.5387 	EXP 	fixation_3: autoDraw = True
522.5554 	EXP 	target_square_2: autoDraw = False
523.5387 	EXP 	fixation_3: autoDraw = False
523.5425 	EXP 	New trial (rep=0, index=57): {'square': 6, 'location': [0.2, 0], 'corrAns': None}
523.5430 	EXP 	window1: mouseVisible = False
523.5554 	EXP 	grid_lines_2: autoDraw = False
523.5554 	EXP 	target_square_2: autoDraw = False
523.5554 	EXP 	fixation_3: autoDraw = False
523.5554 	EXP 	target_square_2: pos = array([0.2, 0. ])
523.5554 	EXP 	grid_lines_2: autoDraw = True
523.5554 	EXP 	target_square_2: autoDraw = True
524.5387 	EXP 	fixation_3: autoDraw = True
524.5554 	EXP 	target_square_2: autoDraw = False
525.5387 	EXP 	fixation_3: autoDraw = False
525.5425 	EXP 	New trial (rep=0, index=58): {'square': 2, 'location': [0, 0.2], 'corrAns': None}
525.5430 	EXP 	window1: mouseVisible = False
525.5554 	EXP 	grid_lines_2: autoDraw = False
525.5554 	EXP 	target_square_2: autoDraw = False
525.5554 	EXP 	fixation_3: autoDraw = False
525.5554 	EXP 	target_square_2: pos = array([0. , 0.2])
525.5554 	EXP 	grid_lines_2: autoDraw = True
525.5554 	EXP 	target_square_2: autoDraw = True
526.5387 	EXP 	fixation_3: autoDraw = True
526.5554 	EXP 	target_square_2: autoDraw = False
527.5388 	EXP 	fixation_3: autoDraw = False
527.5426 	EXP 	New trial (rep=0, index=59): {'square': 5, 'location': [0, 0], 'corrAns': None}
527.5430 	EXP 	window1: mouseVisible = False
527.5554 	EXP 	grid_lines_2: autoDraw = False
527.5554 	EXP 	target_square_2: autoDraw = False
527.5554 	EXP 	fixation_3: autoDraw = False
527.5554 	EXP 	target_square_2: pos = array([0., 0.])
527.5554 	EXP 	grid_lines_2: autoDraw = True
527.5554 	EXP 	target_square_2: autoDraw = True
528.5388 	EXP 	fixation_3: autoDraw = True
528.5554 	EXP 	target_square_2: autoDraw = False
529.5388 	EXP 	fixation_3: autoDraw = False
529.5424 	EXP 	New trial (rep=0, index=60): {'square': 5, 'location': [0, 0], 'corrAns': None}
529.5429 	EXP 	window1: mouseVisible = False
529.5554 	EXP 	grid_lines_2: autoDraw = False
529.5554 	EXP 	target_square_2: autoDraw = False
529.5554 	EXP 	fixation_3: autoDraw = False
529.5554 	EXP 	target_square_2: pos = array([0., 0.])
529.5554 	EXP 	grid_lines_2: autoDraw = True
529.5554 	EXP 	target_square_2: autoDraw = True
530.5388 	EXP 	fixation_3: autoDraw = True
530.5554 	EXP 	target_square_2: autoDraw = False
531.5388 	EXP 	fixation_3: autoDraw = False
531.5425 	EXP 	New trial (rep=0, index=61): {'square': 2, 'location': [0, 0.2], 'corrAns': None}
531.5430 	EXP 	window1: mouseVisible = False
531.5554 	EXP 	grid_lines_2: autoDraw = False
531.5554 	EXP 	target_square_2: autoDraw = False
531.5554 	EXP 	fixation_3: autoDraw = False
531.5554 	EXP 	target_square_2: pos = array([0. , 0.2])
531.5554 	EXP 	grid_lines_2: autoDraw = True
531.5554 	EXP 	target_square_2: autoDraw = True
532.5388 	EXP 	fixation_3: autoDraw = True
532.5554 	EXP 	target_square_2: autoDraw = False
533.5388 	EXP 	fixation_3: autoDraw = False
533.5425 	EXP 	New trial (rep=0, index=62): {'square': 6, 'location': [0.2, 0], 'corrAns': None}
533.5430 	EXP 	window1: mouseVisible = False
533.5554 	EXP 	grid_lines_2: autoDraw = False
533.5554 	EXP 	target_square_2: autoDraw = False
533.5554 	EXP 	fixation_3: autoDraw = False
533.5554 	EXP 	target_square_2: pos = array([0.2, 0. ])
533.5554 	EXP 	grid_lines_2: autoDraw = True
533.5554 	EXP 	target_square_2: autoDraw = True
534.5388 	EXP 	fixation_3: autoDraw = True
534.5555 	EXP 	target_square_2: autoDraw = False
535.5387 	EXP 	fixation_3: autoDraw = False
535.5425 	EXP 	New trial (rep=0, index=63): {'square': 9, 'location': [0.2, -0.2], 'corrAns': None}
535.5430 	EXP 	window1: mouseVisible = False
535.5555 	EXP 	grid_lines_2: autoDraw = False
535.5555 	EXP 	target_square_2: autoDraw = False
535.5555 	EXP 	fixation_3: autoDraw = False
535.5555 	EXP 	target_square_2: pos = array([ 0.2, -0.2])
535.5555 	EXP 	grid_lines_2: autoDraw = True
535.5555 	EXP 	target_square_2: autoDraw = True
536.5388 	EXP 	fixation_3: autoDraw = True
536.5555 	EXP 	target_square_2: autoDraw = False
537.5388 	EXP 	fixation_3: autoDraw = False
537.5426 	EXP 	New trial (rep=0, index=64): {'square': 3, 'location': [0.2, 0.2], 'corrAns': None}
537.5431 	EXP 	window1: mouseVisible = False
537.5555 	EXP 	grid_lines_2: autoDraw = False
537.5555 	EXP 	target_square_2: autoDraw = False
537.5555 	EXP 	fixation_3: autoDraw = False
537.5555 	EXP 	target_square_2: pos = array([0.2, 0.2])
537.5555 	EXP 	grid_lines_2: autoDraw = True
537.5555 	EXP 	target_square_2: autoDraw = True
538.5388 	EXP 	fixation_3: autoDraw = True
538.5555 	EXP 	target_square_2: autoDraw = False
539.5388 	EXP 	fixation_3: autoDraw = False
539.5425 	EXP 	New trial (rep=0, index=65): {'square': 9, 'location': [0.2, -0.2], 'corrAns': 1}
539.5431 	EXP 	window1: mouseVisible = False
539.5555 	EXP 	grid_lines_2: autoDraw = False
539.5555 	EXP 	target_square_2: autoDraw = False
539.5555 	EXP 	fixation_3: autoDraw = False
539.5555 	EXP 	target_square_2: pos = array([ 0.2, -0.2])
539.5555 	EXP 	grid_lines_2: autoDraw = True
539.5555 	EXP 	target_square_2: autoDraw = True
540.5389 	EXP 	fixation_3: autoDraw = True
540.5555 	EXP 	target_square_2: autoDraw = False
541.5389 	EXP 	fixation_3: autoDraw = False
541.5426 	EXP 	New trial (rep=0, index=66): {'square': 7, 'location': [-0.2, -0.2], 'corrAns': None}
541.5431 	EXP 	window1: mouseVisible = False
541.5555 	EXP 	grid_lines_2: autoDraw = False
541.5555 	EXP 	target_square_2: autoDraw = False
541.5555 	EXP 	fixation_3: autoDraw = False
541.5555 	EXP 	target_square_2: pos = array([-0.2, -0.2])
541.5555 	EXP 	grid_lines_2: autoDraw = True
541.5555 	EXP 	target_square_2: autoDraw = True
542.5389 	EXP 	fixation_3: autoDraw = True
542.5555 	EXP 	target_square_2: autoDraw = False
543.5389 	EXP 	fixation_3: autoDraw = False
543.5425 	EXP 	New trial (rep=0, index=67): {'square': 1, 'location': [-0.2, 0.2], 'corrAns': None}
543.5430 	EXP 	window1: mouseVisible = False
543.5555 	EXP 	grid_lines_2: autoDraw = False
543.5555 	EXP 	target_square_2: autoDraw = False
543.5555 	EXP 	fixation_3: autoDraw = False
543.5555 	EXP 	target_square_2: pos = array([-0.2,  0.2])
543.5555 	EXP 	grid_lines_2: autoDraw = True
543.5555 	EXP 	target_square_2: autoDraw = True
544.5389 	EXP 	fixation_3: autoDraw = True
544.5555 	EXP 	target_square_2: autoDraw = False
545.5389 	EXP 	fixation_3: autoDraw = False
545.5426 	EXP 	New trial (rep=0, index=68): {'square': 5, 'location': [0, 0], 'corrAns': None}
545.5430 	EXP 	window1: mouseVisible = False
545.5556 	EXP 	grid_lines_2: autoDraw = False
545.5556 	EXP 	target_square_2: autoDraw = False
545.5556 	EXP 	fixation_3: autoDraw = False
545.5556 	EXP 	target_square_2: pos = array([0., 0.])
545.5556 	EXP 	grid_lines_2: autoDraw = True
545.5556 	EXP 	target_square_2: autoDraw = True
546.5389 	EXP 	fixation_3: autoDraw = True
546.5555 	EXP 	target_square_2: autoDraw = False
547.5389 	EXP 	fixation_3: autoDraw = False
547.5425 	EXP 	New trial (rep=0, index=69): {'square': 7, 'location': [-0.2, -0.2], 'corrAns': None}
547.5430 	EXP 	window1: mouseVisible = False
547.5556 	EXP 	grid_lines_2: autoDraw = False
547.5556 	EXP 	target_square_2: autoDraw = False
547.5556 	EXP 	fixation_3: autoDraw = False
547.5556 	EXP 	target_square_2: pos = array([-0.2, -0.2])
547.5556 	EXP 	grid_lines_2: autoDraw = True
547.5556 	EXP 	target_square_2: autoDraw = True
548.5389 	EXP 	fixation_3: autoDraw = True
548.5556 	EXP 	target_square_2: autoDraw = False
549.5389 	EXP 	fixation_3: autoDraw = False
549.5427 	EXP 	New trial (rep=0, index=70): {'square': 5, 'location': [0, 0], 'corrAns': 1}
549.5432 	EXP 	window1: mouseVisible = False
549.5556 	EXP 	grid_lines_2: autoDraw = False
549.5556 	EXP 	target_square_2: autoDraw = False
549.5556 	EXP 	fixation_3: autoDraw = False
549.5556 	EXP 	target_square_2: pos = array([0., 0.])
549.5556 	EXP 	grid_lines_2: autoDraw = True
549.5556 	EXP 	target_square_2: autoDraw = True
550.5389 	EXP 	fixation_3: autoDraw = True
550.5556 	EXP 	target_square_2: autoDraw = False
551.5389 	EXP 	fixation_3: autoDraw = False
551.5427 	EXP 	New trial (rep=0, index=71): {'square': 6, 'location': [0.2, 0], 'corrAns': None}
551.5432 	EXP 	window1: mouseVisible = False
551.5556 	EXP 	grid_lines_2: autoDraw = False
551.5556 	EXP 	target_square_2: autoDraw = False
551.5556 	EXP 	fixation_3: autoDraw = False
551.5556 	EXP 	target_square_2: pos = array([0.2, 0. ])
551.5556 	EXP 	grid_lines_2: autoDraw = True
551.5556 	EXP 	target_square_2: autoDraw = True
552.5390 	EXP 	fixation_3: autoDraw = True
552.5556 	EXP 	target_square_2: autoDraw = False
553.5390 	EXP 	fixation_3: autoDraw = False
553.5426 	EXP 	New trial (rep=0, index=72): {'square': 3, 'location': [0.2, 0.2], 'corrAns': None}
553.5431 	EXP 	window1: mouseVisible = False
553.5556 	EXP 	grid_lines_2: autoDraw = False
553.5556 	EXP 	target_square_2: autoDraw = False
553.5556 	EXP 	fixation_3: autoDraw = False
553.5556 	EXP 	target_square_2: pos = array([0.2, 0.2])
553.5556 	EXP 	grid_lines_2: autoDraw = True
553.5556 	EXP 	target_square_2: autoDraw = True
554.5390 	EXP 	fixation_3: autoDraw = True
554.5556 	EXP 	target_square_2: autoDraw = False
555.5390 	EXP 	fixation_3: autoDraw = False
555.5428 	EXP 	New trial (rep=0, index=73): {'square': 6, 'location': [0.2, 0], 'corrAns': 1}
555.5433 	EXP 	window1: mouseVisible = False
555.5556 	EXP 	grid_lines_2: autoDraw = False
555.5556 	EXP 	target_square_2: autoDraw = False
555.5556 	EXP 	fixation_3: autoDraw = False
555.5556 	EXP 	target_square_2: pos = array([0.2, 0. ])
555.5556 	EXP 	grid_lines_2: autoDraw = True
555.5556 	EXP 	target_square_2: autoDraw = True
556.2894 	DATA 	Mouse: Left button down, pos=(842,580)
556.4726 	DATA 	Mouse:  Left button up, pos=(842,580)
556.5390 	EXP 	fixation_3: autoDraw = True
556.5556 	EXP 	target_square_2: autoDraw = False
557.5390 	EXP 	fixation_3: autoDraw = False
557.5427 	EXP 	New trial (rep=0, index=74): {'square': 8, 'location': [0, -0.2], 'corrAns': None}
557.5432 	EXP 	window1: mouseVisible = False
557.5557 	EXP 	grid_lines_2: autoDraw = False
557.5557 	EXP 	target_square_2: autoDraw = False
557.5557 	EXP 	fixation_3: autoDraw = False
557.5557 	EXP 	target_square_2: pos = array([ 0. , -0.2])
557.5557 	EXP 	grid_lines_2: autoDraw = True
557.5557 	EXP 	target_square_2: autoDraw = True
558.5390 	EXP 	fixation_3: autoDraw = True
558.5557 	EXP 	target_square_2: autoDraw = False
559.5390 	EXP 	fixation_3: autoDraw = False
559.5427 	EXP 	New trial (rep=0, index=75): {'square': 9, 'location': [0.2, -0.2], 'corrAns': None}
559.5433 	EXP 	window1: mouseVisible = False
559.5557 	EXP 	grid_lines_2: autoDraw = False
559.5557 	EXP 	target_square_2: autoDraw = False
559.5557 	EXP 	fixation_3: autoDraw = False
559.5557 	EXP 	target_square_2: pos = array([ 0.2, -0.2])
559.5557 	EXP 	grid_lines_2: autoDraw = True
559.5557 	EXP 	target_square_2: autoDraw = True
560.5390 	EXP 	fixation_3: autoDraw = True
560.5555 	EXP 	target_square_2: autoDraw = False
561.5390 	EXP 	fixation_3: autoDraw = False
561.5427 	EXP 	New trial (rep=0, index=76): {'square': 9, 'location': [0.2, -0.2], 'corrAns': None}
561.5432 	EXP 	window1: mouseVisible = False
561.5557 	EXP 	grid_lines_2: autoDraw = False
561.5557 	EXP 	target_square_2: autoDraw = False
561.5557 	EXP 	fixation_3: autoDraw = False
561.5557 	EXP 	target_square_2: pos = array([ 0.2, -0.2])
561.5557 	EXP 	grid_lines_2: autoDraw = True
561.5557 	EXP 	target_square_2: autoDraw = True
562.5390 	EXP 	fixation_3: autoDraw = True
562.5396 	DATA 	Mouse: Left button down, pos=(838,580)
562.5557 	EXP 	target_square_2: autoDraw = False
562.7491 	DATA 	Mouse:  Left button up, pos=(832,580)
563.5390 	EXP 	fixation_3: autoDraw = False
563.5432 	EXP 	New trial (rep=0, index=77): {'square': 1, 'location': [-0.2, 0.2], 'corrAns': None}
563.5437 	EXP 	window1: mouseVisible = False
563.5557 	EXP 	grid_lines_2: autoDraw = False
563.5557 	EXP 	target_square_2: autoDraw = False
563.5557 	EXP 	fixation_3: autoDraw = False
563.5557 	EXP 	target_square_2: pos = array([-0.2,  0.2])
563.5557 	EXP 	grid_lines_2: autoDraw = True
563.5557 	EXP 	target_square_2: autoDraw = True
564.5391 	EXP 	fixation_3: autoDraw = True
564.5557 	EXP 	target_square_2: autoDraw = False
565.5391 	EXP 	fixation_3: autoDraw = False
565.5428 	EXP 	New trial (rep=0, index=78): {'square': 3, 'location': [0.2, 0.2], 'corrAns': None}
565.5433 	EXP 	window1: mouseVisible = False
565.5557 	EXP 	grid_lines_2: autoDraw = False
565.5557 	EXP 	target_square_2: autoDraw = False
565.5557 	EXP 	fixation_3: autoDraw = False
565.5557 	EXP 	target_square_2: pos = array([0.2, 0.2])
565.5557 	EXP 	grid_lines_2: autoDraw = True
565.5557 	EXP 	target_square_2: autoDraw = True
566.5391 	EXP 	fixation_3: autoDraw = True
566.5557 	EXP 	target_square_2: autoDraw = False
567.5391 	EXP 	fixation_3: autoDraw = False
567.5429 	EXP 	New trial (rep=0, index=79): {'square': 5, 'location': [0, 0], 'corrAns': None}
567.5433 	EXP 	window1: mouseVisible = False
567.5557 	EXP 	grid_lines_2: autoDraw = False
567.5557 	EXP 	target_square_2: autoDraw = False
567.5557 	EXP 	fixation_3: autoDraw = False
567.5557 	EXP 	target_square_2: pos = array([0., 0.])
567.5557 	EXP 	grid_lines_2: autoDraw = True
567.5557 	EXP 	target_square_2: autoDraw = True
568.5391 	EXP 	fixation_3: autoDraw = True
568.5557 	EXP 	target_square_2: autoDraw = False
569.5391 	EXP 	fixation_3: autoDraw = False
569.5430 	EXP 	New trial (rep=0, index=80): {'square': 3, 'location': [0.2, 0.2], 'corrAns': 1}
569.5437 	EXP 	window1: mouseVisible = False
569.5557 	EXP 	grid_lines_2: autoDraw = False
569.5557 	EXP 	target_square_2: autoDraw = False
569.5557 	EXP 	fixation_3: autoDraw = False
569.5557 	EXP 	target_square_2: pos = array([0.2, 0.2])
569.5557 	EXP 	grid_lines_2: autoDraw = True
569.5557 	EXP 	target_square_2: autoDraw = True
570.2562 	DATA 	Mouse: Left button down, pos=(829,580)
570.4813 	DATA 	Mouse:  Left button up, pos=(827,580)
570.5391 	EXP 	fixation_3: autoDraw = True
570.5558 	EXP 	target_square_2: autoDraw = False
571.5391 	EXP 	fixation_3: autoDraw = False
571.5428 	EXP 	New trial (rep=0, index=81): {'square': 4, 'location': [-0.2, 0], 'corrAns': None}
571.5433 	EXP 	window1: mouseVisible = False
571.5558 	EXP 	grid_lines_2: autoDraw = False
571.5558 	EXP 	target_square_2: autoDraw = False
571.5558 	EXP 	fixation_3: autoDraw = False
571.5558 	EXP 	target_square_2: pos = array([-0.2,  0. ])
571.5558 	EXP 	grid_lines_2: autoDraw = True
571.5558 	EXP 	target_square_2: autoDraw = True
572.5391 	EXP 	fixation_3: autoDraw = True
572.5558 	EXP 	target_square_2: autoDraw = False
573.5391 	EXP 	fixation_3: autoDraw = False
573.5428 	EXP 	New trial (rep=0, index=82): {'square': 7, 'location': [-0.2, -0.2], 'corrAns': None}
573.5433 	EXP 	window1: mouseVisible = False
573.5558 	EXP 	grid_lines_2: autoDraw = False
573.5558 	EXP 	target_square_2: autoDraw = False
573.5558 	EXP 	fixation_3: autoDraw = False
573.5558 	EXP 	target_square_2: pos = array([-0.2, -0.2])
573.5558 	EXP 	grid_lines_2: autoDraw = True
573.5558 	EXP 	target_square_2: autoDraw = True
574.5390 	EXP 	fixation_3: autoDraw = True
574.5558 	EXP 	target_square_2: autoDraw = False
575.5391 	EXP 	fixation_3: autoDraw = False
575.5430 	EXP 	New trial (rep=0, index=83): {'square': 4, 'location': [-0.2, 0], 'corrAns': 1}
575.5434 	EXP 	window1: mouseVisible = False
575.5559 	EXP 	grid_lines_2: autoDraw = False
575.5559 	EXP 	target_square_2: autoDraw = False
575.5559 	EXP 	fixation_3: autoDraw = False
575.5559 	EXP 	target_square_2: pos = array([-0.2,  0. ])
575.5559 	EXP 	grid_lines_2: autoDraw = True
575.5559 	EXP 	target_square_2: autoDraw = True
575.8728 	DATA 	Mouse: Left button down, pos=(827,580)
576.0561 	DATA 	Mouse:  Left button up, pos=(827,580)
576.5392 	EXP 	fixation_3: autoDraw = True
576.5558 	EXP 	target_square_2: autoDraw = False
577.5392 	EXP 	fixation_3: autoDraw = False
577.5429 	EXP 	New trial (rep=0, index=84): {'square': 4, 'location': [-0.2, 0], 'corrAns': None}
577.5434 	EXP 	window1: mouseVisible = False
577.5558 	EXP 	grid_lines_2: autoDraw = False
577.5558 	EXP 	target_square_2: autoDraw = False
577.5558 	EXP 	fixation_3: autoDraw = False
577.5558 	EXP 	target_square_2: pos = array([-0.2,  0. ])
577.5558 	EXP 	grid_lines_2: autoDraw = True
577.5558 	EXP 	target_square_2: autoDraw = True
578.5392 	EXP 	fixation_3: autoDraw = True
578.5558 	EXP 	target_square_2: autoDraw = False
579.5392 	EXP 	fixation_3: autoDraw = False
579.5428 	EXP 	New trial (rep=0, index=85): {'square': 5, 'location': [0, 0], 'corrAns': None}
579.5435 	EXP 	window1: mouseVisible = False
579.5558 	EXP 	grid_lines_2: autoDraw = False
579.5558 	EXP 	target_square_2: autoDraw = False
579.5558 	EXP 	fixation_3: autoDraw = False
579.5558 	EXP 	target_square_2: pos = array([0., 0.])
579.5558 	EXP 	grid_lines_2: autoDraw = True
579.5558 	EXP 	target_square_2: autoDraw = True
580.5392 	EXP 	fixation_3: autoDraw = True
580.5558 	EXP 	target_square_2: autoDraw = False
581.5392 	EXP 	fixation_3: autoDraw = False
581.5429 	EXP 	New trial (rep=0, index=86): {'square': 2, 'location': [0, 0.2], 'corrAns': None}
581.5433 	EXP 	window1: mouseVisible = False
581.5559 	EXP 	grid_lines_2: autoDraw = False
581.5559 	EXP 	target_square_2: autoDraw = False
581.5559 	EXP 	fixation_3: autoDraw = False
581.5559 	EXP 	target_square_2: pos = array([0. , 0.2])
581.5559 	EXP 	grid_lines_2: autoDraw = True
581.5559 	EXP 	target_square_2: autoDraw = True
582.5392 	EXP 	fixation_3: autoDraw = True
582.5559 	EXP 	target_square_2: autoDraw = False
583.5392 	EXP 	fixation_3: autoDraw = False
583.5429 	EXP 	New trial (rep=0, index=87): {'square': 6, 'location': [0.2, 0], 'corrAns': None}
583.5434 	EXP 	window1: mouseVisible = False
583.5559 	EXP 	grid_lines_2: autoDraw = False
583.5559 	EXP 	target_square_2: autoDraw = False
583.5559 	EXP 	fixation_3: autoDraw = False
583.5559 	EXP 	target_square_2: pos = array([0.2, 0. ])
583.5559 	EXP 	grid_lines_2: autoDraw = True
583.5559 	EXP 	target_square_2: autoDraw = True
584.5392 	EXP 	fixation_3: autoDraw = True
584.5559 	EXP 	target_square_2: autoDraw = False
585.5393 	EXP 	fixation_3: autoDraw = False
585.5429 	EXP 	New trial (rep=0, index=88): {'square': 7, 'location': [-0.2, -0.2], 'corrAns': None}
585.5434 	EXP 	window1: mouseVisible = False
585.5559 	EXP 	grid_lines_2: autoDraw = False
585.5559 	EXP 	target_square_2: autoDraw = False
585.5559 	EXP 	fixation_3: autoDraw = False
585.5559 	EXP 	target_square_2: pos = array([-0.2, -0.2])
585.5559 	EXP 	grid_lines_2: autoDraw = True
585.5559 	EXP 	target_square_2: autoDraw = True
586.5392 	EXP 	fixation_3: autoDraw = True
586.5559 	EXP 	target_square_2: autoDraw = False
587.5393 	EXP 	fixation_3: autoDraw = False
587.5430 	EXP 	New trial (rep=0, index=89): {'square': 6, 'location': [0.2, 0], 'corrAns': 1}
587.5435 	EXP 	window1: mouseVisible = False
587.5559 	EXP 	grid_lines_2: autoDraw = False
587.5559 	EXP 	target_square_2: autoDraw = False
587.5559 	EXP 	fixation_3: autoDraw = False
587.5559 	EXP 	target_square_2: pos = array([0.2, 0. ])
587.5559 	EXP 	grid_lines_2: autoDraw = True
587.5559 	EXP 	target_square_2: autoDraw = True
588.2063 	DATA 	Mouse: Left button down, pos=(827,580)
588.3984 	DATA 	Mouse:  Left button up, pos=(827,580)
588.5392 	EXP 	fixation_3: autoDraw = True
588.5559 	EXP 	target_square_2: autoDraw = False
589.5393 	EXP 	fixation_3: autoDraw = False
589.5430 	EXP 	New trial (rep=0, index=90): {'square': 6, 'location': [0.2, 0], 'corrAns': None}
589.5436 	EXP 	window1: mouseVisible = False
589.5559 	EXP 	grid_lines_2: autoDraw = False
589.5559 	EXP 	target_square_2: autoDraw = False
589.5559 	EXP 	fixation_3: autoDraw = False
589.5559 	EXP 	target_square_2: pos = array([0.2, 0. ])
589.5559 	EXP 	grid_lines_2: autoDraw = True
589.5559 	EXP 	target_square_2: autoDraw = True
590.5392 	EXP 	fixation_3: autoDraw = True
590.5559 	EXP 	target_square_2: autoDraw = False
591.5393 	EXP 	fixation_3: autoDraw = False
591.5429 	EXP 	New trial (rep=0, index=91): {'square': 7, 'location': [-0.2, -0.2], 'corrAns': None}
591.5433 	EXP 	window1: mouseVisible = False
591.5559 	EXP 	grid_lines_2: autoDraw = False
591.5559 	EXP 	target_square_2: autoDraw = False
591.5559 	EXP 	fixation_3: autoDraw = False
591.5559 	EXP 	target_square_2: pos = array([-0.2, -0.2])
591.5559 	EXP 	grid_lines_2: autoDraw = True
591.5559 	EXP 	target_square_2: autoDraw = True
592.0231 	DATA 	Mouse: Left button down, pos=(825,580)
592.2062 	DATA 	Mouse:  Left button up, pos=(824,580)
592.5393 	EXP 	fixation_3: autoDraw = True
592.5559 	EXP 	target_square_2: autoDraw = False
593.5393 	EXP 	fixation_3: autoDraw = False
593.5429 	EXP 	New trial (rep=0, index=92): {'square': 6, 'location': [0.2, 0], 'corrAns': 1}
593.5434 	EXP 	window1: mouseVisible = False
593.5560 	EXP 	grid_lines_2: autoDraw = False
593.5560 	EXP 	target_square_2: autoDraw = False
593.5560 	EXP 	fixation_3: autoDraw = False
593.5560 	EXP 	target_square_2: pos = array([0.2, 0. ])
593.5560 	EXP 	grid_lines_2: autoDraw = True
593.5560 	EXP 	target_square_2: autoDraw = True
594.5393 	EXP 	fixation_3: autoDraw = True
594.5560 	EXP 	target_square_2: autoDraw = False
595.5393 	EXP 	fixation_3: autoDraw = False
595.5431 	EXP 	New trial (rep=0, index=93): {'square': 2, 'location': [0, 0.2], 'corrAns': None}
595.5436 	EXP 	window1: mouseVisible = False
595.5560 	EXP 	grid_lines_2: autoDraw = False
595.5560 	EXP 	target_square_2: autoDraw = False
595.5560 	EXP 	fixation_3: autoDraw = False
595.5560 	EXP 	target_square_2: pos = array([0. , 0.2])
595.5560 	EXP 	grid_lines_2: autoDraw = True
595.5560 	EXP 	target_square_2: autoDraw = True
596.3731 	DATA 	Mouse: Left button down, pos=(823,580)
596.5393 	EXP 	fixation_3: autoDraw = True
596.5397 	DATA 	Mouse:  Left button up, pos=(816,580)
596.5560 	EXP 	target_square_2: autoDraw = False
597.5393 	EXP 	fixation_3: autoDraw = False
597.5430 	EXP 	New trial (rep=0, index=94): {'square': 5, 'location': [0, 0], 'corrAns': None}
597.5435 	EXP 	window1: mouseVisible = False
597.5560 	EXP 	grid_lines_2: autoDraw = False
597.5560 	EXP 	target_square_2: autoDraw = False
597.5560 	EXP 	fixation_3: autoDraw = False
597.5560 	EXP 	target_square_2: pos = array([0., 0.])
597.5560 	EXP 	grid_lines_2: autoDraw = True
597.5560 	EXP 	target_square_2: autoDraw = True
598.5393 	EXP 	fixation_3: autoDraw = True
598.5560 	EXP 	target_square_2: autoDraw = False
599.5393 	EXP 	fixation_3: autoDraw = False
599.5431 	EXP 	New trial (rep=0, index=95): {'square': 4, 'location': [-0.2, 0], 'corrAns': None}
599.5437 	EXP 	window1: mouseVisible = False
599.5560 	EXP 	grid_lines_2: autoDraw = False
599.5560 	EXP 	target_square_2: autoDraw = False
599.5560 	EXP 	fixation_3: autoDraw = False
599.5560 	EXP 	target_square_2: pos = array([-0.2,  0. ])
599.5560 	EXP 	grid_lines_2: autoDraw = True
599.5560 	EXP 	target_square_2: autoDraw = True
600.5393 	EXP 	fixation_3: autoDraw = True
600.5560 	EXP 	target_square_2: autoDraw = False
601.5394 	EXP 	fixation_3: autoDraw = False
601.5431 	EXP 	New trial (rep=0, index=96): {'square': 4, 'location': [-0.2, 0], 'corrAns': None}
601.5436 	EXP 	window1: mouseVisible = False
601.5560 	EXP 	grid_lines_2: autoDraw = False
601.5560 	EXP 	target_square_2: autoDraw = False
601.5560 	EXP 	fixation_3: autoDraw = False
601.5560 	EXP 	target_square_2: pos = array([-0.2,  0. ])
601.5560 	EXP 	grid_lines_2: autoDraw = True
601.5560 	EXP 	target_square_2: autoDraw = True
602.5394 	EXP 	fixation_3: autoDraw = True
602.5560 	EXP 	target_square_2: autoDraw = False
603.5394 	EXP 	fixation_3: autoDraw = False
603.5430 	EXP 	New trial (rep=0, index=97): {'square': 7, 'location': [-0.2, -0.2], 'corrAns': None}
603.5435 	EXP 	window1: mouseVisible = False
603.5560 	EXP 	grid_lines_2: autoDraw = False
603.5560 	EXP 	target_square_2: autoDraw = False
603.5560 	EXP 	fixation_3: autoDraw = False
603.5560 	EXP 	target_square_2: pos = array([-0.2, -0.2])
603.5560 	EXP 	grid_lines_2: autoDraw = True
603.5560 	EXP 	target_square_2: autoDraw = True
604.5394 	EXP 	fixation_3: autoDraw = True
604.5560 	EXP 	target_square_2: autoDraw = False
605.5393 	EXP 	fixation_3: autoDraw = False
605.5431 	EXP 	New trial (rep=0, index=98): {'square': 4, 'location': [-0.2, 0], 'corrAns': 1}
605.5436 	EXP 	window1: mouseVisible = False
605.5561 	EXP 	grid_lines_2: autoDraw = False
605.5561 	EXP 	target_square_2: autoDraw = False
605.5561 	EXP 	fixation_3: autoDraw = False
605.5561 	EXP 	target_square_2: pos = array([-0.2,  0. ])
605.5561 	EXP 	grid_lines_2: autoDraw = True
605.5561 	EXP 	target_square_2: autoDraw = True
606.1398 	DATA 	Mouse: Left button down, pos=(813,580)
606.3154 	DATA 	Mouse:  Left button up, pos=(811,580)
606.5394 	EXP 	fixation_3: autoDraw = True
606.5561 	EXP 	target_square_2: autoDraw = False
607.5394 	EXP 	fixation_3: autoDraw = False
607.5432 	EXP 	New trial (rep=0, index=99): {'square': 3, 'location': [0.2, 0.2], 'corrAns': None}
607.5437 	EXP 	window1: mouseVisible = False
607.5562 	EXP 	grid_lines_2: autoDraw = False
607.5562 	EXP 	target_square_2: autoDraw = False
607.5562 	EXP 	fixation_3: autoDraw = False
607.5562 	EXP 	target_square_2: pos = array([0.2, 0.2])
607.5562 	EXP 	grid_lines_2: autoDraw = True
607.5562 	EXP 	target_square_2: autoDraw = True
608.5394 	EXP 	fixation_3: autoDraw = True
608.5561 	EXP 	target_square_2: autoDraw = False
609.5394 	EXP 	fixation_3: autoDraw = False
609.5432 	EXP 	New trial (rep=0, index=100): {'square': 5, 'location': [0, 0], 'corrAns': None}
609.5438 	EXP 	window1: mouseVisible = False
609.5561 	EXP 	grid_lines_2: autoDraw = False
609.5561 	EXP 	target_square_2: autoDraw = False
609.5561 	EXP 	fixation_3: autoDraw = False
609.5561 	EXP 	target_square_2: pos = array([0., 0.])
609.5561 	EXP 	grid_lines_2: autoDraw = True
609.5561 	EXP 	target_square_2: autoDraw = True
610.5394 	EXP 	fixation_3: autoDraw = True
610.5561 	EXP 	target_square_2: autoDraw = False
611.5394 	EXP 	fixation_3: autoDraw = False
611.5433 	EXP 	New trial (rep=0, index=101): {'square': 3, 'location': [0.2, 0.2], 'corrAns': 1}
611.5438 	EXP 	window1: mouseVisible = False
611.5561 	EXP 	grid_lines_2: autoDraw = False
611.5561 	EXP 	target_square_2: autoDraw = False
611.5561 	EXP 	fixation_3: autoDraw = False
611.5561 	EXP 	target_square_2: pos = array([0.2, 0.2])
611.5561 	EXP 	grid_lines_2: autoDraw = True
611.5561 	EXP 	target_square_2: autoDraw = True
612.3565 	DATA 	Mouse: Left button down, pos=(811,580)
612.5395 	EXP 	fixation_3: autoDraw = True
612.5398 	DATA 	Mouse:  Left button up, pos=(811,580)
612.5561 	EXP 	target_square_2: autoDraw = False
613.5395 	EXP 	fixation_3: autoDraw = False
613.5432 	EXP 	New trial (rep=0, index=102): {'square': 1, 'location': [-0.2, 0.2], 'corrAns': None}
613.5437 	EXP 	window1: mouseVisible = False
613.5561 	EXP 	grid_lines_2: autoDraw = False
613.5561 	EXP 	target_square_2: autoDraw = False
613.5561 	EXP 	fixation_3: autoDraw = False
613.5561 	EXP 	target_square_2: pos = array([-0.2,  0.2])
613.5561 	EXP 	grid_lines_2: autoDraw = True
613.5561 	EXP 	target_square_2: autoDraw = True
614.5395 	EXP 	fixation_3: autoDraw = True
614.5560 	EXP 	target_square_2: autoDraw = False
615.5395 	EXP 	fixation_3: autoDraw = False
615.5434 	EXP 	New trial (rep=0, index=103): {'square': 9, 'location': [0.2, -0.2], 'corrAns': None}
615.5439 	EXP 	window1: mouseVisible = False
615.5561 	EXP 	grid_lines_2: autoDraw = False
615.5561 	EXP 	target_square_2: autoDraw = False
615.5561 	EXP 	fixation_3: autoDraw = False
615.5561 	EXP 	target_square_2: pos = array([ 0.2, -0.2])
615.5561 	EXP 	grid_lines_2: autoDraw = True
615.5561 	EXP 	target_square_2: autoDraw = True
616.5395 	EXP 	fixation_3: autoDraw = True
616.5562 	EXP 	target_square_2: autoDraw = False
617.5395 	EXP 	fixation_3: autoDraw = False
617.5432 	EXP 	New trial (rep=0, index=104): {'square': 9, 'location': [0.2, -0.2], 'corrAns': None}
617.5437 	EXP 	window1: mouseVisible = False
617.5562 	EXP 	grid_lines_2: autoDraw = False
617.5562 	EXP 	target_square_2: autoDraw = False
617.5562 	EXP 	fixation_3: autoDraw = False
617.5562 	EXP 	target_square_2: pos = array([ 0.2, -0.2])
617.5562 	EXP 	grid_lines_2: autoDraw = True
617.5562 	EXP 	target_square_2: autoDraw = True
618.1899 	DATA 	Mouse: Left button down, pos=(811,580)
618.3731 	DATA 	Mouse:  Left button up, pos=(811,580)
618.5395 	EXP 	fixation_3: autoDraw = True
618.5562 	EXP 	target_square_2: autoDraw = False
619.5394 	EXP 	fixation_3: autoDraw = False
619.5431 	EXP 	New trial (rep=0, index=105): {'square': 8, 'location': [0, -0.2], 'corrAns': None}
619.5437 	EXP 	window1: mouseVisible = False
619.5562 	EXP 	grid_lines_2: autoDraw = False
619.5562 	EXP 	target_square_2: autoDraw = False
619.5562 	EXP 	fixation_3: autoDraw = False
619.5562 	EXP 	target_square_2: pos = array([ 0. , -0.2])
619.5562 	EXP 	grid_lines_2: autoDraw = True
619.5562 	EXP 	target_square_2: autoDraw = True
620.5395 	EXP 	fixation_3: autoDraw = True
620.5562 	EXP 	target_square_2: autoDraw = False
621.5395 	EXP 	fixation_3: autoDraw = False
621.5432 	EXP 	New trial (rep=0, index=106): {'square': 6, 'location': [0.2, 0], 'corrAns': None}
621.5437 	EXP 	window1: mouseVisible = False
621.5562 	EXP 	grid_lines_2: autoDraw = False
621.5562 	EXP 	target_square_2: autoDraw = False
621.5562 	EXP 	fixation_3: autoDraw = False
621.5562 	EXP 	target_square_2: pos = array([0.2, 0. ])
621.5562 	EXP 	grid_lines_2: autoDraw = True
621.5562 	EXP 	target_square_2: autoDraw = True
622.5395 	EXP 	fixation_3: autoDraw = True
622.5562 	EXP 	target_square_2: autoDraw = False
623.5395 	EXP 	fixation_3: autoDraw = False
623.5432 	EXP 	New trial (rep=0, index=107): {'square': 3, 'location': [0.2, 0.2], 'corrAns': None}
623.5437 	EXP 	window1: mouseVisible = False
623.5562 	EXP 	grid_lines_2: autoDraw = False
623.5562 	EXP 	target_square_2: autoDraw = False
623.5562 	EXP 	fixation_3: autoDraw = False
623.5562 	EXP 	target_square_2: pos = array([0.2, 0.2])
623.5562 	EXP 	grid_lines_2: autoDraw = True
623.5562 	EXP 	target_square_2: autoDraw = True
624.5396 	EXP 	fixation_3: autoDraw = True
624.5562 	EXP 	target_square_2: autoDraw = False
625.5396 	EXP 	fixation_3: autoDraw = False
625.5432 	EXP 	New trial (rep=0, index=108): {'square': 6, 'location': [0.2, 0], 'corrAns': 1}
625.5437 	EXP 	window1: mouseVisible = False
625.5562 	EXP 	grid_lines_2: autoDraw = False
625.5562 	EXP 	target_square_2: autoDraw = False
625.5562 	EXP 	fixation_3: autoDraw = False
625.5562 	EXP 	target_square_2: pos = array([0.2, 0. ])
625.5562 	EXP 	grid_lines_2: autoDraw = True
625.5562 	EXP 	target_square_2: autoDraw = True
626.2754 	DATA 	Mouse: Left button down, pos=(811,580)
626.4654 	DATA 	Mouse:  Left button up, pos=(805,580)
626.5396 	EXP 	fixation_3: autoDraw = True
626.5563 	EXP 	target_square_2: autoDraw = False
627.5396 	EXP 	fixation_3: autoDraw = False
627.5432 	EXP 	New trial (rep=0, index=109): {'square': 5, 'location': [0, 0], 'corrAns': None}
627.5437 	EXP 	window1: mouseVisible = False
627.5562 	EXP 	grid_lines_2: autoDraw = False
627.5562 	EXP 	target_square_2: autoDraw = False
627.5562 	EXP 	fixation_3: autoDraw = False
627.5562 	EXP 	target_square_2: pos = array([0., 0.])
627.5562 	EXP 	grid_lines_2: autoDraw = True
627.5562 	EXP 	target_square_2: autoDraw = True
628.5396 	EXP 	fixation_3: autoDraw = True
628.5563 	EXP 	target_square_2: autoDraw = False
629.5396 	EXP 	fixation_3: autoDraw = False
629.5433 	EXP 	New trial (rep=0, index=110): {'square': 7, 'location': [-0.2, -0.2], 'corrAns': None}
629.5439 	EXP 	window1: mouseVisible = False
629.5563 	EXP 	grid_lines_2: autoDraw = False
629.5563 	EXP 	target_square_2: autoDraw = False
629.5563 	EXP 	fixation_3: autoDraw = False
629.5563 	EXP 	target_square_2: pos = array([-0.2, -0.2])
629.5563 	EXP 	grid_lines_2: autoDraw = True
629.5563 	EXP 	target_square_2: autoDraw = True
630.5396 	EXP 	fixation_3: autoDraw = True
630.5563 	EXP 	target_square_2: autoDraw = False
631.5396 	EXP 	fixation_3: autoDraw = False
631.5433 	EXP 	New trial (rep=0, index=111): {'square': 5, 'location': [0, 0], 'corrAns': 1}
631.5437 	EXP 	window1: mouseVisible = False
631.5563 	EXP 	grid_lines_2: autoDraw = False
631.5563 	EXP 	target_square_2: autoDraw = False
631.5563 	EXP 	fixation_3: autoDraw = False
631.5563 	EXP 	target_square_2: pos = array([0., 0.])
631.5563 	EXP 	grid_lines_2: autoDraw = True
631.5563 	EXP 	target_square_2: autoDraw = True
632.2400 	DATA 	Mouse: Left button down, pos=(805,580)
632.4154 	DATA 	Mouse:  Left button up, pos=(805,580)
632.5396 	EXP 	fixation_3: autoDraw = True
632.5563 	EXP 	target_square_2: autoDraw = False
633.5396 	EXP 	fixation_3: autoDraw = False
633.5433 	EXP 	New trial (rep=0, index=112): {'square': 1, 'location': [-0.2, 0.2], 'corrAns': None}
633.5438 	EXP 	window1: mouseVisible = False
633.5563 	EXP 	grid_lines_2: autoDraw = False
633.5563 	EXP 	target_square_2: autoDraw = False
633.5563 	EXP 	fixation_3: autoDraw = False
633.5563 	EXP 	target_square_2: pos = array([-0.2,  0.2])
633.5563 	EXP 	grid_lines_2: autoDraw = True
633.5563 	EXP 	target_square_2: autoDraw = True
634.5396 	EXP 	fixation_3: autoDraw = True
634.5563 	EXP 	target_square_2: autoDraw = False
635.5396 	EXP 	fixation_3: autoDraw = False
635.5433 	EXP 	New trial (rep=0, index=113): {'square': 7, 'location': [-0.2, -0.2], 'corrAns': None}
635.5438 	EXP 	window1: mouseVisible = False
635.5563 	EXP 	grid_lines_2: autoDraw = False
635.5563 	EXP 	target_square_2: autoDraw = False
635.5563 	EXP 	fixation_3: autoDraw = False
635.5563 	EXP 	target_square_2: pos = array([-0.2, -0.2])
635.5563 	EXP 	grid_lines_2: autoDraw = True
635.5563 	EXP 	target_square_2: autoDraw = True
636.5397 	EXP 	fixation_3: autoDraw = True
636.5563 	EXP 	target_square_2: autoDraw = False
637.5397 	EXP 	fixation_3: autoDraw = False
637.5433 	EXP 	New trial (rep=0, index=114): {'square': 9, 'location': [0.2, -0.2], 'corrAns': None}
637.5438 	EXP 	window1: mouseVisible = False
637.5563 	EXP 	grid_lines_2: autoDraw = False
637.5563 	EXP 	target_square_2: autoDraw = False
637.5563 	EXP 	fixation_3: autoDraw = False
637.5563 	EXP 	target_square_2: pos = array([ 0.2, -0.2])
637.5563 	EXP 	grid_lines_2: autoDraw = True
637.5563 	EXP 	target_square_2: autoDraw = True
638.5396 	EXP 	fixation_3: autoDraw = True
638.5563 	EXP 	target_square_2: autoDraw = False
639.5397 	EXP 	fixation_3: autoDraw = False
639.5434 	EXP 	New trial (rep=0, index=115): {'square': 3, 'location': [0.2, 0.2], 'corrAns': None}
639.5441 	EXP 	window1: mouseVisible = False
639.5564 	EXP 	grid_lines_2: autoDraw = False
639.5564 	EXP 	target_square_2: autoDraw = False
639.5564 	EXP 	fixation_3: autoDraw = False
639.5564 	EXP 	target_square_2: pos = array([0.2, 0.2])
639.5564 	EXP 	grid_lines_2: autoDraw = True
639.5564 	EXP 	target_square_2: autoDraw = True
640.5397 	EXP 	fixation_3: autoDraw = True
640.5564 	EXP 	target_square_2: autoDraw = False
641.5397 	EXP 	fixation_3: autoDraw = False
641.5435 	EXP 	New trial (rep=0, index=116): {'square': 9, 'location': [0.2, -0.2], 'corrAns': 1}
641.5440 	EXP 	window1: mouseVisible = False
641.5564 	EXP 	grid_lines_2: autoDraw = False
641.5564 	EXP 	target_square_2: autoDraw = False
641.5564 	EXP 	fixation_3: autoDraw = False
641.5564 	EXP 	target_square_2: pos = array([ 0.2, -0.2])
641.5564 	EXP 	grid_lines_2: autoDraw = True
641.5564 	EXP 	target_square_2: autoDraw = True
642.1901 	DATA 	Mouse: Left button down, pos=(805,580)
642.3733 	DATA 	Mouse:  Left button up, pos=(800,580)
642.5397 	EXP 	fixation_3: autoDraw = True
642.5564 	EXP 	target_square_2: autoDraw = False
643.5397 	EXP 	fixation_3: autoDraw = False
643.5436 	EXP 	New trial (rep=0, index=117): {'square': 6, 'location': [0.2, 0], 'corrAns': None}
643.5441 	EXP 	window1: mouseVisible = False
643.5564 	EXP 	grid_lines_2: autoDraw = False
643.5564 	EXP 	target_square_2: autoDraw = False
643.5564 	EXP 	fixation_3: autoDraw = False
643.5564 	EXP 	target_square_2: pos = array([0.2, 0. ])
643.5564 	EXP 	grid_lines_2: autoDraw = True
643.5564 	EXP 	target_square_2: autoDraw = True
644.5397 	EXP 	fixation_3: autoDraw = True
644.5564 	EXP 	target_square_2: autoDraw = False
645.5398 	EXP 	fixation_3: autoDraw = False
645.5436 	EXP 	New trial (rep=0, index=118): {'square': 2, 'location': [0, 0.2], 'corrAns': None}
645.5440 	EXP 	window1: mouseVisible = False
645.5564 	EXP 	grid_lines_2: autoDraw = False
645.5564 	EXP 	target_square_2: autoDraw = False
645.5564 	EXP 	fixation_3: autoDraw = False
645.5564 	EXP 	target_square_2: pos = array([0. , 0.2])
645.5564 	EXP 	grid_lines_2: autoDraw = True
645.5564 	EXP 	target_square_2: autoDraw = True
646.5397 	EXP 	fixation_3: autoDraw = True
646.5564 	EXP 	target_square_2: autoDraw = False
647.5397 	EXP 	fixation_3: autoDraw = False
647.5435 	EXP 	New trial (rep=0, index=119): {'square': 5, 'location': [0, 0], 'corrAns': None}
647.5439 	EXP 	window1: mouseVisible = False
647.5564 	EXP 	grid_lines_2: autoDraw = False
647.5564 	EXP 	target_square_2: autoDraw = False
647.5564 	EXP 	fixation_3: autoDraw = False
647.5564 	EXP 	target_square_2: pos = array([0., 0.])
647.5564 	EXP 	grid_lines_2: autoDraw = True
647.5564 	EXP 	target_square_2: autoDraw = True
648.5398 	EXP 	fixation_3: autoDraw = True
648.5564 	EXP 	target_square_2: autoDraw = False
649.5398 	EXP 	fixation_3: autoDraw = False
649.5565 	EXP 	Created unnamed TextStim = TextStim(__class__=<class 'psychopy.visual.text.TextStim'>, alignHoriz=method-wrapper(...), alignText='center', alignVert=method-wrapper(...), anchorHoriz='center', anchorVert='center', antialias=True, autoLog=True, bold=False, color=array([1., 1., 1.]), colorSpace='rgb', contrast=1.0, depth=0, flipHoriz=False, flipVert=False, font='', fontFiles=[], height=0.05, italic=False, languageStyle='LTR', name='unnamed TextStim', opacity=1.0, ori=0.0, pos=array([0., 0.]), rgb=UNKNOWN, text=str(...), units='height', win=Window(...), wrapWidth=1)
649.5731 	EXP 	grid_lines_2: autoDraw = False
649.5731 	EXP 	target_square_2: autoDraw = False
649.5731 	EXP 	fixation_3: autoDraw = False
667.3490 	DATA 	Keypress: e
667.4488 	EXP 	Created unnamed TextStim = TextStim(__class__=<class 'psychopy.visual.text.TextStim'>, alignHoriz=method-wrapper(...), alignText='center', alignVert=method-wrapper(...), anchorHoriz='center', anchorVert='center', antialias=True, autoLog=True, bold=False, color=array([1., 1., 1.]), colorSpace='rgb', contrast=1.0, depth=0, flipHoriz=False, flipVert=False, font='', fontFiles=[], height=0.05, italic=False, languageStyle='LTR', name='unnamed TextStim', opacity=1.0, ori=0.0, pos=array([0., 0.]), rgb=UNKNOWN, text=str(...), units='height', win=Window(...), wrapWidth=1)
667.5162 	EXP 	window1: mouseVisible = True
