0.5820 	WARNING 	We strongly recommend you activate the PTB sound engine in PsychoPy prefs as the preferred audio engine. Its timing is vastly superior. Your prefs are currently set to use ['sounddevice', 'PTB', 'pyo', 'pygame'] (in that order).
140.3691 	EXP 	Created fixation_2 = TextStim(__class__=<class 'psychopy.visual.text.TextStim'>, alignHoriz=method-wrapper(...), alignText='center', alignVert=method-wrapper(...), anchorHoriz='center', anchorVert='center', antialias=True, autoLog=True, bold=False, color=array([1, 1, 1]), colorSpace='rgb', contrast=1.0, depth=-2.0, flipHoriz=False, flipVert=False, font='Arial', fontFiles=[], height=0.05, italic=False, languageStyle='LTR', name='fixation_2', opacity=1, ori=0, pos=array([0., 0.]), rgb=UNKNOWN, text='+', units='height', win=Window(...), wrapWidth=1)
140.4417 	EXP 	Created Nbackinstructions = TextStim(__class__=<class 'psychopy.visual.text.TextStim'>, alignHoriz=method-wrapper(...), alignText='center', alignVert=method-wrapper(...), anchorHoriz='center', anchorVert='center', antialias=True, autoLog=True, bold=False, color=array([1, 1, 1]), colorSpace='rgb', contrast=1.0, depth=0, flipHoriz=False, flipVert=False, font='Arial', fontFiles=[], height=0.05, italic=False, languageStyle='LTR', name='Nbackinstructions', opacity=1, ori=0.0, pos=array([0., 0.]), rgb=UNKNOWN, text=str(...), units='height', win=Window(...), wrapWidth=1)
140.4455 	EXP 	Created fixation_2 = TextStim(__class__=<class 'psychopy.visual.text.TextStim'>, alignHoriz=method-wrapper(...), alignText='center', alignVert=method-wrapper(...), anchorHoriz='center', anchorVert='center', antialias=True, autoLog=True, bold=False, color=array([1, 1, 1]), colorSpace='rgb', contrast=1.0, depth=-2.0, flipHoriz=False, flipVert=False, font='Arial', fontFiles=[], height=0.05, italic=False, languageStyle='LTR', name='fixation_2', opacity=1, ori=0, pos=array([0., 0.]), rgb=UNKNOWN, text='+', units='height', win=Window(...), wrapWidth=1)
140.8701 	EXP 	Created grid_lines_2 = ImageStim(__class__=<class 'psychopy.visual.image.ImageStim'>, autoLog=True, color=array([1, 1, 1]), colorSpace='rgb', contrast=1.0, depth=0.0, flipHoriz=False, flipVert=False, image='grid.png', interpolate=True, mask=None, maskParams=None, name='grid_lines_2', opacity=1, ori=0.0, pos=array([0., 0.]), size=array([0.6, 0.6]), texRes=128, units='height', win=Window(...))
140.8738 	EXP 	Created target_square_2 = Rect(__class__=<class 'psychopy.visual.rect.Rect'>, autoDraw=False, autoLog=True, closeShape=True, color=method-wrapper(...), colorSpace='rgb', contrast=None, depth=-1.0, fillColor=array([1., 1., 1.]), fillColorSpace='rgb', fillRGB=UNKNOWN, interpolate=True, lineColor=array([0, 0, 0]), lineColorSpace='rgb', lineRGB=UNKNOWN, lineWidth=1, name='target_square_2', opacity=0.5, ori=0.0, pos=array([0., 0.]), size=array([0.15, 0.15]), units='height', vertices=ndarray(...), win=Window(...))
140.8776 	EXP 	Created fixation_3 = TextStim(__class__=<class 'psychopy.visual.text.TextStim'>, alignHoriz=method-wrapper(...), alignText='center', alignVert=method-wrapper(...), anchorHoriz='center', anchorVert='center', antialias=True, autoLog=True, bold=False, color=array([1, 1, 1]), colorSpace='rgb', contrast=1.0, depth=-2.0, flipHoriz=False, flipVert=False, font='Arial', fontFiles=[], height=0.05, italic=False, languageStyle='LTR', name='fixation_3', opacity=1, ori=0, pos=array([0., 0.]), rgb=UNKNOWN, text='+', units='height', win=Window(...), wrapWidth=1)
140.8782 	EXP 	window1: mouseVisible = True
140.8824 	EXP 	window1: mouseVisible = False
140.8829 	EXP 	Created sequence: sequential, trialTypes=2, nReps=1, seed=None
140.8835 	EXP 	New trial (rep=0, index=0): OrderedDict([('RestT1', 1), ('TaskT1', 0)])
140.8840 	EXP 	Created sequence: random, trialTypes=1, nReps=1, seed=None
140.8842 	EXP 	New trial (rep=0, index=0): None
140.9121 	EXP 	Created unnamed TextStim = TextStim(__class__=<class 'psychopy.visual.text.TextStim'>, alignHoriz=method-wrapper(...), alignText='center', alignVert=method-wrapper(...), anchorHoriz='center', anchorVert='center', antialias=True, autoLog=True, bold=False, color=array([-0.5, -0.5, -0.5]), colorSpace='rgb', contrast=1.0, depth=0, flipHoriz=False, flipVert=False, font='', fontFiles=[], height=0.05, italic=False, languageStyle='LTR', name='unnamed TextStim', opacity=1.0, ori=0.0, pos=array([0., 0.]), rgb=UNKNOWN, text=str(...), units='height', win=Window(...), wrapWidth=1)
175.1078 	DATA 	Keypress: s
175.1458 	EXP 	fixation_2: autoDraw = True
443.1326 	EXP 	Created unnamed TextStim = TextStim(__class__=<class 'psychopy.visual.text.TextStim'>, alignHoriz=method-wrapper(...), alignText='center', alignVert=method-wrapper(...), anchorHoriz='center', anchorVert='center', antialias=True, autoLog=True, bold=False, color=array([1., 1., 1.]), colorSpace='rgb', contrast=1.0, depth=0, flipHoriz=False, flipVert=False, font='', fontFiles=[], height=0.05, italic=False, languageStyle='LTR', name='unnamed TextStim', opacity=1.0, ori=0.0, pos=array([0., 0.]), rgb=UNKNOWN, text=str(...), units='height', win=Window(...), wrapWidth=1)
443.1480 	EXP 	fixation_2: autoDraw = False
484.2122 	DATA 	Keypress: e
484.2129 	EXP 	Created sequence: random, trialTypes=1, nReps=0, seed=None
484.2133 	EXP 	New trial (rep=0, index=1): OrderedDict([('RestT1', 0), ('TaskT1', 1)])
484.2136 	EXP 	Created sequence: random, trialTypes=1, nReps=0, seed=None
484.2140 	EXP 	Created sequence: random, trialTypes=1, nReps=1, seed=None
484.2142 	EXP 	New trial (rep=0, index=0): None
484.2316 	EXP 	Nbackinstructions: autoDraw = True
521.0396 	EXP 	Created unnamed TextStim = TextStim(__class__=<class 'psychopy.visual.text.TextStim'>, alignHoriz=method-wrapper(...), alignText='center', alignVert=method-wrapper(...), anchorHoriz='center', anchorVert='center', antialias=True, autoLog=True, bold=False, color=array([-0.5, -0.5, -0.5]), colorSpace='rgb', contrast=1.0, depth=0, flipHoriz=False, flipVert=False, font='', fontFiles=[], height=0.05, italic=False, languageStyle='LTR', name='unnamed TextStim', opacity=1.0, ori=0.0, pos=array([0., 0.]), rgb=UNKNOWN, text=str(...), units='height', win=Window(...), wrapWidth=1)
521.0411 	DATA 	Keypress: space
521.0486 	EXP 	Nbackinstructions: autoDraw = False
525.4522 	DATA 	Keypress: s
525.5102 	EXP 	Imported c:\Users\Dartmouth\Documents\GitHub\canlab\WASABI_public\fMRI Tasks\WASABI Task-T1\N-back-2.xlsx as conditions, 120 conditions, 3 params
525.5109 	EXP 	Created sequence: sequential, trialTypes=120, nReps=1, seed=None
525.5113 	EXP 	New trial (rep=0, index=0): {'square': 5, 'location': [0, 0], 'corrAns': None}
525.5117 	EXP 	window1: mouseVisible = False
525.5167 	EXP 	New trial (rep=0, index=1): {'square': 2, 'location': [0, 0.2], 'corrAns': None}
525.5171 	EXP 	window1: mouseVisible = False
525.5320 	EXP 	fixation_2: autoDraw = False
525.5320 	EXP 	target_square_2: pos = array([0., 0.])
525.5320 	EXP 	grid_lines_2: autoDraw = False
525.5320 	EXP 	target_square_2: autoDraw = False
525.5320 	EXP 	fixation_3: autoDraw = False
525.5320 	EXP 	target_square_2: pos = array([0. , 0.2])
525.5320 	EXP 	grid_lines_2: autoDraw = True
525.5320 	EXP 	target_square_2: autoDraw = True
526.0355 	EXP 	New trial (rep=0, index=2): {'square': 6, 'location': [0.2, 0], 'corrAns': None}
526.0360 	EXP 	window1: mouseVisible = False
526.0486 	EXP 	grid_lines_2: autoDraw = False
526.0486 	EXP 	target_square_2: autoDraw = False
526.0486 	EXP 	fixation_3: autoDraw = False
526.0486 	EXP 	target_square_2: pos = array([0.2, 0. ])
526.0486 	EXP 	grid_lines_2: autoDraw = True
526.0486 	EXP 	target_square_2: autoDraw = True
527.0320 	EXP 	fixation_3: autoDraw = True
527.0486 	EXP 	target_square_2: autoDraw = False
528.0320 	EXP 	fixation_3: autoDraw = False
528.0355 	EXP 	New trial (rep=0, index=3): {'square': 9, 'location': [0.2, -0.2], 'corrAns': None}
528.0361 	EXP 	window1: mouseVisible = False
528.0487 	EXP 	grid_lines_2: autoDraw = False
528.0487 	EXP 	target_square_2: autoDraw = False
528.0487 	EXP 	fixation_3: autoDraw = False
528.0487 	EXP 	target_square_2: pos = array([ 0.2, -0.2])
528.0487 	EXP 	grid_lines_2: autoDraw = True
528.0487 	EXP 	target_square_2: autoDraw = True
529.0320 	EXP 	fixation_3: autoDraw = True
529.0487 	EXP 	target_square_2: autoDraw = False
530.0320 	EXP 	fixation_3: autoDraw = False
530.0357 	EXP 	New trial (rep=0, index=4): {'square': 3, 'location': [0.2, 0.2], 'corrAns': None}
530.0362 	EXP 	window1: mouseVisible = False
530.0487 	EXP 	grid_lines_2: autoDraw = False
530.0487 	EXP 	target_square_2: autoDraw = False
530.0487 	EXP 	fixation_3: autoDraw = False
530.0487 	EXP 	target_square_2: pos = array([0.2, 0.2])
530.0487 	EXP 	grid_lines_2: autoDraw = True
530.0487 	EXP 	target_square_2: autoDraw = True
531.0320 	EXP 	fixation_3: autoDraw = True
531.0487 	EXP 	target_square_2: autoDraw = False
532.0320 	EXP 	fixation_3: autoDraw = False
532.0355 	EXP 	New trial (rep=0, index=5): {'square': 9, 'location': [0.2, -0.2], 'corrAns': 1}
532.0360 	EXP 	window1: mouseVisible = False
532.0487 	EXP 	grid_lines_2: autoDraw = False
532.0487 	EXP 	target_square_2: autoDraw = False
532.0487 	EXP 	fixation_3: autoDraw = False
532.0487 	EXP 	target_square_2: pos = array([ 0.2, -0.2])
532.0487 	EXP 	grid_lines_2: autoDraw = True
532.0487 	EXP 	target_square_2: autoDraw = True
533.0320 	EXP 	fixation_3: autoDraw = True
533.0487 	EXP 	target_square_2: autoDraw = False
534.0319 	EXP 	fixation_3: autoDraw = False
534.0355 	EXP 	New trial (rep=0, index=6): {'square': 7, 'location': [-0.2, -0.2], 'corrAns': None}
534.0360 	EXP 	window1: mouseVisible = False
534.0487 	EXP 	grid_lines_2: autoDraw = False
534.0487 	EXP 	target_square_2: autoDraw = False
534.0487 	EXP 	fixation_3: autoDraw = False
534.0487 	EXP 	target_square_2: pos = array([-0.2, -0.2])
534.0487 	EXP 	grid_lines_2: autoDraw = True
534.0487 	EXP 	target_square_2: autoDraw = True
535.0320 	EXP 	fixation_3: autoDraw = True
535.0487 	EXP 	target_square_2: autoDraw = False
536.0321 	EXP 	fixation_3: autoDraw = False
536.0356 	EXP 	New trial (rep=0, index=7): {'square': 1, 'location': [-0.2, 0.2], 'corrAns': None}
536.0361 	EXP 	window1: mouseVisible = False
536.0487 	EXP 	grid_lines_2: autoDraw = False
536.0487 	EXP 	target_square_2: autoDraw = False
536.0487 	EXP 	fixation_3: autoDraw = False
536.0487 	EXP 	target_square_2: pos = array([-0.2,  0.2])
536.0487 	EXP 	grid_lines_2: autoDraw = True
536.0487 	EXP 	target_square_2: autoDraw = True
537.0321 	EXP 	fixation_3: autoDraw = True
537.0487 	EXP 	target_square_2: autoDraw = False
538.0321 	EXP 	fixation_3: autoDraw = False
538.0355 	EXP 	New trial (rep=0, index=8): {'square': 5, 'location': [0, 0], 'corrAns': None}
538.0360 	EXP 	window1: mouseVisible = False
538.0487 	EXP 	grid_lines_2: autoDraw = False
538.0487 	EXP 	target_square_2: autoDraw = False
538.0487 	EXP 	fixation_3: autoDraw = False
538.0487 	EXP 	target_square_2: pos = array([0., 0.])
538.0487 	EXP 	grid_lines_2: autoDraw = True
538.0487 	EXP 	target_square_2: autoDraw = True
539.0321 	EXP 	fixation_3: autoDraw = True
539.0487 	EXP 	target_square_2: autoDraw = False
540.0321 	EXP 	fixation_3: autoDraw = False
540.0356 	EXP 	New trial (rep=0, index=9): {'square': 7, 'location': [-0.2, -0.2], 'corrAns': None}
540.0361 	EXP 	window1: mouseVisible = False
540.0488 	EXP 	grid_lines_2: autoDraw = False
540.0488 	EXP 	target_square_2: autoDraw = False
540.0488 	EXP 	fixation_3: autoDraw = False
540.0488 	EXP 	target_square_2: pos = array([-0.2, -0.2])
540.0488 	EXP 	grid_lines_2: autoDraw = True
540.0488 	EXP 	target_square_2: autoDraw = True
541.0321 	EXP 	fixation_3: autoDraw = True
541.0488 	EXP 	target_square_2: autoDraw = False
542.0322 	EXP 	fixation_3: autoDraw = False
542.0356 	EXP 	New trial (rep=0, index=10): {'square': 5, 'location': [0, 0], 'corrAns': 1}
542.0360 	EXP 	window1: mouseVisible = False
542.0488 	EXP 	grid_lines_2: autoDraw = False
542.0488 	EXP 	target_square_2: autoDraw = False
542.0488 	EXP 	fixation_3: autoDraw = False
542.0488 	EXP 	target_square_2: pos = array([0., 0.])
542.0488 	EXP 	grid_lines_2: autoDraw = True
542.0488 	EXP 	target_square_2: autoDraw = True
542.5659 	DATA 	Mouse: Left button down, pos=(968,557)
542.8577 	DATA 	Mouse:  Left button up, pos=(968,557)
543.0321 	EXP 	fixation_3: autoDraw = True
543.0488 	EXP 	target_square_2: autoDraw = False
544.0321 	EXP 	fixation_3: autoDraw = False
544.0360 	EXP 	New trial (rep=0, index=11): {'square': 6, 'location': [0.2, 0], 'corrAns': None}
544.0365 	EXP 	window1: mouseVisible = False
544.0488 	EXP 	grid_lines_2: autoDraw = False
544.0488 	EXP 	target_square_2: autoDraw = False
544.0488 	EXP 	fixation_3: autoDraw = False
544.0488 	EXP 	target_square_2: pos = array([0.2, 0. ])
544.0488 	EXP 	grid_lines_2: autoDraw = True
544.0488 	EXP 	target_square_2: autoDraw = True
545.0321 	EXP 	fixation_3: autoDraw = True
545.0488 	EXP 	target_square_2: autoDraw = False
546.0321 	EXP 	fixation_3: autoDraw = False
546.0357 	EXP 	New trial (rep=0, index=12): {'square': 3, 'location': [0.2, 0.2], 'corrAns': None}
546.0361 	EXP 	window1: mouseVisible = False
546.0488 	EXP 	grid_lines_2: autoDraw = False
546.0488 	EXP 	target_square_2: autoDraw = False
546.0488 	EXP 	fixation_3: autoDraw = False
546.0488 	EXP 	target_square_2: pos = array([0.2, 0.2])
546.0488 	EXP 	grid_lines_2: autoDraw = True
546.0488 	EXP 	target_square_2: autoDraw = True
547.0322 	EXP 	fixation_3: autoDraw = True
547.0487 	EXP 	target_square_2: autoDraw = False
548.0321 	EXP 	fixation_3: autoDraw = False
548.0357 	EXP 	New trial (rep=0, index=13): {'square': 6, 'location': [0.2, 0], 'corrAns': 1}
548.0361 	EXP 	window1: mouseVisible = False
548.0488 	EXP 	grid_lines_2: autoDraw = False
548.0488 	EXP 	target_square_2: autoDraw = False
548.0488 	EXP 	fixation_3: autoDraw = False
548.0488 	EXP 	target_square_2: pos = array([0.2, 0. ])
548.0488 	EXP 	grid_lines_2: autoDraw = True
548.0488 	EXP 	target_square_2: autoDraw = True
548.5825 	DATA 	Mouse: Left button down, pos=(968,557)
548.8576 	DATA 	Mouse:  Left button up, pos=(968,557)
549.0322 	EXP 	fixation_3: autoDraw = True
549.0488 	EXP 	target_square_2: autoDraw = False
550.0322 	EXP 	fixation_3: autoDraw = False
550.0359 	EXP 	New trial (rep=0, index=14): {'square': 8, 'location': [0, -0.2], 'corrAns': None}
550.0364 	EXP 	window1: mouseVisible = False
550.0488 	EXP 	grid_lines_2: autoDraw = False
550.0488 	EXP 	target_square_2: autoDraw = False
550.0488 	EXP 	fixation_3: autoDraw = False
550.0488 	EXP 	target_square_2: pos = array([ 0. , -0.2])
550.0488 	EXP 	grid_lines_2: autoDraw = True
550.0488 	EXP 	target_square_2: autoDraw = True
551.0322 	EXP 	fixation_3: autoDraw = True
551.0488 	EXP 	target_square_2: autoDraw = False
552.0322 	EXP 	fixation_3: autoDraw = False
552.0356 	EXP 	New trial (rep=0, index=15): {'square': 9, 'location': [0.2, -0.2], 'corrAns': None}
552.0361 	EXP 	window1: mouseVisible = False
552.0488 	EXP 	grid_lines_2: autoDraw = False
552.0488 	EXP 	target_square_2: autoDraw = False
552.0488 	EXP 	fixation_3: autoDraw = False
552.0488 	EXP 	target_square_2: pos = array([ 0.2, -0.2])
552.0488 	EXP 	grid_lines_2: autoDraw = True
552.0488 	EXP 	target_square_2: autoDraw = True
553.0322 	EXP 	fixation_3: autoDraw = True
553.0488 	EXP 	target_square_2: autoDraw = False
554.0322 	EXP 	fixation_3: autoDraw = False
554.0357 	EXP 	New trial (rep=0, index=16): {'square': 9, 'location': [0.2, -0.2], 'corrAns': None}
554.0362 	EXP 	window1: mouseVisible = False
554.0489 	EXP 	grid_lines_2: autoDraw = False
554.0489 	EXP 	target_square_2: autoDraw = False
554.0489 	EXP 	fixation_3: autoDraw = False
554.0489 	EXP 	target_square_2: pos = array([ 0.2, -0.2])
554.0489 	EXP 	grid_lines_2: autoDraw = True
554.0489 	EXP 	target_square_2: autoDraw = True
555.0322 	EXP 	fixation_3: autoDraw = True
555.0489 	EXP 	target_square_2: autoDraw = False
556.0322 	EXP 	fixation_3: autoDraw = False
556.0358 	EXP 	New trial (rep=0, index=17): {'square': 1, 'location': [-0.2, 0.2], 'corrAns': None}
556.0363 	EXP 	window1: mouseVisible = False
556.0489 	EXP 	grid_lines_2: autoDraw = False
556.0489 	EXP 	target_square_2: autoDraw = False
556.0489 	EXP 	fixation_3: autoDraw = False
556.0489 	EXP 	target_square_2: pos = array([-0.2,  0.2])
556.0489 	EXP 	grid_lines_2: autoDraw = True
556.0489 	EXP 	target_square_2: autoDraw = True
557.0322 	EXP 	fixation_3: autoDraw = True
557.0489 	EXP 	target_square_2: autoDraw = False
558.0322 	EXP 	fixation_3: autoDraw = False
558.0357 	EXP 	New trial (rep=0, index=18): {'square': 3, 'location': [0.2, 0.2], 'corrAns': None}
558.0362 	EXP 	window1: mouseVisible = False
558.0489 	EXP 	grid_lines_2: autoDraw = False
558.0489 	EXP 	target_square_2: autoDraw = False
558.0489 	EXP 	fixation_3: autoDraw = False
558.0489 	EXP 	target_square_2: pos = array([0.2, 0.2])
558.0489 	EXP 	grid_lines_2: autoDraw = True
558.0489 	EXP 	target_square_2: autoDraw = True
559.0323 	EXP 	fixation_3: autoDraw = True
559.0489 	EXP 	target_square_2: autoDraw = False
560.0322 	EXP 	fixation_3: autoDraw = False
560.0357 	EXP 	New trial (rep=0, index=19): {'square': 5, 'location': [0, 0], 'corrAns': None}
560.0361 	EXP 	window1: mouseVisible = False
560.0489 	EXP 	grid_lines_2: autoDraw = False
560.0489 	EXP 	target_square_2: autoDraw = False
560.0489 	EXP 	fixation_3: autoDraw = False
560.0489 	EXP 	target_square_2: pos = array([0., 0.])
560.0489 	EXP 	grid_lines_2: autoDraw = True
560.0489 	EXP 	target_square_2: autoDraw = True
561.0323 	EXP 	fixation_3: autoDraw = True
561.0489 	EXP 	target_square_2: autoDraw = False
562.0321 	EXP 	fixation_3: autoDraw = False
562.0357 	EXP 	New trial (rep=0, index=20): {'square': 3, 'location': [0.2, 0.2], 'corrAns': 1}
562.0361 	EXP 	window1: mouseVisible = False
562.0489 	EXP 	grid_lines_2: autoDraw = False
562.0489 	EXP 	target_square_2: autoDraw = False
562.0489 	EXP 	fixation_3: autoDraw = False
562.0489 	EXP 	target_square_2: pos = array([0.2, 0.2])
562.0489 	EXP 	grid_lines_2: autoDraw = True
562.0489 	EXP 	target_square_2: autoDraw = True
562.6826 	DATA 	Mouse: Left button down, pos=(968,557)
562.9660 	DATA 	Mouse:  Left button up, pos=(968,557)
563.0323 	EXP 	fixation_3: autoDraw = True
563.0490 	EXP 	target_square_2: autoDraw = False
564.0323 	EXP 	fixation_3: autoDraw = False
564.0358 	EXP 	New trial (rep=0, index=21): {'square': 4, 'location': [-0.2, 0], 'corrAns': None}
564.0362 	EXP 	window1: mouseVisible = False
564.0489 	EXP 	grid_lines_2: autoDraw = False
564.0489 	EXP 	target_square_2: autoDraw = False
564.0489 	EXP 	fixation_3: autoDraw = False
564.0489 	EXP 	target_square_2: pos = array([-0.2,  0. ])
564.0489 	EXP 	grid_lines_2: autoDraw = True
564.0489 	EXP 	target_square_2: autoDraw = True
565.0323 	EXP 	fixation_3: autoDraw = True
565.0490 	EXP 	target_square_2: autoDraw = False
566.0323 	EXP 	fixation_3: autoDraw = False
566.0359 	EXP 	New trial (rep=0, index=22): {'square': 7, 'location': [-0.2, -0.2], 'corrAns': None}
566.0363 	EXP 	window1: mouseVisible = False
566.0490 	EXP 	grid_lines_2: autoDraw = False
566.0490 	EXP 	target_square_2: autoDraw = False
566.0490 	EXP 	fixation_3: autoDraw = False
566.0490 	EXP 	target_square_2: pos = array([-0.2, -0.2])
566.0490 	EXP 	grid_lines_2: autoDraw = True
566.0490 	EXP 	target_square_2: autoDraw = True
567.0323 	EXP 	fixation_3: autoDraw = True
567.0490 	EXP 	target_square_2: autoDraw = False
568.0323 	EXP 	fixation_3: autoDraw = False
568.0358 	EXP 	New trial (rep=0, index=23): {'square': 4, 'location': [-0.2, 0], 'corrAns': 1}
568.0363 	EXP 	window1: mouseVisible = False
568.0490 	EXP 	grid_lines_2: autoDraw = False
568.0490 	EXP 	target_square_2: autoDraw = False
568.0490 	EXP 	fixation_3: autoDraw = False
568.0490 	EXP 	target_square_2: pos = array([-0.2,  0. ])
568.0490 	EXP 	grid_lines_2: autoDraw = True
568.0490 	EXP 	target_square_2: autoDraw = True
568.5327 	DATA 	Mouse: Left button down, pos=(968,557)
568.7493 	DATA 	Mouse:  Left button up, pos=(968,557)
569.0323 	EXP 	fixation_3: autoDraw = True
569.0490 	EXP 	target_square_2: autoDraw = False
570.0323 	EXP 	fixation_3: autoDraw = False
570.0359 	EXP 	New trial (rep=0, index=24): {'square': 4, 'location': [-0.2, 0], 'corrAns': None}
570.0364 	EXP 	window1: mouseVisible = False
570.0490 	EXP 	grid_lines_2: autoDraw = False
570.0490 	EXP 	target_square_2: autoDraw = False
570.0490 	EXP 	fixation_3: autoDraw = False
570.0490 	EXP 	target_square_2: pos = array([-0.2,  0. ])
570.0490 	EXP 	grid_lines_2: autoDraw = True
570.0490 	EXP 	target_square_2: autoDraw = True
571.0323 	EXP 	fixation_3: autoDraw = True
571.0490 	EXP 	target_square_2: autoDraw = False
572.0324 	EXP 	fixation_3: autoDraw = False
572.0358 	EXP 	New trial (rep=0, index=25): {'square': 5, 'location': [0, 0], 'corrAns': None}
572.0362 	EXP 	window1: mouseVisible = False
572.0490 	EXP 	grid_lines_2: autoDraw = False
572.0490 	EXP 	target_square_2: autoDraw = False
572.0490 	EXP 	fixation_3: autoDraw = False
572.0490 	EXP 	target_square_2: pos = array([0., 0.])
572.0490 	EXP 	grid_lines_2: autoDraw = True
572.0490 	EXP 	target_square_2: autoDraw = True
573.0324 	EXP 	fixation_3: autoDraw = True
573.0490 	EXP 	target_square_2: autoDraw = False
573.5327 	DATA 	Mouse: Left button down, pos=(968,561)
573.7744 	DATA 	Mouse:  Left button up, pos=(966,561)
574.0324 	EXP 	fixation_3: autoDraw = False
574.0358 	EXP 	New trial (rep=0, index=26): {'square': 2, 'location': [0, 0.2], 'corrAns': None}
574.0363 	EXP 	window1: mouseVisible = False
574.0490 	EXP 	grid_lines_2: autoDraw = False
574.0490 	EXP 	target_square_2: autoDraw = False
574.0490 	EXP 	fixation_3: autoDraw = False
574.0490 	EXP 	target_square_2: pos = array([0. , 0.2])
574.0490 	EXP 	grid_lines_2: autoDraw = True
574.0490 	EXP 	target_square_2: autoDraw = True
575.0324 	EXP 	fixation_3: autoDraw = True
575.0490 	EXP 	target_square_2: autoDraw = False
576.0324 	EXP 	fixation_3: autoDraw = False
576.0365 	EXP 	New trial (rep=0, index=27): {'square': 6, 'location': [0.2, 0], 'corrAns': None}
576.0369 	EXP 	window1: mouseVisible = False
576.0491 	EXP 	grid_lines_2: autoDraw = False
576.0491 	EXP 	target_square_2: autoDraw = False
576.0491 	EXP 	fixation_3: autoDraw = False
576.0491 	EXP 	target_square_2: pos = array([0.2, 0. ])
576.0491 	EXP 	grid_lines_2: autoDraw = True
576.0491 	EXP 	target_square_2: autoDraw = True
577.0324 	EXP 	fixation_3: autoDraw = True
577.0490 	EXP 	target_square_2: autoDraw = False
578.0324 	EXP 	fixation_3: autoDraw = False
578.0359 	EXP 	New trial (rep=0, index=28): {'square': 7, 'location': [-0.2, -0.2], 'corrAns': None}
578.0364 	EXP 	window1: mouseVisible = False
578.0491 	EXP 	grid_lines_2: autoDraw = False
578.0491 	EXP 	target_square_2: autoDraw = False
578.0491 	EXP 	fixation_3: autoDraw = False
578.0491 	EXP 	target_square_2: pos = array([-0.2, -0.2])
578.0491 	EXP 	grid_lines_2: autoDraw = True
578.0491 	EXP 	target_square_2: autoDraw = True
579.0324 	EXP 	fixation_3: autoDraw = True
579.0491 	EXP 	target_square_2: autoDraw = False
580.0324 	EXP 	fixation_3: autoDraw = False
580.0360 	EXP 	New trial (rep=0, index=29): {'square': 6, 'location': [0.2, 0], 'corrAns': 1}
580.0365 	EXP 	window1: mouseVisible = False
580.0491 	EXP 	grid_lines_2: autoDraw = False
580.0491 	EXP 	target_square_2: autoDraw = False
580.0491 	EXP 	fixation_3: autoDraw = False
580.0491 	EXP 	target_square_2: pos = array([0.2, 0. ])
580.0491 	EXP 	grid_lines_2: autoDraw = True
580.0491 	EXP 	target_square_2: autoDraw = True
580.4994 	DATA 	Mouse: Left button down, pos=(966,561)
580.6994 	DATA 	Mouse:  Left button up, pos=(966,561)
581.0325 	EXP 	fixation_3: autoDraw = True
581.0491 	EXP 	target_square_2: autoDraw = False
582.0324 	EXP 	fixation_3: autoDraw = False
582.0359 	EXP 	New trial (rep=0, index=30): {'square': 6, 'location': [0.2, 0], 'corrAns': None}
582.0364 	EXP 	window1: mouseVisible = False
582.0491 	EXP 	grid_lines_2: autoDraw = False
582.0491 	EXP 	target_square_2: autoDraw = False
582.0491 	EXP 	fixation_3: autoDraw = False
582.0491 	EXP 	target_square_2: pos = array([0.2, 0. ])
582.0491 	EXP 	grid_lines_2: autoDraw = True
582.0491 	EXP 	target_square_2: autoDraw = True
583.0325 	EXP 	fixation_3: autoDraw = True
583.0491 	EXP 	target_square_2: autoDraw = False
584.0325 	EXP 	fixation_3: autoDraw = False
584.0359 	EXP 	New trial (rep=0, index=31): {'square': 7, 'location': [-0.2, -0.2], 'corrAns': None}
584.0364 	EXP 	window1: mouseVisible = False
584.0491 	EXP 	grid_lines_2: autoDraw = False
584.0491 	EXP 	target_square_2: autoDraw = False
584.0491 	EXP 	fixation_3: autoDraw = False
584.0491 	EXP 	target_square_2: pos = array([-0.2, -0.2])
584.0491 	EXP 	grid_lines_2: autoDraw = True
584.0491 	EXP 	target_square_2: autoDraw = True
584.6686 	DATA 	Mouse: Left button down, pos=(966,561)
584.9076 	DATA 	Mouse:  Left button up, pos=(966,561)
585.0325 	EXP 	fixation_3: autoDraw = True
585.0491 	EXP 	target_square_2: autoDraw = False
586.0325 	EXP 	fixation_3: autoDraw = False
586.0363 	EXP 	New trial (rep=0, index=32): {'square': 6, 'location': [0.2, 0], 'corrAns': 1}
586.0368 	EXP 	window1: mouseVisible = False
586.0491 	EXP 	grid_lines_2: autoDraw = False
586.0491 	EXP 	target_square_2: autoDraw = False
586.0491 	EXP 	fixation_3: autoDraw = False
586.0491 	EXP 	target_square_2: pos = array([0.2, 0. ])
586.0491 	EXP 	grid_lines_2: autoDraw = True
586.0491 	EXP 	target_square_2: autoDraw = True
586.9996 	DATA 	Mouse: Left button down, pos=(962,565)
587.0325 	EXP 	fixation_3: autoDraw = True
587.0491 	EXP 	target_square_2: autoDraw = False
587.2084 	DATA 	Mouse:  Left button up, pos=(962,566)
588.0325 	EXP 	fixation_3: autoDraw = False
588.0359 	EXP 	New trial (rep=0, index=33): {'square': 2, 'location': [0, 0.2], 'corrAns': None}
588.0364 	EXP 	window1: mouseVisible = False
588.0491 	EXP 	grid_lines_2: autoDraw = False
588.0491 	EXP 	target_square_2: autoDraw = False
588.0491 	EXP 	fixation_3: autoDraw = False
588.0491 	EXP 	target_square_2: pos = array([0. , 0.2])
588.0491 	EXP 	grid_lines_2: autoDraw = True
588.0491 	EXP 	target_square_2: autoDraw = True
589.0325 	EXP 	fixation_3: autoDraw = True
589.0491 	EXP 	target_square_2: autoDraw = False
590.0325 	EXP 	fixation_3: autoDraw = False
590.0360 	EXP 	New trial (rep=0, index=34): {'square': 5, 'location': [0, 0], 'corrAns': None}
590.0364 	EXP 	window1: mouseVisible = False
590.0492 	EXP 	grid_lines_2: autoDraw = False
590.0492 	EXP 	target_square_2: autoDraw = False
590.0492 	EXP 	fixation_3: autoDraw = False
590.0492 	EXP 	target_square_2: pos = array([0., 0.])
590.0492 	EXP 	grid_lines_2: autoDraw = True
590.0492 	EXP 	target_square_2: autoDraw = True
591.0325 	EXP 	fixation_3: autoDraw = True
591.0492 	EXP 	target_square_2: autoDraw = False
592.0325 	EXP 	fixation_3: autoDraw = False
592.0361 	EXP 	New trial (rep=0, index=35): {'square': 4, 'location': [-0.2, 0], 'corrAns': None}
592.0366 	EXP 	window1: mouseVisible = False
592.0492 	EXP 	grid_lines_2: autoDraw = False
592.0492 	EXP 	target_square_2: autoDraw = False
592.0492 	EXP 	fixation_3: autoDraw = False
592.0492 	EXP 	target_square_2: pos = array([-0.2,  0. ])
592.0492 	EXP 	grid_lines_2: autoDraw = True
592.0492 	EXP 	target_square_2: autoDraw = True
593.0325 	EXP 	fixation_3: autoDraw = True
593.0492 	EXP 	target_square_2: autoDraw = False
594.0324 	EXP 	fixation_3: autoDraw = False
594.0359 	EXP 	New trial (rep=0, index=36): {'square': 4, 'location': [-0.2, 0], 'corrAns': None}
594.0364 	EXP 	window1: mouseVisible = False
594.0492 	EXP 	grid_lines_2: autoDraw = False
594.0492 	EXP 	target_square_2: autoDraw = False
594.0492 	EXP 	fixation_3: autoDraw = False
594.0492 	EXP 	target_square_2: pos = array([-0.2,  0. ])
594.0492 	EXP 	grid_lines_2: autoDraw = True
594.0492 	EXP 	target_square_2: autoDraw = True
595.0326 	EXP 	fixation_3: autoDraw = True
595.0492 	EXP 	target_square_2: autoDraw = False
596.0325 	EXP 	fixation_3: autoDraw = False
596.0361 	EXP 	New trial (rep=0, index=37): {'square': 7, 'location': [-0.2, -0.2], 'corrAns': None}
596.0367 	EXP 	window1: mouseVisible = False
596.0492 	EXP 	grid_lines_2: autoDraw = False
596.0492 	EXP 	target_square_2: autoDraw = False
596.0492 	EXP 	fixation_3: autoDraw = False
596.0492 	EXP 	target_square_2: pos = array([-0.2, -0.2])
596.0492 	EXP 	grid_lines_2: autoDraw = True
596.0492 	EXP 	target_square_2: autoDraw = True
597.0326 	EXP 	fixation_3: autoDraw = True
597.0492 	EXP 	target_square_2: autoDraw = False
598.0325 	EXP 	fixation_3: autoDraw = False
598.0360 	EXP 	New trial (rep=0, index=38): {'square': 4, 'location': [-0.2, 0], 'corrAns': 1}
598.0364 	EXP 	window1: mouseVisible = False
598.0492 	EXP 	grid_lines_2: autoDraw = False
598.0492 	EXP 	target_square_2: autoDraw = False
598.0492 	EXP 	fixation_3: autoDraw = False
598.0492 	EXP 	target_square_2: pos = array([-0.2,  0. ])
598.0492 	EXP 	grid_lines_2: autoDraw = True
598.0492 	EXP 	target_square_2: autoDraw = True
598.5996 	DATA 	Mouse: Left button down, pos=(962,566)
598.8076 	DATA 	Mouse:  Left button up, pos=(966,570)
599.0326 	EXP 	fixation_3: autoDraw = True
599.0492 	EXP 	target_square_2: autoDraw = False
600.0326 	EXP 	fixation_3: autoDraw = False
600.0360 	EXP 	New trial (rep=0, index=39): {'square': 3, 'location': [0.2, 0.2], 'corrAns': None}
600.0365 	EXP 	window1: mouseVisible = False
600.0492 	EXP 	grid_lines_2: autoDraw = False
600.0492 	EXP 	target_square_2: autoDraw = False
600.0492 	EXP 	fixation_3: autoDraw = False
600.0492 	EXP 	target_square_2: pos = array([0.2, 0.2])
600.0492 	EXP 	grid_lines_2: autoDraw = True
600.0492 	EXP 	target_square_2: autoDraw = True
601.0326 	EXP 	fixation_3: autoDraw = True
601.0493 	EXP 	target_square_2: autoDraw = False
602.0326 	EXP 	fixation_3: autoDraw = False
602.0364 	EXP 	New trial (rep=0, index=40): {'square': 5, 'location': [0, 0], 'corrAns': None}
602.0368 	EXP 	window1: mouseVisible = False
602.0493 	EXP 	grid_lines_2: autoDraw = False
602.0493 	EXP 	target_square_2: autoDraw = False
602.0493 	EXP 	fixation_3: autoDraw = False
602.0493 	EXP 	target_square_2: pos = array([0., 0.])
602.0493 	EXP 	grid_lines_2: autoDraw = True
602.0493 	EXP 	target_square_2: autoDraw = True
603.0326 	EXP 	fixation_3: autoDraw = True
603.0493 	EXP 	target_square_2: autoDraw = False
604.0326 	EXP 	fixation_3: autoDraw = False
604.0362 	EXP 	New trial (rep=0, index=41): {'square': 3, 'location': [0.2, 0.2], 'corrAns': 1}
604.0367 	EXP 	window1: mouseVisible = False
604.0493 	EXP 	grid_lines_2: autoDraw = False
604.0493 	EXP 	target_square_2: autoDraw = False
604.0493 	EXP 	fixation_3: autoDraw = False
604.0493 	EXP 	target_square_2: pos = array([0.2, 0.2])
604.0493 	EXP 	grid_lines_2: autoDraw = True
604.0493 	EXP 	target_square_2: autoDraw = True
604.5163 	DATA 	Mouse: Left button down, pos=(966,570)
604.7162 	DATA 	Mouse:  Left button up, pos=(966,570)
605.0326 	EXP 	fixation_3: autoDraw = True
605.0493 	EXP 	target_square_2: autoDraw = False
606.0326 	EXP 	fixation_3: autoDraw = False
606.0361 	EXP 	New trial (rep=0, index=42): {'square': 1, 'location': [-0.2, 0.2], 'corrAns': None}
606.0367 	EXP 	window1: mouseVisible = False
606.0493 	EXP 	grid_lines_2: autoDraw = False
606.0493 	EXP 	target_square_2: autoDraw = False
606.0493 	EXP 	fixation_3: autoDraw = False
606.0493 	EXP 	target_square_2: pos = array([-0.2,  0.2])
606.0493 	EXP 	grid_lines_2: autoDraw = True
606.0493 	EXP 	target_square_2: autoDraw = True
607.0327 	EXP 	fixation_3: autoDraw = True
607.0493 	EXP 	target_square_2: autoDraw = False
608.0326 	EXP 	fixation_3: autoDraw = False
608.0361 	EXP 	New trial (rep=0, index=43): {'square': 9, 'location': [0.2, -0.2], 'corrAns': None}
608.0365 	EXP 	window1: mouseVisible = False
608.0493 	EXP 	grid_lines_2: autoDraw = False
608.0493 	EXP 	target_square_2: autoDraw = False
608.0493 	EXP 	fixation_3: autoDraw = False
608.0493 	EXP 	target_square_2: pos = array([ 0.2, -0.2])
608.0493 	EXP 	grid_lines_2: autoDraw = True
608.0493 	EXP 	target_square_2: autoDraw = True
609.0327 	EXP 	fixation_3: autoDraw = True
609.0493 	EXP 	target_square_2: autoDraw = False
610.0327 	EXP 	fixation_3: autoDraw = False
610.0361 	EXP 	New trial (rep=0, index=44): {'square': 9, 'location': [0.2, -0.2], 'corrAns': None}
610.0366 	EXP 	window1: mouseVisible = False
610.0493 	EXP 	grid_lines_2: autoDraw = False
610.0493 	EXP 	target_square_2: autoDraw = False
610.0493 	EXP 	fixation_3: autoDraw = False
610.0493 	EXP 	target_square_2: pos = array([ 0.2, -0.2])
610.0493 	EXP 	grid_lines_2: autoDraw = True
610.0493 	EXP 	target_square_2: autoDraw = True
611.0327 	EXP 	fixation_3: autoDraw = True
611.0493 	EXP 	target_square_2: autoDraw = False
612.0327 	EXP 	fixation_3: autoDraw = False
612.0361 	EXP 	New trial (rep=0, index=45): {'square': 8, 'location': [0, -0.2], 'corrAns': None}
612.0366 	EXP 	window1: mouseVisible = False
612.0494 	EXP 	grid_lines_2: autoDraw = False
612.0494 	EXP 	target_square_2: autoDraw = False
612.0494 	EXP 	fixation_3: autoDraw = False
612.0494 	EXP 	target_square_2: pos = array([ 0. , -0.2])
612.0494 	EXP 	grid_lines_2: autoDraw = True
612.0494 	EXP 	target_square_2: autoDraw = True
613.0327 	EXP 	fixation_3: autoDraw = True
613.0493 	EXP 	target_square_2: autoDraw = False
614.0327 	EXP 	fixation_3: autoDraw = False
614.0363 	EXP 	New trial (rep=0, index=46): {'square': 6, 'location': [0.2, 0], 'corrAns': None}
614.0368 	EXP 	window1: mouseVisible = False
614.0493 	EXP 	grid_lines_2: autoDraw = False
614.0493 	EXP 	target_square_2: autoDraw = False
614.0493 	EXP 	fixation_3: autoDraw = False
614.0493 	EXP 	target_square_2: pos = array([0.2, 0. ])
614.0493 	EXP 	grid_lines_2: autoDraw = True
614.0493 	EXP 	target_square_2: autoDraw = True
615.0327 	EXP 	fixation_3: autoDraw = True
615.0494 	EXP 	target_square_2: autoDraw = False
616.0327 	EXP 	fixation_3: autoDraw = False
616.0362 	EXP 	New trial (rep=0, index=47): {'square': 3, 'location': [0.2, 0.2], 'corrAns': None}
616.0368 	EXP 	window1: mouseVisible = False
616.0493 	EXP 	grid_lines_2: autoDraw = False
616.0493 	EXP 	target_square_2: autoDraw = False
616.0493 	EXP 	fixation_3: autoDraw = False
616.0493 	EXP 	target_square_2: pos = array([0.2, 0.2])
616.0493 	EXP 	grid_lines_2: autoDraw = True
616.0493 	EXP 	target_square_2: autoDraw = True
617.0327 	EXP 	fixation_3: autoDraw = True
617.0494 	EXP 	target_square_2: autoDraw = False
618.0327 	EXP 	fixation_3: autoDraw = False
618.0362 	EXP 	New trial (rep=0, index=48): {'square': 6, 'location': [0.2, 0], 'corrAns': 1}
618.0366 	EXP 	window1: mouseVisible = False
618.0494 	EXP 	grid_lines_2: autoDraw = False
618.0494 	EXP 	target_square_2: autoDraw = False
618.0494 	EXP 	fixation_3: autoDraw = False
618.0494 	EXP 	target_square_2: pos = array([0.2, 0. ])
618.0494 	EXP 	grid_lines_2: autoDraw = True
618.0494 	EXP 	target_square_2: autoDraw = True
619.0328 	EXP 	fixation_3: autoDraw = True
619.0494 	EXP 	target_square_2: autoDraw = False
620.0328 	EXP 	fixation_3: autoDraw = False
620.0362 	EXP 	New trial (rep=0, index=49): {'square': 5, 'location': [0, 0], 'corrAns': None}
620.0366 	EXP 	window1: mouseVisible = False
620.0494 	EXP 	grid_lines_2: autoDraw = False
620.0494 	EXP 	target_square_2: autoDraw = False
620.0494 	EXP 	fixation_3: autoDraw = False
620.0494 	EXP 	target_square_2: pos = array([0., 0.])
620.0494 	EXP 	grid_lines_2: autoDraw = True
620.0494 	EXP 	target_square_2: autoDraw = True
621.0328 	EXP 	fixation_3: autoDraw = True
621.0494 	EXP 	target_square_2: autoDraw = False
622.0328 	EXP 	fixation_3: autoDraw = False
622.0364 	EXP 	New trial (rep=0, index=50): {'square': 7, 'location': [-0.2, -0.2], 'corrAns': None}
622.0369 	EXP 	window1: mouseVisible = False
622.0494 	EXP 	grid_lines_2: autoDraw = False
622.0494 	EXP 	target_square_2: autoDraw = False
622.0494 	EXP 	fixation_3: autoDraw = False
622.0494 	EXP 	target_square_2: pos = array([-0.2, -0.2])
622.0494 	EXP 	grid_lines_2: autoDraw = True
622.0494 	EXP 	target_square_2: autoDraw = True
623.0328 	EXP 	fixation_3: autoDraw = True
623.0495 	EXP 	target_square_2: autoDraw = False
624.0328 	EXP 	fixation_3: autoDraw = False
624.0363 	EXP 	New trial (rep=0, index=51): {'square': 5, 'location': [0, 0], 'corrAns': 1}
624.0367 	EXP 	window1: mouseVisible = False
624.0495 	EXP 	grid_lines_2: autoDraw = False
624.0495 	EXP 	target_square_2: autoDraw = False
624.0495 	EXP 	fixation_3: autoDraw = False
624.0495 	EXP 	target_square_2: pos = array([0., 0.])
624.0495 	EXP 	grid_lines_2: autoDraw = True
624.0495 	EXP 	target_square_2: autoDraw = True
624.4998 	DATA 	Mouse: Left button down, pos=(966,570)
624.7331 	DATA 	Mouse:  Left button up, pos=(965,571)
625.0328 	EXP 	fixation_3: autoDraw = True
625.0495 	EXP 	target_square_2: autoDraw = False
626.0328 	EXP 	fixation_3: autoDraw = False
626.0363 	EXP 	New trial (rep=0, index=52): {'square': 1, 'location': [-0.2, 0.2], 'corrAns': None}
626.0369 	EXP 	window1: mouseVisible = False
626.0495 	EXP 	grid_lines_2: autoDraw = False
626.0495 	EXP 	target_square_2: autoDraw = False
626.0495 	EXP 	fixation_3: autoDraw = False
626.0495 	EXP 	target_square_2: pos = array([-0.2,  0.2])
626.0495 	EXP 	grid_lines_2: autoDraw = True
626.0495 	EXP 	target_square_2: autoDraw = True
627.0328 	EXP 	fixation_3: autoDraw = True
627.0495 	EXP 	target_square_2: autoDraw = False
628.0328 	EXP 	fixation_3: autoDraw = False
628.0365 	EXP 	New trial (rep=0, index=53): {'square': 7, 'location': [-0.2, -0.2], 'corrAns': None}
628.0370 	EXP 	window1: mouseVisible = False
628.0495 	EXP 	grid_lines_2: autoDraw = False
628.0495 	EXP 	target_square_2: autoDraw = False
628.0495 	EXP 	fixation_3: autoDraw = False
628.0495 	EXP 	target_square_2: pos = array([-0.2, -0.2])
628.0495 	EXP 	grid_lines_2: autoDraw = True
628.0495 	EXP 	target_square_2: autoDraw = True
628.8165 	DATA 	Mouse: Left button down, pos=(965,571)
629.0259 	DATA 	Mouse:  Left button up, pos=(960,572)
629.0329 	EXP 	fixation_3: autoDraw = True
629.0495 	EXP 	target_square_2: autoDraw = False
630.0328 	EXP 	fixation_3: autoDraw = False
630.0363 	EXP 	New trial (rep=0, index=54): {'square': 9, 'location': [0.2, -0.2], 'corrAns': None}
630.0368 	EXP 	window1: mouseVisible = False
630.0495 	EXP 	grid_lines_2: autoDraw = False
630.0495 	EXP 	target_square_2: autoDraw = False
630.0495 	EXP 	fixation_3: autoDraw = False
630.0495 	EXP 	target_square_2: pos = array([ 0.2, -0.2])
630.0495 	EXP 	grid_lines_2: autoDraw = True
630.0495 	EXP 	target_square_2: autoDraw = True
631.0329 	EXP 	fixation_3: autoDraw = True
631.0495 	EXP 	target_square_2: autoDraw = False
632.0328 	EXP 	fixation_3: autoDraw = False
632.0364 	EXP 	New trial (rep=0, index=55): {'square': 3, 'location': [0.2, 0.2], 'corrAns': None}
632.0369 	EXP 	window1: mouseVisible = False
632.0495 	EXP 	grid_lines_2: autoDraw = False
632.0495 	EXP 	target_square_2: autoDraw = False
632.0495 	EXP 	fixation_3: autoDraw = False
632.0495 	EXP 	target_square_2: pos = array([0.2, 0.2])
632.0495 	EXP 	grid_lines_2: autoDraw = True
632.0495 	EXP 	target_square_2: autoDraw = True
633.0329 	EXP 	fixation_3: autoDraw = True
633.0495 	EXP 	target_square_2: autoDraw = False
634.0329 	EXP 	fixation_3: autoDraw = False
634.0365 	EXP 	New trial (rep=0, index=56): {'square': 9, 'location': [0.2, -0.2], 'corrAns': 1}
634.0369 	EXP 	window1: mouseVisible = False
634.0495 	EXP 	grid_lines_2: autoDraw = False
634.0495 	EXP 	target_square_2: autoDraw = False
634.0495 	EXP 	fixation_3: autoDraw = False
634.0495 	EXP 	target_square_2: pos = array([ 0.2, -0.2])
634.0495 	EXP 	grid_lines_2: autoDraw = True
634.0495 	EXP 	target_square_2: autoDraw = True
634.5165 	DATA 	Mouse: Left button down, pos=(957,576)
634.6911 	DATA 	Mouse:  Left button up, pos=(950,577)
635.0329 	EXP 	fixation_3: autoDraw = True
635.0495 	EXP 	target_square_2: autoDraw = False
636.0329 	EXP 	fixation_3: autoDraw = False
636.0363 	EXP 	New trial (rep=0, index=57): {'square': 6, 'location': [0.2, 0], 'corrAns': None}
636.0369 	EXP 	window1: mouseVisible = False
636.0496 	EXP 	grid_lines_2: autoDraw = False
636.0496 	EXP 	target_square_2: autoDraw = False
636.0496 	EXP 	fixation_3: autoDraw = False
636.0496 	EXP 	target_square_2: pos = array([0.2, 0. ])
636.0496 	EXP 	grid_lines_2: autoDraw = True
636.0496 	EXP 	target_square_2: autoDraw = True
637.0329 	EXP 	fixation_3: autoDraw = True
637.0496 	EXP 	target_square_2: autoDraw = False
638.0329 	EXP 	fixation_3: autoDraw = False
638.0365 	EXP 	New trial (rep=0, index=58): {'square': 2, 'location': [0, 0.2], 'corrAns': None}
638.0369 	EXP 	window1: mouseVisible = False
638.0496 	EXP 	grid_lines_2: autoDraw = False
638.0496 	EXP 	target_square_2: autoDraw = False
638.0496 	EXP 	fixation_3: autoDraw = False
638.0496 	EXP 	target_square_2: pos = array([0. , 0.2])
638.0496 	EXP 	grid_lines_2: autoDraw = True
638.0496 	EXP 	target_square_2: autoDraw = True
639.0329 	EXP 	fixation_3: autoDraw = True
639.0496 	EXP 	target_square_2: autoDraw = False
640.0329 	EXP 	fixation_3: autoDraw = False
640.0365 	EXP 	New trial (rep=0, index=59): {'square': 5, 'location': [0, 0], 'corrAns': None}
640.0370 	EXP 	window1: mouseVisible = False
640.0496 	EXP 	grid_lines_2: autoDraw = False
640.0496 	EXP 	target_square_2: autoDraw = False
640.0496 	EXP 	fixation_3: autoDraw = False
640.0496 	EXP 	target_square_2: pos = array([0., 0.])
640.0496 	EXP 	grid_lines_2: autoDraw = True
640.0496 	EXP 	target_square_2: autoDraw = True
641.0328 	EXP 	fixation_3: autoDraw = True
641.0496 	EXP 	target_square_2: autoDraw = False
642.0330 	EXP 	fixation_3: autoDraw = False
642.0365 	EXP 	New trial (rep=0, index=60): {'square': 5, 'location': [0, 0], 'corrAns': None}
642.0369 	EXP 	window1: mouseVisible = False
642.0496 	EXP 	grid_lines_2: autoDraw = False
642.0496 	EXP 	target_square_2: autoDraw = False
642.0496 	EXP 	fixation_3: autoDraw = False
642.0496 	EXP 	target_square_2: pos = array([0., 0.])
642.0496 	EXP 	grid_lines_2: autoDraw = True
642.0496 	EXP 	target_square_2: autoDraw = True
643.0330 	EXP 	fixation_3: autoDraw = True
643.0496 	EXP 	target_square_2: autoDraw = False
644.0330 	EXP 	fixation_3: autoDraw = False
644.0365 	EXP 	New trial (rep=0, index=61): {'square': 2, 'location': [0, 0.2], 'corrAns': None}
644.0369 	EXP 	window1: mouseVisible = False
644.0496 	EXP 	grid_lines_2: autoDraw = False
644.0496 	EXP 	target_square_2: autoDraw = False
644.0496 	EXP 	fixation_3: autoDraw = False
644.0496 	EXP 	target_square_2: pos = array([0. , 0.2])
644.0496 	EXP 	grid_lines_2: autoDraw = True
644.0496 	EXP 	target_square_2: autoDraw = True
645.0330 	EXP 	fixation_3: autoDraw = True
645.0496 	EXP 	target_square_2: autoDraw = False
646.0330 	EXP 	fixation_3: autoDraw = False
646.0367 	EXP 	New trial (rep=0, index=62): {'square': 6, 'location': [0.2, 0], 'corrAns': None}
646.0373 	EXP 	window1: mouseVisible = False
646.0496 	EXP 	grid_lines_2: autoDraw = False
646.0496 	EXP 	target_square_2: autoDraw = False
646.0496 	EXP 	fixation_3: autoDraw = False
646.0496 	EXP 	target_square_2: pos = array([0.2, 0. ])
646.0496 	EXP 	grid_lines_2: autoDraw = True
646.0496 	EXP 	target_square_2: autoDraw = True
647.0330 	EXP 	fixation_3: autoDraw = True
647.0496 	EXP 	target_square_2: autoDraw = False
648.0330 	EXP 	fixation_3: autoDraw = False
648.0366 	EXP 	New trial (rep=0, index=63): {'square': 9, 'location': [0.2, -0.2], 'corrAns': None}
648.0371 	EXP 	window1: mouseVisible = False
648.0496 	EXP 	grid_lines_2: autoDraw = False
648.0496 	EXP 	target_square_2: autoDraw = False
648.0496 	EXP 	fixation_3: autoDraw = False
648.0496 	EXP 	target_square_2: pos = array([ 0.2, -0.2])
648.0496 	EXP 	grid_lines_2: autoDraw = True
648.0496 	EXP 	target_square_2: autoDraw = True
649.0330 	EXP 	fixation_3: autoDraw = True
649.0496 	EXP 	target_square_2: autoDraw = False
650.0330 	EXP 	fixation_3: autoDraw = False
650.0367 	EXP 	New trial (rep=0, index=64): {'square': 3, 'location': [0.2, 0.2], 'corrAns': None}
650.0372 	EXP 	window1: mouseVisible = False
650.0497 	EXP 	grid_lines_2: autoDraw = False
650.0497 	EXP 	target_square_2: autoDraw = False
650.0497 	EXP 	fixation_3: autoDraw = False
650.0497 	EXP 	target_square_2: pos = array([0.2, 0.2])
650.0497 	EXP 	grid_lines_2: autoDraw = True
650.0497 	EXP 	target_square_2: autoDraw = True
651.0330 	EXP 	fixation_3: autoDraw = True
651.0497 	EXP 	target_square_2: autoDraw = False
652.0330 	EXP 	fixation_3: autoDraw = False
652.0365 	EXP 	New trial (rep=0, index=65): {'square': 9, 'location': [0.2, -0.2], 'corrAns': 1}
652.0370 	EXP 	window1: mouseVisible = False
652.0497 	EXP 	grid_lines_2: autoDraw = False
652.0497 	EXP 	target_square_2: autoDraw = False
652.0497 	EXP 	fixation_3: autoDraw = False
652.0497 	EXP 	target_square_2: pos = array([ 0.2, -0.2])
652.0497 	EXP 	grid_lines_2: autoDraw = True
652.0497 	EXP 	target_square_2: autoDraw = True
652.6363 	DATA 	Mouse: Left button down, pos=(949,578)
652.8333 	DATA 	Mouse:  Left button up, pos=(932,584)
653.0330 	EXP 	fixation_3: autoDraw = True
653.0497 	EXP 	target_square_2: autoDraw = False
654.0330 	EXP 	fixation_3: autoDraw = False
654.0365 	EXP 	New trial (rep=0, index=66): {'square': 7, 'location': [-0.2, -0.2], 'corrAns': None}
654.0370 	EXP 	window1: mouseVisible = False
654.0497 	EXP 	grid_lines_2: autoDraw = False
654.0497 	EXP 	target_square_2: autoDraw = False
654.0497 	EXP 	fixation_3: autoDraw = False
654.0497 	EXP 	target_square_2: pos = array([-0.2, -0.2])
654.0497 	EXP 	grid_lines_2: autoDraw = True
654.0497 	EXP 	target_square_2: autoDraw = True
655.0331 	EXP 	fixation_3: autoDraw = True
655.0497 	EXP 	target_square_2: autoDraw = False
656.0330 	EXP 	fixation_3: autoDraw = False
656.0365 	EXP 	New trial (rep=0, index=67): {'square': 1, 'location': [-0.2, 0.2], 'corrAns': None}
656.0371 	EXP 	window1: mouseVisible = False
656.0497 	EXP 	grid_lines_2: autoDraw = False
656.0497 	EXP 	target_square_2: autoDraw = False
656.0497 	EXP 	fixation_3: autoDraw = False
656.0497 	EXP 	target_square_2: pos = array([-0.2,  0.2])
656.0497 	EXP 	grid_lines_2: autoDraw = True
656.0497 	EXP 	target_square_2: autoDraw = True
657.0331 	EXP 	fixation_3: autoDraw = True
657.0497 	EXP 	target_square_2: autoDraw = False
658.0331 	EXP 	fixation_3: autoDraw = False
658.0366 	EXP 	New trial (rep=0, index=68): {'square': 5, 'location': [0, 0], 'corrAns': None}
658.0370 	EXP 	window1: mouseVisible = False
658.0497 	EXP 	grid_lines_2: autoDraw = False
658.0497 	EXP 	target_square_2: autoDraw = False
658.0497 	EXP 	fixation_3: autoDraw = False
658.0497 	EXP 	target_square_2: pos = array([0., 0.])
658.0497 	EXP 	grid_lines_2: autoDraw = True
658.0497 	EXP 	target_square_2: autoDraw = True
659.0331 	EXP 	fixation_3: autoDraw = True
659.0497 	EXP 	target_square_2: autoDraw = False
660.0331 	EXP 	fixation_3: autoDraw = False
660.0366 	EXP 	New trial (rep=0, index=69): {'square': 7, 'location': [-0.2, -0.2], 'corrAns': None}
660.0371 	EXP 	window1: mouseVisible = False
660.0498 	EXP 	grid_lines_2: autoDraw = False
660.0498 	EXP 	target_square_2: autoDraw = False
660.0498 	EXP 	fixation_3: autoDraw = False
660.0498 	EXP 	target_square_2: pos = array([-0.2, -0.2])
660.0498 	EXP 	grid_lines_2: autoDraw = True
660.0498 	EXP 	target_square_2: autoDraw = True
661.0331 	EXP 	fixation_3: autoDraw = True
661.0498 	EXP 	target_square_2: autoDraw = False
662.0331 	EXP 	fixation_3: autoDraw = False
662.0366 	EXP 	New trial (rep=0, index=70): {'square': 5, 'location': [0, 0], 'corrAns': 1}
662.0370 	EXP 	window1: mouseVisible = False
662.0498 	EXP 	grid_lines_2: autoDraw = False
662.0498 	EXP 	target_square_2: autoDraw = False
662.0498 	EXP 	fixation_3: autoDraw = False
662.0498 	EXP 	target_square_2: pos = array([0., 0.])
662.0498 	EXP 	grid_lines_2: autoDraw = True
662.0498 	EXP 	target_square_2: autoDraw = True
662.9698 	DATA 	Mouse: Left button down, pos=(930,583)
663.0331 	EXP 	fixation_3: autoDraw = True
663.0498 	EXP 	target_square_2: autoDraw = False
663.1765 	DATA 	Mouse:  Left button up, pos=(924,584)
664.0331 	EXP 	fixation_3: autoDraw = False
664.0367 	EXP 	New trial (rep=0, index=71): {'square': 6, 'location': [0.2, 0], 'corrAns': None}
664.0371 	EXP 	window1: mouseVisible = False
664.0498 	EXP 	grid_lines_2: autoDraw = False
664.0498 	EXP 	target_square_2: autoDraw = False
664.0498 	EXP 	fixation_3: autoDraw = False
664.0498 	EXP 	target_square_2: pos = array([0.2, 0. ])
664.0498 	EXP 	grid_lines_2: autoDraw = True
664.0498 	EXP 	target_square_2: autoDraw = True
665.0331 	EXP 	fixation_3: autoDraw = True
665.0498 	EXP 	target_square_2: autoDraw = False
666.0331 	EXP 	fixation_3: autoDraw = False
666.0367 	EXP 	New trial (rep=0, index=72): {'square': 3, 'location': [0.2, 0.2], 'corrAns': None}
666.0372 	EXP 	window1: mouseVisible = False
666.0498 	EXP 	grid_lines_2: autoDraw = False
666.0498 	EXP 	target_square_2: autoDraw = False
666.0498 	EXP 	fixation_3: autoDraw = False
666.0498 	EXP 	target_square_2: pos = array([0.2, 0.2])
666.0498 	EXP 	grid_lines_2: autoDraw = True
666.0498 	EXP 	target_square_2: autoDraw = True
667.0332 	EXP 	fixation_3: autoDraw = True
667.0498 	EXP 	target_square_2: autoDraw = False
668.0332 	EXP 	fixation_3: autoDraw = False
668.0368 	EXP 	New trial (rep=0, index=73): {'square': 6, 'location': [0.2, 0], 'corrAns': 1}
668.0373 	EXP 	window1: mouseVisible = False
668.0498 	EXP 	grid_lines_2: autoDraw = False
668.0498 	EXP 	target_square_2: autoDraw = False
668.0498 	EXP 	fixation_3: autoDraw = False
668.0498 	EXP 	target_square_2: pos = array([0.2, 0. ])
668.0498 	EXP 	grid_lines_2: autoDraw = True
668.0498 	EXP 	target_square_2: autoDraw = True
668.5501 	DATA 	Mouse: Left button down, pos=(923,585)
668.7335 	DATA 	Mouse:  Left button up, pos=(909,588)
669.0332 	EXP 	fixation_3: autoDraw = True
669.0498 	EXP 	target_square_2: autoDraw = False
670.0332 	EXP 	fixation_3: autoDraw = False
670.0367 	EXP 	New trial (rep=0, index=74): {'square': 8, 'location': [0, -0.2], 'corrAns': None}
670.0371 	EXP 	window1: mouseVisible = False
670.0499 	EXP 	grid_lines_2: autoDraw = False
670.0499 	EXP 	target_square_2: autoDraw = False
670.0499 	EXP 	fixation_3: autoDraw = False
670.0499 	EXP 	target_square_2: pos = array([ 0. , -0.2])
670.0499 	EXP 	grid_lines_2: autoDraw = True
670.0499 	EXP 	target_square_2: autoDraw = True
671.0332 	EXP 	fixation_3: autoDraw = True
671.0498 	EXP 	target_square_2: autoDraw = False
672.0332 	EXP 	fixation_3: autoDraw = False
672.0366 	EXP 	New trial (rep=0, index=75): {'square': 9, 'location': [0.2, -0.2], 'corrAns': None}
672.0371 	EXP 	window1: mouseVisible = False
672.0499 	EXP 	grid_lines_2: autoDraw = False
672.0499 	EXP 	target_square_2: autoDraw = False
672.0499 	EXP 	fixation_3: autoDraw = False
672.0499 	EXP 	target_square_2: pos = array([ 0.2, -0.2])
672.0499 	EXP 	grid_lines_2: autoDraw = True
672.0499 	EXP 	target_square_2: autoDraw = True
673.0332 	EXP 	fixation_3: autoDraw = True
673.0499 	EXP 	target_square_2: autoDraw = False
674.0332 	EXP 	fixation_3: autoDraw = False
674.0367 	EXP 	New trial (rep=0, index=76): {'square': 9, 'location': [0.2, -0.2], 'corrAns': None}
674.0372 	EXP 	window1: mouseVisible = False
674.0499 	EXP 	grid_lines_2: autoDraw = False
674.0499 	EXP 	target_square_2: autoDraw = False
674.0499 	EXP 	fixation_3: autoDraw = False
674.0499 	EXP 	target_square_2: pos = array([ 0.2, -0.2])
674.0499 	EXP 	grid_lines_2: autoDraw = True
674.0499 	EXP 	target_square_2: autoDraw = True
675.0332 	EXP 	fixation_3: autoDraw = True
675.0499 	EXP 	target_square_2: autoDraw = False
676.0332 	EXP 	fixation_3: autoDraw = False
676.0368 	EXP 	New trial (rep=0, index=77): {'square': 1, 'location': [-0.2, 0.2], 'corrAns': None}
676.0373 	EXP 	window1: mouseVisible = False
676.0499 	EXP 	grid_lines_2: autoDraw = False
676.0499 	EXP 	target_square_2: autoDraw = False
676.0499 	EXP 	fixation_3: autoDraw = False
676.0499 	EXP 	target_square_2: pos = array([-0.2,  0.2])
676.0499 	EXP 	grid_lines_2: autoDraw = True
676.0499 	EXP 	target_square_2: autoDraw = True
677.0332 	EXP 	fixation_3: autoDraw = True
677.0499 	EXP 	target_square_2: autoDraw = False
678.0332 	EXP 	fixation_3: autoDraw = False
678.0367 	EXP 	New trial (rep=0, index=78): {'square': 3, 'location': [0.2, 0.2], 'corrAns': None}
678.0372 	EXP 	window1: mouseVisible = False
678.0499 	EXP 	grid_lines_2: autoDraw = False
678.0499 	EXP 	target_square_2: autoDraw = False
678.0499 	EXP 	fixation_3: autoDraw = False
678.0499 	EXP 	target_square_2: pos = array([0.2, 0.2])
678.0499 	EXP 	grid_lines_2: autoDraw = True
678.0499 	EXP 	target_square_2: autoDraw = True
679.0332 	EXP 	fixation_3: autoDraw = True
679.0499 	EXP 	target_square_2: autoDraw = False
680.0333 	EXP 	fixation_3: autoDraw = False
680.0368 	EXP 	New trial (rep=0, index=79): {'square': 5, 'location': [0, 0], 'corrAns': None}
680.0372 	EXP 	window1: mouseVisible = False
680.0499 	EXP 	grid_lines_2: autoDraw = False
680.0499 	EXP 	target_square_2: autoDraw = False
680.0499 	EXP 	fixation_3: autoDraw = False
680.0499 	EXP 	target_square_2: pos = array([0., 0.])
680.0499 	EXP 	grid_lines_2: autoDraw = True
680.0499 	EXP 	target_square_2: autoDraw = True
681.0333 	EXP 	fixation_3: autoDraw = True
681.0499 	EXP 	target_square_2: autoDraw = False
682.0333 	EXP 	fixation_3: autoDraw = False
682.0369 	EXP 	New trial (rep=0, index=80): {'square': 3, 'location': [0.2, 0.2], 'corrAns': 1}
682.0373 	EXP 	window1: mouseVisible = False
682.0499 	EXP 	grid_lines_2: autoDraw = False
682.0499 	EXP 	target_square_2: autoDraw = False
682.0499 	EXP 	fixation_3: autoDraw = False
682.0499 	EXP 	target_square_2: pos = array([0.2, 0.2])
682.0499 	EXP 	grid_lines_2: autoDraw = True
682.0499 	EXP 	target_square_2: autoDraw = True
682.4529 	DATA 	Mouse: Left button down, pos=(909,588)
682.6747 	DATA 	Mouse:  Left button up, pos=(908,588)
683.0333 	EXP 	fixation_3: autoDraw = True
683.0500 	EXP 	target_square_2: autoDraw = False
684.0333 	EXP 	fixation_3: autoDraw = False
684.0368 	EXP 	New trial (rep=0, index=81): {'square': 4, 'location': [-0.2, 0], 'corrAns': None}
684.0372 	EXP 	window1: mouseVisible = False
684.0500 	EXP 	grid_lines_2: autoDraw = False
684.0500 	EXP 	target_square_2: autoDraw = False
684.0500 	EXP 	fixation_3: autoDraw = False
684.0500 	EXP 	target_square_2: pos = array([-0.2,  0. ])
684.0500 	EXP 	grid_lines_2: autoDraw = True
684.0500 	EXP 	target_square_2: autoDraw = True
685.0333 	EXP 	fixation_3: autoDraw = True
685.0501 	EXP 	target_square_2: autoDraw = False
686.0333 	EXP 	fixation_3: autoDraw = False
686.0367 	EXP 	New trial (rep=0, index=82): {'square': 7, 'location': [-0.2, -0.2], 'corrAns': None}
686.0373 	EXP 	window1: mouseVisible = False
686.0500 	EXP 	grid_lines_2: autoDraw = False
686.0500 	EXP 	target_square_2: autoDraw = False
686.0500 	EXP 	fixation_3: autoDraw = False
686.0500 	EXP 	target_square_2: pos = array([-0.2, -0.2])
686.0500 	EXP 	grid_lines_2: autoDraw = True
686.0500 	EXP 	target_square_2: autoDraw = True
687.0333 	EXP 	fixation_3: autoDraw = True
687.0500 	EXP 	target_square_2: autoDraw = False
688.0333 	EXP 	fixation_3: autoDraw = False
688.0369 	EXP 	New trial (rep=0, index=83): {'square': 4, 'location': [-0.2, 0], 'corrAns': 1}
688.0373 	EXP 	window1: mouseVisible = False
688.0500 	EXP 	grid_lines_2: autoDraw = False
688.0500 	EXP 	target_square_2: autoDraw = False
688.0500 	EXP 	fixation_3: autoDraw = False
688.0500 	EXP 	target_square_2: pos = array([-0.2,  0. ])
688.0500 	EXP 	grid_lines_2: autoDraw = True
688.0500 	EXP 	target_square_2: autoDraw = True
688.5837 	DATA 	Mouse: Left button down, pos=(906,589)
688.7747 	DATA 	Mouse:  Left button up, pos=(900,593)
689.0333 	EXP 	fixation_3: autoDraw = True
689.0500 	EXP 	target_square_2: autoDraw = False
690.0333 	EXP 	fixation_3: autoDraw = False
690.0369 	EXP 	New trial (rep=0, index=84): {'square': 4, 'location': [-0.2, 0], 'corrAns': None}
690.0373 	EXP 	window1: mouseVisible = False
690.0500 	EXP 	grid_lines_2: autoDraw = False
690.0500 	EXP 	target_square_2: autoDraw = False
690.0500 	EXP 	fixation_3: autoDraw = False
690.0500 	EXP 	target_square_2: pos = array([-0.2,  0. ])
690.0500 	EXP 	grid_lines_2: autoDraw = True
690.0500 	EXP 	target_square_2: autoDraw = True
691.0333 	EXP 	fixation_3: autoDraw = True
691.0500 	EXP 	target_square_2: autoDraw = False
692.0334 	EXP 	fixation_3: autoDraw = False
692.0369 	EXP 	New trial (rep=0, index=85): {'square': 5, 'location': [0, 0], 'corrAns': None}
692.0373 	EXP 	window1: mouseVisible = False
692.0500 	EXP 	grid_lines_2: autoDraw = False
692.0500 	EXP 	target_square_2: autoDraw = False
692.0500 	EXP 	fixation_3: autoDraw = False
692.0500 	EXP 	target_square_2: pos = array([0., 0.])
692.0500 	EXP 	grid_lines_2: autoDraw = True
692.0500 	EXP 	target_square_2: autoDraw = True
693.0334 	EXP 	fixation_3: autoDraw = True
693.0500 	EXP 	target_square_2: autoDraw = False
694.0334 	EXP 	fixation_3: autoDraw = False
694.0369 	EXP 	New trial (rep=0, index=86): {'square': 2, 'location': [0, 0.2], 'corrAns': None}
694.0374 	EXP 	window1: mouseVisible = False
694.0500 	EXP 	grid_lines_2: autoDraw = False
694.0500 	EXP 	target_square_2: autoDraw = False
694.0500 	EXP 	fixation_3: autoDraw = False
694.0500 	EXP 	target_square_2: pos = array([0. , 0.2])
694.0500 	EXP 	grid_lines_2: autoDraw = True
694.0500 	EXP 	target_square_2: autoDraw = True
695.0334 	EXP 	fixation_3: autoDraw = True
695.0501 	EXP 	target_square_2: autoDraw = False
696.0334 	EXP 	fixation_3: autoDraw = False
696.0372 	EXP 	New trial (rep=0, index=87): {'square': 6, 'location': [0.2, 0], 'corrAns': None}
696.0379 	EXP 	window1: mouseVisible = False
696.0501 	EXP 	grid_lines_2: autoDraw = False
696.0501 	EXP 	target_square_2: autoDraw = False
696.0501 	EXP 	fixation_3: autoDraw = False
696.0501 	EXP 	target_square_2: pos = array([0.2, 0. ])
696.0501 	EXP 	grid_lines_2: autoDraw = True
696.0501 	EXP 	target_square_2: autoDraw = True
697.0334 	EXP 	fixation_3: autoDraw = True
697.0501 	EXP 	target_square_2: autoDraw = False
698.0334 	EXP 	fixation_3: autoDraw = False
698.0370 	EXP 	New trial (rep=0, index=88): {'square': 7, 'location': [-0.2, -0.2], 'corrAns': None}
698.0374 	EXP 	window1: mouseVisible = False
698.0501 	EXP 	grid_lines_2: autoDraw = False
698.0501 	EXP 	target_square_2: autoDraw = False
698.0501 	EXP 	fixation_3: autoDraw = False
698.0501 	EXP 	target_square_2: pos = array([-0.2, -0.2])
698.0501 	EXP 	grid_lines_2: autoDraw = True
698.0501 	EXP 	target_square_2: autoDraw = True
699.0334 	EXP 	fixation_3: autoDraw = True
699.0501 	EXP 	target_square_2: autoDraw = False
700.0334 	EXP 	fixation_3: autoDraw = False
700.0370 	EXP 	New trial (rep=0, index=89): {'square': 6, 'location': [0.2, 0], 'corrAns': 1}
700.0374 	EXP 	window1: mouseVisible = False
700.0501 	EXP 	grid_lines_2: autoDraw = False
700.0501 	EXP 	target_square_2: autoDraw = False
700.0501 	EXP 	fixation_3: autoDraw = False
700.0501 	EXP 	target_square_2: pos = array([0.2, 0. ])
700.0501 	EXP 	grid_lines_2: autoDraw = True
700.0501 	EXP 	target_square_2: autoDraw = True
701.0334 	EXP 	fixation_3: autoDraw = True
701.0501 	EXP 	target_square_2: autoDraw = False
702.0335 	EXP 	fixation_3: autoDraw = False
702.0370 	EXP 	New trial (rep=0, index=90): {'square': 6, 'location': [0.2, 0], 'corrAns': None}
702.0374 	EXP 	window1: mouseVisible = False
702.0500 	EXP 	grid_lines_2: autoDraw = False
702.0500 	EXP 	target_square_2: autoDraw = False
702.0500 	EXP 	fixation_3: autoDraw = False
702.0500 	EXP 	target_square_2: pos = array([0.2, 0. ])
702.0500 	EXP 	grid_lines_2: autoDraw = True
702.0500 	EXP 	target_square_2: autoDraw = True
703.0335 	EXP 	fixation_3: autoDraw = True
703.0501 	EXP 	target_square_2: autoDraw = False
704.0335 	EXP 	fixation_3: autoDraw = False
704.0370 	EXP 	New trial (rep=0, index=91): {'square': 7, 'location': [-0.2, -0.2], 'corrAns': None}
704.0375 	EXP 	window1: mouseVisible = False
704.0501 	EXP 	grid_lines_2: autoDraw = False
704.0501 	EXP 	target_square_2: autoDraw = False
704.0501 	EXP 	fixation_3: autoDraw = False
704.0501 	EXP 	target_square_2: pos = array([-0.2, -0.2])
704.0501 	EXP 	grid_lines_2: autoDraw = True
704.0501 	EXP 	target_square_2: autoDraw = True
705.0335 	EXP 	fixation_3: autoDraw = True
705.0501 	EXP 	target_square_2: autoDraw = False
706.0335 	EXP 	fixation_3: autoDraw = False
706.0370 	EXP 	New trial (rep=0, index=92): {'square': 6, 'location': [0.2, 0], 'corrAns': 1}
706.0376 	EXP 	window1: mouseVisible = False
706.0501 	EXP 	grid_lines_2: autoDraw = False
706.0501 	EXP 	target_square_2: autoDraw = False
706.0501 	EXP 	fixation_3: autoDraw = False
706.0501 	EXP 	target_square_2: pos = array([0.2, 0. ])
706.0501 	EXP 	grid_lines_2: autoDraw = True
706.0501 	EXP 	target_square_2: autoDraw = True
706.8338 	DATA 	Mouse: Left button down, pos=(898,593)
707.0172 	DATA 	Mouse:  Left button up, pos=(887,594)
707.0335 	EXP 	fixation_3: autoDraw = True
707.0501 	EXP 	target_square_2: autoDraw = False
708.0335 	EXP 	fixation_3: autoDraw = False
708.0370 	EXP 	New trial (rep=0, index=93): {'square': 2, 'location': [0, 0.2], 'corrAns': None}
708.0375 	EXP 	window1: mouseVisible = False
708.0502 	EXP 	grid_lines_2: autoDraw = False
708.0502 	EXP 	target_square_2: autoDraw = False
708.0502 	EXP 	fixation_3: autoDraw = False
708.0502 	EXP 	target_square_2: pos = array([0. , 0.2])
708.0502 	EXP 	grid_lines_2: autoDraw = True
708.0502 	EXP 	target_square_2: autoDraw = True
709.0335 	EXP 	fixation_3: autoDraw = True
709.0502 	EXP 	target_square_2: autoDraw = False
710.0335 	EXP 	fixation_3: autoDraw = False
710.0372 	EXP 	New trial (rep=0, index=94): {'square': 5, 'location': [0, 0], 'corrAns': None}
710.0377 	EXP 	window1: mouseVisible = False
710.0502 	EXP 	grid_lines_2: autoDraw = False
710.0502 	EXP 	target_square_2: autoDraw = False
710.0502 	EXP 	fixation_3: autoDraw = False
710.0502 	EXP 	target_square_2: pos = array([0., 0.])
710.0502 	EXP 	grid_lines_2: autoDraw = True
710.0502 	EXP 	target_square_2: autoDraw = True
711.0335 	EXP 	fixation_3: autoDraw = True
711.0502 	EXP 	target_square_2: autoDraw = False
712.0335 	EXP 	fixation_3: autoDraw = False
712.0370 	EXP 	New trial (rep=0, index=95): {'square': 4, 'location': [-0.2, 0], 'corrAns': None}
712.0375 	EXP 	window1: mouseVisible = False
712.0502 	EXP 	grid_lines_2: autoDraw = False
712.0502 	EXP 	target_square_2: autoDraw = False
712.0502 	EXP 	fixation_3: autoDraw = False
712.0502 	EXP 	target_square_2: pos = array([-0.2,  0. ])
712.0502 	EXP 	grid_lines_2: autoDraw = True
712.0502 	EXP 	target_square_2: autoDraw = True
713.0335 	EXP 	fixation_3: autoDraw = True
713.0502 	EXP 	target_square_2: autoDraw = False
714.0335 	EXP 	fixation_3: autoDraw = False
714.0371 	EXP 	New trial (rep=0, index=96): {'square': 4, 'location': [-0.2, 0], 'corrAns': None}
714.0376 	EXP 	window1: mouseVisible = False
714.0502 	EXP 	grid_lines_2: autoDraw = False
714.0502 	EXP 	target_square_2: autoDraw = False
714.0502 	EXP 	fixation_3: autoDraw = False
714.0502 	EXP 	target_square_2: pos = array([-0.2,  0. ])
714.0502 	EXP 	grid_lines_2: autoDraw = True
714.0502 	EXP 	target_square_2: autoDraw = True
715.0336 	EXP 	fixation_3: autoDraw = True
715.0502 	EXP 	target_square_2: autoDraw = False
716.0336 	EXP 	fixation_3: autoDraw = False
716.0372 	EXP 	New trial (rep=0, index=97): {'square': 7, 'location': [-0.2, -0.2], 'corrAns': None}
716.0378 	EXP 	window1: mouseVisible = False
716.0502 	EXP 	grid_lines_2: autoDraw = False
716.0502 	EXP 	target_square_2: autoDraw = False
716.0502 	EXP 	fixation_3: autoDraw = False
716.0502 	EXP 	target_square_2: pos = array([-0.2, -0.2])
716.0502 	EXP 	grid_lines_2: autoDraw = True
716.0502 	EXP 	target_square_2: autoDraw = True
717.0335 	EXP 	fixation_3: autoDraw = True
717.0502 	EXP 	target_square_2: autoDraw = False
718.0336 	EXP 	fixation_3: autoDraw = False
718.0372 	EXP 	New trial (rep=0, index=98): {'square': 4, 'location': [-0.2, 0], 'corrAns': 1}
718.0377 	EXP 	window1: mouseVisible = False
718.0503 	EXP 	grid_lines_2: autoDraw = False
718.0503 	EXP 	target_square_2: autoDraw = False
718.0503 	EXP 	fixation_3: autoDraw = False
718.0503 	EXP 	target_square_2: pos = array([-0.2,  0. ])
718.0503 	EXP 	grid_lines_2: autoDraw = True
718.0503 	EXP 	target_square_2: autoDraw = True
718.5174 	DATA 	Mouse: Left button down, pos=(885,594)
718.7091 	DATA 	Mouse:  Left button up, pos=(885,595)
719.0336 	EXP 	fixation_3: autoDraw = True
719.0502 	EXP 	target_square_2: autoDraw = False
720.0335 	EXP 	fixation_3: autoDraw = False
720.0369 	EXP 	New trial (rep=0, index=99): {'square': 3, 'location': [0.2, 0.2], 'corrAns': None}
720.0374 	EXP 	window1: mouseVisible = False
720.0503 	EXP 	grid_lines_2: autoDraw = False
720.0503 	EXP 	target_square_2: autoDraw = False
720.0503 	EXP 	fixation_3: autoDraw = False
720.0503 	EXP 	target_square_2: pos = array([0.2, 0.2])
720.0503 	EXP 	grid_lines_2: autoDraw = True
720.0503 	EXP 	target_square_2: autoDraw = True
721.0336 	EXP 	fixation_3: autoDraw = True
721.0503 	EXP 	target_square_2: autoDraw = False
722.0337 	EXP 	fixation_3: autoDraw = False
722.0372 	EXP 	New trial (rep=0, index=100): {'square': 5, 'location': [0, 0], 'corrAns': None}
722.0376 	EXP 	window1: mouseVisible = False
722.0502 	EXP 	grid_lines_2: autoDraw = False
722.0502 	EXP 	target_square_2: autoDraw = False
722.0502 	EXP 	fixation_3: autoDraw = False
722.0502 	EXP 	target_square_2: pos = array([0., 0.])
722.0502 	EXP 	grid_lines_2: autoDraw = True
722.0502 	EXP 	target_square_2: autoDraw = True
723.0336 	EXP 	fixation_3: autoDraw = True
723.0503 	EXP 	target_square_2: autoDraw = False
724.0336 	EXP 	fixation_3: autoDraw = False
724.0373 	EXP 	New trial (rep=0, index=101): {'square': 3, 'location': [0.2, 0.2], 'corrAns': 1}
724.0378 	EXP 	window1: mouseVisible = False
724.0503 	EXP 	grid_lines_2: autoDraw = False
724.0503 	EXP 	target_square_2: autoDraw = False
724.0503 	EXP 	fixation_3: autoDraw = False
724.0503 	EXP 	target_square_2: pos = array([0.2, 0.2])
724.0503 	EXP 	grid_lines_2: autoDraw = True
724.0503 	EXP 	target_square_2: autoDraw = True
724.4840 	DATA 	Mouse: Left button down, pos=(885,595)
724.6427 	DATA 	Mouse:  Left button up, pos=(876,597)
725.0336 	EXP 	fixation_3: autoDraw = True
725.0503 	EXP 	target_square_2: autoDraw = False
726.0336 	EXP 	fixation_3: autoDraw = False
726.0372 	EXP 	New trial (rep=0, index=102): {'square': 1, 'location': [-0.2, 0.2], 'corrAns': None}
726.0378 	EXP 	window1: mouseVisible = False
726.0503 	EXP 	grid_lines_2: autoDraw = False
726.0503 	EXP 	target_square_2: autoDraw = False
726.0503 	EXP 	fixation_3: autoDraw = False
726.0503 	EXP 	target_square_2: pos = array([-0.2,  0.2])
726.0503 	EXP 	grid_lines_2: autoDraw = True
726.0503 	EXP 	target_square_2: autoDraw = True
727.0337 	EXP 	fixation_3: autoDraw = True
727.0503 	EXP 	target_square_2: autoDraw = False
728.0337 	EXP 	fixation_3: autoDraw = False
728.0372 	EXP 	New trial (rep=0, index=103): {'square': 9, 'location': [0.2, -0.2], 'corrAns': None}
728.0377 	EXP 	window1: mouseVisible = False
728.0503 	EXP 	grid_lines_2: autoDraw = False
728.0503 	EXP 	target_square_2: autoDraw = False
728.0503 	EXP 	fixation_3: autoDraw = False
728.0503 	EXP 	target_square_2: pos = array([ 0.2, -0.2])
728.0503 	EXP 	grid_lines_2: autoDraw = True
728.0503 	EXP 	target_square_2: autoDraw = True
729.0337 	EXP 	fixation_3: autoDraw = True
729.0503 	EXP 	target_square_2: autoDraw = False
730.0337 	EXP 	fixation_3: autoDraw = False
730.0372 	EXP 	New trial (rep=0, index=104): {'square': 9, 'location': [0.2, -0.2], 'corrAns': None}
730.0377 	EXP 	window1: mouseVisible = False
730.0504 	EXP 	grid_lines_2: autoDraw = False
730.0504 	EXP 	target_square_2: autoDraw = False
730.0504 	EXP 	fixation_3: autoDraw = False
730.0504 	EXP 	target_square_2: pos = array([ 0.2, -0.2])
730.0504 	EXP 	grid_lines_2: autoDraw = True
730.0504 	EXP 	target_square_2: autoDraw = True
731.0337 	EXP 	fixation_3: autoDraw = True
731.0504 	EXP 	target_square_2: autoDraw = False
732.0336 	EXP 	fixation_3: autoDraw = False
732.0371 	EXP 	New trial (rep=0, index=105): {'square': 8, 'location': [0, -0.2], 'corrAns': None}
732.0376 	EXP 	window1: mouseVisible = False
732.0504 	EXP 	grid_lines_2: autoDraw = False
732.0504 	EXP 	target_square_2: autoDraw = False
732.0504 	EXP 	fixation_3: autoDraw = False
732.0504 	EXP 	target_square_2: pos = array([ 0. , -0.2])
732.0504 	EXP 	grid_lines_2: autoDraw = True
732.0504 	EXP 	target_square_2: autoDraw = True
733.0337 	EXP 	fixation_3: autoDraw = True
733.0504 	EXP 	target_square_2: autoDraw = False
734.0337 	EXP 	fixation_3: autoDraw = False
734.0372 	EXP 	New trial (rep=0, index=106): {'square': 6, 'location': [0.2, 0], 'corrAns': None}
734.0377 	EXP 	window1: mouseVisible = False
734.0504 	EXP 	grid_lines_2: autoDraw = False
734.0504 	EXP 	target_square_2: autoDraw = False
734.0504 	EXP 	fixation_3: autoDraw = False
734.0504 	EXP 	target_square_2: pos = array([0.2, 0. ])
734.0504 	EXP 	grid_lines_2: autoDraw = True
734.0504 	EXP 	target_square_2: autoDraw = True
735.0337 	EXP 	fixation_3: autoDraw = True
735.0504 	EXP 	target_square_2: autoDraw = False
736.0338 	EXP 	fixation_3: autoDraw = False
736.0372 	EXP 	New trial (rep=0, index=107): {'square': 3, 'location': [0.2, 0.2], 'corrAns': None}
736.0378 	EXP 	window1: mouseVisible = False
736.0504 	EXP 	grid_lines_2: autoDraw = False
736.0504 	EXP 	target_square_2: autoDraw = False
736.0504 	EXP 	fixation_3: autoDraw = False
736.0504 	EXP 	target_square_2: pos = array([0.2, 0.2])
736.0504 	EXP 	grid_lines_2: autoDraw = True
736.0504 	EXP 	target_square_2: autoDraw = True
737.0338 	EXP 	fixation_3: autoDraw = True
737.0504 	EXP 	target_square_2: autoDraw = False
738.0337 	EXP 	fixation_3: autoDraw = False
738.0372 	EXP 	New trial (rep=0, index=108): {'square': 6, 'location': [0.2, 0], 'corrAns': 1}
738.0377 	EXP 	window1: mouseVisible = False
738.0504 	EXP 	grid_lines_2: autoDraw = False
738.0504 	EXP 	target_square_2: autoDraw = False
738.0504 	EXP 	fixation_3: autoDraw = False
738.0504 	EXP 	target_square_2: pos = array([0.2, 0. ])
738.0504 	EXP 	grid_lines_2: autoDraw = True
738.0504 	EXP 	target_square_2: autoDraw = True
738.4675 	DATA 	Mouse: Left button down, pos=(873,599)
738.6340 	DATA 	Mouse:  Left button up, pos=(866,593)
739.0338 	EXP 	fixation_3: autoDraw = True
739.0504 	EXP 	target_square_2: autoDraw = False
740.0338 	EXP 	fixation_3: autoDraw = False
740.0372 	EXP 	New trial (rep=0, index=109): {'square': 5, 'location': [0, 0], 'corrAns': None}
740.0376 	EXP 	window1: mouseVisible = False
740.0504 	EXP 	grid_lines_2: autoDraw = False
740.0504 	EXP 	target_square_2: autoDraw = False
740.0504 	EXP 	fixation_3: autoDraw = False
740.0504 	EXP 	target_square_2: pos = array([0., 0.])
740.0504 	EXP 	grid_lines_2: autoDraw = True
740.0504 	EXP 	target_square_2: autoDraw = True
741.0338 	EXP 	fixation_3: autoDraw = True
741.0505 	EXP 	target_square_2: autoDraw = False
742.0338 	EXP 	fixation_3: autoDraw = False
742.0373 	EXP 	New trial (rep=0, index=110): {'square': 7, 'location': [-0.2, -0.2], 'corrAns': None}
742.0378 	EXP 	window1: mouseVisible = False
742.0504 	EXP 	grid_lines_2: autoDraw = False
742.0504 	EXP 	target_square_2: autoDraw = False
742.0504 	EXP 	fixation_3: autoDraw = False
742.0504 	EXP 	target_square_2: pos = array([-0.2, -0.2])
742.0504 	EXP 	grid_lines_2: autoDraw = True
742.0504 	EXP 	target_square_2: autoDraw = True
743.0338 	EXP 	fixation_3: autoDraw = True
743.0505 	EXP 	target_square_2: autoDraw = False
744.0339 	EXP 	fixation_3: autoDraw = False
744.0373 	EXP 	New trial (rep=0, index=111): {'square': 5, 'location': [0, 0], 'corrAns': 1}
744.0378 	EXP 	window1: mouseVisible = False
744.0504 	EXP 	grid_lines_2: autoDraw = False
744.0504 	EXP 	target_square_2: autoDraw = False
744.0504 	EXP 	fixation_3: autoDraw = False
744.0504 	EXP 	target_square_2: pos = array([0., 0.])
744.0504 	EXP 	grid_lines_2: autoDraw = True
744.0504 	EXP 	target_square_2: autoDraw = True
744.9175 	DATA 	Mouse: Left button down, pos=(866,593)
745.0338 	EXP 	fixation_3: autoDraw = True
745.0505 	EXP 	target_square_2: autoDraw = False
745.1006 	DATA 	Mouse:  Left button up, pos=(858,582)
746.0338 	EXP 	fixation_3: autoDraw = False
746.0373 	EXP 	New trial (rep=0, index=112): {'square': 1, 'location': [-0.2, 0.2], 'corrAns': None}
746.0379 	EXP 	window1: mouseVisible = False
746.0505 	EXP 	grid_lines_2: autoDraw = False
746.0505 	EXP 	target_square_2: autoDraw = False
746.0505 	EXP 	fixation_3: autoDraw = False
746.0505 	EXP 	target_square_2: pos = array([-0.2,  0.2])
746.0505 	EXP 	grid_lines_2: autoDraw = True
746.0505 	EXP 	target_square_2: autoDraw = True
747.0338 	EXP 	fixation_3: autoDraw = True
747.0505 	EXP 	target_square_2: autoDraw = False
748.0338 	EXP 	fixation_3: autoDraw = False
748.0374 	EXP 	New trial (rep=0, index=113): {'square': 7, 'location': [-0.2, -0.2], 'corrAns': None}
748.0379 	EXP 	window1: mouseVisible = False
748.0505 	EXP 	grid_lines_2: autoDraw = False
748.0505 	EXP 	target_square_2: autoDraw = False
748.0505 	EXP 	fixation_3: autoDraw = False
748.0505 	EXP 	target_square_2: pos = array([-0.2, -0.2])
748.0505 	EXP 	grid_lines_2: autoDraw = True
748.0505 	EXP 	target_square_2: autoDraw = True
749.0339 	EXP 	fixation_3: autoDraw = True
749.0506 	EXP 	target_square_2: autoDraw = False
750.0338 	EXP 	fixation_3: autoDraw = False
750.0373 	EXP 	New trial (rep=0, index=114): {'square': 9, 'location': [0.2, -0.2], 'corrAns': None}
750.0378 	EXP 	window1: mouseVisible = False
750.0506 	EXP 	grid_lines_2: autoDraw = False
750.0506 	EXP 	target_square_2: autoDraw = False
750.0506 	EXP 	fixation_3: autoDraw = False
750.0506 	EXP 	target_square_2: pos = array([ 0.2, -0.2])
750.0506 	EXP 	grid_lines_2: autoDraw = True
750.0506 	EXP 	target_square_2: autoDraw = True
751.0339 	EXP 	fixation_3: autoDraw = True
751.0505 	EXP 	target_square_2: autoDraw = False
752.0338 	EXP 	fixation_3: autoDraw = False
752.0373 	EXP 	New trial (rep=0, index=115): {'square': 3, 'location': [0.2, 0.2], 'corrAns': None}
752.0378 	EXP 	window1: mouseVisible = False
752.0505 	EXP 	grid_lines_2: autoDraw = False
752.0505 	EXP 	target_square_2: autoDraw = False
752.0505 	EXP 	fixation_3: autoDraw = False
752.0505 	EXP 	target_square_2: pos = array([0.2, 0.2])
752.0505 	EXP 	grid_lines_2: autoDraw = True
752.0505 	EXP 	target_square_2: autoDraw = True
753.0339 	EXP 	fixation_3: autoDraw = True
753.0506 	EXP 	target_square_2: autoDraw = False
754.0339 	EXP 	fixation_3: autoDraw = False
754.0374 	EXP 	New trial (rep=0, index=116): {'square': 9, 'location': [0.2, -0.2], 'corrAns': 1}
754.0378 	EXP 	window1: mouseVisible = False
754.0505 	EXP 	grid_lines_2: autoDraw = False
754.0505 	EXP 	target_square_2: autoDraw = False
754.0505 	EXP 	fixation_3: autoDraw = False
754.0505 	EXP 	target_square_2: pos = array([ 0.2, -0.2])
754.0505 	EXP 	grid_lines_2: autoDraw = True
754.0505 	EXP 	target_square_2: autoDraw = True
754.4542 	DATA 	Mouse: Left button down, pos=(861,583)
754.6257 	DATA 	Mouse:  Left button up, pos=(856,580)
755.0339 	EXP 	fixation_3: autoDraw = True
755.0506 	EXP 	target_square_2: autoDraw = False
756.0339 	EXP 	fixation_3: autoDraw = False
756.0374 	EXP 	New trial (rep=0, index=117): {'square': 6, 'location': [0.2, 0], 'corrAns': None}
756.0380 	EXP 	window1: mouseVisible = False
756.0506 	EXP 	grid_lines_2: autoDraw = False
756.0506 	EXP 	target_square_2: autoDraw = False
756.0506 	EXP 	fixation_3: autoDraw = False
756.0506 	EXP 	target_square_2: pos = array([0.2, 0. ])
756.0506 	EXP 	grid_lines_2: autoDraw = True
756.0506 	EXP 	target_square_2: autoDraw = True
757.0339 	EXP 	fixation_3: autoDraw = True
757.0506 	EXP 	target_square_2: autoDraw = False
758.0339 	EXP 	fixation_3: autoDraw = False
758.0375 	EXP 	New trial (rep=0, index=118): {'square': 2, 'location': [0, 0.2], 'corrAns': None}
758.0380 	EXP 	window1: mouseVisible = False
758.0506 	EXP 	grid_lines_2: autoDraw = False
758.0506 	EXP 	target_square_2: autoDraw = False
758.0506 	EXP 	fixation_3: autoDraw = False
758.0506 	EXP 	target_square_2: pos = array([0. , 0.2])
758.0506 	EXP 	grid_lines_2: autoDraw = True
758.0506 	EXP 	target_square_2: autoDraw = True
759.0339 	EXP 	fixation_3: autoDraw = True
759.0506 	EXP 	target_square_2: autoDraw = False
760.0339 	EXP 	fixation_3: autoDraw = False
760.0376 	EXP 	New trial (rep=0, index=119): {'square': 5, 'location': [0, 0], 'corrAns': None}
760.0380 	EXP 	window1: mouseVisible = False
760.0506 	EXP 	grid_lines_2: autoDraw = False
760.0506 	EXP 	target_square_2: autoDraw = False
760.0506 	EXP 	fixation_3: autoDraw = False
760.0506 	EXP 	target_square_2: pos = array([0., 0.])
760.0506 	EXP 	grid_lines_2: autoDraw = True
760.0506 	EXP 	target_square_2: autoDraw = True
761.0340 	EXP 	fixation_3: autoDraw = True
761.0506 	EXP 	target_square_2: autoDraw = False
762.0340 	EXP 	fixation_3: autoDraw = False
762.0503 	EXP 	Created unnamed TextStim = TextStim(__class__=<class 'psychopy.visual.text.TextStim'>, alignHoriz=method-wrapper(...), alignText='center', alignVert=method-wrapper(...), anchorHoriz='center', anchorVert='center', antialias=True, autoLog=True, bold=False, color=array([1., 1., 1.]), colorSpace='rgb', contrast=1.0, depth=0, flipHoriz=False, flipVert=False, font='', fontFiles=[], height=0.05, italic=False, languageStyle='LTR', name='unnamed TextStim', opacity=1.0, ori=0.0, pos=array([0., 0.]), rgb=UNKNOWN, text=str(...), units='height', win=Window(...), wrapWidth=1)
762.0673 	EXP 	grid_lines_2: autoDraw = False
762.0673 	EXP 	target_square_2: autoDraw = False
762.0673 	EXP 	fixation_3: autoDraw = False
892.3867 	DATA 	Mouse: Left button down, pos=(884,552)
892.6237 	DATA 	Mouse:  Left button up, pos=(884,552)
1159.6857 	DATA 	Keypress: e
1159.7976 	EXP 	Created unnamed TextStim = TextStim(__class__=<class 'psychopy.visual.text.TextStim'>, alignHoriz=method-wrapper(...), alignText='center', alignVert=method-wrapper(...), anchorHoriz='center', anchorVert='center', antialias=True, autoLog=True, bold=False, color=array([1., 1., 1.]), colorSpace='rgb', contrast=1.0, depth=0, flipHoriz=False, flipVert=False, font='', fontFiles=[], height=0.05, italic=False, languageStyle='LTR', name='unnamed TextStim', opacity=1.0, ori=0.0, pos=array([0., 0.]), rgb=UNKNOWN, text=str(...), units='height', win=Window(...), wrapWidth=1)
1159.8620 	EXP 	window1: mouseVisible = True
