1.5483 	WARNING 	We strongly recommend you activate the PTB sound engine in PsychoPy prefs as the preferred audio engine. Its timing is vastly superior. Your prefs are currently set to use ['sounddevice', 'PTB', 'pyo', 'pygame'] (in that order).
10.0604 	EXP 	Created fixation_2 = TextStim(__class__=<class 'psychopy.visual.text.TextStim'>, alignHoriz=method-wrapper(...), alignText='center', alignVert=method-wrapper(...), anchorHoriz='center', anchorVert='center', antialias=True, autoLog=True, bold=False, color=array([1, 1, 1]), colorSpace='rgb', contrast=1.0, depth=-2.0, flipHoriz=False, flipVert=False, font='Arial', fontFiles=[], height=0.05, italic=False, languageStyle='LTR', name='fixation_2', opacity=1, ori=0, pos=array([0., 0.]), rgb=UNKNOWN, text='+', units='height', win=Window(...), wrapWidth=1)
10.1446 	EXP 	Created Nbackinstructions = TextStim(__class__=<class 'psychopy.visual.text.TextStim'>, alignHoriz=method-wrapper(...), alignText='center', alignVert=method-wrapper(...), anchorHoriz='center', anchorVert='center', antialias=True, autoLog=True, bold=False, color=array([1, 1, 1]), colorSpace='rgb', contrast=1.0, depth=0, flipHoriz=False, flipVert=False, font='Arial', fontFiles=[], height=0.05, italic=False, languageStyle='LTR', name='Nbackinstructions', opacity=1, ori=0.0, pos=array([0., 0.]), rgb=UNKNOWN, text=str(...), units='height', win=Window(...), wrapWidth=1)
10.1491 	EXP 	Created fixation_2 = TextStim(__class__=<class 'psychopy.visual.text.TextStim'>, alignHoriz=method-wrapper(...), alignText='center', alignVert=method-wrapper(...), anchorHoriz='center', anchorVert='center', antialias=True, autoLog=True, bold=False, color=array([1, 1, 1]), colorSpace='rgb', contrast=1.0, depth=-2.0, flipHoriz=False, flipVert=False, font='Arial', fontFiles=[], height=0.05, italic=False, languageStyle='LTR', name='fixation_2', opacity=1, ori=0, pos=array([0., 0.]), rgb=UNKNOWN, text='+', units='height', win=Window(...), wrapWidth=1)
10.3000 	EXP 	Created grid_lines_2 = ImageStim(__class__=<class 'psychopy.visual.image.ImageStim'>, autoLog=True, color=array([1, 1, 1]), colorSpace='rgb', contrast=1.0, depth=0.0, flipHoriz=False, flipVert=False, image='grid.png', interpolate=True, mask=None, maskParams=None, name='grid_lines_2', opacity=1, ori=0.0, pos=array([0., 0.]), size=array([0.6, 0.6]), texRes=128, units='height', win=Window(...))
10.3043 	EXP 	Created target_square_2 = Rect(__class__=<class 'psychopy.visual.rect.Rect'>, autoDraw=False, autoLog=True, closeShape=True, color=method-wrapper(...), colorSpace='rgb', contrast=None, depth=-1.0, fillColor=array([1., 1., 1.]), fillColorSpace='rgb', fillRGB=UNKNOWN, interpolate=True, lineColor=array([0, 0, 0]), lineColorSpace='rgb', lineRGB=UNKNOWN, lineWidth=1, name='target_square_2', opacity=0.5, ori=0.0, pos=array([0., 0.]), size=array([0.15, 0.15]), units='height', vertices=ndarray(...), win=Window(...))
10.3086 	EXP 	Created fixation_3 = TextStim(__class__=<class 'psychopy.visual.text.TextStim'>, alignHoriz=method-wrapper(...), alignText='center', alignVert=method-wrapper(...), anchorHoriz='center', anchorVert='center', antialias=True, autoLog=True, bold=False, color=array([1, 1, 1]), colorSpace='rgb', contrast=1.0, depth=-2.0, flipHoriz=False, flipVert=False, font='Arial', fontFiles=[], height=0.05, italic=False, languageStyle='LTR', name='fixation_3', opacity=1, ori=0, pos=array([0., 0.]), rgb=UNKNOWN, text='+', units='height', win=Window(...), wrapWidth=1)
10.3091 	EXP 	window1: mouseVisible = True
10.3093 	EXP 	window1: mouseVisible = False
10.3101 	EXP 	Created sequence: random, trialTypes=1, nReps=1, seed=None
10.3107 	EXP 	New trial (rep=0, index=0): None
10.3513 	EXP 	Nbackinstructions: autoDraw = True
11.9591 	DATA 	Mouse: Left button down, pos=(601,387)
12.0249 	DATA 	Mouse:  Left button up, pos=(601,387)
12.8552 	EXP 	Created unnamed TextStim = TextStim(__class__=<class 'psychopy.visual.text.TextStim'>, alignHoriz=method-wrapper(...), alignText='center', alignVert=method-wrapper(...), anchorHoriz='center', anchorVert='center', antialias=True, autoLog=True, bold=False, color=array([-0.5, -0.5, -0.5]), colorSpace='rgb', contrast=1.0, depth=0, flipHoriz=False, flipVert=False, font='', fontFiles=[], height=0.05, italic=False, languageStyle='LTR', name='unnamed TextStim', opacity=1.0, ori=0.0, pos=array([0., 0.]), rgb=UNKNOWN, text=str(...), units='height', win=Window(...), wrapWidth=1)
12.8583 	DATA 	Keypress: space
12.8682 	EXP 	Nbackinstructions: autoDraw = False
14.0315 	DATA 	Keypress: s
14.1102 	EXP 	Imported c:\Users\Michael\Documents\GitHub\canlab\WASABI_public\fMRI Tasks\WASABI Task-T1\N-back-2.xlsx as conditions, 120 conditions, 3 params
14.1111 	EXP 	Created sequence: sequential, trialTypes=120, nReps=1, seed=None
14.1116 	EXP 	New trial (rep=0, index=0): {'square': 5, 'location': [0, 0], 'corrAns': None}
14.1120 	EXP 	window1: mouseVisible = False
14.1407 	EXP 	fixation_2: autoDraw = False
14.1407 	EXP 	target_square_2: pos = array([0., 0.])
14.1407 	EXP 	grid_lines_2: autoDraw = True
14.1407 	EXP 	target_square_2: autoDraw = True
15.1046 	EXP 	fixation_3: autoDraw = True
15.1535 	EXP 	target_square_2: autoDraw = False
15.8428 	EXP 	New trial (rep=0, index=1): {'square': 2, 'location': [0, 0.2], 'corrAns': None}
15.8433 	EXP 	window1: mouseVisible = False
15.8538 	EXP 	grid_lines_2: autoDraw = False
15.8538 	EXP 	target_square_2: autoDraw = False
15.8538 	EXP 	fixation_3: autoDraw = False
15.8538 	EXP 	target_square_2: pos = array([0. , 0.2])
15.8538 	EXP 	grid_lines_2: autoDraw = True
15.8538 	EXP 	target_square_2: autoDraw = True
16.2730 	DATA 	Mouse: Left button down, pos=(1057,259)
16.3724 	DATA 	Mouse:  Left button up, pos=(1057,259)
16.8389 	EXP 	fixation_3: autoDraw = True
16.8545 	EXP 	target_square_2: autoDraw = False
17.8396 	EXP 	fixation_3: autoDraw = False
17.8432 	EXP 	New trial (rep=0, index=2): {'square': 6, 'location': [0.2, 0], 'corrAns': None}
17.8438 	EXP 	window1: mouseVisible = False
17.8549 	EXP 	grid_lines_2: autoDraw = False
17.8549 	EXP 	target_square_2: autoDraw = False
17.8549 	EXP 	fixation_3: autoDraw = False
17.8549 	EXP 	target_square_2: pos = array([0.2, 0. ])
17.8549 	EXP 	grid_lines_2: autoDraw = True
17.8549 	EXP 	target_square_2: autoDraw = True
18.1225 	DATA 	Mouse: Left button down, pos=(1092,204)
18.2070 	DATA 	Mouse:  Left button up, pos=(1092,204)
18.8399 	EXP 	fixation_3: autoDraw = True
18.8552 	EXP 	target_square_2: autoDraw = False
19.8265 	EXP 	New trial (rep=0, index=3): {'square': 9, 'location': [0.2, -0.2], 'corrAns': None}
19.8271 	EXP 	window1: mouseVisible = False
19.8393 	EXP 	grid_lines_2: autoDraw = False
19.8393 	EXP 	target_square_2: autoDraw = False
19.8393 	EXP 	fixation_3: autoDraw = False
19.8393 	EXP 	target_square_2: pos = array([ 0.2, -0.2])
19.8393 	EXP 	grid_lines_2: autoDraw = True
19.8393 	EXP 	target_square_2: autoDraw = True
20.0062 	DATA 	Mouse: Left button down, pos=(1007,182)
20.1248 	DATA 	Mouse:  Left button up, pos=(1009,183)
20.8244 	EXP 	fixation_3: autoDraw = True
20.8393 	EXP 	target_square_2: autoDraw = False
21.8253 	EXP 	fixation_3: autoDraw = False
21.8292 	EXP 	New trial (rep=0, index=4): {'square': 3, 'location': [0.2, 0.2], 'corrAns': None}
21.8298 	EXP 	window1: mouseVisible = False
21.8405 	EXP 	grid_lines_2: autoDraw = False
21.8405 	EXP 	target_square_2: autoDraw = False
21.8405 	EXP 	fixation_3: autoDraw = False
21.8405 	EXP 	target_square_2: pos = array([0.2, 0.2])
21.8405 	EXP 	grid_lines_2: autoDraw = True
21.8405 	EXP 	target_square_2: autoDraw = True
22.0074 	DATA 	Mouse: Left button down, pos=(996,158)
22.0920 	DATA 	Mouse:  Left button up, pos=(996,158)
22.0949 	DATA 	Mouse: Left button down, pos=(996,158)
22.1072 	DATA 	Mouse:  Left button up, pos=(996,158)
22.8249 	EXP 	fixation_3: autoDraw = True
22.8400 	EXP 	target_square_2: autoDraw = False
23.8268 	EXP 	fixation_3: autoDraw = False
23.8317 	EXP 	New trial (rep=0, index=5): {'square': 9, 'location': [0.2, -0.2], 'corrAns': 1}
23.8327 	EXP 	window1: mouseVisible = False
23.8408 	EXP 	grid_lines_2: autoDraw = False
23.8408 	EXP 	target_square_2: autoDraw = False
23.8408 	EXP 	fixation_3: autoDraw = False
23.8408 	EXP 	target_square_2: pos = array([ 0.2, -0.2])
23.8408 	EXP 	grid_lines_2: autoDraw = True
23.8408 	EXP 	target_square_2: autoDraw = True
24.0967 	DATA 	Mouse: Left button down, pos=(989,151)
24.2267 	DATA 	Mouse:  Left button up, pos=(991,150)
24.8270 	EXP 	fixation_3: autoDraw = True
24.8412 	EXP 	target_square_2: autoDraw = False
25.8299 	EXP 	New trial (rep=0, index=6): {'square': 7, 'location': [-0.2, -0.2], 'corrAns': None}
25.8305 	EXP 	window1: mouseVisible = False
25.8420 	EXP 	grid_lines_2: autoDraw = False
25.8420 	EXP 	target_square_2: autoDraw = False
25.8420 	EXP 	fixation_3: autoDraw = False
25.8420 	EXP 	target_square_2: pos = array([-0.2, -0.2])
25.8420 	EXP 	grid_lines_2: autoDraw = True
25.8420 	EXP 	target_square_2: autoDraw = True
26.0613 	DATA 	Mouse: Left button down, pos=(980,139)
26.1936 	DATA 	Mouse:  Left button up, pos=(980,139)
26.8267 	EXP 	fixation_3: autoDraw = True
26.8422 	EXP 	target_square_2: autoDraw = False
27.8276 	EXP 	fixation_3: autoDraw = False
27.8304 	EXP 	New trial (rep=0, index=7): {'square': 1, 'location': [-0.2, 0.2], 'corrAns': None}
27.8310 	EXP 	window1: mouseVisible = False
27.8425 	EXP 	grid_lines_2: autoDraw = False
27.8425 	EXP 	target_square_2: autoDraw = False
27.8425 	EXP 	fixation_3: autoDraw = False
27.8425 	EXP 	target_square_2: pos = array([-0.2,  0.2])
27.8425 	EXP 	grid_lines_2: autoDraw = True
27.8425 	EXP 	target_square_2: autoDraw = True
27.9291 	DATA 	Mouse: Left button down, pos=(871,128)
28.1101 	DATA 	Mouse:  Left button up, pos=(871,128)
28.8277 	EXP 	fixation_3: autoDraw = True
28.8431 	EXP 	target_square_2: autoDraw = False
29.8270 	EXP 	fixation_3: autoDraw = False
29.8298 	EXP 	New trial (rep=0, index=8): {'square': 5, 'location': [0, 0], 'corrAns': None}
29.8303 	EXP 	window1: mouseVisible = False
29.8449 	EXP 	grid_lines_2: autoDraw = False
29.8449 	EXP 	target_square_2: autoDraw = False
29.8449 	EXP 	fixation_3: autoDraw = False
29.8449 	EXP 	target_square_2: pos = array([0., 0.])
29.8449 	EXP 	grid_lines_2: autoDraw = True
29.8449 	EXP 	target_square_2: autoDraw = True
30.0446 	DATA 	Mouse: Left button down, pos=(854,123)
30.1651 	DATA 	Mouse:  Left button up, pos=(854,123)
30.8289 	EXP 	fixation_3: autoDraw = True
30.8441 	EXP 	target_square_2: autoDraw = False
31.8303 	EXP 	fixation_3: autoDraw = False
31.8352 	EXP 	New trial (rep=0, index=9): {'square': 7, 'location': [-0.2, -0.2], 'corrAns': None}
31.8362 	EXP 	window1: mouseVisible = False
31.8372 	DATA 	Mouse: Left button down, pos=(852,122)
31.8609 	EXP 	grid_lines_2: autoDraw = False
31.8609 	EXP 	target_square_2: autoDraw = False
31.8609 	EXP 	fixation_3: autoDraw = False
31.8609 	EXP 	target_square_2: pos = array([-0.2, -0.2])
31.8609 	EXP 	grid_lines_2: autoDraw = True
31.8609 	EXP 	target_square_2: autoDraw = True
31.9630 	DATA 	Mouse:  Left button up, pos=(852,122)
32.8296 	EXP 	fixation_3: autoDraw = True
32.8629 	EXP 	target_square_2: autoDraw = False
33.8299 	EXP 	fixation_3: autoDraw = False
33.8331 	EXP 	New trial (rep=0, index=10): {'square': 5, 'location': [0, 0], 'corrAns': 1}
33.8336 	EXP 	window1: mouseVisible = False
33.8455 	EXP 	grid_lines_2: autoDraw = False
33.8455 	EXP 	target_square_2: autoDraw = False
33.8455 	EXP 	fixation_3: autoDraw = False
33.8455 	EXP 	target_square_2: pos = array([0., 0.])
33.8455 	EXP 	grid_lines_2: autoDraw = True
33.8455 	EXP 	target_square_2: autoDraw = True
33.9642 	DATA 	Mouse: Left button down, pos=(852,122)
34.1156 	DATA 	Mouse:  Left button up, pos=(852,122)
34.8316 	EXP 	fixation_3: autoDraw = True
34.8458 	EXP 	target_square_2: autoDraw = False
35.8350 	EXP 	New trial (rep=0, index=11): {'square': 6, 'location': [0.2, 0], 'corrAns': None}
35.8356 	EXP 	window1: mouseVisible = False
35.8463 	EXP 	grid_lines_2: autoDraw = False
35.8463 	EXP 	target_square_2: autoDraw = False
35.8463 	EXP 	fixation_3: autoDraw = False
35.8463 	EXP 	target_square_2: pos = array([0.2, 0. ])
35.8463 	EXP 	grid_lines_2: autoDraw = True
35.8463 	EXP 	target_square_2: autoDraw = True
36.1175 	DATA 	Mouse: Left button down, pos=(848,120)
36.2472 	DATA 	Mouse:  Left button up, pos=(848,120)
36.8316 	EXP 	fixation_3: autoDraw = True
36.8470 	EXP 	target_square_2: autoDraw = False
37.8322 	EXP 	fixation_3: autoDraw = False
37.8350 	EXP 	New trial (rep=0, index=12): {'square': 3, 'location': [0.2, 0.2], 'corrAns': None}
37.8356 	EXP 	window1: mouseVisible = False
37.8472 	EXP 	grid_lines_2: autoDraw = False
37.8472 	EXP 	target_square_2: autoDraw = False
37.8472 	EXP 	fixation_3: autoDraw = False
37.8472 	EXP 	target_square_2: pos = array([0.2, 0.2])
37.8472 	EXP 	grid_lines_2: autoDraw = True
37.8472 	EXP 	target_square_2: autoDraw = True
38.0665 	DATA 	Mouse: Left button down, pos=(844,118)
38.1992 	DATA 	Mouse:  Left button up, pos=(844,118)
38.8326 	EXP 	fixation_3: autoDraw = True
38.8477 	EXP 	target_square_2: autoDraw = False
39.8356 	EXP 	New trial (rep=0, index=13): {'square': 6, 'location': [0.2, 0], 'corrAns': 1}
39.8364 	EXP 	window1: mouseVisible = False
39.8485 	EXP 	grid_lines_2: autoDraw = False
39.8485 	EXP 	target_square_2: autoDraw = False
39.8485 	EXP 	fixation_3: autoDraw = False
39.8485 	EXP 	target_square_2: pos = array([0.2, 0. ])
39.8485 	EXP 	grid_lines_2: autoDraw = True
39.8485 	EXP 	target_square_2: autoDraw = True
40.1153 	DATA 	Mouse: Left button down, pos=(838,117)
40.2199 	DATA 	Mouse:  Left button up, pos=(838,117)
40.2363 	DATA 	Mouse: Left button down, pos=(838,117)
40.2366 	DATA 	Mouse:  Left button up, pos=(838,117)
40.8343 	EXP 	fixation_3: autoDraw = True
40.8490 	EXP 	target_square_2: autoDraw = False
41.8367 	EXP 	New trial (rep=0, index=14): {'square': 8, 'location': [0, -0.2], 'corrAns': None}
41.8373 	EXP 	window1: mouseVisible = False
41.8493 	EXP 	grid_lines_2: autoDraw = False
41.8493 	EXP 	target_square_2: autoDraw = False
41.8493 	EXP 	fixation_3: autoDraw = False
41.8493 	EXP 	target_square_2: pos = array([ 0. , -0.2])
41.8493 	EXP 	grid_lines_2: autoDraw = True
41.8493 	EXP 	target_square_2: autoDraw = True
42.1350 	DATA 	Mouse: Left button down, pos=(834,116)
42.2684 	DATA 	Mouse:  Left button up, pos=(834,116)
42.8347 	EXP 	fixation_3: autoDraw = True
42.8500 	EXP 	target_square_2: autoDraw = False
43.8378 	EXP 	New trial (rep=0, index=15): {'square': 9, 'location': [0.2, -0.2], 'corrAns': None}
43.8384 	EXP 	window1: mouseVisible = False
43.8504 	EXP 	grid_lines_2: autoDraw = False
43.8504 	EXP 	target_square_2: autoDraw = False
43.8504 	EXP 	fixation_3: autoDraw = False
43.8504 	EXP 	target_square_2: pos = array([ 0.2, -0.2])
43.8504 	EXP 	grid_lines_2: autoDraw = True
43.8504 	EXP 	target_square_2: autoDraw = True
44.1512 	DATA 	Mouse: Left button down, pos=(831,115)
44.3031 	DATA 	Mouse:  Left button up, pos=(831,115)
44.8353 	EXP 	fixation_3: autoDraw = True
44.8508 	EXP 	target_square_2: autoDraw = False
45.8369 	EXP 	fixation_3: autoDraw = False
45.8416 	EXP 	New trial (rep=0, index=16): {'square': 9, 'location': [0.2, -0.2], 'corrAns': None}
45.8426 	EXP 	window1: mouseVisible = False
45.8508 	EXP 	grid_lines_2: autoDraw = False
45.8508 	EXP 	target_square_2: autoDraw = False
45.8508 	EXP 	fixation_3: autoDraw = False
45.8508 	EXP 	target_square_2: pos = array([ 0.2, -0.2])
45.8508 	EXP 	grid_lines_2: autoDraw = True
45.8508 	EXP 	target_square_2: autoDraw = True
45.9708 	DATA 	Mouse: Left button down, pos=(829,115)
46.1547 	DATA 	Mouse:  Left button up, pos=(829,115)
46.8371 	EXP 	fixation_3: autoDraw = True
46.8514 	EXP 	target_square_2: autoDraw = False
47.8393 	EXP 	New trial (rep=0, index=17): {'square': 1, 'location': [-0.2, 0.2], 'corrAns': None}
47.8399 	EXP 	window1: mouseVisible = False
47.8521 	EXP 	grid_lines_2: autoDraw = False
47.8521 	EXP 	target_square_2: autoDraw = False
47.8521 	EXP 	fixation_3: autoDraw = False
47.8521 	EXP 	target_square_2: pos = array([-0.2,  0.2])
47.8521 	EXP 	grid_lines_2: autoDraw = True
47.8521 	EXP 	target_square_2: autoDraw = True
48.1529 	DATA 	Mouse: Left button down, pos=(829,115)
48.2733 	DATA 	Mouse:  Left button up, pos=(829,115)
48.8381 	EXP 	fixation_3: autoDraw = True
48.8524 	EXP 	target_square_2: autoDraw = False
49.8414 	EXP 	New trial (rep=0, index=18): {'square': 3, 'location': [0.2, 0.2], 'corrAns': None}
49.8421 	EXP 	window1: mouseVisible = False
49.8531 	EXP 	grid_lines_2: autoDraw = False
49.8531 	EXP 	target_square_2: autoDraw = False
49.8531 	EXP 	fixation_3: autoDraw = False
49.8531 	EXP 	target_square_2: pos = array([0.2, 0.2])
49.8531 	EXP 	grid_lines_2: autoDraw = True
49.8531 	EXP 	target_square_2: autoDraw = True
50.4212 	DATA 	Mouse: Left button down, pos=(821,136)
50.5384 	DATA 	Mouse:  Left button up, pos=(821,136)
50.8367 	EXP 	fixation_3: autoDraw = True
50.8550 	EXP 	target_square_2: autoDraw = False
51.8385 	EXP 	fixation_3: autoDraw = False
51.8413 	EXP 	New trial (rep=0, index=19): {'square': 5, 'location': [0, 0], 'corrAns': None}
51.8418 	EXP 	window1: mouseVisible = False
51.8541 	EXP 	grid_lines_2: autoDraw = False
51.8541 	EXP 	target_square_2: autoDraw = False
51.8541 	EXP 	fixation_3: autoDraw = False
51.8541 	EXP 	target_square_2: pos = array([0., 0.])
51.8541 	EXP 	grid_lines_2: autoDraw = True
51.8541 	EXP 	target_square_2: autoDraw = True
52.6756 	DATA 	Mouse: Left button down, pos=(821,136)
52.8067 	DATA 	Mouse:  Left button up, pos=(822,136)
52.8389 	EXP 	fixation_3: autoDraw = True
52.8543 	EXP 	target_square_2: autoDraw = False
53.8398 	EXP 	fixation_3: autoDraw = False
53.8428 	EXP 	New trial (rep=0, index=20): {'square': 3, 'location': [0.2, 0.2], 'corrAns': 1}
53.8434 	EXP 	window1: mouseVisible = False
53.8548 	EXP 	grid_lines_2: autoDraw = False
53.8548 	EXP 	target_square_2: autoDraw = False
53.8548 	EXP 	fixation_3: autoDraw = False
53.8548 	EXP 	target_square_2: pos = array([0.2, 0.2])
53.8548 	EXP 	grid_lines_2: autoDraw = True
53.8548 	EXP 	target_square_2: autoDraw = True
54.1744 	DATA 	Mouse: Left button down, pos=(818,129)
54.3071 	DATA 	Mouse:  Left button up, pos=(818,129)
54.8400 	EXP 	fixation_3: autoDraw = True
54.8554 	EXP 	target_square_2: autoDraw = False
55.8252 	EXP 	New trial (rep=0, index=21): {'square': 4, 'location': [-0.2, 0], 'corrAns': None}
55.8258 	EXP 	window1: mouseVisible = False
55.8404 	EXP 	grid_lines_2: autoDraw = False
55.8404 	EXP 	target_square_2: autoDraw = False
55.8404 	EXP 	fixation_3: autoDraw = False
55.8404 	EXP 	target_square_2: pos = array([-0.2,  0. ])
55.8404 	EXP 	grid_lines_2: autoDraw = True
55.8404 	EXP 	target_square_2: autoDraw = True
56.1745 	DATA 	Mouse: Left button down, pos=(818,129)
56.2929 	DATA 	Mouse:  Left button up, pos=(818,129)
56.8231 	EXP 	fixation_3: autoDraw = True
56.8409 	EXP 	target_square_2: autoDraw = False
57.8234 	EXP 	fixation_3: autoDraw = False
57.8262 	EXP 	New trial (rep=0, index=22): {'square': 7, 'location': [-0.2, -0.2], 'corrAns': None}
57.8268 	EXP 	window1: mouseVisible = False
57.8413 	EXP 	grid_lines_2: autoDraw = False
57.8413 	EXP 	target_square_2: autoDraw = False
57.8413 	EXP 	fixation_3: autoDraw = False
57.8413 	EXP 	target_square_2: pos = array([-0.2, -0.2])
57.8413 	EXP 	grid_lines_2: autoDraw = True
57.8413 	EXP 	target_square_2: autoDraw = True
58.8239 	EXP 	fixation_3: autoDraw = True
58.8419 	EXP 	target_square_2: autoDraw = False
59.8245 	EXP 	fixation_3: autoDraw = False
59.8275 	EXP 	New trial (rep=0, index=23): {'square': 4, 'location': [-0.2, 0], 'corrAns': 1}
59.8281 	EXP 	window1: mouseVisible = False
59.8422 	EXP 	grid_lines_2: autoDraw = False
59.8422 	EXP 	target_square_2: autoDraw = False
59.8422 	EXP 	fixation_3: autoDraw = False
59.8422 	EXP 	target_square_2: pos = array([-0.2,  0. ])
59.8422 	EXP 	grid_lines_2: autoDraw = True
59.8422 	EXP 	target_square_2: autoDraw = True
60.8249 	EXP 	fixation_3: autoDraw = True
60.8427 	EXP 	target_square_2: autoDraw = False
61.8255 	EXP 	fixation_3: autoDraw = False
61.8283 	EXP 	New trial (rep=0, index=24): {'square': 4, 'location': [-0.2, 0], 'corrAns': None}
61.8289 	EXP 	window1: mouseVisible = False
61.8432 	EXP 	grid_lines_2: autoDraw = False
61.8432 	EXP 	target_square_2: autoDraw = False
61.8432 	EXP 	fixation_3: autoDraw = False
61.8432 	EXP 	target_square_2: pos = array([-0.2,  0. ])
61.8432 	EXP 	grid_lines_2: autoDraw = True
61.8432 	EXP 	target_square_2: autoDraw = True
62.8262 	EXP 	fixation_3: autoDraw = True
62.8436 	EXP 	target_square_2: autoDraw = False
63.3603 	DATA 	Mouse: Left button down, pos=(814,124)
63.4935 	DATA 	Mouse:  Left button up, pos=(818,121)
63.8264 	EXP 	fixation_3: autoDraw = False
63.8293 	EXP 	New trial (rep=0, index=25): {'square': 5, 'location': [0, 0], 'corrAns': None}
63.8299 	EXP 	window1: mouseVisible = False
63.8441 	EXP 	grid_lines_2: autoDraw = False
63.8441 	EXP 	target_square_2: autoDraw = False
63.8441 	EXP 	fixation_3: autoDraw = False
63.8441 	EXP 	target_square_2: pos = array([0., 0.])
63.8441 	EXP 	grid_lines_2: autoDraw = True
63.8441 	EXP 	target_square_2: autoDraw = True
64.8268 	EXP 	fixation_3: autoDraw = True
64.8447 	EXP 	target_square_2: autoDraw = False
65.8274 	EXP 	fixation_3: autoDraw = False
65.8323 	EXP 	New trial (rep=0, index=26): {'square': 2, 'location': [0, 0.2], 'corrAns': None}
65.8333 	EXP 	window1: mouseVisible = False
65.8461 	EXP 	grid_lines_2: autoDraw = False
65.8461 	EXP 	target_square_2: autoDraw = False
65.8461 	EXP 	fixation_3: autoDraw = False
65.8461 	EXP 	target_square_2: pos = array([0. , 0.2])
65.8461 	EXP 	grid_lines_2: autoDraw = True
65.8461 	EXP 	target_square_2: autoDraw = True
66.8276 	EXP 	fixation_3: autoDraw = True
66.8610 	EXP 	target_square_2: autoDraw = False
67.2795 	DATA 	Mouse: Left button down, pos=(818,121)
67.4171 	DATA 	Mouse:  Left button up, pos=(818,121)
67.8279 	EXP 	fixation_3: autoDraw = False
67.8307 	EXP 	New trial (rep=0, index=27): {'square': 6, 'location': [0.2, 0], 'corrAns': None}
67.8313 	EXP 	window1: mouseVisible = False
67.8461 	EXP 	grid_lines_2: autoDraw = False
67.8461 	EXP 	target_square_2: autoDraw = False
67.8461 	EXP 	fixation_3: autoDraw = False
67.8461 	EXP 	target_square_2: pos = array([0.2, 0. ])
67.8461 	EXP 	grid_lines_2: autoDraw = True
67.8461 	EXP 	target_square_2: autoDraw = True
68.8286 	EXP 	fixation_3: autoDraw = True
68.8476 	EXP 	target_square_2: autoDraw = False
69.8291 	EXP 	fixation_3: autoDraw = False
69.8319 	EXP 	New trial (rep=0, index=28): {'square': 7, 'location': [-0.2, -0.2], 'corrAns': None}
69.8325 	EXP 	window1: mouseVisible = False
69.8470 	EXP 	grid_lines_2: autoDraw = False
69.8470 	EXP 	target_square_2: autoDraw = False
69.8470 	EXP 	fixation_3: autoDraw = False
69.8470 	EXP 	target_square_2: pos = array([-0.2, -0.2])
69.8470 	EXP 	grid_lines_2: autoDraw = True
69.8470 	EXP 	target_square_2: autoDraw = True
70.4824 	DATA 	Mouse: Left button down, pos=(813,115)
70.6151 	DATA 	Mouse:  Left button up, pos=(813,115)
70.8297 	EXP 	fixation_3: autoDraw = True
70.8479 	EXP 	target_square_2: autoDraw = False
71.8328 	EXP 	fixation_3: autoDraw = False
71.8360 	EXP 	New trial (rep=0, index=29): {'square': 6, 'location': [0.2, 0], 'corrAns': 1}
71.8366 	EXP 	window1: mouseVisible = False
71.8461 	EXP 	grid_lines_2: autoDraw = False
71.8461 	EXP 	target_square_2: autoDraw = False
71.8461 	EXP 	fixation_3: autoDraw = False
71.8461 	EXP 	target_square_2: pos = array([0.2, 0. ])
71.8461 	EXP 	grid_lines_2: autoDraw = True
71.8461 	EXP 	target_square_2: autoDraw = True
72.8305 	EXP 	fixation_3: autoDraw = True
72.8489 	EXP 	target_square_2: autoDraw = False
73.1832 	DATA 	Mouse: Left button down, pos=(812,113)
73.3493 	DATA 	Mouse:  Left button up, pos=(812,113)
73.8310 	EXP 	fixation_3: autoDraw = False
73.8368 	EXP 	New trial (rep=0, index=30): {'square': 6, 'location': [0.2, 0], 'corrAns': None}
73.8379 	EXP 	window1: mouseVisible = False
73.8492 	EXP 	grid_lines_2: autoDraw = False
73.8492 	EXP 	target_square_2: autoDraw = False
73.8492 	EXP 	fixation_3: autoDraw = False
73.8492 	EXP 	target_square_2: pos = array([0.2, 0. ])
73.8492 	EXP 	grid_lines_2: autoDraw = True
73.8492 	EXP 	target_square_2: autoDraw = True
74.8314 	EXP 	fixation_3: autoDraw = True
74.8496 	EXP 	target_square_2: autoDraw = False
75.5838 	DATA 	Mouse: Left button down, pos=(812,113)
75.7654 	DATA 	Mouse:  Left button up, pos=(812,113)
75.8319 	EXP 	fixation_3: autoDraw = False
75.8348 	EXP 	New trial (rep=0, index=31): {'square': 7, 'location': [-0.2, -0.2], 'corrAns': None}
75.8354 	EXP 	window1: mouseVisible = False
75.8497 	EXP 	grid_lines_2: autoDraw = False
75.8497 	EXP 	target_square_2: autoDraw = False
75.8497 	EXP 	fixation_3: autoDraw = False
75.8497 	EXP 	target_square_2: pos = array([-0.2, -0.2])
75.8497 	EXP 	grid_lines_2: autoDraw = True
75.8497 	EXP 	target_square_2: autoDraw = True
76.8323 	EXP 	fixation_3: autoDraw = True
76.8504 	EXP 	target_square_2: autoDraw = False
76.8663 	DATA 	Mouse: Left button down, pos=(808,110)
76.9662 	DATA 	Mouse:  Left button up, pos=(808,110)
77.7565 	DATA 	Mouse: Left button down, pos=(802,108)
77.8329 	EXP 	fixation_3: autoDraw = False
77.8373 	EXP 	New trial (rep=0, index=32): {'square': 6, 'location': [0.2, 0], 'corrAns': 1}
77.8383 	EXP 	window1: mouseVisible = False
77.8516 	EXP 	grid_lines_2: autoDraw = False
77.8516 	EXP 	target_square_2: autoDraw = False
77.8516 	EXP 	fixation_3: autoDraw = False
77.8516 	EXP 	target_square_2: pos = array([0.2, 0. ])
77.8516 	EXP 	grid_lines_2: autoDraw = True
77.8516 	EXP 	target_square_2: autoDraw = True
77.8846 	DATA 	Mouse:  Left button up, pos=(802,108)
78.8334 	EXP 	fixation_3: autoDraw = True
78.8666 	EXP 	target_square_2: autoDraw = False
79.8336 	EXP 	fixation_3: autoDraw = False
79.8365 	EXP 	New trial (rep=0, index=33): {'square': 2, 'location': [0, 0.2], 'corrAns': None}
79.8371 	EXP 	window1: mouseVisible = False
79.8515 	EXP 	grid_lines_2: autoDraw = False
79.8515 	EXP 	target_square_2: autoDraw = False
79.8515 	EXP 	fixation_3: autoDraw = False
79.8515 	EXP 	target_square_2: pos = array([0. , 0.2])
79.8515 	EXP 	grid_lines_2: autoDraw = True
79.8515 	EXP 	target_square_2: autoDraw = True
79.9015 	DATA 	Mouse: Left button down, pos=(795,103)
80.0522 	DATA 	Mouse:  Left button up, pos=(795,103)
80.8344 	EXP 	fixation_3: autoDraw = True
80.8526 	EXP 	target_square_2: autoDraw = False
81.8345 	EXP 	fixation_3: autoDraw = False
81.8373 	EXP 	New trial (rep=0, index=34): {'square': 5, 'location': [0, 0], 'corrAns': None}
81.8378 	EXP 	window1: mouseVisible = False
81.8524 	EXP 	grid_lines_2: autoDraw = False
81.8524 	EXP 	target_square_2: autoDraw = False
81.8524 	EXP 	fixation_3: autoDraw = False
81.8524 	EXP 	target_square_2: pos = array([0., 0.])
81.8524 	EXP 	grid_lines_2: autoDraw = True
81.8524 	EXP 	target_square_2: autoDraw = True
82.1057 	DATA 	Mouse: Left button down, pos=(795,103)
82.2201 	DATA 	Mouse:  Left button up, pos=(795,103)
82.8352 	EXP 	fixation_3: autoDraw = True
82.8531 	EXP 	target_square_2: autoDraw = False
83.8358 	EXP 	fixation_3: autoDraw = False
83.8387 	EXP 	New trial (rep=0, index=35): {'square': 4, 'location': [-0.2, 0], 'corrAns': None}
83.8393 	EXP 	window1: mouseVisible = False
83.8534 	EXP 	grid_lines_2: autoDraw = False
83.8534 	EXP 	target_square_2: autoDraw = False
83.8534 	EXP 	fixation_3: autoDraw = False
83.8534 	EXP 	target_square_2: pos = array([-0.2,  0. ])
83.8534 	EXP 	grid_lines_2: autoDraw = True
83.8534 	EXP 	target_square_2: autoDraw = True
84.0698 	DATA 	Mouse: Left button down, pos=(795,103)
84.2031 	DATA 	Mouse:  Left button up, pos=(795,103)
84.8361 	EXP 	fixation_3: autoDraw = True
84.8538 	EXP 	target_square_2: autoDraw = False
85.8365 	EXP 	fixation_3: autoDraw = False
85.8393 	EXP 	New trial (rep=0, index=36): {'square': 4, 'location': [-0.2, 0], 'corrAns': None}
85.8399 	EXP 	window1: mouseVisible = False
85.8545 	EXP 	grid_lines_2: autoDraw = False
85.8545 	EXP 	target_square_2: autoDraw = False
85.8545 	EXP 	fixation_3: autoDraw = False
85.8545 	EXP 	target_square_2: pos = array([-0.2,  0. ])
85.8545 	EXP 	grid_lines_2: autoDraw = True
85.8545 	EXP 	target_square_2: autoDraw = True
86.1224 	DATA 	Mouse: Left button down, pos=(791,98)
86.2552 	DATA 	Mouse:  Left button up, pos=(791,98)
86.8369 	EXP 	fixation_3: autoDraw = True
86.8548 	EXP 	target_square_2: autoDraw = False
87.8372 	EXP 	fixation_3: autoDraw = False
87.8403 	EXP 	New trial (rep=0, index=37): {'square': 7, 'location': [-0.2, -0.2], 'corrAns': None}
87.8409 	EXP 	window1: mouseVisible = False
87.8554 	EXP 	grid_lines_2: autoDraw = False
87.8554 	EXP 	target_square_2: autoDraw = False
87.8554 	EXP 	fixation_3: autoDraw = False
87.8554 	EXP 	target_square_2: pos = array([-0.2, -0.2])
87.8554 	EXP 	grid_lines_2: autoDraw = True
87.8554 	EXP 	target_square_2: autoDraw = True
88.0895 	DATA 	Mouse: Left button down, pos=(790,98)
88.2050 	DATA 	Mouse:  Left button up, pos=(790,98)
88.8381 	EXP 	fixation_3: autoDraw = True
88.8558 	EXP 	target_square_2: autoDraw = False
89.8261 	EXP 	New trial (rep=0, index=38): {'square': 4, 'location': [-0.2, 0], 'corrAns': 1}
89.8267 	EXP 	window1: mouseVisible = False
89.8385 	EXP 	grid_lines_2: autoDraw = False
89.8385 	EXP 	target_square_2: autoDraw = False
89.8385 	EXP 	fixation_3: autoDraw = False
89.8385 	EXP 	target_square_2: pos = array([-0.2,  0. ])
89.8385 	EXP 	grid_lines_2: autoDraw = True
89.8385 	EXP 	target_square_2: autoDraw = True
90.0574 	DATA 	Mouse: Left button down, pos=(787,96)
90.2062 	DATA 	Mouse:  Left button up, pos=(782,86)
90.8234 	EXP 	fixation_3: autoDraw = True
90.8391 	EXP 	target_square_2: autoDraw = False
91.8239 	EXP 	fixation_3: autoDraw = False
91.8267 	EXP 	New trial (rep=0, index=39): {'square': 3, 'location': [0.2, 0.2], 'corrAns': None}
91.8273 	EXP 	window1: mouseVisible = False
91.8393 	EXP 	grid_lines_2: autoDraw = False
91.8393 	EXP 	target_square_2: autoDraw = False
91.8393 	EXP 	fixation_3: autoDraw = False
91.8393 	EXP 	target_square_2: pos = array([0.2, 0.2])
91.8393 	EXP 	grid_lines_2: autoDraw = True
91.8393 	EXP 	target_square_2: autoDraw = True
92.1256 	DATA 	Mouse: Left button down, pos=(782,86)
92.2733 	DATA 	Mouse:  Left button up, pos=(782,86)
92.2735 	DATA 	Mouse: Left button down, pos=(782,86)
92.2766 	DATA 	Mouse:  Left button up, pos=(782,86)
92.8225 	EXP 	fixation_3: autoDraw = True
92.8389 	EXP 	target_square_2: autoDraw = False
93.8238 	EXP 	fixation_3: autoDraw = False
93.8280 	EXP 	New trial (rep=0, index=40): {'square': 5, 'location': [0, 0], 'corrAns': None}
93.8285 	EXP 	window1: mouseVisible = False
93.8416 	EXP 	grid_lines_2: autoDraw = False
93.8416 	EXP 	target_square_2: autoDraw = False
93.8416 	EXP 	fixation_3: autoDraw = False
93.8416 	EXP 	target_square_2: pos = array([0., 0.])
93.8416 	EXP 	grid_lines_2: autoDraw = True
93.8416 	EXP 	target_square_2: autoDraw = True
94.1758 	DATA 	Mouse: Left button down, pos=(693,37)
94.2913 	DATA 	Mouse:  Left button up, pos=(693,37)
94.3091 	DATA 	Mouse: Left button down, pos=(693,37)
94.3094 	DATA 	Mouse:  Left button up, pos=(693,37)
94.8241 	EXP 	fixation_3: autoDraw = True
94.8421 	EXP 	target_square_2: autoDraw = False
95.8247 	EXP 	fixation_3: autoDraw = False
95.8278 	EXP 	New trial (rep=0, index=41): {'square': 3, 'location': [0.2, 0.2], 'corrAns': 1}
95.8283 	EXP 	window1: mouseVisible = False
95.8424 	EXP 	grid_lines_2: autoDraw = False
95.8424 	EXP 	target_square_2: autoDraw = False
95.8424 	EXP 	fixation_3: autoDraw = False
95.8424 	EXP 	target_square_2: pos = array([0.2, 0.2])
95.8424 	EXP 	grid_lines_2: autoDraw = True
95.8424 	EXP 	target_square_2: autoDraw = True
96.0253 	DATA 	Mouse: Left button down, pos=(693,37)
96.1432 	DATA 	Mouse:  Left button up, pos=(693,37)
96.1437 	DATA 	Mouse: Left button down, pos=(693,37)
96.1587 	DATA 	Mouse:  Left button up, pos=(693,37)
96.8251 	EXP 	fixation_3: autoDraw = True
96.8432 	EXP 	target_square_2: autoDraw = False
97.8253 	EXP 	fixation_3: autoDraw = False
97.8281 	EXP 	New trial (rep=0, index=42): {'square': 1, 'location': [-0.2, 0.2], 'corrAns': None}
97.8287 	EXP 	window1: mouseVisible = False
97.8434 	EXP 	grid_lines_2: autoDraw = False
97.8434 	EXP 	target_square_2: autoDraw = False
97.8434 	EXP 	fixation_3: autoDraw = False
97.8434 	EXP 	target_square_2: pos = array([-0.2,  0.2])
97.8434 	EXP 	grid_lines_2: autoDraw = True
97.8434 	EXP 	target_square_2: autoDraw = True
98.0807 	DATA 	Mouse: Left button down, pos=(690,37)
98.1962 	DATA 	Mouse:  Left button up, pos=(690,37)
98.8260 	EXP 	fixation_3: autoDraw = True
98.8438 	EXP 	target_square_2: autoDraw = False
99.8264 	EXP 	fixation_3: autoDraw = False
99.8294 	EXP 	New trial (rep=0, index=43): {'square': 9, 'location': [0.2, -0.2], 'corrAns': None}
99.8300 	EXP 	window1: mouseVisible = False
99.8443 	EXP 	grid_lines_2: autoDraw = False
99.8443 	EXP 	target_square_2: autoDraw = False
99.8443 	EXP 	fixation_3: autoDraw = False
99.8443 	EXP 	target_square_2: pos = array([ 0.2, -0.2])
99.8443 	EXP 	grid_lines_2: autoDraw = True
99.8443 	EXP 	target_square_2: autoDraw = True
100.1123 	DATA 	Mouse: Left button down, pos=(688,37)
100.2455 	DATA 	Mouse:  Left button up, pos=(688,37)
100.8268 	EXP 	fixation_3: autoDraw = True
100.8448 	EXP 	target_square_2: autoDraw = False
101.8273 	EXP 	fixation_3: autoDraw = False
101.8302 	EXP 	New trial (rep=0, index=44): {'square': 9, 'location': [0.2, -0.2], 'corrAns': None}
101.8307 	EXP 	window1: mouseVisible = False
101.8452 	EXP 	grid_lines_2: autoDraw = False
101.8452 	EXP 	target_square_2: autoDraw = False
101.8452 	EXP 	fixation_3: autoDraw = False
101.8452 	EXP 	target_square_2: pos = array([ 0.2, -0.2])
101.8452 	EXP 	grid_lines_2: autoDraw = True
101.8452 	EXP 	target_square_2: autoDraw = True
102.1465 	DATA 	Mouse: Left button down, pos=(685,37)
102.2459 	DATA 	Mouse:  Left button up, pos=(685,37)
102.2493 	DATA 	Mouse: Left button down, pos=(685,37)
102.2613 	DATA 	Mouse:  Left button up, pos=(685,37)
102.8279 	EXP 	fixation_3: autoDraw = True
102.8457 	EXP 	target_square_2: autoDraw = False
103.8283 	EXP 	fixation_3: autoDraw = False
103.8312 	EXP 	New trial (rep=0, index=45): {'square': 8, 'location': [0, -0.2], 'corrAns': None}
103.8318 	EXP 	window1: mouseVisible = False
103.8463 	EXP 	grid_lines_2: autoDraw = False
103.8463 	EXP 	target_square_2: autoDraw = False
103.8463 	EXP 	fixation_3: autoDraw = False
103.8463 	EXP 	target_square_2: pos = array([ 0. , -0.2])
103.8463 	EXP 	grid_lines_2: autoDraw = True
103.8463 	EXP 	target_square_2: autoDraw = True
104.1140 	DATA 	Mouse: Left button down, pos=(683,36)
104.2293 	DATA 	Mouse:  Left button up, pos=(683,36)
104.8288 	EXP 	fixation_3: autoDraw = True
104.8471 	EXP 	target_square_2: autoDraw = False
105.8292 	EXP 	fixation_3: autoDraw = False
105.8322 	EXP 	New trial (rep=0, index=46): {'square': 6, 'location': [0.2, 0], 'corrAns': None}
105.8328 	EXP 	window1: mouseVisible = False
105.8478 	EXP 	grid_lines_2: autoDraw = False
105.8478 	EXP 	target_square_2: autoDraw = False
105.8478 	EXP 	fixation_3: autoDraw = False
105.8478 	EXP 	target_square_2: pos = array([0.2, 0. ])
105.8478 	EXP 	grid_lines_2: autoDraw = True
105.8478 	EXP 	target_square_2: autoDraw = True
106.1481 	DATA 	Mouse: Left button down, pos=(680,35)
106.2820 	DATA 	Mouse:  Left button up, pos=(680,35)
106.2824 	DATA 	Mouse: Left button down, pos=(680,35)
106.2826 	DATA 	Mouse:  Left button up, pos=(680,35)
106.8298 	EXP 	fixation_3: autoDraw = True
106.8631 	EXP 	target_square_2: autoDraw = False
107.8301 	EXP 	fixation_3: autoDraw = False
107.8330 	EXP 	New trial (rep=0, index=47): {'square': 3, 'location': [0.2, 0.2], 'corrAns': None}
107.8335 	EXP 	window1: mouseVisible = False
107.8494 	EXP 	grid_lines_2: autoDraw = False
107.8494 	EXP 	target_square_2: autoDraw = False
107.8494 	EXP 	fixation_3: autoDraw = False
107.8494 	EXP 	target_square_2: pos = array([0.2, 0.2])
107.8494 	EXP 	grid_lines_2: autoDraw = True
107.8494 	EXP 	target_square_2: autoDraw = True
108.1164 	DATA 	Mouse: Left button down, pos=(679,35)
108.2491 	DATA 	Mouse:  Left button up, pos=(679,34)
108.2644 	DATA 	Mouse: Left button down, pos=(679,34)
108.2647 	DATA 	Mouse:  Left button up, pos=(679,34)
108.8306 	EXP 	fixation_3: autoDraw = True
108.8645 	EXP 	target_square_2: autoDraw = False
109.8310 	EXP 	fixation_3: autoDraw = False
109.8339 	EXP 	New trial (rep=0, index=48): {'square': 6, 'location': [0.2, 0], 'corrAns': 1}
109.8346 	EXP 	window1: mouseVisible = False
109.8495 	EXP 	grid_lines_2: autoDraw = False
109.8495 	EXP 	target_square_2: autoDraw = False
109.8495 	EXP 	fixation_3: autoDraw = False
109.8495 	EXP 	target_square_2: pos = array([0.2, 0. ])
109.8495 	EXP 	grid_lines_2: autoDraw = True
109.8495 	EXP 	target_square_2: autoDraw = True
110.1505 	DATA 	Mouse: Left button down, pos=(676,33)
110.2841 	DATA 	Mouse:  Left button up, pos=(676,33)
110.2845 	DATA 	Mouse: Left button down, pos=(676,33)
110.2878 	DATA 	Mouse:  Left button up, pos=(676,33)
110.8314 	EXP 	fixation_3: autoDraw = True
110.8651 	EXP 	target_square_2: autoDraw = False
111.8323 	EXP 	fixation_3: autoDraw = False
111.8355 	EXP 	New trial (rep=0, index=49): {'square': 5, 'location': [0, 0], 'corrAns': None}
111.8360 	EXP 	window1: mouseVisible = False
111.8509 	EXP 	grid_lines_2: autoDraw = False
111.8509 	EXP 	target_square_2: autoDraw = False
111.8509 	EXP 	fixation_3: autoDraw = False
111.8509 	EXP 	target_square_2: pos = array([0., 0.])
111.8509 	EXP 	grid_lines_2: autoDraw = True
111.8509 	EXP 	target_square_2: autoDraw = True
112.1174 	DATA 	Mouse: Left button down, pos=(676,33)
112.2515 	DATA 	Mouse:  Left button up, pos=(676,33)
112.2555 	DATA 	Mouse: Left button down, pos=(676,33)
112.2662 	DATA 	Mouse:  Left button up, pos=(676,33)
112.8323 	EXP 	fixation_3: autoDraw = True
112.8660 	EXP 	target_square_2: autoDraw = False
113.8331 	EXP 	fixation_3: autoDraw = False
113.8359 	EXP 	New trial (rep=0, index=50): {'square': 7, 'location': [-0.2, -0.2], 'corrAns': None}
113.8365 	EXP 	window1: mouseVisible = False
113.8511 	EXP 	grid_lines_2: autoDraw = False
113.8511 	EXP 	target_square_2: autoDraw = False
113.8511 	EXP 	fixation_3: autoDraw = False
113.8511 	EXP 	target_square_2: pos = array([-0.2, -0.2])
113.8511 	EXP 	grid_lines_2: autoDraw = True
113.8511 	EXP 	target_square_2: autoDraw = True
114.0500 	DATA 	Mouse: Left button down, pos=(674,31)
114.2025 	DATA 	Mouse:  Left button up, pos=(674,31)
114.2171 	DATA 	Mouse: Left button down, pos=(674,31)
114.2205 	DATA 	Mouse:  Left button up, pos=(674,31)
114.8339 	EXP 	fixation_3: autoDraw = True
114.8514 	EXP 	target_square_2: autoDraw = False
115.8336 	EXP 	fixation_3: autoDraw = False
115.8365 	EXP 	New trial (rep=0, index=51): {'square': 5, 'location': [0, 0], 'corrAns': 1}
115.8370 	EXP 	window1: mouseVisible = False
115.8518 	EXP 	grid_lines_2: autoDraw = False
115.8518 	EXP 	target_square_2: autoDraw = False
115.8518 	EXP 	fixation_3: autoDraw = False
115.8518 	EXP 	target_square_2: pos = array([0., 0.])
115.8518 	EXP 	grid_lines_2: autoDraw = True
115.8518 	EXP 	target_square_2: autoDraw = True
116.2351 	DATA 	Mouse: Left button down, pos=(672,30)
116.3528 	DATA 	Mouse:  Left button up, pos=(672,29)
116.3683 	DATA 	Mouse: Left button down, pos=(672,29)
116.3714 	DATA 	Mouse:  Left button up, pos=(672,29)
116.8344 	EXP 	fixation_3: autoDraw = True
116.8531 	EXP 	target_square_2: autoDraw = False
117.8348 	EXP 	fixation_3: autoDraw = False
117.8377 	EXP 	New trial (rep=0, index=52): {'square': 1, 'location': [-0.2, 0.2], 'corrAns': None}
117.8383 	EXP 	window1: mouseVisible = False
117.8526 	EXP 	grid_lines_2: autoDraw = False
117.8526 	EXP 	target_square_2: autoDraw = False
117.8526 	EXP 	fixation_3: autoDraw = False
117.8526 	EXP 	target_square_2: pos = array([-0.2,  0.2])
117.8526 	EXP 	grid_lines_2: autoDraw = True
117.8526 	EXP 	target_square_2: autoDraw = True
118.1566 	DATA 	Mouse: Left button down, pos=(672,29)
118.2867 	DATA 	Mouse:  Left button up, pos=(672,29)
118.8353 	EXP 	fixation_3: autoDraw = True
118.8531 	EXP 	target_square_2: autoDraw = False
119.8362 	EXP 	fixation_3: autoDraw = False
119.8390 	EXP 	New trial (rep=0, index=53): {'square': 7, 'location': [-0.2, -0.2], 'corrAns': None}
119.8396 	EXP 	window1: mouseVisible = False
119.8536 	EXP 	grid_lines_2: autoDraw = False
119.8536 	EXP 	target_square_2: autoDraw = False
119.8536 	EXP 	fixation_3: autoDraw = False
119.8536 	EXP 	target_square_2: pos = array([-0.2, -0.2])
119.8536 	EXP 	grid_lines_2: autoDraw = True
119.8536 	EXP 	target_square_2: autoDraw = True
119.9880 	DATA 	Mouse: Left button down, pos=(669,27)
120.1544 	DATA 	Mouse:  Left button up, pos=(669,27)
120.1699 	DATA 	Mouse: Left button down, pos=(669,27)
120.1877 	DATA 	Mouse:  Left button up, pos=(669,27)
120.8364 	EXP 	fixation_3: autoDraw = True
120.8542 	EXP 	target_square_2: autoDraw = False
121.8366 	EXP 	fixation_3: autoDraw = False
121.8396 	EXP 	New trial (rep=0, index=54): {'square': 9, 'location': [0.2, -0.2], 'corrAns': None}
121.8402 	EXP 	window1: mouseVisible = False
121.8546 	EXP 	grid_lines_2: autoDraw = False
121.8546 	EXP 	target_square_2: autoDraw = False
121.8546 	EXP 	fixation_3: autoDraw = False
121.8546 	EXP 	target_square_2: pos = array([ 0.2, -0.2])
121.8546 	EXP 	grid_lines_2: autoDraw = True
121.8546 	EXP 	target_square_2: autoDraw = True
122.1084 	DATA 	Mouse: Left button down, pos=(667,25)
122.2375 	DATA 	Mouse:  Left button up, pos=(667,25)
122.2556 	DATA 	Mouse: Left button down, pos=(667,25)
122.2559 	DATA 	Mouse:  Left button up, pos=(667,25)
122.8371 	EXP 	fixation_3: autoDraw = True
122.8550 	EXP 	target_square_2: autoDraw = False
123.8377 	EXP 	fixation_3: autoDraw = False
123.8405 	EXP 	New trial (rep=0, index=55): {'square': 3, 'location': [0.2, 0.2], 'corrAns': None}
123.8411 	EXP 	window1: mouseVisible = False
123.8555 	EXP 	grid_lines_2: autoDraw = False
123.8555 	EXP 	target_square_2: autoDraw = False
123.8555 	EXP 	fixation_3: autoDraw = False
123.8555 	EXP 	target_square_2: pos = array([0.2, 0.2])
123.8555 	EXP 	grid_lines_2: autoDraw = True
123.8555 	EXP 	target_square_2: autoDraw = True
124.3232 	DATA 	Mouse: Left button down, pos=(667,25)
124.4577 	DATA 	Mouse:  Left button up, pos=(667,25)
124.4711 	DATA 	Mouse: Left button down, pos=(667,25)
124.4747 	DATA 	Mouse:  Left button up, pos=(667,25)
124.8383 	EXP 	fixation_3: autoDraw = True
124.8559 	EXP 	target_square_2: autoDraw = False
125.8259 	EXP 	New trial (rep=0, index=56): {'square': 9, 'location': [0.2, -0.2], 'corrAns': 1}
125.8265 	EXP 	window1: mouseVisible = False
125.8385 	EXP 	grid_lines_2: autoDraw = False
125.8385 	EXP 	target_square_2: autoDraw = False
125.8385 	EXP 	fixation_3: autoDraw = False
125.8385 	EXP 	target_square_2: pos = array([ 0.2, -0.2])
125.8385 	EXP 	grid_lines_2: autoDraw = True
125.8385 	EXP 	target_square_2: autoDraw = True
126.1244 	DATA 	Mouse: Left button down, pos=(665,24)
126.2725 	DATA 	Mouse:  Left button up, pos=(665,24)
126.2906 	DATA 	Mouse: Left button down, pos=(665,24)
126.2909 	DATA 	Mouse:  Left button up, pos=(665,24)
126.8235 	EXP 	fixation_3: autoDraw = True
126.8391 	EXP 	target_square_2: autoDraw = False
127.8240 	EXP 	fixation_3: autoDraw = False
127.8269 	EXP 	New trial (rep=0, index=57): {'square': 6, 'location': [0.2, 0], 'corrAns': None}
127.8276 	EXP 	window1: mouseVisible = False
127.8394 	EXP 	grid_lines_2: autoDraw = False
127.8394 	EXP 	target_square_2: autoDraw = False
127.8394 	EXP 	fixation_3: autoDraw = False
127.8394 	EXP 	target_square_2: pos = array([0.2, 0. ])
127.8394 	EXP 	grid_lines_2: autoDraw = True
127.8394 	EXP 	target_square_2: autoDraw = True
128.1073 	DATA 	Mouse: Left button down, pos=(663,23)
128.2738 	DATA 	Mouse:  Left button up, pos=(663,15)
128.8246 	EXP 	fixation_3: autoDraw = True
128.8400 	EXP 	target_square_2: autoDraw = False
129.8250 	EXP 	fixation_3: autoDraw = False
129.8278 	EXP 	New trial (rep=0, index=58): {'square': 2, 'location': [0, 0.2], 'corrAns': None}
129.8285 	EXP 	window1: mouseVisible = False
129.8405 	EXP 	grid_lines_2: autoDraw = False
129.8405 	EXP 	target_square_2: autoDraw = False
129.8405 	EXP 	fixation_3: autoDraw = False
129.8405 	EXP 	target_square_2: pos = array([0. , 0.2])
129.8405 	EXP 	grid_lines_2: autoDraw = True
129.8405 	EXP 	target_square_2: autoDraw = True
130.0265 	DATA 	Mouse: Left button down, pos=(661,15)
130.1745 	DATA 	Mouse:  Left button up, pos=(661,15)
130.8255 	EXP 	fixation_3: autoDraw = True
130.8407 	EXP 	target_square_2: autoDraw = False
131.8259 	EXP 	fixation_3: autoDraw = False
131.8287 	EXP 	New trial (rep=0, index=59): {'square': 5, 'location': [0, 0], 'corrAns': None}
131.8292 	EXP 	window1: mouseVisible = False
131.8418 	EXP 	grid_lines_2: autoDraw = False
131.8418 	EXP 	target_square_2: autoDraw = False
131.8418 	EXP 	fixation_3: autoDraw = False
131.8418 	EXP 	target_square_2: pos = array([0., 0.])
131.8418 	EXP 	grid_lines_2: autoDraw = True
131.8418 	EXP 	target_square_2: autoDraw = True
132.0935 	DATA 	Mouse: Left button down, pos=(661,15)
132.2756 	DATA 	Mouse:  Left button up, pos=(661,7)
132.8264 	EXP 	fixation_3: autoDraw = True
132.8420 	EXP 	target_square_2: autoDraw = False
133.8273 	EXP 	fixation_3: autoDraw = False
133.8301 	EXP 	New trial (rep=0, index=60): {'square': 5, 'location': [0, 0], 'corrAns': None}
133.8306 	EXP 	window1: mouseVisible = False
133.8424 	EXP 	grid_lines_2: autoDraw = False
133.8424 	EXP 	target_square_2: autoDraw = False
133.8424 	EXP 	fixation_3: autoDraw = False
133.8424 	EXP 	target_square_2: pos = array([0., 0.])
133.8424 	EXP 	grid_lines_2: autoDraw = True
133.8424 	EXP 	target_square_2: autoDraw = True
133.9765 	DATA 	Mouse: Left button down, pos=(661,7)
134.1277 	DATA 	Mouse:  Left button up, pos=(661,7)
134.8274 	EXP 	fixation_3: autoDraw = True
134.8430 	EXP 	target_square_2: autoDraw = False
135.8280 	EXP 	fixation_3: autoDraw = False
135.8309 	EXP 	New trial (rep=0, index=61): {'square': 2, 'location': [0, 0.2], 'corrAns': None}
135.8314 	EXP 	window1: mouseVisible = False
135.8433 	EXP 	grid_lines_2: autoDraw = False
135.8433 	EXP 	target_square_2: autoDraw = False
135.8433 	EXP 	fixation_3: autoDraw = False
135.8433 	EXP 	target_square_2: pos = array([0. , 0.2])
135.8433 	EXP 	grid_lines_2: autoDraw = True
135.8433 	EXP 	target_square_2: autoDraw = True
136.0619 	DATA 	Mouse: Left button down, pos=(661,7)
136.1773 	DATA 	Mouse:  Left button up, pos=(663,8)
136.8283 	EXP 	fixation_3: autoDraw = True
136.8436 	EXP 	target_square_2: autoDraw = False
137.8287 	EXP 	fixation_3: autoDraw = False
137.8318 	EXP 	New trial (rep=0, index=62): {'square': 6, 'location': [0.2, 0], 'corrAns': None}
137.8324 	EXP 	window1: mouseVisible = False
137.8442 	EXP 	grid_lines_2: autoDraw = False
137.8442 	EXP 	target_square_2: autoDraw = False
137.8442 	EXP 	fixation_3: autoDraw = False
137.8442 	EXP 	target_square_2: pos = array([0.2, 0. ])
137.8442 	EXP 	grid_lines_2: autoDraw = True
137.8442 	EXP 	target_square_2: autoDraw = True
137.9119 	DATA 	Mouse: Left button down, pos=(661,8)
138.0631 	DATA 	Mouse:  Left button up, pos=(661,8)
138.8297 	EXP 	fixation_3: autoDraw = True
138.8449 	EXP 	target_square_2: autoDraw = False
139.8329 	EXP 	New trial (rep=0, index=63): {'square': 9, 'location': [0.2, -0.2], 'corrAns': None}
139.8335 	EXP 	window1: mouseVisible = False
139.8453 	EXP 	grid_lines_2: autoDraw = False
139.8453 	EXP 	target_square_2: autoDraw = False
139.8453 	EXP 	fixation_3: autoDraw = False
139.8453 	EXP 	target_square_2: pos = array([ 0.2, -0.2])
139.8453 	EXP 	grid_lines_2: autoDraw = True
139.8453 	EXP 	target_square_2: autoDraw = True
140.0684 	DATA 	Mouse: Left button down, pos=(661,8)
140.2126 	DATA 	Mouse:  Left button up, pos=(661,8)
140.8310 	EXP 	fixation_3: autoDraw = True
140.8459 	EXP 	target_square_2: autoDraw = False
141.8339 	EXP 	New trial (rep=0, index=64): {'square': 3, 'location': [0.2, 0.2], 'corrAns': None}
141.8345 	EXP 	window1: mouseVisible = False
141.8459 	EXP 	grid_lines_2: autoDraw = False
141.8459 	EXP 	target_square_2: autoDraw = False
141.8459 	EXP 	fixation_3: autoDraw = False
141.8459 	EXP 	target_square_2: pos = array([0.2, 0.2])
141.8459 	EXP 	grid_lines_2: autoDraw = True
141.8459 	EXP 	target_square_2: autoDraw = True
142.1325 	DATA 	Mouse: Left button down, pos=(659,8)
142.2802 	DATA 	Mouse:  Left button up, pos=(659,8)
142.8314 	EXP 	fixation_3: autoDraw = True
142.8466 	EXP 	target_square_2: autoDraw = False
143.8329 	EXP 	fixation_3: autoDraw = False
143.8361 	EXP 	New trial (rep=0, index=65): {'square': 9, 'location': [0.2, -0.2], 'corrAns': 1}
143.8367 	EXP 	window1: mouseVisible = False
143.8471 	EXP 	grid_lines_2: autoDraw = False
143.8471 	EXP 	target_square_2: autoDraw = False
143.8471 	EXP 	fixation_3: autoDraw = False
143.8471 	EXP 	target_square_2: pos = array([ 0.2, -0.2])
143.8471 	EXP 	grid_lines_2: autoDraw = True
143.8471 	EXP 	target_square_2: autoDraw = True
144.3175 	DATA 	Mouse: Left button down, pos=(659,8)
144.4666 	DATA 	Mouse:  Left button up, pos=(659,8)
144.4814 	DATA 	Mouse: Left button down, pos=(659,8)
144.4817 	DATA 	Mouse:  Left button up, pos=(659,8)
144.8330 	EXP 	fixation_3: autoDraw = True
144.8476 	EXP 	target_square_2: autoDraw = False
145.8313 	EXP 	fixation_3: autoDraw = False
145.8342 	EXP 	New trial (rep=0, index=66): {'square': 7, 'location': [-0.2, -0.2], 'corrAns': None}
145.8347 	EXP 	window1: mouseVisible = False
145.8502 	EXP 	grid_lines_2: autoDraw = False
145.8502 	EXP 	target_square_2: autoDraw = False
145.8502 	EXP 	fixation_3: autoDraw = False
145.8502 	EXP 	target_square_2: pos = array([-0.2, -0.2])
145.8502 	EXP 	grid_lines_2: autoDraw = True
145.8502 	EXP 	target_square_2: autoDraw = True
146.1490 	DATA 	Mouse: Left button down, pos=(659,8)
146.3154 	DATA 	Mouse:  Left button up, pos=(659,8)
146.8330 	EXP 	fixation_3: autoDraw = True
146.8487 	EXP 	target_square_2: autoDraw = False
147.8335 	EXP 	fixation_3: autoDraw = False
147.8363 	EXP 	New trial (rep=0, index=67): {'square': 1, 'location': [-0.2, 0.2], 'corrAns': None}
147.8369 	EXP 	window1: mouseVisible = False
147.8491 	EXP 	grid_lines_2: autoDraw = False
147.8491 	EXP 	target_square_2: autoDraw = False
147.8491 	EXP 	fixation_3: autoDraw = False
147.8491 	EXP 	target_square_2: pos = array([-0.2,  0.2])
147.8491 	EXP 	grid_lines_2: autoDraw = True
147.8491 	EXP 	target_square_2: autoDraw = True
148.2206 	DATA 	Mouse: Left button down, pos=(659,8)
148.4009 	DATA 	Mouse:  Left button up, pos=(659,8)
148.8342 	EXP 	fixation_3: autoDraw = True
148.8496 	EXP 	target_square_2: autoDraw = False
149.8344 	EXP 	fixation_3: autoDraw = False
149.8372 	EXP 	New trial (rep=0, index=68): {'square': 5, 'location': [0, 0], 'corrAns': None}
149.8377 	EXP 	window1: mouseVisible = False
149.8497 	EXP 	grid_lines_2: autoDraw = False
149.8497 	EXP 	target_square_2: autoDraw = False
149.8497 	EXP 	fixation_3: autoDraw = False
149.8497 	EXP 	target_square_2: pos = array([0., 0.])
149.8497 	EXP 	grid_lines_2: autoDraw = True
149.8497 	EXP 	target_square_2: autoDraw = True
150.1024 	DATA 	Mouse: Left button down, pos=(658,8)
150.2685 	DATA 	Mouse:  Left button up, pos=(658,8)
150.8347 	EXP 	fixation_3: autoDraw = True
150.8502 	EXP 	target_square_2: autoDraw = False
151.8354 	EXP 	fixation_3: autoDraw = False
151.8382 	EXP 	New trial (rep=0, index=69): {'square': 7, 'location': [-0.2, -0.2], 'corrAns': None}
151.8388 	EXP 	window1: mouseVisible = False
151.8508 	EXP 	grid_lines_2: autoDraw = False
151.8508 	EXP 	target_square_2: autoDraw = False
151.8508 	EXP 	fixation_3: autoDraw = False
151.8508 	EXP 	target_square_2: pos = array([-0.2, -0.2])
151.8508 	EXP 	grid_lines_2: autoDraw = True
151.8508 	EXP 	target_square_2: autoDraw = True
152.0852 	DATA 	Mouse: Left button down, pos=(658,8)
152.2206 	DATA 	Mouse:  Left button up, pos=(658,8)
152.8367 	EXP 	fixation_3: autoDraw = True
152.8510 	EXP 	target_square_2: autoDraw = False
153.8391 	EXP 	New trial (rep=0, index=70): {'square': 5, 'location': [0, 0], 'corrAns': 1}
153.8396 	EXP 	window1: mouseVisible = False
153.8516 	EXP 	grid_lines_2: autoDraw = False
153.8516 	EXP 	target_square_2: autoDraw = False
153.8516 	EXP 	fixation_3: autoDraw = False
153.8516 	EXP 	target_square_2: pos = array([0., 0.])
153.8516 	EXP 	grid_lines_2: autoDraw = True
153.8516 	EXP 	target_square_2: autoDraw = True
154.0704 	DATA 	Mouse: Left button down, pos=(656,7)
154.2370 	DATA 	Mouse:  Left button up, pos=(656,7)
154.8367 	EXP 	fixation_3: autoDraw = True
154.8524 	EXP 	target_square_2: autoDraw = False
155.8371 	EXP 	fixation_3: autoDraw = False
155.8402 	EXP 	New trial (rep=0, index=71): {'square': 6, 'location': [0.2, 0], 'corrAns': None}
155.8408 	EXP 	window1: mouseVisible = False
155.8523 	EXP 	grid_lines_2: autoDraw = False
155.8523 	EXP 	target_square_2: autoDraw = False
155.8523 	EXP 	fixation_3: autoDraw = False
155.8523 	EXP 	target_square_2: pos = array([0.2, 0. ])
155.8523 	EXP 	grid_lines_2: autoDraw = True
155.8523 	EXP 	target_square_2: autoDraw = True
156.0697 	DATA 	Mouse: Left button down, pos=(656,6)
156.2216 	DATA 	Mouse:  Left button up, pos=(656,6)
156.8377 	EXP 	fixation_3: autoDraw = True
156.8531 	EXP 	target_square_2: autoDraw = False
157.8381 	EXP 	fixation_3: autoDraw = False
157.8409 	EXP 	New trial (rep=0, index=72): {'square': 3, 'location': [0.2, 0.2], 'corrAns': None}
157.8415 	EXP 	window1: mouseVisible = False
157.8538 	EXP 	grid_lines_2: autoDraw = False
157.8538 	EXP 	target_square_2: autoDraw = False
157.8538 	EXP 	fixation_3: autoDraw = False
157.8538 	EXP 	target_square_2: pos = array([0.2, 0.2])
157.8538 	EXP 	grid_lines_2: autoDraw = True
157.8538 	EXP 	target_square_2: autoDraw = True
158.0722 	DATA 	Mouse: Left button down, pos=(656,6)
158.1876 	DATA 	Mouse:  Left button up, pos=(656,6)
158.1879 	DATA 	Mouse: Left button down, pos=(656,6)
158.2054 	DATA 	Mouse:  Left button up, pos=(656,6)
158.8385 	EXP 	fixation_3: autoDraw = True
158.8541 	EXP 	target_square_2: autoDraw = False
159.8400 	EXP 	fixation_3: autoDraw = False
159.8428 	EXP 	New trial (rep=0, index=73): {'square': 6, 'location': [0.2, 0], 'corrAns': 1}
159.8434 	EXP 	window1: mouseVisible = False
159.8546 	EXP 	grid_lines_2: autoDraw = False
159.8546 	EXP 	target_square_2: autoDraw = False
159.8546 	EXP 	fixation_3: autoDraw = False
159.8546 	EXP 	target_square_2: pos = array([0.2, 0. ])
159.8546 	EXP 	grid_lines_2: autoDraw = True
159.8546 	EXP 	target_square_2: autoDraw = True
160.0072 	DATA 	Mouse: Left button down, pos=(654,2)
160.1407 	DATA 	Mouse:  Left button up, pos=(654,2)
160.8395 	EXP 	fixation_3: autoDraw = True
160.8549 	EXP 	target_square_2: autoDraw = False
161.8401 	EXP 	fixation_3: autoDraw = False
161.8429 	EXP 	New trial (rep=0, index=74): {'square': 8, 'location': [0, -0.2], 'corrAns': None}
161.8435 	EXP 	window1: mouseVisible = False
161.8552 	EXP 	grid_lines_2: autoDraw = False
161.8552 	EXP 	target_square_2: autoDraw = False
161.8552 	EXP 	fixation_3: autoDraw = False
161.8552 	EXP 	target_square_2: pos = array([ 0. , -0.2])
161.8552 	EXP 	grid_lines_2: autoDraw = True
161.8552 	EXP 	target_square_2: autoDraw = True
161.9588 	DATA 	Mouse: Left button down, pos=(654,2)
162.0924 	DATA 	Mouse:  Left button up, pos=(654,2)
162.8403 	EXP 	fixation_3: autoDraw = True
162.8559 	EXP 	target_square_2: autoDraw = False
163.8259 	EXP 	New trial (rep=0, index=75): {'square': 9, 'location': [0.2, -0.2], 'corrAns': None}
163.8265 	EXP 	window1: mouseVisible = False
163.8410 	EXP 	grid_lines_2: autoDraw = False
163.8410 	EXP 	target_square_2: autoDraw = False
163.8410 	EXP 	fixation_3: autoDraw = False
163.8410 	EXP 	target_square_2: pos = array([ 0.2, -0.2])
163.8410 	EXP 	grid_lines_2: autoDraw = True
163.8410 	EXP 	target_square_2: autoDraw = True
163.8597 	DATA 	Mouse: Left button down, pos=(654,2)
164.0447 	DATA 	Mouse:  Left button up, pos=(654,2)
164.8237 	EXP 	fixation_3: autoDraw = True
164.8413 	EXP 	target_square_2: autoDraw = False
165.8239 	EXP 	fixation_3: autoDraw = False
165.8268 	EXP 	New trial (rep=0, index=76): {'square': 9, 'location': [0.2, -0.2], 'corrAns': None}
165.8273 	EXP 	window1: mouseVisible = False
165.8419 	EXP 	grid_lines_2: autoDraw = False
165.8419 	EXP 	target_square_2: autoDraw = False
165.8419 	EXP 	fixation_3: autoDraw = False
165.8419 	EXP 	target_square_2: pos = array([ 0.2, -0.2])
165.8419 	EXP 	grid_lines_2: autoDraw = True
165.8419 	EXP 	target_square_2: autoDraw = True
165.9249 	DATA 	Mouse: Left button down, pos=(653,1)
166.1095 	DATA 	Mouse:  Left button up, pos=(653,1)
166.8259 	EXP 	fixation_3: autoDraw = True
166.8415 	EXP 	target_square_2: autoDraw = False
167.8248 	EXP 	fixation_3: autoDraw = False
167.8277 	EXP 	New trial (rep=0, index=77): {'square': 1, 'location': [-0.2, 0.2], 'corrAns': None}
167.8283 	EXP 	window1: mouseVisible = False
167.8427 	EXP 	grid_lines_2: autoDraw = False
167.8427 	EXP 	target_square_2: autoDraw = False
167.8427 	EXP 	fixation_3: autoDraw = False
167.8427 	EXP 	target_square_2: pos = array([-0.2,  0.2])
167.8427 	EXP 	grid_lines_2: autoDraw = True
167.8427 	EXP 	target_square_2: autoDraw = True
167.8593 	DATA 	Mouse: Left button down, pos=(653,1)
168.0596 	DATA 	Mouse:  Left button up, pos=(652,-2)
168.8255 	EXP 	fixation_3: autoDraw = True
168.8433 	EXP 	target_square_2: autoDraw = False
169.8260 	EXP 	fixation_3: autoDraw = False
169.8288 	EXP 	New trial (rep=0, index=78): {'square': 3, 'location': [0.2, 0.2], 'corrAns': None}
169.8294 	EXP 	window1: mouseVisible = False
169.8439 	EXP 	grid_lines_2: autoDraw = False
169.8439 	EXP 	target_square_2: autoDraw = False
169.8439 	EXP 	fixation_3: autoDraw = False
169.8439 	EXP 	target_square_2: pos = array([0.2, 0.2])
169.8439 	EXP 	grid_lines_2: autoDraw = True
169.8439 	EXP 	target_square_2: autoDraw = True
170.8264 	EXP 	fixation_3: autoDraw = True
170.8442 	EXP 	target_square_2: autoDraw = False
171.8498 	EXP 	fixation_3: autoDraw = False
171.8721 	EXP 	New trial (rep=0, index=79): {'square': 5, 'location': [0, 0], 'corrAns': None}
171.8736 	EXP 	window1: mouseVisible = False
171.8956 	EXP 	grid_lines_2: autoDraw = False
171.8956 	EXP 	target_square_2: autoDraw = False
171.8956 	EXP 	fixation_3: autoDraw = False
171.8956 	EXP 	target_square_2: pos = array([0., 0.])
171.8956 	EXP 	grid_lines_2: autoDraw = True
171.8956 	EXP 	target_square_2: autoDraw = True
172.8790 	EXP 	fixation_3: autoDraw = True
172.8938 	EXP 	target_square_2: autoDraw = False
173.8304 	EXP 	New trial (rep=0, index=80): {'square': 3, 'location': [0.2, 0.2], 'corrAns': 1}
173.8311 	EXP 	window1: mouseVisible = False
173.8448 	EXP 	grid_lines_2: autoDraw = False
173.8448 	EXP 	target_square_2: autoDraw = False
173.8448 	EXP 	fixation_3: autoDraw = False
173.8448 	EXP 	target_square_2: pos = array([0.2, 0.2])
173.8448 	EXP 	grid_lines_2: autoDraw = True
173.8448 	EXP 	target_square_2: autoDraw = True
174.8290 	EXP 	fixation_3: autoDraw = True
174.8475 	EXP 	target_square_2: autoDraw = False
175.8287 	EXP 	fixation_3: autoDraw = False
175.8318 	EXP 	New trial (rep=0, index=81): {'square': 4, 'location': [-0.2, 0], 'corrAns': None}
175.8324 	EXP 	window1: mouseVisible = False
175.8470 	EXP 	grid_lines_2: autoDraw = False
175.8470 	EXP 	target_square_2: autoDraw = False
175.8470 	EXP 	fixation_3: autoDraw = False
175.8470 	EXP 	target_square_2: pos = array([-0.2,  0. ])
175.8470 	EXP 	grid_lines_2: autoDraw = True
175.8470 	EXP 	target_square_2: autoDraw = True
175.8631 	DATA 	Mouse: Left button down, pos=(538,229)
175.9965 	DATA 	Mouse:  Left button up, pos=(538,229)
176.8292 	EXP 	fixation_3: autoDraw = True
176.8471 	EXP 	target_square_2: autoDraw = False
177.8300 	EXP 	fixation_3: autoDraw = False
177.8350 	EXP 	New trial (rep=0, index=82): {'square': 7, 'location': [-0.2, -0.2], 'corrAns': None}
177.8359 	EXP 	window1: mouseVisible = False
177.8477 	EXP 	grid_lines_2: autoDraw = False
177.8477 	EXP 	target_square_2: autoDraw = False
177.8477 	EXP 	fixation_3: autoDraw = False
177.8477 	EXP 	target_square_2: pos = array([-0.2, -0.2])
177.8477 	EXP 	grid_lines_2: autoDraw = True
177.8477 	EXP 	target_square_2: autoDraw = True
177.8976 	DATA 	Mouse: Left button down, pos=(536,229)
178.0301 	DATA 	Mouse:  Left button up, pos=(536,229)
178.8301 	EXP 	fixation_3: autoDraw = True
178.8480 	EXP 	target_square_2: autoDraw = False
179.8303 	EXP 	fixation_3: autoDraw = False
179.8333 	EXP 	New trial (rep=0, index=83): {'square': 4, 'location': [-0.2, 0], 'corrAns': 1}
179.8339 	EXP 	window1: mouseVisible = False
179.8485 	EXP 	grid_lines_2: autoDraw = False
179.8485 	EXP 	target_square_2: autoDraw = False
179.8485 	EXP 	fixation_3: autoDraw = False
179.8485 	EXP 	target_square_2: pos = array([-0.2,  0. ])
179.8485 	EXP 	grid_lines_2: autoDraw = True
179.8485 	EXP 	target_square_2: autoDraw = True
179.8983 	DATA 	Mouse: Left button down, pos=(533,229)
180.0492 	DATA 	Mouse:  Left button up, pos=(533,229)
180.0649 	DATA 	Mouse: Left button down, pos=(533,229)
180.0652 	DATA 	Mouse:  Left button up, pos=(533,229)
180.8310 	EXP 	fixation_3: autoDraw = True
180.8493 	EXP 	target_square_2: autoDraw = False
181.8315 	EXP 	fixation_3: autoDraw = False
181.8343 	EXP 	New trial (rep=0, index=84): {'square': 4, 'location': [-0.2, 0], 'corrAns': None}
181.8349 	EXP 	window1: mouseVisible = False
181.8498 	EXP 	grid_lines_2: autoDraw = False
181.8498 	EXP 	target_square_2: autoDraw = False
181.8498 	EXP 	fixation_3: autoDraw = False
181.8498 	EXP 	target_square_2: pos = array([-0.2,  0. ])
181.8498 	EXP 	grid_lines_2: autoDraw = True
181.8498 	EXP 	target_square_2: autoDraw = True
181.9331 	DATA 	Mouse: Left button down, pos=(530,229)
182.0532 	DATA 	Mouse:  Left button up, pos=(530,229)
182.8321 	EXP 	fixation_3: autoDraw = True
182.8504 	EXP 	target_square_2: autoDraw = False
183.8322 	EXP 	fixation_3: autoDraw = False
183.8352 	EXP 	New trial (rep=0, index=85): {'square': 5, 'location': [0, 0], 'corrAns': None}
183.8357 	EXP 	window1: mouseVisible = False
183.8503 	EXP 	grid_lines_2: autoDraw = False
183.8503 	EXP 	target_square_2: autoDraw = False
183.8503 	EXP 	fixation_3: autoDraw = False
183.8503 	EXP 	target_square_2: pos = array([0., 0.])
183.8503 	EXP 	grid_lines_2: autoDraw = True
183.8503 	EXP 	target_square_2: autoDraw = True
184.0519 	DATA 	Mouse: Left button down, pos=(522,227)
184.1843 	DATA 	Mouse:  Left button up, pos=(522,227)
184.8330 	EXP 	fixation_3: autoDraw = True
184.8512 	EXP 	target_square_2: autoDraw = False
185.8337 	EXP 	fixation_3: autoDraw = False
185.8368 	EXP 	New trial (rep=0, index=86): {'square': 2, 'location': [0, 0.2], 'corrAns': None}
185.8374 	EXP 	window1: mouseVisible = False
185.8520 	EXP 	grid_lines_2: autoDraw = False
185.8520 	EXP 	target_square_2: autoDraw = False
185.8520 	EXP 	fixation_3: autoDraw = False
185.8520 	EXP 	target_square_2: pos = array([0. , 0.2])
185.8520 	EXP 	grid_lines_2: autoDraw = True
185.8520 	EXP 	target_square_2: autoDraw = True
186.0343 	DATA 	Mouse: Left button down, pos=(522,227)
186.1672 	DATA 	Mouse:  Left button up, pos=(522,227)
186.8340 	EXP 	fixation_3: autoDraw = True
186.8669 	EXP 	target_square_2: autoDraw = False
187.8340 	EXP 	fixation_3: autoDraw = False
187.8352 	DATA 	Mouse: Left button down, pos=(519,227)
187.8379 	EXP 	New trial (rep=0, index=87): {'square': 6, 'location': [0.2, 0], 'corrAns': None}
187.8385 	EXP 	window1: mouseVisible = False
187.8522 	EXP 	grid_lines_2: autoDraw = False
187.8522 	EXP 	target_square_2: autoDraw = False
187.8522 	EXP 	fixation_3: autoDraw = False
187.8522 	EXP 	target_square_2: pos = array([0.2, 0. ])
187.8522 	EXP 	grid_lines_2: autoDraw = True
187.8522 	EXP 	target_square_2: autoDraw = True
187.9866 	DATA 	Mouse:  Left button up, pos=(519,227)
188.8370 	EXP 	fixation_3: autoDraw = True
188.8514 	EXP 	target_square_2: autoDraw = False
189.8191 	DATA 	Mouse: Left button down, pos=(519,227)
189.8394 	EXP 	New trial (rep=0, index=88): {'square': 7, 'location': [-0.2, -0.2], 'corrAns': None}
189.8400 	EXP 	window1: mouseVisible = False
189.8516 	EXP 	grid_lines_2: autoDraw = False
189.8516 	EXP 	target_square_2: autoDraw = False
189.8516 	EXP 	fixation_3: autoDraw = False
189.8516 	EXP 	target_square_2: pos = array([-0.2, -0.2])
189.8516 	EXP 	grid_lines_2: autoDraw = True
189.8516 	EXP 	target_square_2: autoDraw = True
189.9704 	DATA 	Mouse:  Left button up, pos=(519,227)
190.8380 	EXP 	fixation_3: autoDraw = True
190.8523 	EXP 	target_square_2: autoDraw = False
191.8401 	EXP 	New trial (rep=0, index=89): {'square': 6, 'location': [0.2, 0], 'corrAns': 1}
191.8408 	EXP 	window1: mouseVisible = False
191.8530 	EXP 	grid_lines_2: autoDraw = False
191.8530 	EXP 	target_square_2: autoDraw = False
191.8530 	EXP 	fixation_3: autoDraw = False
191.8530 	EXP 	target_square_2: pos = array([0.2, 0. ])
191.8530 	EXP 	grid_lines_2: autoDraw = True
191.8530 	EXP 	target_square_2: autoDraw = True
191.9206 	DATA 	Mouse: Left button down, pos=(514,227)
192.0714 	DATA 	Mouse:  Left button up, pos=(514,227)
192.0867 	DATA 	Mouse: Left button down, pos=(514,227)
192.0869 	DATA 	Mouse:  Left button up, pos=(514,227)
192.8380 	EXP 	fixation_3: autoDraw = True
192.8533 	EXP 	target_square_2: autoDraw = False
193.7924 	DATA 	Mouse: Left button down, pos=(514,227)
193.8383 	EXP 	fixation_3: autoDraw = False
193.8414 	EXP 	New trial (rep=0, index=90): {'square': 6, 'location': [0.2, 0], 'corrAns': None}
193.8419 	EXP 	window1: mouseVisible = False
193.8537 	EXP 	grid_lines_2: autoDraw = False
193.8537 	EXP 	target_square_2: autoDraw = False
193.8537 	EXP 	fixation_3: autoDraw = False
193.8537 	EXP 	target_square_2: pos = array([0.2, 0. ])
193.8537 	EXP 	grid_lines_2: autoDraw = True
193.8537 	EXP 	target_square_2: autoDraw = True
193.9389 	DATA 	Mouse:  Left button up, pos=(514,227)
194.8388 	EXP 	fixation_3: autoDraw = True
194.8542 	EXP 	target_square_2: autoDraw = False
195.8393 	EXP 	fixation_3: autoDraw = False
195.8421 	EXP 	New trial (rep=0, index=91): {'square': 7, 'location': [-0.2, -0.2], 'corrAns': None}
195.8427 	EXP 	window1: mouseVisible = False
195.8548 	EXP 	grid_lines_2: autoDraw = False
195.8548 	EXP 	target_square_2: autoDraw = False
195.8548 	EXP 	fixation_3: autoDraw = False
195.8548 	EXP 	target_square_2: pos = array([-0.2, -0.2])
195.8548 	EXP 	grid_lines_2: autoDraw = True
195.8548 	EXP 	target_square_2: autoDraw = True
196.1097 	DATA 	Mouse: Left button down, pos=(506,222)
196.2584 	DATA 	Mouse:  Left button up, pos=(506,222)
196.8397 	EXP 	fixation_3: autoDraw = True
196.8551 	EXP 	target_square_2: autoDraw = False
197.8254 	EXP 	New trial (rep=0, index=92): {'square': 6, 'location': [0.2, 0], 'corrAns': 1}
197.8260 	EXP 	window1: mouseVisible = False
197.8402 	EXP 	grid_lines_2: autoDraw = False
197.8402 	EXP 	target_square_2: autoDraw = False
197.8402 	EXP 	fixation_3: autoDraw = False
197.8402 	EXP 	target_square_2: pos = array([0.2, 0. ])
197.8402 	EXP 	grid_lines_2: autoDraw = True
197.8402 	EXP 	target_square_2: autoDraw = True
198.0898 	DATA 	Mouse: Left button down, pos=(506,222)
198.2222 	DATA 	Mouse:  Left button up, pos=(506,222)
198.8229 	EXP 	fixation_3: autoDraw = True
198.8407 	EXP 	target_square_2: autoDraw = False
199.8089 	DATA 	Mouse: Left button down, pos=(506,222)
199.8233 	EXP 	fixation_3: autoDraw = False
199.8262 	EXP 	New trial (rep=0, index=93): {'square': 2, 'location': [0, 0.2], 'corrAns': None}
199.8268 	EXP 	window1: mouseVisible = False
199.8411 	EXP 	grid_lines_2: autoDraw = False
199.8411 	EXP 	target_square_2: autoDraw = False
199.8411 	EXP 	fixation_3: autoDraw = False
199.8411 	EXP 	target_square_2: pos = array([0. , 0.2])
199.8411 	EXP 	grid_lines_2: autoDraw = True
199.8411 	EXP 	target_square_2: autoDraw = True
199.9760 	DATA 	Mouse:  Left button up, pos=(506,222)
200.8237 	EXP 	fixation_3: autoDraw = True
200.8416 	EXP 	target_square_2: autoDraw = False
201.7760 	DATA 	Mouse: Left button down, pos=(506,222)
201.8243 	EXP 	fixation_3: autoDraw = False
201.8275 	EXP 	New trial (rep=0, index=94): {'square': 5, 'location': [0, 0], 'corrAns': None}
201.8280 	EXP 	window1: mouseVisible = False
201.8421 	EXP 	grid_lines_2: autoDraw = False
201.8421 	EXP 	target_square_2: autoDraw = False
201.8421 	EXP 	fixation_3: autoDraw = False
201.8421 	EXP 	target_square_2: pos = array([0., 0.])
201.8421 	EXP 	grid_lines_2: autoDraw = True
201.8421 	EXP 	target_square_2: autoDraw = True
201.9098 	DATA 	Mouse:  Left button up, pos=(506,222)
202.8244 	EXP 	fixation_3: autoDraw = True
202.8426 	EXP 	target_square_2: autoDraw = False
203.8252 	EXP 	fixation_3: autoDraw = False
203.8281 	EXP 	New trial (rep=0, index=95): {'square': 4, 'location': [-0.2, 0], 'corrAns': None}
203.8286 	EXP 	window1: mouseVisible = False
203.8430 	EXP 	grid_lines_2: autoDraw = False
203.8430 	EXP 	target_square_2: autoDraw = False
203.8430 	EXP 	fixation_3: autoDraw = False
203.8430 	EXP 	target_square_2: pos = array([-0.2,  0. ])
203.8430 	EXP 	grid_lines_2: autoDraw = True
203.8430 	EXP 	target_square_2: autoDraw = True
204.0772 	DATA 	Mouse: Left button down, pos=(506,222)
204.2104 	DATA 	Mouse:  Left button up, pos=(506,222)
204.2147 	DATA 	Mouse: Left button down, pos=(506,222)
204.2293 	DATA 	Mouse:  Left button up, pos=(506,222)
204.8253 	EXP 	fixation_3: autoDraw = True
204.8435 	EXP 	target_square_2: autoDraw = False
205.8262 	EXP 	fixation_3: autoDraw = False
205.8290 	EXP 	New trial (rep=0, index=96): {'square': 4, 'location': [-0.2, 0], 'corrAns': None}
205.8296 	EXP 	window1: mouseVisible = False
205.8449 	EXP 	grid_lines_2: autoDraw = False
205.8449 	EXP 	target_square_2: autoDraw = False
205.8449 	EXP 	fixation_3: autoDraw = False
205.8449 	EXP 	target_square_2: pos = array([-0.2,  0. ])
205.8449 	EXP 	grid_lines_2: autoDraw = True
205.8449 	EXP 	target_square_2: autoDraw = True
206.3611 	DATA 	Mouse: Left button down, pos=(499,220)
206.5462 	DATA 	Mouse:  Left button up, pos=(499,219)
206.8266 	EXP 	fixation_3: autoDraw = True
206.8601 	EXP 	target_square_2: autoDraw = False
207.8270 	EXP 	fixation_3: autoDraw = False
207.8298 	EXP 	New trial (rep=0, index=97): {'square': 7, 'location': [-0.2, -0.2], 'corrAns': None}
207.8304 	EXP 	window1: mouseVisible = False
207.8454 	EXP 	grid_lines_2: autoDraw = False
207.8454 	EXP 	target_square_2: autoDraw = False
207.8454 	EXP 	fixation_3: autoDraw = False
207.8454 	EXP 	target_square_2: pos = array([-0.2, -0.2])
207.8454 	EXP 	grid_lines_2: autoDraw = True
207.8454 	EXP 	target_square_2: autoDraw = True
208.1613 	DATA 	Mouse: Left button down, pos=(499,219)
208.3129 	DATA 	Mouse:  Left button up, pos=(499,219)
208.8298 	EXP 	fixation_3: autoDraw = True
208.8474 	EXP 	target_square_2: autoDraw = False
209.8280 	EXP 	fixation_3: autoDraw = False
209.8311 	EXP 	New trial (rep=0, index=98): {'square': 4, 'location': [-0.2, 0], 'corrAns': 1}
209.8318 	EXP 	window1: mouseVisible = False
209.8464 	EXP 	grid_lines_2: autoDraw = False
209.8464 	EXP 	target_square_2: autoDraw = False
209.8464 	EXP 	fixation_3: autoDraw = False
209.8464 	EXP 	target_square_2: pos = array([-0.2,  0. ])
209.8464 	EXP 	grid_lines_2: autoDraw = True
209.8464 	EXP 	target_square_2: autoDraw = True
210.3290 	DATA 	Mouse: Left button down, pos=(498,219)
210.4960 	DATA 	Mouse:  Left button up, pos=(498,219)
210.4964 	DATA 	Mouse: Left button down, pos=(498,219)
210.5140 	DATA 	Mouse:  Left button up, pos=(498,219)
210.8285 	EXP 	fixation_3: autoDraw = True
210.8618 	EXP 	target_square_2: autoDraw = False
211.8293 	EXP 	fixation_3: autoDraw = False
211.8321 	EXP 	New trial (rep=0, index=99): {'square': 3, 'location': [0.2, 0.2], 'corrAns': None}
211.8327 	EXP 	window1: mouseVisible = False
211.8470 	EXP 	grid_lines_2: autoDraw = False
211.8470 	EXP 	target_square_2: autoDraw = False
211.8470 	EXP 	fixation_3: autoDraw = False
211.8470 	EXP 	target_square_2: pos = array([0.2, 0.2])
211.8470 	EXP 	grid_lines_2: autoDraw = True
211.8470 	EXP 	target_square_2: autoDraw = True
212.8296 	EXP 	fixation_3: autoDraw = True
212.8473 	EXP 	target_square_2: autoDraw = False
213.8299 	EXP 	fixation_3: autoDraw = False
213.8330 	EXP 	New trial (rep=0, index=100): {'square': 5, 'location': [0, 0], 'corrAns': None}
213.8335 	EXP 	window1: mouseVisible = False
213.8478 	EXP 	grid_lines_2: autoDraw = False
213.8478 	EXP 	target_square_2: autoDraw = False
213.8478 	EXP 	fixation_3: autoDraw = False
213.8478 	EXP 	target_square_2: pos = array([0., 0.])
213.8478 	EXP 	grid_lines_2: autoDraw = True
213.8478 	EXP 	target_square_2: autoDraw = True
214.2490 	DATA 	Mouse: Left button down, pos=(492,217)
214.3971 	DATA 	Mouse:  Left button up, pos=(492,217)
214.8304 	EXP 	fixation_3: autoDraw = True
214.8482 	EXP 	target_square_2: autoDraw = False
215.8318 	EXP 	fixation_3: autoDraw = False
215.8358 	EXP 	New trial (rep=0, index=101): {'square': 3, 'location': [0.2, 0.2], 'corrAns': 1}
215.8366 	EXP 	window1: mouseVisible = False
215.8497 	EXP 	grid_lines_2: autoDraw = False
215.8497 	EXP 	target_square_2: autoDraw = False
215.8497 	EXP 	fixation_3: autoDraw = False
215.8497 	EXP 	target_square_2: pos = array([0.2, 0.2])
215.8497 	EXP 	grid_lines_2: autoDraw = True
215.8497 	EXP 	target_square_2: autoDraw = True
216.8309 	EXP 	fixation_3: autoDraw = True
216.8691 	EXP 	target_square_2: autoDraw = False
217.8318 	EXP 	fixation_3: autoDraw = False
217.8348 	EXP 	New trial (rep=0, index=102): {'square': 1, 'location': [-0.2, 0.2], 'corrAns': None}
217.8354 	EXP 	window1: mouseVisible = False
217.8496 	EXP 	grid_lines_2: autoDraw = False
217.8496 	EXP 	target_square_2: autoDraw = False
217.8496 	EXP 	fixation_3: autoDraw = False
217.8496 	EXP 	target_square_2: pos = array([-0.2,  0.2])
217.8496 	EXP 	grid_lines_2: autoDraw = True
217.8496 	EXP 	target_square_2: autoDraw = True
218.8321 	EXP 	fixation_3: autoDraw = True
218.8501 	EXP 	target_square_2: autoDraw = False
219.8335 	EXP 	fixation_3: autoDraw = False
219.8363 	EXP 	New trial (rep=0, index=103): {'square': 9, 'location': [0.2, -0.2], 'corrAns': None}
219.8369 	EXP 	window1: mouseVisible = False
219.8490 	EXP 	grid_lines_2: autoDraw = False
219.8490 	EXP 	target_square_2: autoDraw = False
219.8490 	EXP 	fixation_3: autoDraw = False
219.8490 	EXP 	target_square_2: pos = array([ 0.2, -0.2])
219.8490 	EXP 	grid_lines_2: autoDraw = True
219.8490 	EXP 	target_square_2: autoDraw = True
220.8341 	EXP 	fixation_3: autoDraw = True
220.8494 	EXP 	target_square_2: autoDraw = False
221.8368 	EXP 	New trial (rep=0, index=104): {'square': 9, 'location': [0.2, -0.2], 'corrAns': None}
221.8374 	EXP 	window1: mouseVisible = False
221.8501 	EXP 	grid_lines_2: autoDraw = False
221.8501 	EXP 	target_square_2: autoDraw = False
221.8501 	EXP 	fixation_3: autoDraw = False
221.8501 	EXP 	target_square_2: pos = array([ 0.2, -0.2])
221.8501 	EXP 	grid_lines_2: autoDraw = True
221.8501 	EXP 	target_square_2: autoDraw = True
222.8343 	EXP 	fixation_3: autoDraw = True
222.8503 	EXP 	target_square_2: autoDraw = False
223.8349 	EXP 	fixation_3: autoDraw = False
223.8383 	EXP 	New trial (rep=0, index=105): {'square': 8, 'location': [0, -0.2], 'corrAns': None}
223.8395 	EXP 	window1: mouseVisible = False
223.8518 	EXP 	grid_lines_2: autoDraw = False
223.8518 	EXP 	target_square_2: autoDraw = False
223.8518 	EXP 	fixation_3: autoDraw = False
223.8518 	EXP 	target_square_2: pos = array([ 0. , -0.2])
223.8518 	EXP 	grid_lines_2: autoDraw = True
223.8518 	EXP 	target_square_2: autoDraw = True
224.8354 	EXP 	fixation_3: autoDraw = True
224.8509 	EXP 	target_square_2: autoDraw = False
225.8358 	EXP 	fixation_3: autoDraw = False
225.8386 	EXP 	New trial (rep=0, index=106): {'square': 6, 'location': [0.2, 0], 'corrAns': None}
225.8393 	EXP 	window1: mouseVisible = False
225.8514 	EXP 	grid_lines_2: autoDraw = False
225.8514 	EXP 	target_square_2: autoDraw = False
225.8514 	EXP 	fixation_3: autoDraw = False
225.8514 	EXP 	target_square_2: pos = array([0.2, 0. ])
225.8514 	EXP 	grid_lines_2: autoDraw = True
225.8514 	EXP 	target_square_2: autoDraw = True
226.8364 	EXP 	fixation_3: autoDraw = True
226.8522 	EXP 	target_square_2: autoDraw = False
227.8375 	EXP 	fixation_3: autoDraw = False
227.8403 	EXP 	New trial (rep=0, index=107): {'square': 3, 'location': [0.2, 0.2], 'corrAns': None}
227.8410 	EXP 	window1: mouseVisible = False
227.8526 	EXP 	grid_lines_2: autoDraw = False
227.8526 	EXP 	target_square_2: autoDraw = False
227.8526 	EXP 	fixation_3: autoDraw = False
227.8526 	EXP 	target_square_2: pos = array([0.2, 0.2])
227.8526 	EXP 	grid_lines_2: autoDraw = True
227.8526 	EXP 	target_square_2: autoDraw = True
228.8402 	EXP 	fixation_3: autoDraw = True
228.8581 	EXP 	target_square_2: autoDraw = False
229.8410 	EXP 	New trial (rep=0, index=108): {'square': 6, 'location': [0.2, 0], 'corrAns': 1}
229.8418 	EXP 	window1: mouseVisible = False
229.8532 	EXP 	grid_lines_2: autoDraw = False
229.8532 	EXP 	target_square_2: autoDraw = False
229.8532 	EXP 	fixation_3: autoDraw = False
229.8532 	EXP 	target_square_2: pos = array([0.2, 0. ])
229.8532 	EXP 	grid_lines_2: autoDraw = True
229.8532 	EXP 	target_square_2: autoDraw = True
230.8380 	EXP 	fixation_3: autoDraw = True
230.8537 	EXP 	target_square_2: autoDraw = False
231.8393 	EXP 	fixation_3: autoDraw = False
231.8422 	EXP 	New trial (rep=0, index=109): {'square': 5, 'location': [0, 0], 'corrAns': None}
231.8427 	EXP 	window1: mouseVisible = False
231.8548 	EXP 	grid_lines_2: autoDraw = False
231.8548 	EXP 	target_square_2: autoDraw = False
231.8548 	EXP 	fixation_3: autoDraw = False
231.8548 	EXP 	target_square_2: pos = array([0., 0.])
231.8548 	EXP 	grid_lines_2: autoDraw = True
231.8548 	EXP 	target_square_2: autoDraw = True
232.8392 	EXP 	fixation_3: autoDraw = True
232.8546 	EXP 	target_square_2: autoDraw = False
233.8394 	EXP 	fixation_3: autoDraw = False
233.8428 	EXP 	New trial (rep=0, index=110): {'square': 7, 'location': [-0.2, -0.2], 'corrAns': None}
233.8437 	EXP 	window1: mouseVisible = False
233.8554 	EXP 	grid_lines_2: autoDraw = False
233.8554 	EXP 	target_square_2: autoDraw = False
233.8554 	EXP 	fixation_3: autoDraw = False
233.8554 	EXP 	target_square_2: pos = array([-0.2, -0.2])
233.8554 	EXP 	grid_lines_2: autoDraw = True
233.8554 	EXP 	target_square_2: autoDraw = True
234.8399 	EXP 	fixation_3: autoDraw = True
234.8556 	EXP 	target_square_2: autoDraw = False
235.8256 	EXP 	New trial (rep=0, index=111): {'square': 5, 'location': [0, 0], 'corrAns': 1}
235.8261 	EXP 	window1: mouseVisible = False
235.8404 	EXP 	grid_lines_2: autoDraw = False
235.8404 	EXP 	target_square_2: autoDraw = False
235.8404 	EXP 	fixation_3: autoDraw = False
235.8404 	EXP 	target_square_2: pos = array([0., 0.])
235.8404 	EXP 	grid_lines_2: autoDraw = True
235.8404 	EXP 	target_square_2: autoDraw = True
236.8234 	EXP 	fixation_3: autoDraw = True
236.8409 	EXP 	target_square_2: autoDraw = False
237.8275 	EXP 	fixation_3: autoDraw = False
237.8304 	EXP 	New trial (rep=0, index=112): {'square': 1, 'location': [-0.2, 0.2], 'corrAns': None}
237.8310 	EXP 	window1: mouseVisible = False
237.8457 	EXP 	grid_lines_2: autoDraw = False
237.8457 	EXP 	target_square_2: autoDraw = False
237.8457 	EXP 	fixation_3: autoDraw = False
237.8457 	EXP 	target_square_2: pos = array([-0.2,  0.2])
237.8457 	EXP 	grid_lines_2: autoDraw = True
237.8457 	EXP 	target_square_2: autoDraw = True
238.8243 	EXP 	fixation_3: autoDraw = True
238.8576 	EXP 	target_square_2: autoDraw = False
239.8248 	EXP 	fixation_3: autoDraw = False
239.8278 	EXP 	New trial (rep=0, index=113): {'square': 7, 'location': [-0.2, -0.2], 'corrAns': None}
239.8284 	EXP 	window1: mouseVisible = False
239.8425 	EXP 	grid_lines_2: autoDraw = False
239.8425 	EXP 	target_square_2: autoDraw = False
239.8425 	EXP 	fixation_3: autoDraw = False
239.8425 	EXP 	target_square_2: pos = array([-0.2, -0.2])
239.8425 	EXP 	grid_lines_2: autoDraw = True
239.8425 	EXP 	target_square_2: autoDraw = True
240.8303 	EXP 	fixation_3: autoDraw = True
240.8449 	EXP 	target_square_2: autoDraw = False
241.8285 	EXP 	New trial (rep=0, index=114): {'square': 9, 'location': [0.2, -0.2], 'corrAns': None}
241.8292 	EXP 	window1: mouseVisible = False
241.8422 	EXP 	grid_lines_2: autoDraw = False
241.8422 	EXP 	target_square_2: autoDraw = False
241.8422 	EXP 	fixation_3: autoDraw = False
241.8422 	EXP 	target_square_2: pos = array([ 0.2, -0.2])
241.8422 	EXP 	grid_lines_2: autoDraw = True
241.8422 	EXP 	target_square_2: autoDraw = True
242.8259 	EXP 	fixation_3: autoDraw = True
242.8425 	EXP 	target_square_2: autoDraw = False
243.8264 	EXP 	fixation_3: autoDraw = False
243.8292 	EXP 	New trial (rep=0, index=115): {'square': 3, 'location': [0.2, 0.2], 'corrAns': None}
243.8300 	EXP 	window1: mouseVisible = False
243.8430 	EXP 	grid_lines_2: autoDraw = False
243.8430 	EXP 	target_square_2: autoDraw = False
243.8430 	EXP 	fixation_3: autoDraw = False
243.8430 	EXP 	target_square_2: pos = array([0.2, 0.2])
243.8430 	EXP 	grid_lines_2: autoDraw = True
243.8430 	EXP 	target_square_2: autoDraw = True
244.8269 	EXP 	fixation_3: autoDraw = True
244.8436 	EXP 	target_square_2: autoDraw = False
245.8274 	EXP 	fixation_3: autoDraw = False
245.8302 	EXP 	New trial (rep=0, index=116): {'square': 9, 'location': [0.2, -0.2], 'corrAns': 1}
245.8309 	EXP 	window1: mouseVisible = False
245.8441 	EXP 	grid_lines_2: autoDraw = False
245.8441 	EXP 	target_square_2: autoDraw = False
245.8441 	EXP 	fixation_3: autoDraw = False
245.8441 	EXP 	target_square_2: pos = array([ 0.2, -0.2])
245.8441 	EXP 	grid_lines_2: autoDraw = True
245.8441 	EXP 	target_square_2: autoDraw = True
246.8278 	EXP 	fixation_3: autoDraw = True
246.8445 	EXP 	target_square_2: autoDraw = False
247.8283 	EXP 	fixation_3: autoDraw = False
247.8311 	EXP 	New trial (rep=0, index=117): {'square': 6, 'location': [0.2, 0], 'corrAns': None}
247.8318 	EXP 	window1: mouseVisible = False
247.8450 	EXP 	grid_lines_2: autoDraw = False
247.8450 	EXP 	target_square_2: autoDraw = False
247.8450 	EXP 	fixation_3: autoDraw = False
247.8450 	EXP 	target_square_2: pos = array([0.2, 0. ])
247.8450 	EXP 	grid_lines_2: autoDraw = True
247.8450 	EXP 	target_square_2: autoDraw = True
248.8287 	EXP 	fixation_3: autoDraw = True
248.8454 	EXP 	target_square_2: autoDraw = False
249.8292 	EXP 	fixation_3: autoDraw = False
249.8322 	EXP 	New trial (rep=0, index=118): {'square': 2, 'location': [0, 0.2], 'corrAns': None}
249.8328 	EXP 	window1: mouseVisible = False
249.8460 	EXP 	grid_lines_2: autoDraw = False
249.8460 	EXP 	target_square_2: autoDraw = False
249.8460 	EXP 	fixation_3: autoDraw = False
249.8460 	EXP 	target_square_2: pos = array([0. , 0.2])
249.8460 	EXP 	grid_lines_2: autoDraw = True
249.8460 	EXP 	target_square_2: autoDraw = True
250.8296 	EXP 	fixation_3: autoDraw = True
250.8463 	EXP 	target_square_2: autoDraw = False
251.8301 	EXP 	fixation_3: autoDraw = False
251.8330 	EXP 	New trial (rep=0, index=119): {'square': 5, 'location': [0, 0], 'corrAns': None}
251.8338 	EXP 	window1: mouseVisible = False
251.8469 	EXP 	grid_lines_2: autoDraw = False
251.8469 	EXP 	target_square_2: autoDraw = False
251.8469 	EXP 	fixation_3: autoDraw = False
251.8469 	EXP 	target_square_2: pos = array([0., 0.])
251.8469 	EXP 	grid_lines_2: autoDraw = True
251.8469 	EXP 	target_square_2: autoDraw = True
252.8308 	EXP 	fixation_3: autoDraw = True
252.8475 	EXP 	target_square_2: autoDraw = False
253.8311 	EXP 	fixation_3: autoDraw = False
253.8522 	EXP 	Created unnamed TextStim = TextStim(__class__=<class 'psychopy.visual.text.TextStim'>, alignHoriz=method-wrapper(...), alignText='center', alignVert=method-wrapper(...), anchorHoriz='center', anchorVert='center', antialias=True, autoLog=True, bold=False, color=array([1., 1., 1.]), colorSpace='rgb', contrast=1.0, depth=0, flipHoriz=False, flipVert=False, font='', fontFiles=[], height=0.05, italic=False, languageStyle='LTR', name='unnamed TextStim', opacity=1.0, ori=0.0, pos=array([0., 0.]), rgb=UNKNOWN, text=str(...), units='height', win=Window(...), wrapWidth=1)
253.8637 	EXP 	grid_lines_2: autoDraw = False
253.8637 	EXP 	target_square_2: autoDraw = False
253.8637 	EXP 	fixation_3: autoDraw = False
258.6629 	DATA 	Mouse: Left button down, pos=(708,191)
258.7709 	DATA 	Mouse:  Left button up, pos=(708,191)
259.6342 	DATA 	Keypress: e
259.7867 	EXP 	Created unnamed TextStim = TextStim(__class__=<class 'psychopy.visual.text.TextStim'>, alignHoriz=method-wrapper(...), alignText='center', alignVert=method-wrapper(...), anchorHoriz='center', anchorVert='center', antialias=True, autoLog=True, bold=False, color=array([1., 1., 1.]), colorSpace='rgb', contrast=1.0, depth=0, flipHoriz=False, flipVert=False, font='', fontFiles=[], height=0.05, italic=False, languageStyle='LTR', name='unnamed TextStim', opacity=1.0, ori=0.0, pos=array([0., 0.]), rgb=UNKNOWN, text=str(...), units='height', win=Window(...), wrapWidth=1)
259.8846 	EXP 	window1: mouseVisible = True
