1.3956 	WARNING 	We strongly recommend you activate the PTB sound engine in PsychoPy prefs as the preferred audio engine. Its timing is vastly superior. Your prefs are currently set to use ['sounddevice', 'PTB', 'pyo', 'pygame'] (in that order).
30.3117 	EXP 	Created fixation_2 = TextStim(__class__=<class 'psychopy.visual.text.TextStim'>, alignHoriz=method-wrapper(...), alignText='center', alignVert=method-wrapper(...), anchorHoriz='center', anchorVert='center', antialias=True, autoLog=True, bold=False, color=array([1, 1, 1]), colorSpace='rgb', contrast=1.0, depth=-2.0, flipHoriz=False, flipVert=False, font='Arial', fontFiles=[], height=0.05, italic=False, languageStyle='LTR', name='fixation_2', opacity=1, ori=0, pos=array([0., 0.]), rgb=UNKNOWN, text='+', units='height', win=Window(...), wrapWidth=1)
30.4078 	EXP 	Created Nbackinstructions = TextStim(__class__=<class 'psychopy.visual.text.TextStim'>, alignHoriz=method-wrapper(...), alignText='center', alignVert=method-wrapper(...), anchorHoriz='center', anchorVert='center', antialias=True, autoLog=True, bold=False, color=array([1, 1, 1]), colorSpace='rgb', contrast=1.0, depth=0, flipHoriz=False, flipVert=False, font='Arial', fontFiles=[], height=0.05, italic=False, languageStyle='LTR', name='Nbackinstructions', opacity=1, ori=0.0, pos=array([0., 0.]), rgb=UNKNOWN, text=str(...), units='height', win=Window(...), wrapWidth=1)
30.4124 	EXP 	Created fixation_2 = TextStim(__class__=<class 'psychopy.visual.text.TextStim'>, alignHoriz=method-wrapper(...), alignText='center', alignVert=method-wrapper(...), anchorHoriz='center', anchorVert='center', antialias=True, autoLog=True, bold=False, color=array([1, 1, 1]), colorSpace='rgb', contrast=1.0, depth=-2.0, flipHoriz=False, flipVert=False, font='Arial', fontFiles=[], height=0.05, italic=False, languageStyle='LTR', name='fixation_2', opacity=1, ori=0, pos=array([0., 0.]), rgb=UNKNOWN, text='+', units='height', win=Window(...), wrapWidth=1)
30.5800 	EXP 	Created grid_lines_2 = ImageStim(__class__=<class 'psychopy.visual.image.ImageStim'>, autoLog=True, color=array([1, 1, 1]), colorSpace='rgb', contrast=1.0, depth=0.0, flipHoriz=False, flipVert=False, image='grid.png', interpolate=True, mask=None, maskParams=None, name='grid_lines_2', opacity=1, ori=0.0, pos=array([0., 0.]), size=array([0.6, 0.6]), texRes=128, units='height', win=Window(...))
30.5855 	EXP 	Created target_square_2 = Rect(__class__=<class 'psychopy.visual.rect.Rect'>, autoDraw=False, autoLog=True, closeShape=True, color=method-wrapper(...), colorSpace='rgb', contrast=None, depth=-1.0, fillColor=array([1., 1., 1.]), fillColorSpace='rgb', fillRGB=UNKNOWN, interpolate=True, lineColor=array([0, 0, 0]), lineColorSpace='rgb', lineRGB=UNKNOWN, lineWidth=1, name='target_square_2', opacity=0.5, ori=0.0, pos=array([0., 0.]), size=array([0.15, 0.15]), units='height', vertices=ndarray(...), win=Window(...))
30.5904 	EXP 	Created fixation_3 = TextStim(__class__=<class 'psychopy.visual.text.TextStim'>, alignHoriz=method-wrapper(...), alignText='center', alignVert=method-wrapper(...), anchorHoriz='center', anchorVert='center', antialias=True, autoLog=True, bold=False, color=array([1, 1, 1]), colorSpace='rgb', contrast=1.0, depth=-2.0, flipHoriz=False, flipVert=False, font='Arial', fontFiles=[], height=0.05, italic=False, languageStyle='LTR', name='fixation_3', opacity=1, ori=0, pos=array([0., 0.]), rgb=UNKNOWN, text='+', units='height', win=Window(...), wrapWidth=1)
30.5906 	EXP 	window1: mouseVisible = True
30.5907 	EXP 	window1: mouseVisible = False
30.5917 	EXP 	Created sequence: random, trialTypes=1, nReps=1, seed=None
30.5925 	EXP 	New trial (rep=0, index=0): None
30.6329 	EXP 	Nbackinstructions: autoDraw = True
31.6569 	DATA 	Mouse: Left button down, pos=(452,255)
31.7572 	DATA 	Mouse:  Left button up, pos=(452,255)
32.5346 	EXP 	Created unnamed TextStim = TextStim(__class__=<class 'psychopy.visual.text.TextStim'>, alignHoriz=method-wrapper(...), alignText='center', alignVert=method-wrapper(...), anchorHoriz='center', anchorVert='center', antialias=True, autoLog=True, bold=False, color=array([-0.5, -0.5, -0.5]), colorSpace='rgb', contrast=1.0, depth=0, flipHoriz=False, flipVert=False, font='', fontFiles=[], height=0.05, italic=False, languageStyle='LTR', name='unnamed TextStim', opacity=1.0, ori=0.0, pos=array([0., 0.]), rgb=UNKNOWN, text=str(...), units='height', win=Window(...), wrapWidth=1)
32.5377 	DATA 	Keypress: space
32.5498 	EXP 	Nbackinstructions: autoDraw = False
33.7026 	DATA 	Keypress: s
33.7772 	EXP 	Imported c:\Users\Michael\Documents\GitHub\canlab\WASABI_public\fMRI Tasks\WASABI Task-T1\N-back-2.xlsx as conditions, 120 conditions, 3 params
33.7781 	EXP 	Created sequence: sequential, trialTypes=120, nReps=1, seed=None
33.7786 	EXP 	New trial (rep=0, index=0): {'square': 5, 'location': [0, 0], 'corrAns': None}
33.7791 	EXP 	window1: mouseVisible = False
33.8056 	EXP 	fixation_2: autoDraw = False
33.8056 	EXP 	target_square_2: pos = array([0., 0.])
33.8056 	EXP 	grid_lines_2: autoDraw = True
33.8056 	EXP 	target_square_2: autoDraw = True
34.7856 	EXP 	fixation_3: autoDraw = True
34.8191 	EXP 	target_square_2: autoDraw = False
35.0905 	DATA 	Mouse: Left button down, pos=(413,276)
35.1858 	DATA 	Mouse:  Left button up, pos=(413,276)
35.5230 	EXP 	New trial (rep=0, index=1): {'square': 2, 'location': [0, 0.2], 'corrAns': None}
35.5236 	EXP 	window1: mouseVisible = False
35.5353 	EXP 	grid_lines_2: autoDraw = False
35.5353 	EXP 	target_square_2: autoDraw = False
35.5353 	EXP 	fixation_3: autoDraw = False
35.5353 	EXP 	target_square_2: pos = array([0. , 0.2])
35.5353 	EXP 	grid_lines_2: autoDraw = True
35.5353 	EXP 	target_square_2: autoDraw = True
36.0066 	DATA 	Mouse: Left button down, pos=(412,217)
36.1031 	DATA 	Mouse:  Left button up, pos=(412,217)
36.5194 	EXP 	fixation_3: autoDraw = True
36.5359 	EXP 	target_square_2: autoDraw = False
37.5198 	EXP 	fixation_3: autoDraw = False
37.5233 	EXP 	New trial (rep=0, index=2): {'square': 6, 'location': [0.2, 0], 'corrAns': None}
37.5240 	EXP 	window1: mouseVisible = False
37.5365 	EXP 	grid_lines_2: autoDraw = False
37.5365 	EXP 	target_square_2: autoDraw = False
37.5365 	EXP 	fixation_3: autoDraw = False
37.5365 	EXP 	target_square_2: pos = array([0.2, 0. ])
37.5365 	EXP 	grid_lines_2: autoDraw = True
37.5365 	EXP 	target_square_2: autoDraw = True
38.0376 	DATA 	Mouse: Left button down, pos=(637,231)
38.1208 	DATA 	Mouse:  Left button up, pos=(637,231)
38.1239 	DATA 	Mouse: Left button down, pos=(637,231)
38.1372 	DATA 	Mouse:  Left button up, pos=(637,231)
38.5207 	EXP 	fixation_3: autoDraw = True
38.5373 	EXP 	target_square_2: autoDraw = False
39.5209 	EXP 	fixation_3: autoDraw = False
39.5254 	EXP 	New trial (rep=0, index=3): {'square': 9, 'location': [0.2, -0.2], 'corrAns': None}
39.5260 	EXP 	window1: mouseVisible = False
39.5376 	EXP 	grid_lines_2: autoDraw = False
39.5376 	EXP 	target_square_2: autoDraw = False
39.5376 	EXP 	fixation_3: autoDraw = False
39.5376 	EXP 	target_square_2: pos = array([ 0.2, -0.2])
39.5376 	EXP 	grid_lines_2: autoDraw = True
39.5376 	EXP 	target_square_2: autoDraw = True
39.9556 	DATA 	Mouse: Left button down, pos=(482,266)
40.0548 	DATA 	Mouse:  Left button up, pos=(482,266)
40.0713 	DATA 	Mouse: Left button down, pos=(482,266)
40.0716 	DATA 	Mouse:  Left button up, pos=(482,266)
40.5210 	EXP 	fixation_3: autoDraw = True
40.5377 	EXP 	target_square_2: autoDraw = False
41.5078 	EXP 	New trial (rep=0, index=4): {'square': 3, 'location': [0.2, 0.2], 'corrAns': None}
41.5084 	EXP 	window1: mouseVisible = False
41.5215 	EXP 	grid_lines_2: autoDraw = False
41.5215 	EXP 	target_square_2: autoDraw = False
41.5215 	EXP 	fixation_3: autoDraw = False
41.5215 	EXP 	target_square_2: pos = array([0.2, 0.2])
41.5215 	EXP 	grid_lines_2: autoDraw = True
41.5215 	EXP 	target_square_2: autoDraw = True
41.8232 	DATA 	Mouse: Left button down, pos=(467,258)
41.9223 	DATA 	Mouse:  Left button up, pos=(467,258)
41.9390 	DATA 	Mouse: Left button down, pos=(467,258)
41.9394 	DATA 	Mouse:  Left button up, pos=(467,258)
42.5053 	EXP 	fixation_3: autoDraw = True
42.5220 	EXP 	target_square_2: autoDraw = False
43.5057 	EXP 	fixation_3: autoDraw = False
43.5085 	EXP 	New trial (rep=0, index=5): {'square': 9, 'location': [0.2, -0.2], 'corrAns': 1}
43.5091 	EXP 	window1: mouseVisible = False
43.5224 	EXP 	grid_lines_2: autoDraw = False
43.5224 	EXP 	target_square_2: autoDraw = False
43.5224 	EXP 	fixation_3: autoDraw = False
43.5224 	EXP 	target_square_2: pos = array([ 0.2, -0.2])
43.5224 	EXP 	grid_lines_2: autoDraw = True
43.5224 	EXP 	target_square_2: autoDraw = True
43.9077 	DATA 	Mouse: Left button down, pos=(468,256)
44.0442 	DATA 	Mouse:  Left button up, pos=(469,256)
44.5063 	EXP 	fixation_3: autoDraw = True
44.5230 	EXP 	target_square_2: autoDraw = False
45.5073 	EXP 	fixation_3: autoDraw = False
45.5105 	EXP 	New trial (rep=0, index=6): {'square': 7, 'location': [-0.2, -0.2], 'corrAns': None}
45.5111 	EXP 	window1: mouseVisible = False
45.5234 	EXP 	grid_lines_2: autoDraw = False
45.5234 	EXP 	target_square_2: autoDraw = False
45.5234 	EXP 	fixation_3: autoDraw = False
45.5234 	EXP 	target_square_2: pos = array([-0.2, -0.2])
45.5234 	EXP 	grid_lines_2: autoDraw = True
45.5234 	EXP 	target_square_2: autoDraw = True
46.0113 	DATA 	Mouse: Left button down, pos=(469,254)
46.1245 	DATA 	Mouse:  Left button up, pos=(469,254)
46.1247 	DATA 	Mouse: Left button down, pos=(469,254)
46.1413 	DATA 	Mouse:  Left button up, pos=(469,254)
46.5072 	EXP 	fixation_3: autoDraw = True
46.5238 	EXP 	target_square_2: autoDraw = False
47.5076 	EXP 	fixation_3: autoDraw = False
47.5107 	EXP 	New trial (rep=0, index=7): {'square': 1, 'location': [-0.2, 0.2], 'corrAns': None}
47.5113 	EXP 	window1: mouseVisible = False
47.5243 	EXP 	grid_lines_2: autoDraw = False
47.5243 	EXP 	target_square_2: autoDraw = False
47.5243 	EXP 	fixation_3: autoDraw = False
47.5243 	EXP 	target_square_2: pos = array([-0.2,  0.2])
47.5243 	EXP 	grid_lines_2: autoDraw = True
47.5243 	EXP 	target_square_2: autoDraw = True
48.0758 	DATA 	Mouse: Left button down, pos=(465,250)
48.1925 	DATA 	Mouse:  Left button up, pos=(465,250)
48.1959 	DATA 	Mouse: Left button down, pos=(465,250)
48.2088 	DATA 	Mouse:  Left button up, pos=(465,250)
48.5081 	EXP 	fixation_3: autoDraw = True
48.5248 	EXP 	target_square_2: autoDraw = False
49.5087 	EXP 	fixation_3: autoDraw = False
49.5116 	EXP 	New trial (rep=0, index=8): {'square': 5, 'location': [0, 0], 'corrAns': None}
49.5121 	EXP 	window1: mouseVisible = False
49.5252 	EXP 	grid_lines_2: autoDraw = False
49.5252 	EXP 	target_square_2: autoDraw = False
49.5252 	EXP 	fixation_3: autoDraw = False
49.5252 	EXP 	target_square_2: pos = array([0., 0.])
49.5252 	EXP 	grid_lines_2: autoDraw = True
49.5252 	EXP 	target_square_2: autoDraw = True
49.9099 	DATA 	Mouse: Left button down, pos=(462,248)
50.0298 	DATA 	Mouse:  Left button up, pos=(462,248)
50.5091 	EXP 	fixation_3: autoDraw = True
50.5257 	EXP 	target_square_2: autoDraw = False
51.5095 	EXP 	fixation_3: autoDraw = False
51.5123 	EXP 	New trial (rep=0, index=9): {'square': 7, 'location': [-0.2, -0.2], 'corrAns': None}
51.5129 	EXP 	window1: mouseVisible = False
51.5261 	EXP 	grid_lines_2: autoDraw = False
51.5261 	EXP 	target_square_2: autoDraw = False
51.5261 	EXP 	fixation_3: autoDraw = False
51.5261 	EXP 	target_square_2: pos = array([-0.2, -0.2])
51.5261 	EXP 	grid_lines_2: autoDraw = True
51.5261 	EXP 	target_square_2: autoDraw = True
51.9271 	DATA 	Mouse: Left button down, pos=(455,244)
52.0467 	DATA 	Mouse:  Left button up, pos=(455,244)
52.0605 	DATA 	Mouse: Left button down, pos=(455,244)
52.0645 	DATA 	Mouse:  Left button up, pos=(455,244)
52.5100 	EXP 	fixation_3: autoDraw = True
52.5268 	EXP 	target_square_2: autoDraw = False
53.5103 	EXP 	fixation_3: autoDraw = False
53.5132 	EXP 	New trial (rep=0, index=10): {'square': 5, 'location': [0, 0], 'corrAns': 1}
53.5137 	EXP 	window1: mouseVisible = False
53.5270 	EXP 	grid_lines_2: autoDraw = False
53.5270 	EXP 	target_square_2: autoDraw = False
53.5270 	EXP 	fixation_3: autoDraw = False
53.5270 	EXP 	target_square_2: pos = array([0., 0.])
53.5270 	EXP 	grid_lines_2: autoDraw = True
53.5270 	EXP 	target_square_2: autoDraw = True
53.8651 	DATA 	Mouse: Left button down, pos=(454,243)
53.9975 	DATA 	Mouse:  Left button up, pos=(454,243)
54.0114 	DATA 	Mouse: Left button down, pos=(454,243)
54.0117 	DATA 	Mouse:  Left button up, pos=(454,243)
54.5109 	EXP 	fixation_3: autoDraw = True
54.5275 	EXP 	target_square_2: autoDraw = False
55.5113 	EXP 	fixation_3: autoDraw = False
55.5142 	EXP 	New trial (rep=0, index=11): {'square': 6, 'location': [0.2, 0], 'corrAns': None}
55.5150 	EXP 	window1: mouseVisible = False
55.5280 	EXP 	grid_lines_2: autoDraw = False
55.5280 	EXP 	target_square_2: autoDraw = False
55.5280 	EXP 	fixation_3: autoDraw = False
55.5280 	EXP 	target_square_2: pos = array([0.2, 0. ])
55.5280 	EXP 	grid_lines_2: autoDraw = True
55.5280 	EXP 	target_square_2: autoDraw = True
55.8461 	DATA 	Mouse: Left button down, pos=(452,242)
55.9788 	DATA 	Mouse:  Left button up, pos=(452,242)
55.9822 	DATA 	Mouse: Left button down, pos=(452,242)
55.9954 	DATA 	Mouse:  Left button up, pos=(452,242)
56.5118 	EXP 	fixation_3: autoDraw = True
56.5286 	EXP 	target_square_2: autoDraw = False
57.5123 	EXP 	fixation_3: autoDraw = False
57.5152 	EXP 	New trial (rep=0, index=12): {'square': 3, 'location': [0.2, 0.2], 'corrAns': None}
57.5157 	EXP 	window1: mouseVisible = False
57.5291 	EXP 	grid_lines_2: autoDraw = False
57.5291 	EXP 	target_square_2: autoDraw = False
57.5291 	EXP 	fixation_3: autoDraw = False
57.5291 	EXP 	target_square_2: pos = array([0.2, 0.2])
57.5291 	EXP 	grid_lines_2: autoDraw = True
57.5291 	EXP 	target_square_2: autoDraw = True
57.8631 	DATA 	Mouse: Left button down, pos=(452,242)
58.0133 	DATA 	Mouse:  Left button up, pos=(452,242)
58.0136 	DATA 	Mouse: Left button down, pos=(452,242)
58.0141 	DATA 	Mouse:  Left button up, pos=(452,242)
58.5128 	EXP 	fixation_3: autoDraw = True
58.5294 	EXP 	target_square_2: autoDraw = False
59.5134 	EXP 	fixation_3: autoDraw = False
59.5163 	EXP 	New trial (rep=0, index=13): {'square': 6, 'location': [0.2, 0], 'corrAns': 1}
59.5168 	EXP 	window1: mouseVisible = False
59.5299 	EXP 	grid_lines_2: autoDraw = False
59.5299 	EXP 	target_square_2: autoDraw = False
59.5299 	EXP 	fixation_3: autoDraw = False
59.5299 	EXP 	target_square_2: pos = array([0.2, 0. ])
59.5299 	EXP 	grid_lines_2: autoDraw = True
59.5299 	EXP 	target_square_2: autoDraw = True
60.0645 	DATA 	Mouse: Left button down, pos=(452,242)
60.2144 	DATA 	Mouse:  Left button up, pos=(452,242)
60.2147 	DATA 	Mouse: Left button down, pos=(452,242)
60.2313 	DATA 	Mouse:  Left button up, pos=(452,242)
60.5139 	EXP 	fixation_3: autoDraw = True
60.5304 	EXP 	target_square_2: autoDraw = False
61.5143 	EXP 	fixation_3: autoDraw = False
61.5171 	EXP 	New trial (rep=0, index=14): {'square': 8, 'location': [0, -0.2], 'corrAns': None}
61.5177 	EXP 	window1: mouseVisible = False
61.5308 	EXP 	grid_lines_2: autoDraw = False
61.5308 	EXP 	target_square_2: autoDraw = False
61.5308 	EXP 	fixation_3: autoDraw = False
61.5308 	EXP 	target_square_2: pos = array([ 0. , -0.2])
61.5308 	EXP 	grid_lines_2: autoDraw = True
61.5308 	EXP 	target_square_2: autoDraw = True
61.8985 	DATA 	Mouse: Left button down, pos=(447,239)
62.0315 	DATA 	Mouse:  Left button up, pos=(447,239)
62.0318 	DATA 	Mouse: Left button down, pos=(447,239)
62.0482 	DATA 	Mouse:  Left button up, pos=(447,239)
62.5146 	EXP 	fixation_3: autoDraw = True
62.5313 	EXP 	target_square_2: autoDraw = False
63.5152 	EXP 	fixation_3: autoDraw = False
63.5181 	EXP 	New trial (rep=0, index=15): {'square': 9, 'location': [0.2, -0.2], 'corrAns': None}
63.5187 	EXP 	window1: mouseVisible = False
63.5318 	EXP 	grid_lines_2: autoDraw = False
63.5318 	EXP 	target_square_2: autoDraw = False
63.5318 	EXP 	fixation_3: autoDraw = False
63.5318 	EXP 	target_square_2: pos = array([ 0.2, -0.2])
63.5318 	EXP 	grid_lines_2: autoDraw = True
63.5318 	EXP 	target_square_2: autoDraw = True
63.8704 	DATA 	Mouse: Left button down, pos=(445,238)
64.0158 	DATA 	Mouse:  Left button up, pos=(445,238)
64.0194 	DATA 	Mouse: Left button down, pos=(445,238)
64.0324 	DATA 	Mouse:  Left button up, pos=(445,238)
64.5156 	EXP 	fixation_3: autoDraw = True
64.5323 	EXP 	target_square_2: autoDraw = False
65.5160 	EXP 	fixation_3: autoDraw = False
65.5189 	EXP 	New trial (rep=0, index=16): {'square': 9, 'location': [0.2, -0.2], 'corrAns': None}
65.5195 	EXP 	window1: mouseVisible = False
65.5327 	EXP 	grid_lines_2: autoDraw = False
65.5327 	EXP 	target_square_2: autoDraw = False
65.5327 	EXP 	fixation_3: autoDraw = False
65.5327 	EXP 	target_square_2: pos = array([ 0.2, -0.2])
65.5327 	EXP 	grid_lines_2: autoDraw = True
65.5327 	EXP 	target_square_2: autoDraw = True
65.9505 	DATA 	Mouse: Left button down, pos=(442,236)
66.1002 	DATA 	Mouse:  Left button up, pos=(442,236)
66.5165 	EXP 	fixation_3: autoDraw = True
66.5333 	EXP 	target_square_2: autoDraw = False
67.5171 	EXP 	fixation_3: autoDraw = False
67.5200 	EXP 	New trial (rep=0, index=17): {'square': 1, 'location': [-0.2, 0.2], 'corrAns': None}
67.5206 	EXP 	window1: mouseVisible = False
67.5337 	EXP 	grid_lines_2: autoDraw = False
67.5337 	EXP 	target_square_2: autoDraw = False
67.5337 	EXP 	fixation_3: autoDraw = False
67.5337 	EXP 	target_square_2: pos = array([-0.2,  0.2])
67.5337 	EXP 	grid_lines_2: autoDraw = True
67.5337 	EXP 	target_square_2: autoDraw = True
67.8845 	DATA 	Mouse: Left button down, pos=(442,236)
68.0020 	DATA 	Mouse:  Left button up, pos=(442,236)
68.0178 	DATA 	Mouse: Left button down, pos=(442,236)
68.0184 	DATA 	Mouse:  Left button up, pos=(442,236)
68.5175 	EXP 	fixation_3: autoDraw = True
68.5341 	EXP 	target_square_2: autoDraw = False
69.5180 	EXP 	fixation_3: autoDraw = False
69.5209 	EXP 	New trial (rep=0, index=18): {'square': 3, 'location': [0.2, 0.2], 'corrAns': None}
69.5214 	EXP 	window1: mouseVisible = False
69.5347 	EXP 	grid_lines_2: autoDraw = False
69.5347 	EXP 	target_square_2: autoDraw = False
69.5347 	EXP 	fixation_3: autoDraw = False
69.5347 	EXP 	target_square_2: pos = array([0.2, 0.2])
69.5347 	EXP 	grid_lines_2: autoDraw = True
69.5347 	EXP 	target_square_2: autoDraw = True
70.0859 	DATA 	Mouse: Left button down, pos=(442,236)
70.2356 	DATA 	Mouse:  Left button up, pos=(442,236)
70.5190 	EXP 	fixation_3: autoDraw = True
70.5351 	EXP 	target_square_2: autoDraw = False
71.5189 	EXP 	fixation_3: autoDraw = False
71.5218 	EXP 	New trial (rep=0, index=19): {'square': 5, 'location': [0, 0], 'corrAns': None}
71.5223 	EXP 	window1: mouseVisible = False
71.5356 	EXP 	grid_lines_2: autoDraw = False
71.5356 	EXP 	target_square_2: autoDraw = False
71.5356 	EXP 	fixation_3: autoDraw = False
71.5356 	EXP 	target_square_2: pos = array([0., 0.])
71.5356 	EXP 	grid_lines_2: autoDraw = True
71.5356 	EXP 	target_square_2: autoDraw = True
71.9869 	DATA 	Mouse: Left button down, pos=(440,234)
72.1033 	DATA 	Mouse:  Left button up, pos=(440,234)
72.1036 	DATA 	Mouse: Left button down, pos=(440,234)
72.1196 	DATA 	Mouse:  Left button up, pos=(440,234)
72.5197 	EXP 	fixation_3: autoDraw = True
72.5361 	EXP 	target_square_2: autoDraw = False
73.5198 	EXP 	fixation_3: autoDraw = False
73.5234 	EXP 	New trial (rep=0, index=20): {'square': 3, 'location': [0.2, 0.2], 'corrAns': 1}
73.5240 	EXP 	window1: mouseVisible = False
73.5365 	EXP 	grid_lines_2: autoDraw = False
73.5365 	EXP 	target_square_2: autoDraw = False
73.5365 	EXP 	fixation_3: autoDraw = False
73.5365 	EXP 	target_square_2: pos = array([0.2, 0.2])
73.5365 	EXP 	grid_lines_2: autoDraw = True
73.5365 	EXP 	target_square_2: autoDraw = True
73.9076 	DATA 	Mouse: Left button down, pos=(437,232)
74.0372 	DATA 	Mouse:  Left button up, pos=(437,232)
74.0376 	DATA 	Mouse: Left button down, pos=(437,232)
74.0409 	DATA 	Mouse:  Left button up, pos=(437,232)
74.5202 	EXP 	fixation_3: autoDraw = True
74.5369 	EXP 	target_square_2: autoDraw = False
75.5207 	EXP 	fixation_3: autoDraw = False
75.5236 	EXP 	New trial (rep=0, index=21): {'square': 4, 'location': [-0.2, 0], 'corrAns': None}
75.5242 	EXP 	window1: mouseVisible = False
75.5376 	EXP 	grid_lines_2: autoDraw = False
75.5376 	EXP 	target_square_2: autoDraw = False
75.5376 	EXP 	fixation_3: autoDraw = False
75.5376 	EXP 	target_square_2: pos = array([-0.2,  0. ])
75.5376 	EXP 	grid_lines_2: autoDraw = True
75.5376 	EXP 	target_square_2: autoDraw = True
75.7556 	DATA 	Mouse: Left button down, pos=(437,230)
75.8886 	DATA 	Mouse:  Left button up, pos=(437,230)
76.5211 	EXP 	fixation_3: autoDraw = True
76.5379 	EXP 	target_square_2: autoDraw = False
77.5078 	EXP 	New trial (rep=0, index=22): {'square': 7, 'location': [-0.2, -0.2], 'corrAns': None}
77.5084 	EXP 	window1: mouseVisible = False
77.5216 	EXP 	grid_lines_2: autoDraw = False
77.5216 	EXP 	target_square_2: autoDraw = False
77.5216 	EXP 	fixation_3: autoDraw = False
77.5216 	EXP 	target_square_2: pos = array([-0.2, -0.2])
77.5216 	EXP 	grid_lines_2: autoDraw = True
77.5216 	EXP 	target_square_2: autoDraw = True
77.8391 	DATA 	Mouse: Left button down, pos=(437,230)
78.0057 	DATA 	Mouse:  Left button up, pos=(437,230)
78.5058 	EXP 	fixation_3: autoDraw = True
78.5225 	EXP 	target_square_2: autoDraw = False
79.5060 	EXP 	fixation_3: autoDraw = False
79.5097 	EXP 	New trial (rep=0, index=23): {'square': 4, 'location': [-0.2, 0], 'corrAns': 1}
79.5103 	EXP 	window1: mouseVisible = False
79.5229 	EXP 	grid_lines_2: autoDraw = False
79.5229 	EXP 	target_square_2: autoDraw = False
79.5229 	EXP 	fixation_3: autoDraw = False
79.5229 	EXP 	target_square_2: pos = array([-0.2,  0. ])
79.5229 	EXP 	grid_lines_2: autoDraw = True
79.5229 	EXP 	target_square_2: autoDraw = True
79.8066 	DATA 	Mouse: Left button down, pos=(437,230)
79.9739 	DATA 	Mouse:  Left button up, pos=(440,228)
80.5066 	EXP 	fixation_3: autoDraw = True
80.5231 	EXP 	target_square_2: autoDraw = False
81.5075 	EXP 	fixation_3: autoDraw = False
81.5123 	EXP 	New trial (rep=0, index=24): {'square': 4, 'location': [-0.2, 0], 'corrAns': None}
81.5132 	EXP 	window1: mouseVisible = False
81.5240 	EXP 	grid_lines_2: autoDraw = False
81.5240 	EXP 	target_square_2: autoDraw = False
81.5240 	EXP 	fixation_3: autoDraw = False
81.5240 	EXP 	target_square_2: pos = array([-0.2,  0. ])
81.5240 	EXP 	grid_lines_2: autoDraw = True
81.5240 	EXP 	target_square_2: autoDraw = True
81.8409 	DATA 	Mouse: Left button down, pos=(440,228)
81.9773 	DATA 	Mouse:  Left button up, pos=(440,228)
82.5073 	EXP 	fixation_3: autoDraw = True
82.5240 	EXP 	target_square_2: autoDraw = False
83.5079 	EXP 	fixation_3: autoDraw = False
83.5108 	EXP 	New trial (rep=0, index=25): {'square': 5, 'location': [0, 0], 'corrAns': None}
83.5114 	EXP 	window1: mouseVisible = False
83.5251 	EXP 	grid_lines_2: autoDraw = False
83.5251 	EXP 	target_square_2: autoDraw = False
83.5251 	EXP 	fixation_3: autoDraw = False
83.5251 	EXP 	target_square_2: pos = array([0., 0.])
83.5251 	EXP 	grid_lines_2: autoDraw = True
83.5251 	EXP 	target_square_2: autoDraw = True
83.8751 	DATA 	Mouse: Left button down, pos=(440,228)
84.0254 	DATA 	Mouse:  Left button up, pos=(440,228)
84.5087 	EXP 	fixation_3: autoDraw = True
84.5250 	EXP 	target_square_2: autoDraw = False
85.5089 	EXP 	fixation_3: autoDraw = False
85.5125 	EXP 	New trial (rep=0, index=26): {'square': 2, 'location': [0, 0.2], 'corrAns': None}
85.5131 	EXP 	window1: mouseVisible = False
85.5255 	EXP 	grid_lines_2: autoDraw = False
85.5255 	EXP 	target_square_2: autoDraw = False
85.5255 	EXP 	fixation_3: autoDraw = False
85.5255 	EXP 	target_square_2: pos = array([0. , 0.2])
85.5255 	EXP 	grid_lines_2: autoDraw = True
85.5255 	EXP 	target_square_2: autoDraw = True
85.8632 	DATA 	Mouse: Left button down, pos=(443,266)
85.9934 	DATA 	Mouse:  Left button up, pos=(445,264)
86.5094 	EXP 	fixation_3: autoDraw = True
86.5262 	EXP 	target_square_2: autoDraw = False
87.5098 	EXP 	fixation_3: autoDraw = False
87.5126 	EXP 	New trial (rep=0, index=27): {'square': 6, 'location': [0.2, 0], 'corrAns': None}
87.5132 	EXP 	window1: mouseVisible = False
87.5264 	EXP 	grid_lines_2: autoDraw = False
87.5264 	EXP 	target_square_2: autoDraw = False
87.5264 	EXP 	fixation_3: autoDraw = False
87.5264 	EXP 	target_square_2: pos = array([0.2, 0. ])
87.5264 	EXP 	grid_lines_2: autoDraw = True
87.5264 	EXP 	target_square_2: autoDraw = True
87.5304 	DATA 	Mouse: Left button down, pos=(443,266)
87.6470 	DATA 	Mouse:  Left button up, pos=(443,266)
88.5102 	EXP 	fixation_3: autoDraw = True
88.5267 	EXP 	target_square_2: autoDraw = False
89.5108 	EXP 	fixation_3: autoDraw = False
89.5136 	EXP 	New trial (rep=0, index=28): {'square': 7, 'location': [-0.2, -0.2], 'corrAns': None}
89.5142 	EXP 	window1: mouseVisible = False
89.5273 	EXP 	grid_lines_2: autoDraw = False
89.5273 	EXP 	target_square_2: autoDraw = False
89.5273 	EXP 	fixation_3: autoDraw = False
89.5273 	EXP 	target_square_2: pos = array([-0.2, -0.2])
89.5273 	EXP 	grid_lines_2: autoDraw = True
89.5273 	EXP 	target_square_2: autoDraw = True
89.8785 	DATA 	Mouse: Left button down, pos=(443,265)
89.9947 	DATA 	Mouse:  Left button up, pos=(443,265)
90.0122 	DATA 	Mouse: Left button down, pos=(443,265)
90.0126 	DATA 	Mouse:  Left button up, pos=(443,265)
90.5112 	EXP 	fixation_3: autoDraw = True
90.5280 	EXP 	target_square_2: autoDraw = False
91.5115 	EXP 	fixation_3: autoDraw = False
91.5144 	EXP 	New trial (rep=0, index=29): {'square': 6, 'location': [0.2, 0], 'corrAns': 1}
91.5150 	EXP 	window1: mouseVisible = False
91.5282 	EXP 	grid_lines_2: autoDraw = False
91.5282 	EXP 	target_square_2: autoDraw = False
91.5282 	EXP 	fixation_3: autoDraw = False
91.5282 	EXP 	target_square_2: pos = array([0.2, 0. ])
91.5282 	EXP 	grid_lines_2: autoDraw = True
91.5282 	EXP 	target_square_2: autoDraw = True
91.8458 	DATA 	Mouse: Left button down, pos=(443,263)
91.9622 	DATA 	Mouse:  Left button up, pos=(443,263)
91.9653 	DATA 	Mouse: Left button down, pos=(443,263)
91.9794 	DATA 	Mouse:  Left button up, pos=(443,263)
92.5122 	EXP 	fixation_3: autoDraw = True
92.5287 	EXP 	target_square_2: autoDraw = False
93.5125 	EXP 	fixation_3: autoDraw = False
93.5153 	EXP 	New trial (rep=0, index=30): {'square': 6, 'location': [0.2, 0], 'corrAns': None}
93.5159 	EXP 	window1: mouseVisible = False
93.5292 	EXP 	grid_lines_2: autoDraw = False
93.5292 	EXP 	target_square_2: autoDraw = False
93.5292 	EXP 	fixation_3: autoDraw = False
93.5292 	EXP 	target_square_2: pos = array([0.2, 0. ])
93.5292 	EXP 	grid_lines_2: autoDraw = True
93.5292 	EXP 	target_square_2: autoDraw = True
93.8475 	DATA 	Mouse: Left button down, pos=(443,257)
93.9798 	DATA 	Mouse:  Left button up, pos=(443,257)
93.9802 	DATA 	Mouse: Left button down, pos=(443,257)
93.9836 	DATA 	Mouse:  Left button up, pos=(443,257)
94.5129 	EXP 	fixation_3: autoDraw = True
94.5298 	EXP 	target_square_2: autoDraw = False
95.5135 	EXP 	fixation_3: autoDraw = False
95.5164 	EXP 	New trial (rep=0, index=31): {'square': 7, 'location': [-0.2, -0.2], 'corrAns': None}
95.5170 	EXP 	window1: mouseVisible = False
95.5300 	EXP 	grid_lines_2: autoDraw = False
95.5300 	EXP 	target_square_2: autoDraw = False
95.5300 	EXP 	fixation_3: autoDraw = False
95.5300 	EXP 	target_square_2: pos = array([-0.2, -0.2])
95.5300 	EXP 	grid_lines_2: autoDraw = True
95.5300 	EXP 	target_square_2: autoDraw = True
95.8485 	DATA 	Mouse: Left button down, pos=(441,254)
95.9477 	DATA 	Mouse:  Left button up, pos=(441,254)
96.5139 	EXP 	fixation_3: autoDraw = True
96.5307 	EXP 	target_square_2: autoDraw = False
97.5145 	EXP 	fixation_3: autoDraw = False
97.5174 	EXP 	New trial (rep=0, index=32): {'square': 6, 'location': [0.2, 0], 'corrAns': 1}
97.5180 	EXP 	window1: mouseVisible = False
97.5310 	EXP 	grid_lines_2: autoDraw = False
97.5310 	EXP 	target_square_2: autoDraw = False
97.5310 	EXP 	fixation_3: autoDraw = False
97.5310 	EXP 	target_square_2: pos = array([0.2, 0. ])
97.5310 	EXP 	grid_lines_2: autoDraw = True
97.5310 	EXP 	target_square_2: autoDraw = True
97.7858 	DATA 	Mouse: Left button down, pos=(439,248)
97.9154 	DATA 	Mouse:  Left button up, pos=(439,248)
97.9190 	DATA 	Mouse: Left button down, pos=(439,248)
97.9319 	DATA 	Mouse:  Left button up, pos=(439,248)
98.5148 	EXP 	fixation_3: autoDraw = True
98.5317 	EXP 	target_square_2: autoDraw = False
99.5157 	EXP 	fixation_3: autoDraw = False
99.5187 	EXP 	New trial (rep=0, index=33): {'square': 2, 'location': [0, 0.2], 'corrAns': None}
99.5193 	EXP 	window1: mouseVisible = False
99.5320 	EXP 	grid_lines_2: autoDraw = False
99.5320 	EXP 	target_square_2: autoDraw = False
99.5320 	EXP 	fixation_3: autoDraw = False
99.5320 	EXP 	target_square_2: pos = array([0. , 0.2])
99.5320 	EXP 	grid_lines_2: autoDraw = True
99.5320 	EXP 	target_square_2: autoDraw = True
99.8167 	DATA 	Mouse: Left button down, pos=(439,248)
99.9662 	DATA 	Mouse:  Left button up, pos=(439,248)
100.5159 	EXP 	fixation_3: autoDraw = True
100.5324 	EXP 	target_square_2: autoDraw = False
101.5162 	EXP 	fixation_3: autoDraw = False
101.5192 	EXP 	New trial (rep=0, index=34): {'square': 5, 'location': [0, 0], 'corrAns': None}
101.5197 	EXP 	window1: mouseVisible = False
101.5329 	EXP 	grid_lines_2: autoDraw = False
101.5329 	EXP 	target_square_2: autoDraw = False
101.5329 	EXP 	fixation_3: autoDraw = False
101.5329 	EXP 	target_square_2: pos = array([0., 0.])
101.5329 	EXP 	grid_lines_2: autoDraw = True
101.5329 	EXP 	target_square_2: autoDraw = True
101.8003 	DATA 	Mouse: Left button down, pos=(439,248)
101.9337 	DATA 	Mouse:  Left button up, pos=(439,248)
102.5172 	EXP 	fixation_3: autoDraw = True
102.5334 	EXP 	target_square_2: autoDraw = False
103.5172 	EXP 	fixation_3: autoDraw = False
103.5201 	EXP 	New trial (rep=0, index=35): {'square': 4, 'location': [-0.2, 0], 'corrAns': None}
103.5207 	EXP 	window1: mouseVisible = False
103.5339 	EXP 	grid_lines_2: autoDraw = False
103.5339 	EXP 	target_square_2: autoDraw = False
103.5339 	EXP 	fixation_3: autoDraw = False
103.5339 	EXP 	target_square_2: pos = array([-0.2,  0. ])
103.5339 	EXP 	grid_lines_2: autoDraw = True
103.5339 	EXP 	target_square_2: autoDraw = True
103.8347 	DATA 	Mouse: Left button down, pos=(439,248)
103.9679 	DATA 	Mouse:  Left button up, pos=(439,248)
104.5178 	EXP 	fixation_3: autoDraw = True
104.5343 	EXP 	target_square_2: autoDraw = False
105.5184 	EXP 	fixation_3: autoDraw = False
105.5214 	EXP 	New trial (rep=0, index=36): {'square': 4, 'location': [-0.2, 0], 'corrAns': None}
105.5220 	EXP 	window1: mouseVisible = False
105.5350 	EXP 	grid_lines_2: autoDraw = False
105.5350 	EXP 	target_square_2: autoDraw = False
105.5350 	EXP 	fixation_3: autoDraw = False
105.5350 	EXP 	target_square_2: pos = array([-0.2,  0. ])
105.5350 	EXP 	grid_lines_2: autoDraw = True
105.5350 	EXP 	target_square_2: autoDraw = True
105.9195 	DATA 	Mouse: Left button down, pos=(436,243)
106.0392 	DATA 	Mouse:  Left button up, pos=(436,243)
106.5186 	EXP 	fixation_3: autoDraw = True
106.5353 	EXP 	target_square_2: autoDraw = False
107.5191 	EXP 	fixation_3: autoDraw = False
107.5220 	EXP 	New trial (rep=0, index=37): {'square': 7, 'location': [-0.2, -0.2], 'corrAns': None}
107.5226 	EXP 	window1: mouseVisible = False
107.5357 	EXP 	grid_lines_2: autoDraw = False
107.5357 	EXP 	target_square_2: autoDraw = False
107.5357 	EXP 	fixation_3: autoDraw = False
107.5357 	EXP 	target_square_2: pos = array([-0.2, -0.2])
107.5357 	EXP 	grid_lines_2: autoDraw = True
107.5357 	EXP 	target_square_2: autoDraw = True
107.7699 	DATA 	Mouse: Left button down, pos=(436,243)
107.8531 	DATA 	Mouse:  Left button up, pos=(436,243)
108.5197 	EXP 	fixation_3: autoDraw = True
108.5366 	EXP 	target_square_2: autoDraw = False
109.5201 	EXP 	fixation_3: autoDraw = False
109.5229 	EXP 	New trial (rep=0, index=38): {'square': 4, 'location': [-0.2, 0], 'corrAns': 1}
109.5235 	EXP 	window1: mouseVisible = False
109.5366 	EXP 	grid_lines_2: autoDraw = False
109.5366 	EXP 	target_square_2: autoDraw = False
109.5366 	EXP 	fixation_3: autoDraw = False
109.5366 	EXP 	target_square_2: pos = array([-0.2,  0. ])
109.5366 	EXP 	grid_lines_2: autoDraw = True
109.5366 	EXP 	target_square_2: autoDraw = True
109.8382 	DATA 	Mouse: Left button down, pos=(433,238)
109.9875 	DATA 	Mouse:  Left button up, pos=(433,238)
110.5204 	EXP 	fixation_3: autoDraw = True
110.5372 	EXP 	target_square_2: autoDraw = False
111.5209 	EXP 	fixation_3: autoDraw = False
111.5239 	EXP 	New trial (rep=0, index=39): {'square': 3, 'location': [0.2, 0.2], 'corrAns': None}
111.5245 	EXP 	window1: mouseVisible = False
111.5376 	EXP 	grid_lines_2: autoDraw = False
111.5376 	EXP 	target_square_2: autoDraw = False
111.5376 	EXP 	fixation_3: autoDraw = False
111.5376 	EXP 	target_square_2: pos = array([0.2, 0.2])
111.5376 	EXP 	grid_lines_2: autoDraw = True
111.5376 	EXP 	target_square_2: autoDraw = True
111.8423 	DATA 	Mouse: Left button down, pos=(432,238)
111.9553 	DATA 	Mouse:  Left button up, pos=(432,238)
111.9718 	DATA 	Mouse: Left button down, pos=(432,238)
111.9723 	DATA 	Mouse:  Left button up, pos=(432,238)
112.5217 	EXP 	fixation_3: autoDraw = True
112.5381 	EXP 	target_square_2: autoDraw = False
113.5080 	EXP 	New trial (rep=0, index=40): {'square': 5, 'location': [0, 0], 'corrAns': None}
113.5085 	EXP 	window1: mouseVisible = False
113.5221 	EXP 	grid_lines_2: autoDraw = False
113.5221 	EXP 	target_square_2: autoDraw = False
113.5221 	EXP 	fixation_3: autoDraw = False
113.5221 	EXP 	target_square_2: pos = array([0., 0.])
113.5221 	EXP 	grid_lines_2: autoDraw = True
113.5221 	EXP 	target_square_2: autoDraw = True
113.8104 	DATA 	Mouse: Left button down, pos=(427,234)
113.9232 	DATA 	Mouse:  Left button up, pos=(427,233)
113.9270 	DATA 	Mouse: Left button down, pos=(427,233)
113.9392 	DATA 	Mouse:  Left button up, pos=(427,233)
114.5057 	EXP 	fixation_3: autoDraw = True
114.5224 	EXP 	target_square_2: autoDraw = False
115.5063 	EXP 	fixation_3: autoDraw = False
115.5091 	EXP 	New trial (rep=0, index=41): {'square': 3, 'location': [0.2, 0.2], 'corrAns': 1}
115.5097 	EXP 	window1: mouseVisible = False
115.5232 	EXP 	grid_lines_2: autoDraw = False
115.5232 	EXP 	target_square_2: autoDraw = False
115.5232 	EXP 	fixation_3: autoDraw = False
115.5232 	EXP 	target_square_2: pos = array([0.2, 0.2])
115.5232 	EXP 	grid_lines_2: autoDraw = True
115.5232 	EXP 	target_square_2: autoDraw = True
115.7903 	DATA 	Mouse: Left button down, pos=(427,233)
115.8907 	DATA 	Mouse:  Left button up, pos=(427,233)
115.9072 	DATA 	Mouse: Left button down, pos=(427,233)
115.9103 	DATA 	Mouse:  Left button up, pos=(427,233)
116.5067 	EXP 	fixation_3: autoDraw = True
116.5233 	EXP 	target_square_2: autoDraw = False
117.5075 	EXP 	fixation_3: autoDraw = False
117.5103 	EXP 	New trial (rep=0, index=42): {'square': 1, 'location': [-0.2, 0.2], 'corrAns': None}
117.5109 	EXP 	window1: mouseVisible = False
117.5244 	EXP 	grid_lines_2: autoDraw = False
117.5244 	EXP 	target_square_2: autoDraw = False
117.5244 	EXP 	fixation_3: autoDraw = False
117.5244 	EXP 	target_square_2: pos = array([-0.2,  0.2])
117.5244 	EXP 	grid_lines_2: autoDraw = True
117.5244 	EXP 	target_square_2: autoDraw = True
117.8080 	DATA 	Mouse: Left button down, pos=(427,233)
117.9444 	DATA 	Mouse:  Left button up, pos=(427,233)
118.5076 	EXP 	fixation_3: autoDraw = True
118.5243 	EXP 	target_square_2: autoDraw = False
119.5081 	EXP 	fixation_3: autoDraw = False
119.5109 	EXP 	New trial (rep=0, index=43): {'square': 9, 'location': [0.2, -0.2], 'corrAns': None}
119.5114 	EXP 	window1: mouseVisible = False
119.5248 	EXP 	grid_lines_2: autoDraw = False
119.5248 	EXP 	target_square_2: autoDraw = False
119.5248 	EXP 	fixation_3: autoDraw = False
119.5248 	EXP 	target_square_2: pos = array([ 0.2, -0.2])
119.5248 	EXP 	grid_lines_2: autoDraw = True
119.5248 	EXP 	target_square_2: autoDraw = True
119.8092 	DATA 	Mouse: Left button down, pos=(427,233)
119.9255 	DATA 	Mouse:  Left button up, pos=(427,233)
120.5085 	EXP 	fixation_3: autoDraw = True
120.5252 	EXP 	target_square_2: autoDraw = False
121.5089 	EXP 	fixation_3: autoDraw = False
121.5117 	EXP 	New trial (rep=0, index=44): {'square': 9, 'location': [0.2, -0.2], 'corrAns': None}
121.5123 	EXP 	window1: mouseVisible = False
121.5259 	EXP 	grid_lines_2: autoDraw = False
121.5259 	EXP 	target_square_2: autoDraw = False
121.5259 	EXP 	fixation_3: autoDraw = False
121.5259 	EXP 	target_square_2: pos = array([ 0.2, -0.2])
121.5259 	EXP 	grid_lines_2: autoDraw = True
121.5259 	EXP 	target_square_2: autoDraw = True
121.8097 	DATA 	Mouse: Left button down, pos=(427,233)
121.9433 	DATA 	Mouse:  Left button up, pos=(427,233)
122.5094 	EXP 	fixation_3: autoDraw = True
122.5260 	EXP 	target_square_2: autoDraw = False
123.5101 	EXP 	fixation_3: autoDraw = False
123.5129 	EXP 	New trial (rep=0, index=45): {'square': 8, 'location': [0, -0.2], 'corrAns': None}
123.5135 	EXP 	window1: mouseVisible = False
123.5268 	EXP 	grid_lines_2: autoDraw = False
123.5268 	EXP 	target_square_2: autoDraw = False
123.5268 	EXP 	fixation_3: autoDraw = False
123.5268 	EXP 	target_square_2: pos = array([ 0. , -0.2])
123.5268 	EXP 	grid_lines_2: autoDraw = True
123.5268 	EXP 	target_square_2: autoDraw = True
123.7951 	DATA 	Mouse: Left button down, pos=(427,232)
123.9607 	DATA 	Mouse:  Left button up, pos=(427,232)
124.5106 	EXP 	fixation_3: autoDraw = True
124.5270 	EXP 	target_square_2: autoDraw = False
125.5112 	EXP 	fixation_3: autoDraw = False
125.5140 	EXP 	New trial (rep=0, index=46): {'square': 6, 'location': [0.2, 0], 'corrAns': None}
125.5146 	EXP 	window1: mouseVisible = False
125.5276 	EXP 	grid_lines_2: autoDraw = False
125.5276 	EXP 	target_square_2: autoDraw = False
125.5276 	EXP 	fixation_3: autoDraw = False
125.5276 	EXP 	target_square_2: pos = array([0.2, 0. ])
125.5276 	EXP 	grid_lines_2: autoDraw = True
125.5276 	EXP 	target_square_2: autoDraw = True
125.5475 	DATA 	Mouse: Left button down, pos=(427,232)
125.7116 	DATA 	Mouse:  Left button up, pos=(427,232)
125.7282 	DATA 	Mouse: Left button down, pos=(427,232)
125.7288 	DATA 	Mouse:  Left button up, pos=(427,232)
126.5114 	EXP 	fixation_3: autoDraw = True
126.5284 	EXP 	target_square_2: autoDraw = False
127.5116 	EXP 	fixation_3: autoDraw = False
127.5145 	EXP 	New trial (rep=0, index=47): {'square': 3, 'location': [0.2, 0.2], 'corrAns': None}
127.5151 	EXP 	window1: mouseVisible = False
127.5284 	EXP 	grid_lines_2: autoDraw = False
127.5284 	EXP 	target_square_2: autoDraw = False
127.5284 	EXP 	fixation_3: autoDraw = False
127.5284 	EXP 	target_square_2: pos = array([0.2, 0.2])
127.5284 	EXP 	grid_lines_2: autoDraw = True
127.5284 	EXP 	target_square_2: autoDraw = True
127.8465 	DATA 	Mouse: Left button down, pos=(423,229)
127.9790 	DATA 	Mouse:  Left button up, pos=(423,229)
128.5122 	EXP 	fixation_3: autoDraw = True
128.5288 	EXP 	target_square_2: autoDraw = False
129.5125 	EXP 	fixation_3: autoDraw = False
129.5153 	EXP 	New trial (rep=0, index=48): {'square': 6, 'location': [0.2, 0], 'corrAns': 1}
129.5159 	EXP 	window1: mouseVisible = False
129.5293 	EXP 	grid_lines_2: autoDraw = False
129.5293 	EXP 	target_square_2: autoDraw = False
129.5293 	EXP 	fixation_3: autoDraw = False
129.5293 	EXP 	target_square_2: pos = array([0.2, 0. ])
129.5293 	EXP 	grid_lines_2: autoDraw = True
129.5293 	EXP 	target_square_2: autoDraw = True
129.7968 	DATA 	Mouse: Left button down, pos=(423,229)
129.9469 	DATA 	Mouse:  Left button up, pos=(423,229)
130.5130 	EXP 	fixation_3: autoDraw = True
130.5296 	EXP 	target_square_2: autoDraw = False
131.5136 	EXP 	fixation_3: autoDraw = False
131.5167 	EXP 	New trial (rep=0, index=49): {'square': 5, 'location': [0, 0], 'corrAns': None}
131.5172 	EXP 	window1: mouseVisible = False
131.5306 	EXP 	grid_lines_2: autoDraw = False
131.5306 	EXP 	target_square_2: autoDraw = False
131.5306 	EXP 	fixation_3: autoDraw = False
131.5306 	EXP 	target_square_2: pos = array([0., 0.])
131.5306 	EXP 	grid_lines_2: autoDraw = True
131.5306 	EXP 	target_square_2: autoDraw = True
131.6147 	DATA 	Mouse: Left button down, pos=(422,228)
131.7476 	DATA 	Mouse:  Left button up, pos=(422,228)
131.7512 	DATA 	Mouse: Left button down, pos=(422,228)
131.7648 	DATA 	Mouse:  Left button up, pos=(422,228)
132.5154 	EXP 	fixation_3: autoDraw = True
132.5320 	EXP 	target_square_2: autoDraw = False
133.5146 	EXP 	fixation_3: autoDraw = False
133.5177 	EXP 	New trial (rep=0, index=50): {'square': 7, 'location': [-0.2, -0.2], 'corrAns': None}
133.5182 	EXP 	window1: mouseVisible = False
133.5318 	EXP 	grid_lines_2: autoDraw = False
133.5318 	EXP 	target_square_2: autoDraw = False
133.5318 	EXP 	fixation_3: autoDraw = False
133.5318 	EXP 	target_square_2: pos = array([-0.2, -0.2])
133.5318 	EXP 	grid_lines_2: autoDraw = True
133.5318 	EXP 	target_square_2: autoDraw = True
133.7832 	DATA 	Mouse: Left button down, pos=(422,228)
133.9163 	DATA 	Mouse:  Left button up, pos=(422,228)
133.9330 	DATA 	Mouse: Left button down, pos=(422,228)
133.9333 	DATA 	Mouse:  Left button up, pos=(422,228)
134.5155 	EXP 	fixation_3: autoDraw = True
134.5324 	EXP 	target_square_2: autoDraw = False
135.5165 	EXP 	fixation_3: autoDraw = False
135.5200 	EXP 	New trial (rep=0, index=51): {'square': 5, 'location': [0, 0], 'corrAns': 1}
135.5207 	EXP 	window1: mouseVisible = False
135.5333 	EXP 	grid_lines_2: autoDraw = False
135.5333 	EXP 	target_square_2: autoDraw = False
135.5333 	EXP 	fixation_3: autoDraw = False
135.5333 	EXP 	target_square_2: pos = array([0., 0.])
135.5333 	EXP 	grid_lines_2: autoDraw = True
135.5333 	EXP 	target_square_2: autoDraw = True
135.8038 	DATA 	Mouse: Left button down, pos=(419,227)
135.9556 	DATA 	Mouse:  Left button up, pos=(419,227)
136.5166 	EXP 	fixation_3: autoDraw = True
136.5339 	EXP 	target_square_2: autoDraw = False
137.5164 	EXP 	fixation_3: autoDraw = False
137.5192 	EXP 	New trial (rep=0, index=52): {'square': 1, 'location': [-0.2, 0.2], 'corrAns': None}
137.5198 	EXP 	window1: mouseVisible = False
137.5330 	EXP 	grid_lines_2: autoDraw = False
137.5330 	EXP 	target_square_2: autoDraw = False
137.5330 	EXP 	fixation_3: autoDraw = False
137.5330 	EXP 	target_square_2: pos = array([-0.2,  0.2])
137.5330 	EXP 	grid_lines_2: autoDraw = True
137.5330 	EXP 	target_square_2: autoDraw = True
137.8007 	DATA 	Mouse: Left button down, pos=(419,226)
137.9340 	DATA 	Mouse:  Left button up, pos=(419,226)
137.9343 	DATA 	Mouse: Left button down, pos=(419,226)
137.9507 	DATA 	Mouse:  Left button up, pos=(419,226)
138.5169 	EXP 	fixation_3: autoDraw = True
138.5336 	EXP 	target_square_2: autoDraw = False
139.5174 	EXP 	fixation_3: autoDraw = False
139.5203 	EXP 	New trial (rep=0, index=53): {'square': 7, 'location': [-0.2, -0.2], 'corrAns': None}
139.5208 	EXP 	window1: mouseVisible = False
139.5340 	EXP 	grid_lines_2: autoDraw = False
139.5340 	EXP 	target_square_2: autoDraw = False
139.5340 	EXP 	fixation_3: autoDraw = False
139.5340 	EXP 	target_square_2: pos = array([-0.2, -0.2])
139.5340 	EXP 	grid_lines_2: autoDraw = True
139.5340 	EXP 	target_square_2: autoDraw = True
139.8019 	DATA 	Mouse: Left button down, pos=(418,226)
139.9348 	DATA 	Mouse:  Left button up, pos=(418,226)
139.9352 	DATA 	Mouse: Left button down, pos=(418,226)
139.9518 	DATA 	Mouse:  Left button up, pos=(418,226)
140.5180 	EXP 	fixation_3: autoDraw = True
140.5345 	EXP 	target_square_2: autoDraw = False
141.5183 	EXP 	fixation_3: autoDraw = False
141.5213 	EXP 	New trial (rep=0, index=54): {'square': 9, 'location': [0.2, -0.2], 'corrAns': None}
141.5219 	EXP 	window1: mouseVisible = False
141.5352 	EXP 	grid_lines_2: autoDraw = False
141.5352 	EXP 	target_square_2: autoDraw = False
141.5352 	EXP 	fixation_3: autoDraw = False
141.5352 	EXP 	target_square_2: pos = array([ 0.2, -0.2])
141.5352 	EXP 	grid_lines_2: autoDraw = True
141.5352 	EXP 	target_square_2: autoDraw = True
141.8195 	DATA 	Mouse: Left button down, pos=(417,224)
141.9527 	DATA 	Mouse:  Left button up, pos=(417,224)
142.5189 	EXP 	fixation_3: autoDraw = True
142.5355 	EXP 	target_square_2: autoDraw = False
143.5192 	EXP 	fixation_3: autoDraw = False
143.5221 	EXP 	New trial (rep=0, index=55): {'square': 3, 'location': [0.2, 0.2], 'corrAns': None}
143.5227 	EXP 	window1: mouseVisible = False
143.5359 	EXP 	grid_lines_2: autoDraw = False
143.5359 	EXP 	target_square_2: autoDraw = False
143.5359 	EXP 	fixation_3: autoDraw = False
143.5359 	EXP 	target_square_2: pos = array([0.2, 0.2])
143.5359 	EXP 	grid_lines_2: autoDraw = True
143.5359 	EXP 	target_square_2: autoDraw = True
143.8536 	DATA 	Mouse: Left button down, pos=(416,224)
143.9541 	DATA 	Mouse:  Left button up, pos=(416,224)
143.9706 	DATA 	Mouse: Left button down, pos=(416,224)
143.9742 	DATA 	Mouse:  Left button up, pos=(416,224)
144.5198 	EXP 	fixation_3: autoDraw = True
144.5364 	EXP 	target_square_2: autoDraw = False
145.5202 	EXP 	fixation_3: autoDraw = False
145.5230 	EXP 	New trial (rep=0, index=56): {'square': 9, 'location': [0.2, -0.2], 'corrAns': 1}
145.5236 	EXP 	window1: mouseVisible = False
145.5369 	EXP 	grid_lines_2: autoDraw = False
145.5369 	EXP 	target_square_2: autoDraw = False
145.5369 	EXP 	fixation_3: autoDraw = False
145.5369 	EXP 	target_square_2: pos = array([ 0.2, -0.2])
145.5369 	EXP 	grid_lines_2: autoDraw = True
145.5369 	EXP 	target_square_2: autoDraw = True
145.7710 	DATA 	Mouse: Left button down, pos=(416,224)
145.9045 	DATA 	Mouse:  Left button up, pos=(416,224)
146.5209 	EXP 	fixation_3: autoDraw = True
146.5379 	EXP 	target_square_2: autoDraw = False
147.5211 	EXP 	fixation_3: autoDraw = False
147.5240 	EXP 	New trial (rep=0, index=57): {'square': 6, 'location': [0.2, 0], 'corrAns': None}
147.5246 	EXP 	window1: mouseVisible = False
147.5378 	EXP 	grid_lines_2: autoDraw = False
147.5378 	EXP 	target_square_2: autoDraw = False
147.5378 	EXP 	fixation_3: autoDraw = False
147.5378 	EXP 	target_square_2: pos = array([0.2, 0. ])
147.5378 	EXP 	grid_lines_2: autoDraw = True
147.5378 	EXP 	target_square_2: autoDraw = True
147.8054 	DATA 	Mouse: Left button down, pos=(416,224)
147.9053 	DATA 	Mouse:  Left button up, pos=(416,224)
148.5217 	EXP 	fixation_3: autoDraw = True
148.5383 	EXP 	target_square_2: autoDraw = False
149.5084 	EXP 	New trial (rep=0, index=58): {'square': 2, 'location': [0, 0.2], 'corrAns': None}
149.5090 	EXP 	window1: mouseVisible = False
149.5221 	EXP 	grid_lines_2: autoDraw = False
149.5221 	EXP 	target_square_2: autoDraw = False
149.5221 	EXP 	fixation_3: autoDraw = False
149.5221 	EXP 	target_square_2: pos = array([0. , 0.2])
149.5221 	EXP 	grid_lines_2: autoDraw = True
149.5221 	EXP 	target_square_2: autoDraw = True
149.8240 	DATA 	Mouse: Left button down, pos=(414,224)
149.9560 	DATA 	Mouse:  Left button up, pos=(414,224)
149.9600 	DATA 	Mouse: Left button down, pos=(414,224)
149.9726 	DATA 	Mouse:  Left button up, pos=(414,224)
150.5060 	EXP 	fixation_3: autoDraw = True
150.5228 	EXP 	target_square_2: autoDraw = False
151.5063 	EXP 	fixation_3: autoDraw = False
151.5092 	EXP 	New trial (rep=0, index=59): {'square': 5, 'location': [0, 0], 'corrAns': None}
151.5097 	EXP 	window1: mouseVisible = False
151.5230 	EXP 	grid_lines_2: autoDraw = False
151.5230 	EXP 	target_square_2: autoDraw = False
151.5230 	EXP 	fixation_3: autoDraw = False
151.5230 	EXP 	target_square_2: pos = array([0., 0.])
151.5230 	EXP 	grid_lines_2: autoDraw = True
151.5230 	EXP 	target_square_2: autoDraw = True
151.9609 	DATA 	Mouse: Left button down, pos=(411,222)
152.1246 	DATA 	Mouse:  Left button up, pos=(411,219)
152.1416 	DATA 	Mouse: Left button down, pos=(411,219)
152.1419 	DATA 	Mouse:  Left button up, pos=(411,219)
152.5069 	EXP 	fixation_3: autoDraw = True
152.5236 	EXP 	target_square_2: autoDraw = False
153.5073 	EXP 	fixation_3: autoDraw = False
153.5102 	EXP 	New trial (rep=0, index=60): {'square': 5, 'location': [0, 0], 'corrAns': None}
153.5107 	EXP 	window1: mouseVisible = False
153.5240 	EXP 	grid_lines_2: autoDraw = False
153.5240 	EXP 	target_square_2: autoDraw = False
153.5240 	EXP 	fixation_3: autoDraw = False
153.5240 	EXP 	target_square_2: pos = array([0., 0.])
153.5240 	EXP 	grid_lines_2: autoDraw = True
153.5240 	EXP 	target_square_2: autoDraw = True
153.7081 	DATA 	Mouse: Left button down, pos=(411,219)
153.8582 	DATA 	Mouse:  Left button up, pos=(411,219)
154.5078 	EXP 	fixation_3: autoDraw = True
154.5245 	EXP 	target_square_2: autoDraw = False
155.5083 	EXP 	fixation_3: autoDraw = False
155.5111 	EXP 	New trial (rep=0, index=61): {'square': 2, 'location': [0, 0.2], 'corrAns': None}
155.5117 	EXP 	window1: mouseVisible = False
155.5251 	EXP 	grid_lines_2: autoDraw = False
155.5251 	EXP 	target_square_2: autoDraw = False
155.5251 	EXP 	fixation_3: autoDraw = False
155.5251 	EXP 	target_square_2: pos = array([0. , 0.2])
155.5251 	EXP 	grid_lines_2: autoDraw = True
155.5251 	EXP 	target_square_2: autoDraw = True
155.8424 	DATA 	Mouse: Left button down, pos=(411,219)
155.9590 	DATA 	Mouse:  Left button up, pos=(411,219)
156.5088 	EXP 	fixation_3: autoDraw = True
156.5254 	EXP 	target_square_2: autoDraw = False
157.5091 	EXP 	fixation_3: autoDraw = False
157.5120 	EXP 	New trial (rep=0, index=62): {'square': 6, 'location': [0.2, 0], 'corrAns': None}
157.5126 	EXP 	window1: mouseVisible = False
157.5259 	EXP 	grid_lines_2: autoDraw = False
157.5259 	EXP 	target_square_2: autoDraw = False
157.5259 	EXP 	fixation_3: autoDraw = False
157.5259 	EXP 	target_square_2: pos = array([0.2, 0. ])
157.5259 	EXP 	grid_lines_2: autoDraw = True
157.5259 	EXP 	target_square_2: autoDraw = True
157.8461 	DATA 	Mouse: Left button down, pos=(411,219)
157.9628 	DATA 	Mouse:  Left button up, pos=(411,219)
157.9767 	DATA 	Mouse: Left button down, pos=(411,219)
157.9934 	DATA 	Mouse:  Left button up, pos=(411,219)
158.5096 	EXP 	fixation_3: autoDraw = True
158.5263 	EXP 	target_square_2: autoDraw = False
159.5101 	EXP 	fixation_3: autoDraw = False
159.5129 	EXP 	New trial (rep=0, index=63): {'square': 9, 'location': [0.2, -0.2], 'corrAns': None}
159.5135 	EXP 	window1: mouseVisible = False
159.5270 	EXP 	grid_lines_2: autoDraw = False
159.5270 	EXP 	target_square_2: autoDraw = False
159.5270 	EXP 	fixation_3: autoDraw = False
159.5270 	EXP 	target_square_2: pos = array([ 0.2, -0.2])
159.5270 	EXP 	grid_lines_2: autoDraw = True
159.5270 	EXP 	target_square_2: autoDraw = True
159.8117 	DATA 	Mouse: Left button down, pos=(411,219)
159.9311 	DATA 	Mouse:  Left button up, pos=(411,219)
159.9480 	DATA 	Mouse: Left button down, pos=(411,219)
159.9610 	DATA 	Mouse:  Left button up, pos=(411,219)
160.5108 	EXP 	fixation_3: autoDraw = True
160.5272 	EXP 	target_square_2: autoDraw = False
161.5110 	EXP 	fixation_3: autoDraw = False
161.5142 	EXP 	New trial (rep=0, index=64): {'square': 3, 'location': [0.2, 0.2], 'corrAns': None}
161.5148 	EXP 	window1: mouseVisible = False
161.5278 	EXP 	grid_lines_2: autoDraw = False
161.5278 	EXP 	target_square_2: autoDraw = False
161.5278 	EXP 	fixation_3: autoDraw = False
161.5278 	EXP 	target_square_2: pos = array([0.2, 0.2])
161.5278 	EXP 	grid_lines_2: autoDraw = True
161.5278 	EXP 	target_square_2: autoDraw = True
161.8817 	DATA 	Mouse: Left button down, pos=(411,219)
162.0284 	DATA 	Mouse:  Left button up, pos=(411,219)
162.5115 	EXP 	fixation_3: autoDraw = True
162.5282 	EXP 	target_square_2: autoDraw = False
163.5119 	EXP 	fixation_3: autoDraw = False
163.5148 	EXP 	New trial (rep=0, index=65): {'square': 9, 'location': [0.2, -0.2], 'corrAns': 1}
163.5153 	EXP 	window1: mouseVisible = False
163.5286 	EXP 	grid_lines_2: autoDraw = False
163.5286 	EXP 	target_square_2: autoDraw = False
163.5286 	EXP 	fixation_3: autoDraw = False
163.5286 	EXP 	target_square_2: pos = array([ 0.2, -0.2])
163.5286 	EXP 	grid_lines_2: autoDraw = True
163.5286 	EXP 	target_square_2: autoDraw = True
163.8634 	DATA 	Mouse: Left button down, pos=(411,219)
163.9965 	DATA 	Mouse:  Left button up, pos=(416,216)
164.0129 	DATA 	Mouse: Left button down, pos=(416,216)
164.0132 	DATA 	Mouse:  Left button up, pos=(416,216)
164.5124 	EXP 	fixation_3: autoDraw = True
164.5292 	EXP 	target_square_2: autoDraw = False
165.5133 	EXP 	fixation_3: autoDraw = False
165.5161 	EXP 	New trial (rep=0, index=66): {'square': 7, 'location': [-0.2, -0.2], 'corrAns': None}
165.5167 	EXP 	window1: mouseVisible = False
165.5296 	EXP 	grid_lines_2: autoDraw = False
165.5296 	EXP 	target_square_2: autoDraw = False
165.5296 	EXP 	fixation_3: autoDraw = False
165.5296 	EXP 	target_square_2: pos = array([-0.2, -0.2])
165.5296 	EXP 	grid_lines_2: autoDraw = True
165.5296 	EXP 	target_square_2: autoDraw = True
165.8472 	DATA 	Mouse: Left button down, pos=(416,216)
165.9805 	DATA 	Mouse:  Left button up, pos=(416,216)
166.5137 	EXP 	fixation_3: autoDraw = True
166.5300 	EXP 	target_square_2: autoDraw = False
167.5138 	EXP 	fixation_3: autoDraw = False
167.5166 	EXP 	New trial (rep=0, index=67): {'square': 1, 'location': [-0.2, 0.2], 'corrAns': None}
167.5172 	EXP 	window1: mouseVisible = False
167.5305 	EXP 	grid_lines_2: autoDraw = False
167.5305 	EXP 	target_square_2: autoDraw = False
167.5305 	EXP 	fixation_3: autoDraw = False
167.5305 	EXP 	target_square_2: pos = array([-0.2,  0.2])
167.5305 	EXP 	grid_lines_2: autoDraw = True
167.5305 	EXP 	target_square_2: autoDraw = True
167.8148 	DATA 	Mouse: Left button down, pos=(416,216)
167.9313 	DATA 	Mouse:  Left button up, pos=(416,216)
167.9481 	DATA 	Mouse: Left button down, pos=(416,216)
167.9484 	DATA 	Mouse:  Left button up, pos=(416,216)
168.5143 	EXP 	fixation_3: autoDraw = True
168.5309 	EXP 	target_square_2: autoDraw = False
169.5149 	EXP 	fixation_3: autoDraw = False
169.5178 	EXP 	New trial (rep=0, index=68): {'square': 5, 'location': [0, 0], 'corrAns': None}
169.5183 	EXP 	window1: mouseVisible = False
169.5315 	EXP 	grid_lines_2: autoDraw = False
169.5315 	EXP 	target_square_2: autoDraw = False
169.5315 	EXP 	fixation_3: autoDraw = False
169.5315 	EXP 	target_square_2: pos = array([0., 0.])
169.5315 	EXP 	grid_lines_2: autoDraw = True
169.5315 	EXP 	target_square_2: autoDraw = True
169.8359 	DATA 	Mouse: Left button down, pos=(415,216)
169.9680 	DATA 	Mouse:  Left button up, pos=(415,216)
169.9830 	DATA 	Mouse: Left button down, pos=(415,216)
169.9989 	DATA 	Mouse:  Left button up, pos=(415,216)
170.5153 	EXP 	fixation_3: autoDraw = True
170.5319 	EXP 	target_square_2: autoDraw = False
171.5156 	EXP 	fixation_3: autoDraw = False
171.5185 	EXP 	New trial (rep=0, index=69): {'square': 7, 'location': [-0.2, -0.2], 'corrAns': None}
171.5191 	EXP 	window1: mouseVisible = False
171.5327 	EXP 	grid_lines_2: autoDraw = False
171.5327 	EXP 	target_square_2: autoDraw = False
171.5327 	EXP 	fixation_3: autoDraw = False
171.5327 	EXP 	target_square_2: pos = array([-0.2, -0.2])
171.5327 	EXP 	grid_lines_2: autoDraw = True
171.5327 	EXP 	target_square_2: autoDraw = True
171.8504 	DATA 	Mouse: Left button down, pos=(413,214)
171.9873 	DATA 	Mouse:  Left button up, pos=(412,214)
172.0002 	DATA 	Mouse: Left button down, pos=(412,214)
172.0005 	DATA 	Mouse:  Left button up, pos=(412,214)
172.5161 	EXP 	fixation_3: autoDraw = True
172.5327 	EXP 	target_square_2: autoDraw = False
173.5166 	EXP 	fixation_3: autoDraw = False
173.5194 	EXP 	New trial (rep=0, index=70): {'square': 5, 'location': [0, 0], 'corrAns': 1}
173.5199 	EXP 	window1: mouseVisible = False
173.5333 	EXP 	grid_lines_2: autoDraw = False
173.5333 	EXP 	target_square_2: autoDraw = False
173.5333 	EXP 	fixation_3: autoDraw = False
173.5333 	EXP 	target_square_2: pos = array([0., 0.])
173.5333 	EXP 	grid_lines_2: autoDraw = True
173.5333 	EXP 	target_square_2: autoDraw = True
173.9173 	DATA 	Mouse: Left button down, pos=(412,213)
174.0680 	DATA 	Mouse:  Left button up, pos=(412,213)
174.5172 	EXP 	fixation_3: autoDraw = True
174.5340 	EXP 	target_square_2: autoDraw = False
175.5206 	EXP 	fixation_3: autoDraw = False
175.5235 	EXP 	New trial (rep=0, index=71): {'square': 6, 'location': [0.2, 0], 'corrAns': None}
175.5242 	EXP 	window1: mouseVisible = False
175.5368 	EXP 	grid_lines_2: autoDraw = False
175.5368 	EXP 	target_square_2: autoDraw = False
175.5368 	EXP 	fixation_3: autoDraw = False
175.5368 	EXP 	target_square_2: pos = array([0.2, 0. ])
175.5368 	EXP 	grid_lines_2: autoDraw = True
175.5368 	EXP 	target_square_2: autoDraw = True
176.5213 	EXP 	fixation_3: autoDraw = True
176.5391 	EXP 	target_square_2: autoDraw = False
177.5214 	EXP 	New trial (rep=0, index=72): {'square': 3, 'location': [0.2, 0.2], 'corrAns': None}
177.5220 	EXP 	window1: mouseVisible = False
177.5352 	EXP 	grid_lines_2: autoDraw = False
177.5352 	EXP 	target_square_2: autoDraw = False
177.5352 	EXP 	fixation_3: autoDraw = False
177.5352 	EXP 	target_square_2: pos = array([0.2, 0.2])
177.5352 	EXP 	grid_lines_2: autoDraw = True
177.5352 	EXP 	target_square_2: autoDraw = True
178.5189 	EXP 	fixation_3: autoDraw = True
178.5355 	EXP 	target_square_2: autoDraw = False
179.5193 	EXP 	fixation_3: autoDraw = False
179.5222 	EXP 	New trial (rep=0, index=73): {'square': 6, 'location': [0.2, 0], 'corrAns': 1}
179.5228 	EXP 	window1: mouseVisible = False
179.5360 	EXP 	grid_lines_2: autoDraw = False
179.5360 	EXP 	target_square_2: autoDraw = False
179.5360 	EXP 	fixation_3: autoDraw = False
179.5360 	EXP 	target_square_2: pos = array([0.2, 0. ])
179.5360 	EXP 	grid_lines_2: autoDraw = True
179.5360 	EXP 	target_square_2: autoDraw = True
180.5198 	EXP 	fixation_3: autoDraw = True
180.5365 	EXP 	target_square_2: autoDraw = False
181.5203 	EXP 	fixation_3: autoDraw = False
181.5232 	EXP 	New trial (rep=0, index=74): {'square': 8, 'location': [0, -0.2], 'corrAns': None}
181.5238 	EXP 	window1: mouseVisible = False
181.5370 	EXP 	grid_lines_2: autoDraw = False
181.5370 	EXP 	target_square_2: autoDraw = False
181.5370 	EXP 	fixation_3: autoDraw = False
181.5370 	EXP 	target_square_2: pos = array([ 0. , -0.2])
181.5370 	EXP 	grid_lines_2: autoDraw = True
181.5370 	EXP 	target_square_2: autoDraw = True
182.5246 	EXP 	fixation_3: autoDraw = True
182.5419 	EXP 	target_square_2: autoDraw = False
183.5243 	EXP 	New trial (rep=0, index=75): {'square': 9, 'location': [0.2, -0.2], 'corrAns': None}
183.5250 	EXP 	window1: mouseVisible = False
183.5384 	EXP 	grid_lines_2: autoDraw = False
183.5384 	EXP 	target_square_2: autoDraw = False
183.5384 	EXP 	fixation_3: autoDraw = False
183.5384 	EXP 	target_square_2: pos = array([ 0.2, -0.2])
183.5384 	EXP 	grid_lines_2: autoDraw = True
183.5384 	EXP 	target_square_2: autoDraw = True
184.5218 	EXP 	fixation_3: autoDraw = True
184.5385 	EXP 	target_square_2: autoDraw = False
185.5084 	EXP 	New trial (rep=0, index=76): {'square': 9, 'location': [0.2, -0.2], 'corrAns': None}
185.5091 	EXP 	window1: mouseVisible = False
185.5224 	EXP 	grid_lines_2: autoDraw = False
185.5224 	EXP 	target_square_2: autoDraw = False
185.5224 	EXP 	fixation_3: autoDraw = False
185.5224 	EXP 	target_square_2: pos = array([ 0.2, -0.2])
185.5224 	EXP 	grid_lines_2: autoDraw = True
185.5224 	EXP 	target_square_2: autoDraw = True
186.5062 	EXP 	fixation_3: autoDraw = True
186.5228 	EXP 	target_square_2: autoDraw = False
187.5064 	EXP 	fixation_3: autoDraw = False
187.5095 	EXP 	New trial (rep=0, index=77): {'square': 1, 'location': [-0.2, 0.2], 'corrAns': None}
187.5101 	EXP 	window1: mouseVisible = False
187.5231 	EXP 	grid_lines_2: autoDraw = False
187.5231 	EXP 	target_square_2: autoDraw = False
187.5231 	EXP 	fixation_3: autoDraw = False
187.5231 	EXP 	target_square_2: pos = array([-0.2,  0.2])
187.5231 	EXP 	grid_lines_2: autoDraw = True
187.5231 	EXP 	target_square_2: autoDraw = True
188.5115 	EXP 	fixation_3: autoDraw = True
188.5255 	EXP 	target_square_2: autoDraw = False
189.5116 	EXP 	New trial (rep=0, index=78): {'square': 3, 'location': [0.2, 0.2], 'corrAns': None}
189.5122 	EXP 	window1: mouseVisible = False
189.5245 	EXP 	grid_lines_2: autoDraw = False
189.5245 	EXP 	target_square_2: autoDraw = False
189.5245 	EXP 	fixation_3: autoDraw = False
189.5245 	EXP 	target_square_2: pos = array([0.2, 0.2])
189.5245 	EXP 	grid_lines_2: autoDraw = True
189.5245 	EXP 	target_square_2: autoDraw = True
190.5091 	EXP 	fixation_3: autoDraw = True
190.5249 	EXP 	target_square_2: autoDraw = False
191.5092 	EXP 	fixation_3: autoDraw = False
191.5122 	EXP 	New trial (rep=0, index=79): {'square': 5, 'location': [0, 0], 'corrAns': None}
191.5130 	EXP 	window1: mouseVisible = False
191.5273 	EXP 	grid_lines_2: autoDraw = False
191.5273 	EXP 	target_square_2: autoDraw = False
191.5273 	EXP 	fixation_3: autoDraw = False
191.5273 	EXP 	target_square_2: pos = array([0., 0.])
191.5273 	EXP 	grid_lines_2: autoDraw = True
191.5273 	EXP 	target_square_2: autoDraw = True
192.5097 	EXP 	fixation_3: autoDraw = True
192.5268 	EXP 	target_square_2: autoDraw = False
193.5093 	EXP 	fixation_3: autoDraw = False
193.5122 	EXP 	New trial (rep=0, index=80): {'square': 3, 'location': [0.2, 0.2], 'corrAns': 1}
193.5129 	EXP 	window1: mouseVisible = False
193.5260 	EXP 	grid_lines_2: autoDraw = False
193.5260 	EXP 	target_square_2: autoDraw = False
193.5260 	EXP 	fixation_3: autoDraw = False
193.5260 	EXP 	target_square_2: pos = array([0.2, 0.2])
193.5260 	EXP 	grid_lines_2: autoDraw = True
193.5260 	EXP 	target_square_2: autoDraw = True
194.5098 	EXP 	fixation_3: autoDraw = True
194.5266 	EXP 	target_square_2: autoDraw = False
195.5103 	EXP 	fixation_3: autoDraw = False
195.5131 	EXP 	New trial (rep=0, index=81): {'square': 4, 'location': [-0.2, 0], 'corrAns': None}
195.5138 	EXP 	window1: mouseVisible = False
195.5270 	EXP 	grid_lines_2: autoDraw = False
195.5270 	EXP 	target_square_2: autoDraw = False
195.5270 	EXP 	fixation_3: autoDraw = False
195.5270 	EXP 	target_square_2: pos = array([-0.2,  0. ])
195.5270 	EXP 	grid_lines_2: autoDraw = True
195.5270 	EXP 	target_square_2: autoDraw = True
196.5108 	EXP 	fixation_3: autoDraw = True
196.5277 	EXP 	target_square_2: autoDraw = False
197.5112 	EXP 	fixation_3: autoDraw = False
197.5141 	EXP 	New trial (rep=0, index=82): {'square': 7, 'location': [-0.2, -0.2], 'corrAns': None}
197.5147 	EXP 	window1: mouseVisible = False
197.5280 	EXP 	grid_lines_2: autoDraw = False
197.5280 	EXP 	target_square_2: autoDraw = False
197.5280 	EXP 	fixation_3: autoDraw = False
197.5280 	EXP 	target_square_2: pos = array([-0.2, -0.2])
197.5280 	EXP 	grid_lines_2: autoDraw = True
197.5280 	EXP 	target_square_2: autoDraw = True
198.5118 	EXP 	fixation_3: autoDraw = True
198.5283 	EXP 	target_square_2: autoDraw = False
199.5135 	EXP 	fixation_3: autoDraw = False
199.5163 	EXP 	New trial (rep=0, index=83): {'square': 4, 'location': [-0.2, 0], 'corrAns': 1}
199.5171 	EXP 	window1: mouseVisible = False
199.5290 	EXP 	grid_lines_2: autoDraw = False
199.5290 	EXP 	target_square_2: autoDraw = False
199.5290 	EXP 	fixation_3: autoDraw = False
199.5290 	EXP 	target_square_2: pos = array([-0.2,  0. ])
199.5290 	EXP 	grid_lines_2: autoDraw = True
199.5290 	EXP 	target_square_2: autoDraw = True
200.5131 	EXP 	fixation_3: autoDraw = True
200.5295 	EXP 	target_square_2: autoDraw = False
201.5132 	EXP 	fixation_3: autoDraw = False
201.5160 	EXP 	New trial (rep=0, index=84): {'square': 4, 'location': [-0.2, 0], 'corrAns': None}
201.5167 	EXP 	window1: mouseVisible = False
201.5299 	EXP 	grid_lines_2: autoDraw = False
201.5299 	EXP 	target_square_2: autoDraw = False
201.5299 	EXP 	fixation_3: autoDraw = False
201.5299 	EXP 	target_square_2: pos = array([-0.2,  0. ])
201.5299 	EXP 	grid_lines_2: autoDraw = True
201.5299 	EXP 	target_square_2: autoDraw = True
202.5182 	EXP 	fixation_3: autoDraw = True
202.5311 	EXP 	target_square_2: autoDraw = False
203.5179 	EXP 	New trial (rep=0, index=85): {'square': 5, 'location': [0, 0], 'corrAns': None}
203.5193 	EXP 	window1: mouseVisible = False
203.5338 	EXP 	grid_lines_2: autoDraw = False
203.5338 	EXP 	target_square_2: autoDraw = False
203.5338 	EXP 	fixation_3: autoDraw = False
203.5338 	EXP 	target_square_2: pos = array([0., 0.])
203.5338 	EXP 	grid_lines_2: autoDraw = True
203.5338 	EXP 	target_square_2: autoDraw = True
204.5177 	EXP 	fixation_3: autoDraw = True
204.5363 	EXP 	target_square_2: autoDraw = False
205.5177 	EXP 	New trial (rep=0, index=86): {'square': 2, 'location': [0, 0.2], 'corrAns': None}
205.5183 	EXP 	window1: mouseVisible = False
205.5317 	EXP 	grid_lines_2: autoDraw = False
205.5317 	EXP 	target_square_2: autoDraw = False
205.5317 	EXP 	fixation_3: autoDraw = False
205.5317 	EXP 	target_square_2: pos = array([0. , 0.2])
205.5317 	EXP 	grid_lines_2: autoDraw = True
205.5317 	EXP 	target_square_2: autoDraw = True
206.5166 	EXP 	fixation_3: autoDraw = True
206.5322 	EXP 	target_square_2: autoDraw = False
207.5159 	EXP 	fixation_3: autoDraw = False
207.5187 	EXP 	New trial (rep=0, index=87): {'square': 6, 'location': [0.2, 0], 'corrAns': None}
207.5193 	EXP 	window1: mouseVisible = False
207.5325 	EXP 	grid_lines_2: autoDraw = False
207.5325 	EXP 	target_square_2: autoDraw = False
207.5325 	EXP 	fixation_3: autoDraw = False
207.5325 	EXP 	target_square_2: pos = array([0.2, 0. ])
207.5325 	EXP 	grid_lines_2: autoDraw = True
207.5325 	EXP 	target_square_2: autoDraw = True
208.5173 	EXP 	fixation_3: autoDraw = True
208.5343 	EXP 	target_square_2: autoDraw = False
209.5187 	EXP 	fixation_3: autoDraw = False
209.5217 	EXP 	New trial (rep=0, index=88): {'square': 7, 'location': [-0.2, -0.2], 'corrAns': None}
209.5224 	EXP 	window1: mouseVisible = False
209.5351 	EXP 	grid_lines_2: autoDraw = False
209.5351 	EXP 	target_square_2: autoDraw = False
209.5351 	EXP 	fixation_3: autoDraw = False
209.5351 	EXP 	target_square_2: pos = array([-0.2, -0.2])
209.5351 	EXP 	grid_lines_2: autoDraw = True
209.5351 	EXP 	target_square_2: autoDraw = True
210.5176 	EXP 	fixation_3: autoDraw = True
210.5352 	EXP 	target_square_2: autoDraw = False
211.5177 	EXP 	fixation_3: autoDraw = False
211.5206 	EXP 	New trial (rep=0, index=89): {'square': 6, 'location': [0.2, 0], 'corrAns': 1}
211.5213 	EXP 	window1: mouseVisible = False
211.5344 	EXP 	grid_lines_2: autoDraw = False
211.5344 	EXP 	target_square_2: autoDraw = False
211.5344 	EXP 	fixation_3: autoDraw = False
211.5344 	EXP 	target_square_2: pos = array([0.2, 0. ])
211.5344 	EXP 	grid_lines_2: autoDraw = True
211.5344 	EXP 	target_square_2: autoDraw = True
212.5185 	EXP 	fixation_3: autoDraw = True
212.5354 	EXP 	target_square_2: autoDraw = False
213.5098 	EXP 	New trial (rep=0, index=90): {'square': 6, 'location': [0.2, 0], 'corrAns': None}
213.5106 	EXP 	window1: mouseVisible = False
213.5212 	EXP 	grid_lines_2: autoDraw = False
213.5212 	EXP 	target_square_2: autoDraw = False
213.5212 	EXP 	fixation_3: autoDraw = False
213.5212 	EXP 	target_square_2: pos = array([0.2, 0. ])
213.5212 	EXP 	grid_lines_2: autoDraw = True
213.5212 	EXP 	target_square_2: autoDraw = True
214.5046 	EXP 	fixation_3: autoDraw = True
214.5204 	EXP 	target_square_2: autoDraw = False
215.5045 	EXP 	fixation_3: autoDraw = False
215.5090 	EXP 	New trial (rep=0, index=91): {'square': 7, 'location': [-0.2, -0.2], 'corrAns': None}
215.5097 	EXP 	window1: mouseVisible = False
215.5210 	EXP 	grid_lines_2: autoDraw = False
215.5210 	EXP 	grid_lines_2: autoDraw = False
215.5210 	EXP 	target_square_2: autoDraw = False
215.5210 	EXP 	fixation_3: autoDraw = False
215.5210 	EXP 	target_square_2: pos = array([-0.2, -0.2])
215.5210 	EXP 	grid_lines_2: autoDraw = True
215.5210 	EXP 	target_square_2: autoDraw = True
216.5054 	EXP 	fixation_3: autoDraw = True
216.5215 	EXP 	target_square_2: autoDraw = False
217.5051 	EXP 	fixation_3: autoDraw = False
217.5080 	EXP 	New trial (rep=0, index=92): {'square': 6, 'location': [0.2, 0], 'corrAns': 1}
217.5086 	EXP 	window1: mouseVisible = False
217.5215 	EXP 	grid_lines_2: autoDraw = False
217.5215 	EXP 	target_square_2: autoDraw = False
217.5215 	EXP 	fixation_3: autoDraw = False
217.5215 	EXP 	target_square_2: pos = array([0.2, 0. ])
217.5215 	EXP 	grid_lines_2: autoDraw = True
217.5215 	EXP 	target_square_2: autoDraw = True
218.5058 	EXP 	fixation_3: autoDraw = True
218.5224 	EXP 	target_square_2: autoDraw = False
219.5068 	EXP 	fixation_3: autoDraw = False
219.5096 	EXP 	New trial (rep=0, index=93): {'square': 2, 'location': [0, 0.2], 'corrAns': None}
219.5102 	EXP 	window1: mouseVisible = False
219.5228 	EXP 	grid_lines_2: autoDraw = False
219.5228 	EXP 	target_square_2: autoDraw = False
219.5228 	EXP 	fixation_3: autoDraw = False
219.5228 	EXP 	target_square_2: pos = array([0. , 0.2])
219.5228 	EXP 	grid_lines_2: autoDraw = True
219.5228 	EXP 	target_square_2: autoDraw = True
220.5065 	EXP 	fixation_3: autoDraw = True
220.5221 	EXP 	target_square_2: autoDraw = False
221.5069 	EXP 	fixation_3: autoDraw = False
221.5097 	EXP 	New trial (rep=0, index=94): {'square': 5, 'location': [0, 0], 'corrAns': None}
221.5102 	EXP 	window1: mouseVisible = False
221.5229 	EXP 	grid_lines_2: autoDraw = False
221.5229 	EXP 	target_square_2: autoDraw = False
221.5229 	EXP 	fixation_3: autoDraw = False
221.5229 	EXP 	target_square_2: pos = array([0., 0.])
221.5229 	EXP 	grid_lines_2: autoDraw = True
221.5229 	EXP 	target_square_2: autoDraw = True
222.5076 	EXP 	fixation_3: autoDraw = True
222.5240 	EXP 	target_square_2: autoDraw = False
223.5077 	EXP 	fixation_3: autoDraw = False
223.5106 	EXP 	New trial (rep=0, index=95): {'square': 4, 'location': [-0.2, 0], 'corrAns': None}
223.5113 	EXP 	window1: mouseVisible = False
223.5247 	EXP 	grid_lines_2: autoDraw = False
223.5247 	EXP 	target_square_2: autoDraw = False
223.5247 	EXP 	fixation_3: autoDraw = False
223.5247 	EXP 	target_square_2: pos = array([-0.2,  0. ])
223.5247 	EXP 	grid_lines_2: autoDraw = True
223.5247 	EXP 	target_square_2: autoDraw = True
224.5083 	EXP 	fixation_3: autoDraw = True
224.5239 	EXP 	target_square_2: autoDraw = False
225.5097 	EXP 	fixation_3: autoDraw = False
225.5125 	EXP 	New trial (rep=0, index=96): {'square': 4, 'location': [-0.2, 0], 'corrAns': None}
225.5132 	EXP 	window1: mouseVisible = False
225.5244 	EXP 	grid_lines_2: autoDraw = False
225.5244 	EXP 	target_square_2: autoDraw = False
225.5244 	EXP 	fixation_3: autoDraw = False
225.5244 	EXP 	target_square_2: pos = array([-0.2,  0. ])
225.5244 	EXP 	grid_lines_2: autoDraw = True
225.5244 	EXP 	target_square_2: autoDraw = True
226.5101 	EXP 	fixation_3: autoDraw = True
226.5266 	EXP 	target_square_2: autoDraw = False
227.5127 	EXP 	New trial (rep=0, index=97): {'square': 7, 'location': [-0.2, -0.2], 'corrAns': None}
227.5134 	EXP 	window1: mouseVisible = False
227.5254 	EXP 	grid_lines_2: autoDraw = False
227.5254 	EXP 	target_square_2: autoDraw = False
227.5254 	EXP 	fixation_3: autoDraw = False
227.5254 	EXP 	target_square_2: pos = array([-0.2, -0.2])
227.5254 	EXP 	grid_lines_2: autoDraw = True
227.5254 	EXP 	target_square_2: autoDraw = True
228.5102 	EXP 	fixation_3: autoDraw = True
228.5269 	EXP 	target_square_2: autoDraw = False
229.5109 	EXP 	fixation_3: autoDraw = False
229.5138 	EXP 	New trial (rep=0, index=98): {'square': 4, 'location': [-0.2, 0], 'corrAns': 1}
229.5144 	EXP 	window1: mouseVisible = False
229.5273 	EXP 	grid_lines_2: autoDraw = False
229.5273 	EXP 	target_square_2: autoDraw = False
229.5273 	EXP 	fixation_3: autoDraw = False
229.5273 	EXP 	target_square_2: pos = array([-0.2,  0. ])
229.5273 	EXP 	grid_lines_2: autoDraw = True
229.5273 	EXP 	target_square_2: autoDraw = True
230.5113 	EXP 	fixation_3: autoDraw = True
230.5279 	EXP 	target_square_2: autoDraw = False
231.5116 	EXP 	fixation_3: autoDraw = False
231.5144 	EXP 	New trial (rep=0, index=99): {'square': 3, 'location': [0.2, 0.2], 'corrAns': None}
231.5150 	EXP 	window1: mouseVisible = False
231.5280 	EXP 	grid_lines_2: autoDraw = False
231.5280 	EXP 	target_square_2: autoDraw = False
231.5280 	EXP 	fixation_3: autoDraw = False
231.5280 	EXP 	target_square_2: pos = array([0.2, 0.2])
231.5280 	EXP 	grid_lines_2: autoDraw = True
231.5280 	EXP 	target_square_2: autoDraw = True
232.5121 	EXP 	fixation_3: autoDraw = True
232.5287 	EXP 	target_square_2: autoDraw = False
233.5133 	EXP 	fixation_3: autoDraw = False
233.5163 	EXP 	New trial (rep=0, index=100): {'square': 5, 'location': [0, 0], 'corrAns': None}
233.5169 	EXP 	window1: mouseVisible = False
233.5298 	EXP 	grid_lines_2: autoDraw = False
233.5298 	EXP 	target_square_2: autoDraw = False
233.5298 	EXP 	fixation_3: autoDraw = False
233.5298 	EXP 	target_square_2: pos = array([0., 0.])
233.5298 	EXP 	grid_lines_2: autoDraw = True
233.5298 	EXP 	target_square_2: autoDraw = True
234.5130 	EXP 	fixation_3: autoDraw = True
234.5294 	EXP 	target_square_2: autoDraw = False
235.5134 	EXP 	fixation_3: autoDraw = False
235.5163 	EXP 	New trial (rep=0, index=101): {'square': 3, 'location': [0.2, 0.2], 'corrAns': 1}
235.5169 	EXP 	window1: mouseVisible = False
235.5290 	EXP 	grid_lines_2: autoDraw = False
235.5290 	EXP 	target_square_2: autoDraw = False
235.5290 	EXP 	fixation_3: autoDraw = False
235.5290 	EXP 	target_square_2: pos = array([0.2, 0.2])
235.5290 	EXP 	grid_lines_2: autoDraw = True
235.5290 	EXP 	target_square_2: autoDraw = True
236.5142 	EXP 	fixation_3: autoDraw = True
236.5308 	EXP 	target_square_2: autoDraw = False
237.5146 	EXP 	fixation_3: autoDraw = False
237.5185 	EXP 	New trial (rep=0, index=102): {'square': 1, 'location': [-0.2, 0.2], 'corrAns': None}
237.5192 	EXP 	window1: mouseVisible = False
237.5310 	EXP 	grid_lines_2: autoDraw = False
237.5310 	EXP 	target_square_2: autoDraw = False
237.5310 	EXP 	fixation_3: autoDraw = False
237.5310 	EXP 	target_square_2: pos = array([-0.2,  0.2])
237.5310 	EXP 	grid_lines_2: autoDraw = True
237.5310 	EXP 	target_square_2: autoDraw = True
238.5157 	EXP 	fixation_3: autoDraw = True
238.5310 	EXP 	target_square_2: autoDraw = False
239.5163 	EXP 	fixation_3: autoDraw = False
239.5191 	EXP 	New trial (rep=0, index=103): {'square': 9, 'location': [0.2, -0.2], 'corrAns': None}
239.5198 	EXP 	window1: mouseVisible = False
239.5314 	EXP 	grid_lines_2: autoDraw = False
239.5314 	EXP 	target_square_2: autoDraw = False
239.5314 	EXP 	fixation_3: autoDraw = False
239.5314 	EXP 	target_square_2: pos = array([ 0.2, -0.2])
239.5314 	EXP 	grid_lines_2: autoDraw = True
239.5314 	EXP 	target_square_2: autoDraw = True
240.5159 	EXP 	fixation_3: autoDraw = True
240.5335 	EXP 	target_square_2: autoDraw = False
241.5165 	EXP 	fixation_3: autoDraw = False
241.5194 	EXP 	New trial (rep=0, index=104): {'square': 9, 'location': [0.2, -0.2], 'corrAns': None}
241.5201 	EXP 	window1: mouseVisible = False
241.5320 	EXP 	grid_lines_2: autoDraw = False
241.5320 	EXP 	target_square_2: autoDraw = False
241.5320 	EXP 	fixation_3: autoDraw = False
241.5320 	EXP 	target_square_2: pos = array([ 0.2, -0.2])
241.5320 	EXP 	grid_lines_2: autoDraw = True
241.5320 	EXP 	target_square_2: autoDraw = True
242.5172 	EXP 	fixation_3: autoDraw = True
242.5334 	EXP 	target_square_2: autoDraw = False
243.5172 	EXP 	fixation_3: autoDraw = False
243.5200 	EXP 	New trial (rep=0, index=105): {'square': 8, 'location': [0, -0.2], 'corrAns': None}
243.5207 	EXP 	window1: mouseVisible = False
243.5339 	EXP 	grid_lines_2: autoDraw = False
243.5339 	EXP 	target_square_2: autoDraw = False
243.5339 	EXP 	fixation_3: autoDraw = False
243.5339 	EXP 	target_square_2: pos = array([ 0. , -0.2])
243.5339 	EXP 	grid_lines_2: autoDraw = True
243.5339 	EXP 	target_square_2: autoDraw = True
244.5179 	EXP 	fixation_3: autoDraw = True
244.5334 	EXP 	target_square_2: autoDraw = False
245.5182 	EXP 	fixation_3: autoDraw = False
245.5210 	EXP 	New trial (rep=0, index=106): {'square': 6, 'location': [0.2, 0], 'corrAns': None}
245.5217 	EXP 	window1: mouseVisible = False
245.5348 	EXP 	grid_lines_2: autoDraw = False
245.5348 	EXP 	target_square_2: autoDraw = False
245.5348 	EXP 	fixation_3: autoDraw = False
245.5348 	EXP 	target_square_2: pos = array([0.2, 0. ])
245.5348 	EXP 	grid_lines_2: autoDraw = True
245.5348 	EXP 	target_square_2: autoDraw = True
246.5193 	EXP 	fixation_3: autoDraw = True
246.5342 	EXP 	target_square_2: autoDraw = False
247.5220 	EXP 	New trial (rep=0, index=107): {'square': 3, 'location': [0.2, 0.2], 'corrAns': None}
247.5227 	EXP 	window1: mouseVisible = False
247.5357 	EXP 	grid_lines_2: autoDraw = False
247.5357 	EXP 	target_square_2: autoDraw = False
247.5357 	EXP 	fixation_3: autoDraw = False
247.5357 	EXP 	target_square_2: pos = array([0.2, 0.2])
247.5357 	EXP 	grid_lines_2: autoDraw = True
247.5357 	EXP 	target_square_2: autoDraw = True
248.5196 	EXP 	fixation_3: autoDraw = True
248.5360 	EXP 	target_square_2: autoDraw = False
249.5199 	EXP 	fixation_3: autoDraw = False
249.5228 	EXP 	New trial (rep=0, index=108): {'square': 6, 'location': [0.2, 0], 'corrAns': 1}
249.5235 	EXP 	window1: mouseVisible = False
249.5360 	EXP 	grid_lines_2: autoDraw = False
249.5360 	EXP 	target_square_2: autoDraw = False
249.5360 	EXP 	fixation_3: autoDraw = False
249.5360 	EXP 	target_square_2: pos = array([0.2, 0. ])
249.5360 	EXP 	grid_lines_2: autoDraw = True
249.5360 	EXP 	target_square_2: autoDraw = True
250.5206 	EXP 	fixation_3: autoDraw = True
250.5365 	EXP 	target_square_2: autoDraw = False
251.5211 	EXP 	fixation_3: autoDraw = False
251.5239 	EXP 	New trial (rep=0, index=109): {'square': 5, 'location': [0, 0], 'corrAns': None}
251.5245 	EXP 	window1: mouseVisible = False
251.5376 	EXP 	grid_lines_2: autoDraw = False
251.5376 	EXP 	target_square_2: autoDraw = False
251.5376 	EXP 	fixation_3: autoDraw = False
251.5376 	EXP 	target_square_2: pos = array([0., 0.])
251.5376 	EXP 	grid_lines_2: autoDraw = True
251.5376 	EXP 	target_square_2: autoDraw = True
252.5223 	EXP 	fixation_3: autoDraw = True
252.5386 	EXP 	target_square_2: autoDraw = False
253.5080 	EXP 	New trial (rep=0, index=110): {'square': 7, 'location': [-0.2, -0.2], 'corrAns': None}
253.5089 	EXP 	window1: mouseVisible = False
253.5227 	EXP 	grid_lines_2: autoDraw = False
253.5227 	EXP 	target_square_2: autoDraw = False
253.5227 	EXP 	fixation_3: autoDraw = False
253.5227 	EXP 	target_square_2: pos = array([-0.2, -0.2])
253.5227 	EXP 	grid_lines_2: autoDraw = True
253.5227 	EXP 	target_square_2: autoDraw = True
254.5058 	EXP 	fixation_3: autoDraw = True
254.5227 	EXP 	target_square_2: autoDraw = False
255.5064 	EXP 	fixation_3: autoDraw = False
255.5093 	EXP 	New trial (rep=0, index=111): {'square': 5, 'location': [0, 0], 'corrAns': 1}
255.5098 	EXP 	window1: mouseVisible = False
255.5229 	EXP 	grid_lines_2: autoDraw = False
255.5229 	EXP 	target_square_2: autoDraw = False
255.5229 	EXP 	fixation_3: autoDraw = False
255.5229 	EXP 	target_square_2: pos = array([0., 0.])
255.5229 	EXP 	grid_lines_2: autoDraw = True
255.5229 	EXP 	target_square_2: autoDraw = True
256.5066 	EXP 	fixation_3: autoDraw = True
256.5235 	EXP 	target_square_2: autoDraw = False
257.5069 	EXP 	fixation_3: autoDraw = False
257.5098 	EXP 	New trial (rep=0, index=112): {'square': 1, 'location': [-0.2, 0.2], 'corrAns': None}
257.5104 	EXP 	window1: mouseVisible = False
257.5241 	EXP 	grid_lines_2: autoDraw = False
257.5241 	EXP 	target_square_2: autoDraw = False
257.5241 	EXP 	fixation_3: autoDraw = False
257.5241 	EXP 	target_square_2: pos = array([-0.2,  0.2])
257.5241 	EXP 	grid_lines_2: autoDraw = True
257.5241 	EXP 	target_square_2: autoDraw = True
258.5078 	EXP 	fixation_3: autoDraw = True
258.5243 	EXP 	target_square_2: autoDraw = False
259.5078 	EXP 	fixation_3: autoDraw = False
259.5108 	EXP 	New trial (rep=0, index=113): {'square': 7, 'location': [-0.2, -0.2], 'corrAns': None}
259.5115 	EXP 	window1: mouseVisible = False
259.5256 	EXP 	grid_lines_2: autoDraw = False
259.5256 	EXP 	target_square_2: autoDraw = False
259.5256 	EXP 	fixation_3: autoDraw = False
259.5256 	EXP 	target_square_2: pos = array([-0.2, -0.2])
259.5256 	EXP 	grid_lines_2: autoDraw = True
259.5256 	EXP 	target_square_2: autoDraw = True
260.5084 	EXP 	fixation_3: autoDraw = True
260.5258 	EXP 	target_square_2: autoDraw = False
261.5090 	EXP 	fixation_3: autoDraw = False
261.5118 	EXP 	New trial (rep=0, index=114): {'square': 9, 'location': [0.2, -0.2], 'corrAns': None}
261.5124 	EXP 	window1: mouseVisible = False
261.5258 	EXP 	grid_lines_2: autoDraw = False
261.5258 	EXP 	target_square_2: autoDraw = False
261.5258 	EXP 	fixation_3: autoDraw = False
261.5258 	EXP 	target_square_2: pos = array([ 0.2, -0.2])
261.5258 	EXP 	grid_lines_2: autoDraw = True
261.5258 	EXP 	target_square_2: autoDraw = True
262.5096 	EXP 	fixation_3: autoDraw = True
262.5262 	EXP 	target_square_2: autoDraw = False
263.5099 	EXP 	fixation_3: autoDraw = False
263.5129 	EXP 	New trial (rep=0, index=115): {'square': 3, 'location': [0.2, 0.2], 'corrAns': None}
263.5136 	EXP 	window1: mouseVisible = False
263.5275 	EXP 	grid_lines_2: autoDraw = False
263.5275 	EXP 	target_square_2: autoDraw = False
263.5275 	EXP 	fixation_3: autoDraw = False
263.5275 	EXP 	target_square_2: pos = array([0.2, 0.2])
263.5275 	EXP 	grid_lines_2: autoDraw = True
263.5275 	EXP 	target_square_2: autoDraw = True
264.5096 	EXP 	fixation_3: autoDraw = True
264.5442 	EXP 	target_square_2: autoDraw = False
265.5107 	EXP 	fixation_3: autoDraw = False
265.5137 	EXP 	New trial (rep=0, index=116): {'square': 9, 'location': [0.2, -0.2], 'corrAns': 1}
265.5144 	EXP 	window1: mouseVisible = False
265.5278 	EXP 	grid_lines_2: autoDraw = False
265.5278 	EXP 	target_square_2: autoDraw = False
265.5278 	EXP 	fixation_3: autoDraw = False
265.5278 	EXP 	target_square_2: pos = array([ 0.2, -0.2])
265.5278 	EXP 	grid_lines_2: autoDraw = True
265.5278 	EXP 	target_square_2: autoDraw = True
266.5112 	EXP 	fixation_3: autoDraw = True
266.5282 	EXP 	target_square_2: autoDraw = False
267.5107 	EXP 	fixation_3: autoDraw = False
267.5137 	EXP 	New trial (rep=0, index=117): {'square': 6, 'location': [0.2, 0], 'corrAns': None}
267.5143 	EXP 	window1: mouseVisible = False
267.5289 	EXP 	grid_lines_2: autoDraw = False
267.5289 	EXP 	target_square_2: autoDraw = False
267.5289 	EXP 	fixation_3: autoDraw = False
267.5289 	EXP 	target_square_2: pos = array([0.2, 0. ])
267.5289 	EXP 	grid_lines_2: autoDraw = True
267.5289 	EXP 	target_square_2: autoDraw = True
268.5130 	EXP 	fixation_3: autoDraw = True
268.5292 	EXP 	target_square_2: autoDraw = False
269.5160 	EXP 	fixation_3: autoDraw = False
269.5192 	EXP 	New trial (rep=0, index=118): {'square': 2, 'location': [0, 0.2], 'corrAns': None}
269.5199 	EXP 	window1: mouseVisible = False
269.5314 	EXP 	grid_lines_2: autoDraw = False
269.5314 	EXP 	target_square_2: autoDraw = False
269.5314 	EXP 	fixation_3: autoDraw = False
269.5314 	EXP 	target_square_2: pos = array([0. , 0.2])
269.5314 	EXP 	grid_lines_2: autoDraw = True
269.5314 	EXP 	target_square_2: autoDraw = True
270.5129 	EXP 	fixation_3: autoDraw = True
270.5455 	EXP 	target_square_2: autoDraw = False
271.5167 	EXP 	fixation_3: autoDraw = False
271.5197 	EXP 	New trial (rep=0, index=119): {'square': 5, 'location': [0, 0], 'corrAns': None}
271.5202 	EXP 	window1: mouseVisible = False
271.5334 	EXP 	grid_lines_2: autoDraw = False
271.5334 	EXP 	target_square_2: autoDraw = False
271.5334 	EXP 	fixation_3: autoDraw = False
271.5334 	EXP 	target_square_2: pos = array([0., 0.])
271.5334 	EXP 	grid_lines_2: autoDraw = True
271.5334 	EXP 	target_square_2: autoDraw = True
272.5130 	EXP 	fixation_3: autoDraw = True
272.5464 	EXP 	target_square_2: autoDraw = False
273.5139 	EXP 	fixation_3: autoDraw = False
273.5354 	EXP 	Created unnamed TextStim = TextStim(__class__=<class 'psychopy.visual.text.TextStim'>, alignHoriz=method-wrapper(...), alignText='center', alignVert=method-wrapper(...), anchorHoriz='center', anchorVert='center', antialias=True, autoLog=True, bold=False, color=array([1., 1., 1.]), colorSpace='rgb', contrast=1.0, depth=0, flipHoriz=False, flipVert=False, font='', fontFiles=[], height=0.05, italic=False, languageStyle='LTR', name='unnamed TextStim', opacity=1.0, ori=0.0, pos=array([0., 0.]), rgb=UNKNOWN, text=str(...), units='height', win=Window(...), wrapWidth=1)
273.5468 	EXP 	grid_lines_2: autoDraw = False
273.5468 	EXP 	target_square_2: autoDraw = False
273.5468 	EXP 	fixation_3: autoDraw = False
274.7599 	DATA 	Mouse: Left button down, pos=(321,326)
274.8828 	DATA 	Mouse:  Left button up, pos=(321,325)
275.8009 	DATA 	Keypress: e
275.9511 	EXP 	Created unnamed TextStim = TextStim(__class__=<class 'psychopy.visual.text.TextStim'>, alignHoriz=method-wrapper(...), alignText='center', alignVert=method-wrapper(...), anchorHoriz='center', anchorVert='center', antialias=True, autoLog=True, bold=False, color=array([1., 1., 1.]), colorSpace='rgb', contrast=1.0, depth=0, flipHoriz=False, flipVert=False, font='', fontFiles=[], height=0.05, italic=False, languageStyle='LTR', name='unnamed TextStim', opacity=1.0, ori=0.0, pos=array([0., 0.]), rgb=UNKNOWN, text=str(...), units='height', win=Window(...), wrapWidth=1)
276.0600 	EXP 	window1: mouseVisible = True
