1.3003 	WARNING 	We strongly recommend you activate the PTB sound engine in PsychoPy prefs as the preferred audio engine. Its timing is vastly superior. Your prefs are currently set to use ['sounddevice', 'PTB', 'pyo', 'pygame'] (in that order).
11.3040 	EXP 	Created fixation_2 = TextStim(__class__=<class 'psychopy.visual.text.TextStim'>, alignHoriz=method-wrapper(...), alignText='center', alignVert=method-wrapper(...), anchorHoriz='center', anchorVert='center', antialias=True, autoLog=True, bold=False, color=array([1, 1, 1]), colorSpace='rgb', contrast=1.0, depth=-2.0, flipHoriz=False, flipVert=False, font='Arial', fontFiles=[], height=0.05, italic=False, languageStyle='LTR', name='fixation_2', opacity=1, ori=0, pos=array([0., 0.]), rgb=UNKNOWN, text='+', units='height', win=Window(...), wrapWidth=1)
11.3775 	EXP 	Created Nbackinstructions = TextStim(__class__=<class 'psychopy.visual.text.TextStim'>, alignHoriz=method-wrapper(...), alignText='center', alignVert=method-wrapper(...), anchorHoriz='center', anchorVert='center', antialias=True, autoLog=True, bold=False, color=array([1, 1, 1]), colorSpace='rgb', contrast=1.0, depth=0, flipHoriz=False, flipVert=False, font='Arial', fontFiles=[], height=0.05, italic=False, languageStyle='LTR', name='Nbackinstructions', opacity=1, ori=0.0, pos=array([0., 0.]), rgb=UNKNOWN, text=str(...), units='height', win=Window(...), wrapWidth=1)
11.3819 	EXP 	Created fixation_2 = TextStim(__class__=<class 'psychopy.visual.text.TextStim'>, alignHoriz=method-wrapper(...), alignText='center', alignVert=method-wrapper(...), anchorHoriz='center', anchorVert='center', antialias=True, autoLog=True, bold=False, color=array([1, 1, 1]), colorSpace='rgb', contrast=1.0, depth=-2.0, flipHoriz=False, flipVert=False, font='Arial', fontFiles=[], height=0.05, italic=False, languageStyle='LTR', name='fixation_2', opacity=1, ori=0, pos=array([0., 0.]), rgb=UNKNOWN, text='+', units='height', win=Window(...), wrapWidth=1)
11.5311 	EXP 	Created grid_lines_2 = ImageStim(__class__=<class 'psychopy.visual.image.ImageStim'>, autoLog=True, color=array([1, 1, 1]), colorSpace='rgb', contrast=1.0, depth=0.0, flipHoriz=False, flipVert=False, image='grid.png', interpolate=True, mask=None, maskParams=None, name='grid_lines_2', opacity=1, ori=0.0, pos=array([0., 0.]), size=array([0.6, 0.6]), texRes=128, units='height', win=Window(...))
11.5357 	EXP 	Created target_square_2 = Rect(__class__=<class 'psychopy.visual.rect.Rect'>, autoDraw=False, autoLog=True, closeShape=True, color=method-wrapper(...), colorSpace='rgb', contrast=None, depth=-1.0, fillColor=array([1., 1., 1.]), fillColorSpace='rgb', fillRGB=UNKNOWN, interpolate=True, lineColor=array([0, 0, 0]), lineColorSpace='rgb', lineRGB=UNKNOWN, lineWidth=1, name='target_square_2', opacity=0.5, ori=0.0, pos=array([0., 0.]), size=array([0.15, 0.15]), units='height', vertices=ndarray(...), win=Window(...))
11.5399 	EXP 	Created fixation_3 = TextStim(__class__=<class 'psychopy.visual.text.TextStim'>, alignHoriz=method-wrapper(...), alignText='center', alignVert=method-wrapper(...), anchorHoriz='center', anchorVert='center', antialias=True, autoLog=True, bold=False, color=array([1, 1, 1]), colorSpace='rgb', contrast=1.0, depth=-2.0, flipHoriz=False, flipVert=False, font='Arial', fontFiles=[], height=0.05, italic=False, languageStyle='LTR', name='fixation_3', opacity=1, ori=0, pos=array([0., 0.]), rgb=UNKNOWN, text='+', units='height', win=Window(...), wrapWidth=1)
11.5403 	EXP 	window1: mouseVisible = True
11.5406 	EXP 	window1: mouseVisible = False
11.5414 	EXP 	Created sequence: random, trialTypes=1, nReps=1, seed=None
11.5420 	EXP 	New trial (rep=0, index=0): None
11.5821 	EXP 	Nbackinstructions: autoDraw = True
12.4066 	DATA 	Mouse: Left button down, pos=(601,260)
12.4730 	DATA 	Mouse:  Left button up, pos=(601,260)
13.2839 	EXP 	Created unnamed TextStim = TextStim(__class__=<class 'psychopy.visual.text.TextStim'>, alignHoriz=method-wrapper(...), alignText='center', alignVert=method-wrapper(...), anchorHoriz='center', anchorVert='center', antialias=True, autoLog=True, bold=False, color=array([-0.5, -0.5, -0.5]), colorSpace='rgb', contrast=1.0, depth=0, flipHoriz=False, flipVert=False, font='', fontFiles=[], height=0.05, italic=False, languageStyle='LTR', name='unnamed TextStim', opacity=1.0, ori=0.0, pos=array([0., 0.]), rgb=UNKNOWN, text=str(...), units='height', win=Window(...), wrapWidth=1)
13.2868 	DATA 	Keypress: space
13.2991 	EXP 	Nbackinstructions: autoDraw = False
14.5373 	DATA 	Keypress: s
14.6249 	EXP 	Imported c:\Users\Michael\Documents\GitHub\canlab\WASABI_public\fMRI Tasks\WASABI Task-T1\N-back-2.xlsx as conditions, 120 conditions, 3 params
14.6258 	EXP 	Created sequence: sequential, trialTypes=120, nReps=1, seed=None
14.6263 	EXP 	New trial (rep=0, index=0): {'square': 5, 'location': [0, 0], 'corrAns': None}
14.6268 	EXP 	window1: mouseVisible = False
14.6553 	EXP 	fixation_2: autoDraw = False
14.6553 	EXP 	target_square_2: pos = array([0., 0.])
14.6553 	EXP 	grid_lines_2: autoDraw = True
14.6553 	EXP 	target_square_2: autoDraw = True
15.6338 	EXP 	fixation_3: autoDraw = True
15.6671 	EXP 	target_square_2: autoDraw = False
15.9523 	DATA 	Mouse: Left button down, pos=(635,261)
16.0559 	DATA 	Mouse:  Left button up, pos=(635,261)
16.2731 	EXP 	New trial (rep=0, index=1): {'square': 2, 'location': [0, 0.2], 'corrAns': None}
16.2736 	EXP 	window1: mouseVisible = False
16.2843 	EXP 	grid_lines_2: autoDraw = False
16.2843 	EXP 	target_square_2: autoDraw = False
16.2843 	EXP 	fixation_3: autoDraw = False
16.2843 	EXP 	target_square_2: pos = array([0. , 0.2])
16.2843 	EXP 	grid_lines_2: autoDraw = True
16.2843 	EXP 	target_square_2: autoDraw = True
17.2682 	EXP 	fixation_3: autoDraw = True
17.2842 	EXP 	target_square_2: autoDraw = False
17.2857 	DATA 	Mouse: Left button down, pos=(551,207)
17.3859 	DATA 	Mouse:  Left button up, pos=(550,206)
18.2685 	EXP 	fixation_3: autoDraw = False
18.2724 	EXP 	New trial (rep=0, index=2): {'square': 6, 'location': [0.2, 0], 'corrAns': None}
18.2729 	EXP 	window1: mouseVisible = False
18.2852 	EXP 	grid_lines_2: autoDraw = False
18.2852 	EXP 	target_square_2: autoDraw = False
18.2852 	EXP 	fixation_3: autoDraw = False
18.2852 	EXP 	target_square_2: pos = array([0.2, 0. ])
18.2852 	EXP 	grid_lines_2: autoDraw = True
18.2852 	EXP 	target_square_2: autoDraw = True
18.5532 	DATA 	Mouse: Left button down, pos=(530,151)
18.6360 	DATA 	Mouse:  Left button up, pos=(530,151)
19.2688 	EXP 	fixation_3: autoDraw = True
19.2861 	EXP 	target_square_2: autoDraw = False
20.2695 	EXP 	fixation_3: autoDraw = False
20.2724 	EXP 	New trial (rep=0, index=3): {'square': 9, 'location': [0.2, -0.2], 'corrAns': None}
20.2731 	EXP 	window1: mouseVisible = False
20.2857 	EXP 	grid_lines_2: autoDraw = False
20.2857 	EXP 	target_square_2: autoDraw = False
20.2857 	EXP 	fixation_3: autoDraw = False
20.2857 	EXP 	target_square_2: pos = array([ 0.2, -0.2])
20.2857 	EXP 	grid_lines_2: autoDraw = True
20.2857 	EXP 	target_square_2: autoDraw = True
20.3871 	DATA 	Mouse: Left button down, pos=(528,132)
20.5204 	DATA 	Mouse:  Left button up, pos=(528,132)
21.2697 	EXP 	fixation_3: autoDraw = True
21.2865 	EXP 	target_square_2: autoDraw = False
22.2566 	EXP 	New trial (rep=0, index=4): {'square': 3, 'location': [0.2, 0.2], 'corrAns': None}
22.2572 	EXP 	window1: mouseVisible = False
22.2699 	EXP 	grid_lines_2: autoDraw = False
22.2699 	EXP 	target_square_2: autoDraw = False
22.2699 	EXP 	fixation_3: autoDraw = False
22.2699 	EXP 	target_square_2: pos = array([0.2, 0.2])
22.2699 	EXP 	grid_lines_2: autoDraw = True
22.2699 	EXP 	target_square_2: autoDraw = True
22.6214 	DATA 	Mouse: Left button down, pos=(523,127)
22.7717 	DATA 	Mouse:  Left button up, pos=(524,126)
23.2543 	EXP 	fixation_3: autoDraw = True
23.2709 	EXP 	target_square_2: autoDraw = False
24.2546 	EXP 	fixation_3: autoDraw = False
24.2575 	EXP 	New trial (rep=0, index=5): {'square': 9, 'location': [0.2, -0.2], 'corrAns': 1}
24.2581 	EXP 	window1: mouseVisible = False
24.2715 	EXP 	grid_lines_2: autoDraw = False
24.2715 	EXP 	target_square_2: autoDraw = False
24.2715 	EXP 	fixation_3: autoDraw = False
24.2715 	EXP 	target_square_2: pos = array([ 0.2, -0.2])
24.2715 	EXP 	grid_lines_2: autoDraw = True
24.2715 	EXP 	target_square_2: autoDraw = True
24.5393 	DATA 	Mouse: Left button down, pos=(523,123)
24.6397 	DATA 	Mouse:  Left button up, pos=(523,123)
25.2550 	EXP 	fixation_3: autoDraw = True
25.2720 	EXP 	target_square_2: autoDraw = False
26.2558 	EXP 	fixation_3: autoDraw = False
26.2586 	EXP 	New trial (rep=0, index=6): {'square': 7, 'location': [-0.2, -0.2], 'corrAns': None}
26.2592 	EXP 	window1: mouseVisible = False
26.2722 	EXP 	grid_lines_2: autoDraw = False
26.2722 	EXP 	target_square_2: autoDraw = False
26.2722 	EXP 	fixation_3: autoDraw = False
26.2722 	EXP 	target_square_2: pos = array([-0.2, -0.2])
26.2722 	EXP 	grid_lines_2: autoDraw = True
26.2722 	EXP 	target_square_2: autoDraw = True
26.5429 	DATA 	Mouse: Left button down, pos=(523,123)
26.6561 	DATA 	Mouse:  Left button up, pos=(523,123)
27.2562 	EXP 	fixation_3: autoDraw = True
27.2726 	EXP 	target_square_2: autoDraw = False
28.2566 	EXP 	fixation_3: autoDraw = False
28.2595 	EXP 	New trial (rep=0, index=7): {'square': 1, 'location': [-0.2, 0.2], 'corrAns': None}
28.2600 	EXP 	window1: mouseVisible = False
28.2732 	EXP 	grid_lines_2: autoDraw = False
28.2732 	EXP 	target_square_2: autoDraw = False
28.2732 	EXP 	fixation_3: autoDraw = False
28.2732 	EXP 	target_square_2: pos = array([-0.2,  0.2])
28.2732 	EXP 	grid_lines_2: autoDraw = True
28.2732 	EXP 	target_square_2: autoDraw = True
28.5584 	DATA 	Mouse: Left button down, pos=(519,120)
28.6606 	DATA 	Mouse:  Left button up, pos=(519,120)
29.2571 	EXP 	fixation_3: autoDraw = True
29.2735 	EXP 	target_square_2: autoDraw = False
30.2575 	EXP 	fixation_3: autoDraw = False
30.2603 	EXP 	New trial (rep=0, index=8): {'square': 5, 'location': [0, 0], 'corrAns': None}
30.2608 	EXP 	window1: mouseVisible = False
30.2738 	EXP 	grid_lines_2: autoDraw = False
30.2738 	EXP 	target_square_2: autoDraw = False
30.2738 	EXP 	fixation_3: autoDraw = False
30.2738 	EXP 	target_square_2: pos = array([0., 0.])
30.2738 	EXP 	grid_lines_2: autoDraw = True
30.2738 	EXP 	target_square_2: autoDraw = True
30.5422 	DATA 	Mouse: Left button down, pos=(515,116)
30.6582 	DATA 	Mouse:  Left button up, pos=(515,116)
31.2582 	EXP 	fixation_3: autoDraw = True
31.2747 	EXP 	target_square_2: autoDraw = False
32.2584 	EXP 	fixation_3: autoDraw = False
32.2613 	EXP 	New trial (rep=0, index=9): {'square': 7, 'location': [-0.2, -0.2], 'corrAns': None}
32.2619 	EXP 	window1: mouseVisible = False
32.2752 	EXP 	grid_lines_2: autoDraw = False
32.2752 	EXP 	target_square_2: autoDraw = False
32.2752 	EXP 	fixation_3: autoDraw = False
32.2752 	EXP 	target_square_2: pos = array([-0.2, -0.2])
32.2752 	EXP 	grid_lines_2: autoDraw = True
32.2752 	EXP 	target_square_2: autoDraw = True
32.6090 	DATA 	Mouse: Left button down, pos=(515,116)
32.7424 	DATA 	Mouse:  Left button up, pos=(515,116)
33.2589 	EXP 	fixation_3: autoDraw = True
33.2753 	EXP 	target_square_2: autoDraw = False
34.2592 	EXP 	fixation_3: autoDraw = False
34.2620 	EXP 	New trial (rep=0, index=10): {'square': 5, 'location': [0, 0], 'corrAns': 1}
34.2625 	EXP 	window1: mouseVisible = False
34.2760 	EXP 	grid_lines_2: autoDraw = False
34.2760 	EXP 	target_square_2: autoDraw = False
34.2760 	EXP 	fixation_3: autoDraw = False
34.2760 	EXP 	target_square_2: pos = array([0., 0.])
34.2760 	EXP 	grid_lines_2: autoDraw = True
34.2760 	EXP 	target_square_2: autoDraw = True
34.6277 	DATA 	Mouse: Left button down, pos=(511,113)
34.7269 	DATA 	Mouse:  Left button up, pos=(511,113)
35.2596 	EXP 	fixation_3: autoDraw = True
35.2766 	EXP 	target_square_2: autoDraw = False
36.2603 	EXP 	fixation_3: autoDraw = False
36.2631 	EXP 	New trial (rep=0, index=11): {'square': 6, 'location': [0.2, 0], 'corrAns': None}
36.2637 	EXP 	window1: mouseVisible = False
36.2769 	EXP 	grid_lines_2: autoDraw = False
36.2769 	EXP 	target_square_2: autoDraw = False
36.2769 	EXP 	fixation_3: autoDraw = False
36.2769 	EXP 	target_square_2: pos = array([0.2, 0. ])
36.2769 	EXP 	grid_lines_2: autoDraw = True
36.2769 	EXP 	target_square_2: autoDraw = True
36.5441 	DATA 	Mouse: Left button down, pos=(511,113)
36.6610 	DATA 	Mouse:  Left button up, pos=(511,113)
37.2606 	EXP 	fixation_3: autoDraw = True
37.2775 	EXP 	target_square_2: autoDraw = False
38.2610 	EXP 	fixation_3: autoDraw = False
38.2639 	EXP 	New trial (rep=0, index=12): {'square': 3, 'location': [0.2, 0.2], 'corrAns': None}
38.2645 	EXP 	window1: mouseVisible = False
38.2774 	EXP 	grid_lines_2: autoDraw = False
38.2774 	EXP 	target_square_2: autoDraw = False
38.2774 	EXP 	fixation_3: autoDraw = False
38.2774 	EXP 	target_square_2: pos = array([0.2, 0.2])
38.2774 	EXP 	grid_lines_2: autoDraw = True
38.2774 	EXP 	target_square_2: autoDraw = True
38.4957 	DATA 	Mouse: Left button down, pos=(510,112)
38.6293 	DATA 	Mouse:  Left button up, pos=(510,112)
39.2617 	EXP 	fixation_3: autoDraw = True
39.2784 	EXP 	target_square_2: autoDraw = False
40.2622 	EXP 	fixation_3: autoDraw = False
40.2651 	EXP 	New trial (rep=0, index=13): {'square': 6, 'location': [0.2, 0], 'corrAns': 1}
40.2656 	EXP 	window1: mouseVisible = False
40.2788 	EXP 	grid_lines_2: autoDraw = False
40.2788 	EXP 	target_square_2: autoDraw = False
40.2788 	EXP 	fixation_3: autoDraw = False
40.2788 	EXP 	target_square_2: pos = array([0.2, 0. ])
40.2788 	EXP 	grid_lines_2: autoDraw = True
40.2788 	EXP 	target_square_2: autoDraw = True
40.5302 	DATA 	Mouse: Left button down, pos=(507,110)
40.6464 	DATA 	Mouse:  Left button up, pos=(507,110)
41.2626 	EXP 	fixation_3: autoDraw = True
41.2788 	EXP 	target_square_2: autoDraw = False
42.2631 	EXP 	fixation_3: autoDraw = False
42.2660 	EXP 	New trial (rep=0, index=14): {'square': 8, 'location': [0, -0.2], 'corrAns': None}
42.2667 	EXP 	window1: mouseVisible = False
42.2794 	EXP 	grid_lines_2: autoDraw = False
42.2794 	EXP 	target_square_2: autoDraw = False
42.2794 	EXP 	fixation_3: autoDraw = False
42.2794 	EXP 	target_square_2: pos = array([ 0. , -0.2])
42.2794 	EXP 	grid_lines_2: autoDraw = True
42.2794 	EXP 	target_square_2: autoDraw = True
42.5474 	DATA 	Mouse: Left button down, pos=(507,110)
42.6806 	DATA 	Mouse:  Left button up, pos=(507,110)
43.2633 	EXP 	fixation_3: autoDraw = True
43.2802 	EXP 	target_square_2: autoDraw = False
44.2647 	EXP 	fixation_3: autoDraw = False
44.2675 	EXP 	New trial (rep=0, index=15): {'square': 9, 'location': [0.2, -0.2], 'corrAns': None}
44.2681 	EXP 	window1: mouseVisible = False
44.2803 	EXP 	grid_lines_2: autoDraw = False
44.2803 	EXP 	target_square_2: autoDraw = False
44.2803 	EXP 	fixation_3: autoDraw = False
44.2803 	EXP 	target_square_2: pos = array([ 0.2, -0.2])
44.2803 	EXP 	grid_lines_2: autoDraw = True
44.2803 	EXP 	target_square_2: autoDraw = True
44.5819 	DATA 	Mouse: Left button down, pos=(504,109)
44.6981 	DATA 	Mouse:  Left button up, pos=(504,109)
45.2647 	EXP 	fixation_3: autoDraw = True
45.2812 	EXP 	target_square_2: autoDraw = False
46.2648 	EXP 	fixation_3: autoDraw = False
46.2676 	EXP 	New trial (rep=0, index=16): {'square': 9, 'location': [0.2, -0.2], 'corrAns': None}
46.2682 	EXP 	window1: mouseVisible = False
46.2816 	EXP 	grid_lines_2: autoDraw = False
46.2816 	EXP 	target_square_2: autoDraw = False
46.2816 	EXP 	fixation_3: autoDraw = False
46.2816 	EXP 	target_square_2: pos = array([ 0.2, -0.2])
46.2816 	EXP 	grid_lines_2: autoDraw = True
46.2816 	EXP 	target_square_2: autoDraw = True
46.5157 	DATA 	Mouse: Left button down, pos=(504,109)
46.6357 	DATA 	Mouse:  Left button up, pos=(504,109)
47.2653 	EXP 	fixation_3: autoDraw = True
47.2817 	EXP 	target_square_2: autoDraw = False
48.2659 	EXP 	fixation_3: autoDraw = False
48.2688 	EXP 	New trial (rep=0, index=17): {'square': 1, 'location': [-0.2, 0.2], 'corrAns': None}
48.2694 	EXP 	window1: mouseVisible = False
48.2834 	EXP 	grid_lines_2: autoDraw = False
48.2834 	EXP 	target_square_2: autoDraw = False
48.2834 	EXP 	fixation_3: autoDraw = False
48.2834 	EXP 	target_square_2: pos = array([-0.2,  0.2])
48.2834 	EXP 	grid_lines_2: autoDraw = True
48.2834 	EXP 	target_square_2: autoDraw = True
48.5168 	DATA 	Mouse: Left button down, pos=(501,107)
48.6668 	DATA 	Mouse:  Left button up, pos=(501,107)
49.2663 	EXP 	fixation_3: autoDraw = True
49.2830 	EXP 	target_square_2: autoDraw = False
50.2669 	EXP 	fixation_3: autoDraw = False
50.2697 	EXP 	New trial (rep=0, index=18): {'square': 3, 'location': [0.2, 0.2], 'corrAns': None}
50.2703 	EXP 	window1: mouseVisible = False
50.2835 	EXP 	grid_lines_2: autoDraw = False
50.2835 	EXP 	target_square_2: autoDraw = False
50.2835 	EXP 	fixation_3: autoDraw = False
50.2835 	EXP 	target_square_2: pos = array([0.2, 0.2])
50.2835 	EXP 	grid_lines_2: autoDraw = True
50.2835 	EXP 	target_square_2: autoDraw = True
50.5508 	DATA 	Mouse: Left button down, pos=(501,107)
50.6840 	DATA 	Mouse:  Left button up, pos=(501,107)
51.2674 	EXP 	fixation_3: autoDraw = True
51.2840 	EXP 	target_square_2: autoDraw = False
52.2673 	EXP 	fixation_3: autoDraw = False
52.2702 	EXP 	New trial (rep=0, index=19): {'square': 5, 'location': [0, 0], 'corrAns': None}
52.2707 	EXP 	window1: mouseVisible = False
52.2846 	EXP 	grid_lines_2: autoDraw = False
52.2846 	EXP 	target_square_2: autoDraw = False
52.2846 	EXP 	fixation_3: autoDraw = False
52.2846 	EXP 	target_square_2: pos = array([0., 0.])
52.2846 	EXP 	grid_lines_2: autoDraw = True
52.2846 	EXP 	target_square_2: autoDraw = True
52.5886 	DATA 	Mouse: Left button down, pos=(499,105)
52.7053 	DATA 	Mouse:  Left button up, pos=(499,105)
53.2684 	EXP 	fixation_3: autoDraw = True
53.2850 	EXP 	target_square_2: autoDraw = False
54.2682 	EXP 	fixation_3: autoDraw = False
54.2711 	EXP 	New trial (rep=0, index=20): {'square': 3, 'location': [0.2, 0.2], 'corrAns': 1}
54.2717 	EXP 	window1: mouseVisible = False
54.2851 	EXP 	grid_lines_2: autoDraw = False
54.2851 	EXP 	target_square_2: autoDraw = False
54.2851 	EXP 	fixation_3: autoDraw = False
54.2851 	EXP 	target_square_2: pos = array([0.2, 0.2])
54.2851 	EXP 	grid_lines_2: autoDraw = True
54.2851 	EXP 	target_square_2: autoDraw = True
54.5863 	DATA 	Mouse: Left button down, pos=(499,105)
54.7029 	DATA 	Mouse:  Left button up, pos=(499,105)
55.2690 	EXP 	fixation_3: autoDraw = True
55.2857 	EXP 	target_square_2: autoDraw = False
56.2696 	EXP 	fixation_3: autoDraw = False
56.2724 	EXP 	New trial (rep=0, index=21): {'square': 4, 'location': [-0.2, 0], 'corrAns': None}
56.2730 	EXP 	window1: mouseVisible = False
56.2865 	EXP 	grid_lines_2: autoDraw = False
56.2865 	EXP 	target_square_2: autoDraw = False
56.2865 	EXP 	fixation_3: autoDraw = False
56.2865 	EXP 	target_square_2: pos = array([-0.2,  0. ])
56.2865 	EXP 	grid_lines_2: autoDraw = True
56.2865 	EXP 	target_square_2: autoDraw = True
56.3203 	DATA 	Mouse: Left button down, pos=(498,104)
56.4700 	DATA 	Mouse:  Left button up, pos=(498,104)
57.2700 	EXP 	fixation_3: autoDraw = True
57.2866 	EXP 	target_square_2: autoDraw = False
58.2554 	DATA 	Mouse: Left button down, pos=(497,103)
58.2581 	EXP 	New trial (rep=0, index=22): {'square': 7, 'location': [-0.2, -0.2], 'corrAns': None}
58.2587 	EXP 	window1: mouseVisible = False
58.2704 	EXP 	grid_lines_2: autoDraw = False
58.2704 	EXP 	target_square_2: autoDraw = False
58.2704 	EXP 	fixation_3: autoDraw = False
58.2704 	EXP 	target_square_2: pos = array([-0.2, -0.2])
58.2704 	EXP 	grid_lines_2: autoDraw = True
58.2704 	EXP 	target_square_2: autoDraw = True
58.4078 	DATA 	Mouse:  Left button up, pos=(497,103)
59.2545 	EXP 	fixation_3: autoDraw = True
59.2709 	EXP 	target_square_2: autoDraw = False
60.2549 	EXP 	fixation_3: autoDraw = False
60.2577 	EXP 	New trial (rep=0, index=23): {'square': 4, 'location': [-0.2, 0], 'corrAns': 1}
60.2583 	EXP 	window1: mouseVisible = False
60.2716 	EXP 	grid_lines_2: autoDraw = False
60.2716 	EXP 	target_square_2: autoDraw = False
60.2716 	EXP 	fixation_3: autoDraw = False
60.2716 	EXP 	target_square_2: pos = array([-0.2,  0. ])
60.2716 	EXP 	grid_lines_2: autoDraw = True
60.2716 	EXP 	target_square_2: autoDraw = True
60.5226 	DATA 	Mouse: Left button down, pos=(496,103)
60.6391 	DATA 	Mouse:  Left button up, pos=(496,103)
61.2553 	EXP 	fixation_3: autoDraw = True
61.2719 	EXP 	target_square_2: autoDraw = False
62.2556 	EXP 	fixation_3: autoDraw = False
62.2585 	EXP 	New trial (rep=0, index=24): {'square': 4, 'location': [-0.2, 0], 'corrAns': None}
62.2590 	EXP 	window1: mouseVisible = False
62.2726 	EXP 	grid_lines_2: autoDraw = False
62.2726 	EXP 	target_square_2: autoDraw = False
62.2726 	EXP 	fixation_3: autoDraw = False
62.2726 	EXP 	target_square_2: pos = array([-0.2,  0. ])
62.2726 	EXP 	grid_lines_2: autoDraw = True
62.2726 	EXP 	target_square_2: autoDraw = True
62.3739 	DATA 	Mouse: Left button down, pos=(496,102)
62.4898 	DATA 	Mouse:  Left button up, pos=(496,102)
63.2565 	EXP 	fixation_3: autoDraw = True
63.2730 	EXP 	target_square_2: autoDraw = False
64.2568 	EXP 	fixation_3: autoDraw = False
64.2597 	EXP 	New trial (rep=0, index=25): {'square': 5, 'location': [0, 0], 'corrAns': None}
64.2602 	EXP 	window1: mouseVisible = False
64.2734 	EXP 	grid_lines_2: autoDraw = False
64.2734 	EXP 	target_square_2: autoDraw = False
64.2734 	EXP 	fixation_3: autoDraw = False
64.2734 	EXP 	target_square_2: pos = array([0., 0.])
64.2734 	EXP 	grid_lines_2: autoDraw = True
64.2734 	EXP 	target_square_2: autoDraw = True
64.2909 	DATA 	Mouse: Left button down, pos=(495,102)
64.4740 	DATA 	Mouse:  Left button up, pos=(495,102)
65.2571 	EXP 	fixation_3: autoDraw = True
65.2737 	EXP 	target_square_2: autoDraw = False
66.2577 	EXP 	fixation_3: autoDraw = False
66.2605 	EXP 	New trial (rep=0, index=26): {'square': 2, 'location': [0, 0.2], 'corrAns': None}
66.2611 	EXP 	window1: mouseVisible = False
66.2747 	EXP 	grid_lines_2: autoDraw = False
66.2747 	EXP 	target_square_2: autoDraw = False
66.2747 	EXP 	fixation_3: autoDraw = False
66.2747 	EXP 	target_square_2: pos = array([0. , 0.2])
66.2747 	EXP 	grid_lines_2: autoDraw = True
66.2747 	EXP 	target_square_2: autoDraw = True
66.4924 	DATA 	Mouse: Left button down, pos=(494,101)
66.6258 	DATA 	Mouse:  Left button up, pos=(494,101)
67.2579 	EXP 	fixation_3: autoDraw = True
67.2749 	EXP 	target_square_2: autoDraw = False
68.2581 	EXP 	fixation_3: autoDraw = False
68.2609 	EXP 	New trial (rep=0, index=27): {'square': 6, 'location': [0.2, 0], 'corrAns': None}
68.2615 	EXP 	window1: mouseVisible = False
68.2753 	EXP 	grid_lines_2: autoDraw = False
68.2753 	EXP 	target_square_2: autoDraw = False
68.2753 	EXP 	fixation_3: autoDraw = False
68.2753 	EXP 	target_square_2: pos = array([0.2, 0. ])
68.2753 	EXP 	grid_lines_2: autoDraw = True
68.2753 	EXP 	target_square_2: autoDraw = True
68.4793 	DATA 	Mouse: Left button down, pos=(493,100)
68.6592 	DATA 	Mouse:  Left button up, pos=(493,100)
69.2590 	EXP 	fixation_3: autoDraw = True
69.2757 	EXP 	target_square_2: autoDraw = False
70.2595 	EXP 	fixation_3: autoDraw = False
70.2624 	EXP 	New trial (rep=0, index=28): {'square': 7, 'location': [-0.2, -0.2], 'corrAns': None}
70.2630 	EXP 	window1: mouseVisible = False
70.2762 	EXP 	grid_lines_2: autoDraw = False
70.2762 	EXP 	target_square_2: autoDraw = False
70.2762 	EXP 	fixation_3: autoDraw = False
70.2762 	EXP 	target_square_2: pos = array([-0.2, -0.2])
70.2762 	EXP 	grid_lines_2: autoDraw = True
70.2762 	EXP 	target_square_2: autoDraw = True
70.3937 	DATA 	Mouse: Left button down, pos=(493,100)
70.5768 	DATA 	Mouse:  Left button up, pos=(493,100)
71.2600 	EXP 	fixation_3: autoDraw = True
71.2770 	EXP 	target_square_2: autoDraw = False
72.2604 	EXP 	fixation_3: autoDraw = False
72.2633 	EXP 	New trial (rep=0, index=29): {'square': 6, 'location': [0.2, 0], 'corrAns': 1}
72.2639 	EXP 	window1: mouseVisible = False
72.2771 	EXP 	grid_lines_2: autoDraw = False
72.2771 	EXP 	target_square_2: autoDraw = False
72.2771 	EXP 	fixation_3: autoDraw = False
72.2771 	EXP 	target_square_2: pos = array([0.2, 0. ])
72.2771 	EXP 	grid_lines_2: autoDraw = True
72.2771 	EXP 	target_square_2: autoDraw = True
72.5451 	DATA 	Mouse: Left button down, pos=(493,100)
72.7113 	DATA 	Mouse:  Left button up, pos=(493,100)
73.2610 	EXP 	fixation_3: autoDraw = True
73.2776 	EXP 	target_square_2: autoDraw = False
74.2613 	EXP 	fixation_3: autoDraw = False
74.2642 	EXP 	New trial (rep=0, index=30): {'square': 6, 'location': [0.2, 0], 'corrAns': None}
74.2648 	EXP 	window1: mouseVisible = False
74.2782 	EXP 	grid_lines_2: autoDraw = False
74.2782 	EXP 	target_square_2: autoDraw = False
74.2782 	EXP 	fixation_3: autoDraw = False
74.2782 	EXP 	target_square_2: pos = array([0.2, 0. ])
74.2782 	EXP 	grid_lines_2: autoDraw = True
74.2782 	EXP 	target_square_2: autoDraw = True
74.4455 	DATA 	Mouse: Left button down, pos=(493,100)
74.6287 	DATA 	Mouse:  Left button up, pos=(493,100)
75.2618 	EXP 	fixation_3: autoDraw = True
75.2783 	EXP 	target_square_2: autoDraw = False
76.2623 	EXP 	fixation_3: autoDraw = False
76.2653 	EXP 	New trial (rep=0, index=31): {'square': 7, 'location': [-0.2, -0.2], 'corrAns': None}
76.2658 	EXP 	window1: mouseVisible = False
76.2789 	EXP 	grid_lines_2: autoDraw = False
76.2789 	EXP 	target_square_2: autoDraw = False
76.2789 	EXP 	fixation_3: autoDraw = False
76.2789 	EXP 	target_square_2: pos = array([-0.2, -0.2])
76.2789 	EXP 	grid_lines_2: autoDraw = True
76.2789 	EXP 	target_square_2: autoDraw = True
76.4795 	DATA 	Mouse: Left button down, pos=(493,100)
76.6668 	DATA 	Mouse:  Left button up, pos=(493,100)
77.2627 	EXP 	fixation_3: autoDraw = True
77.2795 	EXP 	target_square_2: autoDraw = False
78.2633 	EXP 	fixation_3: autoDraw = False
78.2661 	EXP 	New trial (rep=0, index=32): {'square': 6, 'location': [0.2, 0], 'corrAns': 1}
78.2667 	EXP 	window1: mouseVisible = False
78.2795 	EXP 	grid_lines_2: autoDraw = False
78.2795 	EXP 	target_square_2: autoDraw = False
78.2795 	EXP 	fixation_3: autoDraw = False
78.2795 	EXP 	target_square_2: pos = array([0.2, 0. ])
78.2795 	EXP 	grid_lines_2: autoDraw = True
78.2795 	EXP 	target_square_2: autoDraw = True
78.4642 	DATA 	Mouse: Left button down, pos=(493,100)
78.6305 	DATA 	Mouse:  Left button up, pos=(493,100)
79.2638 	EXP 	fixation_3: autoDraw = True
79.2803 	EXP 	target_square_2: autoDraw = False
80.2642 	EXP 	fixation_3: autoDraw = False
80.2670 	EXP 	New trial (rep=0, index=33): {'square': 2, 'location': [0, 0.2], 'corrAns': None}
80.2676 	EXP 	window1: mouseVisible = False
80.2811 	EXP 	grid_lines_2: autoDraw = False
80.2811 	EXP 	target_square_2: autoDraw = False
80.2811 	EXP 	fixation_3: autoDraw = False
80.2811 	EXP 	target_square_2: pos = array([0. , 0.2])
80.2811 	EXP 	grid_lines_2: autoDraw = True
80.2811 	EXP 	target_square_2: autoDraw = True
80.4156 	DATA 	Mouse: Left button down, pos=(491,99)
80.5845 	DATA 	Mouse:  Left button up, pos=(491,99)
81.2647 	EXP 	fixation_3: autoDraw = True
81.2813 	EXP 	target_square_2: autoDraw = False
82.2657 	EXP 	fixation_3: autoDraw = False
82.2685 	EXP 	New trial (rep=0, index=34): {'square': 5, 'location': [0, 0], 'corrAns': None}
82.2690 	EXP 	window1: mouseVisible = False
82.2819 	EXP 	grid_lines_2: autoDraw = False
82.2819 	EXP 	target_square_2: autoDraw = False
82.2819 	EXP 	fixation_3: autoDraw = False
82.2819 	EXP 	target_square_2: pos = array([0., 0.])
82.2819 	EXP 	grid_lines_2: autoDraw = True
82.2819 	EXP 	target_square_2: autoDraw = True
82.4827 	DATA 	Mouse: Left button down, pos=(491,99)
82.6829 	DATA 	Mouse:  Left button up, pos=(490,90)
83.2657 	EXP 	fixation_3: autoDraw = True
83.2824 	EXP 	target_square_2: autoDraw = False
84.2660 	EXP 	fixation_3: autoDraw = False
84.2689 	EXP 	New trial (rep=0, index=35): {'square': 4, 'location': [-0.2, 0], 'corrAns': None}
84.2695 	EXP 	window1: mouseVisible = False
84.2827 	EXP 	grid_lines_2: autoDraw = False
84.2827 	EXP 	target_square_2: autoDraw = False
84.2827 	EXP 	fixation_3: autoDraw = False
84.2827 	EXP 	target_square_2: pos = array([-0.2,  0. ])
84.2827 	EXP 	grid_lines_2: autoDraw = True
84.2827 	EXP 	target_square_2: autoDraw = True
84.5841 	DATA 	Mouse: Left button down, pos=(490,90)
84.7336 	DATA 	Mouse:  Left button up, pos=(490,90)
85.2665 	EXP 	fixation_3: autoDraw = True
85.2833 	EXP 	target_square_2: autoDraw = False
86.2672 	EXP 	fixation_3: autoDraw = False
86.2700 	EXP 	New trial (rep=0, index=36): {'square': 4, 'location': [-0.2, 0], 'corrAns': None}
86.2706 	EXP 	window1: mouseVisible = False
86.2834 	EXP 	grid_lines_2: autoDraw = False
86.2834 	EXP 	target_square_2: autoDraw = False
86.2834 	EXP 	fixation_3: autoDraw = False
86.2834 	EXP 	target_square_2: pos = array([-0.2,  0. ])
86.2834 	EXP 	grid_lines_2: autoDraw = True
86.2834 	EXP 	target_square_2: autoDraw = True
86.2870 	DATA 	Mouse: Left button down, pos=(490,90)
86.4844 	DATA 	Mouse:  Left button up, pos=(490,90)
87.2676 	EXP 	fixation_3: autoDraw = True
87.2841 	EXP 	target_square_2: autoDraw = False
88.2681 	EXP 	fixation_3: autoDraw = False
88.2709 	EXP 	New trial (rep=0, index=37): {'square': 7, 'location': [-0.2, -0.2], 'corrAns': None}
88.2715 	EXP 	window1: mouseVisible = False
88.2847 	EXP 	grid_lines_2: autoDraw = False
88.2847 	EXP 	target_square_2: autoDraw = False
88.2847 	EXP 	fixation_3: autoDraw = False
88.2847 	EXP 	target_square_2: pos = array([-0.2, -0.2])
88.2847 	EXP 	grid_lines_2: autoDraw = True
88.2847 	EXP 	target_square_2: autoDraw = True
88.5686 	DATA 	Mouse: Left button down, pos=(490,90)
88.7186 	DATA 	Mouse:  Left button up, pos=(490,90)
89.2684 	EXP 	fixation_3: autoDraw = True
89.2846 	EXP 	target_square_2: autoDraw = False
90.2693 	EXP 	fixation_3: autoDraw = False
90.2737 	EXP 	New trial (rep=0, index=38): {'square': 4, 'location': [-0.2, 0], 'corrAns': 1}
90.2744 	EXP 	window1: mouseVisible = False
90.2855 	EXP 	grid_lines_2: autoDraw = False
90.2855 	EXP 	target_square_2: autoDraw = False
90.2855 	EXP 	fixation_3: autoDraw = False
90.2855 	EXP 	target_square_2: pos = array([-0.2,  0. ])
90.2855 	EXP 	grid_lines_2: autoDraw = True
90.2855 	EXP 	target_square_2: autoDraw = True
90.4194 	DATA 	Mouse: Left button down, pos=(490,90)
90.5700 	DATA 	Mouse:  Left button up, pos=(490,90)
91.2695 	EXP 	fixation_3: autoDraw = True
91.2861 	EXP 	target_square_2: autoDraw = False
92.2699 	EXP 	fixation_3: autoDraw = False
92.2728 	EXP 	New trial (rep=0, index=39): {'square': 3, 'location': [0.2, 0.2], 'corrAns': None}
92.2734 	EXP 	window1: mouseVisible = False
92.2865 	EXP 	grid_lines_2: autoDraw = False
92.2865 	EXP 	target_square_2: autoDraw = False
92.2865 	EXP 	fixation_3: autoDraw = False
92.2865 	EXP 	target_square_2: pos = array([0.2, 0.2])
92.2865 	EXP 	grid_lines_2: autoDraw = True
92.2865 	EXP 	target_square_2: autoDraw = True
92.5206 	DATA 	Mouse: Left button down, pos=(490,90)
92.6703 	DATA 	Mouse:  Left button up, pos=(490,90)
93.2705 	EXP 	fixation_3: autoDraw = True
93.2869 	EXP 	target_square_2: autoDraw = False
94.2572 	EXP 	New trial (rep=0, index=40): {'square': 5, 'location': [0, 0], 'corrAns': None}
94.2577 	EXP 	window1: mouseVisible = False
94.2706 	EXP 	grid_lines_2: autoDraw = False
94.2706 	EXP 	target_square_2: autoDraw = False
94.2706 	EXP 	fixation_3: autoDraw = False
94.2706 	EXP 	target_square_2: pos = array([0., 0.])
94.2706 	EXP 	grid_lines_2: autoDraw = True
94.2706 	EXP 	target_square_2: autoDraw = True
94.5551 	DATA 	Mouse: Left button down, pos=(490,90)
94.6880 	DATA 	Mouse:  Left button up, pos=(490,90)
94.6885 	DATA 	Mouse: Left button down, pos=(490,90)
94.7053 	DATA 	Mouse:  Left button up, pos=(490,90)
95.2546 	EXP 	fixation_3: autoDraw = True
95.2712 	EXP 	target_square_2: autoDraw = False
96.2551 	EXP 	fixation_3: autoDraw = False
96.2580 	EXP 	New trial (rep=0, index=41): {'square': 3, 'location': [0.2, 0.2], 'corrAns': 1}
96.2586 	EXP 	window1: mouseVisible = False
96.2717 	EXP 	grid_lines_2: autoDraw = False
96.2717 	EXP 	target_square_2: autoDraw = False
96.2717 	EXP 	fixation_3: autoDraw = False
96.2717 	EXP 	target_square_2: pos = array([0.2, 0.2])
96.2717 	EXP 	grid_lines_2: autoDraw = True
96.2717 	EXP 	target_square_2: autoDraw = True
96.4223 	DATA 	Mouse: Left button down, pos=(490,90)
96.5889 	DATA 	Mouse:  Left button up, pos=(490,90)
97.2555 	EXP 	fixation_3: autoDraw = True
97.2720 	EXP 	target_square_2: autoDraw = False
98.2554 	EXP 	fixation_3: autoDraw = False
98.2583 	EXP 	New trial (rep=0, index=42): {'square': 1, 'location': [-0.2, 0.2], 'corrAns': None}
98.2589 	EXP 	window1: mouseVisible = False
98.2725 	EXP 	grid_lines_2: autoDraw = False
98.2725 	EXP 	target_square_2: autoDraw = False
98.2725 	EXP 	fixation_3: autoDraw = False
98.2725 	EXP 	target_square_2: pos = array([-0.2,  0.2])
98.2725 	EXP 	grid_lines_2: autoDraw = True
98.2725 	EXP 	target_square_2: autoDraw = True
98.5733 	DATA 	Mouse: Left button down, pos=(490,90)
98.7069 	DATA 	Mouse:  Left button up, pos=(490,90)
99.2563 	EXP 	fixation_3: autoDraw = True
99.2733 	EXP 	target_square_2: autoDraw = False
100.2570 	EXP 	fixation_3: autoDraw = False
100.2598 	EXP 	New trial (rep=0, index=43): {'square': 9, 'location': [0.2, -0.2], 'corrAns': None}
100.2604 	EXP 	window1: mouseVisible = False
100.2737 	EXP 	grid_lines_2: autoDraw = False
100.2737 	EXP 	target_square_2: autoDraw = False
100.2737 	EXP 	fixation_3: autoDraw = False
100.2737 	EXP 	target_square_2: pos = array([ 0.2, -0.2])
100.2737 	EXP 	grid_lines_2: autoDraw = True
100.2737 	EXP 	target_square_2: autoDraw = True
100.4409 	DATA 	Mouse: Left button down, pos=(490,90)
100.6077 	DATA 	Mouse:  Left button up, pos=(490,90)
101.2575 	EXP 	fixation_3: autoDraw = True
101.2741 	EXP 	target_square_2: autoDraw = False
102.2583 	EXP 	fixation_3: autoDraw = False
102.2612 	EXP 	New trial (rep=0, index=44): {'square': 9, 'location': [0.2, -0.2], 'corrAns': None}
102.2618 	EXP 	window1: mouseVisible = False
102.2743 	EXP 	grid_lines_2: autoDraw = False
102.2743 	EXP 	target_square_2: autoDraw = False
102.2743 	EXP 	fixation_3: autoDraw = False
102.2743 	EXP 	target_square_2: pos = array([ 0.2, -0.2])
102.2743 	EXP 	grid_lines_2: autoDraw = True
102.2743 	EXP 	target_square_2: autoDraw = True
102.5750 	DATA 	Mouse: Left button down, pos=(490,90)
102.7254 	DATA 	Mouse:  Left button up, pos=(490,90)
103.2584 	EXP 	fixation_3: autoDraw = True
103.2750 	EXP 	target_square_2: autoDraw = False
104.2588 	EXP 	fixation_3: autoDraw = False
104.2617 	EXP 	New trial (rep=0, index=45): {'square': 8, 'location': [0, -0.2], 'corrAns': None}
104.2623 	EXP 	window1: mouseVisible = False
104.2753 	EXP 	grid_lines_2: autoDraw = False
104.2753 	EXP 	target_square_2: autoDraw = False
104.2753 	EXP 	fixation_3: autoDraw = False
104.2753 	EXP 	target_square_2: pos = array([ 0. , -0.2])
104.2753 	EXP 	grid_lines_2: autoDraw = True
104.2753 	EXP 	target_square_2: autoDraw = True
104.4930 	DATA 	Mouse: Left button down, pos=(490,90)
104.6596 	DATA 	Mouse:  Left button up, pos=(490,90)
105.2591 	EXP 	fixation_3: autoDraw = True
105.2761 	EXP 	target_square_2: autoDraw = False
106.2596 	EXP 	fixation_3: autoDraw = False
106.2625 	EXP 	New trial (rep=0, index=46): {'square': 6, 'location': [0.2, 0], 'corrAns': None}
106.2631 	EXP 	window1: mouseVisible = False
106.2764 	EXP 	grid_lines_2: autoDraw = False
106.2764 	EXP 	target_square_2: autoDraw = False
106.2764 	EXP 	fixation_3: autoDraw = False
106.2764 	EXP 	target_square_2: pos = array([0.2, 0. ])
106.2764 	EXP 	grid_lines_2: autoDraw = True
106.2764 	EXP 	target_square_2: autoDraw = True
106.4439 	DATA 	Mouse: Left button down, pos=(490,90)
106.5936 	DATA 	Mouse:  Left button up, pos=(490,90)
106.5939 	DATA 	Mouse: Left button down, pos=(490,90)
106.6103 	DATA 	Mouse:  Left button up, pos=(490,90)
107.2602 	EXP 	fixation_3: autoDraw = True
107.2768 	EXP 	target_square_2: autoDraw = False
108.2607 	EXP 	fixation_3: autoDraw = False
108.2636 	EXP 	New trial (rep=0, index=47): {'square': 3, 'location': [0.2, 0.2], 'corrAns': None}
108.2641 	EXP 	window1: mouseVisible = False
108.2649 	DATA 	Mouse: Left button down, pos=(490,90)
108.2769 	EXP 	grid_lines_2: autoDraw = False
108.2769 	EXP 	target_square_2: autoDraw = False
108.2769 	EXP 	fixation_3: autoDraw = False
108.2769 	EXP 	target_square_2: pos = array([0.2, 0.2])
108.2769 	EXP 	grid_lines_2: autoDraw = True
108.2769 	EXP 	target_square_2: autoDraw = True
108.4276 	DATA 	Mouse:  Left button up, pos=(490,90)
109.2614 	EXP 	fixation_3: autoDraw = True
109.2779 	EXP 	target_square_2: autoDraw = False
110.2616 	EXP 	fixation_3: autoDraw = False
110.2644 	EXP 	New trial (rep=0, index=48): {'square': 6, 'location': [0.2, 0], 'corrAns': 1}
110.2650 	EXP 	window1: mouseVisible = False
110.2781 	EXP 	grid_lines_2: autoDraw = False
110.2781 	EXP 	target_square_2: autoDraw = False
110.2781 	EXP 	fixation_3: autoDraw = False
110.2781 	EXP 	target_square_2: pos = array([0.2, 0. ])
110.2781 	EXP 	grid_lines_2: autoDraw = True
110.2781 	EXP 	target_square_2: autoDraw = True
110.4124 	DATA 	Mouse: Left button down, pos=(490,90)
110.5957 	DATA 	Mouse:  Left button up, pos=(490,90)
111.2621 	EXP 	fixation_3: autoDraw = True
111.2786 	EXP 	target_square_2: autoDraw = False
112.2624 	EXP 	fixation_3: autoDraw = False
112.2652 	EXP 	New trial (rep=0, index=49): {'square': 5, 'location': [0, 0], 'corrAns': None}
112.2657 	EXP 	window1: mouseVisible = False
112.2793 	EXP 	grid_lines_2: autoDraw = False
112.2793 	EXP 	target_square_2: autoDraw = False
112.2793 	EXP 	fixation_3: autoDraw = False
112.2793 	EXP 	target_square_2: pos = array([0., 0.])
112.2793 	EXP 	grid_lines_2: autoDraw = True
112.2793 	EXP 	target_square_2: autoDraw = True
112.5133 	DATA 	Mouse: Left button down, pos=(490,90)
112.6800 	DATA 	Mouse:  Left button up, pos=(490,90)
113.2630 	EXP 	fixation_3: autoDraw = True
113.2797 	EXP 	target_square_2: autoDraw = False
114.2634 	EXP 	fixation_3: autoDraw = False
114.2671 	EXP 	New trial (rep=0, index=50): {'square': 7, 'location': [-0.2, -0.2], 'corrAns': None}
114.2677 	EXP 	window1: mouseVisible = False
114.2797 	EXP 	grid_lines_2: autoDraw = False
114.2797 	EXP 	target_square_2: autoDraw = False
114.2797 	EXP 	fixation_3: autoDraw = False
114.2797 	EXP 	target_square_2: pos = array([-0.2, -0.2])
114.2797 	EXP 	grid_lines_2: autoDraw = True
114.2797 	EXP 	target_square_2: autoDraw = True
114.5179 	DATA 	Mouse: Left button down, pos=(490,90)
114.6975 	DATA 	Mouse:  Left button up, pos=(490,90)
115.2645 	EXP 	fixation_3: autoDraw = True
115.2806 	EXP 	target_square_2: autoDraw = False
116.2643 	EXP 	fixation_3: autoDraw = False
116.2671 	EXP 	New trial (rep=0, index=51): {'square': 5, 'location': [0, 0], 'corrAns': 1}
116.2676 	EXP 	window1: mouseVisible = False
116.2819 	EXP 	grid_lines_2: autoDraw = False
116.2819 	EXP 	target_square_2: autoDraw = False
116.2819 	EXP 	fixation_3: autoDraw = False
116.2819 	EXP 	target_square_2: pos = array([0., 0.])
116.2819 	EXP 	grid_lines_2: autoDraw = True
116.2819 	EXP 	target_square_2: autoDraw = True
116.5485 	DATA 	Mouse: Left button down, pos=(490,90)
116.6986 	DATA 	Mouse:  Left button up, pos=(490,90)
117.2650 	EXP 	fixation_3: autoDraw = True
117.2817 	EXP 	target_square_2: autoDraw = False
118.2654 	EXP 	fixation_3: autoDraw = False
118.2683 	EXP 	New trial (rep=0, index=52): {'square': 1, 'location': [-0.2, 0.2], 'corrAns': None}
118.2689 	EXP 	window1: mouseVisible = False
118.2820 	EXP 	grid_lines_2: autoDraw = False
118.2820 	EXP 	target_square_2: autoDraw = False
118.2820 	EXP 	fixation_3: autoDraw = False
118.2820 	EXP 	target_square_2: pos = array([-0.2,  0.2])
118.2820 	EXP 	grid_lines_2: autoDraw = True
118.2820 	EXP 	target_square_2: autoDraw = True
119.2658 	EXP 	fixation_3: autoDraw = True
119.2828 	EXP 	target_square_2: autoDraw = False
120.2674 	EXP 	fixation_3: autoDraw = False
120.2703 	EXP 	New trial (rep=0, index=53): {'square': 7, 'location': [-0.2, -0.2], 'corrAns': None}
120.2710 	EXP 	window1: mouseVisible = False
120.2847 	EXP 	grid_lines_2: autoDraw = False
120.2847 	EXP 	target_square_2: autoDraw = False
120.2847 	EXP 	fixation_3: autoDraw = False
120.2847 	EXP 	target_square_2: pos = array([-0.2, -0.2])
120.2847 	EXP 	grid_lines_2: autoDraw = True
120.2847 	EXP 	target_square_2: autoDraw = True
121.2667 	EXP 	fixation_3: autoDraw = True
121.3004 	EXP 	target_square_2: autoDraw = False
122.2681 	EXP 	fixation_3: autoDraw = False
122.2722 	EXP 	New trial (rep=0, index=54): {'square': 9, 'location': [0.2, -0.2], 'corrAns': None}
122.2728 	EXP 	window1: mouseVisible = False
122.2853 	EXP 	grid_lines_2: autoDraw = False
122.2853 	EXP 	target_square_2: autoDraw = False
122.2853 	EXP 	fixation_3: autoDraw = False
122.2853 	EXP 	target_square_2: pos = array([ 0.2, -0.2])
122.2853 	EXP 	grid_lines_2: autoDraw = True
122.2853 	EXP 	target_square_2: autoDraw = True
123.2681 	EXP 	fixation_3: autoDraw = True
123.2852 	EXP 	target_square_2: autoDraw = False
124.2685 	EXP 	fixation_3: autoDraw = False
124.2715 	EXP 	New trial (rep=0, index=55): {'square': 3, 'location': [0.2, 0.2], 'corrAns': None}
124.2722 	EXP 	window1: mouseVisible = False
124.2946 	EXP 	grid_lines_2: autoDraw = False
124.2946 	EXP 	target_square_2: autoDraw = False
124.2946 	EXP 	fixation_3: autoDraw = False
124.2946 	EXP 	target_square_2: pos = array([0.2, 0.2])
124.2946 	EXP 	grid_lines_2: autoDraw = True
124.2946 	EXP 	target_square_2: autoDraw = True
125.2688 	EXP 	fixation_3: autoDraw = True
125.3022 	EXP 	target_square_2: autoDraw = False
126.2690 	EXP 	fixation_3: autoDraw = False
126.2719 	EXP 	New trial (rep=0, index=56): {'square': 9, 'location': [0.2, -0.2], 'corrAns': 1}
126.2725 	EXP 	window1: mouseVisible = False
126.2858 	EXP 	grid_lines_2: autoDraw = False
126.2858 	EXP 	target_square_2: autoDraw = False
126.2858 	EXP 	fixation_3: autoDraw = False
126.2858 	EXP 	target_square_2: pos = array([ 0.2, -0.2])
126.2858 	EXP 	grid_lines_2: autoDraw = True
126.2858 	EXP 	target_square_2: autoDraw = True
127.2696 	EXP 	fixation_3: autoDraw = True
127.2863 	EXP 	target_square_2: autoDraw = False
128.2697 	EXP 	fixation_3: autoDraw = False
128.2725 	EXP 	New trial (rep=0, index=57): {'square': 6, 'location': [0.2, 0], 'corrAns': None}
128.2732 	EXP 	window1: mouseVisible = False
128.2868 	EXP 	grid_lines_2: autoDraw = False
128.2868 	EXP 	target_square_2: autoDraw = False
128.2868 	EXP 	fixation_3: autoDraw = False
128.2868 	EXP 	target_square_2: pos = array([0.2, 0. ])
128.2868 	EXP 	grid_lines_2: autoDraw = True
128.2868 	EXP 	target_square_2: autoDraw = True
129.2704 	EXP 	fixation_3: autoDraw = True
129.2873 	EXP 	target_square_2: autoDraw = False
130.2572 	EXP 	New trial (rep=0, index=58): {'square': 2, 'location': [0, 0.2], 'corrAns': None}
130.2579 	EXP 	window1: mouseVisible = False
130.2711 	EXP 	grid_lines_2: autoDraw = False
130.2711 	EXP 	target_square_2: autoDraw = False
130.2711 	EXP 	fixation_3: autoDraw = False
130.2711 	EXP 	target_square_2: pos = array([0. , 0.2])
130.2711 	EXP 	grid_lines_2: autoDraw = True
130.2711 	EXP 	target_square_2: autoDraw = True
131.2547 	EXP 	fixation_3: autoDraw = True
131.2715 	EXP 	target_square_2: autoDraw = False
132.2550 	EXP 	fixation_3: autoDraw = False
132.2579 	EXP 	New trial (rep=0, index=59): {'square': 5, 'location': [0, 0], 'corrAns': None}
132.2584 	EXP 	window1: mouseVisible = False
132.2718 	EXP 	grid_lines_2: autoDraw = False
132.2718 	EXP 	target_square_2: autoDraw = False
132.2718 	EXP 	fixation_3: autoDraw = False
132.2718 	EXP 	target_square_2: pos = array([0., 0.])
132.2718 	EXP 	grid_lines_2: autoDraw = True
132.2718 	EXP 	target_square_2: autoDraw = True
133.2556 	EXP 	fixation_3: autoDraw = True
133.2724 	EXP 	target_square_2: autoDraw = False
134.2563 	EXP 	fixation_3: autoDraw = False
134.2592 	EXP 	New trial (rep=0, index=60): {'square': 5, 'location': [0, 0], 'corrAns': None}
134.2598 	EXP 	window1: mouseVisible = False
134.2728 	EXP 	grid_lines_2: autoDraw = False
134.2728 	EXP 	target_square_2: autoDraw = False
134.2728 	EXP 	fixation_3: autoDraw = False
134.2728 	EXP 	target_square_2: pos = array([0., 0.])
134.2728 	EXP 	grid_lines_2: autoDraw = True
134.2728 	EXP 	target_square_2: autoDraw = True
135.2566 	EXP 	fixation_3: autoDraw = True
135.2732 	EXP 	target_square_2: autoDraw = False
136.2573 	EXP 	fixation_3: autoDraw = False
136.2602 	EXP 	New trial (rep=0, index=61): {'square': 2, 'location': [0, 0.2], 'corrAns': None}
136.2608 	EXP 	window1: mouseVisible = False
136.2741 	EXP 	grid_lines_2: autoDraw = False
136.2741 	EXP 	target_square_2: autoDraw = False
136.2741 	EXP 	fixation_3: autoDraw = False
136.2741 	EXP 	target_square_2: pos = array([0. , 0.2])
136.2741 	EXP 	grid_lines_2: autoDraw = True
136.2741 	EXP 	target_square_2: autoDraw = True
137.2580 	EXP 	fixation_3: autoDraw = True
137.2752 	EXP 	target_square_2: autoDraw = False
138.2592 	EXP 	fixation_3: autoDraw = False
138.2628 	EXP 	New trial (rep=0, index=62): {'square': 6, 'location': [0.2, 0], 'corrAns': None}
138.2635 	EXP 	window1: mouseVisible = False
138.2843 	EXP 	grid_lines_2: autoDraw = False
138.2843 	EXP 	target_square_2: autoDraw = False
138.2843 	EXP 	fixation_3: autoDraw = False
138.2843 	EXP 	target_square_2: pos = array([0.2, 0. ])
138.2843 	EXP 	grid_lines_2: autoDraw = True
138.2843 	EXP 	target_square_2: autoDraw = True
139.2750 	EXP 	fixation_3: autoDraw = True
139.2926 	EXP 	target_square_2: autoDraw = False
140.2621 	EXP 	New trial (rep=0, index=63): {'square': 9, 'location': [0.2, -0.2], 'corrAns': None}
140.2627 	EXP 	window1: mouseVisible = False
140.2766 	EXP 	grid_lines_2: autoDraw = False
140.2766 	EXP 	target_square_2: autoDraw = False
140.2766 	EXP 	fixation_3: autoDraw = False
140.2766 	EXP 	target_square_2: pos = array([ 0.2, -0.2])
140.2766 	EXP 	grid_lines_2: autoDraw = True
140.2766 	EXP 	target_square_2: autoDraw = True
141.2594 	EXP 	fixation_3: autoDraw = True
141.2764 	EXP 	target_square_2: autoDraw = False
142.2609 	EXP 	fixation_3: autoDraw = False
142.2638 	EXP 	New trial (rep=0, index=64): {'square': 3, 'location': [0.2, 0.2], 'corrAns': None}
142.2645 	EXP 	window1: mouseVisible = False
142.2773 	EXP 	grid_lines_2: autoDraw = False
142.2773 	EXP 	target_square_2: autoDraw = False
142.2773 	EXP 	fixation_3: autoDraw = False
142.2773 	EXP 	target_square_2: pos = array([0.2, 0.2])
142.2773 	EXP 	grid_lines_2: autoDraw = True
142.2773 	EXP 	target_square_2: autoDraw = True
143.2687 	EXP 	fixation_3: autoDraw = True
143.2781 	EXP 	target_square_2: autoDraw = False
144.2663 	EXP 	New trial (rep=0, index=65): {'square': 9, 'location': [0.2, -0.2], 'corrAns': 1}
144.2673 	EXP 	window1: mouseVisible = False
144.2791 	EXP 	grid_lines_2: autoDraw = False
144.2791 	EXP 	target_square_2: autoDraw = False
144.2791 	EXP 	fixation_3: autoDraw = False
144.2791 	EXP 	target_square_2: pos = array([ 0.2, -0.2])
144.2791 	EXP 	grid_lines_2: autoDraw = True
144.2791 	EXP 	target_square_2: autoDraw = True
145.2624 	EXP 	fixation_3: autoDraw = True
145.2784 	EXP 	target_square_2: autoDraw = False
146.2623 	EXP 	fixation_3: autoDraw = False
146.2656 	EXP 	New trial (rep=0, index=66): {'square': 7, 'location': [-0.2, -0.2], 'corrAns': None}
146.2664 	EXP 	window1: mouseVisible = False
146.2792 	EXP 	grid_lines_2: autoDraw = False
146.2792 	EXP 	target_square_2: autoDraw = False
146.2792 	EXP 	fixation_3: autoDraw = False
146.2792 	EXP 	target_square_2: pos = array([-0.2, -0.2])
146.2792 	EXP 	grid_lines_2: autoDraw = True
146.2792 	EXP 	target_square_2: autoDraw = True
147.2635 	EXP 	fixation_3: autoDraw = True
147.2791 	EXP 	target_square_2: autoDraw = False
148.2662 	EXP 	fixation_3: autoDraw = False
148.2691 	EXP 	New trial (rep=0, index=67): {'square': 1, 'location': [-0.2, 0.2], 'corrAns': None}
148.2699 	EXP 	window1: mouseVisible = False
148.2831 	EXP 	grid_lines_2: autoDraw = False
148.2831 	EXP 	target_square_2: autoDraw = False
148.2831 	EXP 	fixation_3: autoDraw = False
148.2831 	EXP 	target_square_2: pos = array([-0.2,  0.2])
148.2831 	EXP 	grid_lines_2: autoDraw = True
148.2831 	EXP 	target_square_2: autoDraw = True
149.2671 	EXP 	fixation_3: autoDraw = True
149.2804 	EXP 	target_square_2: autoDraw = False
150.2676 	EXP 	New trial (rep=0, index=68): {'square': 5, 'location': [0, 0], 'corrAns': None}
150.2682 	EXP 	window1: mouseVisible = False
150.2802 	EXP 	grid_lines_2: autoDraw = False
150.2802 	EXP 	target_square_2: autoDraw = False
150.2802 	EXP 	fixation_3: autoDraw = False
150.2802 	EXP 	target_square_2: pos = array([0., 0.])
150.2802 	EXP 	grid_lines_2: autoDraw = True
150.2802 	EXP 	target_square_2: autoDraw = True
151.2668 	EXP 	fixation_3: autoDraw = True
151.2846 	EXP 	target_square_2: autoDraw = False
152.2683 	EXP 	New trial (rep=0, index=69): {'square': 7, 'location': [-0.2, -0.2], 'corrAns': None}
152.2690 	EXP 	window1: mouseVisible = False
152.2815 	EXP 	grid_lines_2: autoDraw = False
152.2815 	EXP 	target_square_2: autoDraw = False
152.2815 	EXP 	fixation_3: autoDraw = False
152.2815 	EXP 	target_square_2: pos = array([-0.2, -0.2])
152.2815 	EXP 	grid_lines_2: autoDraw = True
152.2815 	EXP 	target_square_2: autoDraw = True
153.2657 	EXP 	fixation_3: autoDraw = True
153.2814 	EXP 	target_square_2: autoDraw = False
154.2663 	EXP 	fixation_3: autoDraw = False
154.2692 	EXP 	New trial (rep=0, index=70): {'square': 5, 'location': [0, 0], 'corrAns': 1}
154.2698 	EXP 	window1: mouseVisible = False
154.2823 	EXP 	grid_lines_2: autoDraw = False
154.2823 	EXP 	target_square_2: autoDraw = False
154.2823 	EXP 	fixation_3: autoDraw = False
154.2823 	EXP 	target_square_2: pos = array([0., 0.])
154.2823 	EXP 	grid_lines_2: autoDraw = True
154.2823 	EXP 	target_square_2: autoDraw = True
155.2674 	EXP 	fixation_3: autoDraw = True
155.2824 	EXP 	target_square_2: autoDraw = False
156.2671 	EXP 	fixation_3: autoDraw = False
156.2700 	EXP 	New trial (rep=0, index=71): {'square': 6, 'location': [0.2, 0], 'corrAns': None}
156.2706 	EXP 	window1: mouseVisible = False
156.2832 	EXP 	grid_lines_2: autoDraw = False
156.2832 	EXP 	target_square_2: autoDraw = False
156.2832 	EXP 	fixation_3: autoDraw = False
156.2832 	EXP 	target_square_2: pos = array([0.2, 0. ])
156.2832 	EXP 	grid_lines_2: autoDraw = True
156.2832 	EXP 	target_square_2: autoDraw = True
157.2677 	EXP 	fixation_3: autoDraw = True
157.2832 	EXP 	target_square_2: autoDraw = False
158.2680 	EXP 	fixation_3: autoDraw = False
158.2708 	EXP 	New trial (rep=0, index=72): {'square': 3, 'location': [0.2, 0.2], 'corrAns': None}
158.2715 	EXP 	window1: mouseVisible = False
158.2837 	EXP 	grid_lines_2: autoDraw = False
158.2837 	EXP 	target_square_2: autoDraw = False
158.2837 	EXP 	fixation_3: autoDraw = False
158.2837 	EXP 	target_square_2: pos = array([0.2, 0.2])
158.2837 	EXP 	grid_lines_2: autoDraw = True
158.2837 	EXP 	target_square_2: autoDraw = True
159.2689 	EXP 	fixation_3: autoDraw = True
159.2846 	EXP 	target_square_2: autoDraw = False
160.2691 	EXP 	fixation_3: autoDraw = False
160.2721 	EXP 	New trial (rep=0, index=73): {'square': 6, 'location': [0.2, 0], 'corrAns': 1}
160.2727 	EXP 	window1: mouseVisible = False
160.2849 	EXP 	grid_lines_2: autoDraw = False
160.2849 	EXP 	target_square_2: autoDraw = False
160.2849 	EXP 	fixation_3: autoDraw = False
160.2849 	EXP 	target_square_2: pos = array([0.2, 0. ])
160.2849 	EXP 	grid_lines_2: autoDraw = True
160.2849 	EXP 	target_square_2: autoDraw = True
161.2696 	EXP 	fixation_3: autoDraw = True
161.2853 	EXP 	target_square_2: autoDraw = False
162.2699 	EXP 	fixation_3: autoDraw = False
162.2729 	EXP 	New trial (rep=0, index=74): {'square': 8, 'location': [0, -0.2], 'corrAns': None}
162.2736 	EXP 	window1: mouseVisible = False
162.2859 	EXP 	grid_lines_2: autoDraw = False
162.2859 	EXP 	target_square_2: autoDraw = False
162.2859 	EXP 	fixation_3: autoDraw = False
162.2859 	EXP 	target_square_2: pos = array([ 0. , -0.2])
162.2859 	EXP 	grid_lines_2: autoDraw = True
162.2859 	EXP 	target_square_2: autoDraw = True
163.2706 	EXP 	fixation_3: autoDraw = True
163.2862 	EXP 	target_square_2: autoDraw = False
164.2564 	EXP 	New trial (rep=0, index=75): {'square': 9, 'location': [0.2, -0.2], 'corrAns': None}
164.2572 	EXP 	window1: mouseVisible = False
164.2710 	EXP 	grid_lines_2: autoDraw = False
164.2710 	EXP 	target_square_2: autoDraw = False
164.2710 	EXP 	fixation_3: autoDraw = False
164.2710 	EXP 	target_square_2: pos = array([ 0.2, -0.2])
164.2710 	EXP 	grid_lines_2: autoDraw = True
164.2710 	EXP 	target_square_2: autoDraw = True
165.2537 	EXP 	fixation_3: autoDraw = True
165.2720 	EXP 	target_square_2: autoDraw = False
166.2583 	EXP 	fixation_3: autoDraw = False
166.2612 	EXP 	New trial (rep=0, index=76): {'square': 9, 'location': [0.2, -0.2], 'corrAns': None}
166.2618 	EXP 	window1: mouseVisible = False
166.2750 	EXP 	grid_lines_2: autoDraw = False
166.2750 	EXP 	target_square_2: autoDraw = False
166.2750 	EXP 	fixation_3: autoDraw = False
166.2750 	EXP 	target_square_2: pos = array([ 0.2, -0.2])
166.2750 	EXP 	grid_lines_2: autoDraw = True
166.2750 	EXP 	target_square_2: autoDraw = True
167.2547 	EXP 	fixation_3: autoDraw = True
167.2883 	EXP 	target_square_2: autoDraw = False
168.2554 	EXP 	fixation_3: autoDraw = False
168.2587 	EXP 	New trial (rep=0, index=77): {'square': 1, 'location': [-0.2, 0.2], 'corrAns': None}
168.2594 	EXP 	window1: mouseVisible = False
168.2725 	EXP 	grid_lines_2: autoDraw = False
168.2725 	EXP 	target_square_2: autoDraw = False
168.2725 	EXP 	fixation_3: autoDraw = False
168.2725 	EXP 	target_square_2: pos = array([-0.2,  0.2])
168.2725 	EXP 	grid_lines_2: autoDraw = True
168.2725 	EXP 	target_square_2: autoDraw = True
169.2557 	EXP 	fixation_3: autoDraw = True
169.2733 	EXP 	target_square_2: autoDraw = False
170.2561 	EXP 	fixation_3: autoDraw = False
170.2590 	EXP 	New trial (rep=0, index=78): {'square': 3, 'location': [0.2, 0.2], 'corrAns': None}
170.2596 	EXP 	window1: mouseVisible = False
170.2732 	EXP 	grid_lines_2: autoDraw = False
170.2732 	EXP 	target_square_2: autoDraw = False
170.2732 	EXP 	fixation_3: autoDraw = False
170.2732 	EXP 	target_square_2: pos = array([0.2, 0.2])
170.2732 	EXP 	grid_lines_2: autoDraw = True
170.2732 	EXP 	target_square_2: autoDraw = True
171.2565 	EXP 	fixation_3: autoDraw = True
171.2739 	EXP 	target_square_2: autoDraw = False
172.2572 	EXP 	fixation_3: autoDraw = False
172.2602 	EXP 	New trial (rep=0, index=79): {'square': 5, 'location': [0, 0], 'corrAns': None}
172.2607 	EXP 	window1: mouseVisible = False
172.2742 	EXP 	grid_lines_2: autoDraw = False
172.2742 	EXP 	target_square_2: autoDraw = False
172.2742 	EXP 	fixation_3: autoDraw = False
172.2742 	EXP 	target_square_2: pos = array([0., 0.])
172.2742 	EXP 	grid_lines_2: autoDraw = True
172.2742 	EXP 	target_square_2: autoDraw = True
173.2575 	EXP 	fixation_3: autoDraw = True
173.2748 	EXP 	target_square_2: autoDraw = False
174.2581 	EXP 	fixation_3: autoDraw = False
174.2609 	EXP 	New trial (rep=0, index=80): {'square': 3, 'location': [0.2, 0.2], 'corrAns': 1}
174.2617 	EXP 	window1: mouseVisible = False
174.2754 	EXP 	grid_lines_2: autoDraw = False
174.2754 	EXP 	target_square_2: autoDraw = False
174.2754 	EXP 	fixation_3: autoDraw = False
174.2754 	EXP 	target_square_2: pos = array([0.2, 0.2])
174.2754 	EXP 	grid_lines_2: autoDraw = True
174.2754 	EXP 	target_square_2: autoDraw = True
175.2587 	EXP 	fixation_3: autoDraw = True
175.2761 	EXP 	target_square_2: autoDraw = False
176.2590 	EXP 	fixation_3: autoDraw = False
176.2619 	EXP 	New trial (rep=0, index=81): {'square': 4, 'location': [-0.2, 0], 'corrAns': None}
176.2625 	EXP 	window1: mouseVisible = False
176.2762 	EXP 	grid_lines_2: autoDraw = False
176.2762 	EXP 	target_square_2: autoDraw = False
176.2762 	EXP 	fixation_3: autoDraw = False
176.2762 	EXP 	target_square_2: pos = array([-0.2,  0. ])
176.2762 	EXP 	grid_lines_2: autoDraw = True
176.2762 	EXP 	target_square_2: autoDraw = True
177.2595 	EXP 	fixation_3: autoDraw = True
177.2766 	EXP 	target_square_2: autoDraw = False
178.2604 	EXP 	fixation_3: autoDraw = False
178.2632 	EXP 	New trial (rep=0, index=82): {'square': 7, 'location': [-0.2, -0.2], 'corrAns': None}
178.2638 	EXP 	window1: mouseVisible = False
178.2764 	EXP 	grid_lines_2: autoDraw = False
178.2764 	EXP 	target_square_2: autoDraw = False
178.2764 	EXP 	fixation_3: autoDraw = False
178.2764 	EXP 	target_square_2: pos = array([-0.2, -0.2])
178.2764 	EXP 	grid_lines_2: autoDraw = True
178.2764 	EXP 	target_square_2: autoDraw = True
179.2609 	EXP 	fixation_3: autoDraw = True
179.2771 	EXP 	target_square_2: autoDraw = False
180.2614 	EXP 	fixation_3: autoDraw = False
180.2642 	EXP 	New trial (rep=0, index=83): {'square': 4, 'location': [-0.2, 0], 'corrAns': 1}
180.2649 	EXP 	window1: mouseVisible = False
180.2776 	EXP 	grid_lines_2: autoDraw = False
180.2776 	EXP 	target_square_2: autoDraw = False
180.2776 	EXP 	fixation_3: autoDraw = False
180.2776 	EXP 	target_square_2: pos = array([-0.2,  0. ])
180.2776 	EXP 	grid_lines_2: autoDraw = True
180.2776 	EXP 	target_square_2: autoDraw = True
181.2619 	EXP 	fixation_3: autoDraw = True
181.2778 	EXP 	target_square_2: autoDraw = False
182.2624 	EXP 	fixation_3: autoDraw = False
182.2652 	EXP 	New trial (rep=0, index=84): {'square': 4, 'location': [-0.2, 0], 'corrAns': None}
182.2658 	EXP 	window1: mouseVisible = False
182.2782 	EXP 	grid_lines_2: autoDraw = False
182.2782 	EXP 	target_square_2: autoDraw = False
182.2782 	EXP 	fixation_3: autoDraw = False
182.2782 	EXP 	target_square_2: pos = array([-0.2,  0. ])
182.2782 	EXP 	grid_lines_2: autoDraw = True
182.2782 	EXP 	target_square_2: autoDraw = True
183.2629 	EXP 	fixation_3: autoDraw = True
183.2794 	EXP 	target_square_2: autoDraw = False
184.2632 	EXP 	fixation_3: autoDraw = False
184.2662 	EXP 	New trial (rep=0, index=85): {'square': 5, 'location': [0, 0], 'corrAns': None}
184.2668 	EXP 	window1: mouseVisible = False
184.2795 	EXP 	grid_lines_2: autoDraw = False
184.2795 	EXP 	target_square_2: autoDraw = False
184.2795 	EXP 	fixation_3: autoDraw = False
184.2795 	EXP 	target_square_2: pos = array([0., 0.])
184.2795 	EXP 	grid_lines_2: autoDraw = True
184.2795 	EXP 	target_square_2: autoDraw = True
185.2638 	EXP 	fixation_3: autoDraw = True
185.2799 	EXP 	target_square_2: autoDraw = False
186.2641 	EXP 	fixation_3: autoDraw = False
186.2669 	EXP 	New trial (rep=0, index=86): {'square': 2, 'location': [0, 0.2], 'corrAns': None}
186.2676 	EXP 	window1: mouseVisible = False
186.2801 	EXP 	grid_lines_2: autoDraw = False
186.2801 	EXP 	target_square_2: autoDraw = False
186.2801 	EXP 	fixation_3: autoDraw = False
186.2801 	EXP 	target_square_2: pos = array([0. , 0.2])
186.2801 	EXP 	grid_lines_2: autoDraw = True
186.2801 	EXP 	target_square_2: autoDraw = True
187.2647 	EXP 	fixation_3: autoDraw = True
187.2807 	EXP 	target_square_2: autoDraw = False
188.2655 	EXP 	fixation_3: autoDraw = False
188.2684 	EXP 	New trial (rep=0, index=87): {'square': 6, 'location': [0.2, 0], 'corrAns': None}
188.2690 	EXP 	window1: mouseVisible = False
188.2816 	EXP 	grid_lines_2: autoDraw = False
188.2816 	EXP 	target_square_2: autoDraw = False
188.2816 	EXP 	fixation_3: autoDraw = False
188.2816 	EXP 	target_square_2: pos = array([0.2, 0. ])
188.2816 	EXP 	grid_lines_2: autoDraw = True
188.2816 	EXP 	target_square_2: autoDraw = True
189.2649 	EXP 	fixation_3: autoDraw = True
189.2818 	EXP 	target_square_2: autoDraw = False
190.2654 	EXP 	fixation_3: autoDraw = False
190.2683 	EXP 	New trial (rep=0, index=88): {'square': 7, 'location': [-0.2, -0.2], 'corrAns': None}
190.2689 	EXP 	window1: mouseVisible = False
190.2820 	EXP 	grid_lines_2: autoDraw = False
190.2820 	EXP 	target_square_2: autoDraw = False
190.2820 	EXP 	fixation_3: autoDraw = False
190.2820 	EXP 	target_square_2: pos = array([-0.2, -0.2])
190.2820 	EXP 	grid_lines_2: autoDraw = True
190.2820 	EXP 	target_square_2: autoDraw = True
191.2658 	EXP 	fixation_3: autoDraw = True
191.2825 	EXP 	target_square_2: autoDraw = False
192.2664 	EXP 	fixation_3: autoDraw = False
192.2694 	EXP 	New trial (rep=0, index=89): {'square': 6, 'location': [0.2, 0], 'corrAns': 1}
192.2701 	EXP 	window1: mouseVisible = False
192.2830 	EXP 	grid_lines_2: autoDraw = False
192.2830 	EXP 	target_square_2: autoDraw = False
192.2830 	EXP 	fixation_3: autoDraw = False
192.2830 	EXP 	target_square_2: pos = array([0.2, 0. ])
192.2830 	EXP 	grid_lines_2: autoDraw = True
192.2830 	EXP 	target_square_2: autoDraw = True
193.2669 	EXP 	fixation_3: autoDraw = True
193.2834 	EXP 	target_square_2: autoDraw = False
194.2673 	EXP 	fixation_3: autoDraw = False
194.2701 	EXP 	New trial (rep=0, index=90): {'square': 6, 'location': [0.2, 0], 'corrAns': None}
194.2709 	EXP 	window1: mouseVisible = False
194.2842 	EXP 	grid_lines_2: autoDraw = False
194.2842 	EXP 	target_square_2: autoDraw = False
194.2842 	EXP 	fixation_3: autoDraw = False
194.2842 	EXP 	target_square_2: pos = array([0.2, 0. ])
194.2842 	EXP 	grid_lines_2: autoDraw = True
194.2842 	EXP 	target_square_2: autoDraw = True
195.2677 	EXP 	fixation_3: autoDraw = True
195.2844 	EXP 	target_square_2: autoDraw = False
196.2682 	EXP 	fixation_3: autoDraw = False
196.2711 	EXP 	New trial (rep=0, index=91): {'square': 7, 'location': [-0.2, -0.2], 'corrAns': None}
196.2717 	EXP 	window1: mouseVisible = False
196.2849 	EXP 	grid_lines_2: autoDraw = False
196.2849 	EXP 	target_square_2: autoDraw = False
196.2849 	EXP 	fixation_3: autoDraw = False
196.2849 	EXP 	target_square_2: pos = array([-0.2, -0.2])
196.2849 	EXP 	grid_lines_2: autoDraw = True
196.2849 	EXP 	target_square_2: autoDraw = True
197.2687 	EXP 	fixation_3: autoDraw = True
197.2853 	EXP 	target_square_2: autoDraw = False
198.2693 	EXP 	fixation_3: autoDraw = False
198.2721 	EXP 	New trial (rep=0, index=92): {'square': 6, 'location': [0.2, 0], 'corrAns': 1}
198.2729 	EXP 	window1: mouseVisible = False
198.2859 	EXP 	grid_lines_2: autoDraw = False
198.2859 	EXP 	target_square_2: autoDraw = False
198.2859 	EXP 	fixation_3: autoDraw = False
198.2859 	EXP 	target_square_2: pos = array([0.2, 0. ])
198.2859 	EXP 	grid_lines_2: autoDraw = True
198.2859 	EXP 	target_square_2: autoDraw = True
199.2697 	EXP 	fixation_3: autoDraw = True
199.2866 	EXP 	target_square_2: autoDraw = False
200.2566 	EXP 	New trial (rep=0, index=93): {'square': 2, 'location': [0, 0.2], 'corrAns': None}
200.2573 	EXP 	window1: mouseVisible = False
200.2700 	EXP 	grid_lines_2: autoDraw = False
200.2700 	EXP 	target_square_2: autoDraw = False
200.2700 	EXP 	fixation_3: autoDraw = False
200.2700 	EXP 	target_square_2: pos = array([0. , 0.2])
200.2700 	EXP 	grid_lines_2: autoDraw = True
200.2700 	EXP 	target_square_2: autoDraw = True
201.2539 	EXP 	fixation_3: autoDraw = True
201.2706 	EXP 	target_square_2: autoDraw = False
202.2544 	EXP 	fixation_3: autoDraw = False
202.2572 	EXP 	New trial (rep=0, index=94): {'square': 5, 'location': [0, 0], 'corrAns': None}
202.2578 	EXP 	window1: mouseVisible = False
202.2710 	EXP 	grid_lines_2: autoDraw = False
202.2710 	EXP 	target_square_2: autoDraw = False
202.2710 	EXP 	fixation_3: autoDraw = False
202.2710 	EXP 	target_square_2: pos = array([0., 0.])
202.2710 	EXP 	grid_lines_2: autoDraw = True
202.2710 	EXP 	target_square_2: autoDraw = True
203.2577 	EXP 	fixation_3: autoDraw = True
203.2755 	EXP 	target_square_2: autoDraw = False
204.2582 	EXP 	New trial (rep=0, index=95): {'square': 4, 'location': [-0.2, 0], 'corrAns': None}
204.2589 	EXP 	window1: mouseVisible = False
204.2720 	EXP 	grid_lines_2: autoDraw = False
204.2720 	EXP 	target_square_2: autoDraw = False
204.2720 	EXP 	fixation_3: autoDraw = False
204.2720 	EXP 	target_square_2: pos = array([-0.2,  0. ])
204.2720 	EXP 	grid_lines_2: autoDraw = True
204.2720 	EXP 	target_square_2: autoDraw = True
205.2559 	EXP 	fixation_3: autoDraw = True
205.2729 	EXP 	target_square_2: autoDraw = False
206.2562 	EXP 	fixation_3: autoDraw = False
206.2591 	EXP 	New trial (rep=0, index=96): {'square': 4, 'location': [-0.2, 0], 'corrAns': None}
206.2597 	EXP 	window1: mouseVisible = False
206.2728 	EXP 	grid_lines_2: autoDraw = False
206.2728 	EXP 	target_square_2: autoDraw = False
206.2728 	EXP 	fixation_3: autoDraw = False
206.2728 	EXP 	target_square_2: pos = array([-0.2,  0. ])
206.2728 	EXP 	grid_lines_2: autoDraw = True
206.2728 	EXP 	target_square_2: autoDraw = True
207.2567 	EXP 	fixation_3: autoDraw = True
207.2734 	EXP 	target_square_2: autoDraw = False
208.2571 	EXP 	fixation_3: autoDraw = False
208.2600 	EXP 	New trial (rep=0, index=97): {'square': 7, 'location': [-0.2, -0.2], 'corrAns': None}
208.2606 	EXP 	window1: mouseVisible = False
208.2738 	EXP 	grid_lines_2: autoDraw = False
208.2738 	EXP 	target_square_2: autoDraw = False
208.2738 	EXP 	fixation_3: autoDraw = False
208.2738 	EXP 	target_square_2: pos = array([-0.2, -0.2])
208.2738 	EXP 	grid_lines_2: autoDraw = True
208.2738 	EXP 	target_square_2: autoDraw = True
209.2576 	EXP 	fixation_3: autoDraw = True
209.2742 	EXP 	target_square_2: autoDraw = False
210.2581 	EXP 	fixation_3: autoDraw = False
210.2610 	EXP 	New trial (rep=0, index=98): {'square': 4, 'location': [-0.2, 0], 'corrAns': 1}
210.2617 	EXP 	window1: mouseVisible = False
210.2750 	EXP 	grid_lines_2: autoDraw = False
210.2750 	EXP 	target_square_2: autoDraw = False
210.2750 	EXP 	fixation_3: autoDraw = False
210.2750 	EXP 	target_square_2: pos = array([-0.2,  0. ])
210.2750 	EXP 	grid_lines_2: autoDraw = True
210.2750 	EXP 	target_square_2: autoDraw = True
211.2584 	EXP 	fixation_3: autoDraw = True
211.2755 	EXP 	target_square_2: autoDraw = False
212.2592 	EXP 	fixation_3: autoDraw = False
212.2637 	EXP 	New trial (rep=0, index=99): {'square': 3, 'location': [0.2, 0.2], 'corrAns': None}
212.2648 	EXP 	window1: mouseVisible = False
212.2758 	EXP 	grid_lines_2: autoDraw = False
212.2758 	EXP 	target_square_2: autoDraw = False
212.2758 	EXP 	fixation_3: autoDraw = False
212.2758 	EXP 	target_square_2: pos = array([0.2, 0.2])
212.2758 	EXP 	grid_lines_2: autoDraw = True
212.2758 	EXP 	target_square_2: autoDraw = True
213.2598 	EXP 	fixation_3: autoDraw = True
213.2761 	EXP 	target_square_2: autoDraw = False
214.2600 	EXP 	fixation_3: autoDraw = False
214.2629 	EXP 	New trial (rep=0, index=100): {'square': 5, 'location': [0, 0], 'corrAns': None}
214.2635 	EXP 	window1: mouseVisible = False
214.2766 	EXP 	grid_lines_2: autoDraw = False
214.2766 	EXP 	target_square_2: autoDraw = False
214.2766 	EXP 	fixation_3: autoDraw = False
214.2766 	EXP 	target_square_2: pos = array([0., 0.])
214.2766 	EXP 	grid_lines_2: autoDraw = True
214.2766 	EXP 	target_square_2: autoDraw = True
215.2610 	EXP 	fixation_3: autoDraw = True
215.2771 	EXP 	target_square_2: autoDraw = False
216.2609 	EXP 	fixation_3: autoDraw = False
216.2637 	EXP 	New trial (rep=0, index=101): {'square': 3, 'location': [0.2, 0.2], 'corrAns': 1}
216.2644 	EXP 	window1: mouseVisible = False
216.2776 	EXP 	grid_lines_2: autoDraw = False
216.2776 	EXP 	target_square_2: autoDraw = False
216.2776 	EXP 	fixation_3: autoDraw = False
216.2776 	EXP 	target_square_2: pos = array([0.2, 0.2])
216.2776 	EXP 	grid_lines_2: autoDraw = True
216.2776 	EXP 	target_square_2: autoDraw = True
217.2614 	EXP 	fixation_3: autoDraw = True
217.2781 	EXP 	target_square_2: autoDraw = False
218.2619 	EXP 	fixation_3: autoDraw = False
218.2648 	EXP 	New trial (rep=0, index=102): {'square': 1, 'location': [-0.2, 0.2], 'corrAns': None}
218.2655 	EXP 	window1: mouseVisible = False
218.2785 	EXP 	grid_lines_2: autoDraw = False
218.2785 	EXP 	target_square_2: autoDraw = False
218.2785 	EXP 	fixation_3: autoDraw = False
218.2785 	EXP 	target_square_2: pos = array([-0.2,  0.2])
218.2785 	EXP 	grid_lines_2: autoDraw = True
218.2785 	EXP 	target_square_2: autoDraw = True
219.2624 	EXP 	fixation_3: autoDraw = True
219.2790 	EXP 	target_square_2: autoDraw = False
220.2626 	EXP 	fixation_3: autoDraw = False
220.2654 	EXP 	New trial (rep=0, index=103): {'square': 9, 'location': [0.2, -0.2], 'corrAns': None}
220.2661 	EXP 	window1: mouseVisible = False
220.2794 	EXP 	grid_lines_2: autoDraw = False
220.2794 	EXP 	target_square_2: autoDraw = False
220.2794 	EXP 	fixation_3: autoDraw = False
220.2794 	EXP 	target_square_2: pos = array([ 0.2, -0.2])
220.2794 	EXP 	grid_lines_2: autoDraw = True
220.2794 	EXP 	target_square_2: autoDraw = True
221.2631 	EXP 	fixation_3: autoDraw = True
221.2798 	EXP 	target_square_2: autoDraw = False
222.2636 	EXP 	fixation_3: autoDraw = False
222.2665 	EXP 	New trial (rep=0, index=104): {'square': 9, 'location': [0.2, -0.2], 'corrAns': None}
222.2671 	EXP 	window1: mouseVisible = False
222.2803 	EXP 	grid_lines_2: autoDraw = False
222.2803 	EXP 	target_square_2: autoDraw = False
222.2803 	EXP 	fixation_3: autoDraw = False
222.2803 	EXP 	target_square_2: pos = array([ 0.2, -0.2])
222.2803 	EXP 	grid_lines_2: autoDraw = True
222.2803 	EXP 	target_square_2: autoDraw = True
223.2641 	EXP 	fixation_3: autoDraw = True
223.2807 	EXP 	target_square_2: autoDraw = False
224.2647 	EXP 	fixation_3: autoDraw = False
224.2679 	EXP 	New trial (rep=0, index=105): {'square': 8, 'location': [0, -0.2], 'corrAns': None}
224.2688 	EXP 	window1: mouseVisible = False
224.2815 	EXP 	grid_lines_2: autoDraw = False
224.2815 	EXP 	target_square_2: autoDraw = False
224.2815 	EXP 	fixation_3: autoDraw = False
224.2815 	EXP 	target_square_2: pos = array([ 0. , -0.2])
224.2815 	EXP 	grid_lines_2: autoDraw = True
224.2815 	EXP 	target_square_2: autoDraw = True
225.2651 	EXP 	fixation_3: autoDraw = True
225.2818 	EXP 	target_square_2: autoDraw = False
226.2656 	EXP 	fixation_3: autoDraw = False
226.2685 	EXP 	New trial (rep=0, index=106): {'square': 6, 'location': [0.2, 0], 'corrAns': None}
226.2692 	EXP 	window1: mouseVisible = False
226.2824 	EXP 	grid_lines_2: autoDraw = False
226.2824 	EXP 	target_square_2: autoDraw = False
226.2824 	EXP 	fixation_3: autoDraw = False
226.2824 	EXP 	target_square_2: pos = array([0.2, 0. ])
226.2824 	EXP 	grid_lines_2: autoDraw = True
226.2824 	EXP 	target_square_2: autoDraw = True
227.2661 	EXP 	fixation_3: autoDraw = True
227.2830 	EXP 	target_square_2: autoDraw = False
228.2665 	EXP 	fixation_3: autoDraw = False
228.2694 	EXP 	New trial (rep=0, index=107): {'square': 3, 'location': [0.2, 0.2], 'corrAns': None}
228.2700 	EXP 	window1: mouseVisible = False
228.2834 	EXP 	grid_lines_2: autoDraw = False
228.2834 	EXP 	target_square_2: autoDraw = False
228.2834 	EXP 	fixation_3: autoDraw = False
228.2834 	EXP 	target_square_2: pos = array([0.2, 0.2])
228.2834 	EXP 	grid_lines_2: autoDraw = True
228.2834 	EXP 	target_square_2: autoDraw = True
229.2669 	EXP 	fixation_3: autoDraw = True
229.2835 	EXP 	target_square_2: autoDraw = False
230.2675 	EXP 	fixation_3: autoDraw = False
230.2704 	EXP 	New trial (rep=0, index=108): {'square': 6, 'location': [0.2, 0], 'corrAns': 1}
230.2710 	EXP 	window1: mouseVisible = False
230.2845 	EXP 	grid_lines_2: autoDraw = False
230.2845 	EXP 	target_square_2: autoDraw = False
230.2845 	EXP 	fixation_3: autoDraw = False
230.2845 	EXP 	target_square_2: pos = array([0.2, 0. ])
230.2845 	EXP 	grid_lines_2: autoDraw = True
230.2845 	EXP 	target_square_2: autoDraw = True
231.2679 	EXP 	fixation_3: autoDraw = True
231.2845 	EXP 	target_square_2: autoDraw = False
232.2690 	EXP 	fixation_3: autoDraw = False
232.2719 	EXP 	New trial (rep=0, index=109): {'square': 5, 'location': [0, 0], 'corrAns': None}
232.2725 	EXP 	window1: mouseVisible = False
232.2851 	EXP 	grid_lines_2: autoDraw = False
232.2851 	EXP 	target_square_2: autoDraw = False
232.2851 	EXP 	fixation_3: autoDraw = False
232.2851 	EXP 	target_square_2: pos = array([0., 0.])
232.2851 	EXP 	grid_lines_2: autoDraw = True
232.2851 	EXP 	target_square_2: autoDraw = True
233.2689 	EXP 	fixation_3: autoDraw = True
233.2855 	EXP 	target_square_2: autoDraw = False
234.2694 	EXP 	fixation_3: autoDraw = False
234.2722 	EXP 	New trial (rep=0, index=110): {'square': 7, 'location': [-0.2, -0.2], 'corrAns': None}
234.2730 	EXP 	window1: mouseVisible = False
234.2859 	EXP 	grid_lines_2: autoDraw = False
234.2859 	EXP 	target_square_2: autoDraw = False
234.2859 	EXP 	fixation_3: autoDraw = False
234.2859 	EXP 	target_square_2: pos = array([-0.2, -0.2])
234.2859 	EXP 	grid_lines_2: autoDraw = True
234.2859 	EXP 	target_square_2: autoDraw = True
235.2698 	EXP 	fixation_3: autoDraw = True
235.2865 	EXP 	target_square_2: autoDraw = False
236.2565 	EXP 	New trial (rep=0, index=111): {'square': 5, 'location': [0, 0], 'corrAns': 1}
236.2570 	EXP 	window1: mouseVisible = False
236.2702 	EXP 	grid_lines_2: autoDraw = False
236.2702 	EXP 	target_square_2: autoDraw = False
236.2702 	EXP 	fixation_3: autoDraw = False
236.2702 	EXP 	target_square_2: pos = array([0., 0.])
236.2702 	EXP 	grid_lines_2: autoDraw = True
236.2702 	EXP 	target_square_2: autoDraw = True
237.2541 	EXP 	fixation_3: autoDraw = True
237.2709 	EXP 	target_square_2: autoDraw = False
238.2546 	EXP 	fixation_3: autoDraw = False
238.2574 	EXP 	New trial (rep=0, index=112): {'square': 1, 'location': [-0.2, 0.2], 'corrAns': None}
238.2581 	EXP 	window1: mouseVisible = False
238.2712 	EXP 	grid_lines_2: autoDraw = False
238.2712 	EXP 	target_square_2: autoDraw = False
238.2712 	EXP 	fixation_3: autoDraw = False
238.2712 	EXP 	target_square_2: pos = array([-0.2,  0.2])
238.2712 	EXP 	grid_lines_2: autoDraw = True
238.2712 	EXP 	target_square_2: autoDraw = True
239.2553 	EXP 	fixation_3: autoDraw = True
239.2716 	EXP 	target_square_2: autoDraw = False
240.2554 	EXP 	fixation_3: autoDraw = False
240.2586 	EXP 	New trial (rep=0, index=113): {'square': 7, 'location': [-0.2, -0.2], 'corrAns': None}
240.2592 	EXP 	window1: mouseVisible = False
240.2723 	EXP 	grid_lines_2: autoDraw = False
240.2723 	EXP 	target_square_2: autoDraw = False
240.2723 	EXP 	fixation_3: autoDraw = False
240.2723 	EXP 	target_square_2: pos = array([-0.2, -0.2])
240.2723 	EXP 	grid_lines_2: autoDraw = True
240.2723 	EXP 	target_square_2: autoDraw = True
241.2562 	EXP 	fixation_3: autoDraw = True
241.2730 	EXP 	target_square_2: autoDraw = False
242.2566 	EXP 	fixation_3: autoDraw = False
242.2595 	EXP 	New trial (rep=0, index=114): {'square': 9, 'location': [0.2, -0.2], 'corrAns': None}
242.2602 	EXP 	window1: mouseVisible = False
242.2731 	EXP 	grid_lines_2: autoDraw = False
242.2731 	EXP 	target_square_2: autoDraw = False
242.2731 	EXP 	fixation_3: autoDraw = False
242.2731 	EXP 	target_square_2: pos = array([ 0.2, -0.2])
242.2731 	EXP 	grid_lines_2: autoDraw = True
242.2731 	EXP 	target_square_2: autoDraw = True
243.2568 	EXP 	fixation_3: autoDraw = True
243.2735 	EXP 	target_square_2: autoDraw = False
244.2575 	EXP 	fixation_3: autoDraw = False
244.2604 	EXP 	New trial (rep=0, index=115): {'square': 3, 'location': [0.2, 0.2], 'corrAns': None}
244.2611 	EXP 	window1: mouseVisible = False
244.2740 	EXP 	grid_lines_2: autoDraw = False
244.2740 	EXP 	target_square_2: autoDraw = False
244.2740 	EXP 	fixation_3: autoDraw = False
244.2740 	EXP 	target_square_2: pos = array([0.2, 0.2])
244.2740 	EXP 	grid_lines_2: autoDraw = True
244.2740 	EXP 	target_square_2: autoDraw = True
245.2578 	EXP 	fixation_3: autoDraw = True
245.2745 	EXP 	target_square_2: autoDraw = False
246.2583 	EXP 	fixation_3: autoDraw = False
246.2631 	EXP 	New trial (rep=0, index=116): {'square': 9, 'location': [0.2, -0.2], 'corrAns': 1}
246.2642 	EXP 	window1: mouseVisible = False
246.2749 	EXP 	grid_lines_2: autoDraw = False
246.2749 	EXP 	target_square_2: autoDraw = False
246.2749 	EXP 	fixation_3: autoDraw = False
246.2749 	EXP 	target_square_2: pos = array([ 0.2, -0.2])
246.2749 	EXP 	grid_lines_2: autoDraw = True
246.2749 	EXP 	target_square_2: autoDraw = True
247.2587 	EXP 	fixation_3: autoDraw = True
247.2755 	EXP 	target_square_2: autoDraw = False
248.2594 	EXP 	fixation_3: autoDraw = False
248.2622 	EXP 	New trial (rep=0, index=117): {'square': 6, 'location': [0.2, 0], 'corrAns': None}
248.2628 	EXP 	window1: mouseVisible = False
248.2758 	EXP 	grid_lines_2: autoDraw = False
248.2758 	EXP 	target_square_2: autoDraw = False
248.2758 	EXP 	fixation_3: autoDraw = False
248.2758 	EXP 	target_square_2: pos = array([0.2, 0. ])
248.2758 	EXP 	grid_lines_2: autoDraw = True
248.2758 	EXP 	target_square_2: autoDraw = True
249.2597 	EXP 	fixation_3: autoDraw = True
249.2764 	EXP 	target_square_2: autoDraw = False
250.2605 	EXP 	fixation_3: autoDraw = False
250.2635 	EXP 	New trial (rep=0, index=118): {'square': 2, 'location': [0, 0.2], 'corrAns': None}
250.2641 	EXP 	window1: mouseVisible = False
250.2771 	EXP 	grid_lines_2: autoDraw = False
250.2771 	EXP 	target_square_2: autoDraw = False
250.2771 	EXP 	fixation_3: autoDraw = False
250.2771 	EXP 	target_square_2: pos = array([0. , 0.2])
250.2771 	EXP 	grid_lines_2: autoDraw = True
250.2771 	EXP 	target_square_2: autoDraw = True
251.2605 	EXP 	fixation_3: autoDraw = True
251.2773 	EXP 	target_square_2: autoDraw = False
252.2611 	EXP 	fixation_3: autoDraw = False
252.2640 	EXP 	New trial (rep=0, index=119): {'square': 5, 'location': [0, 0], 'corrAns': None}
252.2646 	EXP 	window1: mouseVisible = False
252.2778 	EXP 	grid_lines_2: autoDraw = False
252.2778 	EXP 	target_square_2: autoDraw = False
252.2778 	EXP 	fixation_3: autoDraw = False
252.2778 	EXP 	target_square_2: pos = array([0., 0.])
252.2778 	EXP 	grid_lines_2: autoDraw = True
252.2778 	EXP 	target_square_2: autoDraw = True
253.2618 	EXP 	fixation_3: autoDraw = True
253.2783 	EXP 	target_square_2: autoDraw = False
254.2621 	EXP 	fixation_3: autoDraw = False
254.2856 	EXP 	Created unnamed TextStim = TextStim(__class__=<class 'psychopy.visual.text.TextStim'>, alignHoriz=method-wrapper(...), alignText='center', alignVert=method-wrapper(...), anchorHoriz='center', anchorVert='center', antialias=True, autoLog=True, bold=False, color=array([1., 1., 1.]), colorSpace='rgb', contrast=1.0, depth=0, flipHoriz=False, flipVert=False, font='', fontFiles=[], height=0.05, italic=False, languageStyle='LTR', name='unnamed TextStim', opacity=1.0, ori=0.0, pos=array([0., 0.]), rgb=UNKNOWN, text=str(...), units='height', win=Window(...), wrapWidth=1)
254.2946 	EXP 	grid_lines_2: autoDraw = False
254.2946 	EXP 	target_square_2: autoDraw = False
254.2946 	EXP 	fixation_3: autoDraw = False
256.4118 	DATA 	Mouse: Left button down, pos=(426,402)
256.5184 	DATA 	Mouse:  Left button up, pos=(426,402)
257.6135 	DATA 	Keypress: e
257.7699 	EXP 	Created unnamed TextStim = TextStim(__class__=<class 'psychopy.visual.text.TextStim'>, alignHoriz=method-wrapper(...), alignText='center', alignVert=method-wrapper(...), anchorHoriz='center', anchorVert='center', antialias=True, autoLog=True, bold=False, color=array([1., 1., 1.]), colorSpace='rgb', contrast=1.0, depth=0, flipHoriz=False, flipVert=False, font='', fontFiles=[], height=0.05, italic=False, languageStyle='LTR', name='unnamed TextStim', opacity=1.0, ori=0.0, pos=array([0., 0.]), rgb=UNKNOWN, text=str(...), units='height', win=Window(...), wrapWidth=1)
257.8627 	EXP 	window1: mouseVisible = True
