0.5859 	WARNING 	We strongly recommend you activate the PTB sound engine in PsychoPy prefs as the preferred audio engine. Its timing is vastly superior. Your prefs are currently set to use ['sounddevice', 'PTB', 'pyo', 'pygame'] (in that order).
22.2494 	EXP 	Created fixation_2 = TextStim(__class__=<class 'psychopy.visual.text.TextStim'>, alignHoriz=method-wrapper(...), alignText='center', alignVert=method-wrapper(...), anchorHoriz='center', anchorVert='center', antialias=True, autoLog=True, bold=False, color=array([1, 1, 1]), colorSpace='rgb', contrast=1.0, depth=-2.0, flipHoriz=False, flipVert=False, font='Arial', fontFiles=[], height=0.05, italic=False, languageStyle='LTR', name='fixation_2', opacity=1, ori=0, pos=array([0., 0.]), rgb=UNKNOWN, text='+', units='height', win=Window(...), wrapWidth=1)
22.3235 	EXP 	Created Nbackinstructions = TextStim(__class__=<class 'psychopy.visual.text.TextStim'>, alignHoriz=method-wrapper(...), alignText='center', alignVert=method-wrapper(...), anchorHoriz='center', anchorVert='center', antialias=True, autoLog=True, bold=False, color=array([1, 1, 1]), colorSpace='rgb', contrast=1.0, depth=0, flipHoriz=False, flipVert=False, font='Arial', fontFiles=[], height=0.05, italic=False, languageStyle='LTR', name='Nbackinstructions', opacity=1, ori=0.0, pos=array([0., 0.]), rgb=UNKNOWN, text=str(...), units='height', win=Window(...), wrapWidth=1)
22.3272 	EXP 	Created fixation_2 = TextStim(__class__=<class 'psychopy.visual.text.TextStim'>, alignHoriz=method-wrapper(...), alignText='center', alignVert=method-wrapper(...), anchorHoriz='center', anchorVert='center', antialias=True, autoLog=True, bold=False, color=array([1, 1, 1]), colorSpace='rgb', contrast=1.0, depth=-2.0, flipHoriz=False, flipVert=False, font='Arial', fontFiles=[], height=0.05, italic=False, languageStyle='LTR', name='fixation_2', opacity=1, ori=0, pos=array([0., 0.]), rgb=UNKNOWN, text='+', units='height', win=Window(...), wrapWidth=1)
22.7532 	EXP 	Created grid_lines_2 = ImageStim(__class__=<class 'psychopy.visual.image.ImageStim'>, autoLog=True, color=array([1, 1, 1]), colorSpace='rgb', contrast=1.0, depth=0.0, flipHoriz=False, flipVert=False, image='grid.png', interpolate=True, mask=None, maskParams=None, name='grid_lines_2', opacity=1, ori=0.0, pos=array([0., 0.]), size=array([0.6, 0.6]), texRes=128, units='height', win=Window(...))
22.7569 	EXP 	Created target_square_2 = Rect(__class__=<class 'psychopy.visual.rect.Rect'>, autoDraw=False, autoLog=True, closeShape=True, color=method-wrapper(...), colorSpace='rgb', contrast=None, depth=-1.0, fillColor=array([1., 1., 1.]), fillColorSpace='rgb', fillRGB=UNKNOWN, interpolate=True, lineColor=array([0, 0, 0]), lineColorSpace='rgb', lineRGB=UNKNOWN, lineWidth=1, name='target_square_2', opacity=0.5, ori=0.0, pos=array([0., 0.]), size=array([0.15, 0.15]), units='height', vertices=ndarray(...), win=Window(...))
22.7606 	EXP 	Created fixation_3 = TextStim(__class__=<class 'psychopy.visual.text.TextStim'>, alignHoriz=method-wrapper(...), alignText='center', alignVert=method-wrapper(...), anchorHoriz='center', anchorVert='center', antialias=True, autoLog=True, bold=False, color=array([1, 1, 1]), colorSpace='rgb', contrast=1.0, depth=-2.0, flipHoriz=False, flipVert=False, font='Arial', fontFiles=[], height=0.05, italic=False, languageStyle='LTR', name='fixation_3', opacity=1, ori=0, pos=array([0., 0.]), rgb=UNKNOWN, text='+', units='height', win=Window(...), wrapWidth=1)
22.7614 	EXP 	window1: mouseVisible = True
22.7659 	EXP 	window1: mouseVisible = False
22.7664 	EXP 	Created sequence: sequential, trialTypes=2, nReps=1, seed=None
22.7670 	EXP 	New trial (rep=0, index=0): OrderedDict([('RestT1', 0), ('TaskT1', 1)])
22.7673 	EXP 	Created sequence: random, trialTypes=1, nReps=0, seed=None
22.7678 	EXP 	Created sequence: random, trialTypes=1, nReps=1, seed=None
22.7681 	EXP 	New trial (rep=0, index=0): None
22.8411 	EXP 	Nbackinstructions: autoDraw = True
23.5892 	EXP 	Created unnamed TextStim = TextStim(__class__=<class 'psychopy.visual.text.TextStim'>, alignHoriz=method-wrapper(...), alignText='center', alignVert=method-wrapper(...), anchorHoriz='center', anchorVert='center', antialias=True, autoLog=True, bold=False, color=array([-0.5, -0.5, -0.5]), colorSpace='rgb', contrast=1.0, depth=0, flipHoriz=False, flipVert=False, font='', fontFiles=[], height=0.05, italic=False, languageStyle='LTR', name='unnamed TextStim', opacity=1.0, ori=0.0, pos=array([0., 0.]), rgb=UNKNOWN, text=str(...), units='height', win=Window(...), wrapWidth=1)
23.5906 	DATA 	Keypress: space
23.6094 	EXP 	Nbackinstructions: autoDraw = False
24.7039 	DATA 	Keypress: s
24.7627 	EXP 	Imported c:\Users\Dartmouth\Documents\GitHub\canlab\WASABI_public\fMRI Tasks\WASABI Task-T1\N-back-2.xlsx as conditions, 120 conditions, 3 params
24.7633 	EXP 	Created sequence: sequential, trialTypes=120, nReps=1, seed=None
24.7637 	EXP 	New trial (rep=0, index=0): {'square': 5, 'location': [0, 0], 'corrAns': None}
24.7641 	EXP 	window1: mouseVisible = False
24.7760 	EXP 	fixation_2: autoDraw = False
24.7760 	EXP 	target_square_2: pos = array([0., 0.])
24.7760 	EXP 	grid_lines_2: autoDraw = True
24.7760 	EXP 	target_square_2: autoDraw = True
25.7594 	EXP 	fixation_3: autoDraw = True
25.7761 	EXP 	target_square_2: autoDraw = False
26.5812 	EXP 	New trial (rep=0, index=1): {'square': 2, 'location': [0, 0.2], 'corrAns': None}
26.5817 	EXP 	window1: mouseVisible = False
26.5927 	EXP 	grid_lines_2: autoDraw = False
26.5927 	EXP 	target_square_2: autoDraw = False
26.5927 	EXP 	fixation_3: autoDraw = False
26.5927 	EXP 	target_square_2: pos = array([0. , 0.2])
26.5927 	EXP 	grid_lines_2: autoDraw = True
26.5927 	EXP 	target_square_2: autoDraw = True
27.5761 	EXP 	fixation_3: autoDraw = True
27.5927 	EXP 	target_square_2: autoDraw = False
28.5761 	EXP 	fixation_3: autoDraw = False
28.5800 	EXP 	New trial (rep=0, index=2): {'square': 6, 'location': [0.2, 0], 'corrAns': None}
28.5805 	EXP 	window1: mouseVisible = False
28.5928 	EXP 	grid_lines_2: autoDraw = False
28.5928 	EXP 	target_square_2: autoDraw = False
28.5928 	EXP 	fixation_3: autoDraw = False
28.5928 	EXP 	target_square_2: pos = array([0.2, 0. ])
28.5928 	EXP 	grid_lines_2: autoDraw = True
28.5928 	EXP 	target_square_2: autoDraw = True
29.5761 	EXP 	fixation_3: autoDraw = True
29.5927 	EXP 	target_square_2: autoDraw = False
30.5761 	EXP 	fixation_3: autoDraw = False
30.5800 	EXP 	New trial (rep=0, index=3): {'square': 9, 'location': [0.2, -0.2], 'corrAns': None}
30.5805 	EXP 	window1: mouseVisible = False
30.5928 	EXP 	grid_lines_2: autoDraw = False
30.5928 	EXP 	target_square_2: autoDraw = False
30.5928 	EXP 	fixation_3: autoDraw = False
30.5928 	EXP 	target_square_2: pos = array([ 0.2, -0.2])
30.5928 	EXP 	grid_lines_2: autoDraw = True
30.5928 	EXP 	target_square_2: autoDraw = True
31.5761 	EXP 	fixation_3: autoDraw = True
31.5928 	EXP 	target_square_2: autoDraw = False
32.5761 	EXP 	fixation_3: autoDraw = False
32.5801 	EXP 	New trial (rep=0, index=4): {'square': 3, 'location': [0.2, 0.2], 'corrAns': None}
32.5805 	EXP 	window1: mouseVisible = False
32.5928 	EXP 	grid_lines_2: autoDraw = False
32.5928 	EXP 	target_square_2: autoDraw = False
32.5928 	EXP 	fixation_3: autoDraw = False
32.5928 	EXP 	target_square_2: pos = array([0.2, 0.2])
32.5928 	EXP 	grid_lines_2: autoDraw = True
32.5928 	EXP 	target_square_2: autoDraw = True
33.5761 	EXP 	fixation_3: autoDraw = True
33.5928 	EXP 	target_square_2: autoDraw = False
34.5761 	EXP 	fixation_3: autoDraw = False
34.5802 	EXP 	New trial (rep=0, index=5): {'square': 9, 'location': [0.2, -0.2], 'corrAns': 1}
34.5807 	EXP 	window1: mouseVisible = False
34.5928 	EXP 	grid_lines_2: autoDraw = False
34.5928 	EXP 	target_square_2: autoDraw = False
34.5928 	EXP 	fixation_3: autoDraw = False
34.5928 	EXP 	target_square_2: pos = array([ 0.2, -0.2])
34.5928 	EXP 	grid_lines_2: autoDraw = True
34.5928 	EXP 	target_square_2: autoDraw = True
35.4599 	DATA 	Mouse: Left button down, pos=(747,604)
35.5762 	EXP 	fixation_3: autoDraw = True
35.5928 	EXP 	target_square_2: autoDraw = False
35.7432 	DATA 	Mouse:  Left button up, pos=(747,604)
36.5762 	EXP 	fixation_3: autoDraw = False
36.5802 	EXP 	New trial (rep=0, index=6): {'square': 7, 'location': [-0.2, -0.2], 'corrAns': None}
36.5807 	EXP 	window1: mouseVisible = False
36.5928 	EXP 	grid_lines_2: autoDraw = False
36.5928 	EXP 	target_square_2: autoDraw = False
36.5928 	EXP 	fixation_3: autoDraw = False
36.5928 	EXP 	target_square_2: pos = array([-0.2, -0.2])
36.5928 	EXP 	grid_lines_2: autoDraw = True
36.5928 	EXP 	target_square_2: autoDraw = True
37.5762 	EXP 	fixation_3: autoDraw = True
37.5928 	EXP 	target_square_2: autoDraw = False
38.5762 	EXP 	fixation_3: autoDraw = False
38.5801 	EXP 	New trial (rep=0, index=7): {'square': 1, 'location': [-0.2, 0.2], 'corrAns': None}
38.5805 	EXP 	window1: mouseVisible = False
38.5928 	EXP 	grid_lines_2: autoDraw = False
38.5928 	EXP 	target_square_2: autoDraw = False
38.5928 	EXP 	fixation_3: autoDraw = False
38.5928 	EXP 	target_square_2: pos = array([-0.2,  0.2])
38.5928 	EXP 	grid_lines_2: autoDraw = True
38.5928 	EXP 	target_square_2: autoDraw = True
39.5762 	EXP 	fixation_3: autoDraw = True
39.5928 	EXP 	target_square_2: autoDraw = False
40.5762 	EXP 	fixation_3: autoDraw = False
40.5800 	EXP 	New trial (rep=0, index=8): {'square': 5, 'location': [0, 0], 'corrAns': None}
40.5804 	EXP 	window1: mouseVisible = False
40.5928 	EXP 	grid_lines_2: autoDraw = False
40.5928 	EXP 	target_square_2: autoDraw = False
40.5928 	EXP 	fixation_3: autoDraw = False
40.5928 	EXP 	target_square_2: pos = array([0., 0.])
40.5928 	EXP 	grid_lines_2: autoDraw = True
40.5928 	EXP 	target_square_2: autoDraw = True
41.5762 	EXP 	fixation_3: autoDraw = True
41.5929 	EXP 	target_square_2: autoDraw = False
42.5762 	EXP 	fixation_3: autoDraw = False
42.5806 	EXP 	New trial (rep=0, index=9): {'square': 7, 'location': [-0.2, -0.2], 'corrAns': None}
42.5810 	EXP 	window1: mouseVisible = False
42.5929 	EXP 	grid_lines_2: autoDraw = False
42.5929 	EXP 	target_square_2: autoDraw = False
42.5929 	EXP 	fixation_3: autoDraw = False
42.5929 	EXP 	target_square_2: pos = array([-0.2, -0.2])
42.5929 	EXP 	grid_lines_2: autoDraw = True
42.5929 	EXP 	target_square_2: autoDraw = True
43.5762 	EXP 	fixation_3: autoDraw = True
43.5929 	EXP 	target_square_2: autoDraw = False
44.5762 	EXP 	fixation_3: autoDraw = False
44.5803 	EXP 	New trial (rep=0, index=10): {'square': 5, 'location': [0, 0], 'corrAns': 1}
44.5807 	EXP 	window1: mouseVisible = False
44.5929 	EXP 	grid_lines_2: autoDraw = False
44.5929 	EXP 	target_square_2: autoDraw = False
44.5929 	EXP 	fixation_3: autoDraw = False
44.5929 	EXP 	target_square_2: pos = array([0., 0.])
44.5929 	EXP 	grid_lines_2: autoDraw = True
44.5929 	EXP 	target_square_2: autoDraw = True
45.2766 	DATA 	Mouse: Left button down, pos=(747,604)
45.5762 	EXP 	fixation_3: autoDraw = True
45.5929 	EXP 	target_square_2: autoDraw = False
45.5932 	DATA 	Mouse:  Left button up, pos=(747,604)
46.5762 	EXP 	fixation_3: autoDraw = False
46.5803 	EXP 	New trial (rep=0, index=11): {'square': 6, 'location': [0.2, 0], 'corrAns': None}
46.5808 	EXP 	window1: mouseVisible = False
46.5929 	EXP 	grid_lines_2: autoDraw = False
46.5929 	EXP 	target_square_2: autoDraw = False
46.5929 	EXP 	fixation_3: autoDraw = False
46.5929 	EXP 	target_square_2: pos = array([0.2, 0. ])
46.5929 	EXP 	grid_lines_2: autoDraw = True
46.5929 	EXP 	target_square_2: autoDraw = True
47.5763 	EXP 	fixation_3: autoDraw = True
47.5929 	EXP 	target_square_2: autoDraw = False
48.5762 	EXP 	fixation_3: autoDraw = False
48.5806 	EXP 	New trial (rep=0, index=12): {'square': 3, 'location': [0.2, 0.2], 'corrAns': None}
48.5810 	EXP 	window1: mouseVisible = False
48.5929 	EXP 	grid_lines_2: autoDraw = False
48.5929 	EXP 	target_square_2: autoDraw = False
48.5929 	EXP 	fixation_3: autoDraw = False
48.5929 	EXP 	target_square_2: pos = array([0.2, 0.2])
48.5929 	EXP 	grid_lines_2: autoDraw = True
48.5929 	EXP 	target_square_2: autoDraw = True
49.5763 	EXP 	fixation_3: autoDraw = True
49.5928 	EXP 	target_square_2: autoDraw = False
50.5763 	EXP 	fixation_3: autoDraw = False
50.5802 	EXP 	New trial (rep=0, index=13): {'square': 6, 'location': [0.2, 0], 'corrAns': 1}
50.5807 	EXP 	window1: mouseVisible = False
50.5929 	EXP 	grid_lines_2: autoDraw = False
50.5929 	EXP 	target_square_2: autoDraw = False
50.5929 	EXP 	fixation_3: autoDraw = False
50.5929 	EXP 	target_square_2: pos = array([0.2, 0. ])
50.5929 	EXP 	grid_lines_2: autoDraw = True
50.5929 	EXP 	target_square_2: autoDraw = True
51.1099 	DATA 	Mouse: Left button down, pos=(747,604)
51.4432 	DATA 	Mouse:  Left button up, pos=(747,604)
51.5763 	EXP 	fixation_3: autoDraw = True
51.5930 	EXP 	target_square_2: autoDraw = False
52.5762 	EXP 	fixation_3: autoDraw = False
52.5802 	EXP 	New trial (rep=0, index=14): {'square': 8, 'location': [0, -0.2], 'corrAns': None}
52.5807 	EXP 	window1: mouseVisible = False
52.5929 	EXP 	grid_lines_2: autoDraw = False
52.5929 	EXP 	target_square_2: autoDraw = False
52.5929 	EXP 	fixation_3: autoDraw = False
52.5929 	EXP 	target_square_2: pos = array([ 0. , -0.2])
52.5929 	EXP 	grid_lines_2: autoDraw = True
52.5929 	EXP 	target_square_2: autoDraw = True
53.5763 	EXP 	fixation_3: autoDraw = True
53.5930 	EXP 	target_square_2: autoDraw = False
54.5763 	EXP 	fixation_3: autoDraw = False
54.5810 	EXP 	New trial (rep=0, index=15): {'square': 9, 'location': [0.2, -0.2], 'corrAns': None}
54.5814 	EXP 	window1: mouseVisible = False
54.5930 	EXP 	grid_lines_2: autoDraw = False
54.5930 	EXP 	target_square_2: autoDraw = False
54.5930 	EXP 	fixation_3: autoDraw = False
54.5930 	EXP 	target_square_2: pos = array([ 0.2, -0.2])
54.5930 	EXP 	grid_lines_2: autoDraw = True
54.5930 	EXP 	target_square_2: autoDraw = True
55.5763 	EXP 	fixation_3: autoDraw = True
55.5930 	EXP 	target_square_2: autoDraw = False
56.5763 	EXP 	fixation_3: autoDraw = False
56.5802 	EXP 	New trial (rep=0, index=16): {'square': 9, 'location': [0.2, -0.2], 'corrAns': None}
56.5807 	EXP 	window1: mouseVisible = False
56.5930 	EXP 	grid_lines_2: autoDraw = False
56.5930 	EXP 	target_square_2: autoDraw = False
56.5930 	EXP 	fixation_3: autoDraw = False
56.5930 	EXP 	target_square_2: pos = array([ 0.2, -0.2])
56.5930 	EXP 	grid_lines_2: autoDraw = True
56.5930 	EXP 	target_square_2: autoDraw = True
57.4600 	DATA 	Mouse: Left button down, pos=(747,604)
57.5763 	EXP 	fixation_3: autoDraw = True
57.5930 	EXP 	target_square_2: autoDraw = False
58.5763 	EXP 	fixation_3: autoDraw = False
58.5804 	EXP 	New trial (rep=0, index=17): {'square': 1, 'location': [-0.2, 0.2], 'corrAns': None}
58.5809 	EXP 	window1: mouseVisible = False
58.5930 	EXP 	grid_lines_2: autoDraw = False
58.5930 	EXP 	target_square_2: autoDraw = False
58.5930 	EXP 	fixation_3: autoDraw = False
58.5930 	EXP 	target_square_2: pos = array([-0.2,  0.2])
58.5930 	EXP 	grid_lines_2: autoDraw = True
58.5930 	EXP 	target_square_2: autoDraw = True
59.0598 	DATA 	Mouse:  Left button up, pos=(747,604)
59.5763 	EXP 	fixation_3: autoDraw = True
59.5930 	EXP 	target_square_2: autoDraw = False
60.5763 	EXP 	fixation_3: autoDraw = False
60.5802 	EXP 	New trial (rep=0, index=18): {'square': 3, 'location': [0.2, 0.2], 'corrAns': None}
60.5807 	EXP 	window1: mouseVisible = False
60.5930 	EXP 	grid_lines_2: autoDraw = False
60.5930 	EXP 	target_square_2: autoDraw = False
60.5930 	EXP 	fixation_3: autoDraw = False
60.5930 	EXP 	target_square_2: pos = array([0.2, 0.2])
60.5930 	EXP 	grid_lines_2: autoDraw = True
60.5930 	EXP 	target_square_2: autoDraw = True
61.5764 	EXP 	fixation_3: autoDraw = True
61.5929 	EXP 	target_square_2: autoDraw = False
62.5764 	EXP 	fixation_3: autoDraw = False
62.5805 	EXP 	New trial (rep=0, index=19): {'square': 5, 'location': [0, 0], 'corrAns': None}
62.5809 	EXP 	window1: mouseVisible = False
62.5930 	EXP 	grid_lines_2: autoDraw = False
62.5930 	EXP 	target_square_2: autoDraw = False
62.5930 	EXP 	fixation_3: autoDraw = False
62.5930 	EXP 	target_square_2: pos = array([0., 0.])
62.5930 	EXP 	grid_lines_2: autoDraw = True
62.5930 	EXP 	target_square_2: autoDraw = True
63.5764 	EXP 	fixation_3: autoDraw = True
63.5931 	EXP 	target_square_2: autoDraw = False
64.5764 	EXP 	fixation_3: autoDraw = False
64.5806 	EXP 	New trial (rep=0, index=20): {'square': 3, 'location': [0.2, 0.2], 'corrAns': 1}
64.5810 	EXP 	window1: mouseVisible = False
64.5931 	EXP 	grid_lines_2: autoDraw = False
64.5931 	EXP 	target_square_2: autoDraw = False
64.5931 	EXP 	fixation_3: autoDraw = False
64.5931 	EXP 	target_square_2: pos = array([0.2, 0.2])
64.5931 	EXP 	grid_lines_2: autoDraw = True
64.5931 	EXP 	target_square_2: autoDraw = True
65.3434 	DATA 	Mouse: Left button down, pos=(747,604)
65.5764 	EXP 	fixation_3: autoDraw = True
65.5931 	EXP 	target_square_2: autoDraw = False
65.6434 	DATA 	Mouse:  Left button up, pos=(747,604)
66.5764 	EXP 	fixation_3: autoDraw = False
66.5804 	EXP 	New trial (rep=0, index=21): {'square': 4, 'location': [-0.2, 0], 'corrAns': None}
66.5808 	EXP 	window1: mouseVisible = False
66.5931 	EXP 	grid_lines_2: autoDraw = False
66.5931 	EXP 	target_square_2: autoDraw = False
66.5931 	EXP 	fixation_3: autoDraw = False
66.5931 	EXP 	target_square_2: pos = array([-0.2,  0. ])
66.5931 	EXP 	grid_lines_2: autoDraw = True
66.5931 	EXP 	target_square_2: autoDraw = True
67.5764 	EXP 	fixation_3: autoDraw = True
67.5931 	EXP 	target_square_2: autoDraw = False
68.5764 	EXP 	fixation_3: autoDraw = False
68.5809 	EXP 	New trial (rep=0, index=22): {'square': 7, 'location': [-0.2, -0.2], 'corrAns': None}
68.5814 	EXP 	window1: mouseVisible = False
68.5931 	EXP 	grid_lines_2: autoDraw = False
68.5931 	EXP 	target_square_2: autoDraw = False
68.5931 	EXP 	fixation_3: autoDraw = False
68.5931 	EXP 	target_square_2: pos = array([-0.2, -0.2])
68.5931 	EXP 	grid_lines_2: autoDraw = True
68.5931 	EXP 	target_square_2: autoDraw = True
69.5764 	EXP 	fixation_3: autoDraw = True
69.5930 	EXP 	target_square_2: autoDraw = False
70.5765 	EXP 	fixation_3: autoDraw = False
70.5805 	EXP 	New trial (rep=0, index=23): {'square': 4, 'location': [-0.2, 0], 'corrAns': 1}
70.5809 	EXP 	window1: mouseVisible = False
70.5931 	EXP 	grid_lines_2: autoDraw = False
70.5931 	EXP 	target_square_2: autoDraw = False
70.5931 	EXP 	fixation_3: autoDraw = False
70.5931 	EXP 	target_square_2: pos = array([-0.2,  0. ])
70.5931 	EXP 	grid_lines_2: autoDraw = True
70.5931 	EXP 	target_square_2: autoDraw = True
71.2434 	DATA 	Mouse: Left button down, pos=(747,604)
71.4934 	DATA 	Mouse:  Left button up, pos=(747,604)
71.5765 	EXP 	fixation_3: autoDraw = True
71.5931 	EXP 	target_square_2: autoDraw = False
72.5764 	EXP 	fixation_3: autoDraw = False
72.5808 	EXP 	New trial (rep=0, index=24): {'square': 4, 'location': [-0.2, 0], 'corrAns': None}
72.5812 	EXP 	window1: mouseVisible = False
72.5931 	EXP 	grid_lines_2: autoDraw = False
72.5931 	EXP 	target_square_2: autoDraw = False
72.5931 	EXP 	fixation_3: autoDraw = False
72.5931 	EXP 	target_square_2: pos = array([-0.2,  0. ])
72.5931 	EXP 	grid_lines_2: autoDraw = True
72.5931 	EXP 	target_square_2: autoDraw = True
73.5765 	EXP 	fixation_3: autoDraw = True
73.5931 	EXP 	target_square_2: autoDraw = False
74.5765 	EXP 	fixation_3: autoDraw = False
74.5805 	EXP 	New trial (rep=0, index=25): {'square': 5, 'location': [0, 0], 'corrAns': None}
74.5809 	EXP 	window1: mouseVisible = False
74.5932 	EXP 	grid_lines_2: autoDraw = False
74.5932 	EXP 	target_square_2: autoDraw = False
74.5932 	EXP 	fixation_3: autoDraw = False
74.5932 	EXP 	target_square_2: pos = array([0., 0.])
74.5932 	EXP 	grid_lines_2: autoDraw = True
74.5932 	EXP 	target_square_2: autoDraw = True
75.5765 	EXP 	fixation_3: autoDraw = True
75.5932 	EXP 	target_square_2: autoDraw = False
76.5765 	EXP 	fixation_3: autoDraw = False
76.5805 	EXP 	New trial (rep=0, index=26): {'square': 2, 'location': [0, 0.2], 'corrAns': None}
76.5809 	EXP 	window1: mouseVisible = False
76.5932 	EXP 	grid_lines_2: autoDraw = False
76.5932 	EXP 	target_square_2: autoDraw = False
76.5932 	EXP 	fixation_3: autoDraw = False
76.5932 	EXP 	target_square_2: pos = array([0. , 0.2])
76.5932 	EXP 	grid_lines_2: autoDraw = True
76.5932 	EXP 	target_square_2: autoDraw = True
77.5765 	EXP 	fixation_3: autoDraw = True
77.5932 	EXP 	target_square_2: autoDraw = False
78.5765 	EXP 	fixation_3: autoDraw = False
78.5805 	EXP 	New trial (rep=0, index=27): {'square': 6, 'location': [0.2, 0], 'corrAns': None}
78.5809 	EXP 	window1: mouseVisible = False
78.5932 	EXP 	grid_lines_2: autoDraw = False
78.5932 	EXP 	target_square_2: autoDraw = False
78.5932 	EXP 	fixation_3: autoDraw = False
78.5932 	EXP 	target_square_2: pos = array([0.2, 0. ])
78.5932 	EXP 	grid_lines_2: autoDraw = True
78.5932 	EXP 	target_square_2: autoDraw = True
79.5765 	EXP 	fixation_3: autoDraw = True
79.5932 	EXP 	target_square_2: autoDraw = False
80.5765 	EXP 	fixation_3: autoDraw = False
80.5805 	EXP 	New trial (rep=0, index=28): {'square': 7, 'location': [-0.2, -0.2], 'corrAns': None}
80.5809 	EXP 	window1: mouseVisible = False
80.5932 	EXP 	grid_lines_2: autoDraw = False
80.5932 	EXP 	target_square_2: autoDraw = False
80.5932 	EXP 	fixation_3: autoDraw = False
80.5932 	EXP 	target_square_2: pos = array([-0.2, -0.2])
80.5932 	EXP 	grid_lines_2: autoDraw = True
80.5932 	EXP 	target_square_2: autoDraw = True
81.5765 	EXP 	fixation_3: autoDraw = True
81.5932 	EXP 	target_square_2: autoDraw = False
82.5766 	EXP 	fixation_3: autoDraw = False
82.5805 	EXP 	New trial (rep=0, index=29): {'square': 6, 'location': [0.2, 0], 'corrAns': 1}
82.5810 	EXP 	window1: mouseVisible = False
82.5932 	EXP 	grid_lines_2: autoDraw = False
82.5932 	EXP 	target_square_2: autoDraw = False
82.5932 	EXP 	fixation_3: autoDraw = False
82.5932 	EXP 	target_square_2: pos = array([0.2, 0. ])
82.5932 	EXP 	grid_lines_2: autoDraw = True
82.5932 	EXP 	target_square_2: autoDraw = True
83.1102 	DATA 	Mouse: Left button down, pos=(747,604)
83.3767 	DATA 	Mouse:  Left button up, pos=(747,604)
83.5766 	EXP 	fixation_3: autoDraw = True
83.5932 	EXP 	target_square_2: autoDraw = False
84.5766 	EXP 	fixation_3: autoDraw = False
84.5807 	EXP 	New trial (rep=0, index=30): {'square': 6, 'location': [0.2, 0], 'corrAns': None}
84.5811 	EXP 	window1: mouseVisible = False
84.5932 	EXP 	grid_lines_2: autoDraw = False
84.5932 	EXP 	target_square_2: autoDraw = False
84.5932 	EXP 	fixation_3: autoDraw = False
84.5932 	EXP 	target_square_2: pos = array([0.2, 0. ])
84.5932 	EXP 	grid_lines_2: autoDraw = True
84.5932 	EXP 	target_square_2: autoDraw = True
85.5766 	EXP 	fixation_3: autoDraw = True
85.5932 	EXP 	target_square_2: autoDraw = False
86.5766 	EXP 	fixation_3: autoDraw = False
86.5805 	EXP 	New trial (rep=0, index=31): {'square': 7, 'location': [-0.2, -0.2], 'corrAns': None}
86.5810 	EXP 	window1: mouseVisible = False
86.5932 	EXP 	grid_lines_2: autoDraw = False
86.5932 	EXP 	target_square_2: autoDraw = False
86.5932 	EXP 	fixation_3: autoDraw = False
86.5932 	EXP 	target_square_2: pos = array([-0.2, -0.2])
86.5932 	EXP 	grid_lines_2: autoDraw = True
86.5932 	EXP 	target_square_2: autoDraw = True
87.5766 	EXP 	fixation_3: autoDraw = True
87.5933 	EXP 	target_square_2: autoDraw = False
87.7103 	DATA 	Mouse: Left button down, pos=(747,604)
87.9602 	DATA 	Mouse:  Left button up, pos=(747,604)
88.5766 	EXP 	fixation_3: autoDraw = False
88.5805 	EXP 	New trial (rep=0, index=32): {'square': 6, 'location': [0.2, 0], 'corrAns': 1}
88.5810 	EXP 	window1: mouseVisible = False
88.5933 	EXP 	grid_lines_2: autoDraw = False
88.5933 	EXP 	target_square_2: autoDraw = False
88.5933 	EXP 	fixation_3: autoDraw = False
88.5933 	EXP 	target_square_2: pos = array([0.2, 0. ])
88.5933 	EXP 	grid_lines_2: autoDraw = True
88.5933 	EXP 	target_square_2: autoDraw = True
89.5766 	EXP 	fixation_3: autoDraw = True
89.5933 	EXP 	target_square_2: autoDraw = False
90.1270 	DATA 	Mouse: Left button down, pos=(747,604)
90.3269 	DATA 	Mouse:  Left button up, pos=(747,604)
90.5766 	EXP 	fixation_3: autoDraw = False
90.5806 	EXP 	New trial (rep=0, index=33): {'square': 2, 'location': [0, 0.2], 'corrAns': None}
90.5811 	EXP 	window1: mouseVisible = False
90.5933 	EXP 	grid_lines_2: autoDraw = False
90.5933 	EXP 	target_square_2: autoDraw = False
90.5933 	EXP 	fixation_3: autoDraw = False
90.5933 	EXP 	target_square_2: pos = array([0. , 0.2])
90.5933 	EXP 	grid_lines_2: autoDraw = True
90.5933 	EXP 	target_square_2: autoDraw = True
91.5766 	EXP 	fixation_3: autoDraw = True
91.5933 	EXP 	target_square_2: autoDraw = False
92.5766 	EXP 	fixation_3: autoDraw = False
92.5806 	EXP 	New trial (rep=0, index=34): {'square': 5, 'location': [0, 0], 'corrAns': None}
92.5810 	EXP 	window1: mouseVisible = False
92.5933 	EXP 	grid_lines_2: autoDraw = False
92.5933 	EXP 	target_square_2: autoDraw = False
92.5933 	EXP 	fixation_3: autoDraw = False
92.5933 	EXP 	target_square_2: pos = array([0., 0.])
92.5933 	EXP 	grid_lines_2: autoDraw = True
92.5933 	EXP 	target_square_2: autoDraw = True
93.5766 	EXP 	fixation_3: autoDraw = True
93.5933 	EXP 	target_square_2: autoDraw = False
94.5767 	EXP 	fixation_3: autoDraw = False
94.5809 	EXP 	New trial (rep=0, index=35): {'square': 4, 'location': [-0.2, 0], 'corrAns': None}
94.5813 	EXP 	window1: mouseVisible = False
94.5933 	EXP 	grid_lines_2: autoDraw = False
94.5933 	EXP 	target_square_2: autoDraw = False
94.5933 	EXP 	fixation_3: autoDraw = False
94.5933 	EXP 	target_square_2: pos = array([-0.2,  0. ])
94.5933 	EXP 	grid_lines_2: autoDraw = True
94.5933 	EXP 	target_square_2: autoDraw = True
95.5767 	EXP 	fixation_3: autoDraw = True
95.5933 	EXP 	target_square_2: autoDraw = False
96.5767 	EXP 	fixation_3: autoDraw = False
96.5806 	EXP 	New trial (rep=0, index=36): {'square': 4, 'location': [-0.2, 0], 'corrAns': None}
96.5811 	EXP 	window1: mouseVisible = False
96.5933 	EXP 	grid_lines_2: autoDraw = False
96.5933 	EXP 	target_square_2: autoDraw = False
96.5933 	EXP 	fixation_3: autoDraw = False
96.5933 	EXP 	target_square_2: pos = array([-0.2,  0. ])
96.5933 	EXP 	grid_lines_2: autoDraw = True
96.5933 	EXP 	target_square_2: autoDraw = True
97.5767 	EXP 	fixation_3: autoDraw = True
97.5933 	EXP 	target_square_2: autoDraw = False
98.5767 	EXP 	fixation_3: autoDraw = False
98.5806 	EXP 	New trial (rep=0, index=37): {'square': 7, 'location': [-0.2, -0.2], 'corrAns': None}
98.5811 	EXP 	window1: mouseVisible = False
98.5934 	EXP 	grid_lines_2: autoDraw = False
98.5934 	EXP 	target_square_2: autoDraw = False
98.5934 	EXP 	fixation_3: autoDraw = False
98.5934 	EXP 	target_square_2: pos = array([-0.2, -0.2])
98.5934 	EXP 	grid_lines_2: autoDraw = True
98.5934 	EXP 	target_square_2: autoDraw = True
99.5767 	EXP 	fixation_3: autoDraw = True
99.5934 	EXP 	target_square_2: autoDraw = False
100.5767 	EXP 	fixation_3: autoDraw = False
100.5805 	EXP 	New trial (rep=0, index=38): {'square': 4, 'location': [-0.2, 0], 'corrAns': 1}
100.5810 	EXP 	window1: mouseVisible = False
100.5934 	EXP 	grid_lines_2: autoDraw = False
100.5934 	EXP 	target_square_2: autoDraw = False
100.5934 	EXP 	fixation_3: autoDraw = False
100.5934 	EXP 	target_square_2: pos = array([-0.2,  0. ])
100.5934 	EXP 	grid_lines_2: autoDraw = True
100.5934 	EXP 	target_square_2: autoDraw = True
101.0104 	DATA 	Mouse: Left button down, pos=(747,604)
101.2937 	DATA 	Mouse:  Left button up, pos=(747,604)
101.5767 	EXP 	fixation_3: autoDraw = True
101.5934 	EXP 	target_square_2: autoDraw = False
102.5767 	EXP 	fixation_3: autoDraw = False
102.5807 	EXP 	New trial (rep=0, index=39): {'square': 3, 'location': [0.2, 0.2], 'corrAns': None}
102.5811 	EXP 	window1: mouseVisible = False
102.5934 	EXP 	grid_lines_2: autoDraw = False
102.5934 	EXP 	target_square_2: autoDraw = False
102.5934 	EXP 	fixation_3: autoDraw = False
102.5934 	EXP 	target_square_2: pos = array([0.2, 0.2])
102.5934 	EXP 	grid_lines_2: autoDraw = True
102.5934 	EXP 	target_square_2: autoDraw = True
103.5767 	EXP 	fixation_3: autoDraw = True
103.5934 	EXP 	target_square_2: autoDraw = False
104.5767 	EXP 	fixation_3: autoDraw = False
104.5811 	EXP 	New trial (rep=0, index=40): {'square': 5, 'location': [0, 0], 'corrAns': None}
104.5815 	EXP 	window1: mouseVisible = False
104.5934 	EXP 	grid_lines_2: autoDraw = False
104.5934 	EXP 	target_square_2: autoDraw = False
104.5934 	EXP 	fixation_3: autoDraw = False
104.5934 	EXP 	target_square_2: pos = array([0., 0.])
104.5934 	EXP 	grid_lines_2: autoDraw = True
104.5934 	EXP 	target_square_2: autoDraw = True
105.5767 	EXP 	fixation_3: autoDraw = True
105.5934 	EXP 	target_square_2: autoDraw = False
106.5768 	EXP 	fixation_3: autoDraw = False
106.5806 	EXP 	New trial (rep=0, index=41): {'square': 3, 'location': [0.2, 0.2], 'corrAns': 1}
106.5811 	EXP 	window1: mouseVisible = False
106.5934 	EXP 	grid_lines_2: autoDraw = False
106.5934 	EXP 	target_square_2: autoDraw = False
106.5934 	EXP 	fixation_3: autoDraw = False
106.5934 	EXP 	target_square_2: pos = array([0.2, 0.2])
106.5934 	EXP 	grid_lines_2: autoDraw = True
106.5934 	EXP 	target_square_2: autoDraw = True
107.5768 	EXP 	fixation_3: autoDraw = True
107.5934 	EXP 	target_square_2: autoDraw = False
108.1938 	DATA 	Mouse: Left button down, pos=(747,604)
108.4604 	DATA 	Mouse:  Left button up, pos=(747,604)
108.5768 	EXP 	fixation_3: autoDraw = False
108.5808 	EXP 	New trial (rep=0, index=42): {'square': 1, 'location': [-0.2, 0.2], 'corrAns': None}
108.5812 	EXP 	window1: mouseVisible = False
108.5934 	EXP 	grid_lines_2: autoDraw = False
108.5934 	EXP 	target_square_2: autoDraw = False
108.5934 	EXP 	fixation_3: autoDraw = False
108.5934 	EXP 	target_square_2: pos = array([-0.2,  0.2])
108.5934 	EXP 	grid_lines_2: autoDraw = True
108.5934 	EXP 	target_square_2: autoDraw = True
109.5768 	EXP 	fixation_3: autoDraw = True
109.5934 	EXP 	target_square_2: autoDraw = False
110.5768 	EXP 	fixation_3: autoDraw = False
110.5809 	EXP 	New trial (rep=0, index=43): {'square': 9, 'location': [0.2, -0.2], 'corrAns': None}
110.5814 	EXP 	window1: mouseVisible = False
110.5935 	EXP 	grid_lines_2: autoDraw = False
110.5935 	EXP 	target_square_2: autoDraw = False
110.5935 	EXP 	fixation_3: autoDraw = False
110.5935 	EXP 	target_square_2: pos = array([ 0.2, -0.2])
110.5935 	EXP 	grid_lines_2: autoDraw = True
110.5935 	EXP 	target_square_2: autoDraw = True
111.5768 	EXP 	fixation_3: autoDraw = True
111.5935 	EXP 	target_square_2: autoDraw = False
112.5768 	EXP 	fixation_3: autoDraw = False
112.5808 	EXP 	New trial (rep=0, index=44): {'square': 9, 'location': [0.2, -0.2], 'corrAns': None}
112.5812 	EXP 	window1: mouseVisible = False
112.5935 	EXP 	grid_lines_2: autoDraw = False
112.5935 	EXP 	target_square_2: autoDraw = False
112.5935 	EXP 	fixation_3: autoDraw = False
112.5935 	EXP 	target_square_2: pos = array([ 0.2, -0.2])
112.5935 	EXP 	grid_lines_2: autoDraw = True
112.5935 	EXP 	target_square_2: autoDraw = True
113.5768 	EXP 	fixation_3: autoDraw = True
113.5935 	EXP 	target_square_2: autoDraw = False
114.5768 	EXP 	fixation_3: autoDraw = False
114.5809 	EXP 	New trial (rep=0, index=45): {'square': 8, 'location': [0, -0.2], 'corrAns': None}
114.5813 	EXP 	window1: mouseVisible = False
114.5935 	EXP 	grid_lines_2: autoDraw = False
114.5935 	EXP 	target_square_2: autoDraw = False
114.5935 	EXP 	fixation_3: autoDraw = False
114.5935 	EXP 	target_square_2: pos = array([ 0. , -0.2])
114.5935 	EXP 	grid_lines_2: autoDraw = True
114.5935 	EXP 	target_square_2: autoDraw = True
115.5768 	EXP 	fixation_3: autoDraw = True
115.5935 	EXP 	target_square_2: autoDraw = False
116.5768 	EXP 	fixation_3: autoDraw = False
116.5808 	EXP 	New trial (rep=0, index=46): {'square': 6, 'location': [0.2, 0], 'corrAns': None}
116.5812 	EXP 	window1: mouseVisible = False
116.5935 	EXP 	grid_lines_2: autoDraw = False
116.5935 	EXP 	target_square_2: autoDraw = False
116.5935 	EXP 	fixation_3: autoDraw = False
116.5935 	EXP 	target_square_2: pos = array([0.2, 0. ])
116.5935 	EXP 	grid_lines_2: autoDraw = True
116.5935 	EXP 	target_square_2: autoDraw = True
117.5768 	EXP 	fixation_3: autoDraw = True
117.5935 	EXP 	target_square_2: autoDraw = False
118.5768 	EXP 	fixation_3: autoDraw = False
118.5809 	EXP 	New trial (rep=0, index=47): {'square': 3, 'location': [0.2, 0.2], 'corrAns': None}
118.5813 	EXP 	window1: mouseVisible = False
118.5935 	EXP 	grid_lines_2: autoDraw = False
118.5935 	EXP 	target_square_2: autoDraw = False
118.5935 	EXP 	fixation_3: autoDraw = False
118.5935 	EXP 	target_square_2: pos = array([0.2, 0.2])
118.5935 	EXP 	grid_lines_2: autoDraw = True
118.5935 	EXP 	target_square_2: autoDraw = True
119.5769 	EXP 	fixation_3: autoDraw = True
119.5935 	EXP 	target_square_2: autoDraw = False
120.5769 	EXP 	fixation_3: autoDraw = False
120.5811 	EXP 	New trial (rep=0, index=48): {'square': 6, 'location': [0.2, 0], 'corrAns': 1}
120.5815 	EXP 	window1: mouseVisible = False
120.5936 	EXP 	grid_lines_2: autoDraw = False
120.5936 	EXP 	target_square_2: autoDraw = False
120.5936 	EXP 	fixation_3: autoDraw = False
120.5936 	EXP 	target_square_2: pos = array([0.2, 0. ])
120.5936 	EXP 	grid_lines_2: autoDraw = True
120.5936 	EXP 	target_square_2: autoDraw = True
121.5769 	EXP 	fixation_3: autoDraw = True
121.5936 	EXP 	target_square_2: autoDraw = False
121.8272 	DATA 	Mouse: Left button down, pos=(747,604)
122.0771 	DATA 	Mouse:  Left button up, pos=(747,604)
122.5769 	EXP 	fixation_3: autoDraw = False
122.5808 	EXP 	New trial (rep=0, index=49): {'square': 5, 'location': [0, 0], 'corrAns': None}
122.5812 	EXP 	window1: mouseVisible = False
122.5936 	EXP 	grid_lines_2: autoDraw = False
122.5936 	EXP 	target_square_2: autoDraw = False
122.5936 	EXP 	fixation_3: autoDraw = False
122.5936 	EXP 	target_square_2: pos = array([0., 0.])
122.5936 	EXP 	grid_lines_2: autoDraw = True
122.5936 	EXP 	target_square_2: autoDraw = True
123.5769 	EXP 	fixation_3: autoDraw = True
123.5936 	EXP 	target_square_2: autoDraw = False
124.5769 	EXP 	fixation_3: autoDraw = False
124.5813 	EXP 	New trial (rep=0, index=50): {'square': 7, 'location': [-0.2, -0.2], 'corrAns': None}
124.5817 	EXP 	window1: mouseVisible = False
124.5936 	EXP 	grid_lines_2: autoDraw = False
124.5936 	EXP 	target_square_2: autoDraw = False
124.5936 	EXP 	fixation_3: autoDraw = False
124.5936 	EXP 	target_square_2: pos = array([-0.2, -0.2])
124.5936 	EXP 	grid_lines_2: autoDraw = True
124.5936 	EXP 	target_square_2: autoDraw = True
125.5769 	EXP 	fixation_3: autoDraw = True
125.5936 	EXP 	target_square_2: autoDraw = False
126.5769 	EXP 	fixation_3: autoDraw = False
126.5816 	EXP 	New trial (rep=0, index=51): {'square': 5, 'location': [0, 0], 'corrAns': 1}
126.5820 	EXP 	window1: mouseVisible = False
126.5936 	EXP 	grid_lines_2: autoDraw = False
126.5936 	EXP 	target_square_2: autoDraw = False
126.5936 	EXP 	fixation_3: autoDraw = False
126.5936 	EXP 	target_square_2: pos = array([0., 0.])
126.5936 	EXP 	grid_lines_2: autoDraw = True
126.5936 	EXP 	target_square_2: autoDraw = True
127.3439 	DATA 	Mouse: Left button down, pos=(747,604)
127.5769 	EXP 	fixation_3: autoDraw = True
127.5936 	EXP 	target_square_2: autoDraw = False
127.6105 	DATA 	Mouse:  Left button up, pos=(747,604)
128.5769 	EXP 	fixation_3: autoDraw = False
128.5809 	EXP 	New trial (rep=0, index=52): {'square': 1, 'location': [-0.2, 0.2], 'corrAns': None}
128.5814 	EXP 	window1: mouseVisible = False
128.5936 	EXP 	grid_lines_2: autoDraw = False
128.5936 	EXP 	target_square_2: autoDraw = False
128.5936 	EXP 	fixation_3: autoDraw = False
128.5936 	EXP 	target_square_2: pos = array([-0.2,  0.2])
128.5936 	EXP 	grid_lines_2: autoDraw = True
128.5936 	EXP 	target_square_2: autoDraw = True
129.5769 	EXP 	fixation_3: autoDraw = True
129.5936 	EXP 	target_square_2: autoDraw = False
130.5770 	EXP 	fixation_3: autoDraw = False
130.5809 	EXP 	New trial (rep=0, index=53): {'square': 7, 'location': [-0.2, -0.2], 'corrAns': None}
130.5814 	EXP 	window1: mouseVisible = False
130.5936 	EXP 	grid_lines_2: autoDraw = False
130.5936 	EXP 	target_square_2: autoDraw = False
130.5936 	EXP 	fixation_3: autoDraw = False
130.5936 	EXP 	target_square_2: pos = array([-0.2, -0.2])
130.5936 	EXP 	grid_lines_2: autoDraw = True
130.5936 	EXP 	target_square_2: autoDraw = True
131.5770 	EXP 	fixation_3: autoDraw = True
131.5936 	EXP 	target_square_2: autoDraw = False
132.5770 	EXP 	fixation_3: autoDraw = False
132.5809 	EXP 	New trial (rep=0, index=54): {'square': 9, 'location': [0.2, -0.2], 'corrAns': None}
132.5814 	EXP 	window1: mouseVisible = False
132.5937 	EXP 	grid_lines_2: autoDraw = False
132.5937 	EXP 	target_square_2: autoDraw = False
132.5937 	EXP 	fixation_3: autoDraw = False
132.5937 	EXP 	target_square_2: pos = array([ 0.2, -0.2])
132.5937 	EXP 	grid_lines_2: autoDraw = True
132.5937 	EXP 	target_square_2: autoDraw = True
133.5770 	EXP 	fixation_3: autoDraw = True
133.5936 	EXP 	target_square_2: autoDraw = False
134.5770 	EXP 	fixation_3: autoDraw = False
134.5812 	EXP 	New trial (rep=0, index=55): {'square': 3, 'location': [0.2, 0.2], 'corrAns': None}
134.5816 	EXP 	window1: mouseVisible = False
134.5937 	EXP 	grid_lines_2: autoDraw = False
134.5937 	EXP 	target_square_2: autoDraw = False
134.5937 	EXP 	fixation_3: autoDraw = False
134.5937 	EXP 	target_square_2: pos = array([0.2, 0.2])
134.5937 	EXP 	grid_lines_2: autoDraw = True
134.5937 	EXP 	target_square_2: autoDraw = True
135.5770 	EXP 	fixation_3: autoDraw = True
135.5937 	EXP 	target_square_2: autoDraw = False
136.5770 	EXP 	fixation_3: autoDraw = False
136.5809 	EXP 	New trial (rep=0, index=56): {'square': 9, 'location': [0.2, -0.2], 'corrAns': 1}
136.5813 	EXP 	window1: mouseVisible = False
136.5937 	EXP 	grid_lines_2: autoDraw = False
136.5937 	EXP 	target_square_2: autoDraw = False
136.5937 	EXP 	fixation_3: autoDraw = False
136.5937 	EXP 	target_square_2: pos = array([ 0.2, -0.2])
136.5937 	EXP 	grid_lines_2: autoDraw = True
136.5937 	EXP 	target_square_2: autoDraw = True
137.3940 	DATA 	Mouse: Left button down, pos=(747,604)
137.5770 	EXP 	fixation_3: autoDraw = True
137.5937 	EXP 	target_square_2: autoDraw = False
137.6606 	DATA 	Mouse:  Left button up, pos=(747,604)
138.5770 	EXP 	fixation_3: autoDraw = False
138.5811 	EXP 	New trial (rep=0, index=57): {'square': 6, 'location': [0.2, 0], 'corrAns': None}
138.5815 	EXP 	window1: mouseVisible = False
138.5938 	EXP 	grid_lines_2: autoDraw = False
138.5938 	EXP 	target_square_2: autoDraw = False
138.5938 	EXP 	fixation_3: autoDraw = False
138.5938 	EXP 	target_square_2: pos = array([0.2, 0. ])
138.5938 	EXP 	grid_lines_2: autoDraw = True
138.5938 	EXP 	target_square_2: autoDraw = True
139.5770 	EXP 	fixation_3: autoDraw = True
139.5937 	EXP 	target_square_2: autoDraw = False
140.5770 	EXP 	fixation_3: autoDraw = False
140.5809 	EXP 	New trial (rep=0, index=58): {'square': 2, 'location': [0, 0.2], 'corrAns': None}
140.5813 	EXP 	window1: mouseVisible = False
140.5937 	EXP 	grid_lines_2: autoDraw = False
140.5937 	EXP 	target_square_2: autoDraw = False
140.5937 	EXP 	fixation_3: autoDraw = False
140.5937 	EXP 	target_square_2: pos = array([0. , 0.2])
140.5937 	EXP 	grid_lines_2: autoDraw = True
140.5937 	EXP 	target_square_2: autoDraw = True
141.5771 	EXP 	fixation_3: autoDraw = True
141.5937 	EXP 	target_square_2: autoDraw = False
142.5770 	EXP 	fixation_3: autoDraw = False
142.5809 	EXP 	New trial (rep=0, index=59): {'square': 5, 'location': [0, 0], 'corrAns': None}
142.5813 	EXP 	window1: mouseVisible = False
142.5937 	EXP 	grid_lines_2: autoDraw = False
142.5937 	EXP 	target_square_2: autoDraw = False
142.5937 	EXP 	fixation_3: autoDraw = False
142.5937 	EXP 	target_square_2: pos = array([0., 0.])
142.5937 	EXP 	grid_lines_2: autoDraw = True
142.5937 	EXP 	target_square_2: autoDraw = True
143.5771 	EXP 	fixation_3: autoDraw = True
143.5937 	EXP 	target_square_2: autoDraw = False
144.5771 	EXP 	fixation_3: autoDraw = False
144.5812 	EXP 	New trial (rep=0, index=60): {'square': 5, 'location': [0, 0], 'corrAns': None}
144.5816 	EXP 	window1: mouseVisible = False
144.5937 	EXP 	grid_lines_2: autoDraw = False
144.5937 	EXP 	target_square_2: autoDraw = False
144.5937 	EXP 	fixation_3: autoDraw = False
144.5937 	EXP 	target_square_2: pos = array([0., 0.])
144.5937 	EXP 	grid_lines_2: autoDraw = True
144.5937 	EXP 	target_square_2: autoDraw = True
145.5771 	EXP 	fixation_3: autoDraw = True
145.5938 	EXP 	target_square_2: autoDraw = False
146.5771 	EXP 	fixation_3: autoDraw = False
146.5810 	EXP 	New trial (rep=0, index=61): {'square': 2, 'location': [0, 0.2], 'corrAns': None}
146.5815 	EXP 	window1: mouseVisible = False
146.5938 	EXP 	grid_lines_2: autoDraw = False
146.5938 	EXP 	target_square_2: autoDraw = False
146.5938 	EXP 	fixation_3: autoDraw = False
146.5938 	EXP 	target_square_2: pos = array([0. , 0.2])
146.5938 	EXP 	grid_lines_2: autoDraw = True
146.5938 	EXP 	target_square_2: autoDraw = True
147.5771 	EXP 	fixation_3: autoDraw = True
147.5938 	EXP 	target_square_2: autoDraw = False
148.5771 	EXP 	fixation_3: autoDraw = False
148.5811 	EXP 	New trial (rep=0, index=62): {'square': 6, 'location': [0.2, 0], 'corrAns': None}
148.5815 	EXP 	window1: mouseVisible = False
148.5938 	EXP 	grid_lines_2: autoDraw = False
148.5938 	EXP 	target_square_2: autoDraw = False
148.5938 	EXP 	fixation_3: autoDraw = False
148.5938 	EXP 	target_square_2: pos = array([0.2, 0. ])
148.5938 	EXP 	grid_lines_2: autoDraw = True
148.5938 	EXP 	target_square_2: autoDraw = True
149.5771 	EXP 	fixation_3: autoDraw = True
149.5938 	EXP 	target_square_2: autoDraw = False
150.5771 	EXP 	fixation_3: autoDraw = False
150.5814 	EXP 	New trial (rep=0, index=63): {'square': 9, 'location': [0.2, -0.2], 'corrAns': None}
150.5819 	EXP 	window1: mouseVisible = False
150.5938 	EXP 	grid_lines_2: autoDraw = False
150.5938 	EXP 	target_square_2: autoDraw = False
150.5938 	EXP 	fixation_3: autoDraw = False
150.5938 	EXP 	target_square_2: pos = array([ 0.2, -0.2])
150.5938 	EXP 	grid_lines_2: autoDraw = True
150.5938 	EXP 	target_square_2: autoDraw = True
151.5771 	EXP 	fixation_3: autoDraw = True
151.5938 	EXP 	target_square_2: autoDraw = False
152.5771 	EXP 	fixation_3: autoDraw = False
152.5811 	EXP 	New trial (rep=0, index=64): {'square': 3, 'location': [0.2, 0.2], 'corrAns': None}
152.5815 	EXP 	window1: mouseVisible = False
152.5938 	EXP 	grid_lines_2: autoDraw = False
152.5938 	EXP 	target_square_2: autoDraw = False
152.5938 	EXP 	fixation_3: autoDraw = False
152.5938 	EXP 	target_square_2: pos = array([0.2, 0.2])
152.5938 	EXP 	grid_lines_2: autoDraw = True
152.5938 	EXP 	target_square_2: autoDraw = True
153.5771 	EXP 	fixation_3: autoDraw = True
153.5938 	EXP 	target_square_2: autoDraw = False
154.5771 	EXP 	fixation_3: autoDraw = False
154.5811 	EXP 	New trial (rep=0, index=65): {'square': 9, 'location': [0.2, -0.2], 'corrAns': 1}
154.5817 	EXP 	window1: mouseVisible = False
154.5938 	EXP 	grid_lines_2: autoDraw = False
154.5938 	EXP 	target_square_2: autoDraw = False
154.5938 	EXP 	fixation_3: autoDraw = False
154.5938 	EXP 	target_square_2: pos = array([ 0.2, -0.2])
154.5938 	EXP 	grid_lines_2: autoDraw = True
154.5938 	EXP 	target_square_2: autoDraw = True
155.5772 	EXP 	fixation_3: autoDraw = True
155.5938 	EXP 	target_square_2: autoDraw = False
155.7775 	DATA 	Mouse: Left button down, pos=(747,604)
156.0941 	DATA 	Mouse:  Left button up, pos=(747,604)
156.5772 	EXP 	fixation_3: autoDraw = False
156.5812 	EXP 	New trial (rep=0, index=66): {'square': 7, 'location': [-0.2, -0.2], 'corrAns': None}
156.5817 	EXP 	window1: mouseVisible = False
156.5938 	EXP 	grid_lines_2: autoDraw = False
156.5938 	EXP 	target_square_2: autoDraw = False
156.5938 	EXP 	fixation_3: autoDraw = False
156.5938 	EXP 	target_square_2: pos = array([-0.2, -0.2])
156.5938 	EXP 	grid_lines_2: autoDraw = True
156.5938 	EXP 	target_square_2: autoDraw = True
157.5772 	EXP 	fixation_3: autoDraw = True
157.5938 	EXP 	target_square_2: autoDraw = False
158.5772 	EXP 	fixation_3: autoDraw = False
158.5814 	EXP 	New trial (rep=0, index=67): {'square': 1, 'location': [-0.2, 0.2], 'corrAns': None}
158.5818 	EXP 	window1: mouseVisible = False
158.5939 	EXP 	grid_lines_2: autoDraw = False
158.5939 	EXP 	target_square_2: autoDraw = False
158.5939 	EXP 	fixation_3: autoDraw = False
158.5939 	EXP 	target_square_2: pos = array([-0.2,  0.2])
158.5939 	EXP 	grid_lines_2: autoDraw = True
158.5939 	EXP 	target_square_2: autoDraw = True
159.5772 	EXP 	fixation_3: autoDraw = True
159.5939 	EXP 	target_square_2: autoDraw = False
160.5772 	EXP 	fixation_3: autoDraw = False
160.5812 	EXP 	New trial (rep=0, index=68): {'square': 5, 'location': [0, 0], 'corrAns': None}
160.5816 	EXP 	window1: mouseVisible = False
160.5939 	EXP 	grid_lines_2: autoDraw = False
160.5939 	EXP 	target_square_2: autoDraw = False
160.5939 	EXP 	fixation_3: autoDraw = False
160.5939 	EXP 	target_square_2: pos = array([0., 0.])
160.5939 	EXP 	grid_lines_2: autoDraw = True
160.5939 	EXP 	target_square_2: autoDraw = True
161.5772 	EXP 	fixation_3: autoDraw = True
161.5939 	EXP 	target_square_2: autoDraw = False
162.5772 	EXP 	fixation_3: autoDraw = False
162.5812 	EXP 	New trial (rep=0, index=69): {'square': 7, 'location': [-0.2, -0.2], 'corrAns': None}
162.5817 	EXP 	window1: mouseVisible = False
162.5939 	EXP 	grid_lines_2: autoDraw = False
162.5939 	EXP 	target_square_2: autoDraw = False
162.5939 	EXP 	fixation_3: autoDraw = False
162.5939 	EXP 	target_square_2: pos = array([-0.2, -0.2])
162.5939 	EXP 	grid_lines_2: autoDraw = True
162.5939 	EXP 	target_square_2: autoDraw = True
163.5773 	EXP 	fixation_3: autoDraw = True
163.5939 	EXP 	target_square_2: autoDraw = False
164.5773 	EXP 	fixation_3: autoDraw = False
164.5815 	EXP 	New trial (rep=0, index=70): {'square': 5, 'location': [0, 0], 'corrAns': 1}
164.5819 	EXP 	window1: mouseVisible = False
164.5939 	EXP 	grid_lines_2: autoDraw = False
164.5939 	EXP 	target_square_2: autoDraw = False
164.5939 	EXP 	fixation_3: autoDraw = False
164.5939 	EXP 	target_square_2: pos = array([0., 0.])
164.5939 	EXP 	grid_lines_2: autoDraw = True
164.5939 	EXP 	target_square_2: autoDraw = True
165.4443 	DATA 	Mouse: Left button down, pos=(747,604)
165.5772 	EXP 	fixation_3: autoDraw = True
165.5939 	EXP 	target_square_2: autoDraw = False
165.7775 	DATA 	Mouse:  Left button up, pos=(747,604)
166.5773 	EXP 	fixation_3: autoDraw = False
166.5818 	EXP 	New trial (rep=0, index=71): {'square': 6, 'location': [0.2, 0], 'corrAns': None}
166.5823 	EXP 	window1: mouseVisible = False
166.5939 	EXP 	grid_lines_2: autoDraw = False
166.5939 	EXP 	target_square_2: autoDraw = False
166.5939 	EXP 	fixation_3: autoDraw = False
166.5939 	EXP 	target_square_2: pos = array([0.2, 0. ])
166.5939 	EXP 	grid_lines_2: autoDraw = True
166.5939 	EXP 	target_square_2: autoDraw = True
167.5773 	EXP 	fixation_3: autoDraw = True
167.5939 	EXP 	target_square_2: autoDraw = False
168.5773 	EXP 	fixation_3: autoDraw = False
168.5812 	EXP 	New trial (rep=0, index=72): {'square': 3, 'location': [0.2, 0.2], 'corrAns': None}
168.5817 	EXP 	window1: mouseVisible = False
168.5939 	EXP 	grid_lines_2: autoDraw = False
168.5939 	EXP 	target_square_2: autoDraw = False
168.5939 	EXP 	fixation_3: autoDraw = False
168.5939 	EXP 	target_square_2: pos = array([0.2, 0.2])
168.5939 	EXP 	grid_lines_2: autoDraw = True
168.5939 	EXP 	target_square_2: autoDraw = True
169.5773 	EXP 	fixation_3: autoDraw = True
169.5940 	EXP 	target_square_2: autoDraw = False
170.5773 	EXP 	fixation_3: autoDraw = False
170.5812 	EXP 	New trial (rep=0, index=73): {'square': 6, 'location': [0.2, 0], 'corrAns': 1}
170.5816 	EXP 	window1: mouseVisible = False
170.5940 	EXP 	grid_lines_2: autoDraw = False
170.5940 	EXP 	target_square_2: autoDraw = False
170.5940 	EXP 	fixation_3: autoDraw = False
170.5940 	EXP 	target_square_2: pos = array([0.2, 0. ])
170.5940 	EXP 	grid_lines_2: autoDraw = True
170.5940 	EXP 	target_square_2: autoDraw = True
171.3943 	DATA 	Mouse: Left button down, pos=(747,604)
171.5773 	EXP 	fixation_3: autoDraw = True
171.5940 	EXP 	target_square_2: autoDraw = False
171.7109 	DATA 	Mouse:  Left button up, pos=(747,604)
172.5773 	EXP 	fixation_3: autoDraw = False
172.5814 	EXP 	New trial (rep=0, index=74): {'square': 8, 'location': [0, -0.2], 'corrAns': None}
172.5818 	EXP 	window1: mouseVisible = False
172.5940 	EXP 	grid_lines_2: autoDraw = False
172.5940 	EXP 	target_square_2: autoDraw = False
172.5940 	EXP 	fixation_3: autoDraw = False
172.5940 	EXP 	target_square_2: pos = array([ 0. , -0.2])
172.5940 	EXP 	grid_lines_2: autoDraw = True
172.5940 	EXP 	target_square_2: autoDraw = True
173.5773 	EXP 	fixation_3: autoDraw = True
173.5940 	EXP 	target_square_2: autoDraw = False
174.5773 	EXP 	fixation_3: autoDraw = False
174.5814 	EXP 	New trial (rep=0, index=75): {'square': 9, 'location': [0.2, -0.2], 'corrAns': None}
174.5819 	EXP 	window1: mouseVisible = False
174.5940 	EXP 	grid_lines_2: autoDraw = False
174.5940 	EXP 	target_square_2: autoDraw = False
174.5940 	EXP 	fixation_3: autoDraw = False
174.5940 	EXP 	target_square_2: pos = array([ 0.2, -0.2])
174.5940 	EXP 	grid_lines_2: autoDraw = True
174.5940 	EXP 	target_square_2: autoDraw = True
175.5774 	EXP 	fixation_3: autoDraw = True
175.5940 	EXP 	target_square_2: autoDraw = False
176.5773 	EXP 	fixation_3: autoDraw = False
176.5812 	EXP 	New trial (rep=0, index=76): {'square': 9, 'location': [0.2, -0.2], 'corrAns': None}
176.5817 	EXP 	window1: mouseVisible = False
176.5940 	EXP 	grid_lines_2: autoDraw = False
176.5940 	EXP 	target_square_2: autoDraw = False
176.5940 	EXP 	fixation_3: autoDraw = False
176.5940 	EXP 	target_square_2: pos = array([ 0.2, -0.2])
176.5940 	EXP 	grid_lines_2: autoDraw = True
176.5940 	EXP 	target_square_2: autoDraw = True
177.5773 	EXP 	fixation_3: autoDraw = True
177.5940 	EXP 	target_square_2: autoDraw = False
178.5774 	EXP 	fixation_3: autoDraw = False
178.5813 	EXP 	New trial (rep=0, index=77): {'square': 1, 'location': [-0.2, 0.2], 'corrAns': None}
178.5818 	EXP 	window1: mouseVisible = False
178.5940 	EXP 	grid_lines_2: autoDraw = False
178.5940 	EXP 	target_square_2: autoDraw = False
178.5940 	EXP 	fixation_3: autoDraw = False
178.5940 	EXP 	target_square_2: pos = array([-0.2,  0.2])
178.5940 	EXP 	grid_lines_2: autoDraw = True
178.5940 	EXP 	target_square_2: autoDraw = True
179.5774 	EXP 	fixation_3: autoDraw = True
179.5940 	EXP 	target_square_2: autoDraw = False
180.5774 	EXP 	fixation_3: autoDraw = False
180.5813 	EXP 	New trial (rep=0, index=78): {'square': 3, 'location': [0.2, 0.2], 'corrAns': None}
180.5819 	EXP 	window1: mouseVisible = False
180.5941 	EXP 	grid_lines_2: autoDraw = False
180.5941 	EXP 	target_square_2: autoDraw = False
180.5941 	EXP 	fixation_3: autoDraw = False
180.5941 	EXP 	target_square_2: pos = array([0.2, 0.2])
180.5941 	EXP 	grid_lines_2: autoDraw = True
180.5941 	EXP 	target_square_2: autoDraw = True
181.5774 	EXP 	fixation_3: autoDraw = True
181.5941 	EXP 	target_square_2: autoDraw = False
182.5774 	EXP 	fixation_3: autoDraw = False
182.5813 	EXP 	New trial (rep=0, index=79): {'square': 5, 'location': [0, 0], 'corrAns': None}
182.5817 	EXP 	window1: mouseVisible = False
182.5941 	EXP 	grid_lines_2: autoDraw = False
182.5941 	EXP 	target_square_2: autoDraw = False
182.5941 	EXP 	fixation_3: autoDraw = False
182.5941 	EXP 	target_square_2: pos = array([0., 0.])
182.5941 	EXP 	grid_lines_2: autoDraw = True
182.5941 	EXP 	target_square_2: autoDraw = True
183.5774 	EXP 	fixation_3: autoDraw = True
183.5941 	EXP 	target_square_2: autoDraw = False
184.5774 	EXP 	fixation_3: autoDraw = False
184.5816 	EXP 	New trial (rep=0, index=80): {'square': 3, 'location': [0.2, 0.2], 'corrAns': 1}
184.5822 	EXP 	window1: mouseVisible = False
184.5941 	EXP 	grid_lines_2: autoDraw = False
184.5941 	EXP 	target_square_2: autoDraw = False
184.5941 	EXP 	fixation_3: autoDraw = False
184.5941 	EXP 	target_square_2: pos = array([0.2, 0.2])
184.5941 	EXP 	grid_lines_2: autoDraw = True
184.5941 	EXP 	target_square_2: autoDraw = True
185.1111 	DATA 	Mouse: Left button down, pos=(747,604)
185.5444 	DATA 	Mouse:  Left button up, pos=(747,604)
185.5774 	EXP 	fixation_3: autoDraw = True
185.5941 	EXP 	target_square_2: autoDraw = False
186.5774 	EXP 	fixation_3: autoDraw = False
186.5813 	EXP 	New trial (rep=0, index=81): {'square': 4, 'location': [-0.2, 0], 'corrAns': None}
186.5818 	EXP 	window1: mouseVisible = False
186.5941 	EXP 	grid_lines_2: autoDraw = False
186.5941 	EXP 	target_square_2: autoDraw = False
186.5941 	EXP 	fixation_3: autoDraw = False
186.5941 	EXP 	target_square_2: pos = array([-0.2,  0. ])
186.5941 	EXP 	grid_lines_2: autoDraw = True
186.5941 	EXP 	target_square_2: autoDraw = True
187.5774 	EXP 	fixation_3: autoDraw = True
187.5941 	EXP 	target_square_2: autoDraw = False
188.5775 	EXP 	fixation_3: autoDraw = False
188.5814 	EXP 	New trial (rep=0, index=82): {'square': 7, 'location': [-0.2, -0.2], 'corrAns': None}
188.5818 	EXP 	window1: mouseVisible = False
188.5941 	EXP 	grid_lines_2: autoDraw = False
188.5941 	EXP 	target_square_2: autoDraw = False
188.5941 	EXP 	fixation_3: autoDraw = False
188.5941 	EXP 	target_square_2: pos = array([-0.2, -0.2])
188.5941 	EXP 	grid_lines_2: autoDraw = True
188.5941 	EXP 	target_square_2: autoDraw = True
189.5775 	EXP 	fixation_3: autoDraw = True
189.5941 	EXP 	target_square_2: autoDraw = False
190.5774 	EXP 	fixation_3: autoDraw = False
190.5814 	EXP 	New trial (rep=0, index=83): {'square': 4, 'location': [-0.2, 0], 'corrAns': 1}
190.5818 	EXP 	window1: mouseVisible = False
190.5941 	EXP 	grid_lines_2: autoDraw = False
190.5941 	EXP 	target_square_2: autoDraw = False
190.5941 	EXP 	fixation_3: autoDraw = False
190.5941 	EXP 	target_square_2: pos = array([-0.2,  0. ])
190.5941 	EXP 	grid_lines_2: autoDraw = True
190.5941 	EXP 	target_square_2: autoDraw = True
191.5775 	EXP 	fixation_3: autoDraw = True
191.5941 	EXP 	target_square_2: autoDraw = False
191.6445 	DATA 	Mouse: Left button down, pos=(747,604)
191.8944 	DATA 	Mouse:  Left button up, pos=(747,604)
192.5775 	EXP 	fixation_3: autoDraw = False
192.5815 	EXP 	New trial (rep=0, index=84): {'square': 4, 'location': [-0.2, 0], 'corrAns': None}
192.5819 	EXP 	window1: mouseVisible = False
192.5942 	EXP 	grid_lines_2: autoDraw = False
192.5942 	EXP 	target_square_2: autoDraw = False
192.5942 	EXP 	fixation_3: autoDraw = False
192.5942 	EXP 	target_square_2: pos = array([-0.2,  0. ])
192.5942 	EXP 	grid_lines_2: autoDraw = True
192.5942 	EXP 	target_square_2: autoDraw = True
193.5775 	EXP 	fixation_3: autoDraw = True
193.5941 	EXP 	target_square_2: autoDraw = False
194.5775 	EXP 	fixation_3: autoDraw = False
194.5816 	EXP 	New trial (rep=0, index=85): {'square': 5, 'location': [0, 0], 'corrAns': None}
194.5819 	EXP 	window1: mouseVisible = False
194.5942 	EXP 	grid_lines_2: autoDraw = False
194.5942 	EXP 	target_square_2: autoDraw = False
194.5942 	EXP 	fixation_3: autoDraw = False
194.5942 	EXP 	target_square_2: pos = array([0., 0.])
194.5942 	EXP 	grid_lines_2: autoDraw = True
194.5942 	EXP 	target_square_2: autoDraw = True
195.5775 	EXP 	fixation_3: autoDraw = True
195.5942 	EXP 	target_square_2: autoDraw = False
196.5775 	EXP 	fixation_3: autoDraw = False
196.5815 	EXP 	New trial (rep=0, index=86): {'square': 2, 'location': [0, 0.2], 'corrAns': None}
196.5819 	EXP 	window1: mouseVisible = False
196.5942 	EXP 	grid_lines_2: autoDraw = False
196.5942 	EXP 	target_square_2: autoDraw = False
196.5942 	EXP 	fixation_3: autoDraw = False
196.5942 	EXP 	target_square_2: pos = array([0. , 0.2])
196.5942 	EXP 	grid_lines_2: autoDraw = True
196.5942 	EXP 	target_square_2: autoDraw = True
197.5775 	EXP 	fixation_3: autoDraw = True
197.5944 	EXP 	target_square_2: autoDraw = False
198.5775 	EXP 	fixation_3: autoDraw = False
198.5815 	EXP 	New trial (rep=0, index=87): {'square': 6, 'location': [0.2, 0], 'corrAns': None}
198.5819 	EXP 	window1: mouseVisible = False
198.5942 	EXP 	grid_lines_2: autoDraw = False
198.5942 	EXP 	target_square_2: autoDraw = False
198.5942 	EXP 	fixation_3: autoDraw = False
198.5942 	EXP 	target_square_2: pos = array([0.2, 0. ])
198.5942 	EXP 	grid_lines_2: autoDraw = True
198.5942 	EXP 	target_square_2: autoDraw = True
199.5776 	EXP 	fixation_3: autoDraw = True
199.5942 	EXP 	target_square_2: autoDraw = False
200.5776 	EXP 	fixation_3: autoDraw = False
200.5814 	EXP 	New trial (rep=0, index=88): {'square': 7, 'location': [-0.2, -0.2], 'corrAns': None}
200.5819 	EXP 	window1: mouseVisible = False
200.5942 	EXP 	grid_lines_2: autoDraw = False
200.5942 	EXP 	target_square_2: autoDraw = False
200.5942 	EXP 	fixation_3: autoDraw = False
200.5942 	EXP 	target_square_2: pos = array([-0.2, -0.2])
200.5942 	EXP 	grid_lines_2: autoDraw = True
200.5942 	EXP 	target_square_2: autoDraw = True
201.5776 	EXP 	fixation_3: autoDraw = True
201.5942 	EXP 	target_square_2: autoDraw = False
202.5776 	EXP 	fixation_3: autoDraw = False
202.5815 	EXP 	New trial (rep=0, index=89): {'square': 6, 'location': [0.2, 0], 'corrAns': 1}
202.5819 	EXP 	window1: mouseVisible = False
202.5942 	EXP 	grid_lines_2: autoDraw = False
202.5942 	EXP 	target_square_2: autoDraw = False
202.5942 	EXP 	fixation_3: autoDraw = False
202.5942 	EXP 	target_square_2: pos = array([0.2, 0. ])
202.5942 	EXP 	grid_lines_2: autoDraw = True
202.5942 	EXP 	target_square_2: autoDraw = True
203.5776 	EXP 	fixation_3: autoDraw = True
203.5943 	EXP 	target_square_2: autoDraw = False
203.8112 	DATA 	Mouse: Left button down, pos=(747,604)
204.0778 	DATA 	Mouse:  Left button up, pos=(747,604)
204.5776 	EXP 	fixation_3: autoDraw = False
204.5818 	EXP 	New trial (rep=0, index=90): {'square': 6, 'location': [0.2, 0], 'corrAns': None}
204.5822 	EXP 	window1: mouseVisible = False
204.5943 	EXP 	grid_lines_2: autoDraw = False
204.5943 	EXP 	target_square_2: autoDraw = False
204.5943 	EXP 	fixation_3: autoDraw = False
204.5943 	EXP 	target_square_2: pos = array([0.2, 0. ])
204.5943 	EXP 	grid_lines_2: autoDraw = True
204.5943 	EXP 	target_square_2: autoDraw = True
205.5775 	EXP 	fixation_3: autoDraw = True
205.5943 	EXP 	target_square_2: autoDraw = False
206.5776 	EXP 	fixation_3: autoDraw = False
206.5817 	EXP 	New trial (rep=0, index=91): {'square': 7, 'location': [-0.2, -0.2], 'corrAns': None}
206.5821 	EXP 	window1: mouseVisible = False
206.5943 	EXP 	grid_lines_2: autoDraw = False
206.5943 	EXP 	target_square_2: autoDraw = False
206.5943 	EXP 	fixation_3: autoDraw = False
206.5943 	EXP 	target_square_2: pos = array([-0.2, -0.2])
206.5943 	EXP 	grid_lines_2: autoDraw = True
206.5943 	EXP 	target_square_2: autoDraw = True
207.5776 	EXP 	fixation_3: autoDraw = True
207.5943 	EXP 	target_square_2: autoDraw = False
208.5776 	EXP 	fixation_3: autoDraw = False
208.5817 	EXP 	New trial (rep=0, index=92): {'square': 6, 'location': [0.2, 0], 'corrAns': 1}
208.5822 	EXP 	window1: mouseVisible = False
208.5943 	EXP 	grid_lines_2: autoDraw = False
208.5943 	EXP 	target_square_2: autoDraw = False
208.5943 	EXP 	fixation_3: autoDraw = False
208.5943 	EXP 	target_square_2: pos = array([0.2, 0. ])
208.5943 	EXP 	grid_lines_2: autoDraw = True
208.5943 	EXP 	target_square_2: autoDraw = True
209.5777 	EXP 	fixation_3: autoDraw = True
209.5943 	EXP 	target_square_2: autoDraw = False
209.6447 	DATA 	Mouse: Left button down, pos=(747,604)
209.9446 	DATA 	Mouse:  Left button up, pos=(747,604)
210.5777 	EXP 	fixation_3: autoDraw = False
210.5817 	EXP 	New trial (rep=0, index=93): {'square': 2, 'location': [0, 0.2], 'corrAns': None}
210.5822 	EXP 	window1: mouseVisible = False
210.5943 	EXP 	grid_lines_2: autoDraw = False
210.5943 	EXP 	target_square_2: autoDraw = False
210.5943 	EXP 	fixation_3: autoDraw = False
210.5943 	EXP 	target_square_2: pos = array([0. , 0.2])
210.5943 	EXP 	grid_lines_2: autoDraw = True
210.5943 	EXP 	target_square_2: autoDraw = True
211.5777 	EXP 	fixation_3: autoDraw = True
211.5943 	EXP 	target_square_2: autoDraw = False
212.5777 	EXP 	fixation_3: autoDraw = False
212.5817 	EXP 	New trial (rep=0, index=94): {'square': 5, 'location': [0, 0], 'corrAns': None}
212.5821 	EXP 	window1: mouseVisible = False
212.5943 	EXP 	grid_lines_2: autoDraw = False
212.5943 	EXP 	target_square_2: autoDraw = False
212.5943 	EXP 	fixation_3: autoDraw = False
212.5943 	EXP 	target_square_2: pos = array([0., 0.])
212.5943 	EXP 	grid_lines_2: autoDraw = True
212.5943 	EXP 	target_square_2: autoDraw = True
213.5777 	EXP 	fixation_3: autoDraw = True
213.5943 	EXP 	target_square_2: autoDraw = False
214.5777 	EXP 	fixation_3: autoDraw = False
214.5818 	EXP 	New trial (rep=0, index=95): {'square': 4, 'location': [-0.2, 0], 'corrAns': None}
214.5822 	EXP 	window1: mouseVisible = False
214.5943 	EXP 	grid_lines_2: autoDraw = False
214.5943 	EXP 	target_square_2: autoDraw = False
214.5943 	EXP 	fixation_3: autoDraw = False
214.5943 	EXP 	target_square_2: pos = array([-0.2,  0. ])
214.5943 	EXP 	grid_lines_2: autoDraw = True
214.5943 	EXP 	target_square_2: autoDraw = True
215.5777 	EXP 	fixation_3: autoDraw = True
215.5943 	EXP 	target_square_2: autoDraw = False
216.5777 	EXP 	fixation_3: autoDraw = False
216.5816 	EXP 	New trial (rep=0, index=96): {'square': 4, 'location': [-0.2, 0], 'corrAns': None}
216.5821 	EXP 	window1: mouseVisible = False
216.5944 	EXP 	grid_lines_2: autoDraw = False
216.5944 	EXP 	target_square_2: autoDraw = False
216.5944 	EXP 	fixation_3: autoDraw = False
216.5944 	EXP 	target_square_2: pos = array([-0.2,  0. ])
216.5944 	EXP 	grid_lines_2: autoDraw = True
216.5944 	EXP 	target_square_2: autoDraw = True
217.5777 	EXP 	fixation_3: autoDraw = True
217.5944 	EXP 	target_square_2: autoDraw = False
218.5777 	EXP 	fixation_3: autoDraw = False
218.5817 	EXP 	New trial (rep=0, index=97): {'square': 7, 'location': [-0.2, -0.2], 'corrAns': None}
218.5822 	EXP 	window1: mouseVisible = False
218.5944 	EXP 	grid_lines_2: autoDraw = False
218.5944 	EXP 	target_square_2: autoDraw = False
218.5944 	EXP 	fixation_3: autoDraw = False
218.5944 	EXP 	target_square_2: pos = array([-0.2, -0.2])
218.5944 	EXP 	grid_lines_2: autoDraw = True
218.5944 	EXP 	target_square_2: autoDraw = True
219.5777 	EXP 	fixation_3: autoDraw = True
219.5944 	EXP 	target_square_2: autoDraw = False
220.5777 	EXP 	fixation_3: autoDraw = False
220.5817 	EXP 	New trial (rep=0, index=98): {'square': 4, 'location': [-0.2, 0], 'corrAns': 1}
220.5821 	EXP 	window1: mouseVisible = False
220.5944 	EXP 	grid_lines_2: autoDraw = False
220.5944 	EXP 	target_square_2: autoDraw = False
220.5944 	EXP 	fixation_3: autoDraw = False
220.5944 	EXP 	target_square_2: pos = array([-0.2,  0. ])
220.5944 	EXP 	grid_lines_2: autoDraw = True
220.5944 	EXP 	target_square_2: autoDraw = True
221.2281 	DATA 	Mouse: Left button down, pos=(747,604)
221.5280 	DATA 	Mouse:  Left button up, pos=(747,604)
221.5778 	EXP 	fixation_3: autoDraw = True
221.5944 	EXP 	target_square_2: autoDraw = False
222.5778 	EXP 	fixation_3: autoDraw = False
222.5819 	EXP 	New trial (rep=0, index=99): {'square': 3, 'location': [0.2, 0.2], 'corrAns': None}
222.5823 	EXP 	window1: mouseVisible = False
222.5944 	EXP 	grid_lines_2: autoDraw = False
222.5944 	EXP 	target_square_2: autoDraw = False
222.5944 	EXP 	fixation_3: autoDraw = False
222.5944 	EXP 	target_square_2: pos = array([0.2, 0.2])
222.5944 	EXP 	grid_lines_2: autoDraw = True
222.5944 	EXP 	target_square_2: autoDraw = True
223.5778 	EXP 	fixation_3: autoDraw = True
223.5944 	EXP 	target_square_2: autoDraw = False
224.5778 	EXP 	fixation_3: autoDraw = False
224.5819 	EXP 	New trial (rep=0, index=100): {'square': 5, 'location': [0, 0], 'corrAns': None}
224.5823 	EXP 	window1: mouseVisible = False
224.5943 	EXP 	grid_lines_2: autoDraw = False
224.5943 	EXP 	target_square_2: autoDraw = False
224.5943 	EXP 	fixation_3: autoDraw = False
224.5943 	EXP 	target_square_2: pos = array([0., 0.])
224.5943 	EXP 	grid_lines_2: autoDraw = True
224.5943 	EXP 	target_square_2: autoDraw = True
225.5778 	EXP 	fixation_3: autoDraw = True
225.5944 	EXP 	target_square_2: autoDraw = False
226.5778 	EXP 	fixation_3: autoDraw = False
226.5817 	EXP 	New trial (rep=0, index=101): {'square': 3, 'location': [0.2, 0.2], 'corrAns': 1}
226.5822 	EXP 	window1: mouseVisible = False
226.5944 	EXP 	grid_lines_2: autoDraw = False
226.5944 	EXP 	target_square_2: autoDraw = False
226.5944 	EXP 	fixation_3: autoDraw = False
226.5944 	EXP 	target_square_2: pos = array([0.2, 0.2])
226.5944 	EXP 	grid_lines_2: autoDraw = True
226.5944 	EXP 	target_square_2: autoDraw = True
227.5778 	EXP 	fixation_3: autoDraw = True
227.5945 	EXP 	target_square_2: autoDraw = False
227.8448 	DATA 	Mouse: Left button down, pos=(747,604)
228.0781 	DATA 	Mouse:  Left button up, pos=(747,604)
228.5778 	EXP 	fixation_3: autoDraw = False
228.5824 	EXP 	New trial (rep=0, index=102): {'square': 1, 'location': [-0.2, 0.2], 'corrAns': None}
228.5829 	EXP 	window1: mouseVisible = False
228.5945 	EXP 	grid_lines_2: autoDraw = False
228.5945 	EXP 	target_square_2: autoDraw = False
228.5945 	EXP 	fixation_3: autoDraw = False
228.5945 	EXP 	target_square_2: pos = array([-0.2,  0.2])
228.5945 	EXP 	grid_lines_2: autoDraw = True
228.5945 	EXP 	target_square_2: autoDraw = True
229.5778 	EXP 	fixation_3: autoDraw = True
229.5945 	EXP 	target_square_2: autoDraw = False
230.5778 	EXP 	fixation_3: autoDraw = False
230.5818 	EXP 	New trial (rep=0, index=103): {'square': 9, 'location': [0.2, -0.2], 'corrAns': None}
230.5822 	EXP 	window1: mouseVisible = False
230.5945 	EXP 	grid_lines_2: autoDraw = False
230.5945 	EXP 	target_square_2: autoDraw = False
230.5945 	EXP 	fixation_3: autoDraw = False
230.5945 	EXP 	target_square_2: pos = array([ 0.2, -0.2])
230.5945 	EXP 	grid_lines_2: autoDraw = True
230.5945 	EXP 	target_square_2: autoDraw = True
231.5778 	EXP 	fixation_3: autoDraw = True
231.5945 	EXP 	target_square_2: autoDraw = False
232.5778 	EXP 	fixation_3: autoDraw = False
232.5817 	EXP 	New trial (rep=0, index=104): {'square': 9, 'location': [0.2, -0.2], 'corrAns': None}
232.5822 	EXP 	window1: mouseVisible = False
232.5945 	EXP 	grid_lines_2: autoDraw = False
232.5945 	EXP 	target_square_2: autoDraw = False
232.5945 	EXP 	fixation_3: autoDraw = False
232.5945 	EXP 	target_square_2: pos = array([ 0.2, -0.2])
232.5945 	EXP 	grid_lines_2: autoDraw = True
232.5945 	EXP 	target_square_2: autoDraw = True
233.5779 	EXP 	fixation_3: autoDraw = True
233.5945 	EXP 	target_square_2: autoDraw = False
234.5779 	EXP 	fixation_3: autoDraw = False
234.5819 	EXP 	New trial (rep=0, index=105): {'square': 8, 'location': [0, -0.2], 'corrAns': None}
234.5824 	EXP 	window1: mouseVisible = False
234.5945 	EXP 	grid_lines_2: autoDraw = False
234.5945 	EXP 	target_square_2: autoDraw = False
234.5945 	EXP 	fixation_3: autoDraw = False
234.5945 	EXP 	target_square_2: pos = array([ 0. , -0.2])
234.5945 	EXP 	grid_lines_2: autoDraw = True
234.5945 	EXP 	target_square_2: autoDraw = True
235.5779 	EXP 	fixation_3: autoDraw = True
235.5945 	EXP 	target_square_2: autoDraw = False
236.5779 	EXP 	fixation_3: autoDraw = False
236.5818 	EXP 	New trial (rep=0, index=106): {'square': 6, 'location': [0.2, 0], 'corrAns': None}
236.5822 	EXP 	window1: mouseVisible = False
236.5945 	EXP 	grid_lines_2: autoDraw = False
236.5945 	EXP 	target_square_2: autoDraw = False
236.5945 	EXP 	fixation_3: autoDraw = False
236.5945 	EXP 	target_square_2: pos = array([0.2, 0. ])
236.5945 	EXP 	grid_lines_2: autoDraw = True
236.5945 	EXP 	target_square_2: autoDraw = True
237.5779 	EXP 	fixation_3: autoDraw = True
237.5945 	EXP 	target_square_2: autoDraw = False
238.5779 	EXP 	fixation_3: autoDraw = False
238.5819 	EXP 	New trial (rep=0, index=107): {'square': 3, 'location': [0.2, 0.2], 'corrAns': None}
238.5823 	EXP 	window1: mouseVisible = False
238.5945 	EXP 	grid_lines_2: autoDraw = False
238.5945 	EXP 	target_square_2: autoDraw = False
238.5945 	EXP 	fixation_3: autoDraw = False
238.5945 	EXP 	target_square_2: pos = array([0.2, 0.2])
238.5945 	EXP 	grid_lines_2: autoDraw = True
238.5945 	EXP 	target_square_2: autoDraw = True
239.5779 	EXP 	fixation_3: autoDraw = True
239.5946 	EXP 	target_square_2: autoDraw = False
240.5779 	EXP 	fixation_3: autoDraw = False
240.5819 	EXP 	New trial (rep=0, index=108): {'square': 6, 'location': [0.2, 0], 'corrAns': 1}
240.5824 	EXP 	window1: mouseVisible = False
240.5946 	EXP 	grid_lines_2: autoDraw = False
240.5946 	EXP 	target_square_2: autoDraw = False
240.5946 	EXP 	fixation_3: autoDraw = False
240.5946 	EXP 	target_square_2: pos = array([0.2, 0. ])
240.5946 	EXP 	grid_lines_2: autoDraw = True
240.5946 	EXP 	target_square_2: autoDraw = True
241.3949 	DATA 	Mouse: Left button down, pos=(747,604)
241.5779 	EXP 	fixation_3: autoDraw = True
241.5946 	EXP 	target_square_2: autoDraw = False
241.6448 	DATA 	Mouse:  Left button up, pos=(747,604)
242.5779 	EXP 	fixation_3: autoDraw = False
242.5824 	EXP 	New trial (rep=0, index=109): {'square': 5, 'location': [0, 0], 'corrAns': None}
242.5828 	EXP 	window1: mouseVisible = False
242.5946 	EXP 	grid_lines_2: autoDraw = False
242.5946 	EXP 	target_square_2: autoDraw = False
242.5946 	EXP 	fixation_3: autoDraw = False
242.5946 	EXP 	target_square_2: pos = array([0., 0.])
242.5946 	EXP 	grid_lines_2: autoDraw = True
242.5946 	EXP 	target_square_2: autoDraw = True
243.5779 	EXP 	fixation_3: autoDraw = True
243.5946 	EXP 	target_square_2: autoDraw = False
244.5779 	EXP 	fixation_3: autoDraw = False
244.5820 	EXP 	New trial (rep=0, index=110): {'square': 7, 'location': [-0.2, -0.2], 'corrAns': None}
244.5825 	EXP 	window1: mouseVisible = False
244.5946 	EXP 	grid_lines_2: autoDraw = False
244.5946 	EXP 	target_square_2: autoDraw = False
244.5946 	EXP 	fixation_3: autoDraw = False
244.5946 	EXP 	target_square_2: pos = array([-0.2, -0.2])
244.5946 	EXP 	grid_lines_2: autoDraw = True
244.5946 	EXP 	target_square_2: autoDraw = True
245.5779 	EXP 	fixation_3: autoDraw = True
245.5946 	EXP 	target_square_2: autoDraw = False
246.5779 	EXP 	fixation_3: autoDraw = False
246.5819 	EXP 	New trial (rep=0, index=111): {'square': 5, 'location': [0, 0], 'corrAns': 1}
246.5823 	EXP 	window1: mouseVisible = False
246.5945 	EXP 	grid_lines_2: autoDraw = False
246.5945 	EXP 	target_square_2: autoDraw = False
246.5945 	EXP 	fixation_3: autoDraw = False
246.5945 	EXP 	target_square_2: pos = array([0., 0.])
246.5945 	EXP 	grid_lines_2: autoDraw = True
246.5945 	EXP 	target_square_2: autoDraw = True
247.3616 	DATA 	Mouse: Left button down, pos=(747,604)
247.5780 	EXP 	fixation_3: autoDraw = True
247.5783 	DATA 	Mouse:  Left button up, pos=(747,604)
247.5946 	EXP 	target_square_2: autoDraw = False
248.5780 	EXP 	fixation_3: autoDraw = False
248.5824 	EXP 	New trial (rep=0, index=112): {'square': 1, 'location': [-0.2, 0.2], 'corrAns': None}
248.5829 	EXP 	window1: mouseVisible = False
248.5946 	EXP 	grid_lines_2: autoDraw = False
248.5946 	EXP 	target_square_2: autoDraw = False
248.5946 	EXP 	fixation_3: autoDraw = False
248.5946 	EXP 	target_square_2: pos = array([-0.2,  0.2])
248.5946 	EXP 	grid_lines_2: autoDraw = True
248.5946 	EXP 	target_square_2: autoDraw = True
249.5780 	EXP 	fixation_3: autoDraw = True
249.5946 	EXP 	target_square_2: autoDraw = False
250.5780 	EXP 	fixation_3: autoDraw = False
250.5821 	EXP 	New trial (rep=0, index=113): {'square': 7, 'location': [-0.2, -0.2], 'corrAns': None}
250.5825 	EXP 	window1: mouseVisible = False
250.5947 	EXP 	grid_lines_2: autoDraw = False
250.5947 	EXP 	target_square_2: autoDraw = False
250.5947 	EXP 	fixation_3: autoDraw = False
250.5947 	EXP 	target_square_2: pos = array([-0.2, -0.2])
250.5947 	EXP 	grid_lines_2: autoDraw = True
250.5947 	EXP 	target_square_2: autoDraw = True
251.5780 	EXP 	fixation_3: autoDraw = True
251.5947 	EXP 	target_square_2: autoDraw = False
252.3450 	DATA 	Mouse: Left button down, pos=(747,604)
252.5616 	DATA 	Mouse:  Left button up, pos=(747,604)
252.5780 	EXP 	fixation_3: autoDraw = False
252.5819 	EXP 	New trial (rep=0, index=114): {'square': 9, 'location': [0.2, -0.2], 'corrAns': None}
252.5824 	EXP 	window1: mouseVisible = False
252.5947 	EXP 	grid_lines_2: autoDraw = False
252.5947 	EXP 	target_square_2: autoDraw = False
252.5947 	EXP 	fixation_3: autoDraw = False
252.5947 	EXP 	target_square_2: pos = array([ 0.2, -0.2])
252.5947 	EXP 	grid_lines_2: autoDraw = True
252.5947 	EXP 	target_square_2: autoDraw = True
253.5780 	EXP 	fixation_3: autoDraw = True
253.5947 	EXP 	target_square_2: autoDraw = False
254.5780 	EXP 	fixation_3: autoDraw = False
254.5820 	EXP 	New trial (rep=0, index=115): {'square': 3, 'location': [0.2, 0.2], 'corrAns': None}
254.5825 	EXP 	window1: mouseVisible = False
254.5947 	EXP 	grid_lines_2: autoDraw = False
254.5947 	EXP 	target_square_2: autoDraw = False
254.5947 	EXP 	fixation_3: autoDraw = False
254.5947 	EXP 	target_square_2: pos = array([0.2, 0.2])
254.5947 	EXP 	grid_lines_2: autoDraw = True
254.5947 	EXP 	target_square_2: autoDraw = True
255.5780 	EXP 	fixation_3: autoDraw = True
255.5947 	EXP 	target_square_2: autoDraw = False
256.5780 	EXP 	fixation_3: autoDraw = False
256.5827 	EXP 	New trial (rep=0, index=116): {'square': 9, 'location': [0.2, -0.2], 'corrAns': 1}
256.5831 	EXP 	window1: mouseVisible = False
256.5947 	EXP 	grid_lines_2: autoDraw = False
256.5947 	EXP 	target_square_2: autoDraw = False
256.5947 	EXP 	fixation_3: autoDraw = False
256.5947 	EXP 	target_square_2: pos = array([ 0.2, -0.2])
256.5947 	EXP 	grid_lines_2: autoDraw = True
256.5947 	EXP 	target_square_2: autoDraw = True
257.5780 	EXP 	fixation_3: autoDraw = True
257.5947 	EXP 	target_square_2: autoDraw = False
257.6284 	DATA 	Mouse: Left button down, pos=(747,604)
257.8449 	DATA 	Mouse:  Left button up, pos=(747,604)
258.5781 	EXP 	fixation_3: autoDraw = False
258.5822 	EXP 	New trial (rep=0, index=117): {'square': 6, 'location': [0.2, 0], 'corrAns': None}
258.5827 	EXP 	window1: mouseVisible = False
258.5947 	EXP 	grid_lines_2: autoDraw = False
258.5947 	EXP 	target_square_2: autoDraw = False
258.5947 	EXP 	fixation_3: autoDraw = False
258.5947 	EXP 	target_square_2: pos = array([0.2, 0. ])
258.5947 	EXP 	grid_lines_2: autoDraw = True
258.5947 	EXP 	target_square_2: autoDraw = True
259.5780 	EXP 	fixation_3: autoDraw = True
259.5947 	EXP 	target_square_2: autoDraw = False
260.5781 	EXP 	fixation_3: autoDraw = False
260.5819 	EXP 	New trial (rep=0, index=118): {'square': 2, 'location': [0, 0.2], 'corrAns': None}
260.5824 	EXP 	window1: mouseVisible = False
260.5947 	EXP 	grid_lines_2: autoDraw = False
260.5947 	EXP 	target_square_2: autoDraw = False
260.5947 	EXP 	fixation_3: autoDraw = False
260.5947 	EXP 	target_square_2: pos = array([0. , 0.2])
260.5947 	EXP 	grid_lines_2: autoDraw = True
260.5947 	EXP 	target_square_2: autoDraw = True
261.5781 	EXP 	fixation_3: autoDraw = True
261.5947 	EXP 	target_square_2: autoDraw = False
262.5781 	EXP 	fixation_3: autoDraw = False
262.5820 	EXP 	New trial (rep=0, index=119): {'square': 5, 'location': [0, 0], 'corrAns': None}
262.5824 	EXP 	window1: mouseVisible = False
262.5948 	EXP 	grid_lines_2: autoDraw = False
262.5948 	EXP 	target_square_2: autoDraw = False
262.5948 	EXP 	fixation_3: autoDraw = False
262.5948 	EXP 	target_square_2: pos = array([0., 0.])
262.5948 	EXP 	grid_lines_2: autoDraw = True
262.5948 	EXP 	target_square_2: autoDraw = True
263.5782 	EXP 	fixation_3: autoDraw = True
263.5948 	EXP 	target_square_2: autoDraw = False
264.5781 	EXP 	fixation_3: autoDraw = False
264.5972 	EXP 	Created unnamed TextStim = TextStim(__class__=<class 'psychopy.visual.text.TextStim'>, alignHoriz=method-wrapper(...), alignText='center', alignVert=method-wrapper(...), anchorHoriz='center', anchorVert='center', antialias=True, autoLog=True, bold=False, color=array([1., 1., 1.]), colorSpace='rgb', contrast=1.0, depth=0, flipHoriz=False, flipVert=False, font='', fontFiles=[], height=0.05, italic=False, languageStyle='LTR', name='unnamed TextStim', opacity=1.0, ori=0.0, pos=array([0., 0.]), rgb=UNKNOWN, text=str(...), units='height', win=Window(...), wrapWidth=1)
264.6114 	EXP 	grid_lines_2: autoDraw = False
264.6114 	EXP 	target_square_2: autoDraw = False
264.6114 	EXP 	fixation_3: autoDraw = False
277.0081 	DATA 	Keypress: e
277.0086 	EXP 	New trial (rep=0, index=1): OrderedDict([('RestT1', 1), ('TaskT1', 0)])
277.0091 	EXP 	Created sequence: random, trialTypes=1, nReps=1, seed=None
277.0093 	EXP 	New trial (rep=0, index=0): None
277.0208 	EXP 	Created unnamed TextStim = TextStim(__class__=<class 'psychopy.visual.text.TextStim'>, alignHoriz=method-wrapper(...), alignText='center', alignVert=method-wrapper(...), anchorHoriz='center', anchorVert='center', antialias=True, autoLog=True, bold=False, color=array([-0.5, -0.5, -0.5]), colorSpace='rgb', contrast=1.0, depth=0, flipHoriz=False, flipVert=False, font='', fontFiles=[], height=0.05, italic=False, languageStyle='LTR', name='unnamed TextStim', opacity=1.0, ori=0.0, pos=array([0., 0.]), rgb=UNKNOWN, text=str(...), units='height', win=Window(...), wrapWidth=1)
307.6882 	DATA 	Keypress: s
307.6951 	EXP 	fixation_2: autoDraw = True
575.7060 	EXP 	Created unnamed TextStim = TextStim(__class__=<class 'psychopy.visual.text.TextStim'>, alignHoriz=method-wrapper(...), alignText='center', alignVert=method-wrapper(...), anchorHoriz='center', anchorVert='center', antialias=True, autoLog=True, bold=False, color=array([1., 1., 1.]), colorSpace='rgb', contrast=1.0, depth=0, flipHoriz=False, flipVert=False, font='', fontFiles=[], height=0.05, italic=False, languageStyle='LTR', name='unnamed TextStim', opacity=1.0, ori=0.0, pos=array([0., 0.]), rgb=UNKNOWN, text=str(...), units='height', win=Window(...), wrapWidth=1)
575.7141 	EXP 	fixation_2: autoDraw = False
575.7141 	EXP 	fixation_2: autoDraw = False
589.4085 	DATA 	Keypress: e
589.4091 	EXP 	Created sequence: random, trialTypes=1, nReps=0, seed=None
589.5073 	EXP 	Created unnamed TextStim = TextStim(__class__=<class 'psychopy.visual.text.TextStim'>, alignHoriz=method-wrapper(...), alignText='center', alignVert=method-wrapper(...), anchorHoriz='center', anchorVert='center', antialias=True, autoLog=True, bold=False, color=array([1., 1., 1.]), colorSpace='rgb', contrast=1.0, depth=0, flipHoriz=False, flipVert=False, font='', fontFiles=[], height=0.05, italic=False, languageStyle='LTR', name='unnamed TextStim', opacity=1.0, ori=0.0, pos=array([0., 0.]), rgb=UNKNOWN, text=str(...), units='height', win=Window(...), wrapWidth=1)
589.5750 	EXP 	window1: mouseVisible = True
