0.5658 	WARNING 	We strongly recommend you activate the PTB sound engine in PsychoPy prefs as the preferred audio engine. Its timing is vastly superior. Your prefs are currently set to use ['sounddevice', 'PTB', 'pyo', 'pygame'] (in that order).
16.8265 	EXP 	Created fixation_2 = TextStim(__class__=<class 'psychopy.visual.text.TextStim'>, alignHoriz=method-wrapper(...), alignText='center', alignVert=method-wrapper(...), anchorHoriz='center', anchorVert='center', antialias=True, autoLog=True, bold=False, color=array([1, 1, 1]), colorSpace='rgb', contrast=1.0, depth=-2.0, flipHoriz=False, flipVert=False, font='Arial', fontFiles=[], height=0.05, italic=False, languageStyle='LTR', name='fixation_2', opacity=1, ori=0, pos=array([0., 0.]), rgb=UNKNOWN, text='+', units='height', win=Window(...), wrapWidth=1)
16.9006 	EXP 	Created Nbackinstructions = TextStim(__class__=<class 'psychopy.visual.text.TextStim'>, alignHoriz=method-wrapper(...), alignText='center', alignVert=method-wrapper(...), anchorHoriz='center', anchorVert='center', antialias=True, autoLog=True, bold=False, color=array([1, 1, 1]), colorSpace='rgb', contrast=1.0, depth=0, flipHoriz=False, flipVert=False, font='Arial', fontFiles=[], height=0.05, italic=False, languageStyle='LTR', name='Nbackinstructions', opacity=1, ori=0.0, pos=array([0., 0.]), rgb=UNKNOWN, text=str(...), units='height', win=Window(...), wrapWidth=1)
16.9043 	EXP 	Created fixation_2 = TextStim(__class__=<class 'psychopy.visual.text.TextStim'>, alignHoriz=method-wrapper(...), alignText='center', alignVert=method-wrapper(...), anchorHoriz='center', anchorVert='center', antialias=True, autoLog=True, bold=False, color=array([1, 1, 1]), colorSpace='rgb', contrast=1.0, depth=-2.0, flipHoriz=False, flipVert=False, font='Arial', fontFiles=[], height=0.05, italic=False, languageStyle='LTR', name='fixation_2', opacity=1, ori=0, pos=array([0., 0.]), rgb=UNKNOWN, text='+', units='height', win=Window(...), wrapWidth=1)
17.3425 	EXP 	Created grid_lines_2 = ImageStim(__class__=<class 'psychopy.visual.image.ImageStim'>, autoLog=True, color=array([1, 1, 1]), colorSpace='rgb', contrast=1.0, depth=0.0, flipHoriz=False, flipVert=False, image='grid.png', interpolate=True, mask=None, maskParams=None, name='grid_lines_2', opacity=1, ori=0.0, pos=array([0., 0.]), size=array([0.6, 0.6]), texRes=128, units='height', win=Window(...))
17.3463 	EXP 	Created target_square_2 = Rect(__class__=<class 'psychopy.visual.rect.Rect'>, autoDraw=False, autoLog=True, closeShape=True, color=method-wrapper(...), colorSpace='rgb', contrast=None, depth=-1.0, fillColor=array([1., 1., 1.]), fillColorSpace='rgb', fillRGB=UNKNOWN, interpolate=True, lineColor=array([0, 0, 0]), lineColorSpace='rgb', lineRGB=UNKNOWN, lineWidth=1, name='target_square_2', opacity=0.5, ori=0.0, pos=array([0., 0.]), size=array([0.15, 0.15]), units='height', vertices=ndarray(...), win=Window(...))
17.3501 	EXP 	Created fixation_3 = TextStim(__class__=<class 'psychopy.visual.text.TextStim'>, alignHoriz=method-wrapper(...), alignText='center', alignVert=method-wrapper(...), anchorHoriz='center', anchorVert='center', antialias=True, autoLog=True, bold=False, color=array([1, 1, 1]), colorSpace='rgb', contrast=1.0, depth=-2.0, flipHoriz=False, flipVert=False, font='Arial', fontFiles=[], height=0.05, italic=False, languageStyle='LTR', name='fixation_3', opacity=1, ori=0, pos=array([0., 0.]), rgb=UNKNOWN, text='+', units='height', win=Window(...), wrapWidth=1)
17.3509 	EXP 	window1: mouseVisible = True
17.3558 	EXP 	window1: mouseVisible = False
17.3563 	EXP 	Created sequence: sequential, trialTypes=2, nReps=1, seed=None
17.3568 	EXP 	New trial (rep=0, index=0): OrderedDict([('RestT1', 0), ('TaskT1', 1)])
17.3572 	EXP 	Created sequence: random, trialTypes=1, nReps=0, seed=None
17.3578 	EXP 	Created sequence: random, trialTypes=1, nReps=1, seed=None
17.3581 	EXP 	New trial (rep=0, index=0): None
17.4343 	EXP 	Nbackinstructions: autoDraw = True
66.9027 	DATA 	Keypress: b
66.9449 	EXP 	Created unnamed TextStim = TextStim(__class__=<class 'psychopy.visual.text.TextStim'>, alignHoriz=method-wrapper(...), alignText='center', alignVert=method-wrapper(...), anchorHoriz='center', anchorVert='center', antialias=True, autoLog=True, bold=False, color=array([-0.5, -0.5, -0.5]), colorSpace='rgb', contrast=1.0, depth=0, flipHoriz=False, flipVert=False, font='', fontFiles=[], height=0.05, italic=False, languageStyle='LTR', name='unnamed TextStim', opacity=1.0, ori=0.0, pos=array([0., 0.]), rgb=UNKNOWN, text=str(...), units='height', win=Window(...), wrapWidth=1)
66.9463 	DATA 	Keypress: space
66.9634 	EXP 	Nbackinstructions: autoDraw = False
94.8961 	DATA 	Keypress: s
94.9548 	EXP 	Imported c:\Users\Dartmouth\Documents\GitHub\canlab\WASABI_public\fMRI Tasks\WASABI Task-T1\N-back-2.xlsx as conditions, 120 conditions, 3 params
94.9555 	EXP 	Created sequence: sequential, trialTypes=120, nReps=1, seed=None
94.9559 	EXP 	New trial (rep=0, index=0): {'square': 5, 'location': [0, 0], 'corrAns': None}
94.9563 	EXP 	window1: mouseVisible = False
94.9616 	EXP 	New trial (rep=0, index=1): {'square': 2, 'location': [0, 0.2], 'corrAns': None}
94.9620 	EXP 	window1: mouseVisible = False
94.9655 	EXP 	New trial (rep=0, index=2): {'square': 6, 'location': [0.2, 0], 'corrAns': None}
94.9660 	EXP 	window1: mouseVisible = False
94.9695 	EXP 	New trial (rep=0, index=3): {'square': 9, 'location': [0.2, -0.2], 'corrAns': None}
94.9700 	EXP 	window1: mouseVisible = False
94.9736 	EXP 	New trial (rep=0, index=4): {'square': 3, 'location': [0.2, 0.2], 'corrAns': None}
94.9740 	EXP 	window1: mouseVisible = False
94.9776 	EXP 	New trial (rep=0, index=5): {'square': 9, 'location': [0.2, -0.2], 'corrAns': 1}
94.9780 	EXP 	window1: mouseVisible = False
94.9816 	EXP 	New trial (rep=0, index=6): {'square': 7, 'location': [-0.2, -0.2], 'corrAns': None}
94.9820 	EXP 	window1: mouseVisible = False
94.9855 	EXP 	New trial (rep=0, index=7): {'square': 1, 'location': [-0.2, 0.2], 'corrAns': None}
94.9860 	EXP 	window1: mouseVisible = False
94.9895 	EXP 	New trial (rep=0, index=8): {'square': 5, 'location': [0, 0], 'corrAns': None}
94.9899 	EXP 	window1: mouseVisible = False
94.9935 	EXP 	New trial (rep=0, index=9): {'square': 7, 'location': [-0.2, -0.2], 'corrAns': None}
94.9940 	EXP 	window1: mouseVisible = False
94.9977 	EXP 	New trial (rep=0, index=10): {'square': 5, 'location': [0, 0], 'corrAns': 1}
94.9980 	EXP 	window1: mouseVisible = False
95.0016 	EXP 	New trial (rep=0, index=11): {'square': 6, 'location': [0.2, 0], 'corrAns': None}
95.0020 	EXP 	window1: mouseVisible = False
95.0055 	EXP 	New trial (rep=0, index=12): {'square': 3, 'location': [0.2, 0.2], 'corrAns': None}
95.0059 	EXP 	window1: mouseVisible = False
95.0097 	EXP 	New trial (rep=0, index=13): {'square': 6, 'location': [0.2, 0], 'corrAns': 1}
95.0101 	EXP 	window1: mouseVisible = False
95.0303 	EXP 	fixation_2: autoDraw = False
95.0303 	EXP 	target_square_2: pos = array([0., 0.])
95.0303 	EXP 	grid_lines_2: autoDraw = False
95.0303 	EXP 	target_square_2: autoDraw = False
95.0303 	EXP 	fixation_3: autoDraw = False
95.0303 	EXP 	target_square_2: pos = array([0. , 0.2])
95.0303 	EXP 	grid_lines_2: autoDraw = False
95.0303 	EXP 	target_square_2: autoDraw = False
95.0303 	EXP 	fixation_3: autoDraw = False
95.0303 	EXP 	target_square_2: pos = array([0.2, 0. ])
95.0303 	EXP 	grid_lines_2: autoDraw = False
95.0303 	EXP 	target_square_2: autoDraw = False
95.0303 	EXP 	fixation_3: autoDraw = False
95.0303 	EXP 	target_square_2: pos = array([ 0.2, -0.2])
95.0303 	EXP 	grid_lines_2: autoDraw = False
95.0303 	EXP 	target_square_2: autoDraw = False
95.0303 	EXP 	fixation_3: autoDraw = False
95.0303 	EXP 	target_square_2: pos = array([0.2, 0.2])
95.0303 	EXP 	grid_lines_2: autoDraw = False
95.0303 	EXP 	target_square_2: autoDraw = False
95.0303 	EXP 	fixation_3: autoDraw = False
95.0303 	EXP 	target_square_2: pos = array([ 0.2, -0.2])
95.0303 	EXP 	grid_lines_2: autoDraw = False
95.0303 	EXP 	target_square_2: autoDraw = False
95.0303 	EXP 	fixation_3: autoDraw = False
95.0303 	EXP 	target_square_2: pos = array([-0.2, -0.2])
95.0303 	EXP 	grid_lines_2: autoDraw = False
95.0303 	EXP 	target_square_2: autoDraw = False
95.0303 	EXP 	fixation_3: autoDraw = False
95.0303 	EXP 	target_square_2: pos = array([-0.2,  0.2])
95.0303 	EXP 	grid_lines_2: autoDraw = False
95.0303 	EXP 	target_square_2: autoDraw = False
95.0303 	EXP 	fixation_3: autoDraw = False
95.0303 	EXP 	target_square_2: pos = array([0., 0.])
95.0303 	EXP 	grid_lines_2: autoDraw = False
95.0303 	EXP 	target_square_2: autoDraw = False
95.0303 	EXP 	fixation_3: autoDraw = False
95.0303 	EXP 	target_square_2: pos = array([-0.2, -0.2])
95.0303 	EXP 	grid_lines_2: autoDraw = False
95.0303 	EXP 	target_square_2: autoDraw = False
95.0303 	EXP 	fixation_3: autoDraw = False
95.0303 	EXP 	target_square_2: pos = array([0., 0.])
95.0303 	EXP 	grid_lines_2: autoDraw = False
95.0303 	EXP 	target_square_2: autoDraw = False
95.0303 	EXP 	fixation_3: autoDraw = False
95.0303 	EXP 	target_square_2: pos = array([0.2, 0. ])
95.0303 	EXP 	grid_lines_2: autoDraw = False
95.0303 	EXP 	target_square_2: autoDraw = False
95.0303 	EXP 	fixation_3: autoDraw = False
95.0303 	EXP 	target_square_2: pos = array([0.2, 0.2])
95.0303 	EXP 	grid_lines_2: autoDraw = False
95.0303 	EXP 	target_square_2: autoDraw = False
95.0303 	EXP 	fixation_3: autoDraw = False
95.0303 	EXP 	target_square_2: pos = array([0.2, 0. ])
95.0303 	EXP 	grid_lines_2: autoDraw = True
95.0303 	EXP 	target_square_2: autoDraw = True
95.9338 	EXP 	New trial (rep=0, index=14): {'square': 8, 'location': [0, -0.2], 'corrAns': None}
95.9343 	EXP 	window1: mouseVisible = False
95.9470 	EXP 	grid_lines_2: autoDraw = False
95.9470 	EXP 	target_square_2: autoDraw = False
95.9470 	EXP 	fixation_3: autoDraw = False
95.9470 	EXP 	target_square_2: pos = array([ 0. , -0.2])
95.9470 	EXP 	grid_lines_2: autoDraw = True
95.9470 	EXP 	target_square_2: autoDraw = True
96.9303 	EXP 	fixation_3: autoDraw = True
96.9470 	EXP 	target_square_2: autoDraw = False
97.9303 	EXP 	fixation_3: autoDraw = False
97.9339 	EXP 	New trial (rep=0, index=15): {'square': 9, 'location': [0.2, -0.2], 'corrAns': None}
97.9344 	EXP 	window1: mouseVisible = False
97.9470 	EXP 	grid_lines_2: autoDraw = False
97.9470 	EXP 	target_square_2: autoDraw = False
97.9470 	EXP 	fixation_3: autoDraw = False
97.9470 	EXP 	target_square_2: pos = array([ 0.2, -0.2])
97.9470 	EXP 	grid_lines_2: autoDraw = True
97.9470 	EXP 	target_square_2: autoDraw = True
98.9302 	EXP 	fixation_3: autoDraw = True
98.9470 	EXP 	target_square_2: autoDraw = False
99.9303 	EXP 	fixation_3: autoDraw = False
99.9339 	EXP 	New trial (rep=0, index=16): {'square': 9, 'location': [0.2, -0.2], 'corrAns': None}
99.9344 	EXP 	window1: mouseVisible = False
99.9470 	EXP 	grid_lines_2: autoDraw = False
99.9470 	EXP 	target_square_2: autoDraw = False
99.9470 	EXP 	fixation_3: autoDraw = False
99.9470 	EXP 	target_square_2: pos = array([ 0.2, -0.2])
99.9470 	EXP 	grid_lines_2: autoDraw = True
99.9470 	EXP 	target_square_2: autoDraw = True
100.9303 	EXP 	fixation_3: autoDraw = True
100.9470 	EXP 	target_square_2: autoDraw = False
101.9304 	EXP 	fixation_3: autoDraw = False
101.9341 	EXP 	New trial (rep=0, index=17): {'square': 1, 'location': [-0.2, 0.2], 'corrAns': None}
101.9345 	EXP 	window1: mouseVisible = False
101.9470 	EXP 	grid_lines_2: autoDraw = False
101.9470 	EXP 	target_square_2: autoDraw = False
101.9470 	EXP 	fixation_3: autoDraw = False
101.9470 	EXP 	target_square_2: pos = array([-0.2,  0.2])
101.9470 	EXP 	grid_lines_2: autoDraw = True
101.9470 	EXP 	target_square_2: autoDraw = True
102.9304 	EXP 	fixation_3: autoDraw = True
102.9470 	EXP 	target_square_2: autoDraw = False
103.9304 	EXP 	fixation_3: autoDraw = False
103.9339 	EXP 	New trial (rep=0, index=18): {'square': 3, 'location': [0.2, 0.2], 'corrAns': None}
103.9344 	EXP 	window1: mouseVisible = False
103.9470 	EXP 	grid_lines_2: autoDraw = False
103.9470 	EXP 	target_square_2: autoDraw = False
103.9470 	EXP 	fixation_3: autoDraw = False
103.9470 	EXP 	target_square_2: pos = array([0.2, 0.2])
103.9470 	EXP 	grid_lines_2: autoDraw = True
103.9470 	EXP 	target_square_2: autoDraw = True
104.9304 	EXP 	fixation_3: autoDraw = True
104.9471 	EXP 	target_square_2: autoDraw = False
105.9304 	EXP 	fixation_3: autoDraw = False
105.9341 	EXP 	New trial (rep=0, index=19): {'square': 5, 'location': [0, 0], 'corrAns': None}
105.9345 	EXP 	window1: mouseVisible = False
105.9471 	EXP 	grid_lines_2: autoDraw = False
105.9471 	EXP 	target_square_2: autoDraw = False
105.9471 	EXP 	fixation_3: autoDraw = False
105.9471 	EXP 	target_square_2: pos = array([0., 0.])
105.9471 	EXP 	grid_lines_2: autoDraw = True
105.9471 	EXP 	target_square_2: autoDraw = True
106.9304 	EXP 	fixation_3: autoDraw = True
106.9471 	EXP 	target_square_2: autoDraw = False
107.9304 	EXP 	fixation_3: autoDraw = False
107.9341 	EXP 	New trial (rep=0, index=20): {'square': 3, 'location': [0.2, 0.2], 'corrAns': 1}
107.9345 	EXP 	window1: mouseVisible = False
107.9471 	EXP 	grid_lines_2: autoDraw = False
107.9471 	EXP 	target_square_2: autoDraw = False
107.9471 	EXP 	fixation_3: autoDraw = False
107.9471 	EXP 	target_square_2: pos = array([0.2, 0.2])
107.9471 	EXP 	grid_lines_2: autoDraw = True
107.9471 	EXP 	target_square_2: autoDraw = True
108.9304 	EXP 	fixation_3: autoDraw = True
108.9471 	EXP 	target_square_2: autoDraw = False
109.3975 	DATA 	Mouse: Right button down, pos=(1045,664)
109.6974 	DATA 	Mouse:  Right button up, pos=(1045,664)
109.9304 	EXP 	fixation_3: autoDraw = False
109.9341 	EXP 	New trial (rep=0, index=21): {'square': 4, 'location': [-0.2, 0], 'corrAns': None}
109.9345 	EXP 	window1: mouseVisible = False
109.9471 	EXP 	grid_lines_2: autoDraw = False
109.9471 	EXP 	target_square_2: autoDraw = False
109.9471 	EXP 	fixation_3: autoDraw = False
109.9471 	EXP 	target_square_2: pos = array([-0.2,  0. ])
109.9471 	EXP 	grid_lines_2: autoDraw = True
109.9471 	EXP 	target_square_2: autoDraw = True
110.9304 	EXP 	fixation_3: autoDraw = True
110.9471 	EXP 	target_square_2: autoDraw = False
111.9305 	EXP 	fixation_3: autoDraw = False
111.9340 	EXP 	New trial (rep=0, index=22): {'square': 7, 'location': [-0.2, -0.2], 'corrAns': None}
111.9344 	EXP 	window1: mouseVisible = False
111.9471 	EXP 	grid_lines_2: autoDraw = False
111.9471 	EXP 	target_square_2: autoDraw = False
111.9471 	EXP 	fixation_3: autoDraw = False
111.9471 	EXP 	target_square_2: pos = array([-0.2, -0.2])
111.9471 	EXP 	grid_lines_2: autoDraw = True
111.9471 	EXP 	target_square_2: autoDraw = True
112.9304 	EXP 	fixation_3: autoDraw = True
112.9471 	EXP 	target_square_2: autoDraw = False
113.9305 	EXP 	fixation_3: autoDraw = False
113.9340 	EXP 	New trial (rep=0, index=23): {'square': 4, 'location': [-0.2, 0], 'corrAns': 1}
113.9345 	EXP 	window1: mouseVisible = False
113.9471 	EXP 	grid_lines_2: autoDraw = False
113.9471 	EXP 	target_square_2: autoDraw = False
113.9471 	EXP 	fixation_3: autoDraw = False
113.9471 	EXP 	target_square_2: pos = array([-0.2,  0. ])
113.9471 	EXP 	grid_lines_2: autoDraw = True
113.9471 	EXP 	target_square_2: autoDraw = True
114.5475 	DATA 	Mouse: Right button down, pos=(1045,664)
114.8140 	DATA 	Mouse:  Right button up, pos=(1045,664)
114.9305 	EXP 	fixation_3: autoDraw = True
114.9471 	EXP 	target_square_2: autoDraw = False
115.9305 	EXP 	fixation_3: autoDraw = False
115.9340 	EXP 	New trial (rep=0, index=24): {'square': 4, 'location': [-0.2, 0], 'corrAns': None}
115.9345 	EXP 	window1: mouseVisible = False
115.9472 	EXP 	grid_lines_2: autoDraw = False
115.9472 	EXP 	target_square_2: autoDraw = False
115.9472 	EXP 	fixation_3: autoDraw = False
115.9472 	EXP 	target_square_2: pos = array([-0.2,  0. ])
115.9472 	EXP 	grid_lines_2: autoDraw = True
115.9472 	EXP 	target_square_2: autoDraw = True
116.9305 	EXP 	fixation_3: autoDraw = True
116.9471 	EXP 	target_square_2: autoDraw = False
117.9305 	EXP 	fixation_3: autoDraw = False
117.9341 	EXP 	New trial (rep=0, index=25): {'square': 5, 'location': [0, 0], 'corrAns': None}
117.9345 	EXP 	window1: mouseVisible = False
117.9472 	EXP 	grid_lines_2: autoDraw = False
117.9472 	EXP 	target_square_2: autoDraw = False
117.9472 	EXP 	fixation_3: autoDraw = False
117.9472 	EXP 	target_square_2: pos = array([0., 0.])
117.9472 	EXP 	grid_lines_2: autoDraw = True
117.9472 	EXP 	target_square_2: autoDraw = True
118.9305 	EXP 	fixation_3: autoDraw = True
118.9472 	EXP 	target_square_2: autoDraw = False
119.9305 	EXP 	fixation_3: autoDraw = False
119.9341 	EXP 	New trial (rep=0, index=26): {'square': 2, 'location': [0, 0.2], 'corrAns': None}
119.9347 	EXP 	window1: mouseVisible = False
119.9472 	EXP 	grid_lines_2: autoDraw = False
119.9472 	EXP 	target_square_2: autoDraw = False
119.9472 	EXP 	fixation_3: autoDraw = False
119.9472 	EXP 	target_square_2: pos = array([0. , 0.2])
119.9472 	EXP 	grid_lines_2: autoDraw = True
119.9472 	EXP 	target_square_2: autoDraw = True
120.9305 	EXP 	fixation_3: autoDraw = True
120.9472 	EXP 	target_square_2: autoDraw = False
121.9305 	EXP 	fixation_3: autoDraw = False
121.9341 	EXP 	New trial (rep=0, index=27): {'square': 6, 'location': [0.2, 0], 'corrAns': None}
121.9345 	EXP 	window1: mouseVisible = False
121.9472 	EXP 	grid_lines_2: autoDraw = False
121.9472 	EXP 	target_square_2: autoDraw = False
121.9472 	EXP 	fixation_3: autoDraw = False
121.9472 	EXP 	target_square_2: pos = array([0.2, 0. ])
121.9472 	EXP 	grid_lines_2: autoDraw = True
121.9472 	EXP 	target_square_2: autoDraw = True
122.8499 	DATA 	Mouse: Right button down, pos=(1045,664)
122.9306 	EXP 	fixation_3: autoDraw = True
122.9472 	EXP 	target_square_2: autoDraw = False
123.1008 	DATA 	Mouse:  Right button up, pos=(1045,664)
123.9305 	EXP 	fixation_3: autoDraw = False
123.9341 	EXP 	New trial (rep=0, index=28): {'square': 7, 'location': [-0.2, -0.2], 'corrAns': None}
123.9346 	EXP 	window1: mouseVisible = False
123.9472 	EXP 	grid_lines_2: autoDraw = False
123.9472 	EXP 	target_square_2: autoDraw = False
123.9472 	EXP 	fixation_3: autoDraw = False
123.9472 	EXP 	target_square_2: pos = array([-0.2, -0.2])
123.9472 	EXP 	grid_lines_2: autoDraw = True
123.9472 	EXP 	target_square_2: autoDraw = True
124.9306 	EXP 	fixation_3: autoDraw = True
124.9472 	EXP 	target_square_2: autoDraw = False
125.9306 	EXP 	fixation_3: autoDraw = False
125.9341 	EXP 	New trial (rep=0, index=29): {'square': 6, 'location': [0.2, 0], 'corrAns': 1}
125.9345 	EXP 	window1: mouseVisible = False
125.9472 	EXP 	grid_lines_2: autoDraw = False
125.9472 	EXP 	target_square_2: autoDraw = False
125.9472 	EXP 	fixation_3: autoDraw = False
125.9472 	EXP 	target_square_2: pos = array([0.2, 0. ])
125.9472 	EXP 	grid_lines_2: autoDraw = True
125.9472 	EXP 	target_square_2: autoDraw = True
126.8976 	DATA 	Mouse: Right button down, pos=(1045,664)
126.9306 	EXP 	fixation_3: autoDraw = True
126.9472 	EXP 	target_square_2: autoDraw = False
127.1142 	DATA 	Mouse:  Right button up, pos=(1045,664)
127.9306 	EXP 	fixation_3: autoDraw = False
127.9341 	EXP 	New trial (rep=0, index=30): {'square': 6, 'location': [0.2, 0], 'corrAns': None}
127.9346 	EXP 	window1: mouseVisible = False
127.9472 	EXP 	grid_lines_2: autoDraw = False
127.9472 	EXP 	target_square_2: autoDraw = False
127.9472 	EXP 	fixation_3: autoDraw = False
127.9472 	EXP 	target_square_2: pos = array([0.2, 0. ])
127.9472 	EXP 	grid_lines_2: autoDraw = True
127.9472 	EXP 	target_square_2: autoDraw = True
128.9306 	EXP 	fixation_3: autoDraw = True
128.9472 	EXP 	target_square_2: autoDraw = False
129.9306 	EXP 	fixation_3: autoDraw = False
129.9341 	EXP 	New trial (rep=0, index=31): {'square': 7, 'location': [-0.2, -0.2], 'corrAns': None}
129.9347 	EXP 	window1: mouseVisible = False
129.9473 	EXP 	grid_lines_2: autoDraw = False
129.9473 	EXP 	target_square_2: autoDraw = False
129.9473 	EXP 	fixation_3: autoDraw = False
129.9473 	EXP 	target_square_2: pos = array([-0.2, -0.2])
129.9473 	EXP 	grid_lines_2: autoDraw = True
129.9473 	EXP 	target_square_2: autoDraw = True
130.9306 	EXP 	fixation_3: autoDraw = True
130.9473 	EXP 	target_square_2: autoDraw = False
131.9306 	EXP 	fixation_3: autoDraw = False
131.9342 	EXP 	New trial (rep=0, index=32): {'square': 6, 'location': [0.2, 0], 'corrAns': 1}
131.9346 	EXP 	window1: mouseVisible = False
131.9473 	EXP 	grid_lines_2: autoDraw = False
131.9473 	EXP 	target_square_2: autoDraw = False
131.9473 	EXP 	fixation_3: autoDraw = False
131.9473 	EXP 	target_square_2: pos = array([0.2, 0. ])
131.9473 	EXP 	grid_lines_2: autoDraw = True
131.9473 	EXP 	target_square_2: autoDraw = True
132.6643 	DATA 	Mouse: Right button down, pos=(1045,664)
132.8809 	DATA 	Mouse:  Right button up, pos=(1045,664)
132.9306 	EXP 	fixation_3: autoDraw = True
132.9473 	EXP 	target_square_2: autoDraw = False
133.9307 	EXP 	fixation_3: autoDraw = False
133.9342 	EXP 	New trial (rep=0, index=33): {'square': 2, 'location': [0, 0.2], 'corrAns': None}
133.9346 	EXP 	window1: mouseVisible = False
133.9473 	EXP 	grid_lines_2: autoDraw = False
133.9473 	EXP 	target_square_2: autoDraw = False
133.9473 	EXP 	fixation_3: autoDraw = False
133.9473 	EXP 	target_square_2: pos = array([0. , 0.2])
133.9473 	EXP 	grid_lines_2: autoDraw = True
133.9473 	EXP 	target_square_2: autoDraw = True
134.9307 	EXP 	fixation_3: autoDraw = True
134.9473 	EXP 	target_square_2: autoDraw = False
135.9307 	EXP 	fixation_3: autoDraw = False
135.9342 	EXP 	New trial (rep=0, index=34): {'square': 5, 'location': [0, 0], 'corrAns': None}
135.9346 	EXP 	window1: mouseVisible = False
135.9473 	EXP 	grid_lines_2: autoDraw = False
135.9473 	EXP 	target_square_2: autoDraw = False
135.9473 	EXP 	fixation_3: autoDraw = False
135.9473 	EXP 	target_square_2: pos = array([0., 0.])
135.9473 	EXP 	grid_lines_2: autoDraw = True
135.9473 	EXP 	target_square_2: autoDraw = True
136.9307 	EXP 	fixation_3: autoDraw = True
136.9473 	EXP 	target_square_2: autoDraw = False
137.9307 	EXP 	fixation_3: autoDraw = False
137.9342 	EXP 	New trial (rep=0, index=35): {'square': 4, 'location': [-0.2, 0], 'corrAns': None}
137.9346 	EXP 	window1: mouseVisible = False
137.9473 	EXP 	grid_lines_2: autoDraw = False
137.9473 	EXP 	target_square_2: autoDraw = False
137.9473 	EXP 	fixation_3: autoDraw = False
137.9473 	EXP 	target_square_2: pos = array([-0.2,  0. ])
137.9473 	EXP 	grid_lines_2: autoDraw = True
137.9473 	EXP 	target_square_2: autoDraw = True
138.9307 	EXP 	fixation_3: autoDraw = True
138.9473 	EXP 	target_square_2: autoDraw = False
139.9307 	EXP 	fixation_3: autoDraw = False
139.9342 	EXP 	New trial (rep=0, index=36): {'square': 4, 'location': [-0.2, 0], 'corrAns': None}
139.9348 	EXP 	window1: mouseVisible = False
139.9473 	EXP 	grid_lines_2: autoDraw = False
139.9473 	EXP 	target_square_2: autoDraw = False
139.9473 	EXP 	fixation_3: autoDraw = False
139.9473 	EXP 	target_square_2: pos = array([-0.2,  0. ])
139.9473 	EXP 	grid_lines_2: autoDraw = True
139.9473 	EXP 	target_square_2: autoDraw = True
140.9307 	EXP 	fixation_3: autoDraw = True
140.9473 	EXP 	target_square_2: autoDraw = False
141.9307 	EXP 	fixation_3: autoDraw = False
141.9342 	EXP 	New trial (rep=0, index=37): {'square': 7, 'location': [-0.2, -0.2], 'corrAns': None}
141.9346 	EXP 	window1: mouseVisible = False
141.9474 	EXP 	grid_lines_2: autoDraw = False
141.9474 	EXP 	target_square_2: autoDraw = False
141.9474 	EXP 	fixation_3: autoDraw = False
141.9474 	EXP 	target_square_2: pos = array([-0.2, -0.2])
141.9474 	EXP 	grid_lines_2: autoDraw = True
141.9474 	EXP 	target_square_2: autoDraw = True
142.9307 	EXP 	fixation_3: autoDraw = True
142.9474 	EXP 	target_square_2: autoDraw = False
143.9307 	EXP 	fixation_3: autoDraw = False
143.9342 	EXP 	New trial (rep=0, index=38): {'square': 4, 'location': [-0.2, 0], 'corrAns': 1}
143.9347 	EXP 	window1: mouseVisible = False
143.9474 	EXP 	grid_lines_2: autoDraw = False
143.9474 	EXP 	target_square_2: autoDraw = False
143.9474 	EXP 	fixation_3: autoDraw = False
143.9474 	EXP 	target_square_2: pos = array([-0.2,  0. ])
143.9474 	EXP 	grid_lines_2: autoDraw = True
143.9474 	EXP 	target_square_2: autoDraw = True
144.7143 	DATA 	Mouse: Right button down, pos=(1045,664)
144.9307 	EXP 	fixation_3: autoDraw = True
144.9474 	EXP 	target_square_2: autoDraw = False
144.9643 	DATA 	Mouse:  Right button up, pos=(1045,664)
145.9307 	EXP 	fixation_3: autoDraw = False
145.9342 	EXP 	New trial (rep=0, index=39): {'square': 3, 'location': [0.2, 0.2], 'corrAns': None}
145.9347 	EXP 	window1: mouseVisible = False
145.9474 	EXP 	grid_lines_2: autoDraw = False
145.9474 	EXP 	target_square_2: autoDraw = False
145.9474 	EXP 	fixation_3: autoDraw = False
145.9474 	EXP 	target_square_2: pos = array([0.2, 0.2])
145.9474 	EXP 	grid_lines_2: autoDraw = True
145.9474 	EXP 	target_square_2: autoDraw = True
146.9307 	EXP 	fixation_3: autoDraw = True
146.9474 	EXP 	target_square_2: autoDraw = False
147.9307 	EXP 	fixation_3: autoDraw = False
147.9346 	EXP 	New trial (rep=0, index=40): {'square': 5, 'location': [0, 0], 'corrAns': None}
147.9350 	EXP 	window1: mouseVisible = False
147.9474 	EXP 	grid_lines_2: autoDraw = False
147.9474 	EXP 	target_square_2: autoDraw = False
147.9474 	EXP 	fixation_3: autoDraw = False
147.9474 	EXP 	target_square_2: pos = array([0., 0.])
147.9474 	EXP 	grid_lines_2: autoDraw = True
147.9474 	EXP 	target_square_2: autoDraw = True
148.8000 	DATA 	Mouse: Right button down, pos=(1045,664)
148.9307 	EXP 	fixation_3: autoDraw = True
148.9474 	EXP 	target_square_2: autoDraw = False
149.0310 	DATA 	Mouse:  Right button up, pos=(1045,664)
149.9308 	EXP 	fixation_3: autoDraw = False
149.9344 	EXP 	New trial (rep=0, index=41): {'square': 3, 'location': [0.2, 0.2], 'corrAns': 1}
149.9353 	EXP 	window1: mouseVisible = False
149.9474 	EXP 	grid_lines_2: autoDraw = False
149.9474 	EXP 	target_square_2: autoDraw = False
149.9474 	EXP 	fixation_3: autoDraw = False
149.9474 	EXP 	target_square_2: pos = array([0.2, 0.2])
149.9474 	EXP 	grid_lines_2: autoDraw = True
149.9474 	EXP 	target_square_2: autoDraw = True
150.9308 	EXP 	fixation_3: autoDraw = True
150.9474 	EXP 	target_square_2: autoDraw = False
151.4311 	DATA 	Mouse: Right button down, pos=(1045,664)
151.6675 	DATA 	Mouse:  Right button up, pos=(1045,664)
151.9308 	EXP 	fixation_3: autoDraw = False
151.9344 	EXP 	New trial (rep=0, index=42): {'square': 1, 'location': [-0.2, 0.2], 'corrAns': None}
151.9349 	EXP 	window1: mouseVisible = False
151.9474 	EXP 	grid_lines_2: autoDraw = False
151.9474 	EXP 	target_square_2: autoDraw = False
151.9474 	EXP 	fixation_3: autoDraw = False
151.9474 	EXP 	target_square_2: pos = array([-0.2,  0.2])
151.9474 	EXP 	grid_lines_2: autoDraw = True
151.9474 	EXP 	target_square_2: autoDraw = True
152.9308 	EXP 	fixation_3: autoDraw = True
152.9474 	EXP 	target_square_2: autoDraw = False
153.9308 	EXP 	fixation_3: autoDraw = False
153.9344 	EXP 	New trial (rep=0, index=43): {'square': 9, 'location': [0.2, -0.2], 'corrAns': None}
153.9349 	EXP 	window1: mouseVisible = False
153.9475 	EXP 	grid_lines_2: autoDraw = False
153.9475 	EXP 	target_square_2: autoDraw = False
153.9475 	EXP 	fixation_3: autoDraw = False
153.9475 	EXP 	target_square_2: pos = array([ 0.2, -0.2])
153.9475 	EXP 	grid_lines_2: autoDraw = True
153.9475 	EXP 	target_square_2: autoDraw = True
154.9308 	EXP 	fixation_3: autoDraw = True
154.9475 	EXP 	target_square_2: autoDraw = False
155.9308 	EXP 	fixation_3: autoDraw = False
155.9344 	EXP 	New trial (rep=0, index=44): {'square': 9, 'location': [0.2, -0.2], 'corrAns': None}
155.9349 	EXP 	window1: mouseVisible = False
155.9475 	EXP 	grid_lines_2: autoDraw = False
155.9475 	EXP 	target_square_2: autoDraw = False
155.9475 	EXP 	fixation_3: autoDraw = False
155.9475 	EXP 	target_square_2: pos = array([ 0.2, -0.2])
155.9475 	EXP 	grid_lines_2: autoDraw = True
155.9475 	EXP 	target_square_2: autoDraw = True
156.9308 	EXP 	fixation_3: autoDraw = True
156.9475 	EXP 	target_square_2: autoDraw = False
157.9308 	EXP 	fixation_3: autoDraw = False
157.9344 	EXP 	New trial (rep=0, index=45): {'square': 8, 'location': [0, -0.2], 'corrAns': None}
157.9349 	EXP 	window1: mouseVisible = False
157.9475 	EXP 	grid_lines_2: autoDraw = False
157.9475 	EXP 	target_square_2: autoDraw = False
157.9475 	EXP 	fixation_3: autoDraw = False
157.9475 	EXP 	target_square_2: pos = array([ 0. , -0.2])
157.9475 	EXP 	grid_lines_2: autoDraw = True
157.9475 	EXP 	target_square_2: autoDraw = True
158.9308 	EXP 	fixation_3: autoDraw = True
158.9475 	EXP 	target_square_2: autoDraw = False
159.9308 	EXP 	fixation_3: autoDraw = False
159.9344 	EXP 	New trial (rep=0, index=46): {'square': 6, 'location': [0.2, 0], 'corrAns': None}
159.9350 	EXP 	window1: mouseVisible = False
159.9475 	EXP 	grid_lines_2: autoDraw = False
159.9475 	EXP 	target_square_2: autoDraw = False
159.9475 	EXP 	fixation_3: autoDraw = False
159.9475 	EXP 	target_square_2: pos = array([0.2, 0. ])
159.9475 	EXP 	grid_lines_2: autoDraw = True
159.9475 	EXP 	target_square_2: autoDraw = True
160.9309 	EXP 	fixation_3: autoDraw = True
160.9475 	EXP 	target_square_2: autoDraw = False
161.9308 	EXP 	fixation_3: autoDraw = False
161.9343 	EXP 	New trial (rep=0, index=47): {'square': 3, 'location': [0.2, 0.2], 'corrAns': None}
161.9347 	EXP 	window1: mouseVisible = False
161.9475 	EXP 	grid_lines_2: autoDraw = False
161.9475 	EXP 	target_square_2: autoDraw = False
161.9475 	EXP 	fixation_3: autoDraw = False
161.9475 	EXP 	target_square_2: pos = array([0.2, 0.2])
161.9475 	EXP 	grid_lines_2: autoDraw = True
161.9475 	EXP 	target_square_2: autoDraw = True
162.9309 	EXP 	fixation_3: autoDraw = True
162.9476 	EXP 	target_square_2: autoDraw = False
163.9309 	EXP 	fixation_3: autoDraw = False
163.9344 	EXP 	New trial (rep=0, index=48): {'square': 6, 'location': [0.2, 0], 'corrAns': 1}
163.9349 	EXP 	window1: mouseVisible = False
163.9476 	EXP 	grid_lines_2: autoDraw = False
163.9476 	EXP 	target_square_2: autoDraw = False
163.9476 	EXP 	fixation_3: autoDraw = False
163.9476 	EXP 	target_square_2: pos = array([0.2, 0. ])
163.9476 	EXP 	grid_lines_2: autoDraw = True
163.9476 	EXP 	target_square_2: autoDraw = True
164.6645 	DATA 	Mouse: Right button down, pos=(1045,664)
164.9309 	EXP 	fixation_3: autoDraw = True
164.9312 	DATA 	Mouse:  Right button up, pos=(1045,664)
164.9476 	EXP 	target_square_2: autoDraw = False
165.9309 	EXP 	fixation_3: autoDraw = False
165.9345 	EXP 	New trial (rep=0, index=49): {'square': 5, 'location': [0, 0], 'corrAns': None}
165.9349 	EXP 	window1: mouseVisible = False
165.9475 	EXP 	grid_lines_2: autoDraw = False
165.9475 	EXP 	target_square_2: autoDraw = False
165.9475 	EXP 	fixation_3: autoDraw = False
165.9475 	EXP 	target_square_2: pos = array([0., 0.])
165.9475 	EXP 	grid_lines_2: autoDraw = True
165.9475 	EXP 	target_square_2: autoDraw = True
166.9309 	EXP 	fixation_3: autoDraw = True
166.9476 	EXP 	target_square_2: autoDraw = False
167.9309 	EXP 	fixation_3: autoDraw = False
167.9344 	EXP 	New trial (rep=0, index=50): {'square': 7, 'location': [-0.2, -0.2], 'corrAns': None}
167.9349 	EXP 	window1: mouseVisible = False
167.9476 	EXP 	grid_lines_2: autoDraw = False
167.9476 	EXP 	target_square_2: autoDraw = False
167.9476 	EXP 	fixation_3: autoDraw = False
167.9476 	EXP 	target_square_2: pos = array([-0.2, -0.2])
167.9476 	EXP 	grid_lines_2: autoDraw = True
167.9476 	EXP 	target_square_2: autoDraw = True
168.9309 	EXP 	fixation_3: autoDraw = True
168.9476 	EXP 	target_square_2: autoDraw = False
169.9309 	EXP 	fixation_3: autoDraw = False
169.9344 	EXP 	New trial (rep=0, index=51): {'square': 5, 'location': [0, 0], 'corrAns': 1}
169.9350 	EXP 	window1: mouseVisible = False
169.9476 	EXP 	grid_lines_2: autoDraw = False
169.9476 	EXP 	target_square_2: autoDraw = False
169.9476 	EXP 	fixation_3: autoDraw = False
169.9476 	EXP 	target_square_2: pos = array([0., 0.])
169.9476 	EXP 	grid_lines_2: autoDraw = True
169.9476 	EXP 	target_square_2: autoDraw = True
170.7646 	DATA 	Mouse: Right button down, pos=(1045,664)
170.9309 	EXP 	fixation_3: autoDraw = True
170.9476 	EXP 	target_square_2: autoDraw = False
170.9979 	DATA 	Mouse:  Right button up, pos=(1045,664)
171.9310 	EXP 	fixation_3: autoDraw = False
171.9345 	EXP 	New trial (rep=0, index=52): {'square': 1, 'location': [-0.2, 0.2], 'corrAns': None}
171.9349 	EXP 	window1: mouseVisible = False
171.9476 	EXP 	grid_lines_2: autoDraw = False
171.9476 	EXP 	target_square_2: autoDraw = False
171.9476 	EXP 	fixation_3: autoDraw = False
171.9476 	EXP 	target_square_2: pos = array([-0.2,  0.2])
171.9476 	EXP 	grid_lines_2: autoDraw = True
171.9476 	EXP 	target_square_2: autoDraw = True
172.9310 	EXP 	fixation_3: autoDraw = True
172.9476 	EXP 	target_square_2: autoDraw = False
173.9310 	EXP 	fixation_3: autoDraw = False
173.9349 	EXP 	New trial (rep=0, index=53): {'square': 7, 'location': [-0.2, -0.2], 'corrAns': None}
173.9354 	EXP 	window1: mouseVisible = False
173.9476 	EXP 	grid_lines_2: autoDraw = False
173.9476 	EXP 	target_square_2: autoDraw = False
173.9476 	EXP 	fixation_3: autoDraw = False
173.9476 	EXP 	target_square_2: pos = array([-0.2, -0.2])
173.9476 	EXP 	grid_lines_2: autoDraw = True
173.9476 	EXP 	target_square_2: autoDraw = True
174.9310 	EXP 	fixation_3: autoDraw = True
174.9475 	EXP 	target_square_2: autoDraw = False
175.9310 	EXP 	fixation_3: autoDraw = False
175.9345 	EXP 	New trial (rep=0, index=54): {'square': 9, 'location': [0.2, -0.2], 'corrAns': None}
175.9350 	EXP 	window1: mouseVisible = False
175.9477 	EXP 	grid_lines_2: autoDraw = False
175.9477 	EXP 	target_square_2: autoDraw = False
175.9477 	EXP 	fixation_3: autoDraw = False
175.9477 	EXP 	target_square_2: pos = array([ 0.2, -0.2])
175.9477 	EXP 	grid_lines_2: autoDraw = True
175.9477 	EXP 	target_square_2: autoDraw = True
176.9310 	EXP 	fixation_3: autoDraw = True
176.9477 	EXP 	target_square_2: autoDraw = False
177.9310 	EXP 	fixation_3: autoDraw = False
177.9345 	EXP 	New trial (rep=0, index=55): {'square': 3, 'location': [0.2, 0.2], 'corrAns': None}
177.9350 	EXP 	window1: mouseVisible = False
177.9477 	EXP 	grid_lines_2: autoDraw = False
177.9477 	EXP 	target_square_2: autoDraw = False
177.9477 	EXP 	fixation_3: autoDraw = False
177.9477 	EXP 	target_square_2: pos = array([0.2, 0.2])
177.9477 	EXP 	grid_lines_2: autoDraw = True
177.9477 	EXP 	target_square_2: autoDraw = True
178.9310 	EXP 	fixation_3: autoDraw = True
178.9477 	EXP 	target_square_2: autoDraw = False
179.9310 	EXP 	fixation_3: autoDraw = False
179.9345 	EXP 	New trial (rep=0, index=56): {'square': 9, 'location': [0.2, -0.2], 'corrAns': 1}
179.9351 	EXP 	window1: mouseVisible = False
179.9477 	EXP 	grid_lines_2: autoDraw = False
179.9477 	EXP 	target_square_2: autoDraw = False
179.9477 	EXP 	fixation_3: autoDraw = False
179.9477 	EXP 	target_square_2: pos = array([ 0.2, -0.2])
179.9477 	EXP 	grid_lines_2: autoDraw = True
179.9477 	EXP 	target_square_2: autoDraw = True
180.6647 	DATA 	Mouse: Right button down, pos=(1045,664)
180.8840 	DATA 	Mouse:  Right button up, pos=(1045,664)
180.9310 	EXP 	fixation_3: autoDraw = True
180.9477 	EXP 	target_square_2: autoDraw = False
181.9310 	EXP 	fixation_3: autoDraw = False
181.9346 	EXP 	New trial (rep=0, index=57): {'square': 6, 'location': [0.2, 0], 'corrAns': None}
181.9351 	EXP 	window1: mouseVisible = False
181.9477 	EXP 	grid_lines_2: autoDraw = False
181.9477 	EXP 	target_square_2: autoDraw = False
181.9477 	EXP 	fixation_3: autoDraw = False
181.9477 	EXP 	target_square_2: pos = array([0.2, 0. ])
181.9477 	EXP 	grid_lines_2: autoDraw = True
181.9477 	EXP 	target_square_2: autoDraw = True
182.9310 	EXP 	fixation_3: autoDraw = True
182.9477 	EXP 	target_square_2: autoDraw = False
183.9310 	EXP 	fixation_3: autoDraw = False
183.9346 	EXP 	New trial (rep=0, index=58): {'square': 2, 'location': [0, 0.2], 'corrAns': None}
183.9351 	EXP 	window1: mouseVisible = False
183.9477 	EXP 	grid_lines_2: autoDraw = False
183.9477 	EXP 	target_square_2: autoDraw = False
183.9477 	EXP 	fixation_3: autoDraw = False
183.9477 	EXP 	target_square_2: pos = array([0. , 0.2])
183.9477 	EXP 	grid_lines_2: autoDraw = True
183.9477 	EXP 	target_square_2: autoDraw = True
184.9310 	EXP 	fixation_3: autoDraw = True
184.9477 	EXP 	target_square_2: autoDraw = False
185.9310 	EXP 	fixation_3: autoDraw = False
185.9346 	EXP 	New trial (rep=0, index=59): {'square': 5, 'location': [0, 0], 'corrAns': None}
185.9350 	EXP 	window1: mouseVisible = False
185.9476 	EXP 	grid_lines_2: autoDraw = False
185.9476 	EXP 	target_square_2: autoDraw = False
185.9476 	EXP 	fixation_3: autoDraw = False
185.9476 	EXP 	target_square_2: pos = array([0., 0.])
185.9476 	EXP 	grid_lines_2: autoDraw = True
185.9476 	EXP 	target_square_2: autoDraw = True
186.9311 	EXP 	fixation_3: autoDraw = True
186.9477 	EXP 	target_square_2: autoDraw = False
187.9311 	EXP 	fixation_3: autoDraw = False
187.9346 	EXP 	New trial (rep=0, index=60): {'square': 5, 'location': [0, 0], 'corrAns': None}
187.9350 	EXP 	window1: mouseVisible = False
187.9477 	EXP 	grid_lines_2: autoDraw = False
187.9477 	EXP 	target_square_2: autoDraw = False
187.9477 	EXP 	fixation_3: autoDraw = False
187.9477 	EXP 	target_square_2: pos = array([0., 0.])
187.9477 	EXP 	grid_lines_2: autoDraw = True
187.9477 	EXP 	target_square_2: autoDraw = True
188.9311 	EXP 	fixation_3: autoDraw = True
188.9477 	EXP 	target_square_2: autoDraw = False
189.9311 	EXP 	fixation_3: autoDraw = False
189.9347 	EXP 	New trial (rep=0, index=61): {'square': 2, 'location': [0, 0.2], 'corrAns': None}
189.9353 	EXP 	window1: mouseVisible = False
189.9477 	EXP 	grid_lines_2: autoDraw = False
189.9477 	EXP 	target_square_2: autoDraw = False
189.9477 	EXP 	fixation_3: autoDraw = False
189.9477 	EXP 	target_square_2: pos = array([0. , 0.2])
189.9477 	EXP 	grid_lines_2: autoDraw = True
189.9477 	EXP 	target_square_2: autoDraw = True
190.5841 	DATA 	Mouse: Right button down, pos=(1045,664)
190.8480 	DATA 	Mouse:  Right button up, pos=(1045,664)
190.9311 	EXP 	fixation_3: autoDraw = True
190.9478 	EXP 	target_square_2: autoDraw = False
191.9311 	EXP 	fixation_3: autoDraw = False
191.9346 	EXP 	New trial (rep=0, index=62): {'square': 6, 'location': [0.2, 0], 'corrAns': None}
191.9351 	EXP 	window1: mouseVisible = False
191.9478 	EXP 	grid_lines_2: autoDraw = False
191.9478 	EXP 	target_square_2: autoDraw = False
191.9478 	EXP 	fixation_3: autoDraw = False
191.9478 	EXP 	target_square_2: pos = array([0.2, 0. ])
191.9478 	EXP 	grid_lines_2: autoDraw = True
191.9478 	EXP 	target_square_2: autoDraw = True
192.9311 	EXP 	fixation_3: autoDraw = True
192.9478 	EXP 	target_square_2: autoDraw = False
193.9311 	EXP 	fixation_3: autoDraw = False
193.9347 	EXP 	New trial (rep=0, index=63): {'square': 9, 'location': [0.2, -0.2], 'corrAns': None}
193.9352 	EXP 	window1: mouseVisible = False
193.9478 	EXP 	grid_lines_2: autoDraw = False
193.9478 	EXP 	target_square_2: autoDraw = False
193.9478 	EXP 	fixation_3: autoDraw = False
193.9478 	EXP 	target_square_2: pos = array([ 0.2, -0.2])
193.9478 	EXP 	grid_lines_2: autoDraw = True
193.9478 	EXP 	target_square_2: autoDraw = True
194.9311 	EXP 	fixation_3: autoDraw = True
194.9478 	EXP 	target_square_2: autoDraw = False
195.9311 	EXP 	fixation_3: autoDraw = False
195.9347 	EXP 	New trial (rep=0, index=64): {'square': 3, 'location': [0.2, 0.2], 'corrAns': None}
195.9352 	EXP 	window1: mouseVisible = False
195.9478 	EXP 	grid_lines_2: autoDraw = False
195.9478 	EXP 	target_square_2: autoDraw = False
195.9478 	EXP 	fixation_3: autoDraw = False
195.9478 	EXP 	target_square_2: pos = array([0.2, 0.2])
195.9478 	EXP 	grid_lines_2: autoDraw = True
195.9478 	EXP 	target_square_2: autoDraw = True
196.9311 	EXP 	fixation_3: autoDraw = True
196.9478 	EXP 	target_square_2: autoDraw = False
197.9311 	EXP 	fixation_3: autoDraw = False
197.9347 	EXP 	New trial (rep=0, index=65): {'square': 9, 'location': [0.2, -0.2], 'corrAns': 1}
197.9352 	EXP 	window1: mouseVisible = False
197.9478 	EXP 	grid_lines_2: autoDraw = False
197.9478 	EXP 	target_square_2: autoDraw = False
197.9478 	EXP 	fixation_3: autoDraw = False
197.9478 	EXP 	target_square_2: pos = array([ 0.2, -0.2])
197.9478 	EXP 	grid_lines_2: autoDraw = True
197.9478 	EXP 	target_square_2: autoDraw = True
198.5148 	DATA 	Mouse: Right button down, pos=(1045,664)
198.7647 	DATA 	Mouse:  Right button up, pos=(1045,664)
198.9312 	EXP 	fixation_3: autoDraw = True
198.9478 	EXP 	target_square_2: autoDraw = False
199.9311 	EXP 	fixation_3: autoDraw = False
199.9346 	EXP 	New trial (rep=0, index=66): {'square': 7, 'location': [-0.2, -0.2], 'corrAns': None}
199.9352 	EXP 	window1: mouseVisible = False
199.9479 	EXP 	grid_lines_2: autoDraw = False
199.9479 	EXP 	target_square_2: autoDraw = False
199.9479 	EXP 	fixation_3: autoDraw = False
199.9479 	EXP 	target_square_2: pos = array([-0.2, -0.2])
199.9479 	EXP 	grid_lines_2: autoDraw = True
199.9479 	EXP 	target_square_2: autoDraw = True
200.9312 	EXP 	fixation_3: autoDraw = True
200.9479 	EXP 	target_square_2: autoDraw = False
201.9312 	EXP 	fixation_3: autoDraw = False
201.9351 	EXP 	New trial (rep=0, index=67): {'square': 1, 'location': [-0.2, 0.2], 'corrAns': None}
201.9355 	EXP 	window1: mouseVisible = False
201.9478 	EXP 	grid_lines_2: autoDraw = False
201.9478 	EXP 	target_square_2: autoDraw = False
201.9478 	EXP 	fixation_3: autoDraw = False
201.9478 	EXP 	target_square_2: pos = array([-0.2,  0.2])
201.9478 	EXP 	grid_lines_2: autoDraw = True
201.9478 	EXP 	target_square_2: autoDraw = True
202.9312 	EXP 	fixation_3: autoDraw = True
202.9479 	EXP 	target_square_2: autoDraw = False
203.9312 	EXP 	fixation_3: autoDraw = False
203.9348 	EXP 	New trial (rep=0, index=68): {'square': 5, 'location': [0, 0], 'corrAns': None}
203.9352 	EXP 	window1: mouseVisible = False
203.9479 	EXP 	grid_lines_2: autoDraw = False
203.9479 	EXP 	target_square_2: autoDraw = False
203.9479 	EXP 	fixation_3: autoDraw = False
203.9479 	EXP 	target_square_2: pos = array([0., 0.])
203.9479 	EXP 	grid_lines_2: autoDraw = True
203.9479 	EXP 	target_square_2: autoDraw = True
204.9312 	EXP 	fixation_3: autoDraw = True
204.9479 	EXP 	target_square_2: autoDraw = False
205.9312 	EXP 	fixation_3: autoDraw = False
205.9349 	EXP 	New trial (rep=0, index=69): {'square': 7, 'location': [-0.2, -0.2], 'corrAns': None}
205.9353 	EXP 	window1: mouseVisible = False
205.9479 	EXP 	grid_lines_2: autoDraw = False
205.9479 	EXP 	target_square_2: autoDraw = False
205.9479 	EXP 	fixation_3: autoDraw = False
205.9479 	EXP 	target_square_2: pos = array([-0.2, -0.2])
205.9479 	EXP 	grid_lines_2: autoDraw = True
205.9479 	EXP 	target_square_2: autoDraw = True
206.9312 	EXP 	fixation_3: autoDraw = True
206.9479 	EXP 	target_square_2: autoDraw = False
207.9312 	EXP 	fixation_3: autoDraw = False
207.9348 	EXP 	New trial (rep=0, index=70): {'square': 5, 'location': [0, 0], 'corrAns': 1}
207.9352 	EXP 	window1: mouseVisible = False
207.9479 	EXP 	grid_lines_2: autoDraw = False
207.9479 	EXP 	target_square_2: autoDraw = False
207.9479 	EXP 	fixation_3: autoDraw = False
207.9479 	EXP 	target_square_2: pos = array([0., 0.])
207.9479 	EXP 	grid_lines_2: autoDraw = True
207.9479 	EXP 	target_square_2: autoDraw = True
208.9312 	EXP 	fixation_3: autoDraw = True
208.9479 	EXP 	target_square_2: autoDraw = False
209.0816 	DATA 	Mouse: Right button down, pos=(1045,664)
209.3314 	DATA 	Mouse:  Right button up, pos=(1045,664)
209.9312 	EXP 	fixation_3: autoDraw = False
209.9348 	EXP 	New trial (rep=0, index=71): {'square': 6, 'location': [0.2, 0], 'corrAns': None}
209.9354 	EXP 	window1: mouseVisible = False
209.9480 	EXP 	grid_lines_2: autoDraw = False
209.9480 	EXP 	target_square_2: autoDraw = False
209.9480 	EXP 	fixation_3: autoDraw = False
209.9480 	EXP 	target_square_2: pos = array([0.2, 0. ])
209.9480 	EXP 	grid_lines_2: autoDraw = True
209.9480 	EXP 	target_square_2: autoDraw = True
210.9313 	EXP 	fixation_3: autoDraw = True
210.9480 	EXP 	target_square_2: autoDraw = False
211.9313 	EXP 	fixation_3: autoDraw = False
211.9348 	EXP 	New trial (rep=0, index=72): {'square': 3, 'location': [0.2, 0.2], 'corrAns': None}
211.9353 	EXP 	window1: mouseVisible = False
211.9480 	EXP 	grid_lines_2: autoDraw = False
211.9480 	EXP 	target_square_2: autoDraw = False
211.9480 	EXP 	fixation_3: autoDraw = False
211.9480 	EXP 	target_square_2: pos = array([0.2, 0.2])
211.9480 	EXP 	grid_lines_2: autoDraw = True
211.9480 	EXP 	target_square_2: autoDraw = True
212.9313 	EXP 	fixation_3: autoDraw = True
212.9480 	EXP 	target_square_2: autoDraw = False
213.9313 	EXP 	fixation_3: autoDraw = False
213.9348 	EXP 	New trial (rep=0, index=73): {'square': 6, 'location': [0.2, 0], 'corrAns': 1}
213.9352 	EXP 	window1: mouseVisible = False
213.9480 	EXP 	grid_lines_2: autoDraw = False
213.9480 	EXP 	target_square_2: autoDraw = False
213.9480 	EXP 	fixation_3: autoDraw = False
213.9480 	EXP 	target_square_2: pos = array([0.2, 0. ])
213.9480 	EXP 	grid_lines_2: autoDraw = True
213.9480 	EXP 	target_square_2: autoDraw = True
214.6983 	DATA 	Mouse: Right button down, pos=(1045,664)
214.9313 	EXP 	fixation_3: autoDraw = True
214.9316 	DATA 	Mouse:  Right button up, pos=(1045,664)
214.9480 	EXP 	target_square_2: autoDraw = False
215.9313 	EXP 	fixation_3: autoDraw = False
215.9348 	EXP 	New trial (rep=0, index=74): {'square': 8, 'location': [0, -0.2], 'corrAns': None}
215.9353 	EXP 	window1: mouseVisible = False
215.9480 	EXP 	grid_lines_2: autoDraw = False
215.9480 	EXP 	target_square_2: autoDraw = False
215.9480 	EXP 	fixation_3: autoDraw = False
215.9480 	EXP 	target_square_2: pos = array([ 0. , -0.2])
215.9480 	EXP 	grid_lines_2: autoDraw = True
215.9480 	EXP 	target_square_2: autoDraw = True
216.9314 	EXP 	fixation_3: autoDraw = True
216.9480 	EXP 	target_square_2: autoDraw = False
217.9313 	EXP 	fixation_3: autoDraw = False
217.9348 	EXP 	New trial (rep=0, index=75): {'square': 9, 'location': [0.2, -0.2], 'corrAns': None}
217.9353 	EXP 	window1: mouseVisible = False
217.9480 	EXP 	grid_lines_2: autoDraw = False
217.9480 	EXP 	target_square_2: autoDraw = False
217.9480 	EXP 	fixation_3: autoDraw = False
217.9480 	EXP 	target_square_2: pos = array([ 0.2, -0.2])
217.9480 	EXP 	grid_lines_2: autoDraw = True
217.9480 	EXP 	target_square_2: autoDraw = True
218.9313 	EXP 	fixation_3: autoDraw = True
218.9480 	EXP 	target_square_2: autoDraw = False
219.9313 	EXP 	fixation_3: autoDraw = False
219.9348 	EXP 	New trial (rep=0, index=76): {'square': 9, 'location': [0.2, -0.2], 'corrAns': None}
219.9354 	EXP 	window1: mouseVisible = False
219.9481 	EXP 	grid_lines_2: autoDraw = False
219.9481 	EXP 	target_square_2: autoDraw = False
219.9481 	EXP 	fixation_3: autoDraw = False
219.9481 	EXP 	target_square_2: pos = array([ 0.2, -0.2])
219.9481 	EXP 	grid_lines_2: autoDraw = True
219.9481 	EXP 	target_square_2: autoDraw = True
220.9313 	EXP 	fixation_3: autoDraw = True
220.9480 	EXP 	target_square_2: autoDraw = False
221.9313 	EXP 	fixation_3: autoDraw = False
221.9350 	EXP 	New trial (rep=0, index=77): {'square': 1, 'location': [-0.2, 0.2], 'corrAns': None}
221.9354 	EXP 	window1: mouseVisible = False
221.9480 	EXP 	grid_lines_2: autoDraw = False
221.9480 	EXP 	target_square_2: autoDraw = False
221.9480 	EXP 	fixation_3: autoDraw = False
221.9480 	EXP 	target_square_2: pos = array([-0.2,  0.2])
221.9480 	EXP 	grid_lines_2: autoDraw = True
221.9480 	EXP 	target_square_2: autoDraw = True
222.9314 	EXP 	fixation_3: autoDraw = True
222.9480 	EXP 	target_square_2: autoDraw = False
223.9314 	EXP 	fixation_3: autoDraw = False
223.9350 	EXP 	New trial (rep=0, index=78): {'square': 3, 'location': [0.2, 0.2], 'corrAns': None}
223.9354 	EXP 	window1: mouseVisible = False
223.9481 	EXP 	grid_lines_2: autoDraw = False
223.9481 	EXP 	target_square_2: autoDraw = False
223.9481 	EXP 	fixation_3: autoDraw = False
223.9481 	EXP 	target_square_2: pos = array([0.2, 0.2])
223.9481 	EXP 	grid_lines_2: autoDraw = True
223.9481 	EXP 	target_square_2: autoDraw = True
224.9314 	EXP 	fixation_3: autoDraw = True
224.9480 	EXP 	target_square_2: autoDraw = False
225.9314 	EXP 	fixation_3: autoDraw = False
225.9350 	EXP 	New trial (rep=0, index=79): {'square': 5, 'location': [0, 0], 'corrAns': None}
225.9354 	EXP 	window1: mouseVisible = False
225.9479 	EXP 	grid_lines_2: autoDraw = False
225.9479 	EXP 	target_square_2: autoDraw = False
225.9479 	EXP 	fixation_3: autoDraw = False
225.9479 	EXP 	target_square_2: pos = array([0., 0.])
225.9479 	EXP 	grid_lines_2: autoDraw = True
225.9479 	EXP 	target_square_2: autoDraw = True
226.9314 	EXP 	fixation_3: autoDraw = True
226.9481 	EXP 	target_square_2: autoDraw = False
227.9314 	EXP 	fixation_3: autoDraw = False
227.9350 	EXP 	New trial (rep=0, index=80): {'square': 3, 'location': [0.2, 0.2], 'corrAns': 1}
227.9354 	EXP 	window1: mouseVisible = False
227.9481 	EXP 	grid_lines_2: autoDraw = False
227.9481 	EXP 	target_square_2: autoDraw = False
227.9481 	EXP 	fixation_3: autoDraw = False
227.9481 	EXP 	target_square_2: pos = array([0.2, 0.2])
227.9481 	EXP 	grid_lines_2: autoDraw = True
227.9481 	EXP 	target_square_2: autoDraw = True
228.6818 	DATA 	Mouse: Right button down, pos=(1045,664)
228.9191 	DATA 	Mouse:  Right button up, pos=(1045,664)
228.9314 	EXP 	fixation_3: autoDraw = True
228.9481 	EXP 	target_square_2: autoDraw = False
229.9314 	EXP 	fixation_3: autoDraw = False
229.9350 	EXP 	New trial (rep=0, index=81): {'square': 4, 'location': [-0.2, 0], 'corrAns': None}
229.9356 	EXP 	window1: mouseVisible = False
229.9481 	EXP 	grid_lines_2: autoDraw = False
229.9481 	EXP 	target_square_2: autoDraw = False
229.9481 	EXP 	fixation_3: autoDraw = False
229.9481 	EXP 	target_square_2: pos = array([-0.2,  0. ])
229.9481 	EXP 	grid_lines_2: autoDraw = True
229.9481 	EXP 	target_square_2: autoDraw = True
230.9314 	EXP 	fixation_3: autoDraw = True
230.9481 	EXP 	target_square_2: autoDraw = False
231.9314 	EXP 	fixation_3: autoDraw = False
231.9350 	EXP 	New trial (rep=0, index=82): {'square': 7, 'location': [-0.2, -0.2], 'corrAns': None}
231.9354 	EXP 	window1: mouseVisible = False
231.9481 	EXP 	grid_lines_2: autoDraw = False
231.9481 	EXP 	target_square_2: autoDraw = False
231.9481 	EXP 	fixation_3: autoDraw = False
231.9481 	EXP 	target_square_2: pos = array([-0.2, -0.2])
231.9481 	EXP 	grid_lines_2: autoDraw = True
231.9481 	EXP 	target_square_2: autoDraw = True
232.9314 	EXP 	fixation_3: autoDraw = True
232.9481 	EXP 	target_square_2: autoDraw = False
233.9315 	EXP 	fixation_3: autoDraw = False
233.9350 	EXP 	New trial (rep=0, index=83): {'square': 4, 'location': [-0.2, 0], 'corrAns': 1}
233.9355 	EXP 	window1: mouseVisible = False
233.9481 	EXP 	grid_lines_2: autoDraw = False
233.9481 	EXP 	target_square_2: autoDraw = False
233.9481 	EXP 	fixation_3: autoDraw = False
233.9481 	EXP 	target_square_2: pos = array([-0.2,  0. ])
233.9481 	EXP 	grid_lines_2: autoDraw = True
233.9481 	EXP 	target_square_2: autoDraw = True
234.6485 	DATA 	Mouse: Right button down, pos=(1045,664)
234.8817 	DATA 	Mouse:  Right button up, pos=(1045,664)
234.9315 	EXP 	fixation_3: autoDraw = True
234.9481 	EXP 	target_square_2: autoDraw = False
235.9315 	EXP 	fixation_3: autoDraw = False
235.9350 	EXP 	New trial (rep=0, index=84): {'square': 4, 'location': [-0.2, 0], 'corrAns': None}
235.9355 	EXP 	window1: mouseVisible = False
235.9481 	EXP 	grid_lines_2: autoDraw = False
235.9481 	EXP 	target_square_2: autoDraw = False
235.9481 	EXP 	fixation_3: autoDraw = False
235.9481 	EXP 	target_square_2: pos = array([-0.2,  0. ])
235.9481 	EXP 	grid_lines_2: autoDraw = True
235.9481 	EXP 	target_square_2: autoDraw = True
236.9315 	EXP 	fixation_3: autoDraw = True
236.9481 	EXP 	target_square_2: autoDraw = False
237.9315 	EXP 	fixation_3: autoDraw = False
237.9350 	EXP 	New trial (rep=0, index=85): {'square': 5, 'location': [0, 0], 'corrAns': None}
237.9354 	EXP 	window1: mouseVisible = False
237.9482 	EXP 	grid_lines_2: autoDraw = False
237.9482 	EXP 	target_square_2: autoDraw = False
237.9482 	EXP 	fixation_3: autoDraw = False
237.9482 	EXP 	target_square_2: pos = array([0., 0.])
237.9482 	EXP 	grid_lines_2: autoDraw = True
237.9482 	EXP 	target_square_2: autoDraw = True
238.9315 	EXP 	fixation_3: autoDraw = True
238.9481 	EXP 	target_square_2: autoDraw = False
239.9315 	EXP 	fixation_3: autoDraw = False
239.9351 	EXP 	New trial (rep=0, index=86): {'square': 2, 'location': [0, 0.2], 'corrAns': None}
239.9356 	EXP 	window1: mouseVisible = False
239.9482 	EXP 	grid_lines_2: autoDraw = False
239.9482 	EXP 	target_square_2: autoDraw = False
239.9482 	EXP 	fixation_3: autoDraw = False
239.9482 	EXP 	target_square_2: pos = array([0. , 0.2])
239.9482 	EXP 	grid_lines_2: autoDraw = True
239.9482 	EXP 	target_square_2: autoDraw = True
240.9315 	EXP 	fixation_3: autoDraw = True
240.9482 	EXP 	target_square_2: autoDraw = False
241.9315 	EXP 	fixation_3: autoDraw = False
241.9351 	EXP 	New trial (rep=0, index=87): {'square': 6, 'location': [0.2, 0], 'corrAns': None}
241.9355 	EXP 	window1: mouseVisible = False
241.9482 	EXP 	grid_lines_2: autoDraw = False
241.9482 	EXP 	target_square_2: autoDraw = False
241.9482 	EXP 	fixation_3: autoDraw = False
241.9482 	EXP 	target_square_2: pos = array([0.2, 0. ])
241.9482 	EXP 	grid_lines_2: autoDraw = True
241.9482 	EXP 	target_square_2: autoDraw = True
242.9315 	EXP 	fixation_3: autoDraw = True
242.9482 	EXP 	target_square_2: autoDraw = False
243.9315 	EXP 	fixation_3: autoDraw = False
243.9351 	EXP 	New trial (rep=0, index=88): {'square': 7, 'location': [-0.2, -0.2], 'corrAns': None}
243.9355 	EXP 	window1: mouseVisible = False
243.9482 	EXP 	grid_lines_2: autoDraw = False
243.9482 	EXP 	target_square_2: autoDraw = False
243.9482 	EXP 	fixation_3: autoDraw = False
243.9482 	EXP 	target_square_2: pos = array([-0.2, -0.2])
243.9482 	EXP 	grid_lines_2: autoDraw = True
243.9482 	EXP 	target_square_2: autoDraw = True
244.9315 	EXP 	fixation_3: autoDraw = True
244.9482 	EXP 	target_square_2: autoDraw = False
245.9316 	EXP 	fixation_3: autoDraw = False
245.9351 	EXP 	New trial (rep=0, index=89): {'square': 6, 'location': [0.2, 0], 'corrAns': 1}
245.9355 	EXP 	window1: mouseVisible = False
245.9482 	EXP 	grid_lines_2: autoDraw = False
245.9482 	EXP 	target_square_2: autoDraw = False
245.9482 	EXP 	fixation_3: autoDraw = False
245.9482 	EXP 	target_square_2: pos = array([0.2, 0. ])
245.9482 	EXP 	grid_lines_2: autoDraw = True
245.9482 	EXP 	target_square_2: autoDraw = True
246.9316 	EXP 	fixation_3: autoDraw = True
246.9482 	EXP 	target_square_2: autoDraw = False
247.9316 	EXP 	fixation_3: autoDraw = False
247.9351 	EXP 	New trial (rep=0, index=90): {'square': 6, 'location': [0.2, 0], 'corrAns': None}
247.9355 	EXP 	window1: mouseVisible = False
247.9481 	EXP 	grid_lines_2: autoDraw = False
247.9481 	EXP 	target_square_2: autoDraw = False
247.9481 	EXP 	fixation_3: autoDraw = False
247.9481 	EXP 	target_square_2: pos = array([0.2, 0. ])
247.9481 	EXP 	grid_lines_2: autoDraw = True
247.9481 	EXP 	target_square_2: autoDraw = True
248.9316 	EXP 	fixation_3: autoDraw = True
248.9482 	EXP 	target_square_2: autoDraw = False
249.9316 	EXP 	fixation_3: autoDraw = False
249.9351 	EXP 	New trial (rep=0, index=91): {'square': 7, 'location': [-0.2, -0.2], 'corrAns': None}
249.9357 	EXP 	window1: mouseVisible = False
249.9482 	EXP 	grid_lines_2: autoDraw = False
249.9482 	EXP 	target_square_2: autoDraw = False
249.9482 	EXP 	fixation_3: autoDraw = False
249.9482 	EXP 	target_square_2: pos = array([-0.2, -0.2])
249.9482 	EXP 	grid_lines_2: autoDraw = True
249.9482 	EXP 	target_square_2: autoDraw = True
250.5818 	DATA 	Mouse: Right button down, pos=(1045,664)
250.8485 	DATA 	Mouse:  Right button up, pos=(1045,664)
250.9316 	EXP 	fixation_3: autoDraw = True
250.9482 	EXP 	target_square_2: autoDraw = False
251.9316 	EXP 	fixation_3: autoDraw = False
251.9351 	EXP 	New trial (rep=0, index=92): {'square': 6, 'location': [0.2, 0], 'corrAns': 1}
251.9356 	EXP 	window1: mouseVisible = False
251.9483 	EXP 	grid_lines_2: autoDraw = False
251.9483 	EXP 	target_square_2: autoDraw = False
251.9483 	EXP 	fixation_3: autoDraw = False
251.9483 	EXP 	target_square_2: pos = array([0.2, 0. ])
251.9483 	EXP 	grid_lines_2: autoDraw = True
251.9483 	EXP 	target_square_2: autoDraw = True
252.9316 	EXP 	fixation_3: autoDraw = True
252.9483 	EXP 	target_square_2: autoDraw = False
253.9316 	EXP 	fixation_3: autoDraw = False
253.9351 	EXP 	New trial (rep=0, index=93): {'square': 2, 'location': [0, 0.2], 'corrAns': None}
253.9355 	EXP 	window1: mouseVisible = False
253.9483 	EXP 	grid_lines_2: autoDraw = False
253.9483 	EXP 	target_square_2: autoDraw = False
253.9483 	EXP 	fixation_3: autoDraw = False
253.9483 	EXP 	target_square_2: pos = array([0. , 0.2])
253.9483 	EXP 	grid_lines_2: autoDraw = True
253.9483 	EXP 	target_square_2: autoDraw = True
254.9317 	EXP 	fixation_3: autoDraw = True
254.9483 	EXP 	target_square_2: autoDraw = False
255.9316 	EXP 	fixation_3: autoDraw = False
255.9356 	EXP 	New trial (rep=0, index=94): {'square': 5, 'location': [0, 0], 'corrAns': None}
255.9361 	EXP 	window1: mouseVisible = False
255.9483 	EXP 	grid_lines_2: autoDraw = False
255.9483 	EXP 	target_square_2: autoDraw = False
255.9483 	EXP 	fixation_3: autoDraw = False
255.9483 	EXP 	target_square_2: pos = array([0., 0.])
255.9483 	EXP 	grid_lines_2: autoDraw = True
255.9483 	EXP 	target_square_2: autoDraw = True
256.9316 	EXP 	fixation_3: autoDraw = True
256.9483 	EXP 	target_square_2: autoDraw = False
257.9317 	EXP 	fixation_3: autoDraw = False
257.9351 	EXP 	New trial (rep=0, index=95): {'square': 4, 'location': [-0.2, 0], 'corrAns': None}
257.9356 	EXP 	window1: mouseVisible = False
257.9482 	EXP 	grid_lines_2: autoDraw = False
257.9482 	EXP 	target_square_2: autoDraw = False
257.9482 	EXP 	fixation_3: autoDraw = False
257.9482 	EXP 	target_square_2: pos = array([-0.2,  0. ])
257.9482 	EXP 	grid_lines_2: autoDraw = True
257.9482 	EXP 	target_square_2: autoDraw = True
258.9317 	EXP 	fixation_3: autoDraw = True
258.9483 	EXP 	target_square_2: autoDraw = False
259.9317 	EXP 	fixation_3: autoDraw = False
259.9351 	EXP 	New trial (rep=0, index=96): {'square': 4, 'location': [-0.2, 0], 'corrAns': None}
259.9357 	EXP 	window1: mouseVisible = False
259.9483 	EXP 	grid_lines_2: autoDraw = False
259.9483 	EXP 	target_square_2: autoDraw = False
259.9483 	EXP 	fixation_3: autoDraw = False
259.9483 	EXP 	target_square_2: pos = array([-0.2,  0. ])
259.9483 	EXP 	grid_lines_2: autoDraw = True
259.9483 	EXP 	target_square_2: autoDraw = True
260.9317 	EXP 	fixation_3: autoDraw = True
260.9483 	EXP 	target_square_2: autoDraw = False
261.9317 	EXP 	fixation_3: autoDraw = False
261.9351 	EXP 	New trial (rep=0, index=97): {'square': 7, 'location': [-0.2, -0.2], 'corrAns': None}
261.9356 	EXP 	window1: mouseVisible = False
261.9483 	EXP 	grid_lines_2: autoDraw = False
261.9483 	EXP 	target_square_2: autoDraw = False
261.9483 	EXP 	fixation_3: autoDraw = False
261.9483 	EXP 	target_square_2: pos = array([-0.2, -0.2])
261.9483 	EXP 	grid_lines_2: autoDraw = True
261.9483 	EXP 	target_square_2: autoDraw = True
262.9317 	EXP 	fixation_3: autoDraw = True
262.9484 	EXP 	target_square_2: autoDraw = False
263.9317 	EXP 	fixation_3: autoDraw = False
263.9352 	EXP 	New trial (rep=0, index=98): {'square': 4, 'location': [-0.2, 0], 'corrAns': 1}
263.9356 	EXP 	window1: mouseVisible = False
263.9484 	EXP 	grid_lines_2: autoDraw = False
263.9484 	EXP 	target_square_2: autoDraw = False
263.9484 	EXP 	fixation_3: autoDraw = False
263.9484 	EXP 	target_square_2: pos = array([-0.2,  0. ])
263.9484 	EXP 	grid_lines_2: autoDraw = True
263.9484 	EXP 	target_square_2: autoDraw = True
264.6321 	DATA 	Mouse: Right button down, pos=(1045,664)
264.8986 	DATA 	Mouse:  Right button up, pos=(1045,664)
264.9317 	EXP 	fixation_3: autoDraw = True
264.9484 	EXP 	target_square_2: autoDraw = False
265.9317 	EXP 	fixation_3: autoDraw = False
265.9353 	EXP 	New trial (rep=0, index=99): {'square': 3, 'location': [0.2, 0.2], 'corrAns': None}
265.9358 	EXP 	window1: mouseVisible = False
265.9484 	EXP 	grid_lines_2: autoDraw = False
265.9484 	EXP 	target_square_2: autoDraw = False
265.9484 	EXP 	fixation_3: autoDraw = False
265.9484 	EXP 	target_square_2: pos = array([0.2, 0.2])
265.9484 	EXP 	grid_lines_2: autoDraw = True
265.9484 	EXP 	target_square_2: autoDraw = True
266.9317 	EXP 	fixation_3: autoDraw = True
266.9484 	EXP 	target_square_2: autoDraw = False
267.9317 	EXP 	fixation_3: autoDraw = False
267.9353 	EXP 	New trial (rep=0, index=100): {'square': 5, 'location': [0, 0], 'corrAns': None}
267.9357 	EXP 	window1: mouseVisible = False
267.9484 	EXP 	grid_lines_2: autoDraw = False
267.9484 	EXP 	target_square_2: autoDraw = False
267.9484 	EXP 	fixation_3: autoDraw = False
267.9484 	EXP 	target_square_2: pos = array([0., 0.])
267.9484 	EXP 	grid_lines_2: autoDraw = True
267.9484 	EXP 	target_square_2: autoDraw = True
268.9317 	EXP 	fixation_3: autoDraw = True
268.9484 	EXP 	target_square_2: autoDraw = False
269.9318 	EXP 	fixation_3: autoDraw = False
269.9353 	EXP 	New trial (rep=0, index=101): {'square': 3, 'location': [0.2, 0.2], 'corrAns': 1}
269.9360 	EXP 	window1: mouseVisible = False
269.9484 	EXP 	grid_lines_2: autoDraw = False
269.9484 	EXP 	target_square_2: autoDraw = False
269.9484 	EXP 	fixation_3: autoDraw = False
269.9484 	EXP 	target_square_2: pos = array([0.2, 0.2])
269.9484 	EXP 	grid_lines_2: autoDraw = True
269.9484 	EXP 	target_square_2: autoDraw = True
270.7321 	DATA 	Mouse: Right button down, pos=(1045,664)
270.9318 	EXP 	fixation_3: autoDraw = True
270.9484 	EXP 	target_square_2: autoDraw = False
270.9515 	DATA 	Mouse:  Right button up, pos=(1045,664)
271.9318 	EXP 	fixation_3: autoDraw = False
271.9353 	EXP 	New trial (rep=0, index=102): {'square': 1, 'location': [-0.2, 0.2], 'corrAns': None}
271.9358 	EXP 	window1: mouseVisible = False
271.9484 	EXP 	grid_lines_2: autoDraw = False
271.9484 	EXP 	target_square_2: autoDraw = False
271.9484 	EXP 	fixation_3: autoDraw = False
271.9484 	EXP 	target_square_2: pos = array([-0.2,  0.2])
271.9484 	EXP 	grid_lines_2: autoDraw = True
271.9484 	EXP 	target_square_2: autoDraw = True
272.9318 	EXP 	fixation_3: autoDraw = True
272.9485 	EXP 	target_square_2: autoDraw = False
273.9318 	EXP 	fixation_3: autoDraw = False
273.9353 	EXP 	New trial (rep=0, index=103): {'square': 9, 'location': [0.2, -0.2], 'corrAns': None}
273.9358 	EXP 	window1: mouseVisible = False
273.9484 	EXP 	grid_lines_2: autoDraw = False
273.9484 	EXP 	target_square_2: autoDraw = False
273.9484 	EXP 	fixation_3: autoDraw = False
273.9484 	EXP 	target_square_2: pos = array([ 0.2, -0.2])
273.9484 	EXP 	grid_lines_2: autoDraw = True
273.9484 	EXP 	target_square_2: autoDraw = True
274.9318 	EXP 	fixation_3: autoDraw = True
274.9485 	EXP 	target_square_2: autoDraw = False
275.9318 	EXP 	fixation_3: autoDraw = False
275.9353 	EXP 	New trial (rep=0, index=104): {'square': 9, 'location': [0.2, -0.2], 'corrAns': None}
275.9358 	EXP 	window1: mouseVisible = False
275.9485 	EXP 	grid_lines_2: autoDraw = False
275.9485 	EXP 	target_square_2: autoDraw = False
275.9485 	EXP 	fixation_3: autoDraw = False
275.9485 	EXP 	target_square_2: pos = array([ 0.2, -0.2])
275.9485 	EXP 	grid_lines_2: autoDraw = True
275.9485 	EXP 	target_square_2: autoDraw = True
276.9318 	EXP 	fixation_3: autoDraw = True
276.9485 	EXP 	target_square_2: autoDraw = False
277.9318 	EXP 	fixation_3: autoDraw = False
277.9354 	EXP 	New trial (rep=0, index=105): {'square': 8, 'location': [0, -0.2], 'corrAns': None}
277.9359 	EXP 	window1: mouseVisible = False
277.9485 	EXP 	grid_lines_2: autoDraw = False
277.9485 	EXP 	target_square_2: autoDraw = False
277.9485 	EXP 	fixation_3: autoDraw = False
277.9485 	EXP 	target_square_2: pos = array([ 0. , -0.2])
277.9485 	EXP 	grid_lines_2: autoDraw = True
277.9485 	EXP 	target_square_2: autoDraw = True
278.9319 	EXP 	fixation_3: autoDraw = True
278.9485 	EXP 	target_square_2: autoDraw = False
279.9318 	EXP 	fixation_3: autoDraw = False
279.9353 	EXP 	New trial (rep=0, index=106): {'square': 6, 'location': [0.2, 0], 'corrAns': None}
279.9359 	EXP 	window1: mouseVisible = False
279.9485 	EXP 	grid_lines_2: autoDraw = False
279.9485 	EXP 	target_square_2: autoDraw = False
279.9485 	EXP 	fixation_3: autoDraw = False
279.9485 	EXP 	target_square_2: pos = array([0.2, 0. ])
279.9485 	EXP 	grid_lines_2: autoDraw = True
279.9485 	EXP 	target_square_2: autoDraw = True
280.9318 	EXP 	fixation_3: autoDraw = True
280.9485 	EXP 	target_square_2: autoDraw = False
281.9319 	EXP 	fixation_3: autoDraw = False
281.9353 	EXP 	New trial (rep=0, index=107): {'square': 3, 'location': [0.2, 0.2], 'corrAns': None}
281.9358 	EXP 	window1: mouseVisible = False
281.9485 	EXP 	grid_lines_2: autoDraw = False
281.9485 	EXP 	target_square_2: autoDraw = False
281.9485 	EXP 	fixation_3: autoDraw = False
281.9485 	EXP 	target_square_2: pos = array([0.2, 0.2])
281.9485 	EXP 	grid_lines_2: autoDraw = True
281.9485 	EXP 	target_square_2: autoDraw = True
282.9319 	EXP 	fixation_3: autoDraw = True
282.9485 	EXP 	target_square_2: autoDraw = False
283.9319 	EXP 	fixation_3: autoDraw = False
283.9354 	EXP 	New trial (rep=0, index=108): {'square': 6, 'location': [0.2, 0], 'corrAns': 1}
283.9358 	EXP 	window1: mouseVisible = False
283.9485 	EXP 	grid_lines_2: autoDraw = False
283.9485 	EXP 	target_square_2: autoDraw = False
283.9485 	EXP 	fixation_3: autoDraw = False
283.9485 	EXP 	target_square_2: pos = array([0.2, 0. ])
283.9485 	EXP 	grid_lines_2: autoDraw = True
283.9485 	EXP 	target_square_2: autoDraw = True
284.5989 	DATA 	Mouse: Right button down, pos=(1045,664)
284.8321 	DATA 	Mouse:  Right button up, pos=(1045,664)
284.9319 	EXP 	fixation_3: autoDraw = True
284.9485 	EXP 	target_square_2: autoDraw = False
285.9319 	EXP 	fixation_3: autoDraw = False
285.9355 	EXP 	New trial (rep=0, index=109): {'square': 5, 'location': [0, 0], 'corrAns': None}
285.9359 	EXP 	window1: mouseVisible = False
285.9486 	EXP 	grid_lines_2: autoDraw = False
285.9486 	EXP 	target_square_2: autoDraw = False
285.9486 	EXP 	fixation_3: autoDraw = False
285.9486 	EXP 	target_square_2: pos = array([0., 0.])
285.9486 	EXP 	grid_lines_2: autoDraw = True
285.9486 	EXP 	target_square_2: autoDraw = True
286.9319 	EXP 	fixation_3: autoDraw = True
286.9486 	EXP 	target_square_2: autoDraw = False
287.9318 	EXP 	fixation_3: autoDraw = False
287.9353 	EXP 	New trial (rep=0, index=110): {'square': 7, 'location': [-0.2, -0.2], 'corrAns': None}
287.9358 	EXP 	window1: mouseVisible = False
287.9486 	EXP 	grid_lines_2: autoDraw = False
287.9486 	EXP 	target_square_2: autoDraw = False
287.9486 	EXP 	fixation_3: autoDraw = False
287.9486 	EXP 	target_square_2: pos = array([-0.2, -0.2])
287.9486 	EXP 	grid_lines_2: autoDraw = True
287.9486 	EXP 	target_square_2: autoDraw = True
288.9319 	EXP 	fixation_3: autoDraw = True
288.9486 	EXP 	target_square_2: autoDraw = False
289.9319 	EXP 	fixation_3: autoDraw = False
289.9354 	EXP 	New trial (rep=0, index=111): {'square': 5, 'location': [0, 0], 'corrAns': 1}
289.9360 	EXP 	window1: mouseVisible = False
289.9486 	EXP 	grid_lines_2: autoDraw = False
289.9486 	EXP 	target_square_2: autoDraw = False
289.9486 	EXP 	fixation_3: autoDraw = False
289.9486 	EXP 	target_square_2: pos = array([0., 0.])
289.9486 	EXP 	grid_lines_2: autoDraw = True
289.9486 	EXP 	target_square_2: autoDraw = True
290.9157 	DATA 	Mouse: Right button down, pos=(1045,664)
290.9319 	EXP 	fixation_3: autoDraw = True
290.9486 	EXP 	target_square_2: autoDraw = False
291.1822 	DATA 	Mouse:  Right button up, pos=(1045,664)
291.9319 	EXP 	fixation_3: autoDraw = False
291.9354 	EXP 	New trial (rep=0, index=112): {'square': 1, 'location': [-0.2, 0.2], 'corrAns': None}
291.9360 	EXP 	window1: mouseVisible = False
291.9486 	EXP 	grid_lines_2: autoDraw = False
291.9486 	EXP 	target_square_2: autoDraw = False
291.9486 	EXP 	fixation_3: autoDraw = False
291.9486 	EXP 	target_square_2: pos = array([-0.2,  0.2])
291.9486 	EXP 	grid_lines_2: autoDraw = True
291.9486 	EXP 	target_square_2: autoDraw = True
292.9319 	EXP 	fixation_3: autoDraw = True
292.9486 	EXP 	target_square_2: autoDraw = False
293.9320 	EXP 	fixation_3: autoDraw = False
293.9356 	EXP 	New trial (rep=0, index=113): {'square': 7, 'location': [-0.2, -0.2], 'corrAns': None}
293.9361 	EXP 	window1: mouseVisible = False
293.9486 	EXP 	grid_lines_2: autoDraw = False
293.9486 	EXP 	target_square_2: autoDraw = False
293.9486 	EXP 	fixation_3: autoDraw = False
293.9486 	EXP 	target_square_2: pos = array([-0.2, -0.2])
293.9486 	EXP 	grid_lines_2: autoDraw = True
293.9486 	EXP 	target_square_2: autoDraw = True
294.9320 	EXP 	fixation_3: autoDraw = True
294.9486 	EXP 	target_square_2: autoDraw = False
295.9320 	EXP 	fixation_3: autoDraw = False
295.9356 	EXP 	New trial (rep=0, index=114): {'square': 9, 'location': [0.2, -0.2], 'corrAns': None}
295.9361 	EXP 	window1: mouseVisible = False
295.9487 	EXP 	grid_lines_2: autoDraw = False
295.9487 	EXP 	target_square_2: autoDraw = False
295.9487 	EXP 	fixation_3: autoDraw = False
295.9487 	EXP 	target_square_2: pos = array([ 0.2, -0.2])
295.9487 	EXP 	grid_lines_2: autoDraw = True
295.9487 	EXP 	target_square_2: autoDraw = True
296.9320 	EXP 	fixation_3: autoDraw = True
296.9487 	EXP 	target_square_2: autoDraw = False
297.9320 	EXP 	fixation_3: autoDraw = False
297.9356 	EXP 	New trial (rep=0, index=115): {'square': 3, 'location': [0.2, 0.2], 'corrAns': None}
297.9361 	EXP 	window1: mouseVisible = False
297.9486 	EXP 	grid_lines_2: autoDraw = False
297.9486 	EXP 	target_square_2: autoDraw = False
297.9486 	EXP 	fixation_3: autoDraw = False
297.9486 	EXP 	target_square_2: pos = array([0.2, 0.2])
297.9486 	EXP 	grid_lines_2: autoDraw = True
297.9486 	EXP 	target_square_2: autoDraw = True
298.9320 	EXP 	fixation_3: autoDraw = True
298.9487 	EXP 	target_square_2: autoDraw = False
299.9320 	EXP 	fixation_3: autoDraw = False
299.9356 	EXP 	New trial (rep=0, index=116): {'square': 9, 'location': [0.2, -0.2], 'corrAns': 1}
299.9362 	EXP 	window1: mouseVisible = False
299.9487 	EXP 	grid_lines_2: autoDraw = False
299.9487 	EXP 	target_square_2: autoDraw = False
299.9487 	EXP 	fixation_3: autoDraw = False
299.9487 	EXP 	target_square_2: pos = array([ 0.2, -0.2])
299.9487 	EXP 	grid_lines_2: autoDraw = True
299.9487 	EXP 	target_square_2: autoDraw = True
300.9320 	EXP 	fixation_3: autoDraw = True
300.9487 	EXP 	target_square_2: autoDraw = False
301.9320 	EXP 	fixation_3: autoDraw = False
301.9356 	EXP 	New trial (rep=0, index=117): {'square': 6, 'location': [0.2, 0], 'corrAns': None}
301.9361 	EXP 	window1: mouseVisible = False
301.9487 	EXP 	grid_lines_2: autoDraw = False
301.9487 	EXP 	target_square_2: autoDraw = False
301.9487 	EXP 	fixation_3: autoDraw = False
301.9487 	EXP 	target_square_2: pos = array([0.2, 0. ])
301.9487 	EXP 	grid_lines_2: autoDraw = True
301.9487 	EXP 	target_square_2: autoDraw = True
302.9320 	EXP 	fixation_3: autoDraw = True
302.9486 	EXP 	target_square_2: autoDraw = False
303.9320 	EXP 	fixation_3: autoDraw = False
303.9356 	EXP 	New trial (rep=0, index=118): {'square': 2, 'location': [0, 0.2], 'corrAns': None}
303.9361 	EXP 	window1: mouseVisible = False
303.9487 	EXP 	grid_lines_2: autoDraw = False
303.9487 	EXP 	target_square_2: autoDraw = False
303.9487 	EXP 	fixation_3: autoDraw = False
303.9487 	EXP 	target_square_2: pos = array([0. , 0.2])
303.9487 	EXP 	grid_lines_2: autoDraw = True
303.9487 	EXP 	target_square_2: autoDraw = True
304.9321 	EXP 	fixation_3: autoDraw = True
304.9487 	EXP 	target_square_2: autoDraw = False
305.9320 	EXP 	fixation_3: autoDraw = False
305.9356 	EXP 	New trial (rep=0, index=119): {'square': 5, 'location': [0, 0], 'corrAns': None}
305.9360 	EXP 	window1: mouseVisible = False
305.9487 	EXP 	grid_lines_2: autoDraw = False
305.9487 	EXP 	target_square_2: autoDraw = False
305.9487 	EXP 	fixation_3: autoDraw = False
305.9487 	EXP 	target_square_2: pos = array([0., 0.])
305.9487 	EXP 	grid_lines_2: autoDraw = True
305.9487 	EXP 	target_square_2: autoDraw = True
306.9321 	EXP 	fixation_3: autoDraw = True
306.9487 	EXP 	target_square_2: autoDraw = False
307.9321 	EXP 	fixation_3: autoDraw = False
307.9507 	EXP 	Created unnamed TextStim = TextStim(__class__=<class 'psychopy.visual.text.TextStim'>, alignHoriz=method-wrapper(...), alignText='center', alignVert=method-wrapper(...), anchorHoriz='center', anchorVert='center', antialias=True, autoLog=True, bold=False, color=array([1., 1., 1.]), colorSpace='rgb', contrast=1.0, depth=0, flipHoriz=False, flipVert=False, font='', fontFiles=[], height=0.05, italic=False, languageStyle='LTR', name='unnamed TextStim', opacity=1.0, ori=0.0, pos=array([0., 0.]), rgb=UNKNOWN, text=str(...), units='height', win=Window(...), wrapWidth=1)
307.9654 	EXP 	grid_lines_2: autoDraw = False
307.9654 	EXP 	target_square_2: autoDraw = False
307.9654 	EXP 	fixation_3: autoDraw = False
393.5286 	DATA 	Keypress: e
393.5292 	EXP 	New trial (rep=0, index=1): OrderedDict([('RestT1', 1), ('TaskT1', 0)])
393.5297 	EXP 	Created sequence: random, trialTypes=1, nReps=1, seed=None
393.5299 	EXP 	New trial (rep=0, index=0): None
393.5413 	EXP 	Created unnamed TextStim = TextStim(__class__=<class 'psychopy.visual.text.TextStim'>, alignHoriz=method-wrapper(...), alignText='center', alignVert=method-wrapper(...), anchorHoriz='center', anchorVert='center', antialias=True, autoLog=True, bold=False, color=array([-0.5, -0.5, -0.5]), colorSpace='rgb', contrast=1.0, depth=0, flipHoriz=False, flipVert=False, font='', fontFiles=[], height=0.05, italic=False, languageStyle='LTR', name='unnamed TextStim', opacity=1.0, ori=0.0, pos=array([0., 0.]), rgb=UNKNOWN, text=str(...), units='height', win=Window(...), wrapWidth=1)
395.8325 	DATA 	Keypress: s
395.8495 	EXP 	fixation_2: autoDraw = True
663.8582 	EXP 	Created unnamed TextStim = TextStim(__class__=<class 'psychopy.visual.text.TextStim'>, alignHoriz=method-wrapper(...), alignText='center', alignVert=method-wrapper(...), anchorHoriz='center', anchorVert='center', antialias=True, autoLog=True, bold=False, color=array([1., 1., 1.]), colorSpace='rgb', contrast=1.0, depth=0, flipHoriz=False, flipVert=False, font='', fontFiles=[], height=0.05, italic=False, languageStyle='LTR', name='unnamed TextStim', opacity=1.0, ori=0.0, pos=array([0., 0.]), rgb=UNKNOWN, text=str(...), units='height', win=Window(...), wrapWidth=1)
663.8684 	EXP 	fixation_2: autoDraw = False
896.8094 	DATA 	Keypress: e
896.8102 	EXP 	Created sequence: random, trialTypes=1, nReps=0, seed=None
896.9116 	EXP 	Created unnamed TextStim = TextStim(__class__=<class 'psychopy.visual.text.TextStim'>, alignHoriz=method-wrapper(...), alignText='center', alignVert=method-wrapper(...), anchorHoriz='center', anchorVert='center', antialias=True, autoLog=True, bold=False, color=array([1., 1., 1.]), colorSpace='rgb', contrast=1.0, depth=0, flipHoriz=False, flipVert=False, font='', fontFiles=[], height=0.05, italic=False, languageStyle='LTR', name='unnamed TextStim', opacity=1.0, ori=0.0, pos=array([0., 0.]), rgb=UNKNOWN, text=str(...), units='height', win=Window(...), wrapWidth=1)
896.9809 	EXP 	window1: mouseVisible = True
