1.2674 	WARNING 	We strongly recommend you activate the PTB sound engine in PsychoPy prefs as the preferred audio engine. Its timing is vastly superior. Your prefs are currently set to use ['sounddevice', 'PTB', 'pyo', 'pygame'] (in that order).
11.3787 	EXP 	Created fixation_2 = TextStim(__class__=<class 'psychopy.visual.text.TextStim'>, alignHoriz=method-wrapper(...), alignText='center', alignVert=method-wrapper(...), anchorHoriz='center', anchorVert='center', antialias=True, autoLog=True, bold=False, color=array([1, 1, 1]), colorSpace='rgb', contrast=1.0, depth=-2.0, flipHoriz=False, flipVert=False, font='Arial', fontFiles=[], height=0.05, italic=False, languageStyle='LTR', name='fixation_2', opacity=1, ori=0, pos=array([0., 0.]), rgb=UNKNOWN, text='+', units='height', win=Window(...), wrapWidth=1)
11.4601 	EXP 	Created Nbackinstructions = TextStim(__class__=<class 'psychopy.visual.text.TextStim'>, alignHoriz=method-wrapper(...), alignText='center', alignVert=method-wrapper(...), anchorHoriz='center', anchorVert='center', antialias=True, autoLog=True, bold=False, color=array([1, 1, 1]), colorSpace='rgb', contrast=1.0, depth=0, flipHoriz=False, flipVert=False, font='Arial', fontFiles=[], height=0.05, italic=False, languageStyle='LTR', name='Nbackinstructions', opacity=1, ori=0.0, pos=array([0., 0.]), rgb=UNKNOWN, text=str(...), units='height', win=Window(...), wrapWidth=1)
11.4656 	EXP 	Created fixation_2 = TextStim(__class__=<class 'psychopy.visual.text.TextStim'>, alignHoriz=method-wrapper(...), alignText='center', alignVert=method-wrapper(...), anchorHoriz='center', anchorVert='center', antialias=True, autoLog=True, bold=False, color=array([1, 1, 1]), colorSpace='rgb', contrast=1.0, depth=-2.0, flipHoriz=False, flipVert=False, font='Arial', fontFiles=[], height=0.05, italic=False, languageStyle='LTR', name='fixation_2', opacity=1, ori=0, pos=array([0., 0.]), rgb=UNKNOWN, text='+', units='height', win=Window(...), wrapWidth=1)
11.6245 	EXP 	Created grid_lines_2 = ImageStim(__class__=<class 'psychopy.visual.image.ImageStim'>, autoLog=True, color=array([1, 1, 1]), colorSpace='rgb', contrast=1.0, depth=0.0, flipHoriz=False, flipVert=False, image='grid.png', interpolate=True, mask=None, maskParams=None, name='grid_lines_2', opacity=1, ori=0.0, pos=array([0., 0.]), size=array([0.6, 0.6]), texRes=128, units='height', win=Window(...))
11.6288 	EXP 	Created target_square_2 = Rect(__class__=<class 'psychopy.visual.rect.Rect'>, autoDraw=False, autoLog=True, closeShape=True, color=method-wrapper(...), colorSpace='rgb', contrast=None, depth=-1.0, fillColor=array([1., 1., 1.]), fillColorSpace='rgb', fillRGB=UNKNOWN, interpolate=True, lineColor=array([0, 0, 0]), lineColorSpace='rgb', lineRGB=UNKNOWN, lineWidth=1, name='target_square_2', opacity=0.5, ori=0.0, pos=array([0., 0.]), size=array([0.15, 0.15]), units='height', vertices=ndarray(...), win=Window(...))
11.6338 	EXP 	Created fixation_3 = TextStim(__class__=<class 'psychopy.visual.text.TextStim'>, alignHoriz=method-wrapper(...), alignText='center', alignVert=method-wrapper(...), anchorHoriz='center', anchorVert='center', antialias=True, autoLog=True, bold=False, color=array([1, 1, 1]), colorSpace='rgb', contrast=1.0, depth=-2.0, flipHoriz=False, flipVert=False, font='Arial', fontFiles=[], height=0.05, italic=False, languageStyle='LTR', name='fixation_3', opacity=1, ori=0, pos=array([0., 0.]), rgb=UNKNOWN, text='+', units='height', win=Window(...), wrapWidth=1)
11.6342 	EXP 	window1: mouseVisible = True
11.6345 	EXP 	window1: mouseVisible = False
11.6352 	EXP 	Created sequence: sequential, trialTypes=2, nReps=1, seed=None
11.6358 	EXP 	New trial (rep=0, index=0): OrderedDict([('RestT1', 1), ('TaskT1', 0)])
11.6364 	EXP 	Created sequence: random, trialTypes=1, nReps=1, seed=None
11.6367 	EXP 	New trial (rep=0, index=0): None
11.6675 	EXP 	Created unnamed TextStim = TextStim(__class__=<class 'psychopy.visual.text.TextStim'>, alignHoriz=method-wrapper(...), alignText='center', alignVert=method-wrapper(...), anchorHoriz='center', anchorVert='center', antialias=True, autoLog=True, bold=False, color=array([-0.5, -0.5, -0.5]), colorSpace='rgb', contrast=1.0, depth=0, flipHoriz=False, flipVert=False, font='', fontFiles=[], height=0.05, italic=False, languageStyle='LTR', name='unnamed TextStim', opacity=1.0, ori=0.0, pos=array([0., 0.]), rgb=UNKNOWN, text=str(...), units='height', win=Window(...), wrapWidth=1)
13.4744 	DATA 	Keypress: s
13.5165 	EXP 	fixation_2: autoDraw = True
281.4941 	EXP 	Created unnamed TextStim = TextStim(__class__=<class 'psychopy.visual.text.TextStim'>, alignHoriz=method-wrapper(...), alignText='center', alignVert=method-wrapper(...), anchorHoriz='center', anchorVert='center', antialias=True, autoLog=True, bold=False, color=array([1., 1., 1.]), colorSpace='rgb', contrast=1.0, depth=0, flipHoriz=False, flipVert=False, font='', fontFiles=[], height=0.05, italic=False, languageStyle='LTR', name='unnamed TextStim', opacity=1.0, ori=0.0, pos=array([0., 0.]), rgb=UNKNOWN, text=str(...), units='height', win=Window(...), wrapWidth=1)
281.5075 	EXP 	fixation_2: autoDraw = False
301.8033 	DATA 	Keypress: e
301.8041 	EXP 	Created sequence: random, trialTypes=1, nReps=0, seed=None
301.8046 	EXP 	New trial (rep=0, index=1): OrderedDict([('RestT1', 0), ('TaskT1', 1)])
301.8050 	EXP 	Created sequence: random, trialTypes=1, nReps=0, seed=None
301.8056 	EXP 	Created sequence: random, trialTypes=1, nReps=1, seed=None
301.8060 	EXP 	New trial (rep=0, index=0): None
301.8183 	EXP 	Nbackinstructions: autoDraw = True
302.7417 	EXP 	Created unnamed TextStim = TextStim(__class__=<class 'psychopy.visual.text.TextStim'>, alignHoriz=method-wrapper(...), alignText='center', alignVert=method-wrapper(...), anchorHoriz='center', anchorVert='center', antialias=True, autoLog=True, bold=False, color=array([-0.5, -0.5, -0.5]), colorSpace='rgb', contrast=1.0, depth=0, flipHoriz=False, flipVert=False, font='', fontFiles=[], height=0.05, italic=False, languageStyle='LTR', name='unnamed TextStim', opacity=1.0, ori=0.0, pos=array([0., 0.]), rgb=UNKNOWN, text=str(...), units='height', win=Window(...), wrapWidth=1)
302.7455 	DATA 	Keypress: space
302.7508 	EXP 	Nbackinstructions: autoDraw = False
303.4217 	DATA 	Keypress: s
303.4349 	EXP 	fixation_2: autoDraw = True
303.8231 	EXP 	Imported c:\Users\Michael\Documents\GitHub\canlab\WASABI_public\fMRI Tasks\WASABI Task-T1\N-back-2.xlsx as conditions, 120 conditions, 3 params
303.8239 	EXP 	Created sequence: sequential, trialTypes=120, nReps=1, seed=None
303.8244 	EXP 	New trial (rep=0, index=0): {'square': 5, 'location': [0, 0], 'corrAns': None}
303.8250 	EXP 	window1: mouseVisible = False
303.8565 	EXP 	fixation_2: autoDraw = False
303.8565 	EXP 	target_square_2: pos = array([0., 0.])
303.8565 	EXP 	grid_lines_2: autoDraw = True
303.8565 	EXP 	target_square_2: autoDraw = True
304.8194 	EXP 	fixation_3: autoDraw = True
304.8696 	EXP 	target_square_2: autoDraw = False
305.7405 	EXP 	New trial (rep=0, index=1): {'square': 2, 'location': [0, 0.2], 'corrAns': None}
305.7411 	EXP 	window1: mouseVisible = False
305.7531 	EXP 	grid_lines_2: autoDraw = False
305.7531 	EXP 	target_square_2: autoDraw = False
305.7531 	EXP 	fixation_3: autoDraw = False
305.7531 	EXP 	target_square_2: pos = array([0. , 0.2])
305.7531 	EXP 	grid_lines_2: autoDraw = True
305.7531 	EXP 	target_square_2: autoDraw = True
306.2578 	DATA 	Mouse: Left button down, pos=(658,349)
306.3376 	DATA 	Mouse:  Left button up, pos=(658,349)
306.7371 	EXP 	fixation_3: autoDraw = True
306.7537 	EXP 	target_square_2: autoDraw = False
307.7374 	EXP 	fixation_3: autoDraw = False
307.7400 	EXP 	New trial (rep=0, index=2): {'square': 6, 'location': [0.2, 0], 'corrAns': None}
307.7406 	EXP 	window1: mouseVisible = False
307.7542 	EXP 	grid_lines_2: autoDraw = False
307.7542 	EXP 	target_square_2: autoDraw = False
307.7542 	EXP 	fixation_3: autoDraw = False
307.7542 	EXP 	target_square_2: pos = array([0.2, 0. ])
307.7542 	EXP 	grid_lines_2: autoDraw = True
307.7542 	EXP 	target_square_2: autoDraw = True
308.7381 	EXP 	fixation_3: autoDraw = True
308.7547 	EXP 	target_square_2: autoDraw = False
309.6899 	DATA 	Mouse: Left button down, pos=(656,354)
309.7256 	EXP 	New trial (rep=0, index=3): {'square': 9, 'location': [0.2, -0.2], 'corrAns': None}
309.7262 	EXP 	window1: mouseVisible = False
309.7385 	EXP 	grid_lines_2: autoDraw = False
309.7385 	EXP 	target_square_2: autoDraw = False
309.7385 	EXP 	fixation_3: autoDraw = False
309.7385 	EXP 	target_square_2: pos = array([ 0.2, -0.2])
309.7385 	EXP 	grid_lines_2: autoDraw = True
309.7385 	EXP 	target_square_2: autoDraw = True
309.8054 	DATA 	Mouse:  Left button up, pos=(656,354)
310.7227 	EXP 	fixation_3: autoDraw = True
310.7388 	EXP 	target_square_2: autoDraw = False
311.7229 	EXP 	fixation_3: autoDraw = False
311.7255 	EXP 	New trial (rep=0, index=4): {'square': 3, 'location': [0.2, 0.2], 'corrAns': None}
311.7260 	EXP 	window1: mouseVisible = False
311.7395 	EXP 	grid_lines_2: autoDraw = False
311.7395 	EXP 	target_square_2: autoDraw = False
311.7395 	EXP 	fixation_3: autoDraw = False
311.7395 	EXP 	target_square_2: pos = array([0.2, 0.2])
311.7395 	EXP 	grid_lines_2: autoDraw = True
311.7395 	EXP 	target_square_2: autoDraw = True
312.7231 	EXP 	fixation_3: autoDraw = True
312.7400 	EXP 	target_square_2: autoDraw = False
313.7236 	EXP 	fixation_3: autoDraw = False
313.7262 	EXP 	New trial (rep=0, index=5): {'square': 9, 'location': [0.2, -0.2], 'corrAns': 1}
313.7268 	EXP 	window1: mouseVisible = False
313.7399 	EXP 	grid_lines_2: autoDraw = False
313.7399 	EXP 	target_square_2: autoDraw = False
313.7399 	EXP 	fixation_3: autoDraw = False
313.7399 	EXP 	target_square_2: pos = array([ 0.2, -0.2])
313.7399 	EXP 	grid_lines_2: autoDraw = True
313.7399 	EXP 	target_square_2: autoDraw = True
313.8242 	DATA 	Mouse: Left button down, pos=(642,357)
313.9083 	DATA 	Mouse:  Left button up, pos=(641,357)
314.7241 	EXP 	fixation_3: autoDraw = True
314.7407 	EXP 	target_square_2: autoDraw = False
315.7251 	EXP 	fixation_3: autoDraw = False
315.7277 	EXP 	New trial (rep=0, index=6): {'square': 7, 'location': [-0.2, -0.2], 'corrAns': None}
315.7283 	EXP 	window1: mouseVisible = False
315.7408 	EXP 	grid_lines_2: autoDraw = False
315.7408 	EXP 	target_square_2: autoDraw = False
315.7408 	EXP 	fixation_3: autoDraw = False
315.7408 	EXP 	target_square_2: pos = array([-0.2, -0.2])
315.7408 	EXP 	grid_lines_2: autoDraw = True
315.7408 	EXP 	target_square_2: autoDraw = True
316.7252 	EXP 	fixation_3: autoDraw = True
316.7418 	EXP 	target_square_2: autoDraw = False
317.7255 	EXP 	fixation_3: autoDraw = False
317.7280 	EXP 	New trial (rep=0, index=7): {'square': 1, 'location': [-0.2, 0.2], 'corrAns': None}
317.7286 	EXP 	window1: mouseVisible = False
317.7423 	EXP 	grid_lines_2: autoDraw = False
317.7423 	EXP 	target_square_2: autoDraw = False
317.7423 	EXP 	fixation_3: autoDraw = False
317.7423 	EXP 	target_square_2: pos = array([-0.2,  0.2])
317.7423 	EXP 	grid_lines_2: autoDraw = True
317.7423 	EXP 	target_square_2: autoDraw = True
318.1097 	DATA 	Mouse: Left button down, pos=(641,357)
318.1627 	DATA 	Mouse:  Left button up, pos=(641,357)
318.7269 	EXP 	fixation_3: autoDraw = True
318.7428 	EXP 	target_square_2: autoDraw = False
319.7265 	EXP 	fixation_3: autoDraw = False
319.7291 	EXP 	New trial (rep=0, index=8): {'square': 5, 'location': [0, 0], 'corrAns': None}
319.7296 	EXP 	window1: mouseVisible = False
319.7430 	EXP 	grid_lines_2: autoDraw = False
319.7430 	EXP 	target_square_2: autoDraw = False
319.7430 	EXP 	fixation_3: autoDraw = False
319.7430 	EXP 	target_square_2: pos = array([0., 0.])
319.7430 	EXP 	grid_lines_2: autoDraw = True
319.7430 	EXP 	target_square_2: autoDraw = True
320.7269 	EXP 	fixation_3: autoDraw = True
320.7437 	EXP 	target_square_2: autoDraw = False
321.7276 	EXP 	fixation_3: autoDraw = False
321.7302 	EXP 	New trial (rep=0, index=9): {'square': 7, 'location': [-0.2, -0.2], 'corrAns': None}
321.7308 	EXP 	window1: mouseVisible = False
321.7442 	EXP 	grid_lines_2: autoDraw = False
321.7442 	EXP 	target_square_2: autoDraw = False
321.7442 	EXP 	fixation_3: autoDraw = False
321.7442 	EXP 	target_square_2: pos = array([-0.2, -0.2])
321.7442 	EXP 	grid_lines_2: autoDraw = True
321.7442 	EXP 	target_square_2: autoDraw = True
322.6118 	DATA 	Mouse: Left button down, pos=(641,357)
322.7119 	DATA 	Mouse:  Left button up, pos=(641,357)
322.7279 	EXP 	fixation_3: autoDraw = True
322.7448 	EXP 	target_square_2: autoDraw = False
323.7284 	EXP 	fixation_3: autoDraw = False
323.7311 	EXP 	New trial (rep=0, index=10): {'square': 5, 'location': [0, 0], 'corrAns': 1}
323.7316 	EXP 	window1: mouseVisible = False
323.7451 	EXP 	grid_lines_2: autoDraw = False
323.7451 	EXP 	target_square_2: autoDraw = False
323.7451 	EXP 	fixation_3: autoDraw = False
323.7451 	EXP 	target_square_2: pos = array([0., 0.])
323.7451 	EXP 	grid_lines_2: autoDraw = True
323.7451 	EXP 	target_square_2: autoDraw = True
324.7288 	EXP 	fixation_3: autoDraw = True
324.7450 	EXP 	target_square_2: autoDraw = False
325.7291 	EXP 	fixation_3: autoDraw = False
325.7317 	EXP 	New trial (rep=0, index=11): {'square': 6, 'location': [0.2, 0], 'corrAns': None}
325.7323 	EXP 	window1: mouseVisible = False
325.7460 	EXP 	grid_lines_2: autoDraw = False
325.7460 	EXP 	target_square_2: autoDraw = False
325.7460 	EXP 	fixation_3: autoDraw = False
325.7460 	EXP 	target_square_2: pos = array([0.2, 0. ])
325.7460 	EXP 	grid_lines_2: autoDraw = True
325.7460 	EXP 	target_square_2: autoDraw = True
326.0802 	DATA 	Mouse: Left button down, pos=(641,357)
326.1635 	DATA 	Mouse:  Left button up, pos=(641,357)
326.7297 	EXP 	fixation_3: autoDraw = True
326.7465 	EXP 	target_square_2: autoDraw = False
327.7304 	EXP 	fixation_3: autoDraw = False
327.7331 	EXP 	New trial (rep=0, index=12): {'square': 3, 'location': [0.2, 0.2], 'corrAns': None}
327.7337 	EXP 	window1: mouseVisible = False
327.7470 	EXP 	grid_lines_2: autoDraw = False
327.7470 	EXP 	target_square_2: autoDraw = False
327.7470 	EXP 	fixation_3: autoDraw = False
327.7470 	EXP 	target_square_2: pos = array([0.2, 0.2])
327.7470 	EXP 	grid_lines_2: autoDraw = True
327.7470 	EXP 	target_square_2: autoDraw = True
328.4813 	DATA 	Mouse: Left button down, pos=(641,357)
328.5809 	DATA 	Mouse:  Left button up, pos=(641,357)
328.7306 	EXP 	fixation_3: autoDraw = True
328.7474 	EXP 	target_square_2: autoDraw = False
329.7312 	EXP 	fixation_3: autoDraw = False
329.7338 	EXP 	New trial (rep=0, index=13): {'square': 6, 'location': [0.2, 0], 'corrAns': 1}
329.7344 	EXP 	window1: mouseVisible = False
329.7477 	EXP 	grid_lines_2: autoDraw = False
329.7477 	EXP 	target_square_2: autoDraw = False
329.7477 	EXP 	fixation_3: autoDraw = False
329.7477 	EXP 	target_square_2: pos = array([0.2, 0. ])
329.7477 	EXP 	grid_lines_2: autoDraw = True
329.7477 	EXP 	target_square_2: autoDraw = True
330.7316 	EXP 	fixation_3: autoDraw = True
330.7479 	EXP 	target_square_2: autoDraw = False
331.7320 	EXP 	fixation_3: autoDraw = False
331.7345 	EXP 	New trial (rep=0, index=14): {'square': 8, 'location': [0, -0.2], 'corrAns': None}
331.7351 	EXP 	window1: mouseVisible = False
331.7489 	EXP 	grid_lines_2: autoDraw = False
331.7489 	EXP 	target_square_2: autoDraw = False
331.7489 	EXP 	fixation_3: autoDraw = False
331.7489 	EXP 	target_square_2: pos = array([ 0. , -0.2])
331.7489 	EXP 	grid_lines_2: autoDraw = True
331.7489 	EXP 	target_square_2: autoDraw = True
332.0497 	DATA 	Mouse: Left button down, pos=(641,357)
332.1330 	DATA 	Mouse:  Left button up, pos=(641,357)
332.7327 	EXP 	fixation_3: autoDraw = True
332.7492 	EXP 	target_square_2: autoDraw = False
333.7331 	EXP 	fixation_3: autoDraw = False
333.7357 	EXP 	New trial (rep=0, index=15): {'square': 9, 'location': [0.2, -0.2], 'corrAns': None}
333.7364 	EXP 	window1: mouseVisible = False
333.7500 	EXP 	grid_lines_2: autoDraw = False
333.7500 	EXP 	target_square_2: autoDraw = False
333.7500 	EXP 	fixation_3: autoDraw = False
333.7500 	EXP 	target_square_2: pos = array([ 0.2, -0.2])
333.7500 	EXP 	grid_lines_2: autoDraw = True
333.7500 	EXP 	target_square_2: autoDraw = True
334.3343 	DATA 	Mouse: Left button down, pos=(641,357)
334.4174 	DATA 	Mouse:  Left button up, pos=(641,357)
334.7332 	EXP 	fixation_3: autoDraw = True
334.7502 	EXP 	target_square_2: autoDraw = False
335.7340 	EXP 	fixation_3: autoDraw = False
335.7365 	EXP 	New trial (rep=0, index=16): {'square': 9, 'location': [0.2, -0.2], 'corrAns': None}
335.7371 	EXP 	window1: mouseVisible = False
335.7506 	EXP 	grid_lines_2: autoDraw = False
335.7506 	EXP 	target_square_2: autoDraw = False
335.7506 	EXP 	fixation_3: autoDraw = False
335.7506 	EXP 	target_square_2: pos = array([ 0.2, -0.2])
335.7506 	EXP 	grid_lines_2: autoDraw = True
335.7506 	EXP 	target_square_2: autoDraw = True
336.3537 	DATA 	Mouse: Left button down, pos=(641,357)
336.5023 	DATA 	Mouse:  Left button up, pos=(641,357)
336.7346 	EXP 	fixation_3: autoDraw = True
336.7512 	EXP 	target_square_2: autoDraw = False
337.7346 	EXP 	fixation_3: autoDraw = False
337.7372 	EXP 	New trial (rep=0, index=17): {'square': 1, 'location': [-0.2, 0.2], 'corrAns': None}
337.7378 	EXP 	window1: mouseVisible = False
337.7516 	EXP 	grid_lines_2: autoDraw = False
337.7516 	EXP 	target_square_2: autoDraw = False
337.7516 	EXP 	fixation_3: autoDraw = False
337.7516 	EXP 	target_square_2: pos = array([-0.2,  0.2])
337.7516 	EXP 	grid_lines_2: autoDraw = True
337.7516 	EXP 	target_square_2: autoDraw = True
338.7353 	EXP 	fixation_3: autoDraw = True
338.7522 	EXP 	target_square_2: autoDraw = False
339.7362 	EXP 	fixation_3: autoDraw = False
339.7388 	EXP 	New trial (rep=0, index=18): {'square': 3, 'location': [0.2, 0.2], 'corrAns': None}
339.7394 	EXP 	window1: mouseVisible = False
339.7526 	EXP 	grid_lines_2: autoDraw = False
339.7526 	EXP 	target_square_2: autoDraw = False
339.7526 	EXP 	fixation_3: autoDraw = False
339.7526 	EXP 	target_square_2: pos = array([0.2, 0.2])
339.7526 	EXP 	grid_lines_2: autoDraw = True
339.7526 	EXP 	target_square_2: autoDraw = True
340.1202 	DATA 	Mouse: Left button down, pos=(641,357)
340.2372 	DATA 	Mouse:  Left button up, pos=(641,357)
340.7360 	EXP 	fixation_3: autoDraw = True
340.7529 	EXP 	target_square_2: autoDraw = False
341.7368 	EXP 	fixation_3: autoDraw = False
341.7395 	EXP 	New trial (rep=0, index=19): {'square': 5, 'location': [0, 0], 'corrAns': None}
341.7400 	EXP 	window1: mouseVisible = False
341.7531 	EXP 	grid_lines_2: autoDraw = False
341.7531 	EXP 	target_square_2: autoDraw = False
341.7531 	EXP 	fixation_3: autoDraw = False
341.7531 	EXP 	target_square_2: pos = array([0., 0.])
341.7531 	EXP 	grid_lines_2: autoDraw = True
341.7531 	EXP 	target_square_2: autoDraw = True
342.1712 	DATA 	Mouse: Left button down, pos=(641,357)
342.2882 	DATA 	Mouse:  Left button up, pos=(641,357)
342.7372 	EXP 	fixation_3: autoDraw = True
342.7538 	EXP 	target_square_2: autoDraw = False
343.7377 	EXP 	fixation_3: autoDraw = False
343.7404 	EXP 	New trial (rep=0, index=20): {'square': 3, 'location': [0.2, 0.2], 'corrAns': 1}
343.7411 	EXP 	window1: mouseVisible = False
343.7547 	EXP 	grid_lines_2: autoDraw = False
343.7547 	EXP 	target_square_2: autoDraw = False
343.7547 	EXP 	fixation_3: autoDraw = False
343.7547 	EXP 	target_square_2: pos = array([0.2, 0.2])
343.7547 	EXP 	grid_lines_2: autoDraw = True
343.7547 	EXP 	target_square_2: autoDraw = True
344.2716 	DATA 	Mouse: Left button down, pos=(641,357)
344.3722 	DATA 	Mouse:  Left button up, pos=(641,357)
344.7384 	EXP 	fixation_3: autoDraw = True
344.7550 	EXP 	target_square_2: autoDraw = False
345.7385 	EXP 	fixation_3: autoDraw = False
345.7411 	EXP 	New trial (rep=0, index=21): {'square': 4, 'location': [-0.2, 0], 'corrAns': None}
345.7417 	EXP 	window1: mouseVisible = False
345.7554 	EXP 	grid_lines_2: autoDraw = False
345.7554 	EXP 	target_square_2: autoDraw = False
345.7554 	EXP 	fixation_3: autoDraw = False
345.7554 	EXP 	target_square_2: pos = array([-0.2,  0. ])
345.7554 	EXP 	grid_lines_2: autoDraw = True
345.7554 	EXP 	target_square_2: autoDraw = True
346.3397 	DATA 	Mouse: Left button down, pos=(641,357)
346.4590 	DATA 	Mouse:  Left button up, pos=(641,357)
346.7392 	EXP 	fixation_3: autoDraw = True
346.7561 	EXP 	target_square_2: autoDraw = False
347.7255 	EXP 	New trial (rep=0, index=22): {'square': 7, 'location': [-0.2, -0.2], 'corrAns': None}
347.7261 	EXP 	window1: mouseVisible = False
347.7397 	EXP 	grid_lines_2: autoDraw = False
347.7397 	EXP 	target_square_2: autoDraw = False
347.7397 	EXP 	fixation_3: autoDraw = False
347.7397 	EXP 	target_square_2: pos = array([-0.2, -0.2])
347.7397 	EXP 	grid_lines_2: autoDraw = True
347.7397 	EXP 	target_square_2: autoDraw = True
348.5576 	DATA 	Mouse: Left button down, pos=(641,357)
348.6436 	DATA 	Mouse:  Left button up, pos=(641,357)
348.7235 	EXP 	fixation_3: autoDraw = True
348.7400 	EXP 	target_square_2: autoDraw = False
349.7240 	EXP 	fixation_3: autoDraw = False
349.7266 	EXP 	New trial (rep=0, index=23): {'square': 4, 'location': [-0.2, 0], 'corrAns': 1}
349.7272 	EXP 	window1: mouseVisible = False
349.7406 	EXP 	grid_lines_2: autoDraw = False
349.7406 	EXP 	target_square_2: autoDraw = False
349.7406 	EXP 	fixation_3: autoDraw = False
349.7406 	EXP 	target_square_2: pos = array([-0.2,  0. ])
349.7406 	EXP 	grid_lines_2: autoDraw = True
349.7406 	EXP 	target_square_2: autoDraw = True
350.3416 	DATA 	Mouse: Left button down, pos=(641,357)
350.4750 	DATA 	Mouse:  Left button up, pos=(641,357)
350.7242 	EXP 	fixation_3: autoDraw = True
350.7411 	EXP 	target_square_2: autoDraw = False
351.7248 	EXP 	fixation_3: autoDraw = False
351.7274 	EXP 	New trial (rep=0, index=24): {'square': 4, 'location': [-0.2, 0], 'corrAns': None}
351.7280 	EXP 	window1: mouseVisible = False
351.7414 	EXP 	grid_lines_2: autoDraw = False
351.7414 	EXP 	target_square_2: autoDraw = False
351.7414 	EXP 	fixation_3: autoDraw = False
351.7414 	EXP 	target_square_2: pos = array([-0.2,  0. ])
351.7414 	EXP 	grid_lines_2: autoDraw = True
351.7414 	EXP 	target_square_2: autoDraw = True
352.7254 	EXP 	fixation_3: autoDraw = True
352.7419 	EXP 	target_square_2: autoDraw = False
353.2976 	DATA 	Mouse: Left button down, pos=(641,357)
353.4429 	DATA 	Mouse:  Left button up, pos=(641,357)
353.7258 	EXP 	fixation_3: autoDraw = False
353.7285 	EXP 	New trial (rep=0, index=25): {'square': 5, 'location': [0, 0], 'corrAns': None}
353.7290 	EXP 	window1: mouseVisible = False
353.7425 	EXP 	grid_lines_2: autoDraw = False
353.7425 	EXP 	target_square_2: autoDraw = False
353.7425 	EXP 	fixation_3: autoDraw = False
353.7425 	EXP 	target_square_2: pos = array([0., 0.])
353.7425 	EXP 	grid_lines_2: autoDraw = True
353.7425 	EXP 	target_square_2: autoDraw = True
354.7264 	EXP 	fixation_3: autoDraw = True
354.7428 	EXP 	target_square_2: autoDraw = False
355.7275 	EXP 	fixation_3: autoDraw = False
355.7301 	EXP 	New trial (rep=0, index=26): {'square': 2, 'location': [0, 0.2], 'corrAns': None}
355.7307 	EXP 	window1: mouseVisible = False
355.7434 	EXP 	grid_lines_2: autoDraw = False
355.7434 	EXP 	target_square_2: autoDraw = False
355.7434 	EXP 	fixation_3: autoDraw = False
355.7434 	EXP 	target_square_2: pos = array([0. , 0.2])
355.7434 	EXP 	grid_lines_2: autoDraw = True
355.7434 	EXP 	target_square_2: autoDraw = True
355.9610 	DATA 	Mouse: Left button down, pos=(641,357)
356.0940 	DATA 	Mouse:  Left button up, pos=(641,357)
356.7270 	EXP 	fixation_3: autoDraw = True
356.7439 	EXP 	target_square_2: autoDraw = False
357.7275 	EXP 	fixation_3: autoDraw = False
357.7303 	EXP 	New trial (rep=0, index=27): {'square': 6, 'location': [0.2, 0], 'corrAns': None}
357.7310 	EXP 	window1: mouseVisible = False
357.7445 	EXP 	grid_lines_2: autoDraw = False
357.7445 	EXP 	target_square_2: autoDraw = False
357.7445 	EXP 	fixation_3: autoDraw = False
357.7445 	EXP 	target_square_2: pos = array([0.2, 0. ])
357.7445 	EXP 	grid_lines_2: autoDraw = True
357.7445 	EXP 	target_square_2: autoDraw = True
358.1120 	DATA 	Mouse: Left button down, pos=(641,357)
358.2451 	DATA 	Mouse:  Left button up, pos=(641,357)
358.7281 	EXP 	fixation_3: autoDraw = True
358.7452 	EXP 	target_square_2: autoDraw = False
359.7288 	EXP 	fixation_3: autoDraw = False
359.7314 	EXP 	New trial (rep=0, index=28): {'square': 7, 'location': [-0.2, -0.2], 'corrAns': None}
359.7320 	EXP 	window1: mouseVisible = False
359.7455 	EXP 	grid_lines_2: autoDraw = False
359.7455 	EXP 	target_square_2: autoDraw = False
359.7455 	EXP 	fixation_3: autoDraw = False
359.7455 	EXP 	target_square_2: pos = array([-0.2, -0.2])
359.7455 	EXP 	grid_lines_2: autoDraw = True
359.7455 	EXP 	target_square_2: autoDraw = True
360.2325 	DATA 	Mouse: Left button down, pos=(641,357)
360.3663 	DATA 	Mouse:  Left button up, pos=(641,357)
360.7292 	EXP 	fixation_3: autoDraw = True
360.7456 	EXP 	target_square_2: autoDraw = False
361.7290 	EXP 	fixation_3: autoDraw = False
361.7316 	EXP 	New trial (rep=0, index=29): {'square': 6, 'location': [0.2, 0], 'corrAns': 1}
361.7322 	EXP 	window1: mouseVisible = False
361.7462 	EXP 	grid_lines_2: autoDraw = False
361.7462 	EXP 	target_square_2: autoDraw = False
361.7462 	EXP 	fixation_3: autoDraw = False
361.7462 	EXP 	target_square_2: pos = array([0.2, 0. ])
361.7462 	EXP 	grid_lines_2: autoDraw = True
361.7462 	EXP 	target_square_2: autoDraw = True
362.4304 	DATA 	Mouse: Left button down, pos=(641,357)
362.5977 	DATA 	Mouse:  Left button up, pos=(641,357)
362.7302 	EXP 	fixation_3: autoDraw = True
362.7469 	EXP 	target_square_2: autoDraw = False
363.7306 	EXP 	fixation_3: autoDraw = False
363.7344 	EXP 	New trial (rep=0, index=30): {'square': 6, 'location': [0.2, 0], 'corrAns': None}
363.7350 	EXP 	window1: mouseVisible = False
363.7468 	EXP 	grid_lines_2: autoDraw = False
363.7468 	EXP 	target_square_2: autoDraw = False
363.7468 	EXP 	fixation_3: autoDraw = False
363.7468 	EXP 	target_square_2: pos = array([0.2, 0. ])
363.7468 	EXP 	grid_lines_2: autoDraw = True
363.7468 	EXP 	target_square_2: autoDraw = True
364.7308 	EXP 	fixation_3: autoDraw = True
364.7485 	EXP 	target_square_2: autoDraw = False
365.6983 	DATA 	Mouse: Left button down, pos=(641,357)
365.7316 	EXP 	fixation_3: autoDraw = False
365.7344 	EXP 	New trial (rep=0, index=31): {'square': 7, 'location': [-0.2, -0.2], 'corrAns': None}
365.7350 	EXP 	window1: mouseVisible = False
365.7477 	EXP 	grid_lines_2: autoDraw = False
365.7477 	EXP 	target_square_2: autoDraw = False
365.7477 	EXP 	fixation_3: autoDraw = False
365.7477 	EXP 	target_square_2: pos = array([-0.2, -0.2])
365.7477 	EXP 	grid_lines_2: autoDraw = True
365.7477 	EXP 	target_square_2: autoDraw = True
365.8488 	DATA 	Mouse:  Left button up, pos=(641,357)
366.7319 	EXP 	fixation_3: autoDraw = True
366.7487 	EXP 	target_square_2: autoDraw = False
367.7329 	EXP 	fixation_3: autoDraw = False
367.7355 	EXP 	New trial (rep=0, index=32): {'square': 6, 'location': [0.2, 0], 'corrAns': 1}
367.7361 	EXP 	window1: mouseVisible = False
367.7498 	EXP 	grid_lines_2: autoDraw = False
367.7498 	EXP 	target_square_2: autoDraw = False
367.7498 	EXP 	fixation_3: autoDraw = False
367.7498 	EXP 	target_square_2: pos = array([0.2, 0. ])
367.7498 	EXP 	grid_lines_2: autoDraw = True
367.7498 	EXP 	target_square_2: autoDraw = True
368.0831 	DATA 	Mouse: Left button down, pos=(641,357)
368.1999 	DATA 	Mouse:  Left button up, pos=(641,357)
368.7327 	EXP 	fixation_3: autoDraw = True
368.7493 	EXP 	target_square_2: autoDraw = False
369.7333 	EXP 	fixation_3: autoDraw = False
369.7359 	EXP 	New trial (rep=0, index=33): {'square': 2, 'location': [0, 0.2], 'corrAns': None}
369.7365 	EXP 	window1: mouseVisible = False
369.7496 	EXP 	grid_lines_2: autoDraw = False
369.7496 	EXP 	target_square_2: autoDraw = False
369.7496 	EXP 	fixation_3: autoDraw = False
369.7496 	EXP 	target_square_2: pos = array([0. , 0.2])
369.7496 	EXP 	grid_lines_2: autoDraw = True
369.7496 	EXP 	target_square_2: autoDraw = True
370.4841 	DATA 	Mouse: Left button down, pos=(641,357)
370.6008 	DATA 	Mouse:  Left button up, pos=(641,357)
370.7337 	EXP 	fixation_3: autoDraw = True
370.7503 	EXP 	target_square_2: autoDraw = False
371.7341 	EXP 	fixation_3: autoDraw = False
371.7367 	EXP 	New trial (rep=0, index=34): {'square': 5, 'location': [0, 0], 'corrAns': None}
371.7373 	EXP 	window1: mouseVisible = False
371.7510 	EXP 	grid_lines_2: autoDraw = False
371.7510 	EXP 	target_square_2: autoDraw = False
371.7510 	EXP 	fixation_3: autoDraw = False
371.7510 	EXP 	target_square_2: pos = array([0., 0.])
371.7510 	EXP 	grid_lines_2: autoDraw = True
371.7510 	EXP 	target_square_2: autoDraw = True
372.7347 	EXP 	fixation_3: autoDraw = True
372.7513 	EXP 	target_square_2: autoDraw = False
372.9191 	DATA 	Mouse: Left button down, pos=(641,357)
373.0688 	DATA 	Mouse:  Left button up, pos=(641,357)
373.7353 	EXP 	fixation_3: autoDraw = False
373.7380 	EXP 	New trial (rep=0, index=35): {'square': 4, 'location': [-0.2, 0], 'corrAns': None}
373.7386 	EXP 	window1: mouseVisible = False
373.7517 	EXP 	grid_lines_2: autoDraw = False
373.7517 	EXP 	target_square_2: autoDraw = False
373.7517 	EXP 	fixation_3: autoDraw = False
373.7517 	EXP 	target_square_2: pos = array([-0.2,  0. ])
373.7517 	EXP 	grid_lines_2: autoDraw = True
373.7517 	EXP 	target_square_2: autoDraw = True
374.7355 	EXP 	fixation_3: autoDraw = True
374.7522 	EXP 	target_square_2: autoDraw = False
374.9196 	DATA 	Mouse: Left button down, pos=(641,357)
375.0699 	DATA 	Mouse:  Left button up, pos=(641,357)
375.7363 	EXP 	fixation_3: autoDraw = False
375.7389 	EXP 	New trial (rep=0, index=36): {'square': 4, 'location': [-0.2, 0], 'corrAns': None}
375.7396 	EXP 	window1: mouseVisible = False
375.7527 	EXP 	grid_lines_2: autoDraw = False
375.7527 	EXP 	target_square_2: autoDraw = False
375.7527 	EXP 	fixation_3: autoDraw = False
375.7527 	EXP 	target_square_2: pos = array([-0.2,  0. ])
375.7527 	EXP 	grid_lines_2: autoDraw = True
375.7527 	EXP 	target_square_2: autoDraw = True
376.7367 	EXP 	fixation_3: autoDraw = True
376.7533 	EXP 	target_square_2: autoDraw = False
377.7371 	EXP 	fixation_3: autoDraw = False
377.7397 	EXP 	New trial (rep=0, index=37): {'square': 7, 'location': [-0.2, -0.2], 'corrAns': None}
377.7403 	EXP 	window1: mouseVisible = False
377.7538 	EXP 	grid_lines_2: autoDraw = False
377.7538 	EXP 	target_square_2: autoDraw = False
377.7538 	EXP 	fixation_3: autoDraw = False
377.7538 	EXP 	target_square_2: pos = array([-0.2, -0.2])
377.7538 	EXP 	grid_lines_2: autoDraw = True
377.7538 	EXP 	target_square_2: autoDraw = True
377.8377 	DATA 	Mouse: Left button down, pos=(641,357)
378.0379 	DATA 	Mouse:  Left button up, pos=(641,357)
378.7371 	EXP 	fixation_3: autoDraw = True
378.7541 	EXP 	target_square_2: autoDraw = False
379.7379 	EXP 	fixation_3: autoDraw = False
379.7407 	EXP 	New trial (rep=0, index=38): {'square': 4, 'location': [-0.2, 0], 'corrAns': 1}
379.7413 	EXP 	window1: mouseVisible = False
379.7548 	EXP 	grid_lines_2: autoDraw = False
379.7548 	EXP 	target_square_2: autoDraw = False
379.7548 	EXP 	fixation_3: autoDraw = False
379.7548 	EXP 	target_square_2: pos = array([-0.2,  0. ])
379.7548 	EXP 	grid_lines_2: autoDraw = True
379.7548 	EXP 	target_square_2: autoDraw = True
380.1588 	DATA 	Mouse: Left button down, pos=(641,357)
380.3224 	DATA 	Mouse:  Left button up, pos=(641,357)
380.7384 	EXP 	fixation_3: autoDraw = True
380.7554 	EXP 	target_square_2: autoDraw = False
381.7248 	EXP 	New trial (rep=0, index=39): {'square': 3, 'location': [0.2, 0.2], 'corrAns': None}
381.7254 	EXP 	window1: mouseVisible = False
381.7384 	EXP 	grid_lines_2: autoDraw = False
381.7384 	EXP 	target_square_2: autoDraw = False
381.7384 	EXP 	fixation_3: autoDraw = False
381.7384 	EXP 	target_square_2: pos = array([0.2, 0.2])
381.7384 	EXP 	grid_lines_2: autoDraw = True
381.7384 	EXP 	target_square_2: autoDraw = True
382.5740 	DATA 	Mouse: Left button down, pos=(641,357)
382.7228 	EXP 	fixation_3: autoDraw = True
382.7234 	DATA 	Mouse:  Left button up, pos=(641,357)
382.7393 	EXP 	target_square_2: autoDraw = False
383.7236 	EXP 	fixation_3: autoDraw = False
383.7265 	EXP 	New trial (rep=0, index=40): {'square': 5, 'location': [0, 0], 'corrAns': None}
383.7271 	EXP 	window1: mouseVisible = False
383.7399 	EXP 	grid_lines_2: autoDraw = False
383.7399 	EXP 	target_square_2: autoDraw = False
383.7399 	EXP 	fixation_3: autoDraw = False
383.7399 	EXP 	target_square_2: pos = array([0., 0.])
383.7399 	EXP 	grid_lines_2: autoDraw = True
383.7399 	EXP 	target_square_2: autoDraw = True
384.3244 	DATA 	Mouse: Left button down, pos=(641,357)
384.4909 	DATA 	Mouse:  Left button up, pos=(641,357)
384.7238 	EXP 	fixation_3: autoDraw = True
384.7402 	EXP 	target_square_2: autoDraw = False
385.7239 	EXP 	fixation_3: autoDraw = False
385.7266 	EXP 	New trial (rep=0, index=41): {'square': 3, 'location': [0.2, 0.2], 'corrAns': 1}
385.7272 	EXP 	window1: mouseVisible = False
385.7407 	EXP 	grid_lines_2: autoDraw = False
385.7407 	EXP 	target_square_2: autoDraw = False
385.7407 	EXP 	fixation_3: autoDraw = False
385.7407 	EXP 	target_square_2: pos = array([0.2, 0.2])
385.7407 	EXP 	grid_lines_2: autoDraw = True
385.7407 	EXP 	target_square_2: autoDraw = True
386.2084 	DATA 	Mouse: Left button down, pos=(641,357)
386.3753 	DATA 	Mouse:  Left button up, pos=(641,357)
386.7242 	EXP 	fixation_3: autoDraw = True
386.7412 	EXP 	target_square_2: autoDraw = False
387.7251 	EXP 	fixation_3: autoDraw = False
387.7277 	EXP 	New trial (rep=0, index=42): {'square': 1, 'location': [-0.2, 0.2], 'corrAns': None}
387.7283 	EXP 	window1: mouseVisible = False
387.7413 	EXP 	grid_lines_2: autoDraw = False
387.7413 	EXP 	target_square_2: autoDraw = False
387.7413 	EXP 	fixation_3: autoDraw = False
387.7413 	EXP 	target_square_2: pos = array([-0.2,  0.2])
387.7413 	EXP 	grid_lines_2: autoDraw = True
387.7413 	EXP 	target_square_2: autoDraw = True
387.9089 	DATA 	Mouse: Left button down, pos=(641,357)
388.0758 	DATA 	Mouse:  Left button up, pos=(641,357)
388.7255 	EXP 	fixation_3: autoDraw = True
388.7421 	EXP 	target_square_2: autoDraw = False
389.7261 	EXP 	fixation_3: autoDraw = False
389.7287 	EXP 	New trial (rep=0, index=43): {'square': 9, 'location': [0.2, -0.2], 'corrAns': None}
389.7293 	EXP 	window1: mouseVisible = False
389.7427 	EXP 	grid_lines_2: autoDraw = False
389.7427 	EXP 	target_square_2: autoDraw = False
389.7427 	EXP 	fixation_3: autoDraw = False
389.7427 	EXP 	target_square_2: pos = array([ 0.2, -0.2])
389.7427 	EXP 	grid_lines_2: autoDraw = True
389.7427 	EXP 	target_square_2: autoDraw = True
390.4449 	DATA 	Mouse: Left button down, pos=(641,357)
390.6105 	DATA 	Mouse:  Left button up, pos=(641,357)
390.7266 	EXP 	fixation_3: autoDraw = True
390.7433 	EXP 	target_square_2: autoDraw = False
391.7268 	EXP 	fixation_3: autoDraw = False
391.7298 	EXP 	New trial (rep=0, index=44): {'square': 9, 'location': [0.2, -0.2], 'corrAns': None}
391.7304 	EXP 	window1: mouseVisible = False
391.7437 	EXP 	grid_lines_2: autoDraw = False
391.7437 	EXP 	target_square_2: autoDraw = False
391.7437 	EXP 	fixation_3: autoDraw = False
391.7437 	EXP 	target_square_2: pos = array([ 0.2, -0.2])
391.7437 	EXP 	grid_lines_2: autoDraw = True
391.7437 	EXP 	target_square_2: autoDraw = True
392.7273 	EXP 	fixation_3: autoDraw = True
392.7441 	EXP 	target_square_2: autoDraw = False
393.7279 	EXP 	fixation_3: autoDraw = False
393.7305 	EXP 	New trial (rep=0, index=45): {'square': 8, 'location': [0, -0.2], 'corrAns': None}
393.7314 	EXP 	window1: mouseVisible = False
393.7448 	EXP 	grid_lines_2: autoDraw = False
393.7448 	EXP 	target_square_2: autoDraw = False
393.7448 	EXP 	fixation_3: autoDraw = False
393.7448 	EXP 	target_square_2: pos = array([ 0. , -0.2])
393.7448 	EXP 	grid_lines_2: autoDraw = True
393.7448 	EXP 	target_square_2: autoDraw = True
394.4957 	DATA 	Mouse: Left button down, pos=(638,357)
394.6118 	DATA 	Mouse:  Left button up, pos=(638,357)
394.7283 	EXP 	fixation_3: autoDraw = True
394.7451 	EXP 	target_square_2: autoDraw = False
395.7283 	EXP 	fixation_3: autoDraw = False
395.7309 	EXP 	New trial (rep=0, index=46): {'square': 6, 'location': [0.2, 0], 'corrAns': None}
395.7315 	EXP 	window1: mouseVisible = False
395.7456 	EXP 	grid_lines_2: autoDraw = False
395.7456 	EXP 	target_square_2: autoDraw = False
395.7456 	EXP 	fixation_3: autoDraw = False
395.7456 	EXP 	target_square_2: pos = array([0.2, 0. ])
395.7456 	EXP 	grid_lines_2: autoDraw = True
395.7456 	EXP 	target_square_2: autoDraw = True
396.7293 	EXP 	fixation_3: autoDraw = True
396.7455 	EXP 	target_square_2: autoDraw = False
397.7293 	EXP 	fixation_3: autoDraw = False
397.7319 	EXP 	New trial (rep=0, index=47): {'square': 3, 'location': [0.2, 0.2], 'corrAns': None}
397.7325 	EXP 	window1: mouseVisible = False
397.7463 	EXP 	grid_lines_2: autoDraw = False
397.7463 	EXP 	target_square_2: autoDraw = False
397.7463 	EXP 	fixation_3: autoDraw = False
397.7463 	EXP 	target_square_2: pos = array([0.2, 0.2])
397.7463 	EXP 	grid_lines_2: autoDraw = True
397.7463 	EXP 	target_square_2: autoDraw = True
398.3149 	DATA 	Mouse: Left button down, pos=(638,357)
398.4975 	DATA 	Mouse:  Left button up, pos=(638,357)
398.7303 	EXP 	fixation_3: autoDraw = True
398.7467 	EXP 	target_square_2: autoDraw = False
399.7306 	EXP 	fixation_3: autoDraw = False
399.7333 	EXP 	New trial (rep=0, index=48): {'square': 6, 'location': [0.2, 0], 'corrAns': 1}
399.7339 	EXP 	window1: mouseVisible = False
399.7472 	EXP 	grid_lines_2: autoDraw = False
399.7472 	EXP 	target_square_2: autoDraw = False
399.7472 	EXP 	fixation_3: autoDraw = False
399.7472 	EXP 	target_square_2: pos = array([0.2, 0. ])
399.7472 	EXP 	grid_lines_2: autoDraw = True
399.7472 	EXP 	target_square_2: autoDraw = True
400.7311 	EXP 	fixation_3: autoDraw = True
400.7487 	EXP 	target_square_2: autoDraw = False
401.4163 	DATA 	Mouse: Left button down, pos=(638,357)
401.5989 	DATA 	Mouse:  Left button up, pos=(638,357)
401.7316 	EXP 	fixation_3: autoDraw = False
401.7342 	EXP 	New trial (rep=0, index=49): {'square': 5, 'location': [0, 0], 'corrAns': None}
401.7347 	EXP 	window1: mouseVisible = False
401.7484 	EXP 	grid_lines_2: autoDraw = False
401.7484 	EXP 	target_square_2: autoDraw = False
401.7484 	EXP 	fixation_3: autoDraw = False
401.7484 	EXP 	target_square_2: pos = array([0., 0.])
401.7484 	EXP 	grid_lines_2: autoDraw = True
401.7484 	EXP 	target_square_2: autoDraw = True
402.7320 	EXP 	fixation_3: autoDraw = True
402.7488 	EXP 	target_square_2: autoDraw = False
403.7320 	EXP 	fixation_3: autoDraw = False
403.7346 	EXP 	New trial (rep=0, index=50): {'square': 7, 'location': [-0.2, -0.2], 'corrAns': None}
403.7353 	EXP 	window1: mouseVisible = False
403.7491 	EXP 	grid_lines_2: autoDraw = False
403.7491 	EXP 	target_square_2: autoDraw = False
403.7491 	EXP 	fixation_3: autoDraw = False
403.7491 	EXP 	target_square_2: pos = array([-0.2, -0.2])
403.7491 	EXP 	grid_lines_2: autoDraw = True
403.7491 	EXP 	target_square_2: autoDraw = True
404.7175 	DATA 	Mouse: Left button down, pos=(638,357)
404.7328 	EXP 	fixation_3: autoDraw = True
404.7497 	EXP 	target_square_2: autoDraw = False
404.8839 	DATA 	Mouse:  Left button up, pos=(638,357)
405.7335 	EXP 	fixation_3: autoDraw = False
405.7361 	EXP 	New trial (rep=0, index=51): {'square': 5, 'location': [0, 0], 'corrAns': 1}
405.7366 	EXP 	window1: mouseVisible = False
405.7500 	EXP 	grid_lines_2: autoDraw = False
405.7500 	EXP 	target_square_2: autoDraw = False
405.7500 	EXP 	fixation_3: autoDraw = False
405.7500 	EXP 	target_square_2: pos = array([0., 0.])
405.7500 	EXP 	grid_lines_2: autoDraw = True
405.7500 	EXP 	target_square_2: autoDraw = True
406.7337 	EXP 	fixation_3: autoDraw = True
406.7506 	EXP 	target_square_2: autoDraw = False
407.7347 	EXP 	fixation_3: autoDraw = False
407.7373 	EXP 	New trial (rep=0, index=52): {'square': 1, 'location': [-0.2, 0.2], 'corrAns': None}
407.7379 	EXP 	window1: mouseVisible = False
407.7512 	EXP 	grid_lines_2: autoDraw = False
407.7512 	EXP 	target_square_2: autoDraw = False
407.7512 	EXP 	fixation_3: autoDraw = False
407.7512 	EXP 	target_square_2: pos = array([-0.2,  0.2])
407.7512 	EXP 	grid_lines_2: autoDraw = True
407.7512 	EXP 	target_square_2: autoDraw = True
408.7352 	EXP 	fixation_3: autoDraw = True
408.7513 	EXP 	target_square_2: autoDraw = False
408.9187 	DATA 	Mouse: Left button down, pos=(638,357)
409.0857 	DATA 	Mouse:  Left button up, pos=(638,357)
409.7350 	EXP 	fixation_3: autoDraw = False
409.7376 	EXP 	New trial (rep=0, index=53): {'square': 7, 'location': [-0.2, -0.2], 'corrAns': None}
409.7382 	EXP 	window1: mouseVisible = False
409.7520 	EXP 	grid_lines_2: autoDraw = False
409.7520 	EXP 	target_square_2: autoDraw = False
409.7520 	EXP 	fixation_3: autoDraw = False
409.7520 	EXP 	target_square_2: pos = array([-0.2, -0.2])
409.7520 	EXP 	grid_lines_2: autoDraw = True
409.7520 	EXP 	target_square_2: autoDraw = True
410.7359 	EXP 	fixation_3: autoDraw = True
410.7520 	EXP 	target_square_2: autoDraw = False
411.4203 	DATA 	Mouse: Left button down, pos=(638,357)
411.5574 	DATA 	Mouse:  Left button up, pos=(638,357)
411.7364 	EXP 	fixation_3: autoDraw = False
411.7390 	EXP 	New trial (rep=0, index=54): {'square': 9, 'location': [0.2, -0.2], 'corrAns': None}
411.7396 	EXP 	window1: mouseVisible = False
411.7531 	EXP 	grid_lines_2: autoDraw = False
411.7531 	EXP 	target_square_2: autoDraw = False
411.7531 	EXP 	fixation_3: autoDraw = False
411.7531 	EXP 	target_square_2: pos = array([ 0.2, -0.2])
411.7531 	EXP 	grid_lines_2: autoDraw = True
411.7531 	EXP 	target_square_2: autoDraw = True
412.7368 	EXP 	fixation_3: autoDraw = True
412.7540 	EXP 	target_square_2: autoDraw = False
413.7373 	EXP 	fixation_3: autoDraw = False
413.7399 	EXP 	New trial (rep=0, index=55): {'square': 3, 'location': [0.2, 0.2], 'corrAns': None}
413.7406 	EXP 	window1: mouseVisible = False
413.7540 	EXP 	grid_lines_2: autoDraw = False
413.7540 	EXP 	target_square_2: autoDraw = False
413.7540 	EXP 	fixation_3: autoDraw = False
413.7540 	EXP 	target_square_2: pos = array([0.2, 0.2])
413.7540 	EXP 	grid_lines_2: autoDraw = True
413.7540 	EXP 	target_square_2: autoDraw = True
414.1213 	DATA 	Mouse: Left button down, pos=(638,357)
414.2878 	DATA 	Mouse:  Left button up, pos=(638,357)
414.7373 	EXP 	fixation_3: autoDraw = True
414.7543 	EXP 	target_square_2: autoDraw = False
415.7383 	EXP 	fixation_3: autoDraw = False
415.7409 	EXP 	New trial (rep=0, index=56): {'square': 9, 'location': [0.2, -0.2], 'corrAns': 1}
415.7415 	EXP 	window1: mouseVisible = False
415.7551 	EXP 	grid_lines_2: autoDraw = False
415.7551 	EXP 	target_square_2: autoDraw = False
415.7551 	EXP 	fixation_3: autoDraw = False
415.7551 	EXP 	target_square_2: pos = array([ 0.2, -0.2])
415.7551 	EXP 	grid_lines_2: autoDraw = True
415.7551 	EXP 	target_square_2: autoDraw = True
416.7385 	EXP 	fixation_3: autoDraw = True
416.7554 	EXP 	target_square_2: autoDraw = False
417.7251 	EXP 	New trial (rep=0, index=57): {'square': 6, 'location': [0.2, 0], 'corrAns': None}
417.7258 	EXP 	window1: mouseVisible = False
417.7390 	EXP 	grid_lines_2: autoDraw = False
417.7390 	EXP 	target_square_2: autoDraw = False
417.7390 	EXP 	fixation_3: autoDraw = False
417.7390 	EXP 	target_square_2: pos = array([0.2, 0. ])
417.7390 	EXP 	grid_lines_2: autoDraw = True
417.7390 	EXP 	target_square_2: autoDraw = True
418.6737 	DATA 	Mouse: Left button down, pos=(638,357)
418.7228 	EXP 	fixation_3: autoDraw = True
418.7399 	EXP 	target_square_2: autoDraw = False
418.8737 	DATA 	Mouse:  Left button up, pos=(638,357)
419.7232 	EXP 	fixation_3: autoDraw = False
419.7258 	EXP 	New trial (rep=0, index=58): {'square': 2, 'location': [0, 0.2], 'corrAns': None}
419.7264 	EXP 	window1: mouseVisible = False
419.7401 	EXP 	grid_lines_2: autoDraw = False
419.7401 	EXP 	target_square_2: autoDraw = False
419.7401 	EXP 	fixation_3: autoDraw = False
419.7401 	EXP 	target_square_2: pos = array([0. , 0.2])
419.7401 	EXP 	grid_lines_2: autoDraw = True
419.7401 	EXP 	target_square_2: autoDraw = True
420.7237 	EXP 	fixation_3: autoDraw = True
420.7402 	EXP 	target_square_2: autoDraw = False
421.2249 	DATA 	Mouse: Left button down, pos=(638,357)
421.3922 	DATA 	Mouse:  Left button up, pos=(638,357)
421.7246 	EXP 	fixation_3: autoDraw = False
421.7272 	EXP 	New trial (rep=0, index=59): {'square': 5, 'location': [0, 0], 'corrAns': None}
421.7277 	EXP 	window1: mouseVisible = False
421.7410 	EXP 	grid_lines_2: autoDraw = False
421.7410 	EXP 	target_square_2: autoDraw = False
421.7410 	EXP 	fixation_3: autoDraw = False
421.7410 	EXP 	target_square_2: pos = array([0., 0.])
421.7410 	EXP 	grid_lines_2: autoDraw = True
421.7410 	EXP 	target_square_2: autoDraw = True
422.7245 	EXP 	fixation_3: autoDraw = True
422.7415 	EXP 	target_square_2: autoDraw = False
423.7253 	EXP 	fixation_3: autoDraw = False
423.7279 	EXP 	New trial (rep=0, index=60): {'square': 5, 'location': [0, 0], 'corrAns': None}
423.7285 	EXP 	window1: mouseVisible = False
423.7420 	EXP 	grid_lines_2: autoDraw = False
423.7420 	EXP 	target_square_2: autoDraw = False
423.7420 	EXP 	fixation_3: autoDraw = False
423.7420 	EXP 	target_square_2: pos = array([0., 0.])
423.7420 	EXP 	grid_lines_2: autoDraw = True
423.7420 	EXP 	target_square_2: autoDraw = True
424.3436 	DATA 	Mouse: Left button down, pos=(638,357)
424.5265 	DATA 	Mouse:  Left button up, pos=(638,357)
424.7257 	EXP 	fixation_3: autoDraw = True
424.7424 	EXP 	target_square_2: autoDraw = False
425.7263 	EXP 	fixation_3: autoDraw = False
425.7289 	EXP 	New trial (rep=0, index=61): {'square': 2, 'location': [0, 0.2], 'corrAns': None}
425.7295 	EXP 	window1: mouseVisible = False
425.7428 	EXP 	grid_lines_2: autoDraw = False
425.7428 	EXP 	target_square_2: autoDraw = False
425.7428 	EXP 	fixation_3: autoDraw = False
425.7428 	EXP 	target_square_2: pos = array([0. , 0.2])
425.7428 	EXP 	grid_lines_2: autoDraw = True
425.7428 	EXP 	target_square_2: autoDraw = True
426.7266 	EXP 	fixation_3: autoDraw = True
426.7437 	EXP 	target_square_2: autoDraw = False
427.7272 	EXP 	fixation_3: autoDraw = False
427.7298 	EXP 	New trial (rep=0, index=62): {'square': 6, 'location': [0.2, 0], 'corrAns': None}
427.7304 	EXP 	window1: mouseVisible = False
427.7437 	EXP 	grid_lines_2: autoDraw = False
427.7437 	EXP 	target_square_2: autoDraw = False
427.7437 	EXP 	fixation_3: autoDraw = False
427.7437 	EXP 	target_square_2: pos = array([0.2, 0. ])
427.7437 	EXP 	grid_lines_2: autoDraw = True
427.7437 	EXP 	target_square_2: autoDraw = True
427.8280 	DATA 	Mouse: Left button down, pos=(602,342)
427.9947 	DATA 	Mouse:  Left button up, pos=(602,342)
428.7275 	EXP 	fixation_3: autoDraw = True
428.7450 	EXP 	target_square_2: autoDraw = False
429.7282 	EXP 	fixation_3: autoDraw = False
429.7307 	EXP 	New trial (rep=0, index=63): {'square': 9, 'location': [0.2, -0.2], 'corrAns': None}
429.7313 	EXP 	window1: mouseVisible = False
429.7447 	EXP 	grid_lines_2: autoDraw = False
429.7447 	EXP 	target_square_2: autoDraw = False
429.7447 	EXP 	fixation_3: autoDraw = False
429.7447 	EXP 	target_square_2: pos = array([ 0.2, -0.2])
429.7447 	EXP 	grid_lines_2: autoDraw = True
429.7447 	EXP 	target_square_2: autoDraw = True
430.4624 	DATA 	Mouse: Left button down, pos=(602,342)
430.6320 	DATA 	Mouse:  Left button up, pos=(602,342)
430.7284 	EXP 	fixation_3: autoDraw = True
430.7452 	EXP 	target_square_2: autoDraw = False
431.7289 	EXP 	fixation_3: autoDraw = False
431.7315 	EXP 	New trial (rep=0, index=64): {'square': 3, 'location': [0.2, 0.2], 'corrAns': None}
431.7321 	EXP 	window1: mouseVisible = False
431.7458 	EXP 	grid_lines_2: autoDraw = False
431.7458 	EXP 	target_square_2: autoDraw = False
431.7458 	EXP 	fixation_3: autoDraw = False
431.7458 	EXP 	target_square_2: pos = array([0.2, 0.2])
431.7458 	EXP 	grid_lines_2: autoDraw = True
431.7458 	EXP 	target_square_2: autoDraw = True
432.7295 	EXP 	fixation_3: autoDraw = True
432.7456 	EXP 	target_square_2: autoDraw = False
433.6351 	DATA 	Mouse: Left button down, pos=(602,342)
433.7299 	EXP 	fixation_3: autoDraw = False
433.7326 	EXP 	New trial (rep=0, index=65): {'square': 9, 'location': [0.2, -0.2], 'corrAns': 1}
433.7333 	EXP 	window1: mouseVisible = False
433.7466 	EXP 	grid_lines_2: autoDraw = False
433.7466 	EXP 	target_square_2: autoDraw = False
433.7466 	EXP 	fixation_3: autoDraw = False
433.7466 	EXP 	target_square_2: pos = array([ 0.2, -0.2])
433.7466 	EXP 	grid_lines_2: autoDraw = True
433.7466 	EXP 	target_square_2: autoDraw = True
433.8138 	DATA 	Mouse:  Left button up, pos=(602,342)
434.7301 	EXP 	fixation_3: autoDraw = True
434.7470 	EXP 	target_square_2: autoDraw = False
435.7318 	EXP 	fixation_3: autoDraw = False
435.7344 	EXP 	New trial (rep=0, index=66): {'square': 7, 'location': [-0.2, -0.2], 'corrAns': None}
435.7350 	EXP 	window1: mouseVisible = False
435.7475 	EXP 	grid_lines_2: autoDraw = False
435.7475 	EXP 	target_square_2: autoDraw = False
435.7475 	EXP 	fixation_3: autoDraw = False
435.7475 	EXP 	target_square_2: pos = array([-0.2, -0.2])
435.7475 	EXP 	grid_lines_2: autoDraw = True
435.7475 	EXP 	target_square_2: autoDraw = True
436.7315 	EXP 	fixation_3: autoDraw = True
436.7481 	EXP 	target_square_2: autoDraw = False
437.7317 	EXP 	fixation_3: autoDraw = False
437.7343 	EXP 	New trial (rep=0, index=67): {'square': 1, 'location': [-0.2, 0.2], 'corrAns': None}
437.7349 	EXP 	window1: mouseVisible = False
437.7486 	EXP 	grid_lines_2: autoDraw = False
437.7486 	EXP 	target_square_2: autoDraw = False
437.7486 	EXP 	fixation_3: autoDraw = False
437.7486 	EXP 	target_square_2: pos = array([-0.2,  0.2])
437.7486 	EXP 	grid_lines_2: autoDraw = True
437.7486 	EXP 	target_square_2: autoDraw = True
437.7494 	DATA 	Mouse: Left button down, pos=(602,342)
437.8990 	DATA 	Mouse:  Left button up, pos=(602,342)
438.7323 	EXP 	fixation_3: autoDraw = True
438.7486 	EXP 	target_square_2: autoDraw = False
439.7329 	EXP 	fixation_3: autoDraw = False
439.7354 	EXP 	New trial (rep=0, index=68): {'square': 5, 'location': [0, 0], 'corrAns': None}
439.7360 	EXP 	window1: mouseVisible = False
439.7494 	EXP 	grid_lines_2: autoDraw = False
439.7494 	EXP 	target_square_2: autoDraw = False
439.7494 	EXP 	fixation_3: autoDraw = False
439.7494 	EXP 	target_square_2: pos = array([0., 0.])
439.7494 	EXP 	grid_lines_2: autoDraw = True
439.7494 	EXP 	target_square_2: autoDraw = True
440.3172 	DATA 	Mouse: Left button down, pos=(602,342)
440.5038 	DATA 	Mouse:  Left button up, pos=(601,337)
440.7332 	EXP 	fixation_3: autoDraw = True
440.7498 	EXP 	target_square_2: autoDraw = False
441.7336 	EXP 	fixation_3: autoDraw = False
441.7363 	EXP 	New trial (rep=0, index=69): {'square': 7, 'location': [-0.2, -0.2], 'corrAns': None}
441.7369 	EXP 	window1: mouseVisible = False
441.7505 	EXP 	grid_lines_2: autoDraw = False
441.7505 	EXP 	target_square_2: autoDraw = False
441.7505 	EXP 	fixation_3: autoDraw = False
441.7505 	EXP 	target_square_2: pos = array([-0.2, -0.2])
441.7505 	EXP 	grid_lines_2: autoDraw = True
441.7505 	EXP 	target_square_2: autoDraw = True
442.3515 	DATA 	Mouse: Left button down, pos=(600,337)
442.5351 	DATA 	Mouse:  Left button up, pos=(600,337)
442.7340 	EXP 	fixation_3: autoDraw = True
442.7509 	EXP 	target_square_2: autoDraw = False
443.7346 	EXP 	fixation_3: autoDraw = False
443.7372 	EXP 	New trial (rep=0, index=70): {'square': 5, 'location': [0, 0], 'corrAns': 1}
443.7378 	EXP 	window1: mouseVisible = False
443.7510 	EXP 	grid_lines_2: autoDraw = False
443.7510 	EXP 	target_square_2: autoDraw = False
443.7510 	EXP 	fixation_3: autoDraw = False
443.7510 	EXP 	target_square_2: pos = array([0., 0.])
443.7510 	EXP 	grid_lines_2: autoDraw = True
443.7510 	EXP 	target_square_2: autoDraw = True
444.3887 	DATA 	Mouse: Left button down, pos=(598,336)
444.5523 	DATA 	Mouse:  Left button up, pos=(598,336)
444.7350 	EXP 	fixation_3: autoDraw = True
444.7517 	EXP 	target_square_2: autoDraw = False
445.7356 	EXP 	fixation_3: autoDraw = False
445.7381 	EXP 	New trial (rep=0, index=71): {'square': 6, 'location': [0.2, 0], 'corrAns': None}
445.7387 	EXP 	window1: mouseVisible = False
445.7521 	EXP 	grid_lines_2: autoDraw = False
445.7521 	EXP 	target_square_2: autoDraw = False
445.7521 	EXP 	fixation_3: autoDraw = False
445.7521 	EXP 	target_square_2: pos = array([0.2, 0. ])
445.7521 	EXP 	grid_lines_2: autoDraw = True
445.7521 	EXP 	target_square_2: autoDraw = True
446.1697 	DATA 	Mouse: Left button down, pos=(598,336)
446.3359 	DATA 	Mouse:  Left button up, pos=(598,336)
446.7362 	EXP 	fixation_3: autoDraw = True
446.7526 	EXP 	target_square_2: autoDraw = False
447.7366 	EXP 	fixation_3: autoDraw = False
447.7392 	EXP 	New trial (rep=0, index=72): {'square': 3, 'location': [0.2, 0.2], 'corrAns': None}
447.7398 	EXP 	window1: mouseVisible = False
447.7538 	EXP 	grid_lines_2: autoDraw = False
447.7538 	EXP 	target_square_2: autoDraw = False
447.7538 	EXP 	fixation_3: autoDraw = False
447.7538 	EXP 	target_square_2: pos = array([0.2, 0.2])
447.7538 	EXP 	grid_lines_2: autoDraw = True
447.7538 	EXP 	target_square_2: autoDraw = True
448.0540 	DATA 	Mouse: Left button down, pos=(598,336)
448.2210 	DATA 	Mouse:  Left button up, pos=(598,336)
448.7370 	EXP 	fixation_3: autoDraw = True
448.7537 	EXP 	target_square_2: autoDraw = False
449.7374 	EXP 	fixation_3: autoDraw = False
449.7400 	EXP 	New trial (rep=0, index=73): {'square': 6, 'location': [0.2, 0], 'corrAns': 1}
449.7406 	EXP 	window1: mouseVisible = False
449.7542 	EXP 	grid_lines_2: autoDraw = False
449.7542 	EXP 	target_square_2: autoDraw = False
449.7542 	EXP 	fixation_3: autoDraw = False
449.7542 	EXP 	target_square_2: pos = array([0.2, 0. ])
449.7542 	EXP 	grid_lines_2: autoDraw = True
449.7542 	EXP 	target_square_2: autoDraw = True
450.0385 	DATA 	Mouse: Left button down, pos=(598,336)
450.2221 	DATA 	Mouse:  Left button up, pos=(599,335)
450.7380 	EXP 	fixation_3: autoDraw = True
450.7547 	EXP 	target_square_2: autoDraw = False
451.7383 	EXP 	fixation_3: autoDraw = False
451.7409 	EXP 	New trial (rep=0, index=74): {'square': 8, 'location': [0, -0.2], 'corrAns': None}
451.7414 	EXP 	window1: mouseVisible = False
451.7550 	EXP 	grid_lines_2: autoDraw = False
451.7550 	EXP 	target_square_2: autoDraw = False
451.7550 	EXP 	fixation_3: autoDraw = False
451.7550 	EXP 	target_square_2: pos = array([ 0. , -0.2])
451.7550 	EXP 	grid_lines_2: autoDraw = True
451.7550 	EXP 	target_square_2: autoDraw = True
452.0927 	DATA 	Mouse: Left button down, pos=(599,335)
452.2425 	DATA 	Mouse:  Left button up, pos=(599,335)
452.7388 	EXP 	fixation_3: autoDraw = True
452.7550 	EXP 	target_square_2: autoDraw = False
453.7255 	EXP 	New trial (rep=0, index=75): {'square': 9, 'location': [0.2, -0.2], 'corrAns': None}
453.7261 	EXP 	window1: mouseVisible = False
453.7392 	EXP 	grid_lines_2: autoDraw = False
453.7392 	EXP 	target_square_2: autoDraw = False
453.7392 	EXP 	fixation_3: autoDraw = False
453.7392 	EXP 	target_square_2: pos = array([ 0.2, -0.2])
453.7392 	EXP 	grid_lines_2: autoDraw = True
453.7392 	EXP 	target_square_2: autoDraw = True
454.7229 	EXP 	fixation_3: autoDraw = True
454.7398 	EXP 	target_square_2: autoDraw = False
455.6618 	DATA 	Mouse: Left button down, pos=(599,335)
455.7238 	EXP 	fixation_3: autoDraw = False
455.7265 	EXP 	New trial (rep=0, index=76): {'square': 9, 'location': [0.2, -0.2], 'corrAns': None}
455.7271 	EXP 	window1: mouseVisible = False
455.7403 	EXP 	grid_lines_2: autoDraw = False
455.7403 	EXP 	target_square_2: autoDraw = False
455.7403 	EXP 	fixation_3: autoDraw = False
455.7403 	EXP 	target_square_2: pos = array([ 0.2, -0.2])
455.7403 	EXP 	grid_lines_2: autoDraw = True
455.7403 	EXP 	target_square_2: autoDraw = True
455.8404 	DATA 	Mouse:  Left button up, pos=(599,335)
456.7241 	EXP 	fixation_3: autoDraw = True
456.7404 	EXP 	target_square_2: autoDraw = False
457.7248 	EXP 	fixation_3: autoDraw = False
457.7273 	EXP 	New trial (rep=0, index=77): {'square': 1, 'location': [-0.2, 0.2], 'corrAns': None}
457.7279 	EXP 	window1: mouseVisible = False
457.7419 	EXP 	grid_lines_2: autoDraw = False
457.7419 	EXP 	target_square_2: autoDraw = False
457.7419 	EXP 	fixation_3: autoDraw = False
457.7419 	EXP 	target_square_2: pos = array([-0.2,  0.2])
457.7419 	EXP 	grid_lines_2: autoDraw = True
457.7419 	EXP 	target_square_2: autoDraw = True
458.3922 	DATA 	Mouse: Left button down, pos=(599,335)
458.5428 	DATA 	Mouse:  Left button up, pos=(599,335)
458.7250 	EXP 	fixation_3: autoDraw = True
458.7425 	EXP 	target_square_2: autoDraw = False
459.7255 	EXP 	fixation_3: autoDraw = False
459.7281 	EXP 	New trial (rep=0, index=78): {'square': 3, 'location': [0.2, 0.2], 'corrAns': None}
459.7287 	EXP 	window1: mouseVisible = False
459.7425 	EXP 	grid_lines_2: autoDraw = False
459.7425 	EXP 	target_square_2: autoDraw = False
459.7425 	EXP 	fixation_3: autoDraw = False
459.7425 	EXP 	target_square_2: pos = array([0.2, 0.2])
459.7425 	EXP 	grid_lines_2: autoDraw = True
459.7425 	EXP 	target_square_2: autoDraw = True
460.4270 	DATA 	Mouse: Left button down, pos=(599,334)
460.5933 	DATA 	Mouse:  Left button up, pos=(599,334)
460.7258 	EXP 	fixation_3: autoDraw = True
460.7426 	EXP 	target_square_2: autoDraw = False
461.7264 	EXP 	fixation_3: autoDraw = False
461.7290 	EXP 	New trial (rep=0, index=79): {'square': 5, 'location': [0, 0], 'corrAns': None}
461.7295 	EXP 	window1: mouseVisible = False
461.7429 	EXP 	grid_lines_2: autoDraw = False
461.7429 	EXP 	target_square_2: autoDraw = False
461.7429 	EXP 	fixation_3: autoDraw = False
461.7429 	EXP 	target_square_2: pos = array([0., 0.])
461.7429 	EXP 	grid_lines_2: autoDraw = True
461.7429 	EXP 	target_square_2: autoDraw = True
462.3440 	DATA 	Mouse: Left button down, pos=(599,334)
462.5112 	DATA 	Mouse:  Left button up, pos=(599,334)
462.7268 	EXP 	fixation_3: autoDraw = True
462.7436 	EXP 	target_square_2: autoDraw = False
463.7270 	EXP 	fixation_3: autoDraw = False
463.7297 	EXP 	New trial (rep=0, index=80): {'square': 3, 'location': [0.2, 0.2], 'corrAns': 1}
463.7303 	EXP 	window1: mouseVisible = False
463.7440 	EXP 	grid_lines_2: autoDraw = False
463.7440 	EXP 	target_square_2: autoDraw = False
463.7440 	EXP 	fixation_3: autoDraw = False
463.7440 	EXP 	target_square_2: pos = array([0.2, 0.2])
463.7440 	EXP 	grid_lines_2: autoDraw = True
463.7440 	EXP 	target_square_2: autoDraw = True
464.7274 	EXP 	fixation_3: autoDraw = True
464.7444 	EXP 	target_square_2: autoDraw = False
465.5122 	DATA 	Mouse: Left button down, pos=(599,334)
465.6954 	DATA 	Mouse:  Left button up, pos=(599,334)
465.7281 	EXP 	fixation_3: autoDraw = False
465.7307 	EXP 	New trial (rep=0, index=81): {'square': 4, 'location': [-0.2, 0], 'corrAns': None}
465.7313 	EXP 	window1: mouseVisible = False
465.7453 	EXP 	grid_lines_2: autoDraw = False
465.7453 	EXP 	target_square_2: autoDraw = False
465.7453 	EXP 	fixation_3: autoDraw = False
465.7453 	EXP 	target_square_2: pos = array([-0.2,  0. ])
465.7453 	EXP 	grid_lines_2: autoDraw = True
465.7453 	EXP 	target_square_2: autoDraw = True
466.7287 	EXP 	fixation_3: autoDraw = True
466.7455 	EXP 	target_square_2: autoDraw = False
467.7293 	EXP 	fixation_3: autoDraw = False
467.7318 	EXP 	New trial (rep=0, index=82): {'square': 7, 'location': [-0.2, -0.2], 'corrAns': None}
467.7325 	EXP 	window1: mouseVisible = False
467.7458 	EXP 	grid_lines_2: autoDraw = False
467.7458 	EXP 	target_square_2: autoDraw = False
467.7458 	EXP 	fixation_3: autoDraw = False
467.7458 	EXP 	target_square_2: pos = array([-0.2, -0.2])
467.7458 	EXP 	grid_lines_2: autoDraw = True
467.7458 	EXP 	target_square_2: autoDraw = True
468.1138 	DATA 	Mouse: Left button down, pos=(599,334)
468.2799 	DATA 	Mouse:  Left button up, pos=(599,334)
468.7295 	EXP 	fixation_3: autoDraw = True
468.7464 	EXP 	target_square_2: autoDraw = False
469.7301 	EXP 	fixation_3: autoDraw = False
469.7327 	EXP 	New trial (rep=0, index=83): {'square': 4, 'location': [-0.2, 0], 'corrAns': 1}
469.7333 	EXP 	window1: mouseVisible = False
469.7468 	EXP 	grid_lines_2: autoDraw = False
469.7468 	EXP 	target_square_2: autoDraw = False
469.7468 	EXP 	fixation_3: autoDraw = False
469.7468 	EXP 	target_square_2: pos = array([-0.2,  0. ])
469.7468 	EXP 	grid_lines_2: autoDraw = True
469.7468 	EXP 	target_square_2: autoDraw = True
470.7011 	DATA 	Mouse: Left button down, pos=(599,334)
470.7308 	EXP 	fixation_3: autoDraw = True
470.7472 	EXP 	target_square_2: autoDraw = False
470.8479 	DATA 	Mouse:  Left button up, pos=(599,334)
471.7309 	EXP 	fixation_3: autoDraw = False
471.7335 	EXP 	New trial (rep=0, index=84): {'square': 4, 'location': [-0.2, 0], 'corrAns': None}
471.7342 	EXP 	window1: mouseVisible = False
471.7479 	EXP 	grid_lines_2: autoDraw = False
471.7479 	EXP 	target_square_2: autoDraw = False
471.7479 	EXP 	fixation_3: autoDraw = False
471.7479 	EXP 	target_square_2: pos = array([-0.2,  0. ])
471.7479 	EXP 	grid_lines_2: autoDraw = True
471.7479 	EXP 	target_square_2: autoDraw = True
472.7315 	EXP 	fixation_3: autoDraw = True
472.7482 	EXP 	target_square_2: autoDraw = False
472.9325 	DATA 	Mouse: Left button down, pos=(599,334)
473.0990 	DATA 	Mouse:  Left button up, pos=(599,334)
473.7321 	EXP 	fixation_3: autoDraw = False
473.7348 	EXP 	New trial (rep=0, index=85): {'square': 5, 'location': [0, 0], 'corrAns': None}
473.7353 	EXP 	window1: mouseVisible = False
473.7487 	EXP 	grid_lines_2: autoDraw = False
473.7487 	EXP 	target_square_2: autoDraw = False
473.7487 	EXP 	fixation_3: autoDraw = False
473.7487 	EXP 	target_square_2: pos = array([0., 0.])
473.7487 	EXP 	grid_lines_2: autoDraw = True
473.7487 	EXP 	target_square_2: autoDraw = True
474.7325 	EXP 	fixation_3: autoDraw = True
474.7490 	EXP 	target_square_2: autoDraw = False
474.7667 	DATA 	Mouse: Left button down, pos=(599,334)
474.9495 	DATA 	Mouse:  Left button up, pos=(599,334)
475.7326 	EXP 	fixation_3: autoDraw = False
475.7352 	EXP 	New trial (rep=0, index=86): {'square': 2, 'location': [0, 0.2], 'corrAns': None}
475.7358 	EXP 	window1: mouseVisible = False
475.7497 	EXP 	grid_lines_2: autoDraw = False
475.7497 	EXP 	target_square_2: autoDraw = False
475.7497 	EXP 	fixation_3: autoDraw = False
475.7497 	EXP 	target_square_2: pos = array([0. , 0.2])
475.7497 	EXP 	grid_lines_2: autoDraw = True
475.7497 	EXP 	target_square_2: autoDraw = True
476.7336 	EXP 	fixation_3: autoDraw = True
476.7501 	EXP 	target_square_2: autoDraw = False
477.7338 	EXP 	fixation_3: autoDraw = False
477.7364 	EXP 	New trial (rep=0, index=87): {'square': 6, 'location': [0.2, 0], 'corrAns': None}
477.7370 	EXP 	window1: mouseVisible = False
477.7501 	EXP 	grid_lines_2: autoDraw = False
477.7501 	EXP 	target_square_2: autoDraw = False
477.7501 	EXP 	fixation_3: autoDraw = False
477.7501 	EXP 	target_square_2: pos = array([0.2, 0. ])
477.7501 	EXP 	grid_lines_2: autoDraw = True
477.7501 	EXP 	target_square_2: autoDraw = True
478.4515 	DATA 	Mouse: Left button down, pos=(599,334)
478.5846 	DATA 	Mouse:  Left button up, pos=(599,334)
478.5849 	DATA 	Mouse: Left button down, pos=(599,334)
478.6015 	DATA 	Mouse:  Left button up, pos=(599,334)
478.7347 	EXP 	fixation_3: autoDraw = True
478.7512 	EXP 	target_square_2: autoDraw = False
479.7348 	EXP 	fixation_3: autoDraw = False
479.7374 	EXP 	New trial (rep=0, index=88): {'square': 7, 'location': [-0.2, -0.2], 'corrAns': None}
479.7380 	EXP 	window1: mouseVisible = False
479.7510 	EXP 	grid_lines_2: autoDraw = False
479.7510 	EXP 	target_square_2: autoDraw = False
479.7510 	EXP 	fixation_3: autoDraw = False
479.7510 	EXP 	target_square_2: pos = array([-0.2, -0.2])
479.7510 	EXP 	grid_lines_2: autoDraw = True
479.7510 	EXP 	target_square_2: autoDraw = True
480.7357 	EXP 	fixation_3: autoDraw = True
480.7521 	EXP 	target_square_2: autoDraw = False
481.7357 	EXP 	fixation_3: autoDraw = False
481.7383 	EXP 	New trial (rep=0, index=89): {'square': 6, 'location': [0.2, 0], 'corrAns': 1}
481.7390 	EXP 	window1: mouseVisible = False
481.7524 	EXP 	grid_lines_2: autoDraw = False
481.7524 	EXP 	target_square_2: autoDraw = False
481.7524 	EXP 	fixation_3: autoDraw = False
481.7524 	EXP 	target_square_2: pos = array([0.2, 0. ])
481.7524 	EXP 	grid_lines_2: autoDraw = True
481.7524 	EXP 	target_square_2: autoDraw = True
482.0532 	DATA 	Mouse: Left button down, pos=(599,334)
482.2197 	DATA 	Mouse:  Left button up, pos=(599,334)
482.2377 	DATA 	Mouse: Left button down, pos=(599,334)
482.2381 	DATA 	Mouse:  Left button up, pos=(599,334)
482.7362 	EXP 	fixation_3: autoDraw = True
482.7528 	EXP 	target_square_2: autoDraw = False
483.7368 	EXP 	fixation_3: autoDraw = False
483.7396 	EXP 	New trial (rep=0, index=90): {'square': 6, 'location': [0.2, 0], 'corrAns': None}
483.7402 	EXP 	window1: mouseVisible = False
483.7534 	EXP 	grid_lines_2: autoDraw = False
483.7534 	EXP 	target_square_2: autoDraw = False
483.7534 	EXP 	fixation_3: autoDraw = False
483.7534 	EXP 	target_square_2: pos = array([0.2, 0. ])
483.7534 	EXP 	grid_lines_2: autoDraw = True
483.7534 	EXP 	target_square_2: autoDraw = True
484.0377 	DATA 	Mouse: Left button down, pos=(599,334)
484.1714 	DATA 	Mouse:  Left button up, pos=(599,334)
484.1718 	DATA 	Mouse: Left button down, pos=(599,334)
484.1879 	DATA 	Mouse:  Left button up, pos=(599,334)
484.7371 	EXP 	fixation_3: autoDraw = True
484.7539 	EXP 	target_square_2: autoDraw = False
485.7374 	EXP 	fixation_3: autoDraw = False
485.7399 	EXP 	New trial (rep=0, index=91): {'square': 7, 'location': [-0.2, -0.2], 'corrAns': None}
485.7405 	EXP 	window1: mouseVisible = False
485.7543 	EXP 	grid_lines_2: autoDraw = False
485.7543 	EXP 	target_square_2: autoDraw = False
485.7543 	EXP 	fixation_3: autoDraw = False
485.7543 	EXP 	target_square_2: pos = array([-0.2, -0.2])
485.7543 	EXP 	grid_lines_2: autoDraw = True
485.7543 	EXP 	target_square_2: autoDraw = True
485.8221 	DATA 	Mouse: Left button down, pos=(599,334)
486.0417 	DATA 	Mouse:  Left button up, pos=(599,334)
486.7379 	EXP 	fixation_3: autoDraw = True
486.7548 	EXP 	target_square_2: autoDraw = False
487.7393 	EXP 	fixation_3: autoDraw = False
487.7420 	EXP 	New trial (rep=0, index=92): {'square': 6, 'location': [0.2, 0], 'corrAns': 1}
487.7427 	EXP 	window1: mouseVisible = False
487.7551 	EXP 	grid_lines_2: autoDraw = False
487.7551 	EXP 	target_square_2: autoDraw = False
487.7551 	EXP 	fixation_3: autoDraw = False
487.7551 	EXP 	target_square_2: pos = array([0.2, 0. ])
487.7551 	EXP 	grid_lines_2: autoDraw = True
487.7551 	EXP 	target_square_2: autoDraw = True
488.0397 	DATA 	Mouse: Left button down, pos=(599,334)
488.2059 	DATA 	Mouse:  Left button up, pos=(599,334)
488.7391 	EXP 	fixation_3: autoDraw = True
488.7556 	EXP 	target_square_2: autoDraw = False
489.7254 	EXP 	New trial (rep=0, index=93): {'square': 2, 'location': [0, 0.2], 'corrAns': None}
489.7260 	EXP 	window1: mouseVisible = False
489.7393 	EXP 	grid_lines_2: autoDraw = False
489.7393 	EXP 	target_square_2: autoDraw = False
489.7393 	EXP 	fixation_3: autoDraw = False
489.7393 	EXP 	target_square_2: pos = array([0. , 0.2])
489.7393 	EXP 	grid_lines_2: autoDraw = True
489.7393 	EXP 	target_square_2: autoDraw = True
489.9904 	DATA 	Mouse: Left button down, pos=(599,334)
490.1573 	DATA 	Mouse:  Left button up, pos=(599,334)
490.1742 	DATA 	Mouse: Left button down, pos=(599,334)
490.1746 	DATA 	Mouse:  Left button up, pos=(599,334)
490.7232 	EXP 	fixation_3: autoDraw = True
490.7400 	EXP 	target_square_2: autoDraw = False
491.7236 	EXP 	fixation_3: autoDraw = False
491.7262 	EXP 	New trial (rep=0, index=94): {'square': 5, 'location': [0, 0], 'corrAns': None}
491.7267 	EXP 	window1: mouseVisible = False
491.7404 	EXP 	grid_lines_2: autoDraw = False
491.7404 	EXP 	target_square_2: autoDraw = False
491.7404 	EXP 	fixation_3: autoDraw = False
491.7404 	EXP 	target_square_2: pos = array([0., 0.])
491.7404 	EXP 	grid_lines_2: autoDraw = True
491.7404 	EXP 	target_square_2: autoDraw = True
492.0746 	DATA 	Mouse: Left button down, pos=(599,334)
492.2414 	DATA 	Mouse:  Left button up, pos=(599,334)
492.2581 	DATA 	Mouse: Left button down, pos=(599,334)
492.2585 	DATA 	Mouse:  Left button up, pos=(599,334)
492.7240 	EXP 	fixation_3: autoDraw = True
492.7409 	EXP 	target_square_2: autoDraw = False
493.7248 	EXP 	fixation_3: autoDraw = False
493.7275 	EXP 	New trial (rep=0, index=95): {'square': 4, 'location': [-0.2, 0], 'corrAns': None}
493.7281 	EXP 	window1: mouseVisible = False
493.7412 	EXP 	grid_lines_2: autoDraw = False
493.7412 	EXP 	target_square_2: autoDraw = False
493.7412 	EXP 	fixation_3: autoDraw = False
493.7412 	EXP 	target_square_2: pos = array([-0.2,  0. ])
493.7412 	EXP 	grid_lines_2: autoDraw = True
493.7412 	EXP 	target_square_2: autoDraw = True
494.0923 	DATA 	Mouse: Left button down, pos=(599,334)
494.2595 	DATA 	Mouse:  Left button up, pos=(602,332)
494.7254 	EXP 	fixation_3: autoDraw = True
494.7417 	EXP 	target_square_2: autoDraw = False
495.7256 	EXP 	fixation_3: autoDraw = False
495.7281 	EXP 	New trial (rep=0, index=96): {'square': 4, 'location': [-0.2, 0], 'corrAns': None}
495.7288 	EXP 	window1: mouseVisible = False
495.7422 	EXP 	grid_lines_2: autoDraw = False
495.7422 	EXP 	target_square_2: autoDraw = False
495.7422 	EXP 	fixation_3: autoDraw = False
495.7422 	EXP 	target_square_2: pos = array([-0.2,  0. ])
495.7422 	EXP 	grid_lines_2: autoDraw = True
495.7422 	EXP 	target_square_2: autoDraw = True
496.7263 	EXP 	fixation_3: autoDraw = True
496.7429 	EXP 	target_square_2: autoDraw = False
497.0102 	DATA 	Mouse: Left button down, pos=(601,331)
497.1482 	DATA 	Mouse:  Left button up, pos=(601,328)
497.7264 	EXP 	fixation_3: autoDraw = False
497.7291 	EXP 	New trial (rep=0, index=97): {'square': 7, 'location': [-0.2, -0.2], 'corrAns': None}
497.7297 	EXP 	window1: mouseVisible = False
497.7434 	EXP 	grid_lines_2: autoDraw = False
497.7434 	EXP 	target_square_2: autoDraw = False
497.7434 	EXP 	fixation_3: autoDraw = False
497.7434 	EXP 	target_square_2: pos = array([-0.2, -0.2])
497.7434 	EXP 	grid_lines_2: autoDraw = True
497.7434 	EXP 	target_square_2: autoDraw = True
498.2442 	DATA 	Mouse: Left button down, pos=(601,328)
498.3779 	DATA 	Mouse:  Left button up, pos=(601,328)
498.3942 	DATA 	Mouse: Left button down, pos=(601,328)
498.3974 	DATA 	Mouse:  Left button up, pos=(601,328)
498.7271 	EXP 	fixation_3: autoDraw = True
498.7434 	EXP 	target_square_2: autoDraw = False
499.7276 	EXP 	fixation_3: autoDraw = False
499.7303 	EXP 	New trial (rep=0, index=98): {'square': 4, 'location': [-0.2, 0], 'corrAns': 1}
499.7309 	EXP 	window1: mouseVisible = False
499.7443 	EXP 	grid_lines_2: autoDraw = False
499.7443 	EXP 	target_square_2: autoDraw = False
499.7443 	EXP 	fixation_3: autoDraw = False
499.7443 	EXP 	target_square_2: pos = array([-0.2,  0. ])
499.7443 	EXP 	grid_lines_2: autoDraw = True
499.7443 	EXP 	target_square_2: autoDraw = True
500.7279 	EXP 	fixation_3: autoDraw = True
500.7446 	EXP 	target_square_2: autoDraw = False
501.7284 	EXP 	fixation_3: autoDraw = False
501.7311 	EXP 	New trial (rep=0, index=99): {'square': 3, 'location': [0.2, 0.2], 'corrAns': None}
501.7317 	EXP 	window1: mouseVisible = False
501.7446 	EXP 	grid_lines_2: autoDraw = False
501.7446 	EXP 	target_square_2: autoDraw = False
501.7446 	EXP 	fixation_3: autoDraw = False
501.7446 	EXP 	target_square_2: pos = array([0.2, 0.2])
501.7446 	EXP 	grid_lines_2: autoDraw = True
501.7446 	EXP 	target_square_2: autoDraw = True
502.1465 	DATA 	Mouse: Left button down, pos=(600,328)
502.3294 	DATA 	Mouse:  Left button up, pos=(600,328)
502.7289 	EXP 	fixation_3: autoDraw = True
502.7457 	EXP 	target_square_2: autoDraw = False
503.7297 	EXP 	fixation_3: autoDraw = False
503.7325 	EXP 	New trial (rep=0, index=100): {'square': 5, 'location': [0, 0], 'corrAns': None}
503.7330 	EXP 	window1: mouseVisible = False
503.7462 	EXP 	grid_lines_2: autoDraw = False
503.7462 	EXP 	target_square_2: autoDraw = False
503.7462 	EXP 	fixation_3: autoDraw = False
503.7462 	EXP 	target_square_2: pos = array([0., 0.])
503.7462 	EXP 	grid_lines_2: autoDraw = True
503.7462 	EXP 	target_square_2: autoDraw = True
504.7298 	EXP 	fixation_3: autoDraw = True
504.7467 	EXP 	target_square_2: autoDraw = False
504.7810 	DATA 	Mouse: Left button down, pos=(599,328)
504.9474 	DATA 	Mouse:  Left button up, pos=(599,328)
505.7308 	EXP 	fixation_3: autoDraw = False
505.7334 	EXP 	New trial (rep=0, index=101): {'square': 3, 'location': [0.2, 0.2], 'corrAns': 1}
505.7340 	EXP 	window1: mouseVisible = False
505.7471 	EXP 	grid_lines_2: autoDraw = False
505.7471 	EXP 	target_square_2: autoDraw = False
505.7471 	EXP 	fixation_3: autoDraw = False
505.7471 	EXP 	target_square_2: pos = array([0.2, 0.2])
505.7471 	EXP 	grid_lines_2: autoDraw = True
505.7471 	EXP 	target_square_2: autoDraw = True
505.8812 	DATA 	Mouse: Left button down, pos=(599,328)
506.0809 	DATA 	Mouse:  Left button up, pos=(599,328)
506.7309 	EXP 	fixation_3: autoDraw = True
506.7469 	EXP 	target_square_2: autoDraw = False
507.7312 	EXP 	fixation_3: autoDraw = False
507.7338 	EXP 	New trial (rep=0, index=102): {'square': 1, 'location': [-0.2, 0.2], 'corrAns': None}
507.7344 	EXP 	window1: mouseVisible = False
507.7478 	EXP 	grid_lines_2: autoDraw = False
507.7478 	EXP 	target_square_2: autoDraw = False
507.7478 	EXP 	fixation_3: autoDraw = False
507.7478 	EXP 	target_square_2: pos = array([-0.2,  0.2])
507.7478 	EXP 	grid_lines_2: autoDraw = True
507.7478 	EXP 	target_square_2: autoDraw = True
508.2517 	DATA 	Mouse: Left button down, pos=(599,328)
508.3985 	DATA 	Mouse:  Left button up, pos=(599,328)
508.7314 	EXP 	fixation_3: autoDraw = True
508.7484 	EXP 	target_square_2: autoDraw = False
509.7323 	EXP 	fixation_3: autoDraw = False
509.7349 	EXP 	New trial (rep=0, index=103): {'square': 9, 'location': [0.2, -0.2], 'corrAns': None}
509.7355 	EXP 	window1: mouseVisible = False
509.7486 	EXP 	grid_lines_2: autoDraw = False
509.7486 	EXP 	target_square_2: autoDraw = False
509.7486 	EXP 	fixation_3: autoDraw = False
509.7486 	EXP 	target_square_2: pos = array([ 0.2, -0.2])
509.7486 	EXP 	grid_lines_2: autoDraw = True
509.7486 	EXP 	target_square_2: autoDraw = True
510.2166 	DATA 	Mouse: Left button down, pos=(599,328)
510.3330 	DATA 	Mouse:  Left button up, pos=(599,328)
510.7328 	EXP 	fixation_3: autoDraw = True
510.7492 	EXP 	target_square_2: autoDraw = False
511.7330 	EXP 	fixation_3: autoDraw = False
511.7356 	EXP 	New trial (rep=0, index=104): {'square': 9, 'location': [0.2, -0.2], 'corrAns': None}
511.7362 	EXP 	window1: mouseVisible = False
511.7497 	EXP 	grid_lines_2: autoDraw = False
511.7497 	EXP 	target_square_2: autoDraw = False
511.7497 	EXP 	fixation_3: autoDraw = False
511.7497 	EXP 	target_square_2: pos = array([ 0.2, -0.2])
511.7497 	EXP 	grid_lines_2: autoDraw = True
511.7497 	EXP 	target_square_2: autoDraw = True
512.0507 	DATA 	Mouse: Left button down, pos=(599,328)
512.2006 	DATA 	Mouse:  Left button up, pos=(599,328)
512.7336 	EXP 	fixation_3: autoDraw = True
512.7509 	EXP 	target_square_2: autoDraw = False
513.7342 	EXP 	fixation_3: autoDraw = False
513.7370 	EXP 	New trial (rep=0, index=105): {'square': 8, 'location': [0, -0.2], 'corrAns': None}
513.7376 	EXP 	window1: mouseVisible = False
513.7507 	EXP 	grid_lines_2: autoDraw = False
513.7507 	EXP 	target_square_2: autoDraw = False
513.7507 	EXP 	fixation_3: autoDraw = False
513.7507 	EXP 	target_square_2: pos = array([ 0. , -0.2])
513.7507 	EXP 	grid_lines_2: autoDraw = True
513.7507 	EXP 	target_square_2: autoDraw = True
514.1884 	DATA 	Mouse: Left button down, pos=(599,328)
514.3347 	DATA 	Mouse:  Left button up, pos=(599,328)
514.7340 	EXP 	fixation_3: autoDraw = True
514.7511 	EXP 	target_square_2: autoDraw = False
515.7351 	EXP 	fixation_3: autoDraw = False
515.7377 	EXP 	New trial (rep=0, index=106): {'square': 6, 'location': [0.2, 0], 'corrAns': None}
515.7383 	EXP 	window1: mouseVisible = False
515.7516 	EXP 	grid_lines_2: autoDraw = False
515.7516 	EXP 	target_square_2: autoDraw = False
515.7516 	EXP 	fixation_3: autoDraw = False
515.7516 	EXP 	target_square_2: pos = array([0.2, 0. ])
515.7516 	EXP 	grid_lines_2: autoDraw = True
515.7516 	EXP 	target_square_2: autoDraw = True
516.1192 	DATA 	Mouse: Left button down, pos=(599,328)
516.2687 	DATA 	Mouse:  Left button up, pos=(599,328)
516.2858 	DATA 	Mouse: Left button down, pos=(599,328)
516.2864 	DATA 	Mouse:  Left button up, pos=(599,328)
516.7356 	EXP 	fixation_3: autoDraw = True
516.7522 	EXP 	target_square_2: autoDraw = False
517.7360 	EXP 	fixation_3: autoDraw = False
517.7387 	EXP 	New trial (rep=0, index=107): {'square': 3, 'location': [0.2, 0.2], 'corrAns': None}
517.7393 	EXP 	window1: mouseVisible = False
517.7527 	EXP 	grid_lines_2: autoDraw = False
517.7527 	EXP 	target_square_2: autoDraw = False
517.7527 	EXP 	fixation_3: autoDraw = False
517.7527 	EXP 	target_square_2: pos = array([0.2, 0.2])
517.7527 	EXP 	grid_lines_2: autoDraw = True
517.7527 	EXP 	target_square_2: autoDraw = True
518.3378 	DATA 	Mouse: Left button down, pos=(598,328)
518.5037 	DATA 	Mouse:  Left button up, pos=(598,328)
518.7365 	EXP 	fixation_3: autoDraw = True
518.7530 	EXP 	target_square_2: autoDraw = False
519.7369 	EXP 	fixation_3: autoDraw = False
519.7397 	EXP 	New trial (rep=0, index=108): {'square': 6, 'location': [0.2, 0], 'corrAns': 1}
519.7403 	EXP 	window1: mouseVisible = False
519.7535 	EXP 	grid_lines_2: autoDraw = False
519.7535 	EXP 	target_square_2: autoDraw = False
519.7535 	EXP 	fixation_3: autoDraw = False
519.7535 	EXP 	target_square_2: pos = array([0.2, 0. ])
519.7535 	EXP 	grid_lines_2: autoDraw = True
519.7535 	EXP 	target_square_2: autoDraw = True
520.0712 	DATA 	Mouse: Left button down, pos=(598,328)
520.2210 	DATA 	Mouse:  Left button up, pos=(598,328)
520.2379 	DATA 	Mouse: Left button down, pos=(598,328)
520.2419 	DATA 	Mouse:  Left button up, pos=(598,328)
520.7373 	EXP 	fixation_3: autoDraw = True
520.7543 	EXP 	target_square_2: autoDraw = False
521.7378 	EXP 	fixation_3: autoDraw = False
521.7404 	EXP 	New trial (rep=0, index=109): {'square': 5, 'location': [0, 0], 'corrAns': None}
521.7409 	EXP 	window1: mouseVisible = False
521.7540 	EXP 	grid_lines_2: autoDraw = False
521.7540 	EXP 	target_square_2: autoDraw = False
521.7540 	EXP 	fixation_3: autoDraw = False
521.7540 	EXP 	target_square_2: pos = array([0., 0.])
521.7540 	EXP 	grid_lines_2: autoDraw = True
521.7540 	EXP 	target_square_2: autoDraw = True
522.2220 	DATA 	Mouse: Left button down, pos=(598,328)
522.3891 	DATA 	Mouse:  Left button up, pos=(598,328)
522.4057 	DATA 	Mouse: Left button down, pos=(598,328)
522.4061 	DATA 	Mouse:  Left button up, pos=(598,328)
522.7383 	EXP 	fixation_3: autoDraw = True
522.7550 	EXP 	target_square_2: autoDraw = False
523.7387 	EXP 	fixation_3: autoDraw = False
523.7413 	EXP 	New trial (rep=0, index=110): {'square': 7, 'location': [-0.2, -0.2], 'corrAns': None}
523.7419 	EXP 	window1: mouseVisible = False
523.7557 	EXP 	grid_lines_2: autoDraw = False
523.7557 	EXP 	target_square_2: autoDraw = False
523.7557 	EXP 	fixation_3: autoDraw = False
523.7557 	EXP 	target_square_2: pos = array([-0.2, -0.2])
523.7557 	EXP 	grid_lines_2: autoDraw = True
523.7557 	EXP 	target_square_2: autoDraw = True
524.0399 	DATA 	Mouse: Left button down, pos=(598,328)
524.2066 	DATA 	Mouse:  Left button up, pos=(598,328)
524.2069 	DATA 	Mouse: Left button down, pos=(598,328)
524.2230 	DATA 	Mouse:  Left button up, pos=(598,328)
524.7391 	EXP 	fixation_3: autoDraw = True
524.7561 	EXP 	target_square_2: autoDraw = False
525.7254 	EXP 	New trial (rep=0, index=111): {'square': 5, 'location': [0, 0], 'corrAns': 1}
525.7259 	EXP 	window1: mouseVisible = False
525.7399 	EXP 	grid_lines_2: autoDraw = False
525.7399 	EXP 	target_square_2: autoDraw = False
525.7399 	EXP 	fixation_3: autoDraw = False
525.7399 	EXP 	target_square_2: pos = array([0., 0.])
525.7399 	EXP 	grid_lines_2: autoDraw = True
525.7399 	EXP 	target_square_2: autoDraw = True
526.0406 	DATA 	Mouse: Left button down, pos=(598,328)
526.1941 	DATA 	Mouse:  Left button up, pos=(598,328)
526.2075 	DATA 	Mouse: Left button down, pos=(598,328)
526.2082 	DATA 	Mouse:  Left button up, pos=(598,328)
526.7235 	EXP 	fixation_3: autoDraw = True
526.7402 	EXP 	target_square_2: autoDraw = False
527.7247 	EXP 	fixation_3: autoDraw = False
527.7277 	EXP 	New trial (rep=0, index=112): {'square': 1, 'location': [-0.2, 0.2], 'corrAns': None}
527.7284 	EXP 	window1: mouseVisible = False
527.7410 	EXP 	grid_lines_2: autoDraw = False
527.7410 	EXP 	target_square_2: autoDraw = False
527.7410 	EXP 	fixation_3: autoDraw = False
527.7410 	EXP 	target_square_2: pos = array([-0.2,  0.2])
527.7410 	EXP 	grid_lines_2: autoDraw = True
527.7410 	EXP 	target_square_2: autoDraw = True
527.8926 	DATA 	Mouse: Left button down, pos=(596,328)
528.0764 	DATA 	Mouse:  Left button up, pos=(596,323)
528.7255 	EXP 	fixation_3: autoDraw = True
528.7414 	EXP 	target_square_2: autoDraw = False
529.7254 	EXP 	fixation_3: autoDraw = False
529.7299 	EXP 	New trial (rep=0, index=113): {'square': 7, 'location': [-0.2, -0.2], 'corrAns': None}
529.7310 	EXP 	window1: mouseVisible = False
529.7419 	EXP 	grid_lines_2: autoDraw = False
529.7419 	EXP 	target_square_2: autoDraw = False
529.7419 	EXP 	fixation_3: autoDraw = False
529.7419 	EXP 	target_square_2: pos = array([-0.2, -0.2])
529.7419 	EXP 	grid_lines_2: autoDraw = True
529.7419 	EXP 	target_square_2: autoDraw = True
530.7257 	EXP 	fixation_3: autoDraw = True
530.7421 	EXP 	target_square_2: autoDraw = False
531.7261 	EXP 	fixation_3: autoDraw = False
531.7287 	EXP 	New trial (rep=0, index=114): {'square': 9, 'location': [0.2, -0.2], 'corrAns': None}
531.7293 	EXP 	window1: mouseVisible = False
531.7426 	EXP 	grid_lines_2: autoDraw = False
531.7426 	EXP 	target_square_2: autoDraw = False
531.7426 	EXP 	fixation_3: autoDraw = False
531.7426 	EXP 	target_square_2: pos = array([ 0.2, -0.2])
531.7426 	EXP 	grid_lines_2: autoDraw = True
531.7426 	EXP 	target_square_2: autoDraw = True
532.3770 	DATA 	Mouse: Left button down, pos=(595,323)
532.5101 	DATA 	Mouse:  Left button up, pos=(595,323)
532.7263 	EXP 	fixation_3: autoDraw = True
532.7430 	EXP 	target_square_2: autoDraw = False
533.7268 	EXP 	fixation_3: autoDraw = False
533.7295 	EXP 	New trial (rep=0, index=115): {'square': 3, 'location': [0.2, 0.2], 'corrAns': None}
533.7301 	EXP 	window1: mouseVisible = False
533.7435 	EXP 	grid_lines_2: autoDraw = False
533.7435 	EXP 	target_square_2: autoDraw = False
533.7435 	EXP 	fixation_3: autoDraw = False
533.7435 	EXP 	target_square_2: pos = array([0.2, 0.2])
533.7435 	EXP 	grid_lines_2: autoDraw = True
533.7435 	EXP 	target_square_2: autoDraw = True
534.7273 	EXP 	fixation_3: autoDraw = True
534.7441 	EXP 	target_square_2: autoDraw = False
535.5784 	DATA 	Mouse: Left button down, pos=(594,323)
535.7276 	EXP 	fixation_3: autoDraw = False
535.7303 	EXP 	New trial (rep=0, index=116): {'square': 9, 'location': [0.2, -0.2], 'corrAns': 1}
535.7309 	EXP 	window1: mouseVisible = False
535.7444 	EXP 	grid_lines_2: autoDraw = False
535.7444 	EXP 	target_square_2: autoDraw = False
535.7444 	EXP 	fixation_3: autoDraw = False
535.7444 	EXP 	target_square_2: pos = array([ 0.2, -0.2])
535.7444 	EXP 	grid_lines_2: autoDraw = True
535.7444 	EXP 	target_square_2: autoDraw = True
535.7451 	DATA 	Mouse:  Left button up, pos=(594,323)
536.7280 	EXP 	fixation_3: autoDraw = True
536.7450 	EXP 	target_square_2: autoDraw = False
537.7286 	EXP 	fixation_3: autoDraw = False
537.7313 	EXP 	New trial (rep=0, index=117): {'square': 6, 'location': [0.2, 0], 'corrAns': None}
537.7319 	EXP 	window1: mouseVisible = False
537.7454 	EXP 	grid_lines_2: autoDraw = False
537.7454 	EXP 	target_square_2: autoDraw = False
537.7454 	EXP 	fixation_3: autoDraw = False
537.7454 	EXP 	target_square_2: pos = array([0.2, 0. ])
537.7454 	EXP 	grid_lines_2: autoDraw = True
537.7454 	EXP 	target_square_2: autoDraw = True
538.1467 	DATA 	Mouse: Left button down, pos=(594,323)
538.3128 	DATA 	Mouse:  Left button up, pos=(594,323)
538.7288 	EXP 	fixation_3: autoDraw = True
538.7457 	EXP 	target_square_2: autoDraw = False
539.7298 	EXP 	fixation_3: autoDraw = False
539.7323 	EXP 	New trial (rep=0, index=118): {'square': 2, 'location': [0, 0.2], 'corrAns': None}
539.7329 	EXP 	window1: mouseVisible = False
539.7463 	EXP 	grid_lines_2: autoDraw = False
539.7463 	EXP 	target_square_2: autoDraw = False
539.7463 	EXP 	fixation_3: autoDraw = False
539.7463 	EXP 	target_square_2: pos = array([0. , 0.2])
539.7463 	EXP 	grid_lines_2: autoDraw = True
539.7463 	EXP 	target_square_2: autoDraw = True
540.7302 	EXP 	fixation_3: autoDraw = True
540.7467 	EXP 	target_square_2: autoDraw = False
541.1810 	DATA 	Mouse: Left button down, pos=(593,323)
541.3477 	DATA 	Mouse:  Left button up, pos=(593,323)
541.7305 	EXP 	fixation_3: autoDraw = False
541.7331 	EXP 	New trial (rep=0, index=119): {'square': 5, 'location': [0, 0], 'corrAns': None}
541.7336 	EXP 	window1: mouseVisible = False
541.7472 	EXP 	grid_lines_2: autoDraw = False
541.7472 	EXP 	target_square_2: autoDraw = False
541.7472 	EXP 	fixation_3: autoDraw = False
541.7472 	EXP 	target_square_2: pos = array([0., 0.])
541.7472 	EXP 	grid_lines_2: autoDraw = True
541.7472 	EXP 	target_square_2: autoDraw = True
542.7310 	EXP 	fixation_3: autoDraw = True
542.7475 	EXP 	target_square_2: autoDraw = False
543.7315 	EXP 	fixation_3: autoDraw = False
543.7504 	EXP 	Created unnamed TextStim = TextStim(__class__=<class 'psychopy.visual.text.TextStim'>, alignHoriz=method-wrapper(...), alignText='center', alignVert=method-wrapper(...), anchorHoriz='center', anchorVert='center', antialias=True, autoLog=True, bold=False, color=array([1., 1., 1.]), colorSpace='rgb', contrast=1.0, depth=0, flipHoriz=False, flipVert=False, font='', fontFiles=[], height=0.05, italic=False, languageStyle='LTR', name='unnamed TextStim', opacity=1.0, ori=0.0, pos=array([0., 0.]), rgb=UNKNOWN, text=str(...), units='height', win=Window(...), wrapWidth=1)
543.7638 	EXP 	grid_lines_2: autoDraw = False
543.7638 	EXP 	target_square_2: autoDraw = False
543.7638 	EXP 	fixation_3: autoDraw = False
554.8122 	DATA 	Keypress: e
555.0298 	EXP 	Created unnamed TextStim = TextStim(__class__=<class 'psychopy.visual.text.TextStim'>, alignHoriz=method-wrapper(...), alignText='center', alignVert=method-wrapper(...), anchorHoriz='center', anchorVert='center', antialias=True, autoLog=True, bold=False, color=array([1., 1., 1.]), colorSpace='rgb', contrast=1.0, depth=0, flipHoriz=False, flipVert=False, font='', fontFiles=[], height=0.05, italic=False, languageStyle='LTR', name='unnamed TextStim', opacity=1.0, ori=0.0, pos=array([0., 0.]), rgb=UNKNOWN, text=str(...), units='height', win=Window(...), wrapWidth=1)
555.1143 	EXP 	window1: mouseVisible = True
