14.0078 	WARNING 	Requested an unavailable screen number - using first available.
15.5840 	EXP 	Created Begin = TextStim(__class__=<class 'psychopy.visual.text.TextStim'>, alignHoriz=method-wrapper(...), alignText='center', alignVert=method-wrapper(...), anchorHoriz='center', anchorVert='center', antialias=True, autoLog=True, bold=False, color=array([1, 1, 1]), colorSpace='rgb', contrast=1.0, depth=0.0, flipHoriz=False, flipVert=False, font='Arial', fontFiles=[], height=0.05, italic=False, languageStyle='LTR', name='Begin', opacity=1, ori=0, pos=array([0., 0.]), rgb=UNKNOWN, text=str(...), units='height', win=Window(...), wrapWidth=1)
15.8814 	EXP 	Created movie = MovieStim3(__class__=<class 'psychopy.visual.movie3.MovieStim3'>, autoLog=True, color=UNKNOWN, colorSpace=UNKNOWN, depth=-1.0, filename=str(...), flipHoriz=False, flipVert=False, fps=UNKNOWN, interpolate=True, loop=False, name='movie', noAudio=False, opacity=1, ori=method-wrapper(...), pos=array([0., 0.]), size=method-wrapper(...), units='pix', vframe_callback=UNKNOWN, volume=UNKNOWN, win=Window(...))
27.8856 	EXP 	Created movie = MovieStim3(__class__=<class 'psychopy.visual.movie3.MovieStim3'>, autoLog=True, color=UNKNOWN, colorSpace=UNKNOWN, depth=-1.0, filename=str(...), flipHoriz=False, flipVert=False, fps=UNKNOWN, interpolate=True, loop=False, name='movie', noAudio=False, opacity=1, ori=method-wrapper(...), pos=array([0., 0.]), size=method-wrapper(...), units='pix', vframe_callback=UNKNOWN, volume=UNKNOWN, win=Window(...))
30.3281 	EXP 	Created unnamed TextStim = TextStim(__class__=<class 'psychopy.visual.text.TextStim'>, alignHoriz=method-wrapper(...), alignText='center', alignVert=method-wrapper(...), anchorHoriz='center', anchorVert='center', antialias=True, autoLog=True, bold=False, color=array([1, 1, 1]), colorSpace='rgb', contrast=1.0, depth=0, flipHoriz=False, flipVert=False, font='', fontFiles=[], height=0.3, italic=False, languageStyle='LTR', name='unnamed TextStim', opacity=1.0, ori=0.0, pos=array([0., 0.]), rgb=UNKNOWN, text='+', units='height', win=Window(...), wrapWidth=1)
30.3282 	EXP 	window1: mouseVisible = False
30.4169 	EXP 	movie: autoLog = True
30.4169 	EXP 	movie: movie = 'c:\\Users\\Dartmouth\\Documents\\GitHub\\canlab\\WASABI_public\\fMRI Tasks\\WASABI hyperalignment\\stimuli\\videos\\kungfury.mp4'
30.4169 	EXP 	movie: size = array([1920., 1080.])
30.4169 	EXP 	movie: ori = 0
30.4169 	EXP 	movie: autoLog = True
30.4169 	EXP 	movie: movie = 'c:\\Users\\Dartmouth\\Documents\\GitHub\\canlab\\WASABI_public\\fMRI Tasks\\WASABI hyperalignment\\stimuli\\videos\\01_Inscapes_NoScannerSound_h264.wmv'
30.4169 	EXP 	movie: size = array([1024.,  800.])
30.4169 	EXP 	movie: ori = 0
30.4169 	EXP 	Begin: autoDraw = True
40.4211 	EXP 	Created sequence: sequential, trialTypes=1, nReps=1, seed=None
40.4214 	EXP 	New trial (rep=0, index=0): OrderedDict([('runSeq', [OrderedDict([('moviefile', 'c:\\Users\\Dartmouth\\Documents\\GitHub\\canlab\\WASABI_public\\fMRI Tasks\\WASABI hyperalignment\\stimuli\\videos\\kungfury.mp4')]), OrderedDict([('moviefile', 'c:\\Users\\Dartmouth\\Documents\\GitHub\\canlab\\WASABI_public\\fMRI Tasks\\WASABI hyperalignment\\stimuli\\videos\\01_Inscapes_NoScannerSound_h264.wmv')])])])
40.4216 	EXP 	Created sequence: sequential, trialTypes=2, nReps=1, seed=None
40.4218 	EXP 	New trial (rep=0, index=0): OrderedDict([('moviefile', 'c:\\Users\\Dartmouth\\Documents\\GitHub\\canlab\\WASABI_public\\fMRI Tasks\\WASABI hyperalignment\\stimuli\\videos\\kungfury.mp4')])
40.4419 	EXP 	Created unnamed TextStim = TextStim(__class__=<class 'psychopy.visual.text.TextStim'>, alignHoriz=method-wrapper(...), alignText='center', alignVert=method-wrapper(...), anchorHoriz='center', anchorVert='center', antialias=True, autoLog=True, bold=False, color=array([-0.5, -0.5, -0.5]), colorSpace='rgb', contrast=1.0, depth=0, flipHoriz=False, flipVert=False, font='', fontFiles=[], height=0.05, italic=False, languageStyle='LTR', name='unnamed TextStim', opacity=1.0, ori=0.0, pos=array([0., 0.]), rgb=UNKNOWN, text=str(...), units='height', win=Window(...), wrapWidth=1)
40.4429 	DATA 	Keypress: space
40.4501 	EXP 	Begin: autoDraw = False
43.6134 	DATA 	Keypress: s
198.7177 	DATA 	Keypress: s
205.9896 	DATA 	Keypress: 5
208.5498 	DATA 	Keypress: 5
208.5503 	DATA 	Keypress: 5
208.5507 	DATA 	Keypress: 5
208.5511 	DATA 	Keypress: 5
208.5515 	DATA 	Keypress: 5
208.5519 	DATA 	Keypress: 5
208.5524 	DATA 	Keypress: 5
208.7494 	EXP 	Sound  started
208.7682 	EXP 	movie: autoDraw = True
224.2632 	DATA 	Keypress: space
225.7787 	DATA 	Keypress: escape
226.2077 	EXP 	window1: mouseVisible = True
