0.5956 	WARNING 	We strongly recommend you activate the PTB sound engine in PsychoPy prefs as the preferred audio engine. Its timing is vastly superior. Your prefs are currently set to use ['sounddevice', 'PTB', 'pyo', 'pygame'] (in that order).
30.7688 	EXP 	Created fixation_2 = TextStim(__class__=<class 'psychopy.visual.text.TextStim'>, alignHoriz=method-wrapper(...), alignText='center', alignVert=method-wrapper(...), anchorHoriz='center', anchorVert='center', antialias=True, autoLog=True, bold=False, color=array([1, 1, 1]), colorSpace='rgb', contrast=1.0, depth=-2.0, flipHoriz=False, flipVert=False, font='Arial', fontFiles=[], height=0.05, italic=False, languageStyle='LTR', name='fixation_2', opacity=1, ori=0, pos=array([0., 0.]), rgb=UNKNOWN, text='+', units='height', win=Window(...), wrapWidth=1)
30.8422 	EXP 	Created Nbackinstructions = TextStim(__class__=<class 'psychopy.visual.text.TextStim'>, alignHoriz=method-wrapper(...), alignText='center', alignVert=method-wrapper(...), anchorHoriz='center', anchorVert='center', antialias=True, autoLog=True, bold=False, color=array([1, 1, 1]), colorSpace='rgb', contrast=1.0, depth=0, flipHoriz=False, flipVert=False, font='Arial', fontFiles=[], height=0.05, italic=False, languageStyle='LTR', name='Nbackinstructions', opacity=1, ori=0.0, pos=array([0., 0.]), rgb=UNKNOWN, text=str(...), units='height', win=Window(...), wrapWidth=1)
30.8460 	EXP 	Created fixation_2 = TextStim(__class__=<class 'psychopy.visual.text.TextStim'>, alignHoriz=method-wrapper(...), alignText='center', alignVert=method-wrapper(...), anchorHoriz='center', anchorVert='center', antialias=True, autoLog=True, bold=False, color=array([1, 1, 1]), colorSpace='rgb', contrast=1.0, depth=-2.0, flipHoriz=False, flipVert=False, font='Arial', fontFiles=[], height=0.05, italic=False, languageStyle='LTR', name='fixation_2', opacity=1, ori=0, pos=array([0., 0.]), rgb=UNKNOWN, text='+', units='height', win=Window(...), wrapWidth=1)
31.2852 	EXP 	Created grid_lines_2 = ImageStim(__class__=<class 'psychopy.visual.image.ImageStim'>, autoLog=True, color=array([1, 1, 1]), colorSpace='rgb', contrast=1.0, depth=0.0, flipHoriz=False, flipVert=False, image='grid.png', interpolate=True, mask=None, maskParams=None, name='grid_lines_2', opacity=1, ori=0.0, pos=array([0., 0.]), size=array([0.6, 0.6]), texRes=128, units='height', win=Window(...))
31.2888 	EXP 	Created target_square_2 = Rect(__class__=<class 'psychopy.visual.rect.Rect'>, autoDraw=False, autoLog=True, closeShape=True, color=method-wrapper(...), colorSpace='rgb', contrast=None, depth=-1.0, fillColor=array([1., 1., 1.]), fillColorSpace='rgb', fillRGB=UNKNOWN, interpolate=True, lineColor=array([0, 0, 0]), lineColorSpace='rgb', lineRGB=UNKNOWN, lineWidth=1, name='target_square_2', opacity=0.5, ori=0.0, pos=array([0., 0.]), size=array([0.15, 0.15]), units='height', vertices=ndarray(...), win=Window(...))
31.2926 	EXP 	Created fixation_3 = TextStim(__class__=<class 'psychopy.visual.text.TextStim'>, alignHoriz=method-wrapper(...), alignText='center', alignVert=method-wrapper(...), anchorHoriz='center', anchorVert='center', antialias=True, autoLog=True, bold=False, color=array([1, 1, 1]), colorSpace='rgb', contrast=1.0, depth=-2.0, flipHoriz=False, flipVert=False, font='Arial', fontFiles=[], height=0.05, italic=False, languageStyle='LTR', name='fixation_3', opacity=1, ori=0, pos=array([0., 0.]), rgb=UNKNOWN, text='+', units='height', win=Window(...), wrapWidth=1)
31.2934 	EXP 	window1: mouseVisible = True
31.2979 	EXP 	window1: mouseVisible = False
31.2984 	EXP 	Created sequence: sequential, trialTypes=2, nReps=1, seed=None
31.2990 	EXP 	New trial (rep=0, index=0): OrderedDict([('RestT1', 0), ('TaskT1', 1)])
31.2994 	EXP 	Created sequence: random, trialTypes=1, nReps=0, seed=None
31.3000 	EXP 	Created sequence: random, trialTypes=1, nReps=1, seed=None
31.3003 	EXP 	New trial (rep=0, index=0): None
31.3758 	EXP 	Nbackinstructions: autoDraw = True
77.9378 	EXP 	Created unnamed TextStim = TextStim(__class__=<class 'psychopy.visual.text.TextStim'>, alignHoriz=method-wrapper(...), alignText='center', alignVert=method-wrapper(...), anchorHoriz='center', anchorVert='center', antialias=True, autoLog=True, bold=False, color=array([-0.5, -0.5, -0.5]), colorSpace='rgb', contrast=1.0, depth=0, flipHoriz=False, flipVert=False, font='', fontFiles=[], height=0.05, italic=False, languageStyle='LTR', name='unnamed TextStim', opacity=1.0, ori=0.0, pos=array([0., 0.]), rgb=UNKNOWN, text=str(...), units='height', win=Window(...), wrapWidth=1)
77.9395 	DATA 	Keypress: space
77.9551 	EXP 	Nbackinstructions: autoDraw = False
96.4779 	DATA 	Keypress: s
96.5373 	EXP 	Imported c:\Users\Dartmouth\Documents\GitHub\canlab\WASABI_public\fMRI Tasks\WASABI Task-T1\N-back-2.xlsx as conditions, 120 conditions, 3 params
96.5381 	EXP 	Created sequence: sequential, trialTypes=120, nReps=1, seed=None
96.5384 	EXP 	New trial (rep=0, index=0): {'square': 5, 'location': [0, 0], 'corrAns': None}
96.5389 	EXP 	window1: mouseVisible = False
96.5446 	EXP 	New trial (rep=0, index=1): {'square': 2, 'location': [0, 0.2], 'corrAns': None}
96.5450 	EXP 	window1: mouseVisible = False
96.5488 	EXP 	New trial (rep=0, index=2): {'square': 6, 'location': [0.2, 0], 'corrAns': None}
96.5492 	EXP 	window1: mouseVisible = False
96.5532 	EXP 	New trial (rep=0, index=3): {'square': 9, 'location': [0.2, -0.2], 'corrAns': None}
96.5536 	EXP 	window1: mouseVisible = False
96.5574 	EXP 	New trial (rep=0, index=4): {'square': 3, 'location': [0.2, 0.2], 'corrAns': None}
96.5578 	EXP 	window1: mouseVisible = False
96.5616 	EXP 	New trial (rep=0, index=5): {'square': 9, 'location': [0.2, -0.2], 'corrAns': 1}
96.5620 	EXP 	window1: mouseVisible = False
96.5659 	EXP 	New trial (rep=0, index=6): {'square': 7, 'location': [-0.2, -0.2], 'corrAns': None}
96.5663 	EXP 	window1: mouseVisible = False
96.5702 	EXP 	New trial (rep=0, index=7): {'square': 1, 'location': [-0.2, 0.2], 'corrAns': None}
96.5706 	EXP 	window1: mouseVisible = False
96.5744 	EXP 	New trial (rep=0, index=8): {'square': 5, 'location': [0, 0], 'corrAns': None}
96.5748 	EXP 	window1: mouseVisible = False
96.5886 	EXP 	fixation_2: autoDraw = False
96.5886 	EXP 	target_square_2: pos = array([0., 0.])
96.5886 	EXP 	grid_lines_2: autoDraw = False
96.5886 	EXP 	target_square_2: autoDraw = False
96.5886 	EXP 	fixation_3: autoDraw = False
96.5886 	EXP 	target_square_2: pos = array([0. , 0.2])
96.5886 	EXP 	grid_lines_2: autoDraw = False
96.5886 	EXP 	target_square_2: autoDraw = False
96.5886 	EXP 	fixation_3: autoDraw = False
96.5886 	EXP 	target_square_2: pos = array([0.2, 0. ])
96.5886 	EXP 	grid_lines_2: autoDraw = False
96.5886 	EXP 	target_square_2: autoDraw = False
96.5886 	EXP 	fixation_3: autoDraw = False
96.5886 	EXP 	target_square_2: pos = array([ 0.2, -0.2])
96.5886 	EXP 	grid_lines_2: autoDraw = False
96.5886 	EXP 	target_square_2: autoDraw = False
96.5886 	EXP 	fixation_3: autoDraw = False
96.5886 	EXP 	target_square_2: pos = array([0.2, 0.2])
96.5886 	EXP 	grid_lines_2: autoDraw = False
96.5886 	EXP 	target_square_2: autoDraw = False
96.5886 	EXP 	fixation_3: autoDraw = False
96.5886 	EXP 	target_square_2: pos = array([ 0.2, -0.2])
96.5886 	EXP 	grid_lines_2: autoDraw = False
96.5886 	EXP 	target_square_2: autoDraw = False
96.5886 	EXP 	fixation_3: autoDraw = False
96.5886 	EXP 	target_square_2: pos = array([-0.2, -0.2])
96.5886 	EXP 	grid_lines_2: autoDraw = False
96.5886 	EXP 	target_square_2: autoDraw = False
96.5886 	EXP 	fixation_3: autoDraw = False
96.5886 	EXP 	target_square_2: pos = array([-0.2,  0.2])
96.5886 	EXP 	grid_lines_2: autoDraw = False
96.5886 	EXP 	target_square_2: autoDraw = False
96.5886 	EXP 	fixation_3: autoDraw = False
96.5886 	EXP 	target_square_2: pos = array([0., 0.])
96.5886 	EXP 	grid_lines_2: autoDraw = True
96.5886 	EXP 	target_square_2: autoDraw = True
96.9258 	EXP 	New trial (rep=0, index=9): {'square': 7, 'location': [-0.2, -0.2], 'corrAns': None}
96.9263 	EXP 	window1: mouseVisible = False
96.9385 	EXP 	grid_lines_2: autoDraw = False
96.9385 	EXP 	target_square_2: autoDraw = False
96.9385 	EXP 	fixation_3: autoDraw = False
96.9385 	EXP 	target_square_2: pos = array([-0.2, -0.2])
96.9385 	EXP 	grid_lines_2: autoDraw = True
96.9385 	EXP 	target_square_2: autoDraw = True
97.9219 	EXP 	fixation_3: autoDraw = True
97.9386 	EXP 	target_square_2: autoDraw = False
98.9219 	EXP 	fixation_3: autoDraw = False
98.9259 	EXP 	New trial (rep=0, index=10): {'square': 5, 'location': [0, 0], 'corrAns': 1}
98.9264 	EXP 	window1: mouseVisible = False
98.9386 	EXP 	grid_lines_2: autoDraw = False
98.9386 	EXP 	target_square_2: autoDraw = False
98.9386 	EXP 	fixation_3: autoDraw = False
98.9386 	EXP 	target_square_2: pos = array([0., 0.])
98.9386 	EXP 	grid_lines_2: autoDraw = True
98.9386 	EXP 	target_square_2: autoDraw = True
99.8057 	DATA 	Mouse: Right button down, pos=(903,687)
99.9219 	EXP 	fixation_3: autoDraw = True
99.9386 	EXP 	target_square_2: autoDraw = False
100.0889 	DATA 	Mouse:  Right button up, pos=(903,687)
100.9219 	EXP 	fixation_3: autoDraw = False
100.9259 	EXP 	New trial (rep=0, index=11): {'square': 6, 'location': [0.2, 0], 'corrAns': None}
100.9264 	EXP 	window1: mouseVisible = False
100.9386 	EXP 	grid_lines_2: autoDraw = False
100.9386 	EXP 	target_square_2: autoDraw = False
100.9386 	EXP 	fixation_3: autoDraw = False
100.9386 	EXP 	target_square_2: pos = array([0.2, 0. ])
100.9386 	EXP 	grid_lines_2: autoDraw = True
100.9386 	EXP 	target_square_2: autoDraw = True
101.9219 	EXP 	fixation_3: autoDraw = True
101.9386 	EXP 	target_square_2: autoDraw = False
102.9219 	EXP 	fixation_3: autoDraw = False
102.9259 	EXP 	New trial (rep=0, index=12): {'square': 3, 'location': [0.2, 0.2], 'corrAns': None}
102.9264 	EXP 	window1: mouseVisible = False
102.9386 	EXP 	grid_lines_2: autoDraw = False
102.9386 	EXP 	target_square_2: autoDraw = False
102.9386 	EXP 	fixation_3: autoDraw = False
102.9386 	EXP 	target_square_2: pos = array([0.2, 0.2])
102.9386 	EXP 	grid_lines_2: autoDraw = True
102.9386 	EXP 	target_square_2: autoDraw = True
103.9219 	EXP 	fixation_3: autoDraw = True
103.9386 	EXP 	target_square_2: autoDraw = False
104.9220 	EXP 	fixation_3: autoDraw = False
104.9260 	EXP 	New trial (rep=0, index=13): {'square': 6, 'location': [0.2, 0], 'corrAns': 1}
104.9264 	EXP 	window1: mouseVisible = False
104.9386 	EXP 	grid_lines_2: autoDraw = False
104.9386 	EXP 	target_square_2: autoDraw = False
104.9386 	EXP 	fixation_3: autoDraw = False
104.9386 	EXP 	target_square_2: pos = array([0.2, 0. ])
104.9386 	EXP 	grid_lines_2: autoDraw = True
104.9386 	EXP 	target_square_2: autoDraw = True
105.6890 	DATA 	Mouse: Right button down, pos=(917,682)
105.9220 	EXP 	fixation_3: autoDraw = True
105.9386 	EXP 	target_square_2: autoDraw = False
105.9390 	DATA 	Mouse:  Right button up, pos=(917,682)
106.9220 	EXP 	fixation_3: autoDraw = False
106.9259 	EXP 	New trial (rep=0, index=14): {'square': 8, 'location': [0, -0.2], 'corrAns': None}
106.9264 	EXP 	window1: mouseVisible = False
106.9386 	EXP 	grid_lines_2: autoDraw = False
106.9386 	EXP 	target_square_2: autoDraw = False
106.9386 	EXP 	fixation_3: autoDraw = False
106.9386 	EXP 	target_square_2: pos = array([ 0. , -0.2])
106.9386 	EXP 	grid_lines_2: autoDraw = True
106.9386 	EXP 	target_square_2: autoDraw = True
107.9220 	EXP 	fixation_3: autoDraw = True
107.9386 	EXP 	target_square_2: autoDraw = False
108.9220 	EXP 	fixation_3: autoDraw = False
108.9260 	EXP 	New trial (rep=0, index=15): {'square': 9, 'location': [0.2, -0.2], 'corrAns': None}
108.9265 	EXP 	window1: mouseVisible = False
108.9386 	EXP 	grid_lines_2: autoDraw = False
108.9386 	EXP 	target_square_2: autoDraw = False
108.9386 	EXP 	fixation_3: autoDraw = False
108.9386 	EXP 	target_square_2: pos = array([ 0.2, -0.2])
108.9386 	EXP 	grid_lines_2: autoDraw = True
108.9386 	EXP 	target_square_2: autoDraw = True
109.9220 	EXP 	fixation_3: autoDraw = True
109.9387 	EXP 	target_square_2: autoDraw = False
110.9220 	EXP 	fixation_3: autoDraw = False
110.9259 	EXP 	New trial (rep=0, index=16): {'square': 9, 'location': [0.2, -0.2], 'corrAns': None}
110.9264 	EXP 	window1: mouseVisible = False
110.9386 	EXP 	grid_lines_2: autoDraw = False
110.9386 	EXP 	target_square_2: autoDraw = False
110.9386 	EXP 	fixation_3: autoDraw = False
110.9386 	EXP 	target_square_2: pos = array([ 0.2, -0.2])
110.9386 	EXP 	grid_lines_2: autoDraw = True
110.9386 	EXP 	target_square_2: autoDraw = True
111.9220 	EXP 	fixation_3: autoDraw = True
111.9385 	EXP 	target_square_2: autoDraw = False
112.9220 	EXP 	fixation_3: autoDraw = False
112.9259 	EXP 	New trial (rep=0, index=17): {'square': 1, 'location': [-0.2, 0.2], 'corrAns': None}
112.9264 	EXP 	window1: mouseVisible = False
112.9387 	EXP 	grid_lines_2: autoDraw = False
112.9387 	EXP 	target_square_2: autoDraw = False
112.9387 	EXP 	fixation_3: autoDraw = False
112.9387 	EXP 	target_square_2: pos = array([-0.2,  0.2])
112.9387 	EXP 	grid_lines_2: autoDraw = True
112.9387 	EXP 	target_square_2: autoDraw = True
113.9220 	EXP 	fixation_3: autoDraw = True
113.9387 	EXP 	target_square_2: autoDraw = False
114.9220 	EXP 	fixation_3: autoDraw = False
114.9260 	EXP 	New trial (rep=0, index=18): {'square': 3, 'location': [0.2, 0.2], 'corrAns': None}
114.9265 	EXP 	window1: mouseVisible = False
114.9386 	EXP 	grid_lines_2: autoDraw = False
114.9386 	EXP 	target_square_2: autoDraw = False
114.9386 	EXP 	fixation_3: autoDraw = False
114.9386 	EXP 	target_square_2: pos = array([0.2, 0.2])
114.9386 	EXP 	grid_lines_2: autoDraw = True
114.9386 	EXP 	target_square_2: autoDraw = True
115.9220 	EXP 	fixation_3: autoDraw = True
115.9387 	EXP 	target_square_2: autoDraw = False
116.9220 	EXP 	fixation_3: autoDraw = False
116.9259 	EXP 	New trial (rep=0, index=19): {'square': 5, 'location': [0, 0], 'corrAns': None}
116.9263 	EXP 	window1: mouseVisible = False
116.9387 	EXP 	grid_lines_2: autoDraw = False
116.9387 	EXP 	target_square_2: autoDraw = False
116.9387 	EXP 	fixation_3: autoDraw = False
116.9387 	EXP 	target_square_2: pos = array([0., 0.])
116.9387 	EXP 	grid_lines_2: autoDraw = True
116.9387 	EXP 	target_square_2: autoDraw = True
117.9220 	EXP 	fixation_3: autoDraw = True
117.9387 	EXP 	target_square_2: autoDraw = False
118.9221 	EXP 	fixation_3: autoDraw = False
118.9260 	EXP 	New trial (rep=0, index=20): {'square': 3, 'location': [0.2, 0.2], 'corrAns': 1}
118.9265 	EXP 	window1: mouseVisible = False
118.9387 	EXP 	grid_lines_2: autoDraw = False
118.9387 	EXP 	target_square_2: autoDraw = False
118.9387 	EXP 	fixation_3: autoDraw = False
118.9387 	EXP 	target_square_2: pos = array([0.2, 0.2])
118.9387 	EXP 	grid_lines_2: autoDraw = True
118.9387 	EXP 	target_square_2: autoDraw = True
119.9222 	EXP 	fixation_3: autoDraw = True
119.9226 	DATA 	Mouse: Right button down, pos=(929,688)
119.9387 	EXP 	target_square_2: autoDraw = False
120.2057 	DATA 	Mouse:  Right button up, pos=(929,688)
120.9221 	EXP 	fixation_3: autoDraw = False
120.9261 	EXP 	New trial (rep=0, index=21): {'square': 4, 'location': [-0.2, 0], 'corrAns': None}
120.9266 	EXP 	window1: mouseVisible = False
120.9387 	EXP 	grid_lines_2: autoDraw = False
120.9387 	EXP 	target_square_2: autoDraw = False
120.9387 	EXP 	fixation_3: autoDraw = False
120.9387 	EXP 	target_square_2: pos = array([-0.2,  0. ])
120.9387 	EXP 	grid_lines_2: autoDraw = True
120.9387 	EXP 	target_square_2: autoDraw = True
121.9221 	EXP 	fixation_3: autoDraw = True
121.9387 	EXP 	target_square_2: autoDraw = False
122.9221 	EXP 	fixation_3: autoDraw = False
122.9260 	EXP 	New trial (rep=0, index=22): {'square': 7, 'location': [-0.2, -0.2], 'corrAns': None}
122.9265 	EXP 	window1: mouseVisible = False
122.9387 	EXP 	grid_lines_2: autoDraw = False
122.9387 	EXP 	target_square_2: autoDraw = False
122.9387 	EXP 	fixation_3: autoDraw = False
122.9387 	EXP 	target_square_2: pos = array([-0.2, -0.2])
122.9387 	EXP 	grid_lines_2: autoDraw = True
122.9387 	EXP 	target_square_2: autoDraw = True
123.9221 	EXP 	fixation_3: autoDraw = True
123.9387 	EXP 	target_square_2: autoDraw = False
124.9221 	EXP 	fixation_3: autoDraw = False
124.9261 	EXP 	New trial (rep=0, index=23): {'square': 4, 'location': [-0.2, 0], 'corrAns': 1}
124.9266 	EXP 	window1: mouseVisible = False
124.9388 	EXP 	grid_lines_2: autoDraw = False
124.9388 	EXP 	target_square_2: autoDraw = False
124.9388 	EXP 	fixation_3: autoDraw = False
124.9388 	EXP 	target_square_2: pos = array([-0.2,  0. ])
124.9388 	EXP 	grid_lines_2: autoDraw = True
124.9388 	EXP 	target_square_2: autoDraw = True
125.9221 	EXP 	fixation_3: autoDraw = True
125.9224 	DATA 	Mouse: Right button down, pos=(933,692)
125.9388 	EXP 	target_square_2: autoDraw = False
126.1557 	DATA 	Mouse:  Right button up, pos=(933,692)
126.9221 	EXP 	fixation_3: autoDraw = False
126.9261 	EXP 	New trial (rep=0, index=24): {'square': 4, 'location': [-0.2, 0], 'corrAns': None}
126.9266 	EXP 	window1: mouseVisible = False
126.9388 	EXP 	grid_lines_2: autoDraw = False
126.9388 	EXP 	target_square_2: autoDraw = False
126.9388 	EXP 	fixation_3: autoDraw = False
126.9388 	EXP 	target_square_2: pos = array([-0.2,  0. ])
126.9388 	EXP 	grid_lines_2: autoDraw = True
126.9388 	EXP 	target_square_2: autoDraw = True
127.9221 	EXP 	fixation_3: autoDraw = True
127.9388 	EXP 	target_square_2: autoDraw = False
128.9221 	EXP 	fixation_3: autoDraw = False
128.9261 	EXP 	New trial (rep=0, index=25): {'square': 5, 'location': [0, 0], 'corrAns': None}
128.9265 	EXP 	window1: mouseVisible = False
128.9388 	EXP 	grid_lines_2: autoDraw = False
128.9388 	EXP 	target_square_2: autoDraw = False
128.9388 	EXP 	fixation_3: autoDraw = False
128.9388 	EXP 	target_square_2: pos = array([0., 0.])
128.9388 	EXP 	grid_lines_2: autoDraw = True
128.9388 	EXP 	target_square_2: autoDraw = True
129.9221 	EXP 	fixation_3: autoDraw = True
129.9388 	EXP 	target_square_2: autoDraw = False
130.9221 	EXP 	fixation_3: autoDraw = False
130.9260 	EXP 	New trial (rep=0, index=26): {'square': 2, 'location': [0, 0.2], 'corrAns': None}
130.9265 	EXP 	window1: mouseVisible = False
130.9388 	EXP 	grid_lines_2: autoDraw = False
130.9388 	EXP 	target_square_2: autoDraw = False
130.9388 	EXP 	fixation_3: autoDraw = False
130.9388 	EXP 	target_square_2: pos = array([0. , 0.2])
130.9388 	EXP 	grid_lines_2: autoDraw = True
130.9388 	EXP 	target_square_2: autoDraw = True
131.9221 	EXP 	fixation_3: autoDraw = True
131.9388 	EXP 	target_square_2: autoDraw = False
132.9221 	EXP 	fixation_3: autoDraw = False
132.9261 	EXP 	New trial (rep=0, index=27): {'square': 6, 'location': [0.2, 0], 'corrAns': None}
132.9266 	EXP 	window1: mouseVisible = False
132.9388 	EXP 	grid_lines_2: autoDraw = False
132.9388 	EXP 	target_square_2: autoDraw = False
132.9388 	EXP 	fixation_3: autoDraw = False
132.9388 	EXP 	target_square_2: pos = array([0.2, 0. ])
132.9388 	EXP 	grid_lines_2: autoDraw = True
132.9388 	EXP 	target_square_2: autoDraw = True
133.9222 	EXP 	fixation_3: autoDraw = True
133.9388 	EXP 	target_square_2: autoDraw = False
134.9222 	EXP 	fixation_3: autoDraw = False
134.9263 	EXP 	New trial (rep=0, index=28): {'square': 7, 'location': [-0.2, -0.2], 'corrAns': None}
134.9268 	EXP 	window1: mouseVisible = False
134.9388 	EXP 	grid_lines_2: autoDraw = False
134.9388 	EXP 	target_square_2: autoDraw = False
134.9388 	EXP 	fixation_3: autoDraw = False
134.9388 	EXP 	target_square_2: pos = array([-0.2, -0.2])
134.9388 	EXP 	grid_lines_2: autoDraw = True
134.9388 	EXP 	target_square_2: autoDraw = True
135.9222 	EXP 	fixation_3: autoDraw = True
135.9389 	EXP 	target_square_2: autoDraw = False
136.9221 	EXP 	fixation_3: autoDraw = False
136.9260 	EXP 	New trial (rep=0, index=29): {'square': 6, 'location': [0.2, 0], 'corrAns': 1}
136.9265 	EXP 	window1: mouseVisible = False
136.9389 	EXP 	grid_lines_2: autoDraw = False
136.9389 	EXP 	target_square_2: autoDraw = False
136.9389 	EXP 	fixation_3: autoDraw = False
136.9389 	EXP 	target_square_2: pos = array([0.2, 0. ])
136.9389 	EXP 	grid_lines_2: autoDraw = True
136.9389 	EXP 	target_square_2: autoDraw = True
137.9222 	EXP 	fixation_3: autoDraw = True
137.9389 	EXP 	target_square_2: autoDraw = False
138.9222 	EXP 	fixation_3: autoDraw = False
138.9264 	EXP 	New trial (rep=0, index=30): {'square': 6, 'location': [0.2, 0], 'corrAns': None}
138.9269 	EXP 	window1: mouseVisible = False
138.9389 	EXP 	grid_lines_2: autoDraw = False
138.9389 	EXP 	target_square_2: autoDraw = False
138.9389 	EXP 	fixation_3: autoDraw = False
138.9389 	EXP 	target_square_2: pos = array([0.2, 0. ])
138.9389 	EXP 	grid_lines_2: autoDraw = True
138.9389 	EXP 	target_square_2: autoDraw = True
139.9222 	EXP 	fixation_3: autoDraw = True
139.9389 	EXP 	target_square_2: autoDraw = False
140.9222 	EXP 	fixation_3: autoDraw = False
140.9263 	EXP 	New trial (rep=0, index=31): {'square': 7, 'location': [-0.2, -0.2], 'corrAns': None}
140.9267 	EXP 	window1: mouseVisible = False
140.9389 	EXP 	grid_lines_2: autoDraw = False
140.9389 	EXP 	target_square_2: autoDraw = False
140.9389 	EXP 	fixation_3: autoDraw = False
140.9389 	EXP 	target_square_2: pos = array([-0.2, -0.2])
140.9389 	EXP 	grid_lines_2: autoDraw = True
140.9389 	EXP 	target_square_2: autoDraw = True
141.9222 	EXP 	fixation_3: autoDraw = True
141.9389 	EXP 	target_square_2: autoDraw = False
142.9222 	EXP 	fixation_3: autoDraw = False
142.9263 	EXP 	New trial (rep=0, index=32): {'square': 6, 'location': [0.2, 0], 'corrAns': 1}
142.9268 	EXP 	window1: mouseVisible = False
142.9389 	EXP 	grid_lines_2: autoDraw = False
142.9389 	EXP 	target_square_2: autoDraw = False
142.9389 	EXP 	fixation_3: autoDraw = False
142.9389 	EXP 	target_square_2: pos = array([0.2, 0. ])
142.9389 	EXP 	grid_lines_2: autoDraw = True
142.9389 	EXP 	target_square_2: autoDraw = True
143.9221 	EXP 	fixation_3: autoDraw = True
143.9389 	EXP 	target_square_2: autoDraw = False
144.1225 	DATA 	Mouse: Right button down, pos=(939,687)
144.3892 	DATA 	Mouse:  Right button up, pos=(939,687)
144.9223 	EXP 	fixation_3: autoDraw = False
144.9264 	EXP 	New trial (rep=0, index=33): {'square': 2, 'location': [0, 0.2], 'corrAns': None}
144.9268 	EXP 	window1: mouseVisible = False
144.9389 	EXP 	grid_lines_2: autoDraw = False
144.9389 	EXP 	target_square_2: autoDraw = False
144.9389 	EXP 	fixation_3: autoDraw = False
144.9389 	EXP 	target_square_2: pos = array([0. , 0.2])
144.9389 	EXP 	grid_lines_2: autoDraw = True
144.9389 	EXP 	target_square_2: autoDraw = True
145.9223 	EXP 	fixation_3: autoDraw = True
145.9389 	EXP 	target_square_2: autoDraw = False
146.9223 	EXP 	fixation_3: autoDraw = False
146.9263 	EXP 	New trial (rep=0, index=34): {'square': 5, 'location': [0, 0], 'corrAns': None}
146.9267 	EXP 	window1: mouseVisible = False
146.9390 	EXP 	grid_lines_2: autoDraw = False
146.9390 	EXP 	target_square_2: autoDraw = False
146.9390 	EXP 	fixation_3: autoDraw = False
146.9390 	EXP 	target_square_2: pos = array([0., 0.])
146.9390 	EXP 	grid_lines_2: autoDraw = True
146.9390 	EXP 	target_square_2: autoDraw = True
147.9223 	EXP 	fixation_3: autoDraw = True
147.9389 	EXP 	target_square_2: autoDraw = False
148.9223 	EXP 	fixation_3: autoDraw = False
148.9264 	EXP 	New trial (rep=0, index=35): {'square': 4, 'location': [-0.2, 0], 'corrAns': None}
148.9268 	EXP 	window1: mouseVisible = False
148.9389 	EXP 	grid_lines_2: autoDraw = False
148.9389 	EXP 	target_square_2: autoDraw = False
148.9389 	EXP 	fixation_3: autoDraw = False
148.9389 	EXP 	target_square_2: pos = array([-0.2,  0. ])
148.9389 	EXP 	grid_lines_2: autoDraw = True
148.9389 	EXP 	target_square_2: autoDraw = True
149.9223 	EXP 	fixation_3: autoDraw = True
149.9390 	EXP 	target_square_2: autoDraw = False
150.9223 	EXP 	fixation_3: autoDraw = False
150.9263 	EXP 	New trial (rep=0, index=36): {'square': 4, 'location': [-0.2, 0], 'corrAns': None}
150.9267 	EXP 	window1: mouseVisible = False
150.9390 	EXP 	grid_lines_2: autoDraw = False
150.9390 	EXP 	target_square_2: autoDraw = False
150.9390 	EXP 	fixation_3: autoDraw = False
150.9390 	EXP 	target_square_2: pos = array([-0.2,  0. ])
150.9390 	EXP 	grid_lines_2: autoDraw = True
150.9390 	EXP 	target_square_2: autoDraw = True
151.9223 	EXP 	fixation_3: autoDraw = True
151.9390 	EXP 	target_square_2: autoDraw = False
152.9223 	EXP 	fixation_3: autoDraw = False
152.9263 	EXP 	New trial (rep=0, index=37): {'square': 7, 'location': [-0.2, -0.2], 'corrAns': None}
152.9268 	EXP 	window1: mouseVisible = False
152.9390 	EXP 	grid_lines_2: autoDraw = False
152.9390 	EXP 	target_square_2: autoDraw = False
152.9390 	EXP 	fixation_3: autoDraw = False
152.9390 	EXP 	target_square_2: pos = array([-0.2, -0.2])
152.9390 	EXP 	grid_lines_2: autoDraw = True
152.9390 	EXP 	target_square_2: autoDraw = True
153.9224 	EXP 	fixation_3: autoDraw = True
153.9390 	EXP 	target_square_2: autoDraw = False
154.9223 	EXP 	fixation_3: autoDraw = False
154.9267 	EXP 	New trial (rep=0, index=38): {'square': 4, 'location': [-0.2, 0], 'corrAns': 1}
154.9272 	EXP 	window1: mouseVisible = False
154.9390 	EXP 	grid_lines_2: autoDraw = False
154.9390 	EXP 	target_square_2: autoDraw = False
154.9390 	EXP 	fixation_3: autoDraw = False
154.9390 	EXP 	target_square_2: pos = array([-0.2,  0. ])
154.9390 	EXP 	grid_lines_2: autoDraw = True
154.9390 	EXP 	target_square_2: autoDraw = True
155.6393 	DATA 	Mouse: Right button down, pos=(949,688)
155.8892 	DATA 	Mouse:  Right button up, pos=(949,688)
155.9223 	EXP 	fixation_3: autoDraw = True
155.9390 	EXP 	target_square_2: autoDraw = False
156.9224 	EXP 	fixation_3: autoDraw = False
156.9263 	EXP 	New trial (rep=0, index=39): {'square': 3, 'location': [0.2, 0.2], 'corrAns': None}
156.9268 	EXP 	window1: mouseVisible = False
156.9390 	EXP 	grid_lines_2: autoDraw = False
156.9390 	EXP 	target_square_2: autoDraw = False
156.9390 	EXP 	fixation_3: autoDraw = False
156.9390 	EXP 	target_square_2: pos = array([0.2, 0.2])
156.9390 	EXP 	grid_lines_2: autoDraw = True
156.9390 	EXP 	target_square_2: autoDraw = True
157.9223 	EXP 	fixation_3: autoDraw = True
157.9390 	EXP 	target_square_2: autoDraw = False
158.9224 	EXP 	fixation_3: autoDraw = False
158.9263 	EXP 	New trial (rep=0, index=40): {'square': 5, 'location': [0, 0], 'corrAns': None}
158.9267 	EXP 	window1: mouseVisible = False
158.9390 	EXP 	grid_lines_2: autoDraw = False
158.9390 	EXP 	target_square_2: autoDraw = False
158.9390 	EXP 	fixation_3: autoDraw = False
158.9390 	EXP 	target_square_2: pos = array([0., 0.])
158.9390 	EXP 	grid_lines_2: autoDraw = True
158.9390 	EXP 	target_square_2: autoDraw = True
159.9224 	EXP 	fixation_3: autoDraw = True
159.9390 	EXP 	target_square_2: autoDraw = False
160.9224 	EXP 	fixation_3: autoDraw = False
160.9263 	EXP 	New trial (rep=0, index=41): {'square': 3, 'location': [0.2, 0.2], 'corrAns': 1}
160.9268 	EXP 	window1: mouseVisible = False
160.9389 	EXP 	grid_lines_2: autoDraw = False
160.9389 	EXP 	target_square_2: autoDraw = False
160.9389 	EXP 	fixation_3: autoDraw = False
160.9389 	EXP 	target_square_2: pos = array([0.2, 0.2])
160.9389 	EXP 	grid_lines_2: autoDraw = True
160.9389 	EXP 	target_square_2: autoDraw = True
161.9224 	EXP 	fixation_3: autoDraw = True
161.9390 	EXP 	target_square_2: autoDraw = False
162.0893 	DATA 	Mouse: Right button down, pos=(971,682)
162.3393 	DATA 	Mouse:  Right button up, pos=(971,682)
162.9224 	EXP 	fixation_3: autoDraw = False
162.9265 	EXP 	New trial (rep=0, index=42): {'square': 1, 'location': [-0.2, 0.2], 'corrAns': None}
162.9270 	EXP 	window1: mouseVisible = False
162.9390 	EXP 	grid_lines_2: autoDraw = False
162.9390 	EXP 	target_square_2: autoDraw = False
162.9390 	EXP 	fixation_3: autoDraw = False
162.9390 	EXP 	target_square_2: pos = array([-0.2,  0.2])
162.9390 	EXP 	grid_lines_2: autoDraw = True
162.9390 	EXP 	target_square_2: autoDraw = True
163.9224 	EXP 	fixation_3: autoDraw = True
163.9390 	EXP 	target_square_2: autoDraw = False
164.9224 	EXP 	fixation_3: autoDraw = False
164.9265 	EXP 	New trial (rep=0, index=43): {'square': 9, 'location': [0.2, -0.2], 'corrAns': None}
164.9270 	EXP 	window1: mouseVisible = False
164.9391 	EXP 	grid_lines_2: autoDraw = False
164.9391 	EXP 	target_square_2: autoDraw = False
164.9391 	EXP 	fixation_3: autoDraw = False
164.9391 	EXP 	target_square_2: pos = array([ 0.2, -0.2])
164.9391 	EXP 	grid_lines_2: autoDraw = True
164.9391 	EXP 	target_square_2: autoDraw = True
165.9224 	EXP 	fixation_3: autoDraw = True
165.9391 	EXP 	target_square_2: autoDraw = False
166.9224 	EXP 	fixation_3: autoDraw = False
166.9264 	EXP 	New trial (rep=0, index=44): {'square': 9, 'location': [0.2, -0.2], 'corrAns': None}
166.9269 	EXP 	window1: mouseVisible = False
166.9391 	EXP 	grid_lines_2: autoDraw = False
166.9391 	EXP 	target_square_2: autoDraw = False
166.9391 	EXP 	fixation_3: autoDraw = False
166.9391 	EXP 	target_square_2: pos = array([ 0.2, -0.2])
166.9391 	EXP 	grid_lines_2: autoDraw = True
166.9391 	EXP 	target_square_2: autoDraw = True
167.9224 	EXP 	fixation_3: autoDraw = True
167.9391 	EXP 	target_square_2: autoDraw = False
168.9225 	EXP 	fixation_3: autoDraw = False
168.9265 	EXP 	New trial (rep=0, index=45): {'square': 8, 'location': [0, -0.2], 'corrAns': None}
168.9270 	EXP 	window1: mouseVisible = False
168.9391 	EXP 	grid_lines_2: autoDraw = False
168.9391 	EXP 	target_square_2: autoDraw = False
168.9391 	EXP 	fixation_3: autoDraw = False
168.9391 	EXP 	target_square_2: pos = array([ 0. , -0.2])
168.9391 	EXP 	grid_lines_2: autoDraw = True
168.9391 	EXP 	target_square_2: autoDraw = True
169.9224 	EXP 	fixation_3: autoDraw = True
169.9391 	EXP 	target_square_2: autoDraw = False
170.9225 	EXP 	fixation_3: autoDraw = False
170.9264 	EXP 	New trial (rep=0, index=46): {'square': 6, 'location': [0.2, 0], 'corrAns': None}
170.9269 	EXP 	window1: mouseVisible = False
170.9391 	EXP 	grid_lines_2: autoDraw = False
170.9391 	EXP 	target_square_2: autoDraw = False
170.9391 	EXP 	fixation_3: autoDraw = False
170.9391 	EXP 	target_square_2: pos = array([0.2, 0. ])
170.9391 	EXP 	grid_lines_2: autoDraw = True
170.9391 	EXP 	target_square_2: autoDraw = True
171.9225 	EXP 	fixation_3: autoDraw = True
171.9391 	EXP 	target_square_2: autoDraw = False
172.9225 	EXP 	fixation_3: autoDraw = False
172.9265 	EXP 	New trial (rep=0, index=47): {'square': 3, 'location': [0.2, 0.2], 'corrAns': None}
172.9270 	EXP 	window1: mouseVisible = False
172.9391 	EXP 	grid_lines_2: autoDraw = False
172.9391 	EXP 	target_square_2: autoDraw = False
172.9391 	EXP 	fixation_3: autoDraw = False
172.9391 	EXP 	target_square_2: pos = array([0.2, 0.2])
172.9391 	EXP 	grid_lines_2: autoDraw = True
172.9391 	EXP 	target_square_2: autoDraw = True
173.9225 	EXP 	fixation_3: autoDraw = True
173.9391 	EXP 	target_square_2: autoDraw = False
174.9225 	EXP 	fixation_3: autoDraw = False
174.9267 	EXP 	New trial (rep=0, index=48): {'square': 6, 'location': [0.2, 0], 'corrAns': 1}
174.9272 	EXP 	window1: mouseVisible = False
174.9391 	EXP 	grid_lines_2: autoDraw = False
174.9391 	EXP 	target_square_2: autoDraw = False
174.9391 	EXP 	fixation_3: autoDraw = False
174.9391 	EXP 	target_square_2: pos = array([0.2, 0. ])
174.9391 	EXP 	grid_lines_2: autoDraw = True
174.9391 	EXP 	target_square_2: autoDraw = True
175.9225 	EXP 	fixation_3: autoDraw = True
175.9391 	EXP 	target_square_2: autoDraw = False
175.9395 	DATA 	Mouse: Right button down, pos=(984,680)
176.2061 	DATA 	Mouse:  Right button up, pos=(984,680)
176.9225 	EXP 	fixation_3: autoDraw = False
176.9265 	EXP 	New trial (rep=0, index=49): {'square': 5, 'location': [0, 0], 'corrAns': None}
176.9269 	EXP 	window1: mouseVisible = False
176.9391 	EXP 	grid_lines_2: autoDraw = False
176.9391 	EXP 	target_square_2: autoDraw = False
176.9391 	EXP 	fixation_3: autoDraw = False
176.9391 	EXP 	target_square_2: pos = array([0., 0.])
176.9391 	EXP 	grid_lines_2: autoDraw = True
176.9391 	EXP 	target_square_2: autoDraw = True
177.9225 	EXP 	fixation_3: autoDraw = True
177.9392 	EXP 	target_square_2: autoDraw = False
178.9225 	EXP 	fixation_3: autoDraw = False
178.9265 	EXP 	New trial (rep=0, index=50): {'square': 7, 'location': [-0.2, -0.2], 'corrAns': None}
178.9270 	EXP 	window1: mouseVisible = False
178.9392 	EXP 	grid_lines_2: autoDraw = False
178.9392 	EXP 	target_square_2: autoDraw = False
178.9392 	EXP 	fixation_3: autoDraw = False
178.9392 	EXP 	target_square_2: pos = array([-0.2, -0.2])
178.9392 	EXP 	grid_lines_2: autoDraw = True
178.9392 	EXP 	target_square_2: autoDraw = True
179.9225 	EXP 	fixation_3: autoDraw = True
179.9392 	EXP 	target_square_2: autoDraw = False
180.9225 	EXP 	fixation_3: autoDraw = False
180.9266 	EXP 	New trial (rep=0, index=51): {'square': 5, 'location': [0, 0], 'corrAns': 1}
180.9270 	EXP 	window1: mouseVisible = False
180.9392 	EXP 	grid_lines_2: autoDraw = False
180.9392 	EXP 	target_square_2: autoDraw = False
180.9392 	EXP 	fixation_3: autoDraw = False
180.9392 	EXP 	target_square_2: pos = array([0., 0.])
180.9392 	EXP 	grid_lines_2: autoDraw = True
180.9392 	EXP 	target_square_2: autoDraw = True
181.6090 	DATA 	Mouse: Right button down, pos=(998,675)
181.8590 	DATA 	Mouse:  Right button up, pos=(998,675)
181.9225 	EXP 	fixation_3: autoDraw = True
181.9392 	EXP 	target_square_2: autoDraw = False
182.9225 	EXP 	fixation_3: autoDraw = False
182.9265 	EXP 	New trial (rep=0, index=52): {'square': 1, 'location': [-0.2, 0.2], 'corrAns': None}
182.9270 	EXP 	window1: mouseVisible = False
182.9392 	EXP 	grid_lines_2: autoDraw = False
182.9392 	EXP 	target_square_2: autoDraw = False
182.9392 	EXP 	fixation_3: autoDraw = False
182.9392 	EXP 	target_square_2: pos = array([-0.2,  0.2])
182.9392 	EXP 	grid_lines_2: autoDraw = True
182.9392 	EXP 	target_square_2: autoDraw = True
183.9225 	EXP 	fixation_3: autoDraw = True
183.9392 	EXP 	target_square_2: autoDraw = False
184.9225 	EXP 	fixation_3: autoDraw = False
184.9267 	EXP 	New trial (rep=0, index=53): {'square': 7, 'location': [-0.2, -0.2], 'corrAns': None}
184.9272 	EXP 	window1: mouseVisible = False
184.9392 	EXP 	grid_lines_2: autoDraw = False
184.9392 	EXP 	target_square_2: autoDraw = False
184.9392 	EXP 	fixation_3: autoDraw = False
184.9392 	EXP 	target_square_2: pos = array([-0.2, -0.2])
184.9392 	EXP 	grid_lines_2: autoDraw = True
184.9392 	EXP 	target_square_2: autoDraw = True
185.9225 	EXP 	fixation_3: autoDraw = True
185.9392 	EXP 	target_square_2: autoDraw = False
186.9226 	EXP 	fixation_3: autoDraw = False
186.9267 	EXP 	New trial (rep=0, index=54): {'square': 9, 'location': [0.2, -0.2], 'corrAns': None}
186.9272 	EXP 	window1: mouseVisible = False
186.9392 	EXP 	grid_lines_2: autoDraw = False
186.9392 	EXP 	target_square_2: autoDraw = False
186.9392 	EXP 	fixation_3: autoDraw = False
186.9392 	EXP 	target_square_2: pos = array([ 0.2, -0.2])
186.9392 	EXP 	grid_lines_2: autoDraw = True
186.9392 	EXP 	target_square_2: autoDraw = True
187.9226 	EXP 	fixation_3: autoDraw = True
187.9392 	EXP 	target_square_2: autoDraw = False
188.9226 	EXP 	fixation_3: autoDraw = False
188.9265 	EXP 	New trial (rep=0, index=55): {'square': 3, 'location': [0.2, 0.2], 'corrAns': None}
188.9270 	EXP 	window1: mouseVisible = False
188.9392 	EXP 	grid_lines_2: autoDraw = False
188.9392 	EXP 	target_square_2: autoDraw = False
188.9392 	EXP 	fixation_3: autoDraw = False
188.9392 	EXP 	target_square_2: pos = array([0.2, 0.2])
188.9392 	EXP 	grid_lines_2: autoDraw = True
188.9392 	EXP 	target_square_2: autoDraw = True
189.9226 	EXP 	fixation_3: autoDraw = True
189.9393 	EXP 	target_square_2: autoDraw = False
190.9227 	EXP 	fixation_3: autoDraw = False
190.9266 	EXP 	New trial (rep=0, index=56): {'square': 9, 'location': [0.2, -0.2], 'corrAns': 1}
190.9271 	EXP 	window1: mouseVisible = False
190.9393 	EXP 	grid_lines_2: autoDraw = False
190.9393 	EXP 	target_square_2: autoDraw = False
190.9393 	EXP 	fixation_3: autoDraw = False
190.9393 	EXP 	target_square_2: pos = array([ 0.2, -0.2])
190.9393 	EXP 	grid_lines_2: autoDraw = True
190.9393 	EXP 	target_square_2: autoDraw = True
191.5563 	DATA 	Mouse: Right button down, pos=(1000,674)
191.8229 	DATA 	Mouse:  Right button up, pos=(1000,674)
191.9225 	EXP 	fixation_3: autoDraw = True
191.9392 	EXP 	target_square_2: autoDraw = False
192.9226 	EXP 	fixation_3: autoDraw = False
192.9265 	EXP 	New trial (rep=0, index=57): {'square': 6, 'location': [0.2, 0], 'corrAns': None}
192.9270 	EXP 	window1: mouseVisible = False
192.9393 	EXP 	grid_lines_2: autoDraw = False
192.9393 	EXP 	target_square_2: autoDraw = False
192.9393 	EXP 	fixation_3: autoDraw = False
192.9393 	EXP 	target_square_2: pos = array([0.2, 0. ])
192.9393 	EXP 	grid_lines_2: autoDraw = True
192.9393 	EXP 	target_square_2: autoDraw = True
193.9226 	EXP 	fixation_3: autoDraw = True
193.9393 	EXP 	target_square_2: autoDraw = False
194.9226 	EXP 	fixation_3: autoDraw = False
194.9267 	EXP 	New trial (rep=0, index=58): {'square': 2, 'location': [0, 0.2], 'corrAns': None}
194.9272 	EXP 	window1: mouseVisible = False
194.9393 	EXP 	grid_lines_2: autoDraw = False
194.9393 	EXP 	target_square_2: autoDraw = False
194.9393 	EXP 	fixation_3: autoDraw = False
194.9393 	EXP 	target_square_2: pos = array([0. , 0.2])
194.9393 	EXP 	grid_lines_2: autoDraw = True
194.9393 	EXP 	target_square_2: autoDraw = True
195.9226 	EXP 	fixation_3: autoDraw = True
195.9393 	EXP 	target_square_2: autoDraw = False
196.9226 	EXP 	fixation_3: autoDraw = False
196.9266 	EXP 	New trial (rep=0, index=59): {'square': 5, 'location': [0, 0], 'corrAns': None}
196.9270 	EXP 	window1: mouseVisible = False
196.9393 	EXP 	grid_lines_2: autoDraw = False
196.9393 	EXP 	target_square_2: autoDraw = False
196.9393 	EXP 	fixation_3: autoDraw = False
196.9393 	EXP 	target_square_2: pos = array([0., 0.])
196.9393 	EXP 	grid_lines_2: autoDraw = True
196.9393 	EXP 	target_square_2: autoDraw = True
197.9227 	EXP 	fixation_3: autoDraw = True
197.9393 	EXP 	target_square_2: autoDraw = False
198.9227 	EXP 	fixation_3: autoDraw = False
198.9266 	EXP 	New trial (rep=0, index=60): {'square': 5, 'location': [0, 0], 'corrAns': None}
198.9271 	EXP 	window1: mouseVisible = False
198.9393 	EXP 	grid_lines_2: autoDraw = False
198.9393 	EXP 	target_square_2: autoDraw = False
198.9393 	EXP 	fixation_3: autoDraw = False
198.9393 	EXP 	target_square_2: pos = array([0., 0.])
198.9393 	EXP 	grid_lines_2: autoDraw = True
198.9393 	EXP 	target_square_2: autoDraw = True
199.9227 	EXP 	fixation_3: autoDraw = True
199.9393 	EXP 	target_square_2: autoDraw = False
200.9227 	EXP 	fixation_3: autoDraw = False
200.9266 	EXP 	New trial (rep=0, index=61): {'square': 2, 'location': [0, 0.2], 'corrAns': None}
200.9271 	EXP 	window1: mouseVisible = False
200.9393 	EXP 	grid_lines_2: autoDraw = False
200.9393 	EXP 	target_square_2: autoDraw = False
200.9393 	EXP 	fixation_3: autoDraw = False
200.9393 	EXP 	target_square_2: pos = array([0. , 0.2])
200.9393 	EXP 	grid_lines_2: autoDraw = True
200.9393 	EXP 	target_square_2: autoDraw = True
201.9227 	EXP 	fixation_3: autoDraw = True
201.9393 	EXP 	target_square_2: autoDraw = False
202.9226 	EXP 	fixation_3: autoDraw = False
202.9266 	EXP 	New trial (rep=0, index=62): {'square': 6, 'location': [0.2, 0], 'corrAns': None}
202.9270 	EXP 	window1: mouseVisible = False
202.9393 	EXP 	grid_lines_2: autoDraw = False
202.9393 	EXP 	target_square_2: autoDraw = False
202.9393 	EXP 	fixation_3: autoDraw = False
202.9393 	EXP 	target_square_2: pos = array([0.2, 0. ])
202.9393 	EXP 	grid_lines_2: autoDraw = True
202.9393 	EXP 	target_square_2: autoDraw = True
203.9227 	EXP 	fixation_3: autoDraw = True
203.9394 	EXP 	target_square_2: autoDraw = False
204.9227 	EXP 	fixation_3: autoDraw = False
204.9266 	EXP 	New trial (rep=0, index=63): {'square': 9, 'location': [0.2, -0.2], 'corrAns': None}
204.9272 	EXP 	window1: mouseVisible = False
204.9394 	EXP 	grid_lines_2: autoDraw = False
204.9394 	EXP 	target_square_2: autoDraw = False
204.9394 	EXP 	fixation_3: autoDraw = False
204.9394 	EXP 	target_square_2: pos = array([ 0.2, -0.2])
204.9394 	EXP 	grid_lines_2: autoDraw = True
204.9394 	EXP 	target_square_2: autoDraw = True
205.9227 	EXP 	fixation_3: autoDraw = True
205.9394 	EXP 	target_square_2: autoDraw = False
206.9227 	EXP 	fixation_3: autoDraw = False
206.9268 	EXP 	New trial (rep=0, index=64): {'square': 3, 'location': [0.2, 0.2], 'corrAns': None}
206.9273 	EXP 	window1: mouseVisible = False
206.9394 	EXP 	grid_lines_2: autoDraw = False
206.9394 	EXP 	target_square_2: autoDraw = False
206.9394 	EXP 	fixation_3: autoDraw = False
206.9394 	EXP 	target_square_2: pos = array([0.2, 0.2])
206.9394 	EXP 	grid_lines_2: autoDraw = True
206.9394 	EXP 	target_square_2: autoDraw = True
207.9227 	EXP 	fixation_3: autoDraw = True
207.9394 	EXP 	target_square_2: autoDraw = False
208.9227 	EXP 	fixation_3: autoDraw = False
208.9267 	EXP 	New trial (rep=0, index=65): {'square': 9, 'location': [0.2, -0.2], 'corrAns': 1}
208.9273 	EXP 	window1: mouseVisible = False
208.9394 	EXP 	grid_lines_2: autoDraw = False
208.9394 	EXP 	target_square_2: autoDraw = False
208.9394 	EXP 	fixation_3: autoDraw = False
208.9394 	EXP 	target_square_2: pos = array([ 0.2, -0.2])
208.9394 	EXP 	grid_lines_2: autoDraw = True
208.9394 	EXP 	target_square_2: autoDraw = True
209.5398 	DATA 	Mouse: Right button down, pos=(1000,674)
209.8230 	DATA 	Mouse:  Right button up, pos=(1000,674)
209.9227 	EXP 	fixation_3: autoDraw = True
209.9394 	EXP 	target_square_2: autoDraw = False
210.9228 	EXP 	fixation_3: autoDraw = False
210.9267 	EXP 	New trial (rep=0, index=66): {'square': 7, 'location': [-0.2, -0.2], 'corrAns': None}
210.9273 	EXP 	window1: mouseVisible = False
210.9394 	EXP 	grid_lines_2: autoDraw = False
210.9394 	EXP 	target_square_2: autoDraw = False
210.9394 	EXP 	fixation_3: autoDraw = False
210.9394 	EXP 	target_square_2: pos = array([-0.2, -0.2])
210.9394 	EXP 	grid_lines_2: autoDraw = True
210.9394 	EXP 	target_square_2: autoDraw = True
211.9228 	EXP 	fixation_3: autoDraw = True
211.9394 	EXP 	target_square_2: autoDraw = False
212.9228 	EXP 	fixation_3: autoDraw = False
212.9267 	EXP 	New trial (rep=0, index=67): {'square': 1, 'location': [-0.2, 0.2], 'corrAns': None}
212.9272 	EXP 	window1: mouseVisible = False
212.9394 	EXP 	grid_lines_2: autoDraw = False
212.9394 	EXP 	target_square_2: autoDraw = False
212.9394 	EXP 	fixation_3: autoDraw = False
212.9394 	EXP 	target_square_2: pos = array([-0.2,  0.2])
212.9394 	EXP 	grid_lines_2: autoDraw = True
212.9394 	EXP 	target_square_2: autoDraw = True
213.9228 	EXP 	fixation_3: autoDraw = True
213.9394 	EXP 	target_square_2: autoDraw = False
214.9228 	EXP 	fixation_3: autoDraw = False
214.9268 	EXP 	New trial (rep=0, index=68): {'square': 5, 'location': [0, 0], 'corrAns': None}
214.9273 	EXP 	window1: mouseVisible = False
214.9394 	EXP 	grid_lines_2: autoDraw = False
214.9394 	EXP 	target_square_2: autoDraw = False
214.9394 	EXP 	fixation_3: autoDraw = False
214.9394 	EXP 	target_square_2: pos = array([0., 0.])
214.9394 	EXP 	grid_lines_2: autoDraw = True
214.9394 	EXP 	target_square_2: autoDraw = True
215.9228 	EXP 	fixation_3: autoDraw = True
215.9394 	EXP 	target_square_2: autoDraw = False
216.9228 	EXP 	fixation_3: autoDraw = False
216.9268 	EXP 	New trial (rep=0, index=69): {'square': 7, 'location': [-0.2, -0.2], 'corrAns': None}
216.9273 	EXP 	window1: mouseVisible = False
216.9395 	EXP 	grid_lines_2: autoDraw = False
216.9395 	EXP 	target_square_2: autoDraw = False
216.9395 	EXP 	fixation_3: autoDraw = False
216.9395 	EXP 	target_square_2: pos = array([-0.2, -0.2])
216.9395 	EXP 	grid_lines_2: autoDraw = True
216.9395 	EXP 	target_square_2: autoDraw = True
217.9228 	EXP 	fixation_3: autoDraw = True
217.9395 	EXP 	target_square_2: autoDraw = False
218.9228 	EXP 	fixation_3: autoDraw = False
218.9267 	EXP 	New trial (rep=0, index=70): {'square': 5, 'location': [0, 0], 'corrAns': 1}
218.9272 	EXP 	window1: mouseVisible = False
218.9395 	EXP 	grid_lines_2: autoDraw = False
218.9395 	EXP 	target_square_2: autoDraw = False
218.9395 	EXP 	fixation_3: autoDraw = False
218.9395 	EXP 	target_square_2: pos = array([0., 0.])
218.9395 	EXP 	grid_lines_2: autoDraw = True
218.9395 	EXP 	target_square_2: autoDraw = True
219.4065 	DATA 	Mouse: Right button down, pos=(1000,674)
219.6731 	DATA 	Mouse:  Right button up, pos=(1000,674)
219.9228 	EXP 	fixation_3: autoDraw = True
219.9395 	EXP 	target_square_2: autoDraw = False
220.9228 	EXP 	fixation_3: autoDraw = False
220.9267 	EXP 	New trial (rep=0, index=71): {'square': 6, 'location': [0.2, 0], 'corrAns': None}
220.9273 	EXP 	window1: mouseVisible = False
220.9395 	EXP 	grid_lines_2: autoDraw = False
220.9395 	EXP 	target_square_2: autoDraw = False
220.9395 	EXP 	fixation_3: autoDraw = False
220.9395 	EXP 	target_square_2: pos = array([0.2, 0. ])
220.9395 	EXP 	grid_lines_2: autoDraw = True
220.9395 	EXP 	target_square_2: autoDraw = True
221.9228 	EXP 	fixation_3: autoDraw = True
221.9395 	EXP 	target_square_2: autoDraw = False
222.9229 	EXP 	fixation_3: autoDraw = False
222.9268 	EXP 	New trial (rep=0, index=72): {'square': 3, 'location': [0.2, 0.2], 'corrAns': None}
222.9273 	EXP 	window1: mouseVisible = False
222.9395 	EXP 	grid_lines_2: autoDraw = False
222.9395 	EXP 	target_square_2: autoDraw = False
222.9395 	EXP 	fixation_3: autoDraw = False
222.9395 	EXP 	target_square_2: pos = array([0.2, 0.2])
222.9395 	EXP 	grid_lines_2: autoDraw = True
222.9395 	EXP 	target_square_2: autoDraw = True
223.9228 	EXP 	fixation_3: autoDraw = True
223.9395 	EXP 	target_square_2: autoDraw = False
224.9229 	EXP 	fixation_3: autoDraw = False
224.9269 	EXP 	New trial (rep=0, index=73): {'square': 6, 'location': [0.2, 0], 'corrAns': 1}
224.9274 	EXP 	window1: mouseVisible = False
224.9395 	EXP 	grid_lines_2: autoDraw = False
224.9395 	EXP 	target_square_2: autoDraw = False
224.9395 	EXP 	fixation_3: autoDraw = False
224.9395 	EXP 	target_square_2: pos = array([0.2, 0. ])
224.9395 	EXP 	grid_lines_2: autoDraw = True
224.9395 	EXP 	target_square_2: autoDraw = True
225.6899 	DATA 	Mouse: Right button down, pos=(1000,674)
225.9228 	EXP 	fixation_3: autoDraw = True
225.9395 	EXP 	target_square_2: autoDraw = False
225.9398 	DATA 	Mouse:  Right button up, pos=(1000,674)
226.9229 	EXP 	fixation_3: autoDraw = False
226.9267 	EXP 	New trial (rep=0, index=74): {'square': 8, 'location': [0, -0.2], 'corrAns': None}
226.9273 	EXP 	window1: mouseVisible = False
226.9395 	EXP 	grid_lines_2: autoDraw = False
226.9395 	EXP 	target_square_2: autoDraw = False
226.9395 	EXP 	fixation_3: autoDraw = False
226.9395 	EXP 	target_square_2: pos = array([ 0. , -0.2])
226.9395 	EXP 	grid_lines_2: autoDraw = True
226.9395 	EXP 	target_square_2: autoDraw = True
227.9229 	EXP 	fixation_3: autoDraw = True
227.9395 	EXP 	target_square_2: autoDraw = False
228.9229 	EXP 	fixation_3: autoDraw = False
228.9269 	EXP 	New trial (rep=0, index=75): {'square': 9, 'location': [0.2, -0.2], 'corrAns': None}
228.9274 	EXP 	window1: mouseVisible = False
228.9395 	EXP 	grid_lines_2: autoDraw = False
228.9395 	EXP 	target_square_2: autoDraw = False
228.9395 	EXP 	fixation_3: autoDraw = False
228.9395 	EXP 	target_square_2: pos = array([ 0.2, -0.2])
228.9395 	EXP 	grid_lines_2: autoDraw = True
228.9395 	EXP 	target_square_2: autoDraw = True
229.9229 	EXP 	fixation_3: autoDraw = True
229.9395 	EXP 	target_square_2: autoDraw = False
230.9229 	EXP 	fixation_3: autoDraw = False
230.9268 	EXP 	New trial (rep=0, index=76): {'square': 9, 'location': [0.2, -0.2], 'corrAns': None}
230.9273 	EXP 	window1: mouseVisible = False
230.9396 	EXP 	grid_lines_2: autoDraw = False
230.9396 	EXP 	target_square_2: autoDraw = False
230.9396 	EXP 	fixation_3: autoDraw = False
230.9396 	EXP 	target_square_2: pos = array([ 0.2, -0.2])
230.9396 	EXP 	grid_lines_2: autoDraw = True
230.9396 	EXP 	target_square_2: autoDraw = True
231.9229 	EXP 	fixation_3: autoDraw = True
231.9396 	EXP 	target_square_2: autoDraw = False
232.9229 	EXP 	fixation_3: autoDraw = False
232.9268 	EXP 	New trial (rep=0, index=77): {'square': 1, 'location': [-0.2, 0.2], 'corrAns': None}
232.9274 	EXP 	window1: mouseVisible = False
232.9396 	EXP 	grid_lines_2: autoDraw = False
232.9396 	EXP 	target_square_2: autoDraw = False
232.9396 	EXP 	fixation_3: autoDraw = False
232.9396 	EXP 	target_square_2: pos = array([-0.2,  0.2])
232.9396 	EXP 	grid_lines_2: autoDraw = True
232.9396 	EXP 	target_square_2: autoDraw = True
233.9229 	EXP 	fixation_3: autoDraw = True
233.9396 	EXP 	target_square_2: autoDraw = False
234.9229 	EXP 	fixation_3: autoDraw = False
234.9271 	EXP 	New trial (rep=0, index=78): {'square': 3, 'location': [0.2, 0.2], 'corrAns': None}
234.9276 	EXP 	window1: mouseVisible = False
234.9396 	EXP 	grid_lines_2: autoDraw = False
234.9396 	EXP 	target_square_2: autoDraw = False
234.9396 	EXP 	fixation_3: autoDraw = False
234.9396 	EXP 	target_square_2: pos = array([0.2, 0.2])
234.9396 	EXP 	grid_lines_2: autoDraw = True
234.9396 	EXP 	target_square_2: autoDraw = True
235.9229 	EXP 	fixation_3: autoDraw = True
235.9396 	EXP 	target_square_2: autoDraw = False
236.9230 	EXP 	fixation_3: autoDraw = False
236.9271 	EXP 	New trial (rep=0, index=79): {'square': 5, 'location': [0, 0], 'corrAns': None}
236.9275 	EXP 	window1: mouseVisible = False
236.9396 	EXP 	grid_lines_2: autoDraw = False
236.9396 	EXP 	target_square_2: autoDraw = False
236.9396 	EXP 	fixation_3: autoDraw = False
236.9396 	EXP 	target_square_2: pos = array([0., 0.])
236.9396 	EXP 	grid_lines_2: autoDraw = True
236.9396 	EXP 	target_square_2: autoDraw = True
237.9230 	EXP 	fixation_3: autoDraw = True
237.9396 	EXP 	target_square_2: autoDraw = False
238.9230 	EXP 	fixation_3: autoDraw = False
238.9269 	EXP 	New trial (rep=0, index=80): {'square': 3, 'location': [0.2, 0.2], 'corrAns': 1}
238.9274 	EXP 	window1: mouseVisible = False
238.9396 	EXP 	grid_lines_2: autoDraw = False
238.9396 	EXP 	target_square_2: autoDraw = False
238.9396 	EXP 	fixation_3: autoDraw = False
238.9396 	EXP 	target_square_2: pos = array([0.2, 0.2])
238.9396 	EXP 	grid_lines_2: autoDraw = True
238.9396 	EXP 	target_square_2: autoDraw = True
239.9230 	EXP 	fixation_3: autoDraw = True
239.9395 	EXP 	target_square_2: autoDraw = False
240.2567 	DATA 	Mouse: Right button down, pos=(1000,674)
240.5066 	DATA 	Mouse:  Right button up, pos=(1000,674)
240.9230 	EXP 	fixation_3: autoDraw = False
240.9268 	EXP 	New trial (rep=0, index=81): {'square': 4, 'location': [-0.2, 0], 'corrAns': None}
240.9273 	EXP 	window1: mouseVisible = False
240.9396 	EXP 	grid_lines_2: autoDraw = False
240.9396 	EXP 	target_square_2: autoDraw = False
240.9396 	EXP 	fixation_3: autoDraw = False
240.9396 	EXP 	target_square_2: pos = array([-0.2,  0. ])
240.9396 	EXP 	grid_lines_2: autoDraw = True
240.9396 	EXP 	target_square_2: autoDraw = True
241.9230 	EXP 	fixation_3: autoDraw = True
241.9396 	EXP 	target_square_2: autoDraw = False
242.9230 	EXP 	fixation_3: autoDraw = False
242.9269 	EXP 	New trial (rep=0, index=82): {'square': 7, 'location': [-0.2, -0.2], 'corrAns': None}
242.9274 	EXP 	window1: mouseVisible = False
242.9396 	EXP 	grid_lines_2: autoDraw = False
242.9396 	EXP 	target_square_2: autoDraw = False
242.9396 	EXP 	fixation_3: autoDraw = False
242.9396 	EXP 	target_square_2: pos = array([-0.2, -0.2])
242.9396 	EXP 	grid_lines_2: autoDraw = True
242.9396 	EXP 	target_square_2: autoDraw = True
243.9230 	EXP 	fixation_3: autoDraw = True
243.9396 	EXP 	target_square_2: autoDraw = False
244.9230 	EXP 	fixation_3: autoDraw = False
244.9272 	EXP 	New trial (rep=0, index=83): {'square': 4, 'location': [-0.2, 0], 'corrAns': 1}
244.9277 	EXP 	window1: mouseVisible = False
244.9397 	EXP 	grid_lines_2: autoDraw = False
244.9397 	EXP 	target_square_2: autoDraw = False
244.9397 	EXP 	fixation_3: autoDraw = False
244.9397 	EXP 	target_square_2: pos = array([-0.2,  0. ])
244.9397 	EXP 	grid_lines_2: autoDraw = True
244.9397 	EXP 	target_square_2: autoDraw = True
245.4567 	DATA 	Mouse: Right button down, pos=(1000,674)
245.7066 	DATA 	Mouse:  Right button up, pos=(1000,674)
245.9230 	EXP 	fixation_3: autoDraw = True
245.9396 	EXP 	target_square_2: autoDraw = False
246.9230 	EXP 	fixation_3: autoDraw = False
246.9270 	EXP 	New trial (rep=0, index=84): {'square': 4, 'location': [-0.2, 0], 'corrAns': None}
246.9275 	EXP 	window1: mouseVisible = False
246.9397 	EXP 	grid_lines_2: autoDraw = False
246.9397 	EXP 	target_square_2: autoDraw = False
246.9397 	EXP 	fixation_3: autoDraw = False
246.9397 	EXP 	target_square_2: pos = array([-0.2,  0. ])
246.9397 	EXP 	grid_lines_2: autoDraw = True
246.9397 	EXP 	target_square_2: autoDraw = True
247.9230 	EXP 	fixation_3: autoDraw = True
247.9397 	EXP 	target_square_2: autoDraw = False
248.9230 	EXP 	fixation_3: autoDraw = False
248.9270 	EXP 	New trial (rep=0, index=85): {'square': 5, 'location': [0, 0], 'corrAns': None}
248.9275 	EXP 	window1: mouseVisible = False
248.9397 	EXP 	grid_lines_2: autoDraw = False
248.9397 	EXP 	target_square_2: autoDraw = False
248.9397 	EXP 	fixation_3: autoDraw = False
248.9397 	EXP 	target_square_2: pos = array([0., 0.])
248.9397 	EXP 	grid_lines_2: autoDraw = True
248.9397 	EXP 	target_square_2: autoDraw = True
249.9230 	EXP 	fixation_3: autoDraw = True
249.9397 	EXP 	target_square_2: autoDraw = False
250.9230 	EXP 	fixation_3: autoDraw = False
250.9270 	EXP 	New trial (rep=0, index=86): {'square': 2, 'location': [0, 0.2], 'corrAns': None}
250.9275 	EXP 	window1: mouseVisible = False
250.9397 	EXP 	grid_lines_2: autoDraw = False
250.9397 	EXP 	target_square_2: autoDraw = False
250.9397 	EXP 	fixation_3: autoDraw = False
250.9397 	EXP 	target_square_2: pos = array([0. , 0.2])
250.9397 	EXP 	grid_lines_2: autoDraw = True
250.9397 	EXP 	target_square_2: autoDraw = True
251.9230 	EXP 	fixation_3: autoDraw = True
251.9397 	EXP 	target_square_2: autoDraw = False
252.9231 	EXP 	fixation_3: autoDraw = False
252.9270 	EXP 	New trial (rep=0, index=87): {'square': 6, 'location': [0.2, 0], 'corrAns': None}
252.9275 	EXP 	window1: mouseVisible = False
252.9397 	EXP 	grid_lines_2: autoDraw = False
252.9397 	EXP 	target_square_2: autoDraw = False
252.9397 	EXP 	fixation_3: autoDraw = False
252.9397 	EXP 	target_square_2: pos = array([0.2, 0. ])
252.9397 	EXP 	grid_lines_2: autoDraw = True
252.9397 	EXP 	target_square_2: autoDraw = True
253.9231 	EXP 	fixation_3: autoDraw = True
253.9397 	EXP 	target_square_2: autoDraw = False
254.9231 	EXP 	fixation_3: autoDraw = False
254.9271 	EXP 	New trial (rep=0, index=88): {'square': 7, 'location': [-0.2, -0.2], 'corrAns': None}
254.9276 	EXP 	window1: mouseVisible = False
254.9397 	EXP 	grid_lines_2: autoDraw = False
254.9397 	EXP 	target_square_2: autoDraw = False
254.9397 	EXP 	fixation_3: autoDraw = False
254.9397 	EXP 	target_square_2: pos = array([-0.2, -0.2])
254.9397 	EXP 	grid_lines_2: autoDraw = True
254.9397 	EXP 	target_square_2: autoDraw = True
255.9231 	EXP 	fixation_3: autoDraw = True
255.9397 	EXP 	target_square_2: autoDraw = False
256.9231 	EXP 	fixation_3: autoDraw = False
256.9270 	EXP 	New trial (rep=0, index=89): {'square': 6, 'location': [0.2, 0], 'corrAns': 1}
256.9275 	EXP 	window1: mouseVisible = False
256.9398 	EXP 	grid_lines_2: autoDraw = False
256.9398 	EXP 	target_square_2: autoDraw = False
256.9398 	EXP 	fixation_3: autoDraw = False
256.9398 	EXP 	target_square_2: pos = array([0.2, 0. ])
256.9398 	EXP 	grid_lines_2: autoDraw = True
256.9398 	EXP 	target_square_2: autoDraw = True
257.5901 	DATA 	Mouse: Right button down, pos=(1000,674)
257.8234 	DATA 	Mouse:  Right button up, pos=(1000,673)
257.9231 	EXP 	fixation_3: autoDraw = True
257.9398 	EXP 	target_square_2: autoDraw = False
258.9231 	EXP 	fixation_3: autoDraw = False
258.9271 	EXP 	New trial (rep=0, index=90): {'square': 6, 'location': [0.2, 0], 'corrAns': None}
258.9275 	EXP 	window1: mouseVisible = False
258.9398 	EXP 	grid_lines_2: autoDraw = False
258.9398 	EXP 	target_square_2: autoDraw = False
258.9398 	EXP 	fixation_3: autoDraw = False
258.9398 	EXP 	target_square_2: pos = array([0.2, 0. ])
258.9398 	EXP 	grid_lines_2: autoDraw = True
258.9398 	EXP 	target_square_2: autoDraw = True
259.9231 	EXP 	fixation_3: autoDraw = True
259.9398 	EXP 	target_square_2: autoDraw = False
260.9231 	EXP 	fixation_3: autoDraw = False
260.9270 	EXP 	New trial (rep=0, index=91): {'square': 7, 'location': [-0.2, -0.2], 'corrAns': None}
260.9275 	EXP 	window1: mouseVisible = False
260.9398 	EXP 	grid_lines_2: autoDraw = False
260.9398 	EXP 	target_square_2: autoDraw = False
260.9398 	EXP 	fixation_3: autoDraw = False
260.9398 	EXP 	target_square_2: pos = array([-0.2, -0.2])
260.9398 	EXP 	grid_lines_2: autoDraw = True
260.9398 	EXP 	target_square_2: autoDraw = True
261.9231 	EXP 	fixation_3: autoDraw = True
261.9398 	EXP 	target_square_2: autoDraw = False
262.9231 	EXP 	fixation_3: autoDraw = False
262.9270 	EXP 	New trial (rep=0, index=92): {'square': 6, 'location': [0.2, 0], 'corrAns': 1}
262.9275 	EXP 	window1: mouseVisible = False
262.9398 	EXP 	grid_lines_2: autoDraw = False
262.9398 	EXP 	target_square_2: autoDraw = False
262.9398 	EXP 	fixation_3: autoDraw = False
262.9398 	EXP 	target_square_2: pos = array([0.2, 0. ])
262.9398 	EXP 	grid_lines_2: autoDraw = True
262.9398 	EXP 	target_square_2: autoDraw = True
263.5068 	DATA 	Mouse: Right button down, pos=(1000,673)
263.7590 	DATA 	Mouse:  Right button up, pos=(1000,673)
263.9231 	EXP 	fixation_3: autoDraw = True
263.9398 	EXP 	target_square_2: autoDraw = False
264.9230 	EXP 	fixation_3: autoDraw = False
264.9272 	EXP 	New trial (rep=0, index=93): {'square': 2, 'location': [0, 0.2], 'corrAns': None}
264.9277 	EXP 	window1: mouseVisible = False
264.9398 	EXP 	grid_lines_2: autoDraw = False
264.9398 	EXP 	target_square_2: autoDraw = False
264.9398 	EXP 	fixation_3: autoDraw = False
264.9398 	EXP 	target_square_2: pos = array([0. , 0.2])
264.9398 	EXP 	grid_lines_2: autoDraw = True
264.9398 	EXP 	target_square_2: autoDraw = True
265.9232 	EXP 	fixation_3: autoDraw = True
265.9398 	EXP 	target_square_2: autoDraw = False
266.9232 	EXP 	fixation_3: autoDraw = False
266.9271 	EXP 	New trial (rep=0, index=94): {'square': 5, 'location': [0, 0], 'corrAns': None}
266.9275 	EXP 	window1: mouseVisible = False
266.9398 	EXP 	grid_lines_2: autoDraw = False
266.9398 	EXP 	target_square_2: autoDraw = False
266.9398 	EXP 	fixation_3: autoDraw = False
266.9398 	EXP 	target_square_2: pos = array([0., 0.])
266.9398 	EXP 	grid_lines_2: autoDraw = True
266.9398 	EXP 	target_square_2: autoDraw = True
267.9232 	EXP 	fixation_3: autoDraw = True
267.9398 	EXP 	target_square_2: autoDraw = False
268.9232 	EXP 	fixation_3: autoDraw = False
268.9271 	EXP 	New trial (rep=0, index=95): {'square': 4, 'location': [-0.2, 0], 'corrAns': None}
268.9276 	EXP 	window1: mouseVisible = False
268.9398 	EXP 	grid_lines_2: autoDraw = False
268.9398 	EXP 	target_square_2: autoDraw = False
268.9398 	EXP 	fixation_3: autoDraw = False
268.9398 	EXP 	target_square_2: pos = array([-0.2,  0. ])
268.9398 	EXP 	grid_lines_2: autoDraw = True
268.9398 	EXP 	target_square_2: autoDraw = True
269.9232 	EXP 	fixation_3: autoDraw = True
269.9398 	EXP 	target_square_2: autoDraw = False
270.9232 	EXP 	fixation_3: autoDraw = False
270.9271 	EXP 	New trial (rep=0, index=96): {'square': 4, 'location': [-0.2, 0], 'corrAns': None}
270.9276 	EXP 	window1: mouseVisible = False
270.9399 	EXP 	grid_lines_2: autoDraw = False
270.9399 	EXP 	target_square_2: autoDraw = False
270.9399 	EXP 	fixation_3: autoDraw = False
270.9399 	EXP 	target_square_2: pos = array([-0.2,  0. ])
270.9399 	EXP 	grid_lines_2: autoDraw = True
270.9399 	EXP 	target_square_2: autoDraw = True
271.9232 	EXP 	fixation_3: autoDraw = True
271.9399 	EXP 	target_square_2: autoDraw = False
272.9232 	EXP 	fixation_3: autoDraw = False
272.9271 	EXP 	New trial (rep=0, index=97): {'square': 7, 'location': [-0.2, -0.2], 'corrAns': None}
272.9276 	EXP 	window1: mouseVisible = False
272.9399 	EXP 	grid_lines_2: autoDraw = False
272.9399 	EXP 	target_square_2: autoDraw = False
272.9399 	EXP 	fixation_3: autoDraw = False
272.9399 	EXP 	target_square_2: pos = array([-0.2, -0.2])
272.9399 	EXP 	grid_lines_2: autoDraw = True
272.9399 	EXP 	target_square_2: autoDraw = True
273.9232 	EXP 	fixation_3: autoDraw = True
273.9399 	EXP 	target_square_2: autoDraw = False
274.9232 	EXP 	fixation_3: autoDraw = False
274.9274 	EXP 	New trial (rep=0, index=98): {'square': 4, 'location': [-0.2, 0], 'corrAns': 1}
274.9279 	EXP 	window1: mouseVisible = False
274.9399 	EXP 	grid_lines_2: autoDraw = False
274.9399 	EXP 	target_square_2: autoDraw = False
274.9399 	EXP 	fixation_3: autoDraw = False
274.9399 	EXP 	target_square_2: pos = array([-0.2,  0. ])
274.9399 	EXP 	grid_lines_2: autoDraw = True
274.9399 	EXP 	target_square_2: autoDraw = True
275.6236 	DATA 	Mouse: Right button down, pos=(1000,673)
275.8735 	DATA 	Mouse:  Right button up, pos=(1000,673)
275.9232 	EXP 	fixation_3: autoDraw = True
275.9399 	EXP 	target_square_2: autoDraw = False
276.9232 	EXP 	fixation_3: autoDraw = False
276.9272 	EXP 	New trial (rep=0, index=99): {'square': 3, 'location': [0.2, 0.2], 'corrAns': None}
276.9276 	EXP 	window1: mouseVisible = False
276.9399 	EXP 	grid_lines_2: autoDraw = False
276.9399 	EXP 	target_square_2: autoDraw = False
276.9399 	EXP 	fixation_3: autoDraw = False
276.9399 	EXP 	target_square_2: pos = array([0.2, 0.2])
276.9399 	EXP 	grid_lines_2: autoDraw = True
276.9399 	EXP 	target_square_2: autoDraw = True
277.9233 	EXP 	fixation_3: autoDraw = True
277.9399 	EXP 	target_square_2: autoDraw = False
278.9233 	EXP 	fixation_3: autoDraw = False
278.9271 	EXP 	New trial (rep=0, index=100): {'square': 5, 'location': [0, 0], 'corrAns': None}
278.9276 	EXP 	window1: mouseVisible = False
278.9399 	EXP 	grid_lines_2: autoDraw = False
278.9399 	EXP 	target_square_2: autoDraw = False
278.9399 	EXP 	fixation_3: autoDraw = False
278.9399 	EXP 	target_square_2: pos = array([0., 0.])
278.9399 	EXP 	grid_lines_2: autoDraw = True
278.9399 	EXP 	target_square_2: autoDraw = True
279.9233 	EXP 	fixation_3: autoDraw = True
279.9400 	EXP 	target_square_2: autoDraw = False
280.9233 	EXP 	fixation_3: autoDraw = False
280.9273 	EXP 	New trial (rep=0, index=101): {'square': 3, 'location': [0.2, 0.2], 'corrAns': 1}
280.9278 	EXP 	window1: mouseVisible = False
280.9399 	EXP 	grid_lines_2: autoDraw = False
280.9399 	EXP 	target_square_2: autoDraw = False
280.9399 	EXP 	fixation_3: autoDraw = False
280.9399 	EXP 	target_square_2: pos = array([0.2, 0.2])
280.9399 	EXP 	grid_lines_2: autoDraw = True
280.9399 	EXP 	target_square_2: autoDraw = True
281.6236 	DATA 	Mouse: Right button down, pos=(1000,673)
281.8761 	DATA 	Mouse:  Right button up, pos=(1000,673)
281.9233 	EXP 	fixation_3: autoDraw = True
281.9400 	EXP 	target_square_2: autoDraw = False
282.9233 	EXP 	fixation_3: autoDraw = False
282.9273 	EXP 	New trial (rep=0, index=102): {'square': 1, 'location': [-0.2, 0.2], 'corrAns': None}
282.9278 	EXP 	window1: mouseVisible = False
282.9400 	EXP 	grid_lines_2: autoDraw = False
282.9400 	EXP 	target_square_2: autoDraw = False
282.9400 	EXP 	fixation_3: autoDraw = False
282.9400 	EXP 	target_square_2: pos = array([-0.2,  0.2])
282.9400 	EXP 	grid_lines_2: autoDraw = True
282.9400 	EXP 	target_square_2: autoDraw = True
283.9233 	EXP 	fixation_3: autoDraw = True
283.9400 	EXP 	target_square_2: autoDraw = False
284.9233 	EXP 	fixation_3: autoDraw = False
284.9275 	EXP 	New trial (rep=0, index=103): {'square': 9, 'location': [0.2, -0.2], 'corrAns': None}
284.9279 	EXP 	window1: mouseVisible = False
284.9400 	EXP 	grid_lines_2: autoDraw = False
284.9400 	EXP 	target_square_2: autoDraw = False
284.9400 	EXP 	fixation_3: autoDraw = False
284.9400 	EXP 	target_square_2: pos = array([ 0.2, -0.2])
284.9400 	EXP 	grid_lines_2: autoDraw = True
284.9400 	EXP 	target_square_2: autoDraw = True
285.9233 	EXP 	fixation_3: autoDraw = True
285.9400 	EXP 	target_square_2: autoDraw = False
286.9233 	EXP 	fixation_3: autoDraw = False
286.9273 	EXP 	New trial (rep=0, index=104): {'square': 9, 'location': [0.2, -0.2], 'corrAns': None}
286.9278 	EXP 	window1: mouseVisible = False
286.9400 	EXP 	grid_lines_2: autoDraw = False
286.9400 	EXP 	target_square_2: autoDraw = False
286.9400 	EXP 	fixation_3: autoDraw = False
286.9400 	EXP 	target_square_2: pos = array([ 0.2, -0.2])
286.9400 	EXP 	grid_lines_2: autoDraw = True
286.9400 	EXP 	target_square_2: autoDraw = True
287.9233 	EXP 	fixation_3: autoDraw = True
287.9400 	EXP 	target_square_2: autoDraw = False
288.9233 	EXP 	fixation_3: autoDraw = False
288.9273 	EXP 	New trial (rep=0, index=105): {'square': 8, 'location': [0, -0.2], 'corrAns': None}
288.9278 	EXP 	window1: mouseVisible = False
288.9400 	EXP 	grid_lines_2: autoDraw = False
288.9400 	EXP 	target_square_2: autoDraw = False
288.9400 	EXP 	fixation_3: autoDraw = False
288.9400 	EXP 	target_square_2: pos = array([ 0. , -0.2])
288.9400 	EXP 	grid_lines_2: autoDraw = True
288.9400 	EXP 	target_square_2: autoDraw = True
289.9233 	EXP 	fixation_3: autoDraw = True
289.9400 	EXP 	target_square_2: autoDraw = False
290.9234 	EXP 	fixation_3: autoDraw = False
290.9274 	EXP 	New trial (rep=0, index=106): {'square': 6, 'location': [0.2, 0], 'corrAns': None}
290.9278 	EXP 	window1: mouseVisible = False
290.9400 	EXP 	grid_lines_2: autoDraw = False
290.9400 	EXP 	target_square_2: autoDraw = False
290.9400 	EXP 	fixation_3: autoDraw = False
290.9400 	EXP 	target_square_2: pos = array([0.2, 0. ])
290.9400 	EXP 	grid_lines_2: autoDraw = True
290.9400 	EXP 	target_square_2: autoDraw = True
291.9234 	EXP 	fixation_3: autoDraw = True
291.9400 	EXP 	target_square_2: autoDraw = False
292.9234 	EXP 	fixation_3: autoDraw = False
292.9273 	EXP 	New trial (rep=0, index=107): {'square': 3, 'location': [0.2, 0.2], 'corrAns': None}
292.9278 	EXP 	window1: mouseVisible = False
292.9400 	EXP 	grid_lines_2: autoDraw = False
292.9400 	EXP 	target_square_2: autoDraw = False
292.9400 	EXP 	fixation_3: autoDraw = False
292.9400 	EXP 	target_square_2: pos = array([0.2, 0.2])
292.9400 	EXP 	grid_lines_2: autoDraw = True
292.9400 	EXP 	target_square_2: autoDraw = True
293.9234 	EXP 	fixation_3: autoDraw = True
293.9401 	EXP 	target_square_2: autoDraw = False
294.9234 	EXP 	fixation_3: autoDraw = False
294.9275 	EXP 	New trial (rep=0, index=108): {'square': 6, 'location': [0.2, 0], 'corrAns': 1}
294.9280 	EXP 	window1: mouseVisible = False
294.9400 	EXP 	grid_lines_2: autoDraw = False
294.9400 	EXP 	target_square_2: autoDraw = False
294.9400 	EXP 	fixation_3: autoDraw = False
294.9400 	EXP 	target_square_2: pos = array([0.2, 0. ])
294.9400 	EXP 	grid_lines_2: autoDraw = True
294.9400 	EXP 	target_square_2: autoDraw = True
295.7404 	DATA 	Mouse: Right button down, pos=(1000,673)
295.9234 	EXP 	fixation_3: autoDraw = True
295.9400 	EXP 	target_square_2: autoDraw = False
295.9903 	DATA 	Mouse:  Right button up, pos=(1000,673)
296.9234 	EXP 	fixation_3: autoDraw = False
296.9273 	EXP 	New trial (rep=0, index=109): {'square': 5, 'location': [0, 0], 'corrAns': None}
296.9278 	EXP 	window1: mouseVisible = False
296.9400 	EXP 	grid_lines_2: autoDraw = False
296.9400 	EXP 	target_square_2: autoDraw = False
296.9400 	EXP 	fixation_3: autoDraw = False
296.9400 	EXP 	target_square_2: pos = array([0., 0.])
296.9400 	EXP 	grid_lines_2: autoDraw = True
296.9400 	EXP 	target_square_2: autoDraw = True
297.9234 	EXP 	fixation_3: autoDraw = True
297.9401 	EXP 	target_square_2: autoDraw = False
298.9234 	EXP 	fixation_3: autoDraw = False
298.9273 	EXP 	New trial (rep=0, index=110): {'square': 7, 'location': [-0.2, -0.2], 'corrAns': None}
298.9278 	EXP 	window1: mouseVisible = False
298.9401 	EXP 	grid_lines_2: autoDraw = False
298.9401 	EXP 	target_square_2: autoDraw = False
298.9401 	EXP 	fixation_3: autoDraw = False
298.9401 	EXP 	target_square_2: pos = array([-0.2, -0.2])
298.9401 	EXP 	grid_lines_2: autoDraw = True
298.9401 	EXP 	target_square_2: autoDraw = True
299.9234 	EXP 	fixation_3: autoDraw = True
299.9401 	EXP 	target_square_2: autoDraw = False
300.9234 	EXP 	fixation_3: autoDraw = False
300.9274 	EXP 	New trial (rep=0, index=111): {'square': 5, 'location': [0, 0], 'corrAns': 1}
300.9278 	EXP 	window1: mouseVisible = False
300.9401 	EXP 	grid_lines_2: autoDraw = False
300.9401 	EXP 	target_square_2: autoDraw = False
300.9401 	EXP 	fixation_3: autoDraw = False
300.9401 	EXP 	target_square_2: pos = array([0., 0.])
300.9401 	EXP 	grid_lines_2: autoDraw = True
300.9401 	EXP 	target_square_2: autoDraw = True
301.8571 	DATA 	Mouse: Right button down, pos=(1000,673)
301.9234 	EXP 	fixation_3: autoDraw = True
301.9401 	EXP 	target_square_2: autoDraw = False
302.0939 	DATA 	Mouse:  Right button up, pos=(1000,673)
302.9234 	EXP 	fixation_3: autoDraw = False
302.9274 	EXP 	New trial (rep=0, index=112): {'square': 1, 'location': [-0.2, 0.2], 'corrAns': None}
302.9279 	EXP 	window1: mouseVisible = False
302.9401 	EXP 	grid_lines_2: autoDraw = False
302.9401 	EXP 	target_square_2: autoDraw = False
302.9401 	EXP 	fixation_3: autoDraw = False
302.9401 	EXP 	target_square_2: pos = array([-0.2,  0.2])
302.9401 	EXP 	grid_lines_2: autoDraw = True
302.9401 	EXP 	target_square_2: autoDraw = True
303.9234 	EXP 	fixation_3: autoDraw = True
303.9400 	EXP 	target_square_2: autoDraw = False
304.9234 	EXP 	fixation_3: autoDraw = False
304.9275 	EXP 	New trial (rep=0, index=113): {'square': 7, 'location': [-0.2, -0.2], 'corrAns': None}
304.9280 	EXP 	window1: mouseVisible = False
304.9401 	EXP 	grid_lines_2: autoDraw = False
304.9401 	EXP 	target_square_2: autoDraw = False
304.9401 	EXP 	fixation_3: autoDraw = False
304.9401 	EXP 	target_square_2: pos = array([-0.2, -0.2])
304.9401 	EXP 	grid_lines_2: autoDraw = True
304.9401 	EXP 	target_square_2: autoDraw = True
305.9235 	EXP 	fixation_3: autoDraw = True
305.9401 	EXP 	target_square_2: autoDraw = False
306.9235 	EXP 	fixation_3: autoDraw = False
306.9275 	EXP 	New trial (rep=0, index=114): {'square': 9, 'location': [0.2, -0.2], 'corrAns': None}
306.9280 	EXP 	window1: mouseVisible = False
306.9401 	EXP 	grid_lines_2: autoDraw = False
306.9401 	EXP 	target_square_2: autoDraw = False
306.9401 	EXP 	fixation_3: autoDraw = False
306.9401 	EXP 	target_square_2: pos = array([ 0.2, -0.2])
306.9401 	EXP 	grid_lines_2: autoDraw = True
306.9401 	EXP 	target_square_2: autoDraw = True
307.9235 	EXP 	fixation_3: autoDraw = True
307.9401 	EXP 	target_square_2: autoDraw = False
308.9235 	EXP 	fixation_3: autoDraw = False
308.9274 	EXP 	New trial (rep=0, index=115): {'square': 3, 'location': [0.2, 0.2], 'corrAns': None}
308.9279 	EXP 	window1: mouseVisible = False
308.9401 	EXP 	grid_lines_2: autoDraw = False
308.9401 	EXP 	target_square_2: autoDraw = False
308.9401 	EXP 	fixation_3: autoDraw = False
308.9401 	EXP 	target_square_2: pos = array([0.2, 0.2])
308.9401 	EXP 	grid_lines_2: autoDraw = True
308.9401 	EXP 	target_square_2: autoDraw = True
309.9235 	EXP 	fixation_3: autoDraw = True
309.9401 	EXP 	target_square_2: autoDraw = False
310.9235 	EXP 	fixation_3: autoDraw = False
310.9276 	EXP 	New trial (rep=0, index=116): {'square': 9, 'location': [0.2, -0.2], 'corrAns': 1}
310.9281 	EXP 	window1: mouseVisible = False
310.9402 	EXP 	grid_lines_2: autoDraw = False
310.9402 	EXP 	target_square_2: autoDraw = False
310.9402 	EXP 	fixation_3: autoDraw = False
310.9402 	EXP 	target_square_2: pos = array([ 0.2, -0.2])
310.9402 	EXP 	grid_lines_2: autoDraw = True
310.9402 	EXP 	target_square_2: autoDraw = True
311.9235 	EXP 	fixation_3: autoDraw = True
311.9402 	EXP 	target_square_2: autoDraw = False
312.9235 	EXP 	fixation_3: autoDraw = False
312.9276 	EXP 	New trial (rep=0, index=117): {'square': 6, 'location': [0.2, 0], 'corrAns': None}
312.9281 	EXP 	window1: mouseVisible = False
312.9402 	EXP 	grid_lines_2: autoDraw = False
312.9402 	EXP 	target_square_2: autoDraw = False
312.9402 	EXP 	fixation_3: autoDraw = False
312.9402 	EXP 	target_square_2: pos = array([0.2, 0. ])
312.9402 	EXP 	grid_lines_2: autoDraw = True
312.9402 	EXP 	target_square_2: autoDraw = True
313.9235 	EXP 	fixation_3: autoDraw = True
313.9402 	EXP 	target_square_2: autoDraw = False
314.9235 	EXP 	fixation_3: autoDraw = False
314.9277 	EXP 	New trial (rep=0, index=118): {'square': 2, 'location': [0, 0.2], 'corrAns': None}
314.9282 	EXP 	window1: mouseVisible = False
314.9402 	EXP 	grid_lines_2: autoDraw = False
314.9402 	EXP 	target_square_2: autoDraw = False
314.9402 	EXP 	fixation_3: autoDraw = False
314.9402 	EXP 	target_square_2: pos = array([0. , 0.2])
314.9402 	EXP 	grid_lines_2: autoDraw = True
314.9402 	EXP 	target_square_2: autoDraw = True
315.9235 	EXP 	fixation_3: autoDraw = True
315.9402 	EXP 	target_square_2: autoDraw = False
316.9236 	EXP 	fixation_3: autoDraw = False
316.9276 	EXP 	New trial (rep=0, index=119): {'square': 5, 'location': [0, 0], 'corrAns': None}
316.9280 	EXP 	window1: mouseVisible = False
316.9402 	EXP 	grid_lines_2: autoDraw = False
316.9402 	EXP 	target_square_2: autoDraw = False
316.9402 	EXP 	fixation_3: autoDraw = False
316.9402 	EXP 	target_square_2: pos = array([0., 0.])
316.9402 	EXP 	grid_lines_2: autoDraw = True
316.9402 	EXP 	target_square_2: autoDraw = True
317.9236 	EXP 	fixation_3: autoDraw = True
317.9402 	EXP 	target_square_2: autoDraw = False
318.9236 	EXP 	fixation_3: autoDraw = False
318.9429 	EXP 	Created unnamed TextStim = TextStim(__class__=<class 'psychopy.visual.text.TextStim'>, alignHoriz=method-wrapper(...), alignText='center', alignVert=method-wrapper(...), anchorHoriz='center', anchorVert='center', antialias=True, autoLog=True, bold=False, color=array([1., 1., 1.]), colorSpace='rgb', contrast=1.0, depth=0, flipHoriz=False, flipVert=False, font='', fontFiles=[], height=0.05, italic=False, languageStyle='LTR', name='unnamed TextStim', opacity=1.0, ori=0.0, pos=array([0., 0.]), rgb=UNKNOWN, text=str(...), units='height', win=Window(...), wrapWidth=1)
318.9569 	EXP 	grid_lines_2: autoDraw = False
318.9569 	EXP 	target_square_2: autoDraw = False
318.9569 	EXP 	fixation_3: autoDraw = False
367.1180 	DATA 	Keypress: e
367.1186 	EXP 	New trial (rep=0, index=1): OrderedDict([('RestT1', 1), ('TaskT1', 0)])
367.1191 	EXP 	Created sequence: random, trialTypes=1, nReps=1, seed=None
367.1194 	EXP 	New trial (rep=0, index=0): None
367.1316 	EXP 	Created unnamed TextStim = TextStim(__class__=<class 'psychopy.visual.text.TextStim'>, alignHoriz=method-wrapper(...), alignText='center', alignVert=method-wrapper(...), anchorHoriz='center', anchorVert='center', antialias=True, autoLog=True, bold=False, color=array([-0.5, -0.5, -0.5]), colorSpace='rgb', contrast=1.0, depth=0, flipHoriz=False, flipVert=False, font='', fontFiles=[], height=0.05, italic=False, languageStyle='LTR', name='unnamed TextStim', opacity=1.0, ori=0.0, pos=array([0., 0.]), rgb=UNKNOWN, text=str(...), units='height', win=Window(...), wrapWidth=1)
376.5181 	DATA 	Keypress: s
376.5407 	EXP 	fixation_2: autoDraw = True
644.5498 	EXP 	Created unnamed TextStim = TextStim(__class__=<class 'psychopy.visual.text.TextStim'>, alignHoriz=method-wrapper(...), alignText='center', alignVert=method-wrapper(...), anchorHoriz='center', anchorVert='center', antialias=True, autoLog=True, bold=False, color=array([1., 1., 1.]), colorSpace='rgb', contrast=1.0, depth=0, flipHoriz=False, flipVert=False, font='', fontFiles=[], height=0.05, italic=False, languageStyle='LTR', name='unnamed TextStim', opacity=1.0, ori=0.0, pos=array([0., 0.]), rgb=UNKNOWN, text=str(...), units='height', win=Window(...), wrapWidth=1)
644.5593 	EXP 	fixation_2: autoDraw = False
661.8702 	DATA 	Keypress: e
661.8709 	EXP 	Created sequence: random, trialTypes=1, nReps=0, seed=None
661.9684 	EXP 	Created unnamed TextStim = TextStim(__class__=<class 'psychopy.visual.text.TextStim'>, alignHoriz=method-wrapper(...), alignText='center', alignVert=method-wrapper(...), anchorHoriz='center', anchorVert='center', antialias=True, autoLog=True, bold=False, color=array([1., 1., 1.]), colorSpace='rgb', contrast=1.0, depth=0, flipHoriz=False, flipVert=False, font='', fontFiles=[], height=0.05, italic=False, languageStyle='LTR', name='unnamed TextStim', opacity=1.0, ori=0.0, pos=array([0., 0.]), rgb=UNKNOWN, text=str(...), units='height', win=Window(...), wrapWidth=1)
662.0427 	EXP 	window1: mouseVisible = True
