0.4499 	WARNING 	We strongly recommend you activate the PTB sound engine in PsychoPy prefs as the preferred audio engine. Its timing is vastly superior. Your prefs are currently set to use ['sounddevice', 'PTB', 'pyo', 'pygame'] (in that order).
27.5998 	EXP 	Created fixation_2 = TextStim(__class__=<class 'psychopy.visual.text.TextStim'>, alignHoriz=method-wrapper(...), alignText='center', alignVert=method-wrapper(...), anchorHoriz='center', anchorVert='center', antialias=True, autoLog=True, bold=False, color=array([1, 1, 1]), colorSpace='rgb', contrast=1.0, depth=-2.0, flipHoriz=False, flipVert=False, font='Arial', fontFiles=[], height=0.05, italic=False, languageStyle='LTR', name='fixation_2', opacity=1, ori=0, pos=array([0., 0.]), rgb=UNKNOWN, text='+', units='height', win=Window(...), wrapWidth=1)
27.6382 	EXP 	Created Nbackinstructions = TextStim(__class__=<class 'psychopy.visual.text.TextStim'>, alignHoriz=method-wrapper(...), alignText='center', alignVert=method-wrapper(...), anchorHoriz='center', anchorVert='center', antialias=True, autoLog=True, bold=False, color=array([1, 1, 1]), colorSpace='rgb', contrast=1.0, depth=0, flipHoriz=False, flipVert=False, font='Arial', fontFiles=[], height=0.05, italic=False, languageStyle='LTR', name='Nbackinstructions', opacity=1, ori=0.0, pos=array([0., 0.]), rgb=UNKNOWN, text=str(...), units='height', win=Window(...), wrapWidth=1)
27.6401 	EXP 	Created fixation_2 = TextStim(__class__=<class 'psychopy.visual.text.TextStim'>, alignHoriz=method-wrapper(...), alignText='center', alignVert=method-wrapper(...), anchorHoriz='center', anchorVert='center', antialias=True, autoLog=True, bold=False, color=array([1, 1, 1]), colorSpace='rgb', contrast=1.0, depth=-2.0, flipHoriz=False, flipVert=False, font='Arial', fontFiles=[], height=0.05, italic=False, languageStyle='LTR', name='fixation_2', opacity=1, ori=0, pos=array([0., 0.]), rgb=UNKNOWN, text='+', units='height', win=Window(...), wrapWidth=1)
28.0748 	EXP 	Created grid_lines_2 = ImageStim(__class__=<class 'psychopy.visual.image.ImageStim'>, autoLog=True, color=array([1, 1, 1]), colorSpace='rgb', contrast=1.0, depth=0.0, flipHoriz=False, flipVert=False, image='grid.png', interpolate=True, mask=None, maskParams=None, name='grid_lines_2', opacity=1, ori=0.0, pos=array([0., 0.]), size=array([0.6, 0.6]), texRes=128, units='height', win=Window(...))
28.0770 	EXP 	Created target_square_2 = Rect(__class__=<class 'psychopy.visual.rect.Rect'>, autoDraw=False, autoLog=True, closeShape=True, color=method-wrapper(...), colorSpace='rgb', contrast=None, depth=-1.0, fillColor=array([1., 1., 1.]), fillColorSpace='rgb', fillRGB=UNKNOWN, interpolate=True, lineColor=array([0, 0, 0]), lineColorSpace='rgb', lineRGB=UNKNOWN, lineWidth=1, name='target_square_2', opacity=0.5, ori=0.0, pos=array([0., 0.]), size=array([0.15, 0.15]), units='height', vertices=ndarray(...), win=Window(...))
28.0789 	EXP 	Created fixation_3 = TextStim(__class__=<class 'psychopy.visual.text.TextStim'>, alignHoriz=method-wrapper(...), alignText='center', alignVert=method-wrapper(...), anchorHoriz='center', anchorVert='center', antialias=True, autoLog=True, bold=False, color=array([1, 1, 1]), colorSpace='rgb', contrast=1.0, depth=-2.0, flipHoriz=False, flipVert=False, font='Arial', fontFiles=[], height=0.05, italic=False, languageStyle='LTR', name='fixation_3', opacity=1, ori=0, pos=array([0., 0.]), rgb=UNKNOWN, text='+', units='height', win=Window(...), wrapWidth=1)
28.0795 	EXP 	window1: mouseVisible = True
28.0834 	EXP 	window1: mouseVisible = False
28.0837 	EXP 	Created sequence: sequential, trialTypes=2, nReps=1, seed=None
28.0840 	EXP 	New trial (rep=0, index=0): OrderedDict([('RestT1', 0), ('TaskT1', 1)])
28.0842 	EXP 	Created sequence: random, trialTypes=1, nReps=0, seed=None
28.0844 	EXP 	Created sequence: random, trialTypes=1, nReps=1, seed=None
28.0846 	EXP 	New trial (rep=0, index=0): None
28.1573 	EXP 	Nbackinstructions: autoDraw = True
81.6245 	EXP 	Created unnamed TextStim = TextStim(__class__=<class 'psychopy.visual.text.TextStim'>, alignHoriz=method-wrapper(...), alignText='center', alignVert=method-wrapper(...), anchorHoriz='center', anchorVert='center', antialias=True, autoLog=True, bold=False, color=array([-0.5, -0.5, -0.5]), colorSpace='rgb', contrast=1.0, depth=0, flipHoriz=False, flipVert=False, font='', fontFiles=[], height=0.05, italic=False, languageStyle='LTR', name='unnamed TextStim', opacity=1.0, ori=0.0, pos=array([0., 0.]), rgb=UNKNOWN, text=str(...), units='height', win=Window(...), wrapWidth=1)
81.6253 	DATA 	Keypress: space
81.6379 	EXP 	Nbackinstructions: autoDraw = False
96.5162 	DATA 	Keypress: s
96.5375 	EXP 	Imported c:\Users\Dartmouth\Documents\GitHub\canlab\WASABI_public\fMRI Tasks\WASABI Task-T1\N-back-2.xlsx as conditions, 120 conditions, 3 params
96.5380 	EXP 	Created sequence: sequential, trialTypes=120, nReps=1, seed=None
96.5382 	EXP 	New trial (rep=0, index=0): {'square': 5, 'location': [0, 0], 'corrAns': None}
96.5385 	EXP 	window1: mouseVisible = False
96.5423 	EXP 	New trial (rep=0, index=1): {'square': 2, 'location': [0, 0.2], 'corrAns': None}
96.5426 	EXP 	window1: mouseVisible = False
96.5453 	EXP 	New trial (rep=0, index=2): {'square': 6, 'location': [0.2, 0], 'corrAns': None}
96.5455 	EXP 	window1: mouseVisible = False
96.5483 	EXP 	New trial (rep=0, index=3): {'square': 9, 'location': [0.2, -0.2], 'corrAns': None}
96.5485 	EXP 	window1: mouseVisible = False
96.5512 	EXP 	New trial (rep=0, index=4): {'square': 3, 'location': [0.2, 0.2], 'corrAns': None}
96.5515 	EXP 	window1: mouseVisible = False
96.5542 	EXP 	New trial (rep=0, index=5): {'square': 9, 'location': [0.2, -0.2], 'corrAns': 1}
96.5544 	EXP 	window1: mouseVisible = False
96.5573 	EXP 	New trial (rep=0, index=6): {'square': 7, 'location': [-0.2, -0.2], 'corrAns': None}
96.5575 	EXP 	window1: mouseVisible = False
96.5713 	EXP 	fixation_2: autoDraw = False
96.5713 	EXP 	target_square_2: pos = array([0., 0.])
96.5713 	EXP 	grid_lines_2: autoDraw = False
96.5713 	EXP 	target_square_2: autoDraw = False
96.5713 	EXP 	fixation_3: autoDraw = False
96.5713 	EXP 	target_square_2: pos = array([0. , 0.2])
96.5713 	EXP 	grid_lines_2: autoDraw = False
96.5713 	EXP 	target_square_2: autoDraw = False
96.5713 	EXP 	fixation_3: autoDraw = False
96.5713 	EXP 	target_square_2: pos = array([0.2, 0. ])
96.5713 	EXP 	grid_lines_2: autoDraw = False
96.5713 	EXP 	target_square_2: autoDraw = False
96.5713 	EXP 	fixation_3: autoDraw = False
96.5713 	EXP 	target_square_2: pos = array([ 0.2, -0.2])
96.5713 	EXP 	grid_lines_2: autoDraw = False
96.5713 	EXP 	target_square_2: autoDraw = False
96.5713 	EXP 	fixation_3: autoDraw = False
96.5713 	EXP 	target_square_2: pos = array([0.2, 0.2])
96.5713 	EXP 	grid_lines_2: autoDraw = False
96.5713 	EXP 	target_square_2: autoDraw = False
96.5713 	EXP 	fixation_3: autoDraw = False
96.5713 	EXP 	target_square_2: pos = array([ 0.2, -0.2])
96.5713 	EXP 	grid_lines_2: autoDraw = False
96.5713 	EXP 	target_square_2: autoDraw = False
96.5713 	EXP 	fixation_3: autoDraw = False
96.5713 	EXP 	target_square_2: pos = array([-0.2, -0.2])
96.5713 	EXP 	grid_lines_2: autoDraw = True
96.5713 	EXP 	target_square_2: autoDraw = True
96.6244 	EXP 	New trial (rep=0, index=7): {'square': 1, 'location': [-0.2, 0.2], 'corrAns': None}
96.6246 	EXP 	window1: mouseVisible = False
96.6380 	EXP 	grid_lines_2: autoDraw = False
96.6380 	EXP 	target_square_2: autoDraw = False
96.6380 	EXP 	fixation_3: autoDraw = False
96.6380 	EXP 	target_square_2: pos = array([-0.2,  0.2])
96.6380 	EXP 	grid_lines_2: autoDraw = True
96.6380 	EXP 	target_square_2: autoDraw = True
97.6213 	EXP 	fixation_3: autoDraw = True
97.6380 	EXP 	target_square_2: autoDraw = False
98.6213 	EXP 	fixation_3: autoDraw = False
98.6243 	EXP 	New trial (rep=0, index=8): {'square': 5, 'location': [0, 0], 'corrAns': None}
98.6245 	EXP 	window1: mouseVisible = False
98.6380 	EXP 	grid_lines_2: autoDraw = False
98.6380 	EXP 	target_square_2: autoDraw = False
98.6380 	EXP 	fixation_3: autoDraw = False
98.6380 	EXP 	target_square_2: pos = array([0., 0.])
98.6380 	EXP 	grid_lines_2: autoDraw = True
98.6380 	EXP 	target_square_2: autoDraw = True
99.6213 	EXP 	fixation_3: autoDraw = True
99.6380 	EXP 	target_square_2: autoDraw = False
100.6214 	EXP 	fixation_3: autoDraw = False
100.6242 	EXP 	New trial (rep=0, index=9): {'square': 7, 'location': [-0.2, -0.2], 'corrAns': None}
100.6245 	EXP 	window1: mouseVisible = False
100.6380 	EXP 	grid_lines_2: autoDraw = False
100.6380 	EXP 	target_square_2: autoDraw = False
100.6380 	EXP 	fixation_3: autoDraw = False
100.6380 	EXP 	target_square_2: pos = array([-0.2, -0.2])
100.6380 	EXP 	grid_lines_2: autoDraw = True
100.6380 	EXP 	target_square_2: autoDraw = True
101.6213 	EXP 	fixation_3: autoDraw = True
101.6380 	EXP 	target_square_2: autoDraw = False
102.6213 	EXP 	fixation_3: autoDraw = False
102.6241 	EXP 	New trial (rep=0, index=10): {'square': 5, 'location': [0, 0], 'corrAns': 1}
102.6244 	EXP 	window1: mouseVisible = False
102.6380 	EXP 	grid_lines_2: autoDraw = False
102.6380 	EXP 	target_square_2: autoDraw = False
102.6380 	EXP 	fixation_3: autoDraw = False
102.6380 	EXP 	target_square_2: pos = array([0., 0.])
102.6380 	EXP 	grid_lines_2: autoDraw = True
102.6380 	EXP 	target_square_2: autoDraw = True
103.6214 	EXP 	fixation_3: autoDraw = True
103.6379 	EXP 	target_square_2: autoDraw = False
104.6214 	EXP 	fixation_3: autoDraw = False
104.6245 	EXP 	New trial (rep=0, index=11): {'square': 6, 'location': [0.2, 0], 'corrAns': None}
104.6248 	EXP 	window1: mouseVisible = False
104.6381 	EXP 	grid_lines_2: autoDraw = False
104.6381 	EXP 	target_square_2: autoDraw = False
104.6381 	EXP 	fixation_3: autoDraw = False
104.6381 	EXP 	target_square_2: pos = array([0.2, 0. ])
104.6381 	EXP 	grid_lines_2: autoDraw = True
104.6381 	EXP 	target_square_2: autoDraw = True
105.6214 	EXP 	fixation_3: autoDraw = True
105.6381 	EXP 	target_square_2: autoDraw = False
106.6214 	EXP 	fixation_3: autoDraw = False
106.6242 	EXP 	New trial (rep=0, index=12): {'square': 3, 'location': [0.2, 0.2], 'corrAns': None}
106.6245 	EXP 	window1: mouseVisible = False
106.6381 	EXP 	grid_lines_2: autoDraw = False
106.6381 	EXP 	target_square_2: autoDraw = False
106.6381 	EXP 	fixation_3: autoDraw = False
106.6381 	EXP 	target_square_2: pos = array([0.2, 0.2])
106.6381 	EXP 	grid_lines_2: autoDraw = True
106.6381 	EXP 	target_square_2: autoDraw = True
107.6214 	EXP 	fixation_3: autoDraw = True
107.6381 	EXP 	target_square_2: autoDraw = False
108.6214 	EXP 	fixation_3: autoDraw = False
108.6242 	EXP 	New trial (rep=0, index=13): {'square': 6, 'location': [0.2, 0], 'corrAns': 1}
108.6245 	EXP 	window1: mouseVisible = False
108.6381 	EXP 	grid_lines_2: autoDraw = False
108.6381 	EXP 	target_square_2: autoDraw = False
108.6381 	EXP 	fixation_3: autoDraw = False
108.6381 	EXP 	target_square_2: pos = array([0.2, 0. ])
108.6381 	EXP 	grid_lines_2: autoDraw = True
108.6381 	EXP 	target_square_2: autoDraw = True
109.0050 	DATA 	Mouse: Left button down, pos=(879,583)
109.2716 	DATA 	Mouse:  Left button up, pos=(879,583)
109.6214 	EXP 	fixation_3: autoDraw = True
109.6381 	EXP 	target_square_2: autoDraw = False
110.6213 	EXP 	fixation_3: autoDraw = False
110.6242 	EXP 	New trial (rep=0, index=14): {'square': 8, 'location': [0, -0.2], 'corrAns': None}
110.6245 	EXP 	window1: mouseVisible = False
110.6381 	EXP 	grid_lines_2: autoDraw = False
110.6381 	EXP 	target_square_2: autoDraw = False
110.6381 	EXP 	fixation_3: autoDraw = False
110.6381 	EXP 	target_square_2: pos = array([ 0. , -0.2])
110.6381 	EXP 	grid_lines_2: autoDraw = True
110.6381 	EXP 	target_square_2: autoDraw = True
111.6214 	EXP 	fixation_3: autoDraw = True
111.6381 	EXP 	target_square_2: autoDraw = False
112.6214 	EXP 	fixation_3: autoDraw = False
112.6242 	EXP 	New trial (rep=0, index=15): {'square': 9, 'location': [0.2, -0.2], 'corrAns': None}
112.6245 	EXP 	window1: mouseVisible = False
112.6381 	EXP 	grid_lines_2: autoDraw = False
112.6381 	EXP 	target_square_2: autoDraw = False
112.6381 	EXP 	fixation_3: autoDraw = False
112.6381 	EXP 	target_square_2: pos = array([ 0.2, -0.2])
112.6381 	EXP 	grid_lines_2: autoDraw = True
112.6381 	EXP 	target_square_2: autoDraw = True
113.6205 	EXP 	fixation_3: autoDraw = True
113.6372 	EXP 	target_square_2: autoDraw = False
114.6205 	EXP 	fixation_3: autoDraw = False
114.6234 	EXP 	New trial (rep=0, index=16): {'square': 9, 'location': [0.2, -0.2], 'corrAns': None}
114.6237 	EXP 	window1: mouseVisible = False
114.6372 	EXP 	grid_lines_2: autoDraw = False
114.6372 	EXP 	target_square_2: autoDraw = False
114.6372 	EXP 	fixation_3: autoDraw = False
114.6372 	EXP 	target_square_2: pos = array([ 0.2, -0.2])
114.6372 	EXP 	grid_lines_2: autoDraw = True
114.6372 	EXP 	target_square_2: autoDraw = True
115.2229 	DATA 	Mouse: Left button down, pos=(879,583)
115.4401 	DATA 	Mouse:  Left button up, pos=(879,583)
115.6206 	EXP 	fixation_3: autoDraw = True
115.6373 	EXP 	target_square_2: autoDraw = False
116.6213 	EXP 	fixation_3: autoDraw = False
116.6241 	EXP 	New trial (rep=0, index=17): {'square': 1, 'location': [-0.2, 0.2], 'corrAns': None}
116.6244 	EXP 	window1: mouseVisible = False
116.6379 	EXP 	grid_lines_2: autoDraw = False
116.6379 	EXP 	target_square_2: autoDraw = False
116.6379 	EXP 	fixation_3: autoDraw = False
116.6379 	EXP 	target_square_2: pos = array([-0.2,  0.2])
116.6379 	EXP 	grid_lines_2: autoDraw = True
116.6379 	EXP 	target_square_2: autoDraw = True
117.6213 	EXP 	fixation_3: autoDraw = True
117.6379 	EXP 	target_square_2: autoDraw = False
118.6215 	EXP 	fixation_3: autoDraw = False
118.6243 	EXP 	New trial (rep=0, index=18): {'square': 3, 'location': [0.2, 0.2], 'corrAns': None}
118.6246 	EXP 	window1: mouseVisible = False
118.6382 	EXP 	grid_lines_2: autoDraw = False
118.6382 	EXP 	target_square_2: autoDraw = False
118.6382 	EXP 	fixation_3: autoDraw = False
118.6382 	EXP 	target_square_2: pos = array([0.2, 0.2])
118.6382 	EXP 	grid_lines_2: autoDraw = True
118.6382 	EXP 	target_square_2: autoDraw = True
119.6215 	EXP 	fixation_3: autoDraw = True
119.6382 	EXP 	target_square_2: autoDraw = False
120.6215 	EXP 	fixation_3: autoDraw = False
120.6244 	EXP 	New trial (rep=0, index=19): {'square': 5, 'location': [0, 0], 'corrAns': None}
120.6246 	EXP 	window1: mouseVisible = False
120.6382 	EXP 	grid_lines_2: autoDraw = False
120.6382 	EXP 	target_square_2: autoDraw = False
120.6382 	EXP 	fixation_3: autoDraw = False
120.6382 	EXP 	target_square_2: pos = array([0., 0.])
120.6382 	EXP 	grid_lines_2: autoDraw = True
120.6382 	EXP 	target_square_2: autoDraw = True
121.6215 	EXP 	fixation_3: autoDraw = True
121.6382 	EXP 	target_square_2: autoDraw = False
122.6215 	EXP 	fixation_3: autoDraw = False
122.6243 	EXP 	New trial (rep=0, index=20): {'square': 3, 'location': [0.2, 0.2], 'corrAns': 1}
122.6246 	EXP 	window1: mouseVisible = False
122.6382 	EXP 	grid_lines_2: autoDraw = False
122.6382 	EXP 	target_square_2: autoDraw = False
122.6382 	EXP 	fixation_3: autoDraw = False
122.6382 	EXP 	target_square_2: pos = array([0.2, 0.2])
122.6382 	EXP 	grid_lines_2: autoDraw = True
122.6382 	EXP 	target_square_2: autoDraw = True
122.9551 	DATA 	Mouse: Left button down, pos=(879,583)
123.1551 	DATA 	Mouse:  Left button up, pos=(879,583)
123.6215 	EXP 	fixation_3: autoDraw = True
123.6382 	EXP 	target_square_2: autoDraw = False
124.6215 	EXP 	fixation_3: autoDraw = False
124.6244 	EXP 	New trial (rep=0, index=21): {'square': 4, 'location': [-0.2, 0], 'corrAns': None}
124.6247 	EXP 	window1: mouseVisible = False
124.6382 	EXP 	grid_lines_2: autoDraw = False
124.6382 	EXP 	target_square_2: autoDraw = False
124.6382 	EXP 	fixation_3: autoDraw = False
124.6382 	EXP 	target_square_2: pos = array([-0.2,  0. ])
124.6382 	EXP 	grid_lines_2: autoDraw = True
124.6382 	EXP 	target_square_2: autoDraw = True
125.6216 	EXP 	fixation_3: autoDraw = True
125.6382 	EXP 	target_square_2: autoDraw = False
126.6215 	EXP 	fixation_3: autoDraw = False
126.6246 	EXP 	New trial (rep=0, index=22): {'square': 7, 'location': [-0.2, -0.2], 'corrAns': None}
126.6249 	EXP 	window1: mouseVisible = False
126.6382 	EXP 	grid_lines_2: autoDraw = False
126.6382 	EXP 	target_square_2: autoDraw = False
126.6382 	EXP 	fixation_3: autoDraw = False
126.6382 	EXP 	target_square_2: pos = array([-0.2, -0.2])
126.6382 	EXP 	grid_lines_2: autoDraw = True
126.6382 	EXP 	target_square_2: autoDraw = True
127.6215 	EXP 	fixation_3: autoDraw = True
127.6382 	EXP 	target_square_2: autoDraw = False
128.6216 	EXP 	fixation_3: autoDraw = False
128.6243 	EXP 	New trial (rep=0, index=23): {'square': 4, 'location': [-0.2, 0], 'corrAns': 1}
128.6246 	EXP 	window1: mouseVisible = False
128.6382 	EXP 	grid_lines_2: autoDraw = False
128.6382 	EXP 	target_square_2: autoDraw = False
128.6382 	EXP 	fixation_3: autoDraw = False
128.6382 	EXP 	target_square_2: pos = array([-0.2,  0. ])
128.6382 	EXP 	grid_lines_2: autoDraw = True
128.6382 	EXP 	target_square_2: autoDraw = True
129.3217 	DATA 	Mouse: Left button down, pos=(879,583)
129.5218 	DATA 	Mouse:  Left button up, pos=(879,583)
129.6216 	EXP 	fixation_3: autoDraw = True
129.6382 	EXP 	target_square_2: autoDraw = False
130.6216 	EXP 	fixation_3: autoDraw = False
130.6247 	EXP 	New trial (rep=0, index=24): {'square': 4, 'location': [-0.2, 0], 'corrAns': None}
130.6250 	EXP 	window1: mouseVisible = False
130.6383 	EXP 	grid_lines_2: autoDraw = False
130.6383 	EXP 	target_square_2: autoDraw = False
130.6383 	EXP 	fixation_3: autoDraw = False
130.6383 	EXP 	target_square_2: pos = array([-0.2,  0. ])
130.6383 	EXP 	grid_lines_2: autoDraw = True
130.6383 	EXP 	target_square_2: autoDraw = True
131.6216 	EXP 	fixation_3: autoDraw = True
131.6382 	EXP 	target_square_2: autoDraw = False
132.6216 	EXP 	fixation_3: autoDraw = False
132.6243 	EXP 	New trial (rep=0, index=25): {'square': 5, 'location': [0, 0], 'corrAns': None}
132.6246 	EXP 	window1: mouseVisible = False
132.6383 	EXP 	grid_lines_2: autoDraw = False
132.6383 	EXP 	target_square_2: autoDraw = False
132.6383 	EXP 	fixation_3: autoDraw = False
132.6383 	EXP 	target_square_2: pos = array([0., 0.])
132.6383 	EXP 	grid_lines_2: autoDraw = True
132.6383 	EXP 	target_square_2: autoDraw = True
133.6216 	EXP 	fixation_3: autoDraw = True
133.6383 	EXP 	target_square_2: autoDraw = False
134.6216 	EXP 	fixation_3: autoDraw = False
134.6245 	EXP 	New trial (rep=0, index=26): {'square': 2, 'location': [0, 0.2], 'corrAns': None}
134.6248 	EXP 	window1: mouseVisible = False
134.6383 	EXP 	grid_lines_2: autoDraw = False
134.6383 	EXP 	target_square_2: autoDraw = False
134.6383 	EXP 	fixation_3: autoDraw = False
134.6383 	EXP 	target_square_2: pos = array([0. , 0.2])
134.6383 	EXP 	grid_lines_2: autoDraw = True
134.6383 	EXP 	target_square_2: autoDraw = True
135.6216 	EXP 	fixation_3: autoDraw = True
135.6383 	EXP 	target_square_2: autoDraw = False
136.6216 	EXP 	fixation_3: autoDraw = False
136.6244 	EXP 	New trial (rep=0, index=27): {'square': 6, 'location': [0.2, 0], 'corrAns': None}
136.6247 	EXP 	window1: mouseVisible = False
136.6383 	EXP 	grid_lines_2: autoDraw = False
136.6383 	EXP 	target_square_2: autoDraw = False
136.6383 	EXP 	fixation_3: autoDraw = False
136.6383 	EXP 	target_square_2: pos = array([0.2, 0. ])
136.6383 	EXP 	grid_lines_2: autoDraw = True
136.6383 	EXP 	target_square_2: autoDraw = True
137.6216 	EXP 	fixation_3: autoDraw = True
137.6383 	EXP 	target_square_2: autoDraw = False
138.6217 	EXP 	fixation_3: autoDraw = False
138.6245 	EXP 	New trial (rep=0, index=28): {'square': 7, 'location': [-0.2, -0.2], 'corrAns': None}
138.6248 	EXP 	window1: mouseVisible = False
138.6384 	EXP 	grid_lines_2: autoDraw = False
138.6384 	EXP 	target_square_2: autoDraw = False
138.6384 	EXP 	fixation_3: autoDraw = False
138.6384 	EXP 	target_square_2: pos = array([-0.2, -0.2])
138.6384 	EXP 	grid_lines_2: autoDraw = True
138.6384 	EXP 	target_square_2: autoDraw = True
139.6216 	EXP 	fixation_3: autoDraw = True
139.6383 	EXP 	target_square_2: autoDraw = False
140.6217 	EXP 	fixation_3: autoDraw = False
140.6244 	EXP 	New trial (rep=0, index=29): {'square': 6, 'location': [0.2, 0], 'corrAns': 1}
140.6247 	EXP 	window1: mouseVisible = False
140.6383 	EXP 	grid_lines_2: autoDraw = False
140.6383 	EXP 	target_square_2: autoDraw = False
140.6383 	EXP 	fixation_3: autoDraw = False
140.6383 	EXP 	target_square_2: pos = array([0.2, 0. ])
140.6383 	EXP 	grid_lines_2: autoDraw = True
140.6383 	EXP 	target_square_2: autoDraw = True
141.6217 	EXP 	fixation_3: autoDraw = True
141.6383 	EXP 	target_square_2: autoDraw = False
142.6217 	EXP 	fixation_3: autoDraw = False
142.6248 	EXP 	New trial (rep=0, index=30): {'square': 6, 'location': [0.2, 0], 'corrAns': None}
142.6250 	EXP 	window1: mouseVisible = False
142.6383 	EXP 	grid_lines_2: autoDraw = False
142.6383 	EXP 	target_square_2: autoDraw = False
142.6383 	EXP 	fixation_3: autoDraw = False
142.6383 	EXP 	target_square_2: pos = array([0.2, 0. ])
142.6383 	EXP 	grid_lines_2: autoDraw = True
142.6383 	EXP 	target_square_2: autoDraw = True
143.0553 	DATA 	Mouse: Left button down, pos=(879,583)
143.2553 	DATA 	Mouse:  Left button up, pos=(879,583)
143.6217 	EXP 	fixation_3: autoDraw = True
143.6383 	EXP 	target_square_2: autoDraw = False
144.6217 	EXP 	fixation_3: autoDraw = False
144.6247 	EXP 	New trial (rep=0, index=31): {'square': 7, 'location': [-0.2, -0.2], 'corrAns': None}
144.6250 	EXP 	window1: mouseVisible = False
144.6383 	EXP 	grid_lines_2: autoDraw = False
144.6383 	EXP 	target_square_2: autoDraw = False
144.6383 	EXP 	fixation_3: autoDraw = False
144.6383 	EXP 	target_square_2: pos = array([-0.2, -0.2])
144.6383 	EXP 	grid_lines_2: autoDraw = True
144.6383 	EXP 	target_square_2: autoDraw = True
145.6218 	EXP 	fixation_3: autoDraw = True
145.6384 	EXP 	target_square_2: autoDraw = False
146.6217 	EXP 	fixation_3: autoDraw = False
146.6245 	EXP 	New trial (rep=0, index=32): {'square': 6, 'location': [0.2, 0], 'corrAns': 1}
146.6248 	EXP 	window1: mouseVisible = False
146.6384 	EXP 	grid_lines_2: autoDraw = False
146.6384 	EXP 	target_square_2: autoDraw = False
146.6384 	EXP 	fixation_3: autoDraw = False
146.6384 	EXP 	target_square_2: pos = array([0.2, 0. ])
146.6384 	EXP 	grid_lines_2: autoDraw = True
146.6384 	EXP 	target_square_2: autoDraw = True
147.6217 	EXP 	fixation_3: autoDraw = True
147.6384 	EXP 	target_square_2: autoDraw = False
148.6217 	EXP 	fixation_3: autoDraw = False
148.6246 	EXP 	New trial (rep=0, index=33): {'square': 2, 'location': [0, 0.2], 'corrAns': None}
148.6249 	EXP 	window1: mouseVisible = False
148.6383 	EXP 	grid_lines_2: autoDraw = False
148.6383 	EXP 	target_square_2: autoDraw = False
148.6383 	EXP 	fixation_3: autoDraw = False
148.6383 	EXP 	target_square_2: pos = array([0. , 0.2])
148.6383 	EXP 	grid_lines_2: autoDraw = True
148.6383 	EXP 	target_square_2: autoDraw = True
149.6217 	EXP 	fixation_3: autoDraw = True
149.6384 	EXP 	target_square_2: autoDraw = False
150.6217 	EXP 	fixation_3: autoDraw = False
150.6249 	EXP 	New trial (rep=0, index=34): {'square': 5, 'location': [0, 0], 'corrAns': None}
150.6251 	EXP 	window1: mouseVisible = False
150.6384 	EXP 	grid_lines_2: autoDraw = False
150.6384 	EXP 	target_square_2: autoDraw = False
150.6384 	EXP 	fixation_3: autoDraw = False
150.6384 	EXP 	target_square_2: pos = array([0., 0.])
150.6384 	EXP 	grid_lines_2: autoDraw = True
150.6384 	EXP 	target_square_2: autoDraw = True
151.6217 	EXP 	fixation_3: autoDraw = True
151.6384 	EXP 	target_square_2: autoDraw = False
152.6218 	EXP 	fixation_3: autoDraw = False
152.6246 	EXP 	New trial (rep=0, index=35): {'square': 4, 'location': [-0.2, 0], 'corrAns': None}
152.6249 	EXP 	window1: mouseVisible = False
152.6384 	EXP 	grid_lines_2: autoDraw = False
152.6384 	EXP 	target_square_2: autoDraw = False
152.6384 	EXP 	fixation_3: autoDraw = False
152.6384 	EXP 	target_square_2: pos = array([-0.2,  0. ])
152.6384 	EXP 	grid_lines_2: autoDraw = True
152.6384 	EXP 	target_square_2: autoDraw = True
153.6218 	EXP 	fixation_3: autoDraw = True
153.6385 	EXP 	target_square_2: autoDraw = False
154.6218 	EXP 	fixation_3: autoDraw = False
154.6245 	EXP 	New trial (rep=0, index=36): {'square': 4, 'location': [-0.2, 0], 'corrAns': None}
154.6249 	EXP 	window1: mouseVisible = False
154.6384 	EXP 	grid_lines_2: autoDraw = False
154.6384 	EXP 	target_square_2: autoDraw = False
154.6384 	EXP 	fixation_3: autoDraw = False
154.6384 	EXP 	target_square_2: pos = array([-0.2,  0. ])
154.6384 	EXP 	grid_lines_2: autoDraw = True
154.6384 	EXP 	target_square_2: autoDraw = True
155.3554 	DATA 	Mouse: Left button down, pos=(879,583)
155.5719 	DATA 	Mouse:  Left button up, pos=(879,583)
155.6218 	EXP 	fixation_3: autoDraw = True
155.6384 	EXP 	target_square_2: autoDraw = False
156.6218 	EXP 	fixation_3: autoDraw = False
156.6246 	EXP 	New trial (rep=0, index=37): {'square': 7, 'location': [-0.2, -0.2], 'corrAns': None}
156.6249 	EXP 	window1: mouseVisible = False
156.6385 	EXP 	grid_lines_2: autoDraw = False
156.6385 	EXP 	target_square_2: autoDraw = False
156.6385 	EXP 	fixation_3: autoDraw = False
156.6385 	EXP 	target_square_2: pos = array([-0.2, -0.2])
156.6385 	EXP 	grid_lines_2: autoDraw = True
156.6385 	EXP 	target_square_2: autoDraw = True
157.6218 	EXP 	fixation_3: autoDraw = True
157.6385 	EXP 	target_square_2: autoDraw = False
158.6218 	EXP 	fixation_3: autoDraw = False
158.6245 	EXP 	New trial (rep=0, index=38): {'square': 4, 'location': [-0.2, 0], 'corrAns': 1}
158.6248 	EXP 	window1: mouseVisible = False
158.6385 	EXP 	grid_lines_2: autoDraw = False
158.6385 	EXP 	target_square_2: autoDraw = False
158.6385 	EXP 	fixation_3: autoDraw = False
158.6385 	EXP 	target_square_2: pos = array([-0.2,  0. ])
158.6385 	EXP 	grid_lines_2: autoDraw = True
158.6385 	EXP 	target_square_2: autoDraw = True
159.6218 	EXP 	fixation_3: autoDraw = True
159.6385 	EXP 	target_square_2: autoDraw = False
160.6218 	EXP 	fixation_3: autoDraw = False
160.6247 	EXP 	New trial (rep=0, index=39): {'square': 3, 'location': [0.2, 0.2], 'corrAns': None}
160.6250 	EXP 	window1: mouseVisible = False
160.6385 	EXP 	grid_lines_2: autoDraw = False
160.6385 	EXP 	target_square_2: autoDraw = False
160.6385 	EXP 	fixation_3: autoDraw = False
160.6385 	EXP 	target_square_2: pos = array([0.2, 0.2])
160.6385 	EXP 	grid_lines_2: autoDraw = True
160.6385 	EXP 	target_square_2: autoDraw = True
161.6218 	EXP 	fixation_3: autoDraw = True
161.6385 	EXP 	target_square_2: autoDraw = False
162.6219 	EXP 	fixation_3: autoDraw = False
162.6247 	EXP 	New trial (rep=0, index=40): {'square': 5, 'location': [0, 0], 'corrAns': None}
162.6249 	EXP 	window1: mouseVisible = False
162.6385 	EXP 	grid_lines_2: autoDraw = False
162.6385 	EXP 	target_square_2: autoDraw = False
162.6385 	EXP 	fixation_3: autoDraw = False
162.6385 	EXP 	target_square_2: pos = array([0., 0.])
162.6385 	EXP 	grid_lines_2: autoDraw = True
162.6385 	EXP 	target_square_2: autoDraw = True
163.6218 	EXP 	fixation_3: autoDraw = True
163.6385 	EXP 	target_square_2: autoDraw = False
164.6219 	EXP 	fixation_3: autoDraw = False
164.6252 	EXP 	New trial (rep=0, index=41): {'square': 3, 'location': [0.2, 0.2], 'corrAns': 1}
164.6255 	EXP 	window1: mouseVisible = False
164.6385 	EXP 	grid_lines_2: autoDraw = False
164.6385 	EXP 	target_square_2: autoDraw = False
164.6385 	EXP 	fixation_3: autoDraw = False
164.6385 	EXP 	target_square_2: pos = array([0.2, 0.2])
164.6385 	EXP 	grid_lines_2: autoDraw = True
164.6385 	EXP 	target_square_2: autoDraw = True
165.1388 	DATA 	Mouse: Left button down, pos=(879,583)
165.3387 	DATA 	Mouse:  Left button up, pos=(879,583)
165.6219 	EXP 	fixation_3: autoDraw = True
165.6385 	EXP 	target_square_2: autoDraw = False
166.6219 	EXP 	fixation_3: autoDraw = False
166.6246 	EXP 	New trial (rep=0, index=42): {'square': 1, 'location': [-0.2, 0.2], 'corrAns': None}
166.6249 	EXP 	window1: mouseVisible = False
166.6385 	EXP 	grid_lines_2: autoDraw = False
166.6385 	EXP 	target_square_2: autoDraw = False
166.6385 	EXP 	fixation_3: autoDraw = False
166.6385 	EXP 	target_square_2: pos = array([-0.2,  0.2])
166.6385 	EXP 	grid_lines_2: autoDraw = True
166.6385 	EXP 	target_square_2: autoDraw = True
167.6219 	EXP 	fixation_3: autoDraw = True
167.6385 	EXP 	target_square_2: autoDraw = False
168.6219 	EXP 	fixation_3: autoDraw = False
168.6247 	EXP 	New trial (rep=0, index=43): {'square': 9, 'location': [0.2, -0.2], 'corrAns': None}
168.6250 	EXP 	window1: mouseVisible = False
168.6385 	EXP 	grid_lines_2: autoDraw = False
168.6385 	EXP 	target_square_2: autoDraw = False
168.6385 	EXP 	fixation_3: autoDraw = False
168.6385 	EXP 	target_square_2: pos = array([ 0.2, -0.2])
168.6385 	EXP 	grid_lines_2: autoDraw = True
168.6385 	EXP 	target_square_2: autoDraw = True
169.6219 	EXP 	fixation_3: autoDraw = True
169.6386 	EXP 	target_square_2: autoDraw = False
170.6219 	EXP 	fixation_3: autoDraw = False
170.6247 	EXP 	New trial (rep=0, index=44): {'square': 9, 'location': [0.2, -0.2], 'corrAns': None}
170.6250 	EXP 	window1: mouseVisible = False
170.6386 	EXP 	grid_lines_2: autoDraw = False
170.6386 	EXP 	target_square_2: autoDraw = False
170.6386 	EXP 	fixation_3: autoDraw = False
170.6386 	EXP 	target_square_2: pos = array([ 0.2, -0.2])
170.6386 	EXP 	grid_lines_2: autoDraw = True
170.6386 	EXP 	target_square_2: autoDraw = True
171.1222 	DATA 	Mouse: Left button down, pos=(879,583)
171.2888 	DATA 	Mouse:  Left button up, pos=(879,583)
171.6219 	EXP 	fixation_3: autoDraw = True
171.6386 	EXP 	target_square_2: autoDraw = False
172.6219 	EXP 	fixation_3: autoDraw = False
172.6249 	EXP 	New trial (rep=0, index=45): {'square': 8, 'location': [0, -0.2], 'corrAns': None}
172.6253 	EXP 	window1: mouseVisible = False
172.6386 	EXP 	grid_lines_2: autoDraw = False
172.6386 	EXP 	target_square_2: autoDraw = False
172.6386 	EXP 	fixation_3: autoDraw = False
172.6386 	EXP 	target_square_2: pos = array([ 0. , -0.2])
172.6386 	EXP 	grid_lines_2: autoDraw = True
172.6386 	EXP 	target_square_2: autoDraw = True
173.6219 	EXP 	fixation_3: autoDraw = True
173.6386 	EXP 	target_square_2: autoDraw = False
174.6219 	EXP 	fixation_3: autoDraw = False
174.6253 	EXP 	New trial (rep=0, index=46): {'square': 6, 'location': [0.2, 0], 'corrAns': None}
174.6256 	EXP 	window1: mouseVisible = False
174.6386 	EXP 	grid_lines_2: autoDraw = False
174.6386 	EXP 	target_square_2: autoDraw = False
174.6386 	EXP 	fixation_3: autoDraw = False
174.6386 	EXP 	target_square_2: pos = array([0.2, 0. ])
174.6386 	EXP 	grid_lines_2: autoDraw = True
174.6386 	EXP 	target_square_2: autoDraw = True
175.6220 	EXP 	fixation_3: autoDraw = True
175.6386 	EXP 	target_square_2: autoDraw = False
176.6220 	EXP 	fixation_3: autoDraw = False
176.6247 	EXP 	New trial (rep=0, index=47): {'square': 3, 'location': [0.2, 0.2], 'corrAns': None}
176.6250 	EXP 	window1: mouseVisible = False
176.6386 	EXP 	grid_lines_2: autoDraw = False
176.6386 	EXP 	target_square_2: autoDraw = False
176.6386 	EXP 	fixation_3: autoDraw = False
176.6386 	EXP 	target_square_2: pos = array([0.2, 0.2])
176.6386 	EXP 	grid_lines_2: autoDraw = True
176.6386 	EXP 	target_square_2: autoDraw = True
177.6220 	EXP 	fixation_3: autoDraw = True
177.6386 	EXP 	target_square_2: autoDraw = False
178.6220 	EXP 	fixation_3: autoDraw = False
178.6248 	EXP 	New trial (rep=0, index=48): {'square': 6, 'location': [0.2, 0], 'corrAns': 1}
178.6251 	EXP 	window1: mouseVisible = False
178.6386 	EXP 	grid_lines_2: autoDraw = False
178.6386 	EXP 	target_square_2: autoDraw = False
178.6386 	EXP 	fixation_3: autoDraw = False
178.6386 	EXP 	target_square_2: pos = array([0.2, 0. ])
178.6386 	EXP 	grid_lines_2: autoDraw = True
178.6386 	EXP 	target_square_2: autoDraw = True
179.6220 	EXP 	fixation_3: autoDraw = True
179.6386 	EXP 	target_square_2: autoDraw = False
180.6220 	EXP 	fixation_3: autoDraw = False
180.6247 	EXP 	New trial (rep=0, index=49): {'square': 5, 'location': [0, 0], 'corrAns': None}
180.6250 	EXP 	window1: mouseVisible = False
180.6386 	EXP 	grid_lines_2: autoDraw = False
180.6386 	EXP 	target_square_2: autoDraw = False
180.6386 	EXP 	fixation_3: autoDraw = False
180.6386 	EXP 	target_square_2: pos = array([0., 0.])
180.6386 	EXP 	grid_lines_2: autoDraw = True
180.6386 	EXP 	target_square_2: autoDraw = True
181.6220 	EXP 	fixation_3: autoDraw = True
181.6386 	EXP 	target_square_2: autoDraw = False
182.6220 	EXP 	fixation_3: autoDraw = False
182.6248 	EXP 	New trial (rep=0, index=50): {'square': 7, 'location': [-0.2, -0.2], 'corrAns': None}
182.6250 	EXP 	window1: mouseVisible = False
182.6387 	EXP 	grid_lines_2: autoDraw = False
182.6387 	EXP 	target_square_2: autoDraw = False
182.6387 	EXP 	fixation_3: autoDraw = False
182.6387 	EXP 	target_square_2: pos = array([-0.2, -0.2])
182.6387 	EXP 	grid_lines_2: autoDraw = True
182.6387 	EXP 	target_square_2: autoDraw = True
183.6220 	EXP 	fixation_3: autoDraw = True
183.6387 	EXP 	target_square_2: autoDraw = False
184.6220 	EXP 	fixation_3: autoDraw = False
184.6249 	EXP 	New trial (rep=0, index=51): {'square': 5, 'location': [0, 0], 'corrAns': 1}
184.6252 	EXP 	window1: mouseVisible = False
184.6387 	EXP 	grid_lines_2: autoDraw = False
184.6387 	EXP 	target_square_2: autoDraw = False
184.6387 	EXP 	fixation_3: autoDraw = False
184.6387 	EXP 	target_square_2: pos = array([0., 0.])
184.6387 	EXP 	grid_lines_2: autoDraw = True
184.6387 	EXP 	target_square_2: autoDraw = True
185.6220 	EXP 	fixation_3: autoDraw = True
185.6387 	EXP 	target_square_2: autoDraw = False
186.6221 	EXP 	fixation_3: autoDraw = False
186.6254 	EXP 	New trial (rep=0, index=52): {'square': 1, 'location': [-0.2, 0.2], 'corrAns': None}
186.6257 	EXP 	window1: mouseVisible = False
186.6387 	EXP 	grid_lines_2: autoDraw = False
186.6387 	EXP 	target_square_2: autoDraw = False
186.6387 	EXP 	fixation_3: autoDraw = False
186.6387 	EXP 	target_square_2: pos = array([-0.2,  0.2])
186.6387 	EXP 	grid_lines_2: autoDraw = True
186.6387 	EXP 	target_square_2: autoDraw = True
187.6221 	EXP 	fixation_3: autoDraw = True
187.6387 	EXP 	target_square_2: autoDraw = False
188.6221 	EXP 	fixation_3: autoDraw = False
188.6249 	EXP 	New trial (rep=0, index=53): {'square': 7, 'location': [-0.2, -0.2], 'corrAns': None}
188.6252 	EXP 	window1: mouseVisible = False
188.6387 	EXP 	grid_lines_2: autoDraw = False
188.6387 	EXP 	target_square_2: autoDraw = False
188.6387 	EXP 	fixation_3: autoDraw = False
188.6387 	EXP 	target_square_2: pos = array([-0.2, -0.2])
188.6387 	EXP 	grid_lines_2: autoDraw = True
188.6387 	EXP 	target_square_2: autoDraw = True
189.6221 	EXP 	fixation_3: autoDraw = True
189.6387 	EXP 	target_square_2: autoDraw = False
190.6221 	EXP 	fixation_3: autoDraw = False
190.6249 	EXP 	New trial (rep=0, index=54): {'square': 9, 'location': [0.2, -0.2], 'corrAns': None}
190.6252 	EXP 	window1: mouseVisible = False
190.6387 	EXP 	grid_lines_2: autoDraw = False
190.6387 	EXP 	target_square_2: autoDraw = False
190.6387 	EXP 	fixation_3: autoDraw = False
190.6387 	EXP 	target_square_2: pos = array([ 0.2, -0.2])
190.6387 	EXP 	grid_lines_2: autoDraw = True
190.6387 	EXP 	target_square_2: autoDraw = True
191.6221 	EXP 	fixation_3: autoDraw = True
191.6387 	EXP 	target_square_2: autoDraw = False
192.6221 	EXP 	fixation_3: autoDraw = False
192.6249 	EXP 	New trial (rep=0, index=55): {'square': 3, 'location': [0.2, 0.2], 'corrAns': None}
192.6252 	EXP 	window1: mouseVisible = False
192.6387 	EXP 	grid_lines_2: autoDraw = False
192.6387 	EXP 	target_square_2: autoDraw = False
192.6387 	EXP 	fixation_3: autoDraw = False
192.6387 	EXP 	target_square_2: pos = array([0.2, 0.2])
192.6387 	EXP 	grid_lines_2: autoDraw = True
192.6387 	EXP 	target_square_2: autoDraw = True
193.6220 	EXP 	fixation_3: autoDraw = True
193.6388 	EXP 	target_square_2: autoDraw = False
194.6221 	EXP 	fixation_3: autoDraw = False
194.6249 	EXP 	New trial (rep=0, index=56): {'square': 9, 'location': [0.2, -0.2], 'corrAns': 1}
194.6254 	EXP 	window1: mouseVisible = False
194.6388 	EXP 	grid_lines_2: autoDraw = False
194.6388 	EXP 	target_square_2: autoDraw = False
194.6388 	EXP 	fixation_3: autoDraw = False
194.6388 	EXP 	target_square_2: pos = array([ 0.2, -0.2])
194.6388 	EXP 	grid_lines_2: autoDraw = True
194.6388 	EXP 	target_square_2: autoDraw = True
195.2390 	DATA 	Mouse: Left button down, pos=(879,583)
195.4389 	DATA 	Mouse:  Left button up, pos=(879,583)
195.6221 	EXP 	fixation_3: autoDraw = True
195.6388 	EXP 	target_square_2: autoDraw = False
196.6221 	EXP 	fixation_3: autoDraw = False
196.6250 	EXP 	New trial (rep=0, index=57): {'square': 6, 'location': [0.2, 0], 'corrAns': None}
196.6253 	EXP 	window1: mouseVisible = False
196.6388 	EXP 	grid_lines_2: autoDraw = False
196.6388 	EXP 	target_square_2: autoDraw = False
196.6388 	EXP 	fixation_3: autoDraw = False
196.6388 	EXP 	target_square_2: pos = array([0.2, 0. ])
196.6388 	EXP 	grid_lines_2: autoDraw = True
196.6388 	EXP 	target_square_2: autoDraw = True
197.6221 	EXP 	fixation_3: autoDraw = True
197.6388 	EXP 	target_square_2: autoDraw = False
198.6221 	EXP 	fixation_3: autoDraw = False
198.6250 	EXP 	New trial (rep=0, index=58): {'square': 2, 'location': [0, 0.2], 'corrAns': None}
198.6253 	EXP 	window1: mouseVisible = False
198.6388 	EXP 	grid_lines_2: autoDraw = False
198.6388 	EXP 	target_square_2: autoDraw = False
198.6388 	EXP 	fixation_3: autoDraw = False
198.6388 	EXP 	target_square_2: pos = array([0. , 0.2])
198.6388 	EXP 	grid_lines_2: autoDraw = True
198.6388 	EXP 	target_square_2: autoDraw = True
199.6221 	EXP 	fixation_3: autoDraw = True
199.6388 	EXP 	target_square_2: autoDraw = False
200.6221 	EXP 	fixation_3: autoDraw = False
200.6249 	EXP 	New trial (rep=0, index=59): {'square': 5, 'location': [0, 0], 'corrAns': None}
200.6252 	EXP 	window1: mouseVisible = False
200.6388 	EXP 	grid_lines_2: autoDraw = False
200.6388 	EXP 	target_square_2: autoDraw = False
200.6388 	EXP 	fixation_3: autoDraw = False
200.6388 	EXP 	target_square_2: pos = array([0., 0.])
200.6388 	EXP 	grid_lines_2: autoDraw = True
200.6388 	EXP 	target_square_2: autoDraw = True
201.6221 	EXP 	fixation_3: autoDraw = True
201.6388 	EXP 	target_square_2: autoDraw = False
202.6221 	EXP 	fixation_3: autoDraw = False
202.6250 	EXP 	New trial (rep=0, index=60): {'square': 5, 'location': [0, 0], 'corrAns': None}
202.6252 	EXP 	window1: mouseVisible = False
202.6388 	EXP 	grid_lines_2: autoDraw = False
202.6388 	EXP 	target_square_2: autoDraw = False
202.6388 	EXP 	fixation_3: autoDraw = False
202.6388 	EXP 	target_square_2: pos = array([0., 0.])
202.6388 	EXP 	grid_lines_2: autoDraw = True
202.6388 	EXP 	target_square_2: autoDraw = True
203.6222 	EXP 	fixation_3: autoDraw = True
203.6388 	EXP 	target_square_2: autoDraw = False
204.6222 	EXP 	fixation_3: autoDraw = False
204.6253 	EXP 	New trial (rep=0, index=61): {'square': 2, 'location': [0, 0.2], 'corrAns': None}
204.6256 	EXP 	window1: mouseVisible = False
204.6389 	EXP 	grid_lines_2: autoDraw = False
204.6389 	EXP 	target_square_2: autoDraw = False
204.6389 	EXP 	fixation_3: autoDraw = False
204.6389 	EXP 	target_square_2: pos = array([0. , 0.2])
204.6389 	EXP 	grid_lines_2: autoDraw = True
204.6389 	EXP 	target_square_2: autoDraw = True
205.6222 	EXP 	fixation_3: autoDraw = True
205.6389 	EXP 	target_square_2: autoDraw = False
206.6222 	EXP 	fixation_3: autoDraw = False
206.6250 	EXP 	New trial (rep=0, index=62): {'square': 6, 'location': [0.2, 0], 'corrAns': None}
206.6253 	EXP 	window1: mouseVisible = False
206.6389 	EXP 	grid_lines_2: autoDraw = False
206.6389 	EXP 	target_square_2: autoDraw = False
206.6389 	EXP 	fixation_3: autoDraw = False
206.6389 	EXP 	target_square_2: pos = array([0.2, 0. ])
206.6389 	EXP 	grid_lines_2: autoDraw = True
206.6389 	EXP 	target_square_2: autoDraw = True
207.6222 	EXP 	fixation_3: autoDraw = True
207.6389 	EXP 	target_square_2: autoDraw = False
208.6222 	EXP 	fixation_3: autoDraw = False
208.6252 	EXP 	New trial (rep=0, index=63): {'square': 9, 'location': [0.2, -0.2], 'corrAns': None}
208.6255 	EXP 	window1: mouseVisible = False
208.6389 	EXP 	grid_lines_2: autoDraw = False
208.6389 	EXP 	target_square_2: autoDraw = False
208.6389 	EXP 	fixation_3: autoDraw = False
208.6389 	EXP 	target_square_2: pos = array([ 0.2, -0.2])
208.6389 	EXP 	grid_lines_2: autoDraw = True
208.6389 	EXP 	target_square_2: autoDraw = True
209.6222 	EXP 	fixation_3: autoDraw = True
209.6389 	EXP 	target_square_2: autoDraw = False
210.6222 	EXP 	fixation_3: autoDraw = False
210.6250 	EXP 	New trial (rep=0, index=64): {'square': 3, 'location': [0.2, 0.2], 'corrAns': None}
210.6253 	EXP 	window1: mouseVisible = False
210.6389 	EXP 	grid_lines_2: autoDraw = False
210.6389 	EXP 	target_square_2: autoDraw = False
210.6389 	EXP 	fixation_3: autoDraw = False
210.6389 	EXP 	target_square_2: pos = array([0.2, 0.2])
210.6389 	EXP 	grid_lines_2: autoDraw = True
210.6389 	EXP 	target_square_2: autoDraw = True
211.6222 	EXP 	fixation_3: autoDraw = True
211.6389 	EXP 	target_square_2: autoDraw = False
212.6222 	EXP 	fixation_3: autoDraw = False
212.6250 	EXP 	New trial (rep=0, index=65): {'square': 9, 'location': [0.2, -0.2], 'corrAns': 1}
212.6253 	EXP 	window1: mouseVisible = False
212.6389 	EXP 	grid_lines_2: autoDraw = False
212.6389 	EXP 	target_square_2: autoDraw = False
212.6389 	EXP 	fixation_3: autoDraw = False
212.6389 	EXP 	target_square_2: pos = array([ 0.2, -0.2])
212.6389 	EXP 	grid_lines_2: autoDraw = True
212.6389 	EXP 	target_square_2: autoDraw = True
213.6223 	EXP 	fixation_3: autoDraw = True
213.6389 	EXP 	target_square_2: autoDraw = False
214.6222 	EXP 	fixation_3: autoDraw = False
214.6251 	EXP 	New trial (rep=0, index=66): {'square': 7, 'location': [-0.2, -0.2], 'corrAns': None}
214.6255 	EXP 	window1: mouseVisible = False
214.6389 	EXP 	grid_lines_2: autoDraw = False
214.6389 	EXP 	target_square_2: autoDraw = False
214.6389 	EXP 	fixation_3: autoDraw = False
214.6389 	EXP 	target_square_2: pos = array([-0.2, -0.2])
214.6389 	EXP 	grid_lines_2: autoDraw = True
214.6389 	EXP 	target_square_2: autoDraw = True
215.6223 	EXP 	fixation_3: autoDraw = True
215.6389 	EXP 	target_square_2: autoDraw = False
216.6223 	EXP 	fixation_3: autoDraw = False
216.6251 	EXP 	New trial (rep=0, index=67): {'square': 1, 'location': [-0.2, 0.2], 'corrAns': None}
216.6254 	EXP 	window1: mouseVisible = False
216.6390 	EXP 	grid_lines_2: autoDraw = False
216.6390 	EXP 	target_square_2: autoDraw = False
216.6390 	EXP 	fixation_3: autoDraw = False
216.6390 	EXP 	target_square_2: pos = array([-0.2,  0.2])
216.6390 	EXP 	grid_lines_2: autoDraw = True
216.6390 	EXP 	target_square_2: autoDraw = True
217.6223 	EXP 	fixation_3: autoDraw = True
217.6389 	EXP 	target_square_2: autoDraw = False
218.6223 	EXP 	fixation_3: autoDraw = False
218.6251 	EXP 	New trial (rep=0, index=68): {'square': 5, 'location': [0, 0], 'corrAns': None}
218.6254 	EXP 	window1: mouseVisible = False
218.6390 	EXP 	grid_lines_2: autoDraw = False
218.6390 	EXP 	target_square_2: autoDraw = False
218.6390 	EXP 	fixation_3: autoDraw = False
218.6390 	EXP 	target_square_2: pos = array([0., 0.])
218.6390 	EXP 	grid_lines_2: autoDraw = True
218.6390 	EXP 	target_square_2: autoDraw = True
219.6223 	EXP 	fixation_3: autoDraw = True
219.6390 	EXP 	target_square_2: autoDraw = False
220.6223 	EXP 	fixation_3: autoDraw = False
220.6250 	EXP 	New trial (rep=0, index=69): {'square': 7, 'location': [-0.2, -0.2], 'corrAns': None}
220.6253 	EXP 	window1: mouseVisible = False
220.6390 	EXP 	grid_lines_2: autoDraw = False
220.6390 	EXP 	target_square_2: autoDraw = False
220.6390 	EXP 	fixation_3: autoDraw = False
220.6390 	EXP 	target_square_2: pos = array([-0.2, -0.2])
220.6390 	EXP 	grid_lines_2: autoDraw = True
220.6390 	EXP 	target_square_2: autoDraw = True
221.6223 	EXP 	fixation_3: autoDraw = True
221.6390 	EXP 	target_square_2: autoDraw = False
222.6223 	EXP 	fixation_3: autoDraw = False
222.6254 	EXP 	New trial (rep=0, index=70): {'square': 5, 'location': [0, 0], 'corrAns': 1}
222.6257 	EXP 	window1: mouseVisible = False
222.6390 	EXP 	grid_lines_2: autoDraw = False
222.6390 	EXP 	target_square_2: autoDraw = False
222.6390 	EXP 	fixation_3: autoDraw = False
222.6390 	EXP 	target_square_2: pos = array([0., 0.])
222.6390 	EXP 	grid_lines_2: autoDraw = True
222.6390 	EXP 	target_square_2: autoDraw = True
223.6223 	EXP 	fixation_3: autoDraw = True
223.6390 	EXP 	target_square_2: autoDraw = False
224.6223 	EXP 	fixation_3: autoDraw = False
224.6254 	EXP 	New trial (rep=0, index=71): {'square': 6, 'location': [0.2, 0], 'corrAns': None}
224.6258 	EXP 	window1: mouseVisible = False
224.6390 	EXP 	grid_lines_2: autoDraw = False
224.6390 	EXP 	target_square_2: autoDraw = False
224.6390 	EXP 	fixation_3: autoDraw = False
224.6390 	EXP 	target_square_2: pos = array([0.2, 0. ])
224.6390 	EXP 	grid_lines_2: autoDraw = True
224.6390 	EXP 	target_square_2: autoDraw = True
225.6223 	EXP 	fixation_3: autoDraw = True
225.6390 	EXP 	target_square_2: autoDraw = False
226.6223 	EXP 	fixation_3: autoDraw = False
226.6252 	EXP 	New trial (rep=0, index=72): {'square': 3, 'location': [0.2, 0.2], 'corrAns': None}
226.6255 	EXP 	window1: mouseVisible = False
226.6390 	EXP 	grid_lines_2: autoDraw = False
226.6390 	EXP 	target_square_2: autoDraw = False
226.6390 	EXP 	fixation_3: autoDraw = False
226.6390 	EXP 	target_square_2: pos = array([0.2, 0.2])
226.6390 	EXP 	grid_lines_2: autoDraw = True
226.6390 	EXP 	target_square_2: autoDraw = True
227.6224 	EXP 	fixation_3: autoDraw = True
227.6390 	EXP 	target_square_2: autoDraw = False
228.6224 	EXP 	fixation_3: autoDraw = False
228.6252 	EXP 	New trial (rep=0, index=73): {'square': 6, 'location': [0.2, 0], 'corrAns': 1}
228.6255 	EXP 	window1: mouseVisible = False
228.6391 	EXP 	grid_lines_2: autoDraw = False
228.6391 	EXP 	target_square_2: autoDraw = False
228.6391 	EXP 	fixation_3: autoDraw = False
228.6391 	EXP 	target_square_2: pos = array([0.2, 0. ])
228.6391 	EXP 	grid_lines_2: autoDraw = True
228.6391 	EXP 	target_square_2: autoDraw = True
229.6224 	EXP 	fixation_3: autoDraw = True
229.6391 	EXP 	target_square_2: autoDraw = False
230.6224 	EXP 	fixation_3: autoDraw = False
230.6252 	EXP 	New trial (rep=0, index=74): {'square': 8, 'location': [0, -0.2], 'corrAns': None}
230.6255 	EXP 	window1: mouseVisible = False
230.6391 	EXP 	grid_lines_2: autoDraw = False
230.6391 	EXP 	target_square_2: autoDraw = False
230.6391 	EXP 	fixation_3: autoDraw = False
230.6391 	EXP 	target_square_2: pos = array([ 0. , -0.2])
230.6391 	EXP 	grid_lines_2: autoDraw = True
230.6391 	EXP 	target_square_2: autoDraw = True
231.6224 	EXP 	fixation_3: autoDraw = True
231.6390 	EXP 	target_square_2: autoDraw = False
232.6224 	EXP 	fixation_3: autoDraw = False
232.6253 	EXP 	New trial (rep=0, index=75): {'square': 9, 'location': [0.2, -0.2], 'corrAns': None}
232.6256 	EXP 	window1: mouseVisible = False
232.6391 	EXP 	grid_lines_2: autoDraw = False
232.6391 	EXP 	target_square_2: autoDraw = False
232.6391 	EXP 	fixation_3: autoDraw = False
232.6391 	EXP 	target_square_2: pos = array([ 0.2, -0.2])
232.6391 	EXP 	grid_lines_2: autoDraw = True
232.6391 	EXP 	target_square_2: autoDraw = True
233.6224 	EXP 	fixation_3: autoDraw = True
233.6391 	EXP 	target_square_2: autoDraw = False
234.6224 	EXP 	fixation_3: autoDraw = False
234.6252 	EXP 	New trial (rep=0, index=76): {'square': 9, 'location': [0.2, -0.2], 'corrAns': None}
234.6256 	EXP 	window1: mouseVisible = False
234.6391 	EXP 	grid_lines_2: autoDraw = False
234.6391 	EXP 	target_square_2: autoDraw = False
234.6391 	EXP 	fixation_3: autoDraw = False
234.6391 	EXP 	target_square_2: pos = array([ 0.2, -0.2])
234.6391 	EXP 	grid_lines_2: autoDraw = True
234.6391 	EXP 	target_square_2: autoDraw = True
235.6224 	EXP 	fixation_3: autoDraw = True
235.6391 	EXP 	target_square_2: autoDraw = False
236.6224 	EXP 	fixation_3: autoDraw = False
236.6253 	EXP 	New trial (rep=0, index=77): {'square': 1, 'location': [-0.2, 0.2], 'corrAns': None}
236.6256 	EXP 	window1: mouseVisible = False
236.6391 	EXP 	grid_lines_2: autoDraw = False
236.6391 	EXP 	target_square_2: autoDraw = False
236.6391 	EXP 	fixation_3: autoDraw = False
236.6391 	EXP 	target_square_2: pos = array([-0.2,  0.2])
236.6391 	EXP 	grid_lines_2: autoDraw = True
236.6391 	EXP 	target_square_2: autoDraw = True
237.6225 	EXP 	fixation_3: autoDraw = True
237.6391 	EXP 	target_square_2: autoDraw = False
238.6225 	EXP 	fixation_3: autoDraw = False
238.6252 	EXP 	New trial (rep=0, index=78): {'square': 3, 'location': [0.2, 0.2], 'corrAns': None}
238.6255 	EXP 	window1: mouseVisible = False
238.6391 	EXP 	grid_lines_2: autoDraw = False
238.6391 	EXP 	target_square_2: autoDraw = False
238.6391 	EXP 	fixation_3: autoDraw = False
238.6391 	EXP 	target_square_2: pos = array([0.2, 0.2])
238.6391 	EXP 	grid_lines_2: autoDraw = True
238.6391 	EXP 	target_square_2: autoDraw = True
239.6224 	EXP 	fixation_3: autoDraw = True
239.6391 	EXP 	target_square_2: autoDraw = False
240.6225 	EXP 	fixation_3: autoDraw = False
240.6255 	EXP 	New trial (rep=0, index=79): {'square': 5, 'location': [0, 0], 'corrAns': None}
240.6257 	EXP 	window1: mouseVisible = False
240.6391 	EXP 	grid_lines_2: autoDraw = False
240.6391 	EXP 	target_square_2: autoDraw = False
240.6391 	EXP 	fixation_3: autoDraw = False
240.6391 	EXP 	target_square_2: pos = array([0., 0.])
240.6391 	EXP 	grid_lines_2: autoDraw = True
240.6391 	EXP 	target_square_2: autoDraw = True
241.6225 	EXP 	fixation_3: autoDraw = True
241.6391 	EXP 	target_square_2: autoDraw = False
242.6225 	EXP 	fixation_3: autoDraw = False
242.6252 	EXP 	New trial (rep=0, index=80): {'square': 3, 'location': [0.2, 0.2], 'corrAns': 1}
242.6255 	EXP 	window1: mouseVisible = False
242.6391 	EXP 	grid_lines_2: autoDraw = False
242.6391 	EXP 	target_square_2: autoDraw = False
242.6391 	EXP 	fixation_3: autoDraw = False
242.6391 	EXP 	target_square_2: pos = array([0.2, 0.2])
242.6391 	EXP 	grid_lines_2: autoDraw = True
242.6391 	EXP 	target_square_2: autoDraw = True
243.1227 	DATA 	Mouse: Left button down, pos=(879,583)
243.3894 	DATA 	Mouse:  Left button up, pos=(879,583)
243.6225 	EXP 	fixation_3: autoDraw = True
243.6392 	EXP 	target_square_2: autoDraw = False
244.6225 	EXP 	fixation_3: autoDraw = False
244.6254 	EXP 	New trial (rep=0, index=81): {'square': 4, 'location': [-0.2, 0], 'corrAns': None}
244.6257 	EXP 	window1: mouseVisible = False
244.6392 	EXP 	grid_lines_2: autoDraw = False
244.6392 	EXP 	target_square_2: autoDraw = False
244.6392 	EXP 	fixation_3: autoDraw = False
244.6392 	EXP 	target_square_2: pos = array([-0.2,  0. ])
244.6392 	EXP 	grid_lines_2: autoDraw = True
244.6392 	EXP 	target_square_2: autoDraw = True
245.6225 	EXP 	fixation_3: autoDraw = True
245.6392 	EXP 	target_square_2: autoDraw = False
246.6225 	EXP 	fixation_3: autoDraw = False
246.6254 	EXP 	New trial (rep=0, index=82): {'square': 7, 'location': [-0.2, -0.2], 'corrAns': None}
246.6257 	EXP 	window1: mouseVisible = False
246.6392 	EXP 	grid_lines_2: autoDraw = False
246.6392 	EXP 	target_square_2: autoDraw = False
246.6392 	EXP 	fixation_3: autoDraw = False
246.6392 	EXP 	target_square_2: pos = array([-0.2, -0.2])
246.6392 	EXP 	grid_lines_2: autoDraw = True
246.6392 	EXP 	target_square_2: autoDraw = True
247.6225 	EXP 	fixation_3: autoDraw = True
247.6392 	EXP 	target_square_2: autoDraw = False
248.6225 	EXP 	fixation_3: autoDraw = False
248.6254 	EXP 	New trial (rep=0, index=83): {'square': 4, 'location': [-0.2, 0], 'corrAns': 1}
248.6257 	EXP 	window1: mouseVisible = False
248.6392 	EXP 	grid_lines_2: autoDraw = False
248.6392 	EXP 	target_square_2: autoDraw = False
248.6392 	EXP 	fixation_3: autoDraw = False
248.6392 	EXP 	target_square_2: pos = array([-0.2,  0. ])
248.6392 	EXP 	grid_lines_2: autoDraw = True
248.6392 	EXP 	target_square_2: autoDraw = True
248.9561 	DATA 	Mouse: Left button down, pos=(879,583)
249.2394 	DATA 	Mouse:  Left button up, pos=(879,583)
249.6225 	EXP 	fixation_3: autoDraw = True
249.6392 	EXP 	target_square_2: autoDraw = False
250.6225 	EXP 	fixation_3: autoDraw = False
250.6254 	EXP 	New trial (rep=0, index=84): {'square': 4, 'location': [-0.2, 0], 'corrAns': None}
250.6257 	EXP 	window1: mouseVisible = False
250.6393 	EXP 	grid_lines_2: autoDraw = False
250.6393 	EXP 	target_square_2: autoDraw = False
250.6393 	EXP 	fixation_3: autoDraw = False
250.6393 	EXP 	target_square_2: pos = array([-0.2,  0. ])
250.6393 	EXP 	grid_lines_2: autoDraw = True
250.6393 	EXP 	target_square_2: autoDraw = True
251.6225 	EXP 	fixation_3: autoDraw = True
251.6392 	EXP 	target_square_2: autoDraw = False
252.6226 	EXP 	fixation_3: autoDraw = False
252.6254 	EXP 	New trial (rep=0, index=85): {'square': 5, 'location': [0, 0], 'corrAns': None}
252.6256 	EXP 	window1: mouseVisible = False
252.6392 	EXP 	grid_lines_2: autoDraw = False
252.6392 	EXP 	target_square_2: autoDraw = False
252.6392 	EXP 	fixation_3: autoDraw = False
252.6392 	EXP 	target_square_2: pos = array([0., 0.])
252.6392 	EXP 	grid_lines_2: autoDraw = True
252.6392 	EXP 	target_square_2: autoDraw = True
253.6226 	EXP 	fixation_3: autoDraw = True
253.6392 	EXP 	target_square_2: autoDraw = False
254.6226 	EXP 	fixation_3: autoDraw = False
254.6255 	EXP 	New trial (rep=0, index=86): {'square': 2, 'location': [0, 0.2], 'corrAns': None}
254.6258 	EXP 	window1: mouseVisible = False
254.6392 	EXP 	grid_lines_2: autoDraw = False
254.6392 	EXP 	target_square_2: autoDraw = False
254.6392 	EXP 	fixation_3: autoDraw = False
254.6392 	EXP 	target_square_2: pos = array([0. , 0.2])
254.6392 	EXP 	grid_lines_2: autoDraw = True
254.6392 	EXP 	target_square_2: autoDraw = True
255.6226 	EXP 	fixation_3: autoDraw = True
255.6392 	EXP 	target_square_2: autoDraw = False
256.6226 	EXP 	fixation_3: autoDraw = False
256.6254 	EXP 	New trial (rep=0, index=87): {'square': 6, 'location': [0.2, 0], 'corrAns': None}
256.6257 	EXP 	window1: mouseVisible = False
256.6393 	EXP 	grid_lines_2: autoDraw = False
256.6393 	EXP 	target_square_2: autoDraw = False
256.6393 	EXP 	fixation_3: autoDraw = False
256.6393 	EXP 	target_square_2: pos = array([0.2, 0. ])
256.6393 	EXP 	grid_lines_2: autoDraw = True
256.6393 	EXP 	target_square_2: autoDraw = True
257.6226 	EXP 	fixation_3: autoDraw = True
257.6393 	EXP 	target_square_2: autoDraw = False
258.6226 	EXP 	fixation_3: autoDraw = False
258.6254 	EXP 	New trial (rep=0, index=88): {'square': 7, 'location': [-0.2, -0.2], 'corrAns': None}
258.6257 	EXP 	window1: mouseVisible = False
258.6393 	EXP 	grid_lines_2: autoDraw = False
258.6393 	EXP 	target_square_2: autoDraw = False
258.6393 	EXP 	fixation_3: autoDraw = False
258.6393 	EXP 	target_square_2: pos = array([-0.2, -0.2])
258.6393 	EXP 	grid_lines_2: autoDraw = True
258.6393 	EXP 	target_square_2: autoDraw = True
259.6226 	EXP 	fixation_3: autoDraw = True
259.6393 	EXP 	target_square_2: autoDraw = False
260.6226 	EXP 	fixation_3: autoDraw = False
260.6254 	EXP 	New trial (rep=0, index=89): {'square': 6, 'location': [0.2, 0], 'corrAns': 1}
260.6257 	EXP 	window1: mouseVisible = False
260.6393 	EXP 	grid_lines_2: autoDraw = False
260.6393 	EXP 	target_square_2: autoDraw = False
260.6393 	EXP 	fixation_3: autoDraw = False
260.6393 	EXP 	target_square_2: pos = array([0.2, 0. ])
260.6393 	EXP 	grid_lines_2: autoDraw = True
260.6393 	EXP 	target_square_2: autoDraw = True
260.9248 	DATA 	Mouse: Left button down, pos=(879,583)
261.1895 	DATA 	Mouse:  Left button up, pos=(879,583)
261.6226 	EXP 	fixation_3: autoDraw = True
261.6393 	EXP 	target_square_2: autoDraw = False
262.6226 	EXP 	fixation_3: autoDraw = False
262.6258 	EXP 	New trial (rep=0, index=90): {'square': 6, 'location': [0.2, 0], 'corrAns': None}
262.6261 	EXP 	window1: mouseVisible = False
262.6393 	EXP 	grid_lines_2: autoDraw = False
262.6393 	EXP 	target_square_2: autoDraw = False
262.6393 	EXP 	fixation_3: autoDraw = False
262.6393 	EXP 	target_square_2: pos = array([0.2, 0. ])
262.6393 	EXP 	grid_lines_2: autoDraw = True
262.6393 	EXP 	target_square_2: autoDraw = True
263.6226 	EXP 	fixation_3: autoDraw = True
263.6393 	EXP 	target_square_2: autoDraw = False
264.6227 	EXP 	fixation_3: autoDraw = False
264.6258 	EXP 	New trial (rep=0, index=91): {'square': 7, 'location': [-0.2, -0.2], 'corrAns': None}
264.6261 	EXP 	window1: mouseVisible = False
264.6393 	EXP 	grid_lines_2: autoDraw = False
264.6393 	EXP 	target_square_2: autoDraw = False
264.6393 	EXP 	fixation_3: autoDraw = False
264.6393 	EXP 	target_square_2: pos = array([-0.2, -0.2])
264.6393 	EXP 	grid_lines_2: autoDraw = True
264.6393 	EXP 	target_square_2: autoDraw = True
265.6227 	EXP 	fixation_3: autoDraw = True
265.6393 	EXP 	target_square_2: autoDraw = False
266.6227 	EXP 	fixation_3: autoDraw = False
266.6254 	EXP 	New trial (rep=0, index=92): {'square': 6, 'location': [0.2, 0], 'corrAns': 1}
266.6257 	EXP 	window1: mouseVisible = False
266.6393 	EXP 	grid_lines_2: autoDraw = False
266.6393 	EXP 	target_square_2: autoDraw = False
266.6393 	EXP 	fixation_3: autoDraw = False
266.6393 	EXP 	target_square_2: pos = array([0.2, 0. ])
266.6393 	EXP 	grid_lines_2: autoDraw = True
266.6393 	EXP 	target_square_2: autoDraw = True
266.9896 	DATA 	Mouse: Left button down, pos=(879,583)
267.2396 	DATA 	Mouse:  Left button up, pos=(879,583)
267.6227 	EXP 	fixation_3: autoDraw = True
267.6394 	EXP 	target_square_2: autoDraw = False
268.6227 	EXP 	fixation_3: autoDraw = False
268.6260 	EXP 	New trial (rep=0, index=93): {'square': 2, 'location': [0, 0.2], 'corrAns': None}
268.6263 	EXP 	window1: mouseVisible = False
268.6394 	EXP 	grid_lines_2: autoDraw = False
268.6394 	EXP 	target_square_2: autoDraw = False
268.6394 	EXP 	fixation_3: autoDraw = False
268.6394 	EXP 	target_square_2: pos = array([0. , 0.2])
268.6394 	EXP 	grid_lines_2: autoDraw = True
268.6394 	EXP 	target_square_2: autoDraw = True
269.6227 	EXP 	fixation_3: autoDraw = True
269.6394 	EXP 	target_square_2: autoDraw = False
270.6227 	EXP 	fixation_3: autoDraw = False
270.6254 	EXP 	New trial (rep=0, index=94): {'square': 5, 'location': [0, 0], 'corrAns': None}
270.6257 	EXP 	window1: mouseVisible = False
270.6394 	EXP 	grid_lines_2: autoDraw = False
270.6394 	EXP 	target_square_2: autoDraw = False
270.6394 	EXP 	fixation_3: autoDraw = False
270.6394 	EXP 	target_square_2: pos = array([0., 0.])
270.6394 	EXP 	grid_lines_2: autoDraw = True
270.6394 	EXP 	target_square_2: autoDraw = True
271.6227 	EXP 	fixation_3: autoDraw = True
271.6394 	EXP 	target_square_2: autoDraw = False
272.6227 	EXP 	fixation_3: autoDraw = False
272.6255 	EXP 	New trial (rep=0, index=95): {'square': 4, 'location': [-0.2, 0], 'corrAns': None}
272.6258 	EXP 	window1: mouseVisible = False
272.6394 	EXP 	grid_lines_2: autoDraw = False
272.6394 	EXP 	target_square_2: autoDraw = False
272.6394 	EXP 	fixation_3: autoDraw = False
272.6394 	EXP 	target_square_2: pos = array([-0.2,  0. ])
272.6394 	EXP 	grid_lines_2: autoDraw = True
272.6394 	EXP 	target_square_2: autoDraw = True
273.6228 	EXP 	fixation_3: autoDraw = True
273.6394 	EXP 	target_square_2: autoDraw = False
274.6228 	EXP 	fixation_3: autoDraw = False
274.6257 	EXP 	New trial (rep=0, index=96): {'square': 4, 'location': [-0.2, 0], 'corrAns': None}
274.6260 	EXP 	window1: mouseVisible = False
274.6394 	EXP 	grid_lines_2: autoDraw = False
274.6394 	EXP 	target_square_2: autoDraw = False
274.6394 	EXP 	fixation_3: autoDraw = False
274.6394 	EXP 	target_square_2: pos = array([-0.2,  0. ])
274.6394 	EXP 	grid_lines_2: autoDraw = True
274.6394 	EXP 	target_square_2: autoDraw = True
275.6228 	EXP 	fixation_3: autoDraw = True
275.6394 	EXP 	target_square_2: autoDraw = False
276.6227 	EXP 	fixation_3: autoDraw = False
276.6254 	EXP 	New trial (rep=0, index=97): {'square': 7, 'location': [-0.2, -0.2], 'corrAns': None}
276.6257 	EXP 	window1: mouseVisible = False
276.6394 	EXP 	grid_lines_2: autoDraw = False
276.6394 	EXP 	target_square_2: autoDraw = False
276.6394 	EXP 	fixation_3: autoDraw = False
276.6394 	EXP 	target_square_2: pos = array([-0.2, -0.2])
276.6394 	EXP 	grid_lines_2: autoDraw = True
276.6394 	EXP 	target_square_2: autoDraw = True
277.6228 	EXP 	fixation_3: autoDraw = True
277.6394 	EXP 	target_square_2: autoDraw = False
278.6228 	EXP 	fixation_3: autoDraw = False
278.6255 	EXP 	New trial (rep=0, index=98): {'square': 4, 'location': [-0.2, 0], 'corrAns': 1}
278.6258 	EXP 	window1: mouseVisible = False
278.6394 	EXP 	grid_lines_2: autoDraw = False
278.6394 	EXP 	target_square_2: autoDraw = False
278.6394 	EXP 	fixation_3: autoDraw = False
278.6394 	EXP 	target_square_2: pos = array([-0.2,  0. ])
278.6394 	EXP 	grid_lines_2: autoDraw = True
278.6394 	EXP 	target_square_2: autoDraw = True
278.9564 	DATA 	Mouse: Left button down, pos=(879,583)
279.1730 	DATA 	Mouse:  Left button up, pos=(879,583)
279.6228 	EXP 	fixation_3: autoDraw = True
279.6394 	EXP 	target_square_2: autoDraw = False
280.6228 	EXP 	fixation_3: autoDraw = False
280.6263 	EXP 	New trial (rep=0, index=99): {'square': 3, 'location': [0.2, 0.2], 'corrAns': None}
280.6266 	EXP 	window1: mouseVisible = False
280.6395 	EXP 	grid_lines_2: autoDraw = False
280.6395 	EXP 	target_square_2: autoDraw = False
280.6395 	EXP 	fixation_3: autoDraw = False
280.6395 	EXP 	target_square_2: pos = array([0.2, 0.2])
280.6395 	EXP 	grid_lines_2: autoDraw = True
280.6395 	EXP 	target_square_2: autoDraw = True
281.6228 	EXP 	fixation_3: autoDraw = True
281.6395 	EXP 	target_square_2: autoDraw = False
282.6228 	EXP 	fixation_3: autoDraw = False
282.6256 	EXP 	New trial (rep=0, index=100): {'square': 5, 'location': [0, 0], 'corrAns': None}
282.6259 	EXP 	window1: mouseVisible = False
282.6395 	EXP 	grid_lines_2: autoDraw = False
282.6395 	EXP 	target_square_2: autoDraw = False
282.6395 	EXP 	fixation_3: autoDraw = False
282.6395 	EXP 	target_square_2: pos = array([0., 0.])
282.6395 	EXP 	grid_lines_2: autoDraw = True
282.6395 	EXP 	target_square_2: autoDraw = True
283.6228 	EXP 	fixation_3: autoDraw = True
283.6395 	EXP 	target_square_2: autoDraw = False
284.6228 	EXP 	fixation_3: autoDraw = False
284.6257 	EXP 	New trial (rep=0, index=101): {'square': 3, 'location': [0.2, 0.2], 'corrAns': 1}
284.6260 	EXP 	window1: mouseVisible = False
284.6395 	EXP 	grid_lines_2: autoDraw = False
284.6395 	EXP 	target_square_2: autoDraw = False
284.6395 	EXP 	fixation_3: autoDraw = False
284.6395 	EXP 	target_square_2: pos = array([0.2, 0.2])
284.6395 	EXP 	grid_lines_2: autoDraw = True
284.6395 	EXP 	target_square_2: autoDraw = True
284.9564 	DATA 	Mouse: Left button down, pos=(879,583)
285.1564 	DATA 	Mouse:  Left button up, pos=(879,583)
285.6228 	EXP 	fixation_3: autoDraw = True
285.6395 	EXP 	target_square_2: autoDraw = False
286.6228 	EXP 	fixation_3: autoDraw = False
286.6259 	EXP 	New trial (rep=0, index=102): {'square': 1, 'location': [-0.2, 0.2], 'corrAns': None}
286.6262 	EXP 	window1: mouseVisible = False
286.6395 	EXP 	grid_lines_2: autoDraw = False
286.6395 	EXP 	target_square_2: autoDraw = False
286.6395 	EXP 	fixation_3: autoDraw = False
286.6395 	EXP 	target_square_2: pos = array([-0.2,  0.2])
286.6395 	EXP 	grid_lines_2: autoDraw = True
286.6395 	EXP 	target_square_2: autoDraw = True
287.6229 	EXP 	fixation_3: autoDraw = True
287.6395 	EXP 	target_square_2: autoDraw = False
288.6229 	EXP 	fixation_3: autoDraw = False
288.6255 	EXP 	New trial (rep=0, index=103): {'square': 9, 'location': [0.2, -0.2], 'corrAns': None}
288.6258 	EXP 	window1: mouseVisible = False
288.6395 	EXP 	grid_lines_2: autoDraw = False
288.6395 	EXP 	target_square_2: autoDraw = False
288.6395 	EXP 	fixation_3: autoDraw = False
288.6395 	EXP 	target_square_2: pos = array([ 0.2, -0.2])
288.6395 	EXP 	grid_lines_2: autoDraw = True
288.6395 	EXP 	target_square_2: autoDraw = True
289.6229 	EXP 	fixation_3: autoDraw = True
289.6395 	EXP 	target_square_2: autoDraw = False
290.6229 	EXP 	fixation_3: autoDraw = False
290.6260 	EXP 	New trial (rep=0, index=104): {'square': 9, 'location': [0.2, -0.2], 'corrAns': None}
290.6263 	EXP 	window1: mouseVisible = False
290.6395 	EXP 	grid_lines_2: autoDraw = False
290.6395 	EXP 	target_square_2: autoDraw = False
290.6395 	EXP 	fixation_3: autoDraw = False
290.6395 	EXP 	target_square_2: pos = array([ 0.2, -0.2])
290.6395 	EXP 	grid_lines_2: autoDraw = True
290.6395 	EXP 	target_square_2: autoDraw = True
291.6229 	EXP 	fixation_3: autoDraw = True
291.6395 	EXP 	target_square_2: autoDraw = False
292.6229 	EXP 	fixation_3: autoDraw = False
292.6256 	EXP 	New trial (rep=0, index=105): {'square': 8, 'location': [0, -0.2], 'corrAns': None}
292.6259 	EXP 	window1: mouseVisible = False
292.6396 	EXP 	grid_lines_2: autoDraw = False
292.6396 	EXP 	target_square_2: autoDraw = False
292.6396 	EXP 	fixation_3: autoDraw = False
292.6396 	EXP 	target_square_2: pos = array([ 0. , -0.2])
292.6396 	EXP 	grid_lines_2: autoDraw = True
292.6396 	EXP 	target_square_2: autoDraw = True
293.6229 	EXP 	fixation_3: autoDraw = True
293.6396 	EXP 	target_square_2: autoDraw = False
294.6229 	EXP 	fixation_3: autoDraw = False
294.6261 	EXP 	New trial (rep=0, index=106): {'square': 6, 'location': [0.2, 0], 'corrAns': None}
294.6264 	EXP 	window1: mouseVisible = False
294.6396 	EXP 	grid_lines_2: autoDraw = False
294.6396 	EXP 	target_square_2: autoDraw = False
294.6396 	EXP 	fixation_3: autoDraw = False
294.6396 	EXP 	target_square_2: pos = array([0.2, 0. ])
294.6396 	EXP 	grid_lines_2: autoDraw = True
294.6396 	EXP 	target_square_2: autoDraw = True
295.6229 	EXP 	fixation_3: autoDraw = True
295.6396 	EXP 	target_square_2: autoDraw = False
296.6229 	EXP 	fixation_3: autoDraw = False
296.6257 	EXP 	New trial (rep=0, index=107): {'square': 3, 'location': [0.2, 0.2], 'corrAns': None}
296.6260 	EXP 	window1: mouseVisible = False
296.6396 	EXP 	grid_lines_2: autoDraw = False
296.6396 	EXP 	target_square_2: autoDraw = False
296.6396 	EXP 	fixation_3: autoDraw = False
296.6396 	EXP 	target_square_2: pos = array([0.2, 0.2])
296.6396 	EXP 	grid_lines_2: autoDraw = True
296.6396 	EXP 	target_square_2: autoDraw = True
297.6229 	EXP 	fixation_3: autoDraw = True
297.6396 	EXP 	target_square_2: autoDraw = False
298.6229 	EXP 	fixation_3: autoDraw = False
298.6261 	EXP 	New trial (rep=0, index=108): {'square': 6, 'location': [0.2, 0], 'corrAns': 1}
298.6264 	EXP 	window1: mouseVisible = False
298.6396 	EXP 	grid_lines_2: autoDraw = False
298.6396 	EXP 	target_square_2: autoDraw = False
298.6396 	EXP 	fixation_3: autoDraw = False
298.6396 	EXP 	target_square_2: pos = array([0.2, 0. ])
298.6396 	EXP 	grid_lines_2: autoDraw = True
298.6396 	EXP 	target_square_2: autoDraw = True
299.6230 	EXP 	fixation_3: autoDraw = True
299.6396 	EXP 	target_square_2: autoDraw = False
300.6229 	EXP 	fixation_3: autoDraw = False
300.6257 	EXP 	New trial (rep=0, index=109): {'square': 5, 'location': [0, 0], 'corrAns': None}
300.6259 	EXP 	window1: mouseVisible = False
300.6396 	EXP 	grid_lines_2: autoDraw = False
300.6396 	EXP 	target_square_2: autoDraw = False
300.6396 	EXP 	fixation_3: autoDraw = False
300.6396 	EXP 	target_square_2: pos = array([0., 0.])
300.6396 	EXP 	grid_lines_2: autoDraw = True
300.6396 	EXP 	target_square_2: autoDraw = True
301.6230 	EXP 	fixation_3: autoDraw = True
301.6396 	EXP 	target_square_2: autoDraw = False
302.6230 	EXP 	fixation_3: autoDraw = False
302.6257 	EXP 	New trial (rep=0, index=110): {'square': 7, 'location': [-0.2, -0.2], 'corrAns': None}
302.6260 	EXP 	window1: mouseVisible = False
302.6396 	EXP 	grid_lines_2: autoDraw = False
302.6396 	EXP 	target_square_2: autoDraw = False
302.6396 	EXP 	fixation_3: autoDraw = False
302.6396 	EXP 	target_square_2: pos = array([-0.2, -0.2])
302.6396 	EXP 	grid_lines_2: autoDraw = True
302.6396 	EXP 	target_square_2: autoDraw = True
303.6230 	EXP 	fixation_3: autoDraw = True
303.6396 	EXP 	target_square_2: autoDraw = False
304.6230 	EXP 	fixation_3: autoDraw = False
304.6258 	EXP 	New trial (rep=0, index=111): {'square': 5, 'location': [0, 0], 'corrAns': 1}
304.6262 	EXP 	window1: mouseVisible = False
304.6397 	EXP 	grid_lines_2: autoDraw = False
304.6397 	EXP 	target_square_2: autoDraw = False
304.6397 	EXP 	fixation_3: autoDraw = False
304.6397 	EXP 	target_square_2: pos = array([0., 0.])
304.6397 	EXP 	grid_lines_2: autoDraw = True
304.6397 	EXP 	target_square_2: autoDraw = True
305.6230 	EXP 	fixation_3: autoDraw = True
305.6397 	EXP 	target_square_2: autoDraw = False
306.6230 	EXP 	fixation_3: autoDraw = False
306.6260 	EXP 	New trial (rep=0, index=112): {'square': 1, 'location': [-0.2, 0.2], 'corrAns': None}
306.6264 	EXP 	window1: mouseVisible = False
306.6397 	EXP 	grid_lines_2: autoDraw = False
306.6397 	EXP 	target_square_2: autoDraw = False
306.6397 	EXP 	fixation_3: autoDraw = False
306.6397 	EXP 	target_square_2: pos = array([-0.2,  0.2])
306.6397 	EXP 	grid_lines_2: autoDraw = True
306.6397 	EXP 	target_square_2: autoDraw = True
307.6230 	EXP 	fixation_3: autoDraw = True
307.6397 	EXP 	target_square_2: autoDraw = False
308.6230 	EXP 	fixation_3: autoDraw = False
308.6258 	EXP 	New trial (rep=0, index=113): {'square': 7, 'location': [-0.2, -0.2], 'corrAns': None}
308.6261 	EXP 	window1: mouseVisible = False
308.6397 	EXP 	grid_lines_2: autoDraw = False
308.6397 	EXP 	target_square_2: autoDraw = False
308.6397 	EXP 	fixation_3: autoDraw = False
308.6397 	EXP 	target_square_2: pos = array([-0.2, -0.2])
308.6397 	EXP 	grid_lines_2: autoDraw = True
308.6397 	EXP 	target_square_2: autoDraw = True
309.6230 	EXP 	fixation_3: autoDraw = True
309.6397 	EXP 	target_square_2: autoDraw = False
310.6231 	EXP 	fixation_3: autoDraw = False
310.6259 	EXP 	New trial (rep=0, index=114): {'square': 9, 'location': [0.2, -0.2], 'corrAns': None}
310.6262 	EXP 	window1: mouseVisible = False
310.6397 	EXP 	grid_lines_2: autoDraw = False
310.6397 	EXP 	target_square_2: autoDraw = False
310.6397 	EXP 	fixation_3: autoDraw = False
310.6397 	EXP 	target_square_2: pos = array([ 0.2, -0.2])
310.6397 	EXP 	grid_lines_2: autoDraw = True
310.6397 	EXP 	target_square_2: autoDraw = True
311.6231 	EXP 	fixation_3: autoDraw = True
311.6397 	EXP 	target_square_2: autoDraw = False
312.6231 	EXP 	fixation_3: autoDraw = False
312.6258 	EXP 	New trial (rep=0, index=115): {'square': 3, 'location': [0.2, 0.2], 'corrAns': None}
312.6262 	EXP 	window1: mouseVisible = False
312.6397 	EXP 	grid_lines_2: autoDraw = False
312.6397 	EXP 	target_square_2: autoDraw = False
312.6397 	EXP 	fixation_3: autoDraw = False
312.6397 	EXP 	target_square_2: pos = array([0.2, 0.2])
312.6397 	EXP 	grid_lines_2: autoDraw = True
312.6397 	EXP 	target_square_2: autoDraw = True
313.6231 	EXP 	fixation_3: autoDraw = True
313.6397 	EXP 	target_square_2: autoDraw = False
314.6231 	EXP 	fixation_3: autoDraw = False
314.6262 	EXP 	New trial (rep=0, index=116): {'square': 9, 'location': [0.2, -0.2], 'corrAns': 1}
314.6266 	EXP 	window1: mouseVisible = False
314.6397 	EXP 	grid_lines_2: autoDraw = False
314.6397 	EXP 	target_square_2: autoDraw = False
314.6397 	EXP 	fixation_3: autoDraw = False
314.6397 	EXP 	target_square_2: pos = array([ 0.2, -0.2])
314.6397 	EXP 	grid_lines_2: autoDraw = True
314.6397 	EXP 	target_square_2: autoDraw = True
314.9400 	DATA 	Mouse: Left button down, pos=(879,583)
315.1899 	DATA 	Mouse:  Left button up, pos=(879,583)
315.6231 	EXP 	fixation_3: autoDraw = True
315.6397 	EXP 	target_square_2: autoDraw = False
316.6231 	EXP 	fixation_3: autoDraw = False
316.6262 	EXP 	New trial (rep=0, index=117): {'square': 6, 'location': [0.2, 0], 'corrAns': None}
316.6265 	EXP 	window1: mouseVisible = False
316.6398 	EXP 	grid_lines_2: autoDraw = False
316.6398 	EXP 	target_square_2: autoDraw = False
316.6398 	EXP 	fixation_3: autoDraw = False
316.6398 	EXP 	target_square_2: pos = array([0.2, 0. ])
316.6398 	EXP 	grid_lines_2: autoDraw = True
316.6398 	EXP 	target_square_2: autoDraw = True
317.6231 	EXP 	fixation_3: autoDraw = True
317.6397 	EXP 	target_square_2: autoDraw = False
318.6231 	EXP 	fixation_3: autoDraw = False
318.6262 	EXP 	New trial (rep=0, index=118): {'square': 2, 'location': [0, 0.2], 'corrAns': None}
318.6265 	EXP 	window1: mouseVisible = False
318.6398 	EXP 	grid_lines_2: autoDraw = False
318.6398 	EXP 	target_square_2: autoDraw = False
318.6398 	EXP 	fixation_3: autoDraw = False
318.6398 	EXP 	target_square_2: pos = array([0. , 0.2])
318.6398 	EXP 	grid_lines_2: autoDraw = True
318.6398 	EXP 	target_square_2: autoDraw = True
319.6231 	EXP 	fixation_3: autoDraw = True
319.6398 	EXP 	target_square_2: autoDraw = False
320.6231 	EXP 	fixation_3: autoDraw = False
320.6259 	EXP 	New trial (rep=0, index=119): {'square': 5, 'location': [0, 0], 'corrAns': None}
320.6262 	EXP 	window1: mouseVisible = False
320.6398 	EXP 	grid_lines_2: autoDraw = False
320.6398 	EXP 	target_square_2: autoDraw = False
320.6398 	EXP 	fixation_3: autoDraw = False
320.6398 	EXP 	target_square_2: pos = array([0., 0.])
320.6398 	EXP 	grid_lines_2: autoDraw = True
320.6398 	EXP 	target_square_2: autoDraw = True
321.6232 	EXP 	fixation_3: autoDraw = True
321.6398 	EXP 	target_square_2: autoDraw = False
322.6232 	EXP 	fixation_3: autoDraw = False
322.6332 	EXP 	Created unnamed TextStim = TextStim(__class__=<class 'psychopy.visual.text.TextStim'>, alignHoriz=method-wrapper(...), alignText='center', alignVert=method-wrapper(...), anchorHoriz='center', anchorVert='center', antialias=True, autoLog=True, bold=False, color=array([1., 1., 1.]), colorSpace='rgb', contrast=1.0, depth=0, flipHoriz=False, flipVert=False, font='', fontFiles=[], height=0.05, italic=False, languageStyle='LTR', name='unnamed TextStim', opacity=1.0, ori=0.0, pos=array([0., 0.]), rgb=UNKNOWN, text=str(...), units='height', win=Window(...), wrapWidth=1)
322.6398 	EXP 	grid_lines_2: autoDraw = False
322.6398 	EXP 	target_square_2: autoDraw = False
322.6398 	EXP 	fixation_3: autoDraw = False
326.8444 	DATA 	Keypress: e
326.8447 	EXP 	New trial (rep=0, index=1): OrderedDict([('RestT1', 1), ('TaskT1', 0)])
326.8450 	EXP 	Created sequence: random, trialTypes=1, nReps=1, seed=None
326.8452 	EXP 	New trial (rep=0, index=0): None
326.8499 	EXP 	Created unnamed TextStim = TextStim(__class__=<class 'psychopy.visual.text.TextStim'>, alignHoriz=method-wrapper(...), alignText='center', alignVert=method-wrapper(...), anchorHoriz='center', anchorVert='center', antialias=True, autoLog=True, bold=False, color=array([-0.5, -0.5, -0.5]), colorSpace='rgb', contrast=1.0, depth=0, flipHoriz=False, flipVert=False, font='', fontFiles=[], height=0.05, italic=False, languageStyle='LTR', name='unnamed TextStim', opacity=1.0, ori=0.0, pos=array([0., 0.]), rgb=UNKNOWN, text=str(...), units='height', win=Window(...), wrapWidth=1)
389.4364 	DATA 	Keypress: s
389.4570 	EXP 	fixation_2: autoDraw = True
657.4570 	EXP 	Created unnamed TextStim = TextStim(__class__=<class 'psychopy.visual.text.TextStim'>, alignHoriz=method-wrapper(...), alignText='center', alignVert=method-wrapper(...), anchorHoriz='center', anchorVert='center', antialias=True, autoLog=True, bold=False, color=array([1., 1., 1.]), colorSpace='rgb', contrast=1.0, depth=0, flipHoriz=False, flipVert=False, font='', fontFiles=[], height=0.05, italic=False, languageStyle='LTR', name='unnamed TextStim', opacity=1.0, ori=0.0, pos=array([0., 0.]), rgb=UNKNOWN, text=str(...), units='height', win=Window(...), wrapWidth=1)
657.4758 	EXP 	fixation_2: autoDraw = False
664.8286 	DATA 	Keypress: e
664.8290 	EXP 	Created sequence: random, trialTypes=1, nReps=0, seed=None
664.8956 	EXP 	Created unnamed TextStim = TextStim(__class__=<class 'psychopy.visual.text.TextStim'>, alignHoriz=method-wrapper(...), alignText='center', alignVert=method-wrapper(...), anchorHoriz='center', anchorVert='center', antialias=True, autoLog=True, bold=False, color=array([1., 1., 1.]), colorSpace='rgb', contrast=1.0, depth=0, flipHoriz=False, flipVert=False, font='', fontFiles=[], height=0.05, italic=False, languageStyle='LTR', name='unnamed TextStim', opacity=1.0, ori=0.0, pos=array([0., 0.]), rgb=UNKNOWN, text=str(...), units='height', win=Window(...), wrapWidth=1)
664.9639 	EXP 	window1: mouseVisible = True
