0.6074 	WARNING 	We strongly recommend you activate the PTB sound engine in PsychoPy prefs as the preferred audio engine. Its timing is vastly superior. Your prefs are currently set to use ['sounddevice', 'PTB', 'pyo', 'pygame'] (in that order).
23.9798 	EXP 	Created fixation_2 = TextStim(__class__=<class 'psychopy.visual.text.TextStim'>, alignHoriz=method-wrapper(...), alignText='center', alignVert=method-wrapper(...), anchorHoriz='center', anchorVert='center', antialias=True, autoLog=True, bold=False, color=array([1, 1, 1]), colorSpace='rgb', contrast=1.0, depth=-2.0, flipHoriz=False, flipVert=False, font='Arial', fontFiles=[], height=0.05, italic=False, languageStyle='LTR', name='fixation_2', opacity=1, ori=0, pos=array([0., 0.]), rgb=UNKNOWN, text='+', units='height', win=Window(...), wrapWidth=1)
24.0532 	EXP 	Created Nbackinstructions = TextStim(__class__=<class 'psychopy.visual.text.TextStim'>, alignHoriz=method-wrapper(...), alignText='center', alignVert=method-wrapper(...), anchorHoriz='center', anchorVert='center', antialias=True, autoLog=True, bold=False, color=array([1, 1, 1]), colorSpace='rgb', contrast=1.0, depth=0, flipHoriz=False, flipVert=False, font='Arial', fontFiles=[], height=0.05, italic=False, languageStyle='LTR', name='Nbackinstructions', opacity=1, ori=0.0, pos=array([0., 0.]), rgb=UNKNOWN, text=str(...), units='height', win=Window(...), wrapWidth=1)
24.0570 	EXP 	Created fixation_2 = TextStim(__class__=<class 'psychopy.visual.text.TextStim'>, alignHoriz=method-wrapper(...), alignText='center', alignVert=method-wrapper(...), anchorHoriz='center', anchorVert='center', antialias=True, autoLog=True, bold=False, color=array([1, 1, 1]), colorSpace='rgb', contrast=1.0, depth=-2.0, flipHoriz=False, flipVert=False, font='Arial', fontFiles=[], height=0.05, italic=False, languageStyle='LTR', name='fixation_2', opacity=1, ori=0, pos=array([0., 0.]), rgb=UNKNOWN, text='+', units='height', win=Window(...), wrapWidth=1)
24.4804 	EXP 	Created grid_lines_2 = ImageStim(__class__=<class 'psychopy.visual.image.ImageStim'>, autoLog=True, color=array([1, 1, 1]), colorSpace='rgb', contrast=1.0, depth=0.0, flipHoriz=False, flipVert=False, image='grid.png', interpolate=True, mask=None, maskParams=None, name='grid_lines_2', opacity=1, ori=0.0, pos=array([0., 0.]), size=array([0.6, 0.6]), texRes=128, units='height', win=Window(...))
24.4841 	EXP 	Created target_square_2 = Rect(__class__=<class 'psychopy.visual.rect.Rect'>, autoDraw=False, autoLog=True, closeShape=True, color=method-wrapper(...), colorSpace='rgb', contrast=None, depth=-1.0, fillColor=array([1., 1., 1.]), fillColorSpace='rgb', fillRGB=UNKNOWN, interpolate=True, lineColor=array([0, 0, 0]), lineColorSpace='rgb', lineRGB=UNKNOWN, lineWidth=1, name='target_square_2', opacity=0.5, ori=0.0, pos=array([0., 0.]), size=array([0.15, 0.15]), units='height', vertices=ndarray(...), win=Window(...))
24.4878 	EXP 	Created fixation_3 = TextStim(__class__=<class 'psychopy.visual.text.TextStim'>, alignHoriz=method-wrapper(...), alignText='center', alignVert=method-wrapper(...), anchorHoriz='center', anchorVert='center', antialias=True, autoLog=True, bold=False, color=array([1, 1, 1]), colorSpace='rgb', contrast=1.0, depth=-2.0, flipHoriz=False, flipVert=False, font='Arial', fontFiles=[], height=0.05, italic=False, languageStyle='LTR', name='fixation_3', opacity=1, ori=0, pos=array([0., 0.]), rgb=UNKNOWN, text='+', units='height', win=Window(...), wrapWidth=1)
24.4887 	EXP 	window1: mouseVisible = True
24.4933 	EXP 	window1: mouseVisible = False
24.4938 	EXP 	Created sequence: sequential, trialTypes=2, nReps=1, seed=None
24.4943 	EXP 	New trial (rep=0, index=0): OrderedDict([('RestT1', 0), ('TaskT1', 1)])
24.4948 	EXP 	Created sequence: random, trialTypes=1, nReps=0, seed=None
24.4954 	EXP 	Created sequence: random, trialTypes=1, nReps=1, seed=None
24.4956 	EXP 	New trial (rep=0, index=0): None
24.5841 	EXP 	Nbackinstructions: autoDraw = True
66.9214 	DATA 	Mouse: Left button down, pos=(13,950)
67.3874 	DATA 	Mouse:  Left button up, pos=(18,950)
67.6544 	DATA 	Mouse: Left button down, pos=(18,947)
67.8212 	DATA 	Mouse:  Left button up, pos=(16,945)
68.8373 	DATA 	Mouse: Left button down, pos=(14,943)
69.1872 	DATA 	Mouse:  Left button up, pos=(14,943)
177.3151 	EXP 	Created unnamed TextStim = TextStim(__class__=<class 'psychopy.visual.text.TextStim'>, alignHoriz=method-wrapper(...), alignText='center', alignVert=method-wrapper(...), anchorHoriz='center', anchorVert='center', antialias=True, autoLog=True, bold=False, color=array([-0.5, -0.5, -0.5]), colorSpace='rgb', contrast=1.0, depth=0, flipHoriz=False, flipVert=False, font='', fontFiles=[], height=0.05, italic=False, languageStyle='LTR', name='unnamed TextStim', opacity=1.0, ori=0.0, pos=array([0., 0.]), rgb=UNKNOWN, text=str(...), units='height', win=Window(...), wrapWidth=1)
177.3167 	DATA 	Keypress: space
177.3329 	EXP 	Nbackinstructions: autoDraw = False
178.9157 	DATA 	Keypress: s
178.9748 	EXP 	Imported c:\Users\Dartmouth\Documents\GitHub\canlab\WASABI_public\fMRI Tasks\WASABI Task-T1\N-back-2.xlsx as conditions, 120 conditions, 3 params
178.9755 	EXP 	Created sequence: sequential, trialTypes=120, nReps=1, seed=None
178.9759 	EXP 	New trial (rep=0, index=0): {'square': 5, 'location': [0, 0], 'corrAns': None}
178.9764 	EXP 	window1: mouseVisible = False
178.9996 	EXP 	fixation_2: autoDraw = False
178.9996 	EXP 	target_square_2: pos = array([0., 0.])
178.9996 	EXP 	grid_lines_2: autoDraw = True
178.9996 	EXP 	target_square_2: autoDraw = True
179.9830 	EXP 	fixation_3: autoDraw = True
179.9997 	EXP 	target_square_2: autoDraw = False
180.3049 	EXP 	New trial (rep=0, index=1): {'square': 2, 'location': [0, 0.2], 'corrAns': None}
180.3054 	EXP 	window1: mouseVisible = False
180.3163 	EXP 	grid_lines_2: autoDraw = False
180.3163 	EXP 	target_square_2: autoDraw = False
180.3163 	EXP 	fixation_3: autoDraw = False
180.3163 	EXP 	target_square_2: pos = array([0. , 0.2])
180.3163 	EXP 	grid_lines_2: autoDraw = True
180.3163 	EXP 	target_square_2: autoDraw = True
181.2997 	EXP 	fixation_3: autoDraw = True
181.3164 	EXP 	target_square_2: autoDraw = False
182.2997 	EXP 	fixation_3: autoDraw = False
182.3037 	EXP 	New trial (rep=0, index=2): {'square': 6, 'location': [0.2, 0], 'corrAns': None}
182.3041 	EXP 	window1: mouseVisible = False
182.3163 	EXP 	grid_lines_2: autoDraw = False
182.3163 	EXP 	target_square_2: autoDraw = False
182.3163 	EXP 	fixation_3: autoDraw = False
182.3163 	EXP 	target_square_2: pos = array([0.2, 0. ])
182.3163 	EXP 	grid_lines_2: autoDraw = True
182.3163 	EXP 	target_square_2: autoDraw = True
183.2997 	EXP 	fixation_3: autoDraw = True
183.3163 	EXP 	target_square_2: autoDraw = False
184.2997 	EXP 	fixation_3: autoDraw = False
184.3037 	EXP 	New trial (rep=0, index=3): {'square': 9, 'location': [0.2, -0.2], 'corrAns': None}
184.3041 	EXP 	window1: mouseVisible = False
184.3164 	EXP 	grid_lines_2: autoDraw = False
184.3164 	EXP 	target_square_2: autoDraw = False
184.3164 	EXP 	fixation_3: autoDraw = False
184.3164 	EXP 	target_square_2: pos = array([ 0.2, -0.2])
184.3164 	EXP 	grid_lines_2: autoDraw = True
184.3164 	EXP 	target_square_2: autoDraw = True
185.2997 	EXP 	fixation_3: autoDraw = True
185.3163 	EXP 	target_square_2: autoDraw = False
186.2997 	EXP 	fixation_3: autoDraw = False
186.3037 	EXP 	New trial (rep=0, index=4): {'square': 3, 'location': [0.2, 0.2], 'corrAns': None}
186.3042 	EXP 	window1: mouseVisible = False
186.3164 	EXP 	grid_lines_2: autoDraw = False
186.3164 	EXP 	target_square_2: autoDraw = False
186.3164 	EXP 	fixation_3: autoDraw = False
186.3164 	EXP 	target_square_2: pos = array([0.2, 0.2])
186.3164 	EXP 	grid_lines_2: autoDraw = True
186.3164 	EXP 	target_square_2: autoDraw = True
187.2997 	EXP 	fixation_3: autoDraw = True
187.3164 	EXP 	target_square_2: autoDraw = False
188.2997 	EXP 	fixation_3: autoDraw = False
188.3038 	EXP 	New trial (rep=0, index=5): {'square': 9, 'location': [0.2, -0.2], 'corrAns': 1}
188.3043 	EXP 	window1: mouseVisible = False
188.3164 	EXP 	grid_lines_2: autoDraw = False
188.3164 	EXP 	target_square_2: autoDraw = False
188.3164 	EXP 	fixation_3: autoDraw = False
188.3164 	EXP 	target_square_2: pos = array([ 0.2, -0.2])
188.3164 	EXP 	grid_lines_2: autoDraw = True
188.3164 	EXP 	target_square_2: autoDraw = True
189.2997 	EXP 	fixation_3: autoDraw = True
189.3163 	EXP 	target_square_2: autoDraw = False
189.6835 	DATA 	Mouse: Left button down, pos=(10,936)
189.8500 	DATA 	Mouse:  Left button up, pos=(2,934)
190.2998 	EXP 	fixation_3: autoDraw = False
190.3037 	EXP 	New trial (rep=0, index=6): {'square': 7, 'location': [-0.2, -0.2], 'corrAns': None}
190.3042 	EXP 	window1: mouseVisible = False
190.3164 	EXP 	grid_lines_2: autoDraw = False
190.3164 	EXP 	target_square_2: autoDraw = False
190.3164 	EXP 	fixation_3: autoDraw = False
190.3164 	EXP 	target_square_2: pos = array([-0.2, -0.2])
190.3164 	EXP 	grid_lines_2: autoDraw = True
190.3164 	EXP 	target_square_2: autoDraw = True
191.2997 	EXP 	fixation_3: autoDraw = True
191.3164 	EXP 	target_square_2: autoDraw = False
192.2998 	EXP 	fixation_3: autoDraw = False
192.3037 	EXP 	New trial (rep=0, index=7): {'square': 1, 'location': [-0.2, 0.2], 'corrAns': None}
192.3042 	EXP 	window1: mouseVisible = False
192.3164 	EXP 	grid_lines_2: autoDraw = False
192.3164 	EXP 	target_square_2: autoDraw = False
192.3164 	EXP 	fixation_3: autoDraw = False
192.3164 	EXP 	target_square_2: pos = array([-0.2,  0.2])
192.3164 	EXP 	grid_lines_2: autoDraw = True
192.3164 	EXP 	target_square_2: autoDraw = True
193.2998 	EXP 	fixation_3: autoDraw = True
193.3164 	EXP 	target_square_2: autoDraw = False
194.2998 	EXP 	fixation_3: autoDraw = False
194.3038 	EXP 	New trial (rep=0, index=8): {'square': 5, 'location': [0, 0], 'corrAns': None}
194.3042 	EXP 	window1: mouseVisible = False
194.3164 	EXP 	grid_lines_2: autoDraw = False
194.3164 	EXP 	target_square_2: autoDraw = False
194.3164 	EXP 	fixation_3: autoDraw = False
194.3164 	EXP 	target_square_2: pos = array([0., 0.])
194.3164 	EXP 	grid_lines_2: autoDraw = True
194.3164 	EXP 	target_square_2: autoDraw = True
195.2998 	EXP 	fixation_3: autoDraw = True
195.3165 	EXP 	target_square_2: autoDraw = False
196.2998 	EXP 	fixation_3: autoDraw = False
196.3038 	EXP 	New trial (rep=0, index=9): {'square': 7, 'location': [-0.2, -0.2], 'corrAns': None}
196.3043 	EXP 	window1: mouseVisible = False
196.3165 	EXP 	grid_lines_2: autoDraw = False
196.3165 	EXP 	target_square_2: autoDraw = False
196.3165 	EXP 	fixation_3: autoDraw = False
196.3165 	EXP 	target_square_2: pos = array([-0.2, -0.2])
196.3165 	EXP 	grid_lines_2: autoDraw = True
196.3165 	EXP 	target_square_2: autoDraw = True
197.2998 	EXP 	fixation_3: autoDraw = True
197.3165 	EXP 	target_square_2: autoDraw = False
198.2998 	EXP 	fixation_3: autoDraw = False
198.3040 	EXP 	New trial (rep=0, index=10): {'square': 5, 'location': [0, 0], 'corrAns': 1}
198.3044 	EXP 	window1: mouseVisible = False
198.3165 	EXP 	grid_lines_2: autoDraw = False
198.3165 	EXP 	target_square_2: autoDraw = False
198.3165 	EXP 	fixation_3: autoDraw = False
198.3165 	EXP 	target_square_2: pos = array([0., 0.])
198.3165 	EXP 	grid_lines_2: autoDraw = True
198.3165 	EXP 	target_square_2: autoDraw = True
198.7701 	DATA 	Mouse: Left button down, pos=(0,939)
199.0168 	DATA 	Mouse:  Left button up, pos=(0,939)
199.2998 	EXP 	fixation_3: autoDraw = True
199.3165 	EXP 	target_square_2: autoDraw = False
200.2998 	EXP 	fixation_3: autoDraw = False
200.3039 	EXP 	New trial (rep=0, index=11): {'square': 6, 'location': [0.2, 0], 'corrAns': None}
200.3043 	EXP 	window1: mouseVisible = False
200.3165 	EXP 	grid_lines_2: autoDraw = False
200.3165 	EXP 	target_square_2: autoDraw = False
200.3165 	EXP 	fixation_3: autoDraw = False
200.3165 	EXP 	target_square_2: pos = array([0.2, 0. ])
200.3165 	EXP 	grid_lines_2: autoDraw = True
200.3165 	EXP 	target_square_2: autoDraw = True
201.2998 	EXP 	fixation_3: autoDraw = True
201.3165 	EXP 	target_square_2: autoDraw = False
202.2998 	EXP 	fixation_3: autoDraw = False
202.3038 	EXP 	New trial (rep=0, index=12): {'square': 3, 'location': [0.2, 0.2], 'corrAns': None}
202.3043 	EXP 	window1: mouseVisible = False
202.3165 	EXP 	grid_lines_2: autoDraw = False
202.3165 	EXP 	target_square_2: autoDraw = False
202.3165 	EXP 	fixation_3: autoDraw = False
202.3165 	EXP 	target_square_2: pos = array([0.2, 0.2])
202.3165 	EXP 	grid_lines_2: autoDraw = True
202.3165 	EXP 	target_square_2: autoDraw = True
203.2999 	EXP 	fixation_3: autoDraw = True
203.3165 	EXP 	target_square_2: autoDraw = False
204.2999 	EXP 	fixation_3: autoDraw = False
204.3039 	EXP 	New trial (rep=0, index=13): {'square': 6, 'location': [0.2, 0], 'corrAns': 1}
204.3044 	EXP 	window1: mouseVisible = False
204.3165 	EXP 	grid_lines_2: autoDraw = False
204.3165 	EXP 	target_square_2: autoDraw = False
204.3165 	EXP 	fixation_3: autoDraw = False
204.3165 	EXP 	target_square_2: pos = array([0.2, 0. ])
204.3165 	EXP 	grid_lines_2: autoDraw = True
204.3165 	EXP 	target_square_2: autoDraw = True
204.8003 	DATA 	Mouse: Left button down, pos=(0,938)
205.0668 	DATA 	Mouse:  Left button up, pos=(0,938)
205.2999 	EXP 	fixation_3: autoDraw = True
205.3165 	EXP 	target_square_2: autoDraw = False
206.2999 	EXP 	fixation_3: autoDraw = False
206.3038 	EXP 	New trial (rep=0, index=14): {'square': 8, 'location': [0, -0.2], 'corrAns': None}
206.3044 	EXP 	window1: mouseVisible = False
206.3165 	EXP 	grid_lines_2: autoDraw = False
206.3165 	EXP 	target_square_2: autoDraw = False
206.3165 	EXP 	fixation_3: autoDraw = False
206.3165 	EXP 	target_square_2: pos = array([ 0. , -0.2])
206.3165 	EXP 	grid_lines_2: autoDraw = True
206.3165 	EXP 	target_square_2: autoDraw = True
207.2999 	EXP 	fixation_3: autoDraw = True
207.3166 	EXP 	target_square_2: autoDraw = False
208.2999 	EXP 	fixation_3: autoDraw = False
208.3041 	EXP 	New trial (rep=0, index=15): {'square': 9, 'location': [0.2, -0.2], 'corrAns': None}
208.3046 	EXP 	window1: mouseVisible = False
208.3166 	EXP 	grid_lines_2: autoDraw = False
208.3166 	EXP 	target_square_2: autoDraw = False
208.3166 	EXP 	fixation_3: autoDraw = False
208.3166 	EXP 	target_square_2: pos = array([ 0.2, -0.2])
208.3166 	EXP 	grid_lines_2: autoDraw = True
208.3166 	EXP 	target_square_2: autoDraw = True
209.2999 	EXP 	fixation_3: autoDraw = True
209.3165 	EXP 	target_square_2: autoDraw = False
210.2999 	EXP 	fixation_3: autoDraw = False
210.3039 	EXP 	New trial (rep=0, index=16): {'square': 9, 'location': [0.2, -0.2], 'corrAns': None}
210.3044 	EXP 	window1: mouseVisible = False
210.3166 	EXP 	grid_lines_2: autoDraw = False
210.3166 	EXP 	target_square_2: autoDraw = False
210.3166 	EXP 	fixation_3: autoDraw = False
210.3166 	EXP 	target_square_2: pos = array([ 0.2, -0.2])
210.3166 	EXP 	grid_lines_2: autoDraw = True
210.3166 	EXP 	target_square_2: autoDraw = True
211.2999 	EXP 	fixation_3: autoDraw = True
211.3166 	EXP 	target_square_2: autoDraw = False
212.2999 	EXP 	fixation_3: autoDraw = False
212.3040 	EXP 	New trial (rep=0, index=17): {'square': 1, 'location': [-0.2, 0.2], 'corrAns': None}
212.3045 	EXP 	window1: mouseVisible = False
212.3166 	EXP 	grid_lines_2: autoDraw = False
212.3166 	EXP 	target_square_2: autoDraw = False
212.3166 	EXP 	fixation_3: autoDraw = False
212.3166 	EXP 	target_square_2: pos = array([-0.2,  0.2])
212.3166 	EXP 	grid_lines_2: autoDraw = True
212.3166 	EXP 	target_square_2: autoDraw = True
213.2999 	EXP 	fixation_3: autoDraw = True
213.3166 	EXP 	target_square_2: autoDraw = False
214.2999 	EXP 	fixation_3: autoDraw = False
214.3040 	EXP 	New trial (rep=0, index=18): {'square': 3, 'location': [0.2, 0.2], 'corrAns': None}
214.3045 	EXP 	window1: mouseVisible = False
214.3166 	EXP 	grid_lines_2: autoDraw = False
214.3166 	EXP 	target_square_2: autoDraw = False
214.3166 	EXP 	fixation_3: autoDraw = False
214.3166 	EXP 	target_square_2: pos = array([0.2, 0.2])
214.3166 	EXP 	grid_lines_2: autoDraw = True
214.3166 	EXP 	target_square_2: autoDraw = True
215.3000 	EXP 	fixation_3: autoDraw = True
215.3166 	EXP 	target_square_2: autoDraw = False
216.3000 	EXP 	fixation_3: autoDraw = False
216.3040 	EXP 	New trial (rep=0, index=19): {'square': 5, 'location': [0, 0], 'corrAns': None}
216.3044 	EXP 	window1: mouseVisible = False
216.3166 	EXP 	grid_lines_2: autoDraw = False
216.3166 	EXP 	target_square_2: autoDraw = False
216.3166 	EXP 	fixation_3: autoDraw = False
216.3166 	EXP 	target_square_2: pos = array([0., 0.])
216.3166 	EXP 	grid_lines_2: autoDraw = True
216.3166 	EXP 	target_square_2: autoDraw = True
217.3000 	EXP 	fixation_3: autoDraw = True
217.3166 	EXP 	target_square_2: autoDraw = False
218.3000 	EXP 	fixation_3: autoDraw = False
218.3042 	EXP 	New trial (rep=0, index=20): {'square': 3, 'location': [0.2, 0.2], 'corrAns': 1}
218.3047 	EXP 	window1: mouseVisible = False
218.3166 	EXP 	grid_lines_2: autoDraw = False
218.3166 	EXP 	target_square_2: autoDraw = False
218.3166 	EXP 	fixation_3: autoDraw = False
218.3166 	EXP 	target_square_2: pos = array([0.2, 0.2])
218.3166 	EXP 	grid_lines_2: autoDraw = True
218.3166 	EXP 	target_square_2: autoDraw = True
218.7836 	DATA 	Mouse: Left button down, pos=(0,933)
219.0669 	DATA 	Mouse:  Left button up, pos=(0,933)
219.3000 	EXP 	fixation_3: autoDraw = True
219.3167 	EXP 	target_square_2: autoDraw = False
220.3000 	EXP 	fixation_3: autoDraw = False
220.3040 	EXP 	New trial (rep=0, index=21): {'square': 4, 'location': [-0.2, 0], 'corrAns': None}
220.3045 	EXP 	window1: mouseVisible = False
220.3167 	EXP 	grid_lines_2: autoDraw = False
220.3167 	EXP 	target_square_2: autoDraw = False
220.3167 	EXP 	fixation_3: autoDraw = False
220.3167 	EXP 	target_square_2: pos = array([-0.2,  0. ])
220.3167 	EXP 	grid_lines_2: autoDraw = True
220.3167 	EXP 	target_square_2: autoDraw = True
221.3000 	EXP 	fixation_3: autoDraw = True
221.3167 	EXP 	target_square_2: autoDraw = False
222.3000 	EXP 	fixation_3: autoDraw = False
222.3041 	EXP 	New trial (rep=0, index=22): {'square': 7, 'location': [-0.2, -0.2], 'corrAns': None}
222.3046 	EXP 	window1: mouseVisible = False
222.3167 	EXP 	grid_lines_2: autoDraw = False
222.3167 	EXP 	target_square_2: autoDraw = False
222.3167 	EXP 	fixation_3: autoDraw = False
222.3167 	EXP 	target_square_2: pos = array([-0.2, -0.2])
222.3167 	EXP 	grid_lines_2: autoDraw = True
222.3167 	EXP 	target_square_2: autoDraw = True
223.3000 	EXP 	fixation_3: autoDraw = True
223.3167 	EXP 	target_square_2: autoDraw = False
224.3000 	EXP 	fixation_3: autoDraw = False
224.3040 	EXP 	New trial (rep=0, index=23): {'square': 4, 'location': [-0.2, 0], 'corrAns': 1}
224.3045 	EXP 	window1: mouseVisible = False
224.3167 	EXP 	grid_lines_2: autoDraw = False
224.3167 	EXP 	target_square_2: autoDraw = False
224.3167 	EXP 	fixation_3: autoDraw = False
224.3167 	EXP 	target_square_2: pos = array([-0.2,  0. ])
224.3167 	EXP 	grid_lines_2: autoDraw = True
224.3167 	EXP 	target_square_2: autoDraw = True
224.9509 	DATA 	Mouse: Left button down, pos=(0,934)
225.1670 	DATA 	Mouse:  Left button up, pos=(0,932)
225.3000 	EXP 	fixation_3: autoDraw = True
225.3167 	EXP 	target_square_2: autoDraw = False
226.3000 	EXP 	fixation_3: autoDraw = False
226.3041 	EXP 	New trial (rep=0, index=24): {'square': 4, 'location': [-0.2, 0], 'corrAns': None}
226.3046 	EXP 	window1: mouseVisible = False
226.3167 	EXP 	grid_lines_2: autoDraw = False
226.3167 	EXP 	target_square_2: autoDraw = False
226.3167 	EXP 	fixation_3: autoDraw = False
226.3167 	EXP 	target_square_2: pos = array([-0.2,  0. ])
226.3167 	EXP 	grid_lines_2: autoDraw = True
226.3167 	EXP 	target_square_2: autoDraw = True
227.3000 	EXP 	fixation_3: autoDraw = True
227.3167 	EXP 	target_square_2: autoDraw = False
228.3000 	EXP 	fixation_3: autoDraw = False
228.3044 	EXP 	New trial (rep=0, index=25): {'square': 5, 'location': [0, 0], 'corrAns': None}
228.3048 	EXP 	window1: mouseVisible = False
228.3167 	EXP 	grid_lines_2: autoDraw = False
228.3167 	EXP 	target_square_2: autoDraw = False
228.3167 	EXP 	fixation_3: autoDraw = False
228.3167 	EXP 	target_square_2: pos = array([0., 0.])
228.3167 	EXP 	grid_lines_2: autoDraw = True
228.3167 	EXP 	target_square_2: autoDraw = True
229.3001 	EXP 	fixation_3: autoDraw = True
229.3167 	EXP 	target_square_2: autoDraw = False
229.7706 	DATA 	Mouse: Left button down, pos=(0,935)
229.9034 	DATA 	Mouse:  Left button up, pos=(0,930)
230.3001 	EXP 	fixation_3: autoDraw = False
230.3041 	EXP 	New trial (rep=0, index=26): {'square': 2, 'location': [0, 0.2], 'corrAns': None}
230.3046 	EXP 	window1: mouseVisible = False
230.3167 	EXP 	grid_lines_2: autoDraw = False
230.3167 	EXP 	target_square_2: autoDraw = False
230.3167 	EXP 	fixation_3: autoDraw = False
230.3167 	EXP 	target_square_2: pos = array([0. , 0.2])
230.3167 	EXP 	grid_lines_2: autoDraw = True
230.3167 	EXP 	target_square_2: autoDraw = True
231.3001 	EXP 	fixation_3: autoDraw = True
231.3167 	EXP 	target_square_2: autoDraw = False
232.3001 	EXP 	fixation_3: autoDraw = False
232.3041 	EXP 	New trial (rep=0, index=27): {'square': 6, 'location': [0.2, 0], 'corrAns': None}
232.3046 	EXP 	window1: mouseVisible = False
232.3168 	EXP 	grid_lines_2: autoDraw = False
232.3168 	EXP 	target_square_2: autoDraw = False
232.3168 	EXP 	fixation_3: autoDraw = False
232.3168 	EXP 	target_square_2: pos = array([0.2, 0. ])
232.3168 	EXP 	grid_lines_2: autoDraw = True
232.3168 	EXP 	target_square_2: autoDraw = True
233.3001 	EXP 	fixation_3: autoDraw = True
233.3168 	EXP 	target_square_2: autoDraw = False
234.3001 	EXP 	fixation_3: autoDraw = False
234.3042 	EXP 	New trial (rep=0, index=28): {'square': 7, 'location': [-0.2, -0.2], 'corrAns': None}
234.3047 	EXP 	window1: mouseVisible = False
234.3168 	EXP 	grid_lines_2: autoDraw = False
234.3168 	EXP 	target_square_2: autoDraw = False
234.3168 	EXP 	fixation_3: autoDraw = False
234.3168 	EXP 	target_square_2: pos = array([-0.2, -0.2])
234.3168 	EXP 	grid_lines_2: autoDraw = True
234.3168 	EXP 	target_square_2: autoDraw = True
235.3001 	EXP 	fixation_3: autoDraw = True
235.3168 	EXP 	target_square_2: autoDraw = False
236.3001 	EXP 	fixation_3: autoDraw = False
236.3043 	EXP 	New trial (rep=0, index=29): {'square': 6, 'location': [0.2, 0], 'corrAns': 1}
236.3049 	EXP 	window1: mouseVisible = False
236.3168 	EXP 	grid_lines_2: autoDraw = False
236.3168 	EXP 	target_square_2: autoDraw = False
236.3168 	EXP 	fixation_3: autoDraw = False
236.3168 	EXP 	target_square_2: pos = array([0.2, 0. ])
236.3168 	EXP 	grid_lines_2: autoDraw = True
236.3168 	EXP 	target_square_2: autoDraw = True
236.8200 	DATA 	Mouse: Left button down, pos=(6,929)
237.0338 	DATA 	Mouse:  Left button up, pos=(1,928)
237.3001 	EXP 	fixation_3: autoDraw = True
237.3168 	EXP 	target_square_2: autoDraw = False
238.3001 	EXP 	fixation_3: autoDraw = False
238.3048 	EXP 	New trial (rep=0, index=30): {'square': 6, 'location': [0.2, 0], 'corrAns': None}
238.3053 	EXP 	window1: mouseVisible = False
238.3168 	EXP 	grid_lines_2: autoDraw = False
238.3168 	EXP 	target_square_2: autoDraw = False
238.3168 	EXP 	fixation_3: autoDraw = False
238.3168 	EXP 	target_square_2: pos = array([0.2, 0. ])
238.3168 	EXP 	grid_lines_2: autoDraw = True
238.3168 	EXP 	target_square_2: autoDraw = True
239.3002 	EXP 	fixation_3: autoDraw = True
239.3168 	EXP 	target_square_2: autoDraw = False
240.3001 	EXP 	fixation_3: autoDraw = False
240.3042 	EXP 	New trial (rep=0, index=31): {'square': 7, 'location': [-0.2, -0.2], 'corrAns': None}
240.3047 	EXP 	window1: mouseVisible = False
240.3168 	EXP 	grid_lines_2: autoDraw = False
240.3168 	EXP 	target_square_2: autoDraw = False
240.3168 	EXP 	fixation_3: autoDraw = False
240.3168 	EXP 	target_square_2: pos = array([-0.2, -0.2])
240.3168 	EXP 	grid_lines_2: autoDraw = True
240.3168 	EXP 	target_square_2: autoDraw = True
241.1672 	DATA 	Mouse: Left button down, pos=(0,926)
241.3002 	EXP 	fixation_3: autoDraw = True
241.3168 	EXP 	target_square_2: autoDraw = False
241.3338 	DATA 	Mouse:  Left button up, pos=(0,922)
242.3002 	EXP 	fixation_3: autoDraw = False
242.3042 	EXP 	New trial (rep=0, index=32): {'square': 6, 'location': [0.2, 0], 'corrAns': 1}
242.3048 	EXP 	window1: mouseVisible = False
242.3168 	EXP 	grid_lines_2: autoDraw = False
242.3168 	EXP 	target_square_2: autoDraw = False
242.3168 	EXP 	fixation_3: autoDraw = False
242.3168 	EXP 	target_square_2: pos = array([0.2, 0. ])
242.3168 	EXP 	grid_lines_2: autoDraw = True
242.3168 	EXP 	target_square_2: autoDraw = True
243.2171 	DATA 	Mouse: Left button down, pos=(0,927)
243.3002 	EXP 	fixation_3: autoDraw = True
243.3169 	EXP 	target_square_2: autoDraw = False
243.3671 	DATA 	Mouse:  Left button up, pos=(0,927)
244.3002 	EXP 	fixation_3: autoDraw = False
244.3043 	EXP 	New trial (rep=0, index=33): {'square': 2, 'location': [0, 0.2], 'corrAns': None}
244.3047 	EXP 	window1: mouseVisible = False
244.3168 	EXP 	grid_lines_2: autoDraw = False
244.3168 	EXP 	target_square_2: autoDraw = False
244.3168 	EXP 	fixation_3: autoDraw = False
244.3168 	EXP 	target_square_2: pos = array([0. , 0.2])
244.3168 	EXP 	grid_lines_2: autoDraw = True
244.3168 	EXP 	target_square_2: autoDraw = True
245.3002 	EXP 	fixation_3: autoDraw = True
245.3169 	EXP 	target_square_2: autoDraw = False
246.3002 	EXP 	fixation_3: autoDraw = False
246.3042 	EXP 	New trial (rep=0, index=34): {'square': 5, 'location': [0, 0], 'corrAns': None}
246.3046 	EXP 	window1: mouseVisible = False
246.3169 	EXP 	grid_lines_2: autoDraw = False
246.3169 	EXP 	target_square_2: autoDraw = False
246.3169 	EXP 	fixation_3: autoDraw = False
246.3169 	EXP 	target_square_2: pos = array([0., 0.])
246.3169 	EXP 	grid_lines_2: autoDraw = True
246.3169 	EXP 	target_square_2: autoDraw = True
247.3002 	EXP 	fixation_3: autoDraw = True
247.3169 	EXP 	target_square_2: autoDraw = False
248.3002 	EXP 	fixation_3: autoDraw = False
248.3044 	EXP 	New trial (rep=0, index=35): {'square': 4, 'location': [-0.2, 0], 'corrAns': None}
248.3049 	EXP 	window1: mouseVisible = False
248.3169 	EXP 	grid_lines_2: autoDraw = False
248.3169 	EXP 	target_square_2: autoDraw = False
248.3169 	EXP 	fixation_3: autoDraw = False
248.3169 	EXP 	target_square_2: pos = array([-0.2,  0. ])
248.3169 	EXP 	grid_lines_2: autoDraw = True
248.3169 	EXP 	target_square_2: autoDraw = True
249.3002 	EXP 	fixation_3: autoDraw = True
249.3169 	EXP 	target_square_2: autoDraw = False
250.3002 	EXP 	fixation_3: autoDraw = False
250.3042 	EXP 	New trial (rep=0, index=36): {'square': 4, 'location': [-0.2, 0], 'corrAns': None}
250.3047 	EXP 	window1: mouseVisible = False
250.3169 	EXP 	grid_lines_2: autoDraw = False
250.3169 	EXP 	target_square_2: autoDraw = False
250.3169 	EXP 	fixation_3: autoDraw = False
250.3169 	EXP 	target_square_2: pos = array([-0.2,  0. ])
250.3169 	EXP 	grid_lines_2: autoDraw = True
250.3169 	EXP 	target_square_2: autoDraw = True
251.3002 	EXP 	fixation_3: autoDraw = True
251.3168 	EXP 	target_square_2: autoDraw = False
252.3002 	EXP 	fixation_3: autoDraw = False
252.3042 	EXP 	New trial (rep=0, index=37): {'square': 7, 'location': [-0.2, -0.2], 'corrAns': None}
252.3047 	EXP 	window1: mouseVisible = False
252.3169 	EXP 	grid_lines_2: autoDraw = False
252.3169 	EXP 	target_square_2: autoDraw = False
252.3169 	EXP 	fixation_3: autoDraw = False
252.3169 	EXP 	target_square_2: pos = array([-0.2, -0.2])
252.3169 	EXP 	grid_lines_2: autoDraw = True
252.3169 	EXP 	target_square_2: autoDraw = True
253.3003 	EXP 	fixation_3: autoDraw = True
253.3169 	EXP 	target_square_2: autoDraw = False
254.3003 	EXP 	fixation_3: autoDraw = False
254.3042 	EXP 	New trial (rep=0, index=38): {'square': 4, 'location': [-0.2, 0], 'corrAns': 1}
254.3047 	EXP 	window1: mouseVisible = False
254.3169 	EXP 	grid_lines_2: autoDraw = False
254.3169 	EXP 	target_square_2: autoDraw = False
254.3169 	EXP 	fixation_3: autoDraw = False
254.3169 	EXP 	target_square_2: pos = array([-0.2,  0. ])
254.3169 	EXP 	grid_lines_2: autoDraw = True
254.3169 	EXP 	target_square_2: autoDraw = True
254.8011 	DATA 	Mouse: Left button down, pos=(0,929)
255.0506 	DATA 	Mouse:  Left button up, pos=(0,930)
255.3003 	EXP 	fixation_3: autoDraw = True
255.3170 	EXP 	target_square_2: autoDraw = False
256.3003 	EXP 	fixation_3: autoDraw = False
256.3043 	EXP 	New trial (rep=0, index=39): {'square': 3, 'location': [0.2, 0.2], 'corrAns': None}
256.3048 	EXP 	window1: mouseVisible = False
256.3170 	EXP 	grid_lines_2: autoDraw = False
256.3170 	EXP 	target_square_2: autoDraw = False
256.3170 	EXP 	fixation_3: autoDraw = False
256.3170 	EXP 	target_square_2: pos = array([0.2, 0.2])
256.3170 	EXP 	grid_lines_2: autoDraw = True
256.3170 	EXP 	target_square_2: autoDraw = True
257.3003 	EXP 	fixation_3: autoDraw = True
257.3170 	EXP 	target_square_2: autoDraw = False
258.3003 	EXP 	fixation_3: autoDraw = False
258.3044 	EXP 	New trial (rep=0, index=40): {'square': 5, 'location': [0, 0], 'corrAns': None}
258.3048 	EXP 	window1: mouseVisible = False
258.3170 	EXP 	grid_lines_2: autoDraw = False
258.3170 	EXP 	target_square_2: autoDraw = False
258.3170 	EXP 	fixation_3: autoDraw = False
258.3170 	EXP 	target_square_2: pos = array([0., 0.])
258.3170 	EXP 	grid_lines_2: autoDraw = True
258.3170 	EXP 	target_square_2: autoDraw = True
259.3003 	EXP 	fixation_3: autoDraw = True
259.3169 	EXP 	target_square_2: autoDraw = False
260.3003 	EXP 	fixation_3: autoDraw = False
260.3043 	EXP 	New trial (rep=0, index=41): {'square': 3, 'location': [0.2, 0.2], 'corrAns': 1}
260.3048 	EXP 	window1: mouseVisible = False
260.3170 	EXP 	grid_lines_2: autoDraw = False
260.3170 	EXP 	target_square_2: autoDraw = False
260.3170 	EXP 	fixation_3: autoDraw = False
260.3170 	EXP 	target_square_2: pos = array([0.2, 0.2])
260.3170 	EXP 	grid_lines_2: autoDraw = True
260.3170 	EXP 	target_square_2: autoDraw = True
260.8173 	DATA 	Mouse: Left button down, pos=(0,930)
261.0839 	DATA 	Mouse:  Left button up, pos=(0,931)
261.3003 	EXP 	fixation_3: autoDraw = True
261.3170 	EXP 	target_square_2: autoDraw = False
262.3003 	EXP 	fixation_3: autoDraw = False
262.3043 	EXP 	New trial (rep=0, index=42): {'square': 1, 'location': [-0.2, 0.2], 'corrAns': None}
262.3048 	EXP 	window1: mouseVisible = False
262.3170 	EXP 	grid_lines_2: autoDraw = False
262.3170 	EXP 	target_square_2: autoDraw = False
262.3170 	EXP 	fixation_3: autoDraw = False
262.3170 	EXP 	target_square_2: pos = array([-0.2,  0.2])
262.3170 	EXP 	grid_lines_2: autoDraw = True
262.3170 	EXP 	target_square_2: autoDraw = True
263.3003 	EXP 	fixation_3: autoDraw = True
263.3170 	EXP 	target_square_2: autoDraw = False
264.3003 	EXP 	fixation_3: autoDraw = False
264.3045 	EXP 	New trial (rep=0, index=43): {'square': 9, 'location': [0.2, -0.2], 'corrAns': None}
264.3050 	EXP 	window1: mouseVisible = False
264.3170 	EXP 	grid_lines_2: autoDraw = False
264.3170 	EXP 	target_square_2: autoDraw = False
264.3170 	EXP 	fixation_3: autoDraw = False
264.3170 	EXP 	target_square_2: pos = array([ 0.2, -0.2])
264.3170 	EXP 	grid_lines_2: autoDraw = True
264.3170 	EXP 	target_square_2: autoDraw = True
265.3004 	EXP 	fixation_3: autoDraw = True
265.3170 	EXP 	target_square_2: autoDraw = False
266.3004 	EXP 	fixation_3: autoDraw = False
266.3043 	EXP 	New trial (rep=0, index=44): {'square': 9, 'location': [0.2, -0.2], 'corrAns': None}
266.3048 	EXP 	window1: mouseVisible = False
266.3170 	EXP 	grid_lines_2: autoDraw = False
266.3170 	EXP 	target_square_2: autoDraw = False
266.3170 	EXP 	fixation_3: autoDraw = False
266.3170 	EXP 	target_square_2: pos = array([ 0.2, -0.2])
266.3170 	EXP 	grid_lines_2: autoDraw = True
266.3170 	EXP 	target_square_2: autoDraw = True
267.3004 	EXP 	fixation_3: autoDraw = True
267.3170 	EXP 	target_square_2: autoDraw = False
268.3004 	EXP 	fixation_3: autoDraw = False
268.3045 	EXP 	New trial (rep=0, index=45): {'square': 8, 'location': [0, -0.2], 'corrAns': None}
268.3050 	EXP 	window1: mouseVisible = False
268.3171 	EXP 	grid_lines_2: autoDraw = False
268.3171 	EXP 	target_square_2: autoDraw = False
268.3171 	EXP 	fixation_3: autoDraw = False
268.3171 	EXP 	target_square_2: pos = array([ 0. , -0.2])
268.3171 	EXP 	grid_lines_2: autoDraw = True
268.3171 	EXP 	target_square_2: autoDraw = True
269.3004 	EXP 	fixation_3: autoDraw = True
269.3170 	EXP 	target_square_2: autoDraw = False
270.3004 	EXP 	fixation_3: autoDraw = False
270.3046 	EXP 	New trial (rep=0, index=46): {'square': 6, 'location': [0.2, 0], 'corrAns': None}
270.3050 	EXP 	window1: mouseVisible = False
270.3171 	EXP 	grid_lines_2: autoDraw = False
270.3171 	EXP 	target_square_2: autoDraw = False
270.3171 	EXP 	fixation_3: autoDraw = False
270.3171 	EXP 	target_square_2: pos = array([0.2, 0. ])
270.3171 	EXP 	grid_lines_2: autoDraw = True
270.3171 	EXP 	target_square_2: autoDraw = True
271.3004 	EXP 	fixation_3: autoDraw = True
271.3171 	EXP 	target_square_2: autoDraw = False
272.3004 	EXP 	fixation_3: autoDraw = False
272.3045 	EXP 	New trial (rep=0, index=47): {'square': 3, 'location': [0.2, 0.2], 'corrAns': None}
272.3050 	EXP 	window1: mouseVisible = False
272.3171 	EXP 	grid_lines_2: autoDraw = False
272.3171 	EXP 	target_square_2: autoDraw = False
272.3171 	EXP 	fixation_3: autoDraw = False
272.3171 	EXP 	target_square_2: pos = array([0.2, 0.2])
272.3171 	EXP 	grid_lines_2: autoDraw = True
272.3171 	EXP 	target_square_2: autoDraw = True
273.3004 	EXP 	fixation_3: autoDraw = True
273.3171 	EXP 	target_square_2: autoDraw = False
274.3004 	EXP 	fixation_3: autoDraw = False
274.3045 	EXP 	New trial (rep=0, index=48): {'square': 6, 'location': [0.2, 0], 'corrAns': 1}
274.3050 	EXP 	window1: mouseVisible = False
274.3171 	EXP 	grid_lines_2: autoDraw = False
274.3171 	EXP 	target_square_2: autoDraw = False
274.3171 	EXP 	fixation_3: autoDraw = False
274.3171 	EXP 	target_square_2: pos = array([0.2, 0. ])
274.3171 	EXP 	grid_lines_2: autoDraw = True
274.3171 	EXP 	target_square_2: autoDraw = True
274.8509 	DATA 	Mouse: Left button down, pos=(0,933)
275.0536 	DATA 	Mouse:  Left button up, pos=(0,932)
275.3004 	EXP 	fixation_3: autoDraw = True
275.3171 	EXP 	target_square_2: autoDraw = False
276.3004 	EXP 	fixation_3: autoDraw = False
276.3045 	EXP 	New trial (rep=0, index=49): {'square': 5, 'location': [0, 0], 'corrAns': None}
276.3049 	EXP 	window1: mouseVisible = False
276.3171 	EXP 	grid_lines_2: autoDraw = False
276.3171 	EXP 	target_square_2: autoDraw = False
276.3171 	EXP 	fixation_3: autoDraw = False
276.3171 	EXP 	target_square_2: pos = array([0., 0.])
276.3171 	EXP 	grid_lines_2: autoDraw = True
276.3171 	EXP 	target_square_2: autoDraw = True
277.3004 	EXP 	fixation_3: autoDraw = True
277.3171 	EXP 	target_square_2: autoDraw = False
278.3003 	EXP 	fixation_3: autoDraw = False
278.3045 	EXP 	New trial (rep=0, index=50): {'square': 7, 'location': [-0.2, -0.2], 'corrAns': None}
278.3050 	EXP 	window1: mouseVisible = False
278.3171 	EXP 	grid_lines_2: autoDraw = False
278.3171 	EXP 	target_square_2: autoDraw = False
278.3171 	EXP 	fixation_3: autoDraw = False
278.3171 	EXP 	target_square_2: pos = array([-0.2, -0.2])
278.3171 	EXP 	grid_lines_2: autoDraw = True
278.3171 	EXP 	target_square_2: autoDraw = True
279.3005 	EXP 	fixation_3: autoDraw = True
279.3171 	EXP 	target_square_2: autoDraw = False
280.3005 	EXP 	fixation_3: autoDraw = False
280.3045 	EXP 	New trial (rep=0, index=51): {'square': 5, 'location': [0, 0], 'corrAns': 1}
280.3049 	EXP 	window1: mouseVisible = False
280.3171 	EXP 	grid_lines_2: autoDraw = False
280.3171 	EXP 	target_square_2: autoDraw = False
280.3171 	EXP 	fixation_3: autoDraw = False
280.3171 	EXP 	target_square_2: pos = array([0., 0.])
280.3171 	EXP 	grid_lines_2: autoDraw = True
280.3171 	EXP 	target_square_2: autoDraw = True
280.7675 	DATA 	Mouse: Left button down, pos=(0,928)
280.9674 	DATA 	Mouse:  Left button up, pos=(0,928)
281.3005 	EXP 	fixation_3: autoDraw = True
281.3171 	EXP 	target_square_2: autoDraw = False
282.3005 	EXP 	fixation_3: autoDraw = False
282.3046 	EXP 	New trial (rep=0, index=52): {'square': 1, 'location': [-0.2, 0.2], 'corrAns': None}
282.3051 	EXP 	window1: mouseVisible = False
282.3172 	EXP 	grid_lines_2: autoDraw = False
282.3172 	EXP 	target_square_2: autoDraw = False
282.3172 	EXP 	fixation_3: autoDraw = False
282.3172 	EXP 	target_square_2: pos = array([-0.2,  0.2])
282.3172 	EXP 	grid_lines_2: autoDraw = True
282.3172 	EXP 	target_square_2: autoDraw = True
283.3005 	EXP 	fixation_3: autoDraw = True
283.3172 	EXP 	target_square_2: autoDraw = False
284.3005 	EXP 	fixation_3: autoDraw = False
284.3050 	EXP 	New trial (rep=0, index=53): {'square': 7, 'location': [-0.2, -0.2], 'corrAns': None}
284.3055 	EXP 	window1: mouseVisible = False
284.3172 	EXP 	grid_lines_2: autoDraw = False
284.3172 	EXP 	target_square_2: autoDraw = False
284.3172 	EXP 	fixation_3: autoDraw = False
284.3172 	EXP 	target_square_2: pos = array([-0.2, -0.2])
284.3172 	EXP 	grid_lines_2: autoDraw = True
284.3172 	EXP 	target_square_2: autoDraw = True
285.0341 	DATA 	Mouse: Left button down, pos=(0,928)
285.2175 	DATA 	Mouse:  Left button up, pos=(0,928)
285.3005 	EXP 	fixation_3: autoDraw = True
285.3172 	EXP 	target_square_2: autoDraw = False
286.3005 	EXP 	fixation_3: autoDraw = False
286.3045 	EXP 	New trial (rep=0, index=54): {'square': 9, 'location': [0.2, -0.2], 'corrAns': None}
286.3050 	EXP 	window1: mouseVisible = False
286.3172 	EXP 	grid_lines_2: autoDraw = False
286.3172 	EXP 	target_square_2: autoDraw = False
286.3172 	EXP 	fixation_3: autoDraw = False
286.3172 	EXP 	target_square_2: pos = array([ 0.2, -0.2])
286.3172 	EXP 	grid_lines_2: autoDraw = True
286.3172 	EXP 	target_square_2: autoDraw = True
287.3005 	EXP 	fixation_3: autoDraw = True
287.3172 	EXP 	target_square_2: autoDraw = False
288.3006 	EXP 	fixation_3: autoDraw = False
288.3047 	EXP 	New trial (rep=0, index=55): {'square': 3, 'location': [0.2, 0.2], 'corrAns': None}
288.3051 	EXP 	window1: mouseVisible = False
288.3172 	EXP 	grid_lines_2: autoDraw = False
288.3172 	EXP 	target_square_2: autoDraw = False
288.3172 	EXP 	fixation_3: autoDraw = False
288.3172 	EXP 	target_square_2: pos = array([0.2, 0.2])
288.3172 	EXP 	grid_lines_2: autoDraw = True
288.3172 	EXP 	target_square_2: autoDraw = True
289.3006 	EXP 	fixation_3: autoDraw = True
289.3172 	EXP 	target_square_2: autoDraw = False
290.3005 	EXP 	fixation_3: autoDraw = False
290.3045 	EXP 	New trial (rep=0, index=56): {'square': 9, 'location': [0.2, -0.2], 'corrAns': 1}
290.3050 	EXP 	window1: mouseVisible = False
290.3172 	EXP 	grid_lines_2: autoDraw = False
290.3172 	EXP 	target_square_2: autoDraw = False
290.3172 	EXP 	fixation_3: autoDraw = False
290.3172 	EXP 	target_square_2: pos = array([ 0.2, -0.2])
290.3172 	EXP 	grid_lines_2: autoDraw = True
290.3172 	EXP 	target_square_2: autoDraw = True
290.8009 	DATA 	Mouse: Left button down, pos=(0,928)
291.0009 	DATA 	Mouse:  Left button up, pos=(0,928)
291.3006 	EXP 	fixation_3: autoDraw = True
291.3172 	EXP 	target_square_2: autoDraw = False
292.3005 	EXP 	fixation_3: autoDraw = False
292.3046 	EXP 	New trial (rep=0, index=57): {'square': 6, 'location': [0.2, 0], 'corrAns': None}
292.3051 	EXP 	window1: mouseVisible = False
292.3172 	EXP 	grid_lines_2: autoDraw = False
292.3172 	EXP 	target_square_2: autoDraw = False
292.3172 	EXP 	fixation_3: autoDraw = False
292.3172 	EXP 	target_square_2: pos = array([0.2, 0. ])
292.3172 	EXP 	grid_lines_2: autoDraw = True
292.3172 	EXP 	target_square_2: autoDraw = True
293.3006 	EXP 	fixation_3: autoDraw = True
293.3172 	EXP 	target_square_2: autoDraw = False
294.3006 	EXP 	fixation_3: autoDraw = False
294.3046 	EXP 	New trial (rep=0, index=58): {'square': 2, 'location': [0, 0.2], 'corrAns': None}
294.3051 	EXP 	window1: mouseVisible = False
294.3173 	EXP 	grid_lines_2: autoDraw = False
294.3173 	EXP 	target_square_2: autoDraw = False
294.3173 	EXP 	fixation_3: autoDraw = False
294.3173 	EXP 	target_square_2: pos = array([0. , 0.2])
294.3173 	EXP 	grid_lines_2: autoDraw = True
294.3173 	EXP 	target_square_2: autoDraw = True
295.3006 	EXP 	fixation_3: autoDraw = True
295.3173 	EXP 	target_square_2: autoDraw = False
296.3006 	EXP 	fixation_3: autoDraw = False
296.3046 	EXP 	New trial (rep=0, index=59): {'square': 5, 'location': [0, 0], 'corrAns': None}
296.3050 	EXP 	window1: mouseVisible = False
296.3173 	EXP 	grid_lines_2: autoDraw = False
296.3173 	EXP 	target_square_2: autoDraw = False
296.3173 	EXP 	fixation_3: autoDraw = False
296.3173 	EXP 	target_square_2: pos = array([0., 0.])
296.3173 	EXP 	grid_lines_2: autoDraw = True
296.3173 	EXP 	target_square_2: autoDraw = True
297.3006 	EXP 	fixation_3: autoDraw = True
297.3173 	EXP 	target_square_2: autoDraw = False
298.3006 	EXP 	fixation_3: autoDraw = False
298.3048 	EXP 	New trial (rep=0, index=60): {'square': 5, 'location': [0, 0], 'corrAns': None}
298.3052 	EXP 	window1: mouseVisible = False
298.3173 	EXP 	grid_lines_2: autoDraw = False
298.3173 	EXP 	target_square_2: autoDraw = False
298.3173 	EXP 	fixation_3: autoDraw = False
298.3173 	EXP 	target_square_2: pos = array([0., 0.])
298.3173 	EXP 	grid_lines_2: autoDraw = True
298.3173 	EXP 	target_square_2: autoDraw = True
299.3006 	EXP 	fixation_3: autoDraw = True
299.3173 	EXP 	target_square_2: autoDraw = False
300.3006 	EXP 	fixation_3: autoDraw = False
300.3046 	EXP 	New trial (rep=0, index=61): {'square': 2, 'location': [0, 0.2], 'corrAns': None}
300.3051 	EXP 	window1: mouseVisible = False
300.3173 	EXP 	grid_lines_2: autoDraw = False
300.3173 	EXP 	target_square_2: autoDraw = False
300.3173 	EXP 	fixation_3: autoDraw = False
300.3173 	EXP 	target_square_2: pos = array([0. , 0.2])
300.3173 	EXP 	grid_lines_2: autoDraw = True
300.3173 	EXP 	target_square_2: autoDraw = True
301.3006 	EXP 	fixation_3: autoDraw = True
301.3173 	EXP 	target_square_2: autoDraw = False
302.3007 	EXP 	fixation_3: autoDraw = False
302.3046 	EXP 	New trial (rep=0, index=62): {'square': 6, 'location': [0.2, 0], 'corrAns': None}
302.3051 	EXP 	window1: mouseVisible = False
302.3174 	EXP 	grid_lines_2: autoDraw = False
302.3174 	EXP 	target_square_2: autoDraw = False
302.3174 	EXP 	fixation_3: autoDraw = False
302.3174 	EXP 	target_square_2: pos = array([0.2, 0. ])
302.3174 	EXP 	grid_lines_2: autoDraw = True
302.3174 	EXP 	target_square_2: autoDraw = True
303.3006 	EXP 	fixation_3: autoDraw = True
303.3173 	EXP 	target_square_2: autoDraw = False
304.3007 	EXP 	fixation_3: autoDraw = False
304.3046 	EXP 	New trial (rep=0, index=63): {'square': 9, 'location': [0.2, -0.2], 'corrAns': None}
304.3051 	EXP 	window1: mouseVisible = False
304.3173 	EXP 	grid_lines_2: autoDraw = False
304.3173 	EXP 	target_square_2: autoDraw = False
304.3173 	EXP 	fixation_3: autoDraw = False
304.3173 	EXP 	target_square_2: pos = array([ 0.2, -0.2])
304.3173 	EXP 	grid_lines_2: autoDraw = True
304.3173 	EXP 	target_square_2: autoDraw = True
305.3007 	EXP 	fixation_3: autoDraw = True
305.3173 	EXP 	target_square_2: autoDraw = False
306.3007 	EXP 	fixation_3: autoDraw = False
306.3047 	EXP 	New trial (rep=0, index=64): {'square': 3, 'location': [0.2, 0.2], 'corrAns': None}
306.3052 	EXP 	window1: mouseVisible = False
306.3174 	EXP 	grid_lines_2: autoDraw = False
306.3174 	EXP 	target_square_2: autoDraw = False
306.3174 	EXP 	fixation_3: autoDraw = False
306.3174 	EXP 	target_square_2: pos = array([0.2, 0.2])
306.3174 	EXP 	grid_lines_2: autoDraw = True
306.3174 	EXP 	target_square_2: autoDraw = True
307.3007 	EXP 	fixation_3: autoDraw = True
307.3174 	EXP 	target_square_2: autoDraw = False
308.3007 	EXP 	fixation_3: autoDraw = False
308.3047 	EXP 	New trial (rep=0, index=65): {'square': 9, 'location': [0.2, -0.2], 'corrAns': 1}
308.3052 	EXP 	window1: mouseVisible = False
308.3174 	EXP 	grid_lines_2: autoDraw = False
308.3174 	EXP 	target_square_2: autoDraw = False
308.3174 	EXP 	fixation_3: autoDraw = False
308.3174 	EXP 	target_square_2: pos = array([ 0.2, -0.2])
308.3174 	EXP 	grid_lines_2: autoDraw = True
308.3174 	EXP 	target_square_2: autoDraw = True
309.3007 	EXP 	fixation_3: autoDraw = True
309.3174 	EXP 	target_square_2: autoDraw = False
309.3177 	DATA 	Mouse: Left button down, pos=(0,921)
309.5010 	DATA 	Mouse:  Left button up, pos=(0,923)
310.3007 	EXP 	fixation_3: autoDraw = False
310.3050 	EXP 	New trial (rep=0, index=66): {'square': 7, 'location': [-0.2, -0.2], 'corrAns': None}
310.3054 	EXP 	window1: mouseVisible = False
310.3174 	EXP 	grid_lines_2: autoDraw = False
310.3174 	EXP 	target_square_2: autoDraw = False
310.3174 	EXP 	fixation_3: autoDraw = False
310.3174 	EXP 	target_square_2: pos = array([-0.2, -0.2])
310.3174 	EXP 	grid_lines_2: autoDraw = True
310.3174 	EXP 	target_square_2: autoDraw = True
311.3007 	EXP 	fixation_3: autoDraw = True
311.3174 	EXP 	target_square_2: autoDraw = False
312.3008 	EXP 	fixation_3: autoDraw = False
312.3049 	EXP 	New trial (rep=0, index=67): {'square': 1, 'location': [-0.2, 0.2], 'corrAns': None}
312.3054 	EXP 	window1: mouseVisible = False
312.3174 	EXP 	grid_lines_2: autoDraw = False
312.3174 	EXP 	target_square_2: autoDraw = False
312.3174 	EXP 	fixation_3: autoDraw = False
312.3174 	EXP 	target_square_2: pos = array([-0.2,  0.2])
312.3174 	EXP 	grid_lines_2: autoDraw = True
312.3174 	EXP 	target_square_2: autoDraw = True
313.3007 	EXP 	fixation_3: autoDraw = True
313.3174 	EXP 	target_square_2: autoDraw = False
314.3007 	EXP 	fixation_3: autoDraw = False
314.3049 	EXP 	New trial (rep=0, index=68): {'square': 5, 'location': [0, 0], 'corrAns': None}
314.3054 	EXP 	window1: mouseVisible = False
314.3174 	EXP 	grid_lines_2: autoDraw = False
314.3174 	EXP 	target_square_2: autoDraw = False
314.3174 	EXP 	fixation_3: autoDraw = False
314.3174 	EXP 	target_square_2: pos = array([0., 0.])
314.3174 	EXP 	grid_lines_2: autoDraw = True
314.3174 	EXP 	target_square_2: autoDraw = True
315.3008 	EXP 	fixation_3: autoDraw = True
315.3174 	EXP 	target_square_2: autoDraw = False
316.3008 	EXP 	fixation_3: autoDraw = False
316.3049 	EXP 	New trial (rep=0, index=69): {'square': 7, 'location': [-0.2, -0.2], 'corrAns': None}
316.3054 	EXP 	window1: mouseVisible = False
316.3174 	EXP 	grid_lines_2: autoDraw = False
316.3174 	EXP 	target_square_2: autoDraw = False
316.3174 	EXP 	fixation_3: autoDraw = False
316.3174 	EXP 	target_square_2: pos = array([-0.2, -0.2])
316.3174 	EXP 	grid_lines_2: autoDraw = True
316.3174 	EXP 	target_square_2: autoDraw = True
317.3008 	EXP 	fixation_3: autoDraw = True
317.3174 	EXP 	target_square_2: autoDraw = False
318.3008 	EXP 	fixation_3: autoDraw = False
318.3049 	EXP 	New trial (rep=0, index=70): {'square': 5, 'location': [0, 0], 'corrAns': 1}
318.3053 	EXP 	window1: mouseVisible = False
318.3175 	EXP 	grid_lines_2: autoDraw = False
318.3175 	EXP 	target_square_2: autoDraw = False
318.3175 	EXP 	fixation_3: autoDraw = False
318.3175 	EXP 	target_square_2: pos = array([0., 0.])
318.3175 	EXP 	grid_lines_2: autoDraw = True
318.3175 	EXP 	target_square_2: autoDraw = True
319.2678 	DATA 	Mouse: Left button down, pos=(0,923)
319.3008 	EXP 	fixation_3: autoDraw = True
319.3175 	EXP 	target_square_2: autoDraw = False
319.4344 	DATA 	Mouse:  Left button up, pos=(0,923)
320.3008 	EXP 	fixation_3: autoDraw = False
320.3048 	EXP 	New trial (rep=0, index=71): {'square': 6, 'location': [0.2, 0], 'corrAns': None}
320.3052 	EXP 	window1: mouseVisible = False
320.3175 	EXP 	grid_lines_2: autoDraw = False
320.3175 	EXP 	target_square_2: autoDraw = False
320.3175 	EXP 	fixation_3: autoDraw = False
320.3175 	EXP 	target_square_2: pos = array([0.2, 0. ])
320.3175 	EXP 	grid_lines_2: autoDraw = True
320.3175 	EXP 	target_square_2: autoDraw = True
321.3008 	EXP 	fixation_3: autoDraw = True
321.3175 	EXP 	target_square_2: autoDraw = False
322.3008 	EXP 	fixation_3: autoDraw = False
322.3048 	EXP 	New trial (rep=0, index=72): {'square': 3, 'location': [0.2, 0.2], 'corrAns': None}
322.3052 	EXP 	window1: mouseVisible = False
322.3175 	EXP 	grid_lines_2: autoDraw = False
322.3175 	EXP 	target_square_2: autoDraw = False
322.3175 	EXP 	fixation_3: autoDraw = False
322.3175 	EXP 	target_square_2: pos = array([0.2, 0.2])
322.3175 	EXP 	grid_lines_2: autoDraw = True
322.3175 	EXP 	target_square_2: autoDraw = True
323.3008 	EXP 	fixation_3: autoDraw = True
323.3175 	EXP 	target_square_2: autoDraw = False
324.3008 	EXP 	fixation_3: autoDraw = False
324.3048 	EXP 	New trial (rep=0, index=73): {'square': 6, 'location': [0.2, 0], 'corrAns': 1}
324.3053 	EXP 	window1: mouseVisible = False
324.3175 	EXP 	grid_lines_2: autoDraw = False
324.3175 	EXP 	target_square_2: autoDraw = False
324.3175 	EXP 	fixation_3: autoDraw = False
324.3175 	EXP 	target_square_2: pos = array([0.2, 0. ])
324.3175 	EXP 	grid_lines_2: autoDraw = True
324.3175 	EXP 	target_square_2: autoDraw = True
324.9681 	DATA 	Mouse: Left button down, pos=(0,927)
325.1845 	DATA 	Mouse:  Left button up, pos=(0,926)
325.3008 	EXP 	fixation_3: autoDraw = True
325.3175 	EXP 	target_square_2: autoDraw = False
326.3009 	EXP 	fixation_3: autoDraw = False
326.3048 	EXP 	New trial (rep=0, index=74): {'square': 8, 'location': [0, -0.2], 'corrAns': None}
326.3053 	EXP 	window1: mouseVisible = False
326.3175 	EXP 	grid_lines_2: autoDraw = False
326.3175 	EXP 	target_square_2: autoDraw = False
326.3175 	EXP 	fixation_3: autoDraw = False
326.3175 	EXP 	target_square_2: pos = array([ 0. , -0.2])
326.3175 	EXP 	grid_lines_2: autoDraw = True
326.3175 	EXP 	target_square_2: autoDraw = True
327.3009 	EXP 	fixation_3: autoDraw = True
327.3175 	EXP 	target_square_2: autoDraw = False
328.3009 	EXP 	fixation_3: autoDraw = False
328.3050 	EXP 	New trial (rep=0, index=75): {'square': 9, 'location': [0.2, -0.2], 'corrAns': None}
328.3054 	EXP 	window1: mouseVisible = False
328.3176 	EXP 	grid_lines_2: autoDraw = False
328.3176 	EXP 	target_square_2: autoDraw = False
328.3176 	EXP 	fixation_3: autoDraw = False
328.3176 	EXP 	target_square_2: pos = array([ 0.2, -0.2])
328.3176 	EXP 	grid_lines_2: autoDraw = True
328.3176 	EXP 	target_square_2: autoDraw = True
329.3009 	EXP 	fixation_3: autoDraw = True
329.3175 	EXP 	target_square_2: autoDraw = False
330.3009 	EXP 	fixation_3: autoDraw = False
330.3049 	EXP 	New trial (rep=0, index=76): {'square': 9, 'location': [0.2, -0.2], 'corrAns': None}
330.3053 	EXP 	window1: mouseVisible = False
330.3175 	EXP 	grid_lines_2: autoDraw = False
330.3175 	EXP 	target_square_2: autoDraw = False
330.3175 	EXP 	fixation_3: autoDraw = False
330.3175 	EXP 	target_square_2: pos = array([ 0.2, -0.2])
330.3175 	EXP 	grid_lines_2: autoDraw = True
330.3175 	EXP 	target_square_2: autoDraw = True
331.3009 	EXP 	fixation_3: autoDraw = True
331.3176 	EXP 	target_square_2: autoDraw = False
332.3009 	EXP 	fixation_3: autoDraw = False
332.3049 	EXP 	New trial (rep=0, index=77): {'square': 1, 'location': [-0.2, 0.2], 'corrAns': None}
332.3054 	EXP 	window1: mouseVisible = False
332.3176 	EXP 	grid_lines_2: autoDraw = False
332.3176 	EXP 	target_square_2: autoDraw = False
332.3176 	EXP 	fixation_3: autoDraw = False
332.3176 	EXP 	target_square_2: pos = array([-0.2,  0.2])
332.3176 	EXP 	grid_lines_2: autoDraw = True
332.3176 	EXP 	target_square_2: autoDraw = True
333.3009 	EXP 	fixation_3: autoDraw = True
333.3176 	EXP 	target_square_2: autoDraw = False
334.3009 	EXP 	fixation_3: autoDraw = False
334.3049 	EXP 	New trial (rep=0, index=78): {'square': 3, 'location': [0.2, 0.2], 'corrAns': None}
334.3053 	EXP 	window1: mouseVisible = False
334.3176 	EXP 	grid_lines_2: autoDraw = False
334.3176 	EXP 	target_square_2: autoDraw = False
334.3176 	EXP 	fixation_3: autoDraw = False
334.3176 	EXP 	target_square_2: pos = array([0.2, 0.2])
334.3176 	EXP 	grid_lines_2: autoDraw = True
334.3176 	EXP 	target_square_2: autoDraw = True
335.3009 	EXP 	fixation_3: autoDraw = True
335.3176 	EXP 	target_square_2: autoDraw = False
336.3009 	EXP 	fixation_3: autoDraw = False
336.3049 	EXP 	New trial (rep=0, index=79): {'square': 5, 'location': [0, 0], 'corrAns': None}
336.3053 	EXP 	window1: mouseVisible = False
336.3176 	EXP 	grid_lines_2: autoDraw = False
336.3176 	EXP 	target_square_2: autoDraw = False
336.3176 	EXP 	fixation_3: autoDraw = False
336.3176 	EXP 	target_square_2: pos = array([0., 0.])
336.3176 	EXP 	grid_lines_2: autoDraw = True
336.3176 	EXP 	target_square_2: autoDraw = True
337.3009 	EXP 	fixation_3: autoDraw = True
337.3176 	EXP 	target_square_2: autoDraw = False
338.3010 	EXP 	fixation_3: autoDraw = False
338.3053 	EXP 	New trial (rep=0, index=80): {'square': 3, 'location': [0.2, 0.2], 'corrAns': 1}
338.3058 	EXP 	window1: mouseVisible = False
338.3176 	EXP 	grid_lines_2: autoDraw = False
338.3176 	EXP 	target_square_2: autoDraw = False
338.3176 	EXP 	fixation_3: autoDraw = False
338.3176 	EXP 	target_square_2: pos = array([0.2, 0.2])
338.3176 	EXP 	grid_lines_2: autoDraw = True
338.3176 	EXP 	target_square_2: autoDraw = True
338.7847 	DATA 	Mouse: Left button down, pos=(0,929)
339.0013 	DATA 	Mouse:  Left button up, pos=(0,926)
339.3010 	EXP 	fixation_3: autoDraw = True
339.3176 	EXP 	target_square_2: autoDraw = False
340.3010 	EXP 	fixation_3: autoDraw = False
340.3049 	EXP 	New trial (rep=0, index=81): {'square': 4, 'location': [-0.2, 0], 'corrAns': None}
340.3054 	EXP 	window1: mouseVisible = False
340.3176 	EXP 	grid_lines_2: autoDraw = False
340.3176 	EXP 	target_square_2: autoDraw = False
340.3176 	EXP 	fixation_3: autoDraw = False
340.3176 	EXP 	target_square_2: pos = array([-0.2,  0. ])
340.3176 	EXP 	grid_lines_2: autoDraw = True
340.3176 	EXP 	target_square_2: autoDraw = True
341.3010 	EXP 	fixation_3: autoDraw = True
341.3176 	EXP 	target_square_2: autoDraw = False
342.3010 	EXP 	fixation_3: autoDraw = False
342.3050 	EXP 	New trial (rep=0, index=82): {'square': 7, 'location': [-0.2, -0.2], 'corrAns': None}
342.3055 	EXP 	window1: mouseVisible = False
342.3177 	EXP 	grid_lines_2: autoDraw = False
342.3177 	EXP 	target_square_2: autoDraw = False
342.3177 	EXP 	fixation_3: autoDraw = False
342.3177 	EXP 	target_square_2: pos = array([-0.2, -0.2])
342.3177 	EXP 	grid_lines_2: autoDraw = True
342.3177 	EXP 	target_square_2: autoDraw = True
343.3010 	EXP 	fixation_3: autoDraw = True
343.3177 	EXP 	target_square_2: autoDraw = False
344.3009 	EXP 	fixation_3: autoDraw = False
344.3049 	EXP 	New trial (rep=0, index=83): {'square': 4, 'location': [-0.2, 0], 'corrAns': 1}
344.3054 	EXP 	window1: mouseVisible = False
344.3177 	EXP 	grid_lines_2: autoDraw = False
344.3177 	EXP 	target_square_2: autoDraw = False
344.3177 	EXP 	fixation_3: autoDraw = False
344.3177 	EXP 	target_square_2: pos = array([-0.2,  0. ])
344.3177 	EXP 	grid_lines_2: autoDraw = True
344.3177 	EXP 	target_square_2: autoDraw = True
345.0013 	DATA 	Mouse: Left button down, pos=(0,925)
345.1846 	DATA 	Mouse:  Left button up, pos=(0,921)
345.3010 	EXP 	fixation_3: autoDraw = True
345.3177 	EXP 	target_square_2: autoDraw = False
346.3010 	EXP 	fixation_3: autoDraw = False
346.3050 	EXP 	New trial (rep=0, index=84): {'square': 4, 'location': [-0.2, 0], 'corrAns': None}
346.3055 	EXP 	window1: mouseVisible = False
346.3177 	EXP 	grid_lines_2: autoDraw = False
346.3177 	EXP 	target_square_2: autoDraw = False
346.3177 	EXP 	fixation_3: autoDraw = False
346.3177 	EXP 	target_square_2: pos = array([-0.2,  0. ])
346.3177 	EXP 	grid_lines_2: autoDraw = True
346.3177 	EXP 	target_square_2: autoDraw = True
347.3010 	EXP 	fixation_3: autoDraw = True
347.3175 	EXP 	target_square_2: autoDraw = False
348.3010 	EXP 	fixation_3: autoDraw = False
348.3052 	EXP 	New trial (rep=0, index=85): {'square': 5, 'location': [0, 0], 'corrAns': None}
348.3057 	EXP 	window1: mouseVisible = False
348.3177 	EXP 	grid_lines_2: autoDraw = False
348.3177 	EXP 	target_square_2: autoDraw = False
348.3177 	EXP 	fixation_3: autoDraw = False
348.3177 	EXP 	target_square_2: pos = array([0., 0.])
348.3177 	EXP 	grid_lines_2: autoDraw = True
348.3177 	EXP 	target_square_2: autoDraw = True
349.3010 	EXP 	fixation_3: autoDraw = True
349.3177 	EXP 	target_square_2: autoDraw = False
350.3010 	EXP 	fixation_3: autoDraw = False
350.3051 	EXP 	New trial (rep=0, index=86): {'square': 2, 'location': [0, 0.2], 'corrAns': None}
350.3055 	EXP 	window1: mouseVisible = False
350.3177 	EXP 	grid_lines_2: autoDraw = False
350.3177 	EXP 	target_square_2: autoDraw = False
350.3177 	EXP 	fixation_3: autoDraw = False
350.3177 	EXP 	target_square_2: pos = array([0. , 0.2])
350.3177 	EXP 	grid_lines_2: autoDraw = True
350.3177 	EXP 	target_square_2: autoDraw = True
351.3010 	EXP 	fixation_3: autoDraw = True
351.3177 	EXP 	target_square_2: autoDraw = False
352.3011 	EXP 	fixation_3: autoDraw = False
352.3052 	EXP 	New trial (rep=0, index=87): {'square': 6, 'location': [0.2, 0], 'corrAns': None}
352.3057 	EXP 	window1: mouseVisible = False
352.3177 	EXP 	grid_lines_2: autoDraw = False
352.3177 	EXP 	target_square_2: autoDraw = False
352.3177 	EXP 	fixation_3: autoDraw = False
352.3177 	EXP 	target_square_2: pos = array([0.2, 0. ])
352.3177 	EXP 	grid_lines_2: autoDraw = True
352.3177 	EXP 	target_square_2: autoDraw = True
353.3011 	EXP 	fixation_3: autoDraw = True
353.3177 	EXP 	target_square_2: autoDraw = False
354.3011 	EXP 	fixation_3: autoDraw = False
354.3050 	EXP 	New trial (rep=0, index=88): {'square': 7, 'location': [-0.2, -0.2], 'corrAns': None}
354.3055 	EXP 	window1: mouseVisible = False
354.3178 	EXP 	grid_lines_2: autoDraw = False
354.3178 	EXP 	target_square_2: autoDraw = False
354.3178 	EXP 	fixation_3: autoDraw = False
354.3178 	EXP 	target_square_2: pos = array([-0.2, -0.2])
354.3178 	EXP 	grid_lines_2: autoDraw = True
354.3178 	EXP 	target_square_2: autoDraw = True
355.3011 	EXP 	fixation_3: autoDraw = True
355.3178 	EXP 	target_square_2: autoDraw = False
356.3011 	EXP 	fixation_3: autoDraw = False
356.3052 	EXP 	New trial (rep=0, index=89): {'square': 6, 'location': [0.2, 0], 'corrAns': 1}
356.3056 	EXP 	window1: mouseVisible = False
356.3178 	EXP 	grid_lines_2: autoDraw = False
356.3178 	EXP 	target_square_2: autoDraw = False
356.3178 	EXP 	fixation_3: autoDraw = False
356.3178 	EXP 	target_square_2: pos = array([0.2, 0. ])
356.3178 	EXP 	grid_lines_2: autoDraw = True
356.3178 	EXP 	target_square_2: autoDraw = True
356.9377 	DATA 	Mouse: Left button down, pos=(0,924)
357.1347 	DATA 	Mouse:  Left button up, pos=(0,921)
357.3011 	EXP 	fixation_3: autoDraw = True
357.3178 	EXP 	target_square_2: autoDraw = False
358.3011 	EXP 	fixation_3: autoDraw = False
358.3054 	EXP 	New trial (rep=0, index=90): {'square': 6, 'location': [0.2, 0], 'corrAns': None}
358.3059 	EXP 	window1: mouseVisible = False
358.3178 	EXP 	grid_lines_2: autoDraw = False
358.3178 	EXP 	target_square_2: autoDraw = False
358.3178 	EXP 	fixation_3: autoDraw = False
358.3178 	EXP 	target_square_2: pos = array([0.2, 0. ])
358.3178 	EXP 	grid_lines_2: autoDraw = True
358.3178 	EXP 	target_square_2: autoDraw = True
359.3011 	EXP 	fixation_3: autoDraw = True
359.3178 	EXP 	target_square_2: autoDraw = False
360.3011 	EXP 	fixation_3: autoDraw = False
360.3052 	EXP 	New trial (rep=0, index=91): {'square': 7, 'location': [-0.2, -0.2], 'corrAns': None}
360.3057 	EXP 	window1: mouseVisible = False
360.3178 	EXP 	grid_lines_2: autoDraw = False
360.3178 	EXP 	target_square_2: autoDraw = False
360.3178 	EXP 	fixation_3: autoDraw = False
360.3178 	EXP 	target_square_2: pos = array([-0.2, -0.2])
360.3178 	EXP 	grid_lines_2: autoDraw = True
360.3178 	EXP 	target_square_2: autoDraw = True
360.9848 	DATA 	Mouse: Left button down, pos=(0,923)
361.1681 	DATA 	Mouse:  Left button up, pos=(0,924)
361.3011 	EXP 	fixation_3: autoDraw = True
361.3178 	EXP 	target_square_2: autoDraw = False
362.3012 	EXP 	fixation_3: autoDraw = False
362.3053 	EXP 	New trial (rep=0, index=92): {'square': 6, 'location': [0.2, 0], 'corrAns': 1}
362.3058 	EXP 	window1: mouseVisible = False
362.3178 	EXP 	grid_lines_2: autoDraw = False
362.3178 	EXP 	target_square_2: autoDraw = False
362.3178 	EXP 	fixation_3: autoDraw = False
362.3178 	EXP 	target_square_2: pos = array([0.2, 0. ])
362.3178 	EXP 	grid_lines_2: autoDraw = True
362.3178 	EXP 	target_square_2: autoDraw = True
363.2515 	DATA 	Mouse: Left button down, pos=(3,924)
363.3012 	EXP 	fixation_3: autoDraw = True
363.3178 	EXP 	target_square_2: autoDraw = False
363.4014 	DATA 	Mouse:  Left button up, pos=(6,923)
364.3012 	EXP 	fixation_3: autoDraw = False
364.3052 	EXP 	New trial (rep=0, index=93): {'square': 2, 'location': [0, 0.2], 'corrAns': None}
364.3056 	EXP 	window1: mouseVisible = False
364.3178 	EXP 	grid_lines_2: autoDraw = False
364.3178 	EXP 	target_square_2: autoDraw = False
364.3178 	EXP 	fixation_3: autoDraw = False
364.3178 	EXP 	target_square_2: pos = array([0. , 0.2])
364.3178 	EXP 	grid_lines_2: autoDraw = True
364.3178 	EXP 	target_square_2: autoDraw = True
365.3012 	EXP 	fixation_3: autoDraw = True
365.3178 	EXP 	target_square_2: autoDraw = False
366.3012 	EXP 	fixation_3: autoDraw = False
366.3052 	EXP 	New trial (rep=0, index=94): {'square': 5, 'location': [0, 0], 'corrAns': None}
366.3056 	EXP 	window1: mouseVisible = False
366.3179 	EXP 	grid_lines_2: autoDraw = False
366.3179 	EXP 	target_square_2: autoDraw = False
366.3179 	EXP 	fixation_3: autoDraw = False
366.3179 	EXP 	target_square_2: pos = array([0., 0.])
366.3179 	EXP 	grid_lines_2: autoDraw = True
366.3179 	EXP 	target_square_2: autoDraw = True
367.3012 	EXP 	fixation_3: autoDraw = True
367.3178 	EXP 	target_square_2: autoDraw = False
368.3012 	EXP 	fixation_3: autoDraw = False
368.3053 	EXP 	New trial (rep=0, index=95): {'square': 4, 'location': [-0.2, 0], 'corrAns': None}
368.3059 	EXP 	window1: mouseVisible = False
368.3179 	EXP 	grid_lines_2: autoDraw = False
368.3179 	EXP 	target_square_2: autoDraw = False
368.3179 	EXP 	fixation_3: autoDraw = False
368.3179 	EXP 	target_square_2: pos = array([-0.2,  0. ])
368.3179 	EXP 	grid_lines_2: autoDraw = True
368.3179 	EXP 	target_square_2: autoDraw = True
369.3012 	EXP 	fixation_3: autoDraw = True
369.3179 	EXP 	target_square_2: autoDraw = False
370.3012 	EXP 	fixation_3: autoDraw = False
370.3052 	EXP 	New trial (rep=0, index=96): {'square': 4, 'location': [-0.2, 0], 'corrAns': None}
370.3056 	EXP 	window1: mouseVisible = False
370.3179 	EXP 	grid_lines_2: autoDraw = False
370.3179 	EXP 	target_square_2: autoDraw = False
370.3179 	EXP 	fixation_3: autoDraw = False
370.3179 	EXP 	target_square_2: pos = array([-0.2,  0. ])
370.3179 	EXP 	grid_lines_2: autoDraw = True
370.3179 	EXP 	target_square_2: autoDraw = True
371.3012 	EXP 	fixation_3: autoDraw = True
371.3179 	EXP 	target_square_2: autoDraw = False
372.3012 	EXP 	fixation_3: autoDraw = False
372.3053 	EXP 	New trial (rep=0, index=97): {'square': 7, 'location': [-0.2, -0.2], 'corrAns': None}
372.3058 	EXP 	window1: mouseVisible = False
372.3179 	EXP 	grid_lines_2: autoDraw = False
372.3179 	EXP 	target_square_2: autoDraw = False
372.3179 	EXP 	fixation_3: autoDraw = False
372.3179 	EXP 	target_square_2: pos = array([-0.2, -0.2])
372.3179 	EXP 	grid_lines_2: autoDraw = True
372.3179 	EXP 	target_square_2: autoDraw = True
373.3012 	EXP 	fixation_3: autoDraw = True
373.3179 	EXP 	target_square_2: autoDraw = False
374.3013 	EXP 	fixation_3: autoDraw = False
374.3053 	EXP 	New trial (rep=0, index=98): {'square': 4, 'location': [-0.2, 0], 'corrAns': 1}
374.3058 	EXP 	window1: mouseVisible = False
374.3179 	EXP 	grid_lines_2: autoDraw = False
374.3179 	EXP 	target_square_2: autoDraw = False
374.3179 	EXP 	fixation_3: autoDraw = False
374.3179 	EXP 	target_square_2: pos = array([-0.2,  0. ])
374.3179 	EXP 	grid_lines_2: autoDraw = True
374.3179 	EXP 	target_square_2: autoDraw = True
374.7683 	DATA 	Mouse: Left button down, pos=(4,924)
374.9848 	DATA 	Mouse:  Left button up, pos=(2,923)
375.3013 	EXP 	fixation_3: autoDraw = True
375.3179 	EXP 	target_square_2: autoDraw = False
376.3013 	EXP 	fixation_3: autoDraw = False
376.3053 	EXP 	New trial (rep=0, index=99): {'square': 3, 'location': [0.2, 0.2], 'corrAns': None}
376.3058 	EXP 	window1: mouseVisible = False
376.3179 	EXP 	grid_lines_2: autoDraw = False
376.3179 	EXP 	target_square_2: autoDraw = False
376.3179 	EXP 	fixation_3: autoDraw = False
376.3179 	EXP 	target_square_2: pos = array([0.2, 0.2])
376.3179 	EXP 	grid_lines_2: autoDraw = True
376.3179 	EXP 	target_square_2: autoDraw = True
377.3013 	EXP 	fixation_3: autoDraw = True
377.3179 	EXP 	target_square_2: autoDraw = False
378.3013 	EXP 	fixation_3: autoDraw = False
378.3054 	EXP 	New trial (rep=0, index=100): {'square': 5, 'location': [0, 0], 'corrAns': None}
378.3059 	EXP 	window1: mouseVisible = False
378.3179 	EXP 	grid_lines_2: autoDraw = False
378.3179 	EXP 	target_square_2: autoDraw = False
378.3179 	EXP 	fixation_3: autoDraw = False
378.3179 	EXP 	target_square_2: pos = array([0., 0.])
378.3179 	EXP 	grid_lines_2: autoDraw = True
378.3179 	EXP 	target_square_2: autoDraw = True
379.3013 	EXP 	fixation_3: autoDraw = True
379.3179 	EXP 	target_square_2: autoDraw = False
380.3013 	EXP 	fixation_3: autoDraw = False
380.3053 	EXP 	New trial (rep=0, index=101): {'square': 3, 'location': [0.2, 0.2], 'corrAns': 1}
380.3058 	EXP 	window1: mouseVisible = False
380.3180 	EXP 	grid_lines_2: autoDraw = False
380.3180 	EXP 	target_square_2: autoDraw = False
380.3180 	EXP 	fixation_3: autoDraw = False
380.3180 	EXP 	target_square_2: pos = array([0.2, 0.2])
380.3180 	EXP 	grid_lines_2: autoDraw = True
380.3180 	EXP 	target_square_2: autoDraw = True
380.9683 	DATA 	Mouse: Left button down, pos=(2,923)
381.1515 	DATA 	Mouse:  Left button up, pos=(0,924)
381.3013 	EXP 	fixation_3: autoDraw = True
381.3180 	EXP 	target_square_2: autoDraw = False
382.3013 	EXP 	fixation_3: autoDraw = False
382.3053 	EXP 	New trial (rep=0, index=102): {'square': 1, 'location': [-0.2, 0.2], 'corrAns': None}
382.3058 	EXP 	window1: mouseVisible = False
382.3180 	EXP 	grid_lines_2: autoDraw = False
382.3180 	EXP 	target_square_2: autoDraw = False
382.3180 	EXP 	fixation_3: autoDraw = False
382.3180 	EXP 	target_square_2: pos = array([-0.2,  0.2])
382.3180 	EXP 	grid_lines_2: autoDraw = True
382.3180 	EXP 	target_square_2: autoDraw = True
383.3013 	EXP 	fixation_3: autoDraw = True
383.3180 	EXP 	target_square_2: autoDraw = False
384.3013 	EXP 	fixation_3: autoDraw = False
384.3060 	EXP 	New trial (rep=0, index=103): {'square': 9, 'location': [0.2, -0.2], 'corrAns': None}
384.3065 	EXP 	window1: mouseVisible = False
384.3179 	EXP 	grid_lines_2: autoDraw = False
384.3179 	EXP 	target_square_2: autoDraw = False
384.3179 	EXP 	fixation_3: autoDraw = False
384.3179 	EXP 	target_square_2: pos = array([ 0.2, -0.2])
384.3179 	EXP 	grid_lines_2: autoDraw = True
384.3179 	EXP 	target_square_2: autoDraw = True
385.3013 	EXP 	fixation_3: autoDraw = True
385.3180 	EXP 	target_square_2: autoDraw = False
386.3013 	EXP 	fixation_3: autoDraw = False
386.3053 	EXP 	New trial (rep=0, index=104): {'square': 9, 'location': [0.2, -0.2], 'corrAns': None}
386.3058 	EXP 	window1: mouseVisible = False
386.3180 	EXP 	grid_lines_2: autoDraw = False
386.3180 	EXP 	target_square_2: autoDraw = False
386.3180 	EXP 	fixation_3: autoDraw = False
386.3180 	EXP 	target_square_2: pos = array([ 0.2, -0.2])
386.3180 	EXP 	grid_lines_2: autoDraw = True
386.3180 	EXP 	target_square_2: autoDraw = True
387.3014 	EXP 	fixation_3: autoDraw = True
387.3180 	EXP 	target_square_2: autoDraw = False
388.3014 	EXP 	fixation_3: autoDraw = False
388.3055 	EXP 	New trial (rep=0, index=105): {'square': 8, 'location': [0, -0.2], 'corrAns': None}
388.3059 	EXP 	window1: mouseVisible = False
388.3180 	EXP 	grid_lines_2: autoDraw = False
388.3180 	EXP 	target_square_2: autoDraw = False
388.3180 	EXP 	fixation_3: autoDraw = False
388.3180 	EXP 	target_square_2: pos = array([ 0. , -0.2])
388.3180 	EXP 	grid_lines_2: autoDraw = True
388.3180 	EXP 	target_square_2: autoDraw = True
389.3014 	EXP 	fixation_3: autoDraw = True
389.3180 	EXP 	target_square_2: autoDraw = False
390.3014 	EXP 	fixation_3: autoDraw = False
390.3055 	EXP 	New trial (rep=0, index=106): {'square': 6, 'location': [0.2, 0], 'corrAns': None}
390.3059 	EXP 	window1: mouseVisible = False
390.3181 	EXP 	grid_lines_2: autoDraw = False
390.3181 	EXP 	target_square_2: autoDraw = False
390.3181 	EXP 	fixation_3: autoDraw = False
390.3181 	EXP 	target_square_2: pos = array([0.2, 0. ])
390.3181 	EXP 	grid_lines_2: autoDraw = True
390.3181 	EXP 	target_square_2: autoDraw = True
391.3014 	EXP 	fixation_3: autoDraw = True
391.3181 	EXP 	target_square_2: autoDraw = False
392.3014 	EXP 	fixation_3: autoDraw = False
392.3054 	EXP 	New trial (rep=0, index=107): {'square': 3, 'location': [0.2, 0.2], 'corrAns': None}
392.3059 	EXP 	window1: mouseVisible = False
392.3181 	EXP 	grid_lines_2: autoDraw = False
392.3181 	EXP 	target_square_2: autoDraw = False
392.3181 	EXP 	fixation_3: autoDraw = False
392.3181 	EXP 	target_square_2: pos = array([0.2, 0.2])
392.3181 	EXP 	grid_lines_2: autoDraw = True
392.3181 	EXP 	target_square_2: autoDraw = True
393.3015 	EXP 	fixation_3: autoDraw = True
393.3181 	EXP 	target_square_2: autoDraw = False
394.3014 	EXP 	fixation_3: autoDraw = False
394.3054 	EXP 	New trial (rep=0, index=108): {'square': 6, 'location': [0.2, 0], 'corrAns': 1}
394.3059 	EXP 	window1: mouseVisible = False
394.3180 	EXP 	grid_lines_2: autoDraw = False
394.3180 	EXP 	target_square_2: autoDraw = False
394.3180 	EXP 	fixation_3: autoDraw = False
394.3180 	EXP 	target_square_2: pos = array([0.2, 0. ])
394.3180 	EXP 	grid_lines_2: autoDraw = True
394.3180 	EXP 	target_square_2: autoDraw = True
394.8209 	DATA 	Mouse: Left button down, pos=(0,923)
395.0206 	DATA 	Mouse:  Left button up, pos=(1,923)
395.3014 	EXP 	fixation_3: autoDraw = True
395.3181 	EXP 	target_square_2: autoDraw = False
396.3014 	EXP 	fixation_3: autoDraw = False
396.3054 	EXP 	New trial (rep=0, index=109): {'square': 5, 'location': [0, 0], 'corrAns': None}
396.3059 	EXP 	window1: mouseVisible = False
396.3181 	EXP 	grid_lines_2: autoDraw = False
396.3181 	EXP 	target_square_2: autoDraw = False
396.3181 	EXP 	fixation_3: autoDraw = False
396.3181 	EXP 	target_square_2: pos = array([0., 0.])
396.3181 	EXP 	grid_lines_2: autoDraw = True
396.3181 	EXP 	target_square_2: autoDraw = True
397.3014 	EXP 	fixation_3: autoDraw = True
397.3181 	EXP 	target_square_2: autoDraw = False
398.3015 	EXP 	fixation_3: autoDraw = False
398.3056 	EXP 	New trial (rep=0, index=110): {'square': 7, 'location': [-0.2, -0.2], 'corrAns': None}
398.3061 	EXP 	window1: mouseVisible = False
398.3181 	EXP 	grid_lines_2: autoDraw = False
398.3181 	EXP 	target_square_2: autoDraw = False
398.3181 	EXP 	fixation_3: autoDraw = False
398.3181 	EXP 	target_square_2: pos = array([-0.2, -0.2])
398.3181 	EXP 	grid_lines_2: autoDraw = True
398.3181 	EXP 	target_square_2: autoDraw = True
399.3014 	EXP 	fixation_3: autoDraw = True
399.3181 	EXP 	target_square_2: autoDraw = False
400.3015 	EXP 	fixation_3: autoDraw = False
400.3054 	EXP 	New trial (rep=0, index=111): {'square': 5, 'location': [0, 0], 'corrAns': 1}
400.3058 	EXP 	window1: mouseVisible = False
400.3181 	EXP 	grid_lines_2: autoDraw = False
400.3181 	EXP 	target_square_2: autoDraw = False
400.3181 	EXP 	fixation_3: autoDraw = False
400.3181 	EXP 	target_square_2: pos = array([0., 0.])
400.3181 	EXP 	grid_lines_2: autoDraw = True
400.3181 	EXP 	target_square_2: autoDraw = True
401.0185 	DATA 	Mouse: Left button down, pos=(0,924)
401.2018 	DATA 	Mouse:  Left button up, pos=(4,924)
401.3015 	EXP 	fixation_3: autoDraw = True
401.3181 	EXP 	target_square_2: autoDraw = False
402.3015 	EXP 	fixation_3: autoDraw = False
402.3056 	EXP 	New trial (rep=0, index=112): {'square': 1, 'location': [-0.2, 0.2], 'corrAns': None}
402.3060 	EXP 	window1: mouseVisible = False
402.3181 	EXP 	grid_lines_2: autoDraw = False
402.3181 	EXP 	target_square_2: autoDraw = False
402.3181 	EXP 	fixation_3: autoDraw = False
402.3181 	EXP 	target_square_2: pos = array([-0.2,  0.2])
402.3181 	EXP 	grid_lines_2: autoDraw = True
402.3181 	EXP 	target_square_2: autoDraw = True
403.3015 	EXP 	fixation_3: autoDraw = True
403.3181 	EXP 	target_square_2: autoDraw = False
404.3015 	EXP 	fixation_3: autoDraw = False
404.3056 	EXP 	New trial (rep=0, index=113): {'square': 7, 'location': [-0.2, -0.2], 'corrAns': None}
404.3061 	EXP 	window1: mouseVisible = False
404.3182 	EXP 	grid_lines_2: autoDraw = False
404.3182 	EXP 	target_square_2: autoDraw = False
404.3182 	EXP 	fixation_3: autoDraw = False
404.3182 	EXP 	target_square_2: pos = array([-0.2, -0.2])
404.3182 	EXP 	grid_lines_2: autoDraw = True
404.3182 	EXP 	target_square_2: autoDraw = True
405.3015 	EXP 	fixation_3: autoDraw = True
405.3182 	EXP 	target_square_2: autoDraw = False
406.3014 	EXP 	fixation_3: autoDraw = False
406.3054 	EXP 	New trial (rep=0, index=114): {'square': 9, 'location': [0.2, -0.2], 'corrAns': None}
406.3059 	EXP 	window1: mouseVisible = False
406.3182 	EXP 	grid_lines_2: autoDraw = False
406.3182 	EXP 	target_square_2: autoDraw = False
406.3182 	EXP 	fixation_3: autoDraw = False
406.3182 	EXP 	target_square_2: pos = array([ 0.2, -0.2])
406.3182 	EXP 	grid_lines_2: autoDraw = True
406.3182 	EXP 	target_square_2: autoDraw = True
407.3015 	EXP 	fixation_3: autoDraw = True
407.3182 	EXP 	target_square_2: autoDraw = False
408.3015 	EXP 	fixation_3: autoDraw = False
408.3057 	EXP 	New trial (rep=0, index=115): {'square': 3, 'location': [0.2, 0.2], 'corrAns': None}
408.3062 	EXP 	window1: mouseVisible = False
408.3182 	EXP 	grid_lines_2: autoDraw = False
408.3182 	EXP 	target_square_2: autoDraw = False
408.3182 	EXP 	fixation_3: autoDraw = False
408.3182 	EXP 	target_square_2: pos = array([0.2, 0.2])
408.3182 	EXP 	grid_lines_2: autoDraw = True
408.3182 	EXP 	target_square_2: autoDraw = True
409.3015 	EXP 	fixation_3: autoDraw = True
409.3182 	EXP 	target_square_2: autoDraw = False
410.3016 	EXP 	fixation_3: autoDraw = False
410.3055 	EXP 	New trial (rep=0, index=116): {'square': 9, 'location': [0.2, -0.2], 'corrAns': 1}
410.3060 	EXP 	window1: mouseVisible = False
410.3182 	EXP 	grid_lines_2: autoDraw = False
410.3182 	EXP 	target_square_2: autoDraw = False
410.3182 	EXP 	fixation_3: autoDraw = False
410.3182 	EXP 	target_square_2: pos = array([ 0.2, -0.2])
410.3182 	EXP 	grid_lines_2: autoDraw = True
410.3182 	EXP 	target_square_2: autoDraw = True
410.7377 	DATA 	Mouse: Left button down, pos=(2,924)
410.9686 	DATA 	Mouse:  Left button up, pos=(0,924)
411.3016 	EXP 	fixation_3: autoDraw = True
411.3182 	EXP 	target_square_2: autoDraw = False
412.3016 	EXP 	fixation_3: autoDraw = False
412.3057 	EXP 	New trial (rep=0, index=117): {'square': 6, 'location': [0.2, 0], 'corrAns': None}
412.3062 	EXP 	window1: mouseVisible = False
412.3182 	EXP 	grid_lines_2: autoDraw = False
412.3182 	EXP 	target_square_2: autoDraw = False
412.3182 	EXP 	fixation_3: autoDraw = False
412.3182 	EXP 	target_square_2: pos = array([0.2, 0. ])
412.3182 	EXP 	grid_lines_2: autoDraw = True
412.3182 	EXP 	target_square_2: autoDraw = True
413.3016 	EXP 	fixation_3: autoDraw = True
413.3182 	EXP 	target_square_2: autoDraw = False
414.3016 	EXP 	fixation_3: autoDraw = False
414.3056 	EXP 	New trial (rep=0, index=118): {'square': 2, 'location': [0, 0.2], 'corrAns': None}
414.3060 	EXP 	window1: mouseVisible = False
414.3182 	EXP 	grid_lines_2: autoDraw = False
414.3182 	EXP 	target_square_2: autoDraw = False
414.3182 	EXP 	fixation_3: autoDraw = False
414.3182 	EXP 	target_square_2: pos = array([0. , 0.2])
414.3182 	EXP 	grid_lines_2: autoDraw = True
414.3182 	EXP 	target_square_2: autoDraw = True
415.3016 	EXP 	fixation_3: autoDraw = True
415.3183 	EXP 	target_square_2: autoDraw = False
416.3016 	EXP 	fixation_3: autoDraw = False
416.3056 	EXP 	New trial (rep=0, index=119): {'square': 5, 'location': [0, 0], 'corrAns': None}
416.3060 	EXP 	window1: mouseVisible = False
416.3183 	EXP 	grid_lines_2: autoDraw = False
416.3183 	EXP 	target_square_2: autoDraw = False
416.3183 	EXP 	fixation_3: autoDraw = False
416.3183 	EXP 	target_square_2: pos = array([0., 0.])
416.3183 	EXP 	grid_lines_2: autoDraw = True
416.3183 	EXP 	target_square_2: autoDraw = True
417.3016 	EXP 	fixation_3: autoDraw = True
417.3183 	EXP 	target_square_2: autoDraw = False
418.3016 	EXP 	fixation_3: autoDraw = False
418.3212 	EXP 	Created unnamed TextStim = TextStim(__class__=<class 'psychopy.visual.text.TextStim'>, alignHoriz=method-wrapper(...), alignText='center', alignVert=method-wrapper(...), anchorHoriz='center', anchorVert='center', antialias=True, autoLog=True, bold=False, color=array([1., 1., 1.]), colorSpace='rgb', contrast=1.0, depth=0, flipHoriz=False, flipVert=False, font='', fontFiles=[], height=0.05, italic=False, languageStyle='LTR', name='unnamed TextStim', opacity=1.0, ori=0.0, pos=array([0., 0.]), rgb=UNKNOWN, text=str(...), units='height', win=Window(...), wrapWidth=1)
418.3349 	EXP 	grid_lines_2: autoDraw = False
418.3349 	EXP 	target_square_2: autoDraw = False
418.3349 	EXP 	fixation_3: autoDraw = False
421.9797 	DATA 	Keypress: e
421.9803 	EXP 	New trial (rep=0, index=1): OrderedDict([('RestT1', 1), ('TaskT1', 0)])
421.9807 	EXP 	Created sequence: random, trialTypes=1, nReps=1, seed=None
421.9810 	EXP 	New trial (rep=0, index=0): None
421.9926 	EXP 	Created unnamed TextStim = TextStim(__class__=<class 'psychopy.visual.text.TextStim'>, alignHoriz=method-wrapper(...), alignText='center', alignVert=method-wrapper(...), anchorHoriz='center', anchorVert='center', antialias=True, autoLog=True, bold=False, color=array([-0.5, -0.5, -0.5]), colorSpace='rgb', contrast=1.0, depth=0, flipHoriz=False, flipVert=False, font='', fontFiles=[], height=0.05, italic=False, languageStyle='LTR', name='unnamed TextStim', opacity=1.0, ori=0.0, pos=array([0., 0.]), rgb=UNKNOWN, text=str(...), units='height', win=Window(...), wrapWidth=1)
458.8118 	DATA 	Keypress: s
458.8353 	EXP 	fixation_2: autoDraw = True
726.8445 	EXP 	Created unnamed TextStim = TextStim(__class__=<class 'psychopy.visual.text.TextStim'>, alignHoriz=method-wrapper(...), alignText='center', alignVert=method-wrapper(...), anchorHoriz='center', anchorVert='center', antialias=True, autoLog=True, bold=False, color=array([1., 1., 1.]), colorSpace='rgb', contrast=1.0, depth=0, flipHoriz=False, flipVert=False, font='', fontFiles=[], height=0.05, italic=False, languageStyle='LTR', name='unnamed TextStim', opacity=1.0, ori=0.0, pos=array([0., 0.]), rgb=UNKNOWN, text=str(...), units='height', win=Window(...), wrapWidth=1)
726.8541 	EXP 	fixation_2: autoDraw = False
741.2544 	DATA 	Mouse: Right button down, pos=(0,914)
741.3678 	DATA 	Mouse:  Right button up, pos=(15,952)
1159.0282 	DATA 	Keypress: e
1159.0289 	EXP 	Created sequence: random, trialTypes=1, nReps=0, seed=None
1159.1340 	EXP 	Created unnamed TextStim = TextStim(__class__=<class 'psychopy.visual.text.TextStim'>, alignHoriz=method-wrapper(...), alignText='center', alignVert=method-wrapper(...), anchorHoriz='center', anchorVert='center', antialias=True, autoLog=True, bold=False, color=array([1., 1., 1.]), colorSpace='rgb', contrast=1.0, depth=0, flipHoriz=False, flipVert=False, font='', fontFiles=[], height=0.05, italic=False, languageStyle='LTR', name='unnamed TextStim', opacity=1.0, ori=0.0, pos=array([0., 0.]), rgb=UNKNOWN, text=str(...), units='height', win=Window(...), wrapWidth=1)
1159.1995 	EXP 	window1: mouseVisible = True
